#
# A fatal error has been detected by the Java Runtime Environment:
#
#  EXCEPTION_UNCAUGHT_CXX_EXCEPTION (0xe06d7363) at pc=0x00007ffa58e1a388, pid=1940, tid=0x0000000000001068
#
# JRE version: Java(TM) SE Runtime Environment (8.0_181-b13) (build 1.8.0_181-b13)
# Java VM: Java HotSpot(TM) 64-Bit Server VM (25.181-b13 mixed mode windows-amd64 compressed oops)
# Problematic frame:
# C  [KERNELBASE.dll+0x3a388]
#
# Failed to write core dump. Minidumps are not enabled by default on client versions of Windows
#
# If you would like to submit a bug report, please visit:
#   http://bugreport.java.com/bugreport/crash.jsp
# The crash happened outside the Java Virtual Machine in native code.
# See problematic frame for where to report the bug.
#

---------------  T H R E A D  ---------------

Current thread (0x0000000025d89000):  JavaThread "qtp1447992331-25" [_thread_in_native, id=4200, stack(0x000000002a870000,0x000000002a970000)]

siginfo: ExceptionCode=0xe06d7363, ExceptionInformation=0x0000000019930520 0x000000002a96b2d0 0x00007ffa2567f0e8 0x00007ffa247a0000 

Registers:
RAX=0x0000000000000000, RBX=0x00007ffa55695210, RCX=0x0000000000000000, RDX=0x0000000000000000
RSP=0x000000002a958b70, RBP=0x000000002a959220, RSI=0x000000002a959900, RDI=0x000000002a9591f0
R8 =0x0000000000000000, R9 =0x0000000000000000, R10=0x0000000000000000, R11=0x0000000000000000
R12=0x00007ffa276a0000, R13=0x000000002a959a30, R14=0x000000002a959990, R15=0x000000002a96b7f0
RIP=0x00007ffa58e1a388, EFLAGS=0x0000000000000202

Top of Stack: (sp=0x000000002a958b70)
0x000000002a958b70:   cccccccccccccccc 00007ffa55695210
0x000000002a958b80:   000000002a959900 000000002a9591f0
0x000000002a958b90:   00000001e06d7363 0000000000000000
0x000000002a958ba0:   00007ffa58e1a388 00007ffa00000004
0x000000002a958bb0:   0000000019930520 000000002a96b2d0
0x000000002a958bc0:   00007ffa2567f0e8 00007ffa247a0000
0x000000002a958bd0:   0000000019930520 0000000000000000
0x000000002a958be0:   0000000000000003 0000000000000000
0x000000002a958bf0:   00007ffa556ac260 000000002a9591f0
0x000000002a958c00:   00007ffa556ac260 00007ffa2798ef9e
0x000000002a958c10:   0000000000000000 0000000000000000
0x000000002a958c20:   0000000000000001 0000000000000000
0x000000002a958c30:   00000cebf9b05cb3 00007ffa556982f9
0x000000002a958c40:   000000002a959220 00007ffa55694bf3
0x000000002a958c50:   00007ffa2798ef50 000000002a96b7f0
0x000000002a958c60:   00007ffa556ac260 0000000000000000 

Instructions: (pc=0x00007ffa58e1a388)
0x00007ffa58e1a368:   49 8b d1 44 0f 47 c0 44 89 44 24 38 49 c1 e0 03
0x00007ffa58e1a378:   e8 4a 46 04 00 48 8d 4c 24 20 ff 15 d0 82 14 00
0x00007ffa58e1a388:   48 8b 8c 24 c0 00 00 00 48 33 cc e8 b8 05 04 00
0x00007ffa58e1a398:   48 81 c4 d8 00 00 00 c3 83 64 24 38 00 eb d6 cc 


Register to memory mapping:

RAX=0x0000000000000000 is an unknown value
RBX=0x00007ffa55695210 is an unknown value
RCX=0x0000000000000000 is an unknown value
RDX=0x0000000000000000 is an unknown value
RSP=0x000000002a958b70 is pointing into the stack for thread: 0x0000000025d89000
RBP=0x000000002a959220 is pointing into the stack for thread: 0x0000000025d89000
RSI=0x000000002a959900 is pointing into the stack for thread: 0x0000000025d89000
RDI=0x000000002a9591f0 is pointing into the stack for thread: 0x0000000025d89000
R8 =0x0000000000000000 is an unknown value
R9 =0x0000000000000000 is an unknown value
R10=0x0000000000000000 is an unknown value
R11=0x0000000000000000 is an unknown value
R12=0x00007ffa276a0000 is an unknown value
R13=0x000000002a959a30 is pointing into the stack for thread: 0x0000000025d89000
R14=0x000000002a959990 is pointing into the stack for thread: 0x0000000025d89000
R15=0x000000002a96b7f0 is pointing into the stack for thread: 0x0000000025d89000


Stack: [0x000000002a870000,0x000000002a970000],  sp=0x000000002a958b70,  free space=930k
Native frames: (J=compiled Java code, j=interpreted, Vv=VM code, C=native code)
C  [KERNELBASE.dll+0x3a388]
C  [VCRUNTIME140D.dll+0x4bf3]
C  [VCRUNTIME140D.dll+0x53ae]
C  [ntdll.dll+0x9ed63]
C  [PlatheaDLL.dll+0x14a0d8]  std::vector<TrainingFace,std::allocator<TrainingFace> >::_Emplace_reallocate<TrainingFace>+0x148
C  [PlatheaDLL.dll+0x14b4c7]  std::vector<TrainingFace,std::allocator<TrainingFace> >::emplace_back<TrainingFace>+0x97
C  [PlatheaDLL.dll+0x15381a]  std::vector<TrainingFace,std::allocator<TrainingFace> >::push_back+0x4a
C  [PlatheaDLL.dll+0x14c91c]  Person::Person+0x2ac
C  [PlatheaDLL.dll+0x14ff4f]  FaceDatabase::LoadFromXMLElement+0x1df
C  [PlatheaDLL.dll+0x2721a2]  leostorm::settingspersistence::SettingsPersistence::LoadFromFile+0x252
C  [PlatheaDLL.dll+0x19b50e]  system_loadconfigurationfile+0xce
C  [InterfaceJNI_DLL.dll+0x148f3]  Java_io_core_InterfaceJNI_loadConfigurationFile+0x73
C  0x0000000002838c67

Java frames: (J=compiled Java code, j=interpreted, Vv=VM code)
j  io.core.InterfaceJNI.loadConfigurationFile(ILjava/lang/String;)I+0
j  io.core.MainSystem.loadconfigurationfile(Ljava/lang/Integer;Ljava/io/InputStream;Lorg/glassfish/jersey/media/multipart/FormDataContentDisposition;)Lio/core/MainSystem$ReturnRoomMessage;+126
j  io.swagger.api.impl.RoomApiServiceImpl.loadconfigurationfile(Ljava/lang/Integer;Ljava/io/InputStream;Lorg/glassfish/jersey/media/multipart/FormDataContentDisposition;Ljavax/ws/rs/core/SecurityContext;)Ljavax/ws/rs/core/Response;+3
j  io.swagger.api.RoomApi.loadconfigurationfile(Ljava/lang/Integer;Ljava/io/InputStream;Lorg/glassfish/jersey/media/multipart/FormDataContentDisposition;Ljavax/ws/rs/core/SecurityContext;)Ljavax/ws/rs/core/Response;+9
v  ~StubRoutines::call_stub
J 2289  sun.reflect.NativeMethodAccessorImpl.invoke0(Ljava/lang/reflect/Method;Ljava/lang/Object;[Ljava/lang/Object;)Ljava/lang/Object; (0 bytes) @ 0x0000000002f905bf [0x0000000002f90540+0x7f]
J 2288 C1 sun.reflect.NativeMethodAccessorImpl.invoke(Ljava/lang/Object;[Ljava/lang/Object;)Ljava/lang/Object; (104 bytes) @ 0x0000000002f91c3c [0x0000000002f90a40+0x11fc]
J 1928 C1 sun.reflect.DelegatingMethodAccessorImpl.invoke(Ljava/lang/Object;[Ljava/lang/Object;)Ljava/lang/Object; (10 bytes) @ 0x0000000002e90ecc [0x0000000002e90dc0+0x10c]
J 1981 C1 java.lang.reflect.Method.invoke(Ljava/lang/Object;[Ljava/lang/Object;)Ljava/lang/Object; (62 bytes) @ 0x0000000002eb7db4 [0x0000000002eb79c0+0x3f4]
j  org.glassfish.jersey.server.model.internal.ResourceMethodInvocationHandlerFactory.lambda$static$0(Ljava/lang/Object;Ljava/lang/reflect/Method;[Ljava/lang/Object;)Ljava/lang/Object;+3
j  org.glassfish.jersey.server.model.internal.ResourceMethodInvocationHandlerFactory$$Lambda$122.invoke(Ljava/lang/Object;Ljava/lang/reflect/Method;[Ljava/lang/Object;)Ljava/lang/Object;+3
j  org.glassfish.jersey.server.model.internal.AbstractJavaResourceMethodDispatcher$1.run()Ljava/lang/Object;+38
j  org.glassfish.jersey.server.model.internal.AbstractJavaResourceMethodDispatcher.invoke(Lorg/glassfish/jersey/server/ContainerRequest;Ljava/lang/Object;[Ljava/lang/Object;)Ljava/lang/Object;+66
j  org.glassfish.jersey.server.model.internal.JavaResourceMethodDispatcherProvider$ResponseOutInvoker.doDispatch(Ljava/lang/Object;Lorg/glassfish/jersey/server/ContainerRequest;)Ljavax/ws/rs/core/Response;+10
j  org.glassfish.jersey.server.model.internal.AbstractJavaResourceMethodDispatcher.dispatch(Ljava/lang/Object;Lorg/glassfish/jersey/server/ContainerRequest;)Ljavax/ws/rs/core/Response;+5
j  org.glassfish.jersey.server.model.ResourceMethodInvoker.invoke(Lorg/glassfish/jersey/server/internal/process/RequestProcessingContext;Ljava/lang/Object;)Ljavax/ws/rs/core/Response;+26
j  org.glassfish.jersey.server.model.ResourceMethodInvoker.apply(Lorg/glassfish/jersey/server/internal/process/RequestProcessingContext;)Lorg/glassfish/jersey/server/ContainerResponse;+100
j  org.glassfish.jersey.server.model.ResourceMethodInvoker.apply(Ljava/lang/Object;)Ljava/lang/Object;+5
j  org.glassfish.jersey.server.ServerRuntime$1.run()V+89
j  org.glassfish.jersey.internal.Errors$1.call()Ljava/lang/Void;+4
j  org.glassfish.jersey.internal.Errors$1.call()Ljava/lang/Object;+1
j  org.glassfish.jersey.internal.Errors.process(Ljava/util/concurrent/Callable;Z)Ljava/lang/Object;+36
j  org.glassfish.jersey.internal.Errors.process(Lorg/glassfish/jersey/internal/util/Producer;Z)Ljava/lang/Object;+2
j  org.glassfish.jersey.internal.Errors.process(Ljava/lang/Runnable;)V+9
j  org.glassfish.jersey.process.internal.RequestScope.runInScope(Lorg/glassfish/jersey/process/internal/RequestContext;Ljava/lang/Runnable;)V+17
j  org.glassfish.jersey.server.ServerRuntime.process(Lorg/glassfish/jersey/server/ContainerRequest;)V+181
j  org.glassfish.jersey.server.ApplicationHandler.handle(Lorg/glassfish/jersey/server/ContainerRequest;)V+13
j  org.glassfish.jersey.servlet.WebComponent.serviceImpl(Ljava/net/URI;Ljava/net/URI;Ljavax/servlet/http/HttpServletRequest;Ljavax/servlet/http/HttpServletResponse;)Lorg/glassfish/jersey/servlet/internal/ResponseWriter;+81
j  org.glassfish.jersey.servlet.WebComponent.service(Ljava/net/URI;Ljava/net/URI;Ljavax/servlet/http/HttpServletRequest;Ljavax/servlet/http/HttpServletResponse;)Lorg/glassfish/jersey/internal/util/collection/Value;+6
j  org.glassfish.jersey.servlet.ServletContainer.service(Ljava/net/URI;Ljava/net/URI;Ljavax/servlet/http/HttpServletRequest;Ljavax/servlet/http/HttpServletResponse;)Lorg/glassfish/jersey/internal/util/collection/Value;+9
j  org.glassfish.jersey.servlet.ServletContainer.service(Ljavax/servlet/http/HttpServletRequest;Ljavax/servlet/http/HttpServletResponse;)V+183
j  org.glassfish.jersey.servlet.ServletContainer.service(Ljavax/servlet/ServletRequest;Ljavax/servlet/ServletResponse;)V+39
j  org.eclipse.jetty.servlet.ServletHolder.handle(Lorg/eclipse/jetty/server/Request;Ljavax/servlet/ServletRequest;Ljavax/servlet/ServletResponse;)V+89
j  org.eclipse.jetty.servlet.ServletHandler$CachedChain.doFilter(Ljavax/servlet/ServletRequest;Ljavax/servlet/ServletResponse;)V+211
j  io.swagger.api.ApiOriginFilter.doFilter(Ljavax/servlet/ServletRequest;Ljavax/servlet/ServletResponse;Ljavax/servlet/FilterChain;)V+42
j  org.eclipse.jetty.servlet.ServletHandler$CachedChain.doFilter(Ljavax/servlet/ServletRequest;Ljavax/servlet/ServletResponse;)V+103
j  org.eclipse.jetty.servlet.ServletHandler.doHandle(Ljava/lang/String;Lorg/eclipse/jetty/server/Request;Ljavax/servlet/http/HttpServletRequest;Ljavax/servlet/http/HttpServletResponse;)V+203
j  org.eclipse.jetty.server.handler.ScopedHandler.handle(Ljava/lang/String;Lorg/eclipse/jetty/server/Request;Ljavax/servlet/http/HttpServletRequest;Ljavax/servlet/http/HttpServletResponse;)V+32
j  org.eclipse.jetty.security.SecurityHandler.handle(Ljava/lang/String;Lorg/eclipse/jetty/server/Request;Ljavax/servlet/http/HttpServletRequest;Ljavax/servlet/http/HttpServletResponse;)V+553
j  org.eclipse.jetty.server.session.SessionHandler.doHandle(Ljava/lang/String;Lorg/eclipse/jetty/server/Request;Ljavax/servlet/http/HttpServletRequest;Ljavax/servlet/http/HttpServletResponse;)V+68
j  org.eclipse.jetty.server.handler.ContextHandler.doHandle(Ljava/lang/String;Lorg/eclipse/jetty/server/Request;Ljavax/servlet/http/HttpServletRequest;Ljavax/servlet/http/HttpServletResponse;)V+349
j  org.eclipse.jetty.servlet.ServletHandler.doScope(Ljava/lang/String;Lorg/eclipse/jetty/server/Request;Ljavax/servlet/http/HttpServletRequest;Ljavax/servlet/http/HttpServletResponse;)V+274
j  org.eclipse.jetty.server.session.SessionHandler.doScope(Ljava/lang/String;Lorg/eclipse/jetty/server/Request;Ljavax/servlet/http/HttpServletRequest;Ljavax/servlet/http/HttpServletResponse;)V+233
j  org.eclipse.jetty.server.handler.ContextHandler.doScope(Ljava/lang/String;Lorg/eclipse/jetty/server/Request;Ljavax/servlet/http/HttpServletRequest;Ljavax/servlet/http/HttpServletResponse;)V+437
j  org.eclipse.jetty.server.handler.ScopedHandler.handle(Ljava/lang/String;Lorg/eclipse/jetty/server/Request;Ljavax/servlet/http/HttpServletRequest;Ljavax/servlet/http/HttpServletResponse;)V+20
j  org.eclipse.jetty.server.handler.ContextHandlerCollection.handle(Ljava/lang/String;Lorg/eclipse/jetty/server/Request;Ljavax/servlet/http/HttpServletRequest;Ljavax/servlet/http/HttpServletResponse;)V+224
j  org.eclipse.jetty.server.handler.HandlerCollection.handle(Ljava/lang/String;Lorg/eclipse/jetty/server/Request;Ljavax/servlet/http/HttpServletRequest;Ljavax/servlet/http/HttpServletResponse;)V+42
j  org.eclipse.jetty.server.handler.HandlerWrapper.handle(Ljava/lang/String;Lorg/eclipse/jetty/server/Request;Ljavax/servlet/http/HttpServletRequest;Ljavax/servlet/http/HttpServletResponse;)V+23
j  org.eclipse.jetty.server.Server.handle(Lorg/eclipse/jetty/server/HttpChannel;)V+130
j  org.eclipse.jetty.server.HttpChannel.handle()Z+301
j  org.eclipse.jetty.server.HttpConnection.onFillable()V+189
j  org.eclipse.jetty.io.AbstractConnection$2.run()V+4
j  org.eclipse.jetty.util.thread.QueuedThreadPool.runJob(Ljava/lang/Runnable;)V+1
j  org.eclipse.jetty.util.thread.QueuedThreadPool$3.run()V+75
j  java.lang.Thread.run()V+11
v  ~StubRoutines::call_stub

---------------  P R O C E S S  ---------------

Java Threads: ( => current thread )
  0x000000002ac5c000 JavaThread "Scheduler-185048994" [_thread_blocked, id=15092, stack(0x0000000033770000,0x0000000033870000)]
  0x0000000025d89800 JavaThread "org.eclipse.jetty.server.session.HashSessionManager@61c98f5Timer" daemon [_thread_blocked, id=12864, stack(0x0000000032930000,0x0000000032a30000)]
=>0x0000000025d89000 JavaThread "qtp1447992331-25" [_thread_in_native, id=4200, stack(0x000000002a870000,0x000000002a970000)]
  0x0000000025d88000 JavaThread "qtp1447992331-24-selector-ServerConnectorManager@75a69ede/1" [_thread_in_native, id=4752, stack(0x0000000027800000,0x0000000027900000)]
  0x00000000202e0800 JavaThread "qtp1447992331-22-selector-ServerConnectorManager@75a69ede/3" [_thread_in_native, id=21304, stack(0x00000000272d0000,0x00000000273d0000)]
  0x0000000022e5a000 JavaThread "qtp1447992331-21" [_thread_blocked, id=18052, stack(0x00000000271d0000,0x00000000272d0000)]
  0x0000000025967800 JavaThread "qtp1447992331-20-selector-ServerConnectorManager@75a69ede/2" [_thread_in_native, id=21496, stack(0x0000000026fd0000,0x00000000270d0000)]
  0x00000000211ae800 JavaThread "qtp1447992331-19-selector-ServerConnectorManager@75a69ede/0" [_thread_in_native, id=14812, stack(0x0000000026ed0000,0x0000000026fd0000)]
  0x0000000020eda000 JavaThread "qtp1447992331-18-acceptor-0@38b2436a-ServerConnector@4619e076{HTTP/1.1}{0.0.0.0:8080}" [_thread_in_native, id=22216, stack(0x0000000026dd0000,0x0000000026ed0000)]
  0x0000000022a00000 JavaThread "qtp1447992331-17" [_thread_blocked, id=21960, stack(0x0000000026cd0000,0x0000000026dd0000)]
  0x0000000023095800 JavaThread "qtp1447992331-16" [_thread_blocked, id=22492, stack(0x0000000024b70000,0x0000000024c70000)]
  0x00000000233ac000 JavaThread "qtp1447992331-15" [_thread_blocked, id=20668, stack(0x0000000024a70000,0x0000000024b70000)]
  0x000000001f51a000 JavaThread "ShutdownMonitor" daemon [_thread_in_native, id=18060, stack(0x00000000230c0000,0x00000000231c0000)]
  0x000000001e230800 JavaThread "Service Thread" daemon [_thread_blocked, id=21072, stack(0x000000001ed80000,0x000000001ee80000)]
  0x000000001e1a7800 JavaThread "C1 CompilerThread3" daemon [_thread_blocked, id=22448, stack(0x000000001ec80000,0x000000001ed80000)]
  0x000000001e1a3000 JavaThread "C2 CompilerThread2" daemon [_thread_blocked, id=13084, stack(0x000000001eb80000,0x000000001ec80000)]
  0x000000001e1a2800 JavaThread "C2 CompilerThread1" daemon [_thread_blocked, id=3304, stack(0x000000001ea80000,0x000000001eb80000)]
  0x000000001e19c800 JavaThread "C2 CompilerThread0" daemon [_thread_blocked, id=21828, stack(0x000000001e980000,0x000000001ea80000)]
  0x000000001e199800 JavaThread "Attach Listener" daemon [_thread_blocked, id=14360, stack(0x000000001e880000,0x000000001e980000)]
  0x000000001c29e800 JavaThread "Signal Dispatcher" daemon [_thread_blocked, id=16616, stack(0x000000001e780000,0x000000001e880000)]
  0x000000001e190800 JavaThread "Finalizer" daemon [_thread_blocked, id=12804, stack(0x000000001e570000,0x000000001e670000)]
  0x0000000002819000 JavaThread "Reference Handler" daemon [_thread_blocked, id=16596, stack(0x000000001e070000,0x000000001e170000)]
  0x0000000002722800 JavaThread "main" [_thread_blocked, id=19668, stack(0x0000000002620000,0x0000000002720000)]

Other Threads:
  0x000000001c28a000 VMThread [stack: 0x000000001df70000,0x000000001e070000] [id=18020]
  0x000000001e25c000 WatcherThread [stack: 0x000000001ee80000,0x000000001ef80000] [id=7556]

VM state:not at safepoint (normal execution)

VM Mutex/Monitor currently owned by a thread: None

Heap:
 PSYoungGen      total 213504K, used 63387K [0x000000076b400000, 0x000000077ad80000, 0x00000007c0000000)
  eden space 171008K, 37% used [0x000000076b400000,0x000000076f1e6c90,0x0000000775b00000)
  from space 42496K, 0% used [0x0000000778400000,0x0000000778400000,0x000000077ad80000)
  to   space 41984K, 0% used [0x0000000775b00000,0x0000000775b00000,0x0000000778400000)
 ParOldGen       total 176128K, used 29165K [0x00000006c1c00000, 0x00000006cc800000, 0x000000076b400000)
  object space 176128K, 16% used [0x00000006c1c00000,0x00000006c387b470,0x00000006cc800000)
 Metaspace       used 43193K, capacity 44784K, committed 45056K, reserved 1089536K
  class space    used 5155K, capacity 5524K, committed 5632K, reserved 1048576K

Card table byte_map: [0x0000000011be0000,0x00000000123e0000] byte_map_base: 0x000000000e5d2000

Marking Bits: (ParMarkBitMap*) 0x0000000061042d00
 Begin Bits: [0x0000000013130000, 0x00000000170c0000)
 End Bits:   [0x00000000170c0000, 0x000000001b050000)

Polling page: 0x0000000000870000

CodeCache: size=245760Kb used=22910Kb max_used=23331Kb free=222849Kb
 bounds [0x0000000002820000, 0x0000000003f30000, 0x0000000011820000]
 total_blobs=6702 nmethods=6208 adapters=406
 compilation: enabled

Compilation events (10 events):
Event: 32.748 Thread 0x000000001e1a7800 nmethod 7310 0x0000000003abe690 code [0x0000000003abe800, 0x0000000003abea90]
Event: 32.752 Thread 0x000000001e19c800 nmethod 7305 0x00000000035d2a50 code [0x00000000035d2c80, 0x00000000035d3da0]
Event: 32.755 Thread 0x000000001e1a7800 7311       3       java.util.Arrays$ArrayList::toArray (11 bytes)
Event: 32.756 Thread 0x000000001e1a7800 nmethod 7311 0x00000000037027d0 code [0x0000000003702940, 0x0000000003702c48]
Event: 32.756 Thread 0x000000001e1a3000 nmethod 7304 0x000000000337f250 code [0x000000000337f480, 0x0000000003380560]
Event: 32.757 Thread 0x000000001e1a7800 7312       3       sun.reflect.annotation.AnnotationInvocationHandler::invoke (277 bytes)
Event: 32.758 Thread 0x000000001e1a7800 nmethod 7312 0x0000000002da3f10 code [0x0000000002da4200, 0x0000000002da5878]
Event: 32.758 Thread 0x000000001e1a7800 7313       3       org.jvnet.hk2.internal.InstanceLifecycleEventImpl::<init> (9 bytes)
Event: 32.758 Thread 0x000000001e1a7800 nmethod 7313 0x0000000002da3b10 code [0x0000000002da3c80, 0x0000000002da3e28]
Event: 32.762 Thread 0x000000001e1a2800 nmethod 7309 0x0000000002996310 code [0x0000000002996460, 0x0000000002996e48]

GC Heap History (10 events):
Event: 7.936 GC heap before
{Heap before GC invocations=8 (full 1):
 PSYoungGen      total 103936K, used 103726K [0x000000076b400000, 0x0000000772a80000, 0x00000007c0000000)
  eden space 89600K, 100% used [0x000000076b400000,0x0000000770b80000,0x0000000770b80000)
  from space 14336K, 98% used [0x0000000771a80000,0x000000077284b860,0x0000000772880000)
  to   space 15360K, 0% used [0x0000000770b80000,0x0000000770b80000,0x0000000771a80000)
 ParOldGen       total 119296K, used 14879K [0x00000006c1c00000, 0x00000006c9080000, 0x000000076b400000)
  object space 119296K, 12% used [0x00000006c1c00000,0x00000006c2a87d98,0x00000006c9080000)
 Metaspace       used 28538K, capacity 29328K, committed 29696K, reserved 1075200K
  class space    used 3259K, capacity 3461K, committed 3584K, reserved 1048576K
Event: 7.963 GC heap after
Heap after GC invocations=8 (full 1):
 PSYoungGen      total 104960K, used 15353K [0x000000076b400000, 0x0000000775d80000, 0x00000007c0000000)
  eden space 89600K, 0% used [0x000000076b400000,0x000000076b400000,0x0000000770b80000)
  from space 15360K, 99% used [0x0000000770b80000,0x0000000771a7e478,0x0000000771a80000)
  to   space 21504K, 0% used [0x0000000774880000,0x0000000774880000,0x0000000775d80000)
 ParOldGen       total 119296K, used 23916K [0x00000006c1c00000, 0x00000006c9080000, 0x000000076b400000)
  object space 119296K, 20% used [0x00000006c1c00000,0x00000006c335b100,0x00000006c9080000)
 Metaspace       used 28538K, capacity 29328K, committed 29696K, reserved 1075200K
  class space    used 3259K, capacity 3461K, committed 3584K, reserved 1048576K
}
Event: 8.346 GC heap before
{Heap before GC invocations=9 (full 1):
 PSYoungGen      total 104960K, used 104953K [0x000000076b400000, 0x0000000775d80000, 0x00000007c0000000)
  eden space 89600K, 100% used [0x000000076b400000,0x0000000770b80000,0x0000000770b80000)
  from space 15360K, 99% used [0x0000000770b80000,0x0000000771a7e478,0x0000000771a80000)
  to   space 21504K, 0% used [0x0000000774880000,0x0000000774880000,0x0000000775d80000)
 ParOldGen       total 119296K, used 23916K [0x00000006c1c00000, 0x00000006c9080000, 0x000000076b400000)
  object space 119296K, 20% used [0x00000006c1c00000,0x00000006c335b3c0,0x00000006c9080000)
 Metaspace       used 28557K, capacity 29328K, committed 29696K, reserved 1075200K
  class space    used 3259K, capacity 3461K, committed 3584K, reserved 1048576K
Event: 8.391 GC heap after
Heap after GC invocations=9 (full 1):
 PSYoungGen      total 141312K, used 21493K [0x000000076b400000, 0x0000000778780000, 0x00000007c0000000)
  eden space 119808K, 0% used [0x000000076b400000,0x000000076b400000,0x0000000772900000)
  from space 21504K, 99% used [0x0000000774880000,0x0000000775d7d788,0x0000000775d80000)
  to   space 32256K, 0% used [0x0000000772900000,0x0000000772900000,0x0000000774880000)
 ParOldGen       total 119296K, used 43016K [0x00000006c1c00000, 0x00000006c9080000, 0x000000076b400000)
  object space 119296K, 36% used [0x00000006c1c00000,0x00000006c4602320,0x00000006c9080000)
 Metaspace       used 28557K, capacity 29328K, committed 29696K, reserved 1075200K
  class space    used 3259K, capacity 3461K, committed 3584K, reserved 1048576K
}
Event: 9.564 GC heap before
{Heap before GC invocations=10 (full 1):
 PSYoungGen      total 141312K, used 141301K [0x000000076b400000, 0x0000000778780000, 0x00000007c0000000)
  eden space 119808K, 100% used [0x000000076b400000,0x0000000772900000,0x0000000772900000)
  from space 21504K, 99% used [0x0000000774880000,0x0000000775d7d788,0x0000000775d80000)
  to   space 32256K, 0% used [0x0000000772900000,0x0000000772900000,0x0000000774880000)
 ParOldGen       total 119296K, used 43025K [0x00000006c1c00000, 0x00000006c9080000, 0x000000076b400000)
  object space 119296K, 36% used [0x00000006c1c00000,0x00000006c46047e0,0x00000006c9080000)
 Metaspace       used 32575K, capacity 33508K, committed 33792K, reserved 1079296K
  class space    used 3784K, capacity 4053K, committed 4096K, reserved 1048576K
Event: 9.612 GC heap after
Heap after GC invocations=10 (full 1):
 PSYoungGen      total 152064K, used 32244K [0x000000076b400000, 0x000000077ad80000, 0x00000007c0000000)
  eden space 119808K, 0% used [0x000000076b400000,0x000000076b400000,0x0000000772900000)
  from space 32256K, 99% used [0x0000000772900000,0x000000077487d398,0x0000000774880000)
  to   space 42496K, 0% used [0x0000000778400000,0x0000000778400000,0x000000077ad80000)
 ParOldGen       total 119296K, used 56471K [0x00000006c1c00000, 0x00000006c9080000, 0x000000076b400000)
  object space 119296K, 47% used [0x00000006c1c00000,0x00000006c5325d98,0x00000006c9080000)
 Metaspace       used 32575K, capacity 33508K, committed 33792K, reserved 1079296K
  class space    used 3784K, capacity 4053K, committed 4096K, reserved 1048576K
}
Event: 9.870 GC heap before
{Heap before GC invocations=11 (full 1):
 PSYoungGen      total 152064K, used 48391K [0x000000076b400000, 0x000000077ad80000, 0x00000007c0000000)
  eden space 119808K, 13% used [0x000000076b400000,0x000000076c3c4880,0x0000000772900000)
  from space 32256K, 99% used [0x0000000772900000,0x000000077487d398,0x0000000774880000)
  to   space 42496K, 0% used [0x0000000778400000,0x0000000778400000,0x000000077ad80000)
 ParOldGen       total 119296K, used 56471K [0x00000006c1c00000, 0x00000006c9080000, 0x000000076b400000)
  object space 119296K, 47% used [0x00000006c1c00000,0x00000006c5325d98,0x00000006c9080000)
 Metaspace       used 34154K, capacity 35288K, committed 35456K, reserved 1081344K
  class space    used 4039K, capacity 4357K, committed 4480K, reserved 1048576K
Event: 9.883 GC heap after
Heap after GC invocations=11 (full 1):
 PSYoungGen      total 213504K, used 7325K [0x000000076b400000, 0x000000077ad80000, 0x00000007c0000000)
  eden space 171008K, 0% used [0x000000076b400000,0x000000076b400000,0x0000000775b00000)
  from space 42496K, 17% used [0x0000000778400000,0x0000000778b274d0,0x000000077ad80000)
  to   space 41984K, 0% used [0x0000000775b00000,0x0000000775b00000,0x0000000778400000)
 ParOldGen       total 119296K, used 69185K [0x00000006c1c00000, 0x00000006c9080000, 0x000000076b400000)
  object space 119296K, 57% used [0x00000006c1c00000,0x00000006c5f904c8,0x00000006c9080000)
 Metaspace       used 34154K, capacity 35288K, committed 35456K, reserved 1081344K
  class space    used 4039K, capacity 4357K, committed 4480K, reserved 1048576K
}
Event: 9.883 GC heap before
{Heap before GC invocations=12 (full 2):
 PSYoungGen      total 213504K, used 7325K [0x000000076b400000, 0x000000077ad80000, 0x00000007c0000000)
  eden space 171008K, 0% used [0x000000076b400000,0x000000076b400000,0x0000000775b00000)
  from space 42496K, 17% used [0x0000000778400000,0x0000000778b274d0,0x000000077ad80000)
  to   space 41984K, 0% used [0x0000000775b00000,0x0000000775b00000,0x0000000778400000)
 ParOldGen       total 119296K, used 69185K [0x00000006c1c00000, 0x00000006c9080000, 0x000000076b400000)
  object space 119296K, 57% used [0x00000006c1c00000,0x00000006c5f904c8,0x00000006c9080000)
 Metaspace       used 34154K, capacity 35288K, committed 35456K, reserved 1081344K
  class space    used 4039K, capacity 4357K, committed 4480K, reserved 1048576K
Event: 9.938 GC heap after
Heap after GC invocations=12 (full 2):
 PSYoungGen      total 213504K, used 0K [0x000000076b400000, 0x000000077ad80000, 0x00000007c0000000)
  eden space 171008K, 0% used [0x000000076b400000,0x000000076b400000,0x0000000775b00000)
  from space 42496K, 0% used [0x0000000778400000,0x0000000778400000,0x000000077ad80000)
  to   space 41984K, 0% used [0x0000000775b00000,0x0000000775b00000,0x0000000778400000)
 ParOldGen       total 176128K, used 29165K [0x00000006c1c00000, 0x00000006cc800000, 0x000000076b400000)
  object space 176128K, 16% used [0x00000006c1c00000,0x00000006c387b470,0x00000006cc800000)
 Metaspace       used 34154K, capacity 35288K, committed 35456K, reserved 1081344K
  class space    used 4039K, capacity 4357K, committed 4480K, reserved 1048576K
}

Deoptimization events (10 events):
Event: 32.716 Thread 0x00000000233ac000 Uncommon trap: reason=class_check action=maybe_recompile pc=0x0000000002c39210 method=org.glassfish.jersey.message.internal.MediaTypes$1.compare(Ljava/lang/Object;Ljava/lang/Object;)I @ 2
Event: 32.716 Thread 0x00000000233ac000 Uncommon trap: reason=class_check action=maybe_recompile pc=0x0000000002c39210 method=org.glassfish.jersey.message.internal.MediaTypes$1.compare(Ljava/lang/Object;Ljava/lang/Object;)I @ 2
Event: 32.716 Thread 0x00000000233ac000 Uncommon trap: reason=class_check action=maybe_recompile pc=0x0000000002c39210 method=org.glassfish.jersey.message.internal.MediaTypes$1.compare(Ljava/lang/Object;Ljava/lang/Object;)I @ 2
Event: 32.730 Thread 0x0000000025d89000 Uncommon trap: reason=class_check action=maybe_recompile pc=0x0000000002c39210 method=org.glassfish.jersey.message.internal.MediaTypes$1.compare(Ljava/lang/Object;Ljava/lang/Object;)I @ 2
Event: 32.732 Thread 0x0000000025d89000 Uncommon trap: reason=class_check action=maybe_recompile pc=0x000000000300f474 method=java.util.Collections$UnmodifiableMap$UnmodifiableEntrySet$1.next()Ljava/util/Map$Entry; @ 8
Event: 32.732 Thread 0x0000000025d89000 Uncommon trap: reason=class_check action=maybe_recompile pc=0x0000000002f23188 method=java.util.Collections$UnmodifiableMap$UnmodifiableEntrySet$UnmodifiableEntry.getKey()Ljava/lang/Object; @ 4
Event: 32.732 Thread 0x0000000025d89000 Uncommon trap: reason=class_check action=maybe_recompile pc=0x0000000002fe1588 method=java.util.Collections$UnmodifiableMap$UnmodifiableEntrySet$UnmodifiableEntry.getValue()Ljava/lang/Object; @ 4
Event: 32.739 Thread 0x0000000025d89000 Uncommon trap: reason=unstable_if action=reinterpret pc=0x0000000002bacd2c method=java.lang.StringCoding.decode(Ljava/lang/String;[BII)[C @ 51
Event: 32.739 Thread 0x0000000025d89000 Uncommon trap: reason=class_check action=maybe_recompile pc=0x00000000034de774 method=java.lang.StringCoding$StringDecoder.decode([BII)[C @ 30
Event: 32.739 Thread 0x0000000025d89000 Uncommon trap: reason=class_check action=maybe_recompile pc=0x0000000003536b74 method=java.lang.StringCoding$StringDecoder.decode([BII)[C @ 30

Classes redefined (0 events):
No events

Internal exceptions (10 events):
Event: 7.798 Thread 0x00000000202e0800 Implicit null exception at 0x00000000034d2759 to 0x00000000034d2f41
Event: 7.798 Thread 0x00000000211ae800 Implicit null exception at 0x00000000034d2759 to 0x00000000034d2f41
Event: 7.798 Thread 0x0000000020eda000 Implicit null exception at 0x00000000034df54c to 0x00000000034dfc45
Event: 7.798 Thread 0x0000000022e5a000 Implicit null exception at 0x00000000034df54c to 0x00000000034dfc45
Event: 7.800 Thread 0x0000000025967800 Implicit null exception at 0x00000000034df54c to 0x00000000034dfc45
Event: 9.378 Thread 0x0000000002722800 Exception <a 'java/lang/NoSuchFieldError': method resolution failed> (0x0000000771b604d0) thrown at [C:\re\workspace\8-2-build-windows-amd64-cygwin\jdk8u181\11358\hotspot\src\share\vm\prims\methodHandles.cpp, line 1167]
Event: 9.380 Thread 0x0000000002722800 Exception <a 'java/lang/NoSuchFieldError': method resolution failed> (0x0000000771b6df60) thrown at [C:\re\workspace\8-2-build-windows-amd64-cygwin\jdk8u181\11358\hotspot\src\share\vm\prims\methodHandles.cpp, line 1167]
Event: 10.067 Thread 0x0000000002722800 Exception <a 'java/lang/NoSuchMethodError': java.lang.Object.lambda$and$0(Ljava/util/function/Predicate;Ljava/lang/Object;)Z> (0x000000076c081ab0) thrown at [C:\re\workspace\8-2-build-windows-amd64-cygwin\jdk8u181\11358\hotspot\src\share\vm\interpreter\li
Event: 10.114 Thread 0x0000000002722800 Exception <a 'java/lang/NoSuchMethodError': java.lang.Object.lambda$comparingInt$7b0bb60$1(Ljava/util/function/ToIntFunction;Ljava/lang/Object;Ljava/lang/Object;)I> (0x000000076c421658) thrown at [C:\re\workspace\8-2-build-windows-amd64-cygwin\jdk8u181\11
Event: 19.591 Thread 0x0000000022a00000 Implicit null exception at 0x0000000003291df9 to 0x000000000329216d

Events (10 events):
Event: 32.748 Executing VM operation: RevokeBias
Event: 32.748 Executing VM operation: RevokeBias done
Event: 32.751 Executing VM operation: RevokeBias
Event: 32.751 Executing VM operation: RevokeBias done
Event: 32.753 Executing VM operation: RevokeBias
Event: 32.753 Executing VM operation: RevokeBias done
Event: 32.754 Executing VM operation: RevokeBias
Event: 32.754 Executing VM operation: RevokeBias done
Event: 32.754 Executing VM operation: RevokeBias
Event: 32.754 Executing VM operation: RevokeBias done


Dynamic libraries:
0x00007ff796160000 - 0x00007ff796197000 	C:\Program Files\Java\jdk1.8.0_181\bin\java.exe
0x00007ffa5c970000 - 0x00007ffa5cb51000 	C:\WINDOWS\SYSTEM32\ntdll.dll
0x00007ffa5bda0000 - 0x00007ffa5be52000 	C:\WINDOWS\System32\KERNEL32.DLL
0x00007ffa58de0000 - 0x00007ffa59053000 	C:\WINDOWS\System32\KERNELBASE.dll
0x00007ffa5c5b0000 - 0x00007ffa5c651000 	C:\WINDOWS\System32\ADVAPI32.dll
0x00007ffa5c660000 - 0x00007ffa5c6fe000 	C:\WINDOWS\System32\msvcrt.dll
0x00007ffa5be60000 - 0x00007ffa5bebb000 	C:\WINDOWS\System32\sechost.dll
0x00007ffa59ec0000 - 0x00007ffa59fe4000 	C:\WINDOWS\System32\RPCRT4.dll
0x00007ffa5bed0000 - 0x00007ffa5c060000 	C:\WINDOWS\System32\USER32.dll
0x00007ffa596d0000 - 0x00007ffa596f0000 	C:\WINDOWS\System32\win32u.dll
0x00007ffa5bd70000 - 0x00007ffa5bd98000 	C:\WINDOWS\System32\GDI32.dll
0x00007ffa59300000 - 0x00007ffa59492000 	C:\WINDOWS\System32\gdi32full.dll
0x00007ffa58d40000 - 0x00007ffa58ddf000 	C:\WINDOWS\System32\msvcp_win.dll
0x00007ffa595d0000 - 0x00007ffa596ca000 	C:\WINDOWS\System32\ucrtbase.dll
0x00007ffa4dfa0000 - 0x00007ffa4e209000 	C:\WINDOWS\WinSxS\amd64_microsoft.windows.common-controls_6595b64144ccf1df_6.0.17134.472_none_fb3f9af53068156d\COMCTL32.dll
0x00007ffa5c280000 - 0x00007ffa5c5a2000 	C:\WINDOWS\System32\combase.dll
0x00007ffa594a0000 - 0x00007ffa5951a000 	C:\WINDOWS\System32\bcryptPrimitives.dll
0x00007ffa5c150000 - 0x00007ffa5c17d000 	C:\WINDOWS\System32\IMM32.DLL
0x0000000060740000 - 0x0000000060812000 	C:\Program Files\Java\jdk1.8.0_181\jre\bin\msvcr100.dll
0x0000000060820000 - 0x00000000610c2000 	C:\Program Files\Java\jdk1.8.0_181\jre\bin\server\jvm.dll
0x00007ffa5c200000 - 0x00007ffa5c208000 	C:\WINDOWS\System32\PSAPI.DLL
0x00007ffa54c60000 - 0x00007ffa54c6a000 	C:\WINDOWS\SYSTEM32\VERSION.dll
0x00007ffa142d0000 - 0x00007ffa142d9000 	C:\WINDOWS\SYSTEM32\WSOCK32.dll
0x00007ffa569e0000 - 0x00007ffa56a03000 	C:\WINDOWS\SYSTEM32\WINMM.dll
0x00007ffa5c210000 - 0x00007ffa5c27c000 	C:\WINDOWS\System32\WS2_32.dll
0x00007ffa56810000 - 0x00007ffa5683a000 	C:\WINDOWS\SYSTEM32\WINMMBASE.dll
0x00007ffa59250000 - 0x00007ffa59299000 	C:\WINDOWS\System32\cfgmgr32.dll
0x0000000061880000 - 0x000000006188f000 	C:\Program Files\Java\jdk1.8.0_181\jre\bin\verify.dll
0x00000000606d0000 - 0x00000000606f9000 	C:\Program Files\Java\jdk1.8.0_181\jre\bin\java.dll
0x00000000606b0000 - 0x00000000606c6000 	C:\Program Files\Java\jdk1.8.0_181\jre\bin\zip.dll
0x00007ffa5a930000 - 0x00007ffa5bd70000 	C:\WINDOWS\System32\SHELL32.dll
0x00007ffa5c700000 - 0x00007ffa5c7a9000 	C:\WINDOWS\System32\shcore.dll
0x00007ffa596f0000 - 0x00007ffa59dfd000 	C:\WINDOWS\System32\windows.storage.dll
0x00007ffa5c8e0000 - 0x00007ffa5c931000 	C:\WINDOWS\System32\shlwapi.dll
0x00007ffa58d20000 - 0x00007ffa58d31000 	C:\WINDOWS\System32\kernel.appcore.dll
0x00007ffa58d00000 - 0x00007ffa58d1f000 	C:\WINDOWS\System32\profapi.dll
0x00007ffa58cb0000 - 0x00007ffa58cfc000 	C:\WINDOWS\System32\powrprof.dll
0x00007ffa58ca0000 - 0x00007ffa58caa000 	C:\WINDOWS\System32\FLTLIB.DLL
0x00007ffa55720000 - 0x00007ffa5572a000 	D:\Programmi\apache-maven-3.6.0-bin\apache-maven-3.6.0\lib\jansi-native\windows64\jansi.dll
0x00000000611d0000 - 0x00000000611ea000 	C:\Program Files\Java\jdk1.8.0_181\jre\bin\net.dll
0x00007ffa58500000 - 0x00007ffa58566000 	C:\WINDOWS\system32\mswsock.dll
0x00000000611b0000 - 0x00000000611c1000 	C:\Program Files\Java\jdk1.8.0_181\jre\bin\nio.dll
0x0000000061870000 - 0x000000006187d000 	C:\Program Files\Java\jdk1.8.0_181\jre\bin\management.dll
0x00007ffa586b0000 - 0x00007ffa586c7000 	C:\WINDOWS\SYSTEM32\CRYPTSP.dll
0x00007ffa580e0000 - 0x00007ffa58113000 	C:\WINDOWS\system32\rsaenh.dll
0x00007ffa587e0000 - 0x00007ffa58805000 	C:\WINDOWS\SYSTEM32\bcrypt.dll
0x00007ffa58bb0000 - 0x00007ffa58bd8000 	C:\WINDOWS\SYSTEM32\USERENV.dll
0x00007ffa586d0000 - 0x00007ffa586db000 	C:\WINDOWS\SYSTEM32\CRYPTBASE.dll
0x00007ffa58280000 - 0x00007ffa582b8000 	C:\WINDOWS\SYSTEM32\IPHLPAPI.DLL
0x00007ffa5a7c0000 - 0x00007ffa5a7c8000 	C:\WINDOWS\System32\NSI.dll
0x00007ffa4fc90000 - 0x00007ffa4fca6000 	C:\WINDOWS\SYSTEM32\dhcpcsvc6.DLL
0x00007ffa4ff90000 - 0x00007ffa4ffaa000 	C:\WINDOWS\SYSTEM32\dhcpcsvc.DLL
0x00007ffa556c0000 - 0x00007ffa556f0000 	D:\github\plathea\jaxrs-jersey-server-generated\src\main\java\io\core\InterfaceJNI_DLL.dll
0x00007ffa55690000 - 0x00007ffa556b1000 	C:\WINDOWS\SYSTEM32\VCRUNTIME140D.dll
0x00007ffa42ae0000 - 0x00007ffa42bd4000 	C:\WINDOWS\SYSTEM32\MSVCP140D.dll
0x00007ffa2aef0000 - 0x00007ffa2b0ad000 	C:\WINDOWS\SYSTEM32\ucrtbased.dll
0x00007ffa276a0000 - 0x00007ffa27a85000 	D:\github\plathea\jaxrs-jersey-server-generated\PlatheaDLL.dll
0x00007ffa5c060000 - 0x00007ffa5c14d000 	C:\WINDOWS\System32\COMDLG32.dll
0x00007ffa5a7d0000 - 0x00007ffa5a921000 	C:\WINDOWS\System32\ole32.dll
0x00007ffa31c70000 - 0x00007ffa31d78000 	D:\github\plathea\jaxrs-jersey-server-generated\opencv_video310d.dll
0x00007ffa247a0000 - 0x00007ffa2573e000 	D:\github\plathea\jaxrs-jersey-server-generated\opencv_core310d.dll
0x00007ffa55620000 - 0x00007ffa55686000 	D:\github\plathea\jaxrs-jersey-server-generated\opencv_highgui310d.dll
0x00007ffa2ad40000 - 0x00007ffa2aeec000 	D:\github\plathea\jaxrs-jersey-server-generated\opencv_ml310d.dll
0x00007ffa27500000 - 0x00007ffa27694000 	D:\github\plathea\jaxrs-jersey-server-generated\opencv_objdetect310d.dll
0x00007ffa243c0000 - 0x00007ffa24794000 	D:\github\plathea\jaxrs-jersey-server-generated\opencv_calib3d310d.dll
0x00007ff9f58f0000 - 0x00007ff9f7abb000 	D:\github\plathea\jaxrs-jersey-server-generated\opencv_imgproc310d.dll
0x00007ffa42a20000 - 0x00007ffa42ad6000 	C:\WINDOWS\SYSTEM32\CONCRT140D.dll
0x00007ffa2ac80000 - 0x00007ffa2ad32000 	D:\github\plathea\jaxrs-jersey-server-generated\opencv_videoio310d.dll
0x00007ffa5c810000 - 0x00007ffa5c8d2000 	C:\WINDOWS\System32\OLEAUT32.dll
0x00007ffa23e60000 - 0x00007ffa243be000 	D:\github\plathea\jaxrs-jersey-server-generated\opencv_imgcodecs310d.dll
0x00007ffa23c30000 - 0x00007ffa23e55000 	D:\github\plathea\jaxrs-jersey-server-generated\opencv_features2d310d.dll
0x00007ffa555f0000 - 0x00007ffa55619000 	C:\WINDOWS\SYSTEM32\MSVFW32.dll
0x00007ffa550b0000 - 0x00007ffa550cf000 	C:\WINDOWS\SYSTEM32\AVIFIL32.dll
0x00007ffa55090000 - 0x00007ffa550a8000 	C:\WINDOWS\SYSTEM32\AVICAP32.dll
0x00007ffa2ccf0000 - 0x00007ffa2cd0c000 	C:\WINDOWS\SYSTEM32\MSACM32.dll
0x00007ffa26a60000 - 0x00007ffa26bdd000 	D:\github\plathea\jaxrs-jersey-server-generated\opencv_flann310d.dll
0x00007ffa47aa0000 - 0x00007ffa47c69000 	C:\WINDOWS\SYSTEM32\dbghelp.dll

VM Arguments:
jvm_args: -Dclassworlds.conf=D:\Programmi\apache-maven-3.6.0-bin\apache-maven-3.6.0\bin\..\bin\m2.conf -Dmaven.home=D:\Programmi\apache-maven-3.6.0-bin\apache-maven-3.6.0\bin\.. -Dlibrary.jansi.path=D:\Programmi\apache-maven-3.6.0-bin\apache-maven-3.6.0\bin\..\lib\jansi-native -Dmaven.multiModuleProjectDirectory=D:\github\plathea\jaxrs-jersey-server-generated 
java_command: org.codehaus.plexus.classworlds.launcher.Launcher clean package jetty:run
java_class_path (initial): D:\Programmi\apache-maven-3.6.0-bin\apache-maven-3.6.0\bin\..\boot\plexus-classworlds-2.5.2.jar
Launcher Type: SUN_STANDARD

Environment Variables:
JAVA_HOME=C:\Program Files\Java\jdk1.8.0_181
PATH=C:\Program Files (x86)\Common Files\Oracle\Java\javapath;C:\Users\jack1\Desktop\plathea-code-22-trunk\plathea-code-22-trunk\opencv-master\build\install_release\x64\vc12\bin;C:\WINDOWS\system32;C:\WINDOWS;C:\WINDOWS\System32\Wbem;C:\WINDOWS\System32\WindowsPowerShell\v1.0\;C:\Program Files\Git\cmd;C:\Program Files\nodejs\;C:\Program Files\PuTTY\;C:\Users\jack1\AppData\Local\Microsoft\WindowsApps;C:\Users\jack1\AppData\Roaming\npm;C:\Users\jack1\AppData\Local\atom\bin;C:\adb;C:\WINDOWS\system32;C:\WINDOWS;C:\WINDOWS\System32\Wbem;C:\WINDOWS\System32\WindowsPowerShell\v1.0\;C:\WINDOWS\System32\OpenSSH\;C:\Users\jack1\Desktop\plathea-code-22-trunk\plathea-code-22-trunk\opencv-master\build\install_debug\x64\vc12\bin;C:\Users\jack1\AppData\Local\Microsoft\WindowsApps;C:\Users\jack1\AppData\Roaming\npm;C:\Users\jack1\AppData\Local\atom\bin;C:\Users\jack1\AppData\Local\Microsoft\WindowsApps;C:\Program Files\LLVM\bin;C:\ProgramData\jack1\atom\bin;C:\Program Files\Java\jdk1.8.0_181\bin;C:\Program Files\mingw-w64\x86_64-8.1.0-win32-seh-rt_v6-rev0\mingw64\bin;D:\Programmi\apache-maven-3.6.0-bin\apache-maven-3.6.0\bin;D:\github\plathea\LeoStormLibrary\LeoStormWindowsLib;D:\github\plathea\jaxrs-jersey-server-generated;
USERNAME=jack1
OS=Windows_NT
PROCESSOR_IDENTIFIER=Intel64 Family 6 Model 58 Stepping 9, GenuineIntel



---------------  S Y S T E M  ---------------

OS: Windows 10.0 , 64 bit Build 17134 (10.0.17134.1)

CPU:total 8 (initial active 8) (4 cores per cpu, 2 threads per core) family 6 model 58 stepping 9, cmov, cx8, fxsr, mmx, sse, sse2, sse3, ssse3, sse4.1, sse4.2, popcnt, avx, aes, clmul, erms, ht, tsc, tscinvbit, tscinv

Memory: 4k page, physical 16659944k(8045776k free), swap 19150312k(9111616k free)

vm_info: Java HotSpot(TM) 64-Bit Server VM (25.181-b13) for windows-amd64 JRE (1.8.0_181-b13), built on Jul  7 2018 04:01:33 by "java_re" with MS VC++ 10.0 (VS2010)

time: Wed Dec 26 12:19:12 2018
elapsed time: 32 seconds (0d 0h 0m 32s)

