#
# A fatal error has been detected by the Java Runtime Environment:
#
#  EXCEPTION_UNCAUGHT_CXX_EXCEPTION (0xe06d7363) at pc=0x00007ffebaa2a388, pid=8344, tid=0x00000000000038e0
#
# JRE version: Java(TM) SE Runtime Environment (8.0_181-b13) (build 1.8.0_181-b13)
# Java VM: Java HotSpot(TM) 64-Bit Server VM (25.181-b13 mixed mode windows-amd64 compressed oops)
# Problematic frame:
# C  [KERNELBASE.dll+0x3a388]
#
# Failed to write core dump. Minidumps are not enabled by default on client versions of Windows
#
# If you would like to submit a bug report, please visit:
#   http://bugreport.java.com/bugreport/crash.jsp
# The crash happened outside the Java Virtual Machine in native code.
# See problematic frame for where to report the bug.
#

---------------  T H R E A D  ---------------

Current thread (0x000000001fa45800):  JavaThread "qtp2061363062-15" [_thread_in_native, id=14560, stack(0x0000000024cd0000,0x0000000024dd0000)]

siginfo: ExceptionCode=0xe06d7363, ExceptionInformation=0x0000000019930520 0x0000000024dcb130 0x00007ffe6a70f0e8 0x00007ffe69830000 

Registers:
RAX=0x0000000000000000, RBX=0x00007ffeb6cf5210, RCX=0x0000000000000000, RDX=0x0000000000000000
RSP=0x0000000024db89d0, RBP=0x0000000024db9080, RSI=0x0000000024db9760, RDI=0x0000000024db9050
R8 =0x0000000000000000, R9 =0x0000000000000000, R10=0x0000000000000000, R11=0x0000000000000000
R12=0x00007ffe70dc0000, R13=0x0000000024db9890, R14=0x0000000024db97f0, R15=0x0000000024dcb650
RIP=0x00007ffebaa2a388, EFLAGS=0x0000000000000202

Top of Stack: (sp=0x0000000024db89d0)
0x0000000024db89d0:   cccccccccccccccc 00007ffeb6cf5210
0x0000000024db89e0:   0000000024db9760 0000000024db9050
0x0000000024db89f0:   00000001e06d7363 0000000000000000
0x0000000024db8a00:   00007ffebaa2a388 00007ffe00000004
0x0000000024db8a10:   0000000019930520 0000000024dcb130
0x0000000024db8a20:   00007ffe6a70f0e8 00007ffe69830000
0x0000000024db8a30:   0000000019930520 0000000000000000
0x0000000024db8a40:   000000000000007b 0000000000000000
0x0000000024db8a50:   00007ffeb6d0c260 0000000024db9050
0x0000000024db8a60:   00007ffeb6d0c260 00007ffe71094afe
0x0000000024db8a70:   0000000000000000 0000000000000000
0x0000000024db8a80:   0000000000000001 0000000000000000
0x0000000024db8a90:   0000f41ca2acc1e2 00007ffeb6cf82f9
0x0000000024db8aa0:   0000000024db9080 00007ffeb6cf4bf3
0x0000000024db8ab0:   00007ffe71094ab0 0000000024dcb650
0x0000000024db8ac0:   00007ffeb6d0c260 0000000000000000 

Instructions: (pc=0x00007ffebaa2a388)
0x00007ffebaa2a368:   49 8b d1 44 0f 47 c0 44 89 44 24 38 49 c1 e0 03
0x00007ffebaa2a378:   e8 4a 46 04 00 48 8d 4c 24 20 ff 15 d0 82 14 00
0x00007ffebaa2a388:   48 8b 8c 24 c0 00 00 00 48 33 cc e8 b8 05 04 00
0x00007ffebaa2a398:   48 81 c4 d8 00 00 00 c3 83 64 24 38 00 eb d6 cc 


Register to memory mapping:

RAX=0x0000000000000000 is an unknown value
RBX=0x00007ffeb6cf5210 is an unknown value
RCX=0x0000000000000000 is an unknown value
RDX=0x0000000000000000 is an unknown value
RSP=0x0000000024db89d0 is pointing into the stack for thread: 0x000000001fa45800
RBP=0x0000000024db9080 is pointing into the stack for thread: 0x000000001fa45800
RSI=0x0000000024db9760 is pointing into the stack for thread: 0x000000001fa45800
RDI=0x0000000024db9050 is pointing into the stack for thread: 0x000000001fa45800
R8 =0x0000000000000000 is an unknown value
R9 =0x0000000000000000 is an unknown value
R10=0x0000000000000000 is an unknown value
R11=0x0000000000000000 is an unknown value
R12=0x00007ffe70dc0000 is an unknown value
R13=0x0000000024db9890 is pointing into the stack for thread: 0x000000001fa45800
R14=0x0000000024db97f0 is pointing into the stack for thread: 0x000000001fa45800
R15=0x0000000024dcb650 is pointing into the stack for thread: 0x000000001fa45800


Stack: [0x0000000024cd0000,0x0000000024dd0000],  sp=0x0000000024db89d0,  free space=930k
Native frames: (J=compiled Java code, j=interpreted, Vv=VM code, C=native code)
C  [KERNELBASE.dll+0x3a388]
C  [VCRUNTIME140D.dll+0x4bf3]
C  [VCRUNTIME140D.dll+0x53ae]
C  [ntdll.dll+0x9e2c3]
C  [PlatheaDLL.dll+0x140608]  std::vector<TrainingFace,std::allocator<TrainingFace> >::_Emplace_reallocate<TrainingFace>+0x148
C  [PlatheaDLL.dll+0x1419f7]  std::vector<TrainingFace,std::allocator<TrainingFace> >::emplace_back<TrainingFace>+0x97
C  [PlatheaDLL.dll+0x149d4a]  std::vector<TrainingFace,std::allocator<TrainingFace> >::push_back+0x4a
C  [PlatheaDLL.dll+0x142e4c]  Person::Person+0x2ac
C  [PlatheaDLL.dll+0x14647f]  FaceDatabase::LoadFromXMLElement+0x1df
C  [PlatheaDLL.dll+0x25806f]  leostorm::settingspersistence::SettingsPersistence::LoadFromFile+0x23f
C  [PlatheaDLL.dll+0x19184f]  system_loadconfigurationfile+0x1cf
C  [InterfaceJNI_DLL.dll+0x11a28]  Java_io_core_InterfaceJNI_loadConfigurationFile+0x58
C  0x0000000002f18c67

Java frames: (J=compiled Java code, j=interpreted, Vv=VM code)
j  io.core.InterfaceJNI.loadConfigurationFile(Ljava/lang/String;)I+0
j  io.core.MainSystem.loadconfigurationfile(Ljava/lang/Integer;Ljava/util/List;)Lio/core/MainSystem$ReturnRoomMessage;+233
j  io.swagger.api.impl.RoomApiServiceImpl.loadconfigurationfile(Ljava/lang/Integer;Ljava/util/List;Ljavax/ws/rs/core/SecurityContext;)Ljavax/ws/rs/core/Response;+2
j  io.swagger.api.RoomApi.loadconfigurationfile(Ljava/lang/Integer;Ljava/util/List;Ljavax/ws/rs/core/SecurityContext;)Ljavax/ws/rs/core/Response;+7
v  ~StubRoutines::call_stub
J 5234  sun.reflect.NativeMethodAccessorImpl.invoke0(Ljava/lang/reflect/Method;Ljava/lang/Object;[Ljava/lang/Object;)Ljava/lang/Object; (0 bytes) @ 0x00000000034a30ff [0x00000000034a3080+0x7f]
J 2270 C1 sun.reflect.NativeMethodAccessorImpl.invoke(Ljava/lang/Object;[Ljava/lang/Object;)Ljava/lang/Object; (104 bytes) @ 0x00000000036759bc [0x00000000036747c0+0x11fc]
J 2054 C1 sun.reflect.DelegatingMethodAccessorImpl.invoke(Ljava/lang/Object;[Ljava/lang/Object;)Ljava/lang/Object; (10 bytes) @ 0x00000000035c94cc [0x00000000035c93c0+0x10c]
J 2005 C1 java.lang.reflect.Method.invoke(Ljava/lang/Object;[Ljava/lang/Object;)Ljava/lang/Object; (62 bytes) @ 0x00000000035bacb4 [0x00000000035ba8c0+0x3f4]
j  org.glassfish.jersey.server.model.internal.ResourceMethodInvocationHandlerFactory.lambda$static$0(Ljava/lang/Object;Ljava/lang/reflect/Method;[Ljava/lang/Object;)Ljava/lang/Object;+3
j  org.glassfish.jersey.server.model.internal.ResourceMethodInvocationHandlerFactory$$Lambda$122.invoke(Ljava/lang/Object;Ljava/lang/reflect/Method;[Ljava/lang/Object;)Ljava/lang/Object;+3
j  org.glassfish.jersey.server.model.internal.AbstractJavaResourceMethodDispatcher$1.run()Ljava/lang/Object;+38
j  org.glassfish.jersey.server.model.internal.AbstractJavaResourceMethodDispatcher.invoke(Lorg/glassfish/jersey/server/ContainerRequest;Ljava/lang/Object;[Ljava/lang/Object;)Ljava/lang/Object;+66
j  org.glassfish.jersey.server.model.internal.JavaResourceMethodDispatcherProvider$ResponseOutInvoker.doDispatch(Ljava/lang/Object;Lorg/glassfish/jersey/server/ContainerRequest;)Ljavax/ws/rs/core/Response;+10
j  org.glassfish.jersey.server.model.internal.AbstractJavaResourceMethodDispatcher.dispatch(Ljava/lang/Object;Lorg/glassfish/jersey/server/ContainerRequest;)Ljavax/ws/rs/core/Response;+5
j  org.glassfish.jersey.server.model.ResourceMethodInvoker.invoke(Lorg/glassfish/jersey/server/internal/process/RequestProcessingContext;Ljava/lang/Object;)Ljavax/ws/rs/core/Response;+26
j  org.glassfish.jersey.server.model.ResourceMethodInvoker.apply(Lorg/glassfish/jersey/server/internal/process/RequestProcessingContext;)Lorg/glassfish/jersey/server/ContainerResponse;+100
j  org.glassfish.jersey.server.model.ResourceMethodInvoker.apply(Ljava/lang/Object;)Ljava/lang/Object;+5
j  org.glassfish.jersey.server.ServerRuntime$1.run()V+89
j  org.glassfish.jersey.internal.Errors$1.call()Ljava/lang/Void;+4
j  org.glassfish.jersey.internal.Errors$1.call()Ljava/lang/Object;+1
j  org.glassfish.jersey.internal.Errors.process(Ljava/util/concurrent/Callable;Z)Ljava/lang/Object;+36
j  org.glassfish.jersey.internal.Errors.process(Lorg/glassfish/jersey/internal/util/Producer;Z)Ljava/lang/Object;+2
j  org.glassfish.jersey.internal.Errors.process(Ljava/lang/Runnable;)V+9
j  org.glassfish.jersey.process.internal.RequestScope.runInScope(Lorg/glassfish/jersey/process/internal/RequestContext;Ljava/lang/Runnable;)V+17
j  org.glassfish.jersey.server.ServerRuntime.process(Lorg/glassfish/jersey/server/ContainerRequest;)V+181
j  org.glassfish.jersey.server.ApplicationHandler.handle(Lorg/glassfish/jersey/server/ContainerRequest;)V+13
j  org.glassfish.jersey.servlet.WebComponent.serviceImpl(Ljava/net/URI;Ljava/net/URI;Ljavax/servlet/http/HttpServletRequest;Ljavax/servlet/http/HttpServletResponse;)Lorg/glassfish/jersey/servlet/internal/ResponseWriter;+81
j  org.glassfish.jersey.servlet.WebComponent.service(Ljava/net/URI;Ljava/net/URI;Ljavax/servlet/http/HttpServletRequest;Ljavax/servlet/http/HttpServletResponse;)Lorg/glassfish/jersey/internal/util/collection/Value;+6
j  org.glassfish.jersey.servlet.ServletContainer.service(Ljava/net/URI;Ljava/net/URI;Ljavax/servlet/http/HttpServletRequest;Ljavax/servlet/http/HttpServletResponse;)Lorg/glassfish/jersey/internal/util/collection/Value;+9
j  org.glassfish.jersey.servlet.ServletContainer.service(Ljavax/servlet/http/HttpServletRequest;Ljavax/servlet/http/HttpServletResponse;)V+183
j  org.glassfish.jersey.servlet.ServletContainer.service(Ljavax/servlet/ServletRequest;Ljavax/servlet/ServletResponse;)V+39
j  org.eclipse.jetty.servlet.ServletHolder.handle(Lorg/eclipse/jetty/server/Request;Ljavax/servlet/ServletRequest;Ljavax/servlet/ServletResponse;)V+89
j  org.eclipse.jetty.servlet.ServletHandler$CachedChain.doFilter(Ljavax/servlet/ServletRequest;Ljavax/servlet/ServletResponse;)V+211
j  io.swagger.api.ApiOriginFilter.doFilter(Ljavax/servlet/ServletRequest;Ljavax/servlet/ServletResponse;Ljavax/servlet/FilterChain;)V+42
j  org.eclipse.jetty.servlet.ServletHandler$CachedChain.doFilter(Ljavax/servlet/ServletRequest;Ljavax/servlet/ServletResponse;)V+103
j  org.eclipse.jetty.servlet.ServletHandler.doHandle(Ljava/lang/String;Lorg/eclipse/jetty/server/Request;Ljavax/servlet/http/HttpServletRequest;Ljavax/servlet/http/HttpServletResponse;)V+203
j  org.eclipse.jetty.server.handler.ScopedHandler.handle(Ljava/lang/String;Lorg/eclipse/jetty/server/Request;Ljavax/servlet/http/HttpServletRequest;Ljavax/servlet/http/HttpServletResponse;)V+32
j  org.eclipse.jetty.security.SecurityHandler.handle(Ljava/lang/String;Lorg/eclipse/jetty/server/Request;Ljavax/servlet/http/HttpServletRequest;Ljavax/servlet/http/HttpServletResponse;)V+553
j  org.eclipse.jetty.server.session.SessionHandler.doHandle(Ljava/lang/String;Lorg/eclipse/jetty/server/Request;Ljavax/servlet/http/HttpServletRequest;Ljavax/servlet/http/HttpServletResponse;)V+68
j  org.eclipse.jetty.server.handler.ContextHandler.doHandle(Ljava/lang/String;Lorg/eclipse/jetty/server/Request;Ljavax/servlet/http/HttpServletRequest;Ljavax/servlet/http/HttpServletResponse;)V+349
j  org.eclipse.jetty.servlet.ServletHandler.doScope(Ljava/lang/String;Lorg/eclipse/jetty/server/Request;Ljavax/servlet/http/HttpServletRequest;Ljavax/servlet/http/HttpServletResponse;)V+274
j  org.eclipse.jetty.server.session.SessionHandler.doScope(Ljava/lang/String;Lorg/eclipse/jetty/server/Request;Ljavax/servlet/http/HttpServletRequest;Ljavax/servlet/http/HttpServletResponse;)V+233
j  org.eclipse.jetty.server.handler.ContextHandler.doScope(Ljava/lang/String;Lorg/eclipse/jetty/server/Request;Ljavax/servlet/http/HttpServletRequest;Ljavax/servlet/http/HttpServletResponse;)V+437
j  org.eclipse.jetty.server.handler.ScopedHandler.handle(Ljava/lang/String;Lorg/eclipse/jetty/server/Request;Ljavax/servlet/http/HttpServletRequest;Ljavax/servlet/http/HttpServletResponse;)V+20
j  org.eclipse.jetty.server.handler.ContextHandlerCollection.handle(Ljava/lang/String;Lorg/eclipse/jetty/server/Request;Ljavax/servlet/http/HttpServletRequest;Ljavax/servlet/http/HttpServletResponse;)V+224
j  org.eclipse.jetty.server.handler.HandlerCollection.handle(Ljava/lang/String;Lorg/eclipse/jetty/server/Request;Ljavax/servlet/http/HttpServletRequest;Ljavax/servlet/http/HttpServletResponse;)V+42
j  org.eclipse.jetty.server.handler.HandlerWrapper.handle(Ljava/lang/String;Lorg/eclipse/jetty/server/Request;Ljavax/servlet/http/HttpServletRequest;Ljavax/servlet/http/HttpServletResponse;)V+23
j  org.eclipse.jetty.server.Server.handle(Lorg/eclipse/jetty/server/HttpChannel;)V+130
j  org.eclipse.jetty.server.HttpChannel.handle()Z+301
j  org.eclipse.jetty.server.HttpConnection.onFillable()V+189
j  org.eclipse.jetty.io.AbstractConnection$2.run()V+4
j  org.eclipse.jetty.util.thread.QueuedThreadPool.runJob(Ljava/lang/Runnable;)V+1
j  org.eclipse.jetty.util.thread.QueuedThreadPool$3.run()V+75
j  java.lang.Thread.run()V+11
v  ~StubRoutines::call_stub

---------------  P R O C E S S  ---------------

Java Threads: ( => current thread )
  0x0000000024348000 JavaThread "Scheduler-1468847684" [_thread_blocked, id=16416, stack(0x0000000030fb0000,0x00000000310b0000)]
  0x0000000020cb8000 JavaThread "org.eclipse.jetty.server.session.HashSessionManager@59b43e35Timer" daemon [_thread_blocked, id=7732, stack(0x0000000030070000,0x0000000030170000)]
  0x0000000020cb7800 JavaThread "qtp2061363062-26" [_thread_blocked, id=5284, stack(0x0000000027fc0000,0x00000000280c0000)]
  0x0000000020cbc000 JavaThread "qtp2061363062-25" [_thread_blocked, id=16604, stack(0x0000000026ef0000,0x0000000026ff0000)]
  0x0000000020cba800 JavaThread "qtp2061363062-24-selector-ServerConnectorManager@37353068/3" [_thread_in_native, id=1124, stack(0x0000000026df0000,0x0000000026ef0000)]
  0x0000000020cb6000 JavaThread "qtp2061363062-22-acceptor-0@2e1cf5dd-ServerConnector@7882379b{HTTP/1.1}{0.0.0.0:8080}" [_thread_in_native, id=11376, stack(0x00000000268c0000,0x00000000269c0000)]
  0x000000001fa41000 JavaThread "qtp2061363062-21" [_thread_blocked, id=15716, stack(0x00000000266c0000,0x00000000267c0000)]
  0x000000001fa48000 JavaThread "qtp2061363062-20-selector-ServerConnectorManager@37353068/0" [_thread_in_native, id=14104, stack(0x00000000265c0000,0x00000000266c0000)]
  0x000000001fa47000 JavaThread "qtp2061363062-19" [_thread_blocked, id=17160, stack(0x00000000264c0000,0x00000000265c0000)]
  0x000000001fa46800 JavaThread "qtp2061363062-18-selector-ServerConnectorManager@37353068/1" [_thread_in_native, id=3944, stack(0x0000000025140000,0x0000000025240000)]
  0x000000001fa43800 JavaThread "qtp2061363062-16-selector-ServerConnectorManager@37353068/2" [_thread_in_native, id=14856, stack(0x0000000024dd0000,0x0000000024ed0000)]
=>0x000000001fa45800 JavaThread "qtp2061363062-15" [_thread_in_native, id=14560, stack(0x0000000024cd0000,0x0000000024dd0000)]
  0x000000001fa42800 JavaThread "ShutdownMonitor" daemon [_thread_in_native, id=16532, stack(0x00000000247b0000,0x00000000248b0000)]
  0x000000001e8a2800 JavaThread "Service Thread" daemon [_thread_blocked, id=14836, stack(0x000000001f3f0000,0x000000001f4f0000)]
  0x000000001e818800 JavaThread "C1 CompilerThread3" daemon [_thread_blocked, id=7412, stack(0x000000001f2f0000,0x000000001f3f0000)]
  0x000000001e811800 JavaThread "C2 CompilerThread2" daemon [_thread_blocked, id=14644, stack(0x000000001f1f0000,0x000000001f2f0000)]
  0x000000001e810800 JavaThread "C2 CompilerThread1" daemon [_thread_blocked, id=17060, stack(0x000000001f0f0000,0x000000001f1f0000)]
  0x000000001e80c000 JavaThread "C2 CompilerThread0" daemon [_thread_blocked, id=12892, stack(0x000000001eff0000,0x000000001f0f0000)]
  0x000000001e809800 JavaThread "Attach Listener" daemon [_thread_blocked, id=3316, stack(0x000000001eef0000,0x000000001eff0000)]
  0x000000001e808000 JavaThread "Signal Dispatcher" daemon [_thread_blocked, id=16228, stack(0x000000001edf0000,0x000000001eef0000)]
  0x000000001e800800 JavaThread "Finalizer" daemon [_thread_blocked, id=1332, stack(0x000000001ebe0000,0x000000001ece0000)]
  0x0000000002ef8000 JavaThread "Reference Handler" daemon [_thread_blocked, id=12784, stack(0x000000001e6e0000,0x000000001e7e0000)]
  0x0000000002e02800 JavaThread "main" [_thread_blocked, id=15512, stack(0x0000000002c80000,0x0000000002d80000)]

Other Threads:
  0x000000001c91a000 VMThread [stack: 0x000000001e5e0000,0x000000001e6e0000] [id=12944]
  0x000000001e8cd000 WatcherThread [stack: 0x000000001f4f0000,0x000000001f5f0000] [id=1876]

VM state:not at safepoint (normal execution)

VM Mutex/Monitor currently owned by a thread: None

Heap:
 PSYoungGen      total 211456K, used 62336K [0x000000076b400000, 0x000000077b000000, 0x00000007c0000000)
  eden space 169472K, 36% used [0x000000076b400000,0x000000076f0e00a8,0x0000000775980000)
  from space 41984K, 0% used [0x0000000778280000,0x0000000778280000,0x000000077ab80000)
  to   space 41984K, 0% used [0x0000000775980000,0x0000000775980000,0x0000000778280000)
 ParOldGen       total 172544K, used 28020K [0x00000006c1c00000, 0x00000006cc480000, 0x000000076b400000)
  object space 172544K, 16% used [0x00000006c1c00000,0x00000006c375d2c8,0x00000006cc480000)
 Metaspace       used 42979K, capacity 44554K, committed 44672K, reserved 1089536K
  class space    used 5128K, capacity 5493K, committed 5504K, reserved 1048576K

Card table byte_map: [0x00000000122c0000,0x0000000012ac0000] byte_map_base: 0x000000000ecb2000

Marking Bits: (ParMarkBitMap*) 0x0000000063b72d00
 Begin Bits: [0x0000000013810000, 0x00000000177a0000)
 End Bits:   [0x00000000177a0000, 0x000000001b730000)

Polling page: 0x0000000000bf0000

CodeCache: size=245760Kb used=22695Kb max_used=22714Kb free=223064Kb
 bounds [0x0000000002f00000, 0x0000000004580000, 0x0000000011f00000]
 total_blobs=6600 nmethods=6108 adapters=404
 compilation: enabled

Compilation events (10 events):
Event: 97.993 Thread 0x000000001e810800 7187   !   4       java.io.BufferedWriter::flushBuffer (53 bytes)
Event: 97.996 Thread 0x000000001e810800 nmethod 7187 0x0000000003727a90 code [0x0000000003727be0, 0x0000000003728088]
Event: 97.996 Thread 0x000000001e810800 7188       4       java.io.PrintStream::print (9 bytes)
Event: 97.996 Thread 0x000000001e80c000 nmethod 7186 0x00000000032c6d90 code [0x00000000032c6ee0, 0x00000000032c7538]
Event: 98.002 Thread 0x000000001e80c000 7189       4       sun.nio.cs.StreamEncoder::writeBytes (132 bytes)
Event: 98.013 Thread 0x000000001e80c000 nmethod 7189 0x000000000311a390 code [0x000000000311a540, 0x000000000311b2d8]
Event: 98.013 Thread 0x000000001e80c000 7190   !   4       java.io.PrintStream::write (69 bytes)
Event: 98.015 Thread 0x000000001e811800 nmethod 7183 0x0000000003634c90 code [0x00000000036350a0, 0x00000000036377a0]
Event: 98.020 Thread 0x000000001e80c000 nmethod 7190 0x00000000030f6e50 code [0x00000000030f6fe0, 0x00000000030f7b38]
Event: 98.021 Thread 0x000000001e810800 nmethod 7188 0x00000000030c4110 code [0x00000000030c4320, 0x00000000030c63e0]

GC Heap History (10 events):
Event: 8.407 GC heap before
{Heap before GC invocations=8 (full 1):
 PSYoungGen      total 103424K, used 103160K [0x000000076b400000, 0x0000000772a80000, 0x00000007c0000000)
  eden space 89088K, 100% used [0x000000076b400000,0x0000000770b00000,0x0000000770b00000)
  from space 14336K, 98% used [0x0000000771a00000,0x00000007727be130,0x0000000772800000)
  to   space 15360K, 0% used [0x0000000770b00000,0x0000000770b00000,0x0000000771a00000)
 ParOldGen       total 120320K, used 15035K [0x00000006c1c00000, 0x00000006c9180000, 0x000000076b400000)
  object space 120320K, 12% used [0x00000006c1c00000,0x00000006c2aaec58,0x00000006c9180000)
 Metaspace       used 28480K, capacity 29264K, committed 29440K, reserved 1075200K
  class space    used 3245K, capacity 3461K, committed 3584K, reserved 1048576K
Event: 8.432 GC heap after
Heap after GC invocations=8 (full 1):
 PSYoungGen      total 104448K, used 15359K [0x000000076b400000, 0x0000000775e80000, 0x00000007c0000000)
  eden space 89088K, 0% used [0x000000076b400000,0x000000076b400000,0x0000000770b00000)
  from space 15360K, 99% used [0x0000000770b00000,0x00000007719ffe80,0x0000000771a00000)
  to   space 22016K, 0% used [0x0000000774900000,0x0000000774900000,0x0000000775e80000)
 ParOldGen       total 120320K, used 25740K [0x00000006c1c00000, 0x00000006c9180000, 0x000000076b400000)
  object space 120320K, 21% used [0x00000006c1c00000,0x00000006c35231c8,0x00000006c9180000)
 Metaspace       used 28480K, capacity 29264K, committed 29440K, reserved 1075200K
  class space    used 3245K, capacity 3461K, committed 3584K, reserved 1048576K
}
Event: 8.824 GC heap before
{Heap before GC invocations=9 (full 1):
 PSYoungGen      total 104448K, used 104447K [0x000000076b400000, 0x0000000775e80000, 0x00000007c0000000)
  eden space 89088K, 100% used [0x000000076b400000,0x0000000770b00000,0x0000000770b00000)
  from space 15360K, 99% used [0x0000000770b00000,0x00000007719ffe80,0x0000000771a00000)
  to   space 22016K, 0% used [0x0000000774900000,0x0000000774900000,0x0000000775e80000)
 ParOldGen       total 120320K, used 25749K [0x00000006c1c00000, 0x00000006c9180000, 0x000000076b400000)
  object space 120320K, 21% used [0x00000006c1c00000,0x00000006c35255f0,0x00000006c9180000)
 Metaspace       used 28512K, capacity 29328K, committed 29696K, reserved 1075200K
  class space    used 3246K, capacity 3461K, committed 3584K, reserved 1048576K
Event: 8.869 GC heap after
Heap after GC invocations=9 (full 1):
 PSYoungGen      total 141824K, used 22011K [0x000000076b400000, 0x0000000778700000, 0x00000007c0000000)
  eden space 119808K, 0% used [0x000000076b400000,0x000000076b400000,0x0000000772900000)
  from space 22016K, 99% used [0x0000000774900000,0x0000000775e7ed68,0x0000000775e80000)
  to   space 32768K, 0% used [0x0000000772900000,0x0000000772900000,0x0000000774900000)
 ParOldGen       total 120320K, used 43953K [0x00000006c1c00000, 0x00000006c9180000, 0x000000076b400000)
  object space 120320K, 36% used [0x00000006c1c00000,0x00000006c46ec6f8,0x00000006c9180000)
 Metaspace       used 28512K, capacity 29328K, committed 29696K, reserved 1075200K
  class space    used 3246K, capacity 3461K, committed 3584K, reserved 1048576K
}
Event: 10.209 GC heap before
{Heap before GC invocations=10 (full 1):
 PSYoungGen      total 141824K, used 141819K [0x000000076b400000, 0x0000000778700000, 0x00000007c0000000)
  eden space 119808K, 100% used [0x000000076b400000,0x0000000772900000,0x0000000772900000)
  from space 22016K, 99% used [0x0000000774900000,0x0000000775e7ed68,0x0000000775e80000)
  to   space 32768K, 0% used [0x0000000772900000,0x0000000772900000,0x0000000774900000)
 ParOldGen       total 120320K, used 43958K [0x00000006c1c00000, 0x00000006c9180000, 0x000000076b400000)
  object space 120320K, 36% used [0x00000006c1c00000,0x00000006c46ed8d8,0x00000006c9180000)
 Metaspace       used 33472K, capacity 34602K, committed 34688K, reserved 1079296K
  class space    used 3914K, capacity 4224K, committed 4224K, reserved 1048576K
Event: 10.254 GC heap after
Heap after GC invocations=10 (full 1):
 PSYoungGen      total 152576K, used 32750K [0x000000076b400000, 0x000000077ab80000, 0x00000007c0000000)
  eden space 119808K, 0% used [0x000000076b400000,0x000000076b400000,0x0000000772900000)
  from space 32768K, 99% used [0x0000000772900000,0x00000007748fb9b0,0x0000000774900000)
  to   space 41984K, 0% used [0x0000000778280000,0x0000000778280000,0x000000077ab80000)
 ParOldGen       total 120320K, used 54932K [0x00000006c1c00000, 0x00000006c9180000, 0x000000076b400000)
  object space 120320K, 45% used [0x00000006c1c00000,0x00000006c51a5040,0x00000006c9180000)
 Metaspace       used 33472K, capacity 34602K, committed 34688K, reserved 1079296K
  class space    used 3914K, capacity 4224K, committed 4224K, reserved 1048576K
}
Event: 10.383 GC heap before
{Heap before GC invocations=11 (full 1):
 PSYoungGen      total 152576K, used 39767K [0x000000076b400000, 0x000000077ab80000, 0x00000007c0000000)
  eden space 119808K, 5% used [0x000000076b400000,0x000000076bada5d0,0x0000000772900000)
  from space 32768K, 99% used [0x0000000772900000,0x00000007748fb9b0,0x0000000774900000)
  to   space 41984K, 0% used [0x0000000778280000,0x0000000778280000,0x000000077ab80000)
 ParOldGen       total 120320K, used 54932K [0x00000006c1c00000, 0x00000006c9180000, 0x000000076b400000)
  object space 120320K, 45% used [0x00000006c1c00000,0x00000006c51a5040,0x00000006c9180000)
 Metaspace       used 34086K, capacity 35288K, committed 35456K, reserved 1081344K
  class space    used 4026K, capacity 4357K, committed 4480K, reserved 1048576K
Event: 10.396 GC heap after
Heap after GC invocations=11 (full 1):
 PSYoungGen      total 211456K, used 6192K [0x000000076b400000, 0x000000077b000000, 0x00000007c0000000)
  eden space 169472K, 0% used [0x000000076b400000,0x000000076b400000,0x0000000775980000)
  from space 41984K, 14% used [0x0000000778280000,0x000000077888c050,0x000000077ab80000)
  to   space 41984K, 0% used [0x0000000775980000,0x0000000775980000,0x0000000778280000)
 ParOldGen       total 120320K, used 67411K [0x00000006c1c00000, 0x00000006c9180000, 0x000000076b400000)
  object space 120320K, 56% used [0x00000006c1c00000,0x00000006c5dd4fc8,0x00000006c9180000)
 Metaspace       used 34086K, capacity 35288K, committed 35456K, reserved 1081344K
  class space    used 4026K, capacity 4357K, committed 4480K, reserved 1048576K
}
Event: 10.396 GC heap before
{Heap before GC invocations=12 (full 2):
 PSYoungGen      total 211456K, used 6192K [0x000000076b400000, 0x000000077b000000, 0x00000007c0000000)
  eden space 169472K, 0% used [0x000000076b400000,0x000000076b400000,0x0000000775980000)
  from space 41984K, 14% used [0x0000000778280000,0x000000077888c050,0x000000077ab80000)
  to   space 41984K, 0% used [0x0000000775980000,0x0000000775980000,0x0000000778280000)
 ParOldGen       total 120320K, used 67411K [0x00000006c1c00000, 0x00000006c9180000, 0x000000076b400000)
  object space 120320K, 56% used [0x00000006c1c00000,0x00000006c5dd4fc8,0x00000006c9180000)
 Metaspace       used 34086K, capacity 35288K, committed 35456K, reserved 1081344K
  class space    used 4026K, capacity 4357K, committed 4480K, reserved 1048576K
Event: 10.450 GC heap after
Heap after GC invocations=12 (full 2):
 PSYoungGen      total 211456K, used 0K [0x000000076b400000, 0x000000077b000000, 0x00000007c0000000)
  eden space 169472K, 0% used [0x000000076b400000,0x000000076b400000,0x0000000775980000)
  from space 41984K, 0% used [0x0000000778280000,0x0000000778280000,0x000000077ab80000)
  to   space 41984K, 0% used [0x0000000775980000,0x0000000775980000,0x0000000778280000)
 ParOldGen       total 172544K, used 28020K [0x00000006c1c00000, 0x00000006cc480000, 0x000000076b400000)
  object space 172544K, 16% used [0x00000006c1c00000,0x00000006c375d2c8,0x00000006cc480000)
 Metaspace       used 34086K, capacity 35288K, committed 35456K, reserved 1081344K
  class space    used 4026K, capacity 4357K, committed 4480K, reserved 1048576K
}

Deoptimization events (10 events):
Event: 97.915 Thread 0x000000001fa45800 Uncommon trap: reason=unstable_if action=reinterpret pc=0x000000000327a92c method=java.lang.StringCoding.decode(Ljava/lang/String;[BII)[C @ 51
Event: 97.915 Thread 0x000000001fa45800 Uncommon trap: reason=class_check action=maybe_recompile pc=0x0000000003b7d9b4 method=java.lang.StringCoding$StringDecoder.decode([BII)[C @ 30
Event: 97.916 Thread 0x000000001fa45800 Uncommon trap: reason=class_check action=maybe_recompile pc=0x0000000004126848 method=java.lang.StringCoding$StringDecoder.decode([BII)[C @ 30
Event: 97.953 Thread 0x000000001fa45800 Uncommon trap: reason=class_check action=maybe_recompile pc=0x0000000004126874 method=java.lang.StringCoding$StringDecoder.charsetName()Ljava/lang/String; @ 4
Event: 97.964 Thread 0x000000001fa45800 Uncommon trap: reason=unstable_if action=reinterpret pc=0x00000000039c7324 method=java.io.WinNTFileSystem.normalize(Ljava/lang/String;II)Ljava/lang/String; @ 103
Event: 97.964 Thread 0x000000001fa45800 Uncommon trap: reason=unstable_if action=reinterpret pc=0x00000000038aa454 method=java.io.WinNTFileSystem.normalize(Ljava/lang/String;II)Ljava/lang/String; @ 103
Event: 97.965 Thread 0x000000001fa45800 Uncommon trap: reason=unstable_if action=reinterpret pc=0x00000000043db828 method=sun.reflect.annotation.AnnotationInvocationHandler.invoke(Ljava/lang/Object;Ljava/lang/reflect/Method;[Ljava/lang/Object;)Ljava/lang/Object; @ 19
Event: 98.618 Thread 0x000000001fa45800 Uncommon trap: reason=unstable_if action=reinterpret pc=0x00000000032c72bc method=java.io.BufferedWriter.min(II)I @ 2
Event: 98.618 Thread 0x000000001fa45800 Uncommon trap: reason=unstable_if action=reinterpret pc=0x00000000032c894c method=sun.nio.cs.SingleByte$Encoder.encodeArrayLoop(Ljava/nio/CharBuffer;Ljava/nio/ByteBuffer;)Ljava/nio/charset/CoderResult; @ 70
Event: 98.618 Thread 0x000000001fa45800 Uncommon trap: reason=unstable_if action=reinterpret pc=0x00000000038b5618 method=sun.nio.cs.StreamEncoder.implWrite([CII)V @ 51

Classes redefined (0 events):
No events

Internal exceptions (10 events):
Event: 8.228 Thread 0x000000001fa48000 Implicit null exception at 0x0000000003b80719 to 0x0000000003b80efd
Event: 8.228 Thread 0x000000001fa44000 Implicit null exception at 0x0000000003b80719 to 0x0000000003b80efd
Event: 8.228 Thread 0x000000001fa43800 Implicit null exception at 0x0000000003b80719 to 0x0000000003b80efd
Event: 8.228 Thread 0x000000001fa47000 Implicit null exception at 0x0000000003b80719 to 0x0000000003b80efd
Event: 8.228 Thread 0x000000001fa41000 Implicit null exception at 0x0000000003ba2b0c to 0x0000000003ba3209
Event: 8.228 Thread 0x000000001fa45800 Implicit null exception at 0x0000000003ba2b0c to 0x0000000003ba3209
Event: 9.813 Thread 0x0000000002e02800 Exception <a 'java/lang/NoSuchFieldError': method resolution failed> (0x00000007712750c8) thrown at [C:\re\workspace\8-2-build-windows-amd64-cygwin\jdk8u181\11358\hotspot\src\share\vm\prims\methodHandles.cpp, line 1167]
Event: 9.814 Thread 0x0000000002e02800 Exception <a 'java/lang/NoSuchFieldError': method resolution failed> (0x0000000771282b58) thrown at [C:\re\workspace\8-2-build-windows-amd64-cygwin\jdk8u181\11358\hotspot\src\share\vm\prims\methodHandles.cpp, line 1167]
Event: 10.585 Thread 0x0000000002e02800 Exception <a 'java/lang/NoSuchMethodError': java.lang.Object.lambda$and$0(Ljava/util/function/Predicate;Ljava/lang/Object;)Z> (0x000000076c070dc8) thrown at [C:\re\workspace\8-2-build-windows-amd64-cygwin\jdk8u181\11358\hotspot\src\share\vm\interpreter\li
Event: 10.632 Thread 0x0000000002e02800 Exception <a 'java/lang/NoSuchMethodError': java.lang.Object.lambda$comparingInt$7b0bb60$1(Ljava/util/function/ToIntFunction;Ljava/lang/Object;Ljava/lang/Object;)I> (0x000000076c3d06b8) thrown at [C:\re\workspace\8-2-build-windows-amd64-cygwin\jdk8u181\11

Events (10 events):
Event: 98.618 Executing VM operation: RevokeBias
Event: 98.618 Executing VM operation: RevokeBias done
Event: 98.618 Thread 0x000000001fa45800 DEOPT PACKING pc=0x00000000032c72bc sp=0x0000000024dcd190
Event: 98.618 Thread 0x000000001fa45800 DEOPT UNPACKING pc=0x0000000002f4583b sp=0x0000000024dcd0f0 mode 2
Event: 98.618 Thread 0x000000001fa45800 Uncommon trap: trap_request=0xffffff65 fr.pc=0x00000000032c894c
Event: 98.618 Thread 0x000000001fa45800 DEOPT PACKING pc=0x00000000032c894c sp=0x0000000024dcd090
Event: 98.618 Thread 0x000000001fa45800 DEOPT UNPACKING pc=0x0000000002f4583b sp=0x0000000024dccf30 mode 2
Event: 98.618 Thread 0x000000001fa45800 Uncommon trap: trap_request=0xffffff65 fr.pc=0x00000000038b5618
Event: 98.618 Thread 0x000000001fa45800 DEOPT PACKING pc=0x00000000038b5618 sp=0x0000000024dcd110
Event: 98.618 Thread 0x000000001fa45800 DEOPT UNPACKING pc=0x0000000002f4583b sp=0x0000000024dcd058 mode 2


Dynamic libraries:
0x00007ff7423d0000 - 0x00007ff742407000 	C:\Program Files\Java\jdk1.8.0_181\bin\java.exe
0x00007ffebe5c0000 - 0x00007ffebe7a1000 	C:\WINDOWS\SYSTEM32\ntdll.dll
0x00007ffebbc40000 - 0x00007ffebbcf2000 	C:\WINDOWS\System32\KERNEL32.DLL
0x00007ffeba9f0000 - 0x00007ffebac63000 	C:\WINDOWS\System32\KERNELBASE.dll
0x00007ffebded0000 - 0x00007ffebdf71000 	C:\WINDOWS\System32\ADVAPI32.dll
0x00007ffebd490000 - 0x00007ffebd52e000 	C:\WINDOWS\System32\msvcrt.dll
0x00007ffebd430000 - 0x00007ffebd48b000 	C:\WINDOWS\System32\sechost.dll
0x00007ffebbab0000 - 0x00007ffebbbd4000 	C:\WINDOWS\System32\RPCRT4.dll
0x00007ffebe400000 - 0x00007ffebe590000 	C:\WINDOWS\System32\USER32.dll
0x00007ffebb6a0000 - 0x00007ffebb6c0000 	C:\WINDOWS\System32\win32u.dll
0x00007ffebe3d0000 - 0x00007ffebe3f8000 	C:\WINDOWS\System32\GDI32.dll
0x00007ffebb400000 - 0x00007ffebb592000 	C:\WINDOWS\System32\gdi32full.dll
0x00007ffebb9b0000 - 0x00007ffebba4f000 	C:\WINDOWS\System32\msvcp_win.dll
0x00007ffebb5a0000 - 0x00007ffebb69a000 	C:\WINDOWS\System32\ucrtbase.dll
0x00007ffeaf3a0000 - 0x00007ffeaf609000 	C:\WINDOWS\WinSxS\amd64_microsoft.windows.common-controls_6595b64144ccf1df_6.0.17134.407_none_fb449d63306391e9\COMCTL32.dll
0x00007ffebd940000 - 0x00007ffebdc62000 	C:\WINDOWS\System32\combase.dll
0x00007ffebb380000 - 0x00007ffebb3fa000 	C:\WINDOWS\System32\bcryptPrimitives.dll
0x00007ffebd730000 - 0x00007ffebd75d000 	C:\WINDOWS\System32\IMM32.DLL
0x0000000063c00000 - 0x0000000063cd2000 	C:\Program Files\Java\jdk1.8.0_181\jre\bin\msvcr100.dll
0x0000000063350000 - 0x0000000063bf2000 	C:\Program Files\Java\jdk1.8.0_181\jre\bin\server\jvm.dll
0x00007ffebdc70000 - 0x00007ffebdc78000 	C:\WINDOWS\System32\PSAPI.DLL
0x00007ffeb4a40000 - 0x00007ffeb4a4a000 	C:\WINDOWS\SYSTEM32\VERSION.dll
0x00007ffeb8060000 - 0x00007ffeb8083000 	C:\WINDOWS\SYSTEM32\WINMM.dll
0x00007ffeb7420000 - 0x00007ffeb7429000 	C:\WINDOWS\SYSTEM32\WSOCK32.dll
0x00007ffebd2f0000 - 0x00007ffebd35c000 	C:\WINDOWS\System32\WS2_32.dll
0x00007ffeb7740000 - 0x00007ffeb776a000 	C:\WINDOWS\SYSTEM32\WINMMBASE.dll
0x00007ffebb960000 - 0x00007ffebb9a9000 	C:\WINDOWS\System32\cfgmgr32.dll
0x0000000063340000 - 0x000000006334f000 	C:\Program Files\Java\jdk1.8.0_181\jre\bin\verify.dll
0x0000000063310000 - 0x0000000063339000 	C:\Program Files\Java\jdk1.8.0_181\jre\bin\java.dll
0x00000000632f0000 - 0x0000000063306000 	C:\Program Files\Java\jdk1.8.0_181\jre\bin\zip.dll
0x00007ffebbeb0000 - 0x00007ffebd2ef000 	C:\WINDOWS\System32\SHELL32.dll
0x00007ffebdc90000 - 0x00007ffebdd39000 	C:\WINDOWS\System32\shcore.dll
0x00007ffebac70000 - 0x00007ffebb37d000 	C:\WINDOWS\System32\windows.storage.dll
0x00007ffebbbe0000 - 0x00007ffebbc31000 	C:\WINDOWS\System32\shlwapi.dll
0x00007ffeba950000 - 0x00007ffeba961000 	C:\WINDOWS\System32\kernel.appcore.dll
0x00007ffeba970000 - 0x00007ffeba98f000 	C:\WINDOWS\System32\profapi.dll
0x00007ffeba900000 - 0x00007ffeba94c000 	C:\WINDOWS\System32\powrprof.dll
0x00007ffeba8d0000 - 0x00007ffeba8da000 	C:\WINDOWS\System32\FLTLIB.DLL
0x00007ffeb7410000 - 0x00007ffeb741a000 	D:\Programmi\apache-maven-3.6.0-bin\apache-maven-3.6.0\lib\jansi-native\windows64\jansi.dll
0x00000000632d0000 - 0x00000000632ea000 	C:\Program Files\Java\jdk1.8.0_181\jre\bin\net.dll
0x00007ffeba0f0000 - 0x00007ffeba156000 	C:\WINDOWS\system32\mswsock.dll
0x00000000632b0000 - 0x00000000632c1000 	C:\Program Files\Java\jdk1.8.0_181\jre\bin\nio.dll
0x00000000632a0000 - 0x00000000632ad000 	C:\Program Files\Java\jdk1.8.0_181\jre\bin\management.dll
0x00007ffeba2a0000 - 0x00007ffeba2b7000 	C:\WINDOWS\SYSTEM32\CRYPTSP.dll
0x00007ffeb9cd0000 - 0x00007ffeb9d03000 	C:\WINDOWS\system32\rsaenh.dll
0x00007ffeba3d0000 - 0x00007ffeba3f5000 	C:\WINDOWS\SYSTEM32\bcrypt.dll
0x00007ffeba800000 - 0x00007ffeba828000 	C:\WINDOWS\SYSTEM32\USERENV.dll
0x00007ffeba2c0000 - 0x00007ffeba2cb000 	C:\WINDOWS\SYSTEM32\CRYPTBASE.dll
0x00007ffeb9e70000 - 0x00007ffeb9ea8000 	C:\WINDOWS\SYSTEM32\IPHLPAPI.DLL
0x00007ffebdc80000 - 0x00007ffebdc88000 	C:\WINDOWS\System32\NSI.dll
0x00007ffeb5730000 - 0x00007ffeb5746000 	C:\WINDOWS\SYSTEM32\dhcpcsvc6.DLL
0x00007ffeb5980000 - 0x00007ffeb599a000 	C:\WINDOWS\SYSTEM32\dhcpcsvc.DLL
0x00007ffeb73b0000 - 0x00007ffeb73d4000 	D:\github\plathea\jaxrs-jersey-server-generated\src\main\java\io\core\InterfaceJNI_DLL.dll
0x00007ffeb6cf0000 - 0x00007ffeb6d11000 	C:\WINDOWS\SYSTEM32\VCRUNTIME140D.dll
0x00007ffe8f140000 - 0x00007ffe8f2fd000 	C:\WINDOWS\SYSTEM32\ucrtbased.dll
0x00007ffe70dc0000 - 0x00007ffe71181000 	D:\github\plathea\jaxrs-jersey-server-generated\PlatheaDLL.dll
0x00007ffebdd40000 - 0x00007ffebde2d000 	C:\WINDOWS\System32\COMDLG32.dll
0x00007ffebd780000 - 0x00007ffebd8d1000 	C:\WINDOWS\System32\ole32.dll
0x00007ffe89be0000 - 0x00007ffe89ce8000 	D:\github\plathea\jaxrs-jersey-server-generated\opencv_video310d.dll
0x00007ffe87dd0000 - 0x00007ffe87f7c000 	D:\github\plathea\jaxrs-jersey-server-generated\opencv_ml310d.dll
0x00007ffeaea80000 - 0x00007ffeaeae6000 	D:\github\plathea\jaxrs-jersey-server-generated\opencv_highgui310d.dll
0x00007ffe6be80000 - 0x00007ffe6c254000 	D:\github\plathea\jaxrs-jersey-server-generated\opencv_calib3d310d.dll
0x00007ffe87650000 - 0x00007ffe877e4000 	D:\github\plathea\jaxrs-jersey-server-generated\opencv_objdetect310d.dll
0x00007ffe883f0000 - 0x00007ffe884a2000 	D:\github\plathea\jaxrs-jersey-server-generated\opencv_videoio310d.dll
0x00007ffebd360000 - 0x00007ffebd422000 	C:\WINDOWS\System32\OLEAUT32.dll
0x00007ffe69830000 - 0x00007ffe6a7ce000 	D:\github\plathea\jaxrs-jersey-server-generated\opencv_core310d.dll
0x00007ffe87550000 - 0x00007ffe87644000 	C:\WINDOWS\SYSTEM32\MSVCP140D.dll
0x00007ffe64e60000 - 0x00007ffe6702b000 	D:\github\plathea\jaxrs-jersey-server-generated\opencv_imgproc310d.dll
0x00007ffe6b920000 - 0x00007ffe6be7e000 	D:\github\plathea\jaxrs-jersey-server-generated\opencv_imgcodecs310d.dll
0x00007ffe85e30000 - 0x00007ffe85fad000 	D:\github\plathea\jaxrs-jersey-server-generated\opencv_flann310d.dll
0x00007ffe6b6f0000 - 0x00007ffe6b915000 	D:\github\plathea\jaxrs-jersey-server-generated\opencv_features2d310d.dll
0x00007ffeaf240000 - 0x00007ffeaf269000 	C:\WINDOWS\SYSTEM32\MSVFW32.dll
0x00007ffeb7390000 - 0x00007ffeb73af000 	C:\WINDOWS\SYSTEM32\AVIFIL32.dll
0x00007ffeb6cd0000 - 0x00007ffeb6ce8000 	C:\WINDOWS\SYSTEM32\AVICAP32.dll
0x00007ffe87490000 - 0x00007ffe87546000 	C:\WINDOWS\SYSTEM32\CONCRT140D.dll
0x00007ffeab9a0000 - 0x00007ffeab9bc000 	C:\WINDOWS\SYSTEM32\MSACM32.dll
0x00007ffea8020000 - 0x00007ffea81e9000 	C:\WINDOWS\SYSTEM32\dbghelp.dll

VM Arguments:
jvm_args: -Dclassworlds.conf=D:\Programmi\apache-maven-3.6.0-bin\apache-maven-3.6.0\bin\..\bin\m2.conf -Dmaven.home=D:\Programmi\apache-maven-3.6.0-bin\apache-maven-3.6.0\bin\.. -Dlibrary.jansi.path=D:\Programmi\apache-maven-3.6.0-bin\apache-maven-3.6.0\bin\..\lib\jansi-native -Dmaven.multiModuleProjectDirectory=D:\github\plathea\jaxrs-jersey-server-generated 
java_command: org.codehaus.plexus.classworlds.launcher.Launcher clean package jetty:run
java_class_path (initial): D:\Programmi\apache-maven-3.6.0-bin\apache-maven-3.6.0\bin\..\boot\plexus-classworlds-2.5.2.jar
Launcher Type: SUN_STANDARD

Environment Variables:
JAVA_HOME=C:\Program Files\Java\jdk1.8.0_181
PATH=C:\Program Files (x86)\Common Files\Oracle\Java\javapath;C:\Users\jack1\Desktop\plathea-code-22-trunk\plathea-code-22-trunk\opencv-master\build\install_release\x64\vc12\bin;C:\WINDOWS\system32;C:\WINDOWS;C:\WINDOWS\System32\Wbem;C:\WINDOWS\System32\WindowsPowerShell\v1.0\;C:\Program Files\Git\cmd;C:\Program Files\nodejs\;C:\Program Files\PuTTY\;C:\Users\jack1\AppData\Local\Microsoft\WindowsApps;C:\Users\jack1\AppData\Roaming\npm;C:\Users\jack1\AppData\Local\atom\bin;C:\adb;C:\WINDOWS\system32;C:\WINDOWS;C:\WINDOWS\System32\Wbem;C:\WINDOWS\System32\WindowsPowerShell\v1.0\;C:\WINDOWS\System32\OpenSSH\;C:\Users\jack1\Desktop\plathea-code-22-trunk\plathea-code-22-trunk\opencv-master\build\install_debug\x64\vc12\bin;C:\Users\jack1\AppData\Local\Microsoft\WindowsApps;C:\Users\jack1\AppData\Roaming\npm;C:\Users\jack1\AppData\Local\atom\bin;C:\Users\jack1\AppData\Local\Microsoft\WindowsApps;C:\Program Files\LLVM\bin;C:\ProgramData\jack1\atom\bin;C:\Program Files\Java\jdk1.8.0_181\bin;C:\Program Files\mingw-w64\x86_64-8.1.0-win32-seh-rt_v6-rev0\mingw64\bin;D:\Programmi\apache-maven-3.6.0-bin\apache-maven-3.6.0\bin;D:\github\plathea\LeoStormLibrary\LeoStormWindowsLib;
USERNAME=jack1
OS=Windows_NT
PROCESSOR_IDENTIFIER=Intel64 Family 6 Model 58 Stepping 9, GenuineIntel



---------------  S Y S T E M  ---------------

OS: Windows 10.0 , 64 bit Build 17134 (10.0.17134.1)

CPU:total 8 (initial active 8) (4 cores per cpu, 2 threads per core) family 6 model 58 stepping 9, cmov, cx8, fxsr, mmx, sse, sse2, sse3, ssse3, sse4.1, sse4.2, popcnt, avx, aes, clmul, erms, ht, tsc, tscinvbit, tscinv

Memory: 4k page, physical 16659944k(9888408k free), swap 19150312k(11716876k free)

vm_info: Java HotSpot(TM) 64-Bit Server VM (25.181-b13) for windows-amd64 JRE (1.8.0_181-b13), built on Jul  7 2018 04:01:33 by "java_re" with MS VC++ 10.0 (VS2010)

time: Sat Nov 17 20:19:48 2018
elapsed time: 98 seconds (0d 0h 1m 38s)

