#
# A fatal error has been detected by the Java Runtime Environment:
#
#  EXCEPTION_ACCESS_VIOLATION (0xc0000005) at pc=0x0000000052a44917, pid=4700, tid=0x0000000000001018
#
# JRE version: Java(TM) SE Runtime Environment (8.0_181-b13) (build 1.8.0_181-b13)
# Java VM: Java HotSpot(TM) 64-Bit Server VM (25.181-b13 mixed mode windows-amd64 compressed oops)
# Problematic frame:
# V  [jvm.dll+0x214917]
#
# Failed to write core dump. Minidumps are not enabled by default on client versions of Windows
#
# If you would like to submit a bug report, please visit:
#   http://bugreport.java.com/bugreport/crash.jsp
#

---------------  T H R E A D  ---------------

Current thread (0x000000001e75b000):  JavaThread "qtp1238746961-26" [_thread_in_Java, id=4120, stack(0x0000000029df0000,0x0000000029ef0000)]

siginfo: ExceptionCode=0xc0000005, reading address 0xffffffffffffffff

Registers:
RAX=0xcccccccccccccccc, RBX=0x000000003ac91f00, RCX=0x0000000029eec9b0, RDX=0x0000000000000007
RSP=0x0000000029eec6e8, RBP=0x0000000029eec7f0, RSI=0x000000001e75b000, RDI=0x00000000ffffffff
R8 =0x0000000000000007, R9 =0x0000000029eec9b8, R10=0x0000000002d30827, R11=0x0000000000000008
R12=0x000000002004b110, R13=0x000000001e75b000, R14=0x0000000029eec788, R15=0x000000003ac91f00
RIP=0x0000000052a44917, EFLAGS=0x0000000000010286

Top of Stack: (sp=0x0000000029eec6e8)
0x0000000029eec6e8:   0000000052a45805 000000003ac91f00
0x0000000029eec6f8:   0000000029eec7f0 000000001f525d48
0x0000000029eec708:   000000001e75b000 000000001e75b000
0x0000000029eec718:   0000000052a678fd 0000000029eec890
0x0000000029eec728:   000000003ac91f00 000000003ac91f00
0x0000000029eec738:   000000001e75b000 0000000002d43be0
0x0000000029eec748:   0000000052a672ab 0000000029eec850
0x0000000029eec758:   000000002570fb00 00008ee87314916e
0x0000000029eec768:   000000001f525d78 0000000000000000
0x0000000029eec778:   000000003ac91f00 000000001e75b000
0x0000000029eec788:   000000001f525d48 000000003ac91f00
0x0000000029eec798:   000000001e75b000 0000000029eecac8
0x0000000029eec7a8:   0000000002957080 000000001e75b000
0x0000000029eec7b8:   0000000021db0660 000000003ac91f00
0x0000000029eec7c8:   000000076f1d5730 0000000029eecf50
0x0000000029eec7d8:   0000000002d48c3b 0000000029eecfc0 

Instructions: (pc=0x0000000052a44917)
0x0000000052a448f7:   68 7e 30 66 0f 1f 44 00 00 48 8b 41 60 80 3c 02
0x0000000052a44907:   00 74 14 4c 8b 49 58 49 8b 04 d1 48 85 c0 74 03
0x0000000052a44917:   48 8b 00 49 89 04 d1 41 ff c0 48 ff c2 44 3b 41
0x0000000052a44927:   68 7c d6 48 8b 41 58 c3 cc 40 53 48 83 ec 20 80 


Register to memory mapping:

RAX=0xcccccccccccccccc is an unknown value
RBX={method} {0x000000003ac91f08} '<init>' '(Lio/core/InterfaceJNI;Ljava/lang/String;IIIILjava/lang/String;)V' in 'io/core/InterfaceJNI$TrackedPerson'
RCX=0x0000000029eec9b0 is pointing into the stack for thread: 0x000000001e75b000
RDX=0x0000000000000007 is an unknown value
RSP=0x0000000029eec6e8 is pointing into the stack for thread: 0x000000001e75b000
RBP=0x0000000029eec7f0 is pointing into the stack for thread: 0x000000001e75b000
RSI=0x000000001e75b000 is a thread
RDI=0x00000000ffffffff is an unknown value
R8 =0x0000000000000007 is an unknown value
R9 =0x0000000029eec9b8 is pointing into the stack for thread: 0x000000001e75b000
R10=0x0000000002d30827 is at begin+0 in a stub
StubRoutines::call_stub [0x0000000002d30827, 0x0000000002d3098b[ (356 bytes)
R11=0x0000000000000008 is an unknown value
R12=0x000000002004b110 is an unknown value
R13=0x000000001e75b000 is a thread
R14=0x0000000029eec788 is pointing into the stack for thread: 0x000000001e75b000
R15={method} {0x000000003ac91f08} '<init>' '(Lio/core/InterfaceJNI;Ljava/lang/String;IIIILjava/lang/String;)V' in 'io/core/InterfaceJNI$TrackedPerson'


Stack: [0x0000000029df0000,0x0000000029ef0000],  sp=0x0000000029eec6e8,  free space=1009k
Native frames: (J=compiled Java code, j=interpreted, Vv=VM code, C=native code)
V  [jvm.dll+0x214917]


---------------  P R O C E S S  ---------------

Java Threads: ( => current thread )
  0x000000001e760800 JavaThread "Scheduler-1916955885" [_thread_blocked, id=11276, stack(0x0000000034f60000,0x0000000035060000)]
  0x000000001e75c800 JavaThread "org.eclipse.jetty.server.session.HashSessionManager@7893b8cTimer" daemon [_thread_blocked, id=660, stack(0x0000000034e60000,0x0000000034f60000)]
=>0x000000001e75b000 JavaThread "qtp1238746961-26" [_thread_in_Java, id=4120, stack(0x0000000029df0000,0x0000000029ef0000)]
  0x000000001e762000 JavaThread "qtp1238746961-25-selector-ServerConnectorManager@20bc8f7a/0" [_thread_in_native, id=3024, stack(0x0000000028d20000,0x0000000028e20000)]
  0x000000001e75c000 JavaThread "qtp1238746961-24" [_thread_blocked, id=18108, stack(0x0000000026c80000,0x0000000026d80000)]
  0x0000000021e38000 JavaThread "qtp1238746961-22" [_thread_blocked, id=16824, stack(0x0000000026750000,0x0000000026850000)]
  0x0000000021e38800 JavaThread "qtp1238746961-21-selector-ServerConnectorManager@20bc8f7a/3" [_thread_in_native, id=10616, stack(0x0000000026650000,0x0000000026750000)]
  0x0000000021e35800 JavaThread "qtp1238746961-20" [_thread_blocked, id=4404, stack(0x0000000026550000,0x0000000026650000)]
  0x0000000021e37000 JavaThread "qtp1238746961-19" [_thread_blocked, id=21224, stack(0x0000000026450000,0x0000000026550000)]
  0x0000000021e34800 JavaThread "qtp1238746961-18" [_thread_blocked, id=8392, stack(0x0000000026350000,0x0000000026450000)]
  0x0000000021e36000 JavaThread "qtp1238746961-17-selector-ServerConnectorManager@20bc8f7a/2" [_thread_in_native, id=19540, stack(0x0000000026250000,0x0000000026350000)]
  0x0000000021e34000 JavaThread "qtp1238746961-16-acceptor-0@770e35d4-ServerConnector@7e7e34ef{HTTP/1.1}{0.0.0.0:8080}" [_thread_in_native, id=15660, stack(0x0000000026150000,0x0000000026250000)]
  0x0000000023a3b000 JavaThread "qtp1238746961-15-selector-ServerConnectorManager@20bc8f7a/1" [_thread_in_native, id=20552, stack(0x0000000026050000,0x0000000026150000)]
  0x000000001f565000 JavaThread "ShutdownMonitor" daemon [_thread_in_native, id=16720, stack(0x0000000025f50000,0x0000000026050000)]
  0x000000001e6cd800 JavaThread "Service Thread" daemon [_thread_blocked, id=21468, stack(0x000000001f220000,0x000000001f320000)]
  0x000000001e645800 JavaThread "C1 CompilerThread3" daemon [_thread_blocked, id=20596, stack(0x000000001f120000,0x000000001f220000)]
  0x000000001e641800 JavaThread "C2 CompilerThread2" daemon [_thread_blocked, id=18972, stack(0x000000001f020000,0x000000001f120000)]
  0x000000001e640800 JavaThread "C2 CompilerThread1" daemon [_thread_blocked, id=8856, stack(0x000000001ef20000,0x000000001f020000)]
  0x000000001e63c000 JavaThread "C2 CompilerThread0" daemon [_thread_blocked, id=15284, stack(0x000000001ee20000,0x000000001ef20000)]
  0x000000001e639800 JavaThread "Attach Listener" daemon [_thread_blocked, id=1176, stack(0x000000001ed20000,0x000000001ee20000)]
  0x000000001e638000 JavaThread "Signal Dispatcher" daemon [_thread_blocked, id=21252, stack(0x000000001ec20000,0x000000001ed20000)]
  0x000000001e630800 JavaThread "Finalizer" daemon [_thread_blocked, id=15248, stack(0x000000001ea10000,0x000000001eb10000)]
  0x0000000002d28800 JavaThread "Reference Handler" daemon [_thread_blocked, id=1832, stack(0x000000001e510000,0x000000001e610000)]
  0x0000000002c32800 JavaThread "main" [_thread_blocked, id=11668, stack(0x0000000002b30000,0x0000000002c30000)]

Other Threads:
  0x000000001c74a000 VMThread [stack: 0x000000001e410000,0x000000001e510000] [id=19436]
  0x000000001e65f000 WatcherThread [stack: 0x000000001f320000,0x000000001f420000] [id=1112]

VM state:not at safepoint (normal execution)

VM Mutex/Monitor currently owned by a thread: None

Heap:
 PSYoungGen      total 270848K, used 63833K [0x000000076b400000, 0x0000000786e80000, 0x00000007c0000000)
  eden space 228864K, 27% used [0x000000076b400000,0x000000076f2567f0,0x0000000779380000)
  from space 41984K, 0% used [0x000000077c700000,0x000000077c700000,0x000000077f000000)
  to   space 52736K, 0% used [0x0000000779380000,0x0000000779380000,0x000000077c700000)
 ParOldGen       total 284672K, used 86662K [0x00000006c1c00000, 0x00000006d3200000, 0x000000076b400000)
  object space 284672K, 30% used [0x00000006c1c00000,0x00000006c70a1940,0x00000006d3200000)
 Metaspace       used 42696K, capacity 44098K, committed 44416K, reserved 1087488K
  class space    used 5082K, capacity 5426K, committed 5504K, reserved 1048576K

Card table byte_map: [0x00000000120f0000,0x00000000128f0000] byte_map_base: 0x000000000eae2000

Marking Bits: (ParMarkBitMap*) 0x0000000053052d00
 Begin Bits: [0x0000000013640000, 0x00000000175d0000)
 End Bits:   [0x00000000175d0000, 0x000000001b560000)

Polling page: 0x0000000000b50000

CodeCache: size=245760Kb used=21974Kb max_used=23116Kb free=223785Kb
 bounds [0x0000000002d30000, 0x00000000043f0000, 0x0000000011d30000]
 total_blobs=6540 nmethods=6048 adapters=404
 compilation: enabled

Compilation events (10 events):
Event: 36.685 Thread 0x000000001e645800 7270       3       org.jvnet.hk2.internal.ServiceLocatorImpl::resolveContext (73 bytes)
Event: 36.685 Thread 0x000000001e645800 nmethod 7270 0x0000000002f9b010 code [0x0000000002f9b200, 0x0000000002f9bc98]
Event: 36.686 Thread 0x000000001e645800 7273       3       org.jvnet.hk2.internal.SystemInjecteeImpl::hashCode (21 bytes)
Event: 36.686 Thread 0x000000001e645800 nmethod 7273 0x0000000002e9fa50 code [0x0000000002e9fbc0, 0x0000000002e9feb8]
Event: 36.686 Thread 0x000000001e645800 7268       1       org.eclipse.jetty.http.HttpFields::access$000 (5 bytes)
Event: 36.686 Thread 0x000000001e645800 nmethod 7268 0x00000000041f7850 code [0x00000000041f79a0, 0x00000000041f7a90]
Event: 36.687 Thread 0x000000001e645800 7271       3       java.util.Spliterators::spliterator (16 bytes)
Event: 36.687 Thread 0x000000001e645800 nmethod 7271 0x0000000003352090 code [0x0000000003352220, 0x0000000003352538]
Event: 36.688 Thread 0x000000001e645800 7272       3       java.util.Spliterators$IteratorSpliterator::<init> (39 bytes)
Event: 36.688 Thread 0x000000001e645800 nmethod 7272 0x0000000002e957d0 code [0x0000000002e95940, 0x0000000002e95b90]

GC Heap History (10 events):
Event: 3.928 GC heap before
{Heap before GC invocations=4 (full 1):
 PSYoungGen      total 141824K, used 10720K [0x000000076b400000, 0x000000077c900000, 0x00000007c0000000)
  eden space 131072K, 0% used [0x000000076b400000,0x000000076b400000,0x0000000773400000)
  from space 10752K, 99% used [0x0000000773400000,0x0000000773e78020,0x0000000773e80000)
  to   space 10752K, 0% used [0x000000077be80000,0x000000077be80000,0x000000077c900000)
 ParOldGen       total 175104K, used 3355K [0x00000006c1c00000, 0x00000006cc700000, 0x000000076b400000)
  object space 175104K, 1% used [0x00000006c1c00000,0x00000006c1f46dc0,0x00000006cc700000)
 Metaspace       used 20584K, capacity 21168K, committed 21296K, reserved 1069056K
  class space    used 2479K, capacity 2664K, committed 2688K, reserved 1048576K
Event: 4.015 GC heap after
Heap after GC invocations=4 (full 1):
 PSYoungGen      total 141824K, used 0K [0x000000076b400000, 0x000000077c900000, 0x00000007c0000000)
  eden space 131072K, 0% used [0x000000076b400000,0x000000076b400000,0x0000000773400000)
  from space 10752K, 0% used [0x0000000773400000,0x0000000773400000,0x0000000773e80000)
  to   space 10752K, 0% used [0x000000077be80000,0x000000077be80000,0x000000077c900000)
 ParOldGen       total 124416K, used 13894K [0x00000006c1c00000, 0x00000006c9580000, 0x000000076b400000)
  object space 124416K, 11% used [0x00000006c1c00000,0x00000006c2991bd0,0x00000006c9580000)
 Metaspace       used 20584K, capacity 21168K, committed 21296K, reserved 1069056K
  class space    used 2479K, capacity 2664K, committed 2688K, reserved 1048576K
}
Event: 7.379 GC heap before
{Heap before GC invocations=5 (full 1):
 PSYoungGen      total 141824K, used 131072K [0x000000076b400000, 0x000000077c900000, 0x00000007c0000000)
  eden space 131072K, 100% used [0x000000076b400000,0x0000000773400000,0x0000000773400000)
  from space 10752K, 0% used [0x0000000773400000,0x0000000773400000,0x0000000773e80000)
  to   space 10752K, 0% used [0x000000077be80000,0x000000077be80000,0x000000077c900000)
 ParOldGen       total 124416K, used 13894K [0x00000006c1c00000, 0x00000006c9580000, 0x000000076b400000)
  object space 124416K, 11% used [0x00000006c1c00000,0x00000006c2991bd0,0x00000006c9580000)
 Metaspace       used 24583K, capacity 25348K, committed 25600K, reserved 1071104K
  class space    used 2822K, capacity 3005K, committed 3072K, reserved 1048576K
Event: 7.394 GC heap after
Heap after GC invocations=5 (full 1):
 PSYoungGen      total 185344K, used 10733K [0x000000076b400000, 0x000000077c900000, 0x00000007c0000000)
  eden space 174592K, 0% used [0x000000076b400000,0x000000076b400000,0x0000000775e80000)
  from space 10752K, 99% used [0x000000077be80000,0x000000077c8fb768,0x000000077c900000)
  to   space 10752K, 0% used [0x000000077b400000,0x000000077b400000,0x000000077be80000)
 ParOldGen       total 124416K, used 19189K [0x00000006c1c00000, 0x00000006c9580000, 0x000000076b400000)
  object space 124416K, 15% used [0x00000006c1c00000,0x00000006c2ebd590,0x00000006c9580000)
 Metaspace       used 24583K, capacity 25348K, committed 25600K, reserved 1071104K
  class space    used 2822K, capacity 3005K, committed 3072K, reserved 1048576K
}
Event: 9.210 GC heap before
{Heap before GC invocations=6 (full 1):
 PSYoungGen      total 185344K, used 185325K [0x000000076b400000, 0x000000077c900000, 0x00000007c0000000)
  eden space 174592K, 100% used [0x000000076b400000,0x0000000775e80000,0x0000000775e80000)
  from space 10752K, 99% used [0x000000077be80000,0x000000077c8fb768,0x000000077c900000)
  to   space 10752K, 0% used [0x000000077b400000,0x000000077b400000,0x000000077be80000)
 ParOldGen       total 124416K, used 19202K [0x00000006c1c00000, 0x00000006c9580000, 0x000000076b400000)
  object space 124416K, 15% used [0x00000006c1c00000,0x00000006c2ec0ad8,0x00000006c9580000)
 Metaspace       used 28587K, capacity 29328K, committed 29696K, reserved 1075200K
  class space    used 3254K, capacity 3461K, committed 3584K, reserved 1048576K
Event: 9.247 GC heap after
Heap after GC invocations=6 (full 1):
 PSYoungGen      total 250368K, used 10735K [0x000000076b400000, 0x000000077f000000, 0x00000007c0000000)
  eden space 239616K, 0% used [0x000000076b400000,0x000000076b400000,0x0000000779e00000)
  from space 10752K, 99% used [0x000000077b400000,0x000000077be7bd20,0x000000077be80000)
  to   space 41984K, 0% used [0x000000077c700000,0x000000077c700000,0x000000077f000000)
 ParOldGen       total 124416K, used 57926K [0x00000006c1c00000, 0x00000006c9580000, 0x000000076b400000)
  object space 124416K, 46% used [0x00000006c1c00000,0x00000006c5491bc0,0x00000006c9580000)
 Metaspace       used 28587K, capacity 29328K, committed 29696K, reserved 1075200K
  class space    used 3254K, capacity 3461K, committed 3584K, reserved 1048576K
}
Event: 10.737 GC heap before
{Heap before GC invocations=7 (full 1):
 PSYoungGen      total 250368K, used 156042K [0x000000076b400000, 0x000000077f000000, 0x00000007c0000000)
  eden space 239616K, 60% used [0x000000076b400000,0x00000007741e6cf8,0x0000000779e00000)
  from space 10752K, 99% used [0x000000077b400000,0x000000077be7bd20,0x000000077be80000)
  to   space 41984K, 0% used [0x000000077c700000,0x000000077c700000,0x000000077f000000)
 ParOldGen       total 124416K, used 57926K [0x00000006c1c00000, 0x00000006c9580000, 0x000000076b400000)
  object space 124416K, 46% used [0x00000006c1c00000,0x00000006c5491bc0,0x00000006c9580000)
 Metaspace       used 34172K, capacity 35288K, committed 35456K, reserved 1081344K
  class space    used 4037K, capacity 4357K, committed 4480K, reserved 1048576K
Event: 10.787 GC heap after
Heap after GC invocations=7 (full 1):
 PSYoungGen      total 270848K, used 41966K [0x000000076b400000, 0x0000000786e80000, 0x00000007c0000000)
  eden space 228864K, 0% used [0x000000076b400000,0x000000076b400000,0x0000000779380000)
  from space 41984K, 99% used [0x000000077c700000,0x000000077effbb70,0x000000077f000000)
  to   space 52736K, 0% used [0x0000000779380000,0x0000000779380000,0x000000077c700000)
 ParOldGen       total 124416K, used 61500K [0x00000006c1c00000, 0x00000006c9580000, 0x000000076b400000)
  object space 124416K, 49% used [0x00000006c1c00000,0x00000006c580f1c0,0x00000006c9580000)
 Metaspace       used 34172K, capacity 35288K, committed 35456K, reserved 1081344K
  class space    used 4037K, capacity 4357K, committed 4480K, reserved 1048576K
}
Event: 10.787 GC heap before
{Heap before GC invocations=8 (full 2):
 PSYoungGen      total 270848K, used 41966K [0x000000076b400000, 0x0000000786e80000, 0x00000007c0000000)
  eden space 228864K, 0% used [0x000000076b400000,0x000000076b400000,0x0000000779380000)
  from space 41984K, 99% used [0x000000077c700000,0x000000077effbb70,0x000000077f000000)
  to   space 52736K, 0% used [0x0000000779380000,0x0000000779380000,0x000000077c700000)
 ParOldGen       total 124416K, used 61500K [0x00000006c1c00000, 0x00000006c9580000, 0x000000076b400000)
  object space 124416K, 49% used [0x00000006c1c00000,0x00000006c580f1c0,0x00000006c9580000)
 Metaspace       used 34172K, capacity 35288K, committed 35456K, reserved 1081344K
  class space    used 4037K, capacity 4357K, committed 4480K, reserved 1048576K
Event: 10.976 GC heap after
Heap after GC invocations=8 (full 2):
 PSYoungGen      total 270848K, used 0K [0x000000076b400000, 0x0000000786e80000, 0x00000007c0000000)
  eden space 228864K, 0% used [0x000000076b400000,0x000000076b400000,0x0000000779380000)
  from space 41984K, 0% used [0x000000077c700000,0x000000077c700000,0x000000077f000000)
  to   space 52736K, 0% used [0x0000000779380000,0x0000000779380000,0x000000077c700000)
 ParOldGen       total 284672K, used 86662K [0x00000006c1c00000, 0x00000006d3200000, 0x000000076b400000)
  object space 284672K, 30% used [0x00000006c1c00000,0x00000006c70a1940,0x00000006d3200000)
 Metaspace       used 34172K, capacity 35288K, committed 35456K, reserved 1081344K
  class space    used 4037K, capacity 4357K, committed 4480K, reserved 1048576K
}

Deoptimization events (10 events):
Event: 16.001 Thread 0x0000000021e37000 Uncommon trap: reason=class_check action=maybe_recompile pc=0x000000000326cf48 method=java.lang.reflect.Method.equals(Ljava/lang/Object;)Z @ 5
Event: 16.001 Thread 0x0000000021e37000 Uncommon trap: reason=class_check action=maybe_recompile pc=0x000000000326cf48 method=java.lang.reflect.Method.equals(Ljava/lang/Object;)Z @ 5
Event: 16.013 Thread 0x0000000021e37000 Uncommon trap: reason=bimorphic action=maybe_recompile pc=0x000000000378e208 method=java.util.LinkedHashMap.afterNodeInsertion(Z)V @ 15
Event: 16.013 Thread 0x0000000021e37000 Uncommon trap: reason=unstable_if action=reinterpret pc=0x00000000035974dc method=java.lang.ThreadLocal$ThreadLocalMap.getEntry(Ljava/lang/ThreadLocal;)Ljava/lang/ThreadLocal$ThreadLocalMap$Entry; @ 29
Event: 23.371 Thread 0x0000000021e37000 Uncommon trap: reason=speculate_class_check action=maybe_recompile pc=0x0000000003cd43c4 method=java.util.AbstractList.listIterator()Ljava/util/ListIterator; @ 2
Event: 23.372 Thread 0x0000000021e37000 Uncommon trap: reason=class_check action=maybe_recompile pc=0x0000000002ee36d4 method=java.util.Collections$UnmodifiableMap.entrySet()Ljava/util/Set; @ 16
Event: 23.372 Thread 0x0000000021e37000 Uncommon trap: reason=class_check action=maybe_recompile pc=0x0000000003440610 method=java.util.Collections$UnmodifiableMap$UnmodifiableEntrySet$1.hasNext()Z @ 4
Event: 23.376 Thread 0x0000000021e37000 Uncommon trap: reason=unstable_if action=reinterpret pc=0x00000000035991ec method=java.lang.ThreadLocal$ThreadLocalMap.getEntry(Ljava/lang/ThreadLocal;)Ljava/lang/ThreadLocal$ThreadLocalMap$Entry; @ 29
Event: 36.681 Thread 0x000000001e75b000 Uncommon trap: reason=unstable_if action=reinterpret pc=0x0000000003667838 method=java.util.regex.Pattern$LastNode.match(Ljava/util/regex/Matcher;ILjava/lang/CharSequence;)Z @ 13
Event: 36.684 Thread 0x000000001e75b000 Uncommon trap: reason=unstable_if action=reinterpret pc=0x0000000004367e74 method=sun.reflect.annotation.AnnotationInvocationHandler.invoke(Ljava/lang/Object;Ljava/lang/reflect/Method;[Ljava/lang/Object;)Ljava/lang/Object; @ 19

Classes redefined (0 events):
No events

Internal exceptions (10 events):
Event: 8.528 Thread 0x0000000002c32800 Exception <a 'java/lang/ClassNotFoundException': sun/net/www/protocol/c/Handler> (0x000000076f493ee8) thrown at [C:\re\workspace\8-2-build-windows-amd64-cygwin\jdk8u181\11358\hotspot\src\share\vm\classfile\systemDictionary.cpp, line 210]
Event: 8.529 Thread 0x0000000002c32800 Exception <a 'java/lang/ClassNotFoundException': sun/net/www/protocol/c/Handler> (0x000000076f496420) thrown at [C:\re\workspace\8-2-build-windows-amd64-cygwin\jdk8u181\11358\hotspot\src\share\vm\classfile\systemDictionary.cpp, line 210]
Event: 8.614 Thread 0x0000000021e34000 Implicit null exception at 0x0000000002edf659 to 0x0000000002edfe59
Event: 8.614 Thread 0x0000000021e36000 Implicit null exception at 0x0000000002edf659 to 0x0000000002edfe59
Event: 8.614 Thread 0x0000000021e35800 Implicit null exception at 0x0000000002e83ecc to 0x0000000002e845d5
Event: 8.616 Thread 0x0000000023a3b000 Implicit null exception at 0x0000000002edf659 to 0x0000000002edfe59
Event: 10.365 Thread 0x0000000002c32800 Exception <a 'java/lang/NoSuchFieldError': method resolution failed> (0x00000007723de690) thrown at [C:\re\workspace\8-2-build-windows-amd64-cygwin\jdk8u181\11358\hotspot\src\share\vm\prims\methodHandles.cpp, line 1167]
Event: 10.366 Thread 0x0000000002c32800 Exception <a 'java/lang/NoSuchFieldError': method resolution failed> (0x00000007723ec120) thrown at [C:\re\workspace\8-2-build-windows-amd64-cygwin\jdk8u181\11358\hotspot\src\share\vm\prims\methodHandles.cpp, line 1167]
Event: 11.233 Thread 0x0000000002c32800 Exception <a 'java/lang/NoSuchMethodError': java.lang.Object.lambda$and$0(Ljava/util/function/Predicate;Ljava/lang/Object;)Z> (0x000000076c2f49c0) thrown at [C:\re\workspace\8-2-build-windows-amd64-cygwin\jdk8u181\11358\hotspot\src\share\vm\interpreter\li
Event: 11.309 Thread 0x0000000002c32800 Exception <a 'java/lang/NoSuchMethodError': java.lang.Object.lambda$comparingInt$7b0bb60$1(Ljava/util/function/ToIntFunction;Ljava/lang/Object;Ljava/lang/Object;)I> (0x000000076c670bd0) thrown at [C:\re\workspace\8-2-build-windows-amd64-cygwin\jdk8u181\11

Events (10 events):
Event: 36.686 Thread 0x000000001e645800 flushing nmethod 0x000000000339d150
Event: 36.686 Executing VM operation: RevokeBias
Event: 36.686 Executing VM operation: RevokeBias done
Event: 36.686 Thread 0x000000001e645800 flushing nmethod 0x00000000033d8250
Event: 36.686 Thread 0x000000001e645800 flushing nmethod 0x00000000033d8650
Event: 36.687 Thread 0x000000001e645800 flushing nmethod 0x00000000035f0910
Event: 36.688 Thread 0x000000001e645800 flushing nmethod 0x000000000378c810
Event: 36.688 Thread 0x000000001e645800 flushing nmethod 0x00000000037df290
Event: 36.688 Thread 0x000000001e645800 flushing nmethod 0x00000000038ab610
Event: 36.688 Thread 0x000000001e645800 flushing nmethod 0x00000000038f5d10


Dynamic libraries:
0x00007ff77a250000 - 0x00007ff77a287000 	C:\Program Files\Java\jdk1.8.0_181\bin\java.exe
0x00007ff8234d0000 - 0x00007ff8236b1000 	C:\WINDOWS\SYSTEM32\ntdll.dll
0x00007ff823160000 - 0x00007ff823212000 	C:\WINDOWS\System32\KERNEL32.DLL
0x00007ff81faa0000 - 0x00007ff81fd13000 	C:\WINDOWS\System32\KERNELBASE.dll
0x00007ff8227b0000 - 0x00007ff822851000 	C:\WINDOWS\System32\ADVAPI32.dll
0x00007ff822710000 - 0x00007ff8227ae000 	C:\WINDOWS\System32\msvcrt.dll
0x00007ff822580000 - 0x00007ff8225db000 	C:\WINDOWS\System32\sechost.dll
0x00007ff8225e0000 - 0x00007ff822704000 	C:\WINDOWS\System32\RPCRT4.dll
0x00007ff823220000 - 0x00007ff8233b0000 	C:\WINDOWS\System32\USER32.dll
0x00007ff81fd70000 - 0x00007ff81fd90000 	C:\WINDOWS\System32\win32u.dll
0x00007ff822550000 - 0x00007ff822578000 	C:\WINDOWS\System32\GDI32.dll
0x00007ff820690000 - 0x00007ff820822000 	C:\WINDOWS\System32\gdi32full.dll
0x00007ff81f900000 - 0x00007ff81f99f000 	C:\WINDOWS\System32\msvcp_win.dll
0x00007ff81f9a0000 - 0x00007ff81fa9a000 	C:\WINDOWS\System32\ucrtbase.dll
0x00007ff8168f0000 - 0x00007ff816b59000 	C:\WINDOWS\WinSxS\amd64_microsoft.windows.common-controls_6595b64144ccf1df_6.0.17134.407_none_fb449d63306391e9\COMCTL32.dll
0x00007ff822020000 - 0x00007ff822342000 	C:\WINDOWS\System32\combase.dll
0x00007ff820830000 - 0x00007ff8208aa000 	C:\WINDOWS\System32\bcryptPrimitives.dll
0x00007ff822f00000 - 0x00007ff822f2d000 	C:\WINDOWS\System32\IMM32.DLL
0x0000000052370000 - 0x0000000052442000 	C:\Program Files\Java\jdk1.8.0_181\jre\bin\msvcr100.dll
0x0000000052830000 - 0x00000000530d2000 	C:\Program Files\Java\jdk1.8.0_181\jre\bin\server\jvm.dll
0x00007ff822860000 - 0x00007ff822868000 	C:\WINDOWS\System32\PSAPI.DLL
0x00007ff81bb00000 - 0x00007ff81bb0a000 	C:\WINDOWS\SYSTEM32\VERSION.dll
0x00007ff816720000 - 0x00007ff816729000 	C:\WINDOWS\SYSTEM32\WSOCK32.dll
0x00007ff81c680000 - 0x00007ff81c6a3000 	C:\WINDOWS\SYSTEM32\WINMM.dll
0x00007ff823430000 - 0x00007ff82349c000 	C:\WINDOWS\System32\WS2_32.dll
0x00007ff81c650000 - 0x00007ff81c67a000 	C:\WINDOWS\SYSTEM32\winmmbase.dll
0x00007ff81fd20000 - 0x00007ff81fd69000 	C:\WINDOWS\System32\cfgmgr32.dll
0x0000000053ec0000 - 0x0000000053ecf000 	C:\Program Files\Java\jdk1.8.0_181\jre\bin\verify.dll
0x0000000053e90000 - 0x0000000053eb9000 	C:\Program Files\Java\jdk1.8.0_181\jre\bin\java.dll
0x0000000053e70000 - 0x0000000053e86000 	C:\Program Files\Java\jdk1.8.0_181\jre\bin\zip.dll
0x00007ff820960000 - 0x00007ff821d9f000 	C:\WINDOWS\System32\SHELL32.dll
0x00007ff822870000 - 0x00007ff822919000 	C:\WINDOWS\System32\shcore.dll
0x00007ff81fd90000 - 0x00007ff82049d000 	C:\WINDOWS\System32\windows.storage.dll
0x00007ff821fb0000 - 0x00007ff822001000 	C:\WINDOWS\System32\shlwapi.dll
0x00007ff81f820000 - 0x00007ff81f831000 	C:\WINDOWS\System32\kernel.appcore.dll
0x00007ff81f800000 - 0x00007ff81f81f000 	C:\WINDOWS\System32\profapi.dll
0x00007ff81f850000 - 0x00007ff81f89c000 	C:\WINDOWS\System32\powrprof.dll
0x00007ff81f840000 - 0x00007ff81f84a000 	C:\WINDOWS\System32\FLTLIB.DLL
0x00007ff81ba40000 - 0x00007ff81ba4a000 	D:\Programmi\apache-maven-3.6.0-bin\apache-maven-3.6.0\lib\jansi-native\windows64\jansi.dll
0x00000000533d0000 - 0x00000000533ea000 	C:\Program Files\Java\jdk1.8.0_181\jre\bin\net.dll
0x00007ff81f050000 - 0x00007ff81f0b6000 	C:\WINDOWS\system32\mswsock.dll
0x0000000052810000 - 0x0000000052821000 	C:\Program Files\Java\jdk1.8.0_181\jre\bin\nio.dll
0x0000000052760000 - 0x000000005276d000 	C:\Program Files\Java\jdk1.8.0_181\jre\bin\management.dll
0x00007ff81f220000 - 0x00007ff81f237000 	C:\WINDOWS\SYSTEM32\CRYPTSP.dll
0x00007ff81ec40000 - 0x00007ff81ec73000 	C:\WINDOWS\system32\rsaenh.dll
0x00007ff81f340000 - 0x00007ff81f365000 	C:\WINDOWS\SYSTEM32\bcrypt.dll
0x00007ff81f710000 - 0x00007ff81f738000 	C:\WINDOWS\SYSTEM32\USERENV.dll
0x00007ff81f210000 - 0x00007ff81f21b000 	C:\WINDOWS\SYSTEM32\CRYPTBASE.dll
0x00007ff81ede0000 - 0x00007ff81ee18000 	C:\WINDOWS\SYSTEM32\IPHLPAPI.DLL
0x00007ff822010000 - 0x00007ff822018000 	C:\WINDOWS\System32\NSI.dll
0x00007ff818110000 - 0x00007ff818126000 	C:\WINDOWS\SYSTEM32\dhcpcsvc6.DLL
0x00007ff8172d0000 - 0x00007ff8172ea000 	C:\WINDOWS\SYSTEM32\dhcpcsvc.DLL
0x00007fffe9790000 - 0x00007fffe97c5000 	D:\github\plathea\jaxrs-jersey-server-generated\src\main\java\io\core\InterfaceJNI_DLL.dll
0x00007fffe4bb0000 - 0x00007fffe4bd1000 	C:\WINDOWS\SYSTEM32\VCRUNTIME140D.dll
0x00007fffb73c0000 - 0x00007fffb74b4000 	C:\WINDOWS\SYSTEM32\MSVCP140D.dll
0x00007fffb1810000 - 0x00007fffb19cd000 	C:\WINDOWS\SYSTEM32\ucrtbased.dll
0x00007fffb1430000 - 0x00007fffb180a000 	D:\github\plathea\jaxrs-jersey-server-generated\PlatheaDLL.dll
0x00007ff822d70000 - 0x00007ff822e5d000 	C:\WINDOWS\System32\COMDLG32.dll
0x00007ff823000000 - 0x00007ff823151000 	C:\WINDOWS\System32\ole32.dll
0x00007fffb1320000 - 0x00007fffb1428000 	D:\github\plathea\jaxrs-jersey-server-generated\opencv_video310d.dll
0x00007fffb1170000 - 0x00007fffb131c000 	D:\github\plathea\jaxrs-jersey-server-generated\opencv_ml310d.dll
0x00007fffabd60000 - 0x00007fffaccfe000 	D:\github\plathea\jaxrs-jersey-server-generated\opencv_core310d.dll
0x00007fffbcb80000 - 0x00007fffbcbe6000 	D:\github\plathea\jaxrs-jersey-server-generated\opencv_highgui310d.dll
0x00007fffab5b0000 - 0x00007fffab984000 	D:\github\plathea\jaxrs-jersey-server-generated\opencv_calib3d310d.dll
0x00007fffa93e0000 - 0x00007fffab5ab000 	D:\github\plathea\jaxrs-jersey-server-generated\opencv_imgproc310d.dll
0x00007fffa9240000 - 0x00007fffa93d4000 	D:\github\plathea\jaxrs-jersey-server-generated\opencv_objdetect310d.dll
0x00007fffa9180000 - 0x00007fffa9236000 	C:\WINDOWS\SYSTEM32\CONCRT140D.dll
0x00007fffa90c0000 - 0x00007fffa9172000 	D:\github\plathea\jaxrs-jersey-server-generated\opencv_videoio310d.dll
0x00007ff822f30000 - 0x00007ff822ff2000 	C:\WINDOWS\System32\OLEAUT32.dll
0x00007fffa8b60000 - 0x00007fffa90be000 	D:\github\plathea\jaxrs-jersey-server-generated\opencv_imgcodecs310d.dll
0x00007fffe4150000 - 0x00007fffe4179000 	C:\WINDOWS\SYSTEM32\MSVFW32.dll
0x00007fffebfe0000 - 0x00007fffebfff000 	C:\WINDOWS\SYSTEM32\AVIFIL32.dll
0x00007fffeb600000 - 0x00007fffeb618000 	C:\WINDOWS\SYSTEM32\AVICAP32.dll
0x00007ffff9090000 - 0x00007ffff90ac000 	C:\WINDOWS\SYSTEM32\MSACM32.dll
0x00007fffa8930000 - 0x00007fffa8b55000 	D:\github\plathea\jaxrs-jersey-server-generated\opencv_features2d310d.dll
0x00007fffa87b0000 - 0x00007fffa892d000 	D:\github\plathea\jaxrs-jersey-server-generated\opencv_flann310d.dll
0x00007ff811490000 - 0x00007ff811659000 	C:\WINDOWS\SYSTEM32\dbghelp.dll

VM Arguments:
jvm_args: -Dclassworlds.conf=D:\Programmi\apache-maven-3.6.0-bin\apache-maven-3.6.0\bin\..\bin\m2.conf -Dmaven.home=D:\Programmi\apache-maven-3.6.0-bin\apache-maven-3.6.0\bin\.. -Dlibrary.jansi.path=D:\Programmi\apache-maven-3.6.0-bin\apache-maven-3.6.0\bin\..\lib\jansi-native -Dmaven.multiModuleProjectDirectory=D:\github\plathea\jaxrs-jersey-server-generated 
java_command: org.codehaus.plexus.classworlds.launcher.Launcher clean package jetty:run
java_class_path (initial): D:\Programmi\apache-maven-3.6.0-bin\apache-maven-3.6.0\bin\..\boot\plexus-classworlds-2.5.2.jar
Launcher Type: SUN_STANDARD

Environment Variables:
JAVA_HOME=C:\Program Files\Java\jdk1.8.0_181
PATH=C:\Program Files (x86)\Common Files\Oracle\Java\javapath;C:\Users\jack1\Desktop\plathea-code-22-trunk\plathea-code-22-trunk\opencv-master\build\install_release\x64\vc12\bin;C:\WINDOWS\system32;C:\WINDOWS;C:\WINDOWS\System32\Wbem;C:\WINDOWS\System32\WindowsPowerShell\v1.0\;C:\Program Files\Git\cmd;C:\Program Files\nodejs\;C:\Program Files\PuTTY\;C:\Users\jack1\AppData\Local\Microsoft\WindowsApps;C:\Users\jack1\AppData\Roaming\npm;C:\Users\jack1\AppData\Local\atom\bin;C:\adb;C:\WINDOWS\system32;C:\WINDOWS;C:\WINDOWS\System32\Wbem;C:\WINDOWS\System32\WindowsPowerShell\v1.0\;C:\WINDOWS\System32\OpenSSH\;C:\Users\jack1\Desktop\plathea-code-22-trunk\plathea-code-22-trunk\opencv-master\build\install_debug\x64\vc12\bin;C:\Users\jack1\AppData\Local\Microsoft\WindowsApps;C:\Users\jack1\AppData\Roaming\npm;C:\Users\jack1\AppData\Local\atom\bin;C:\Users\jack1\AppData\Local\Microsoft\WindowsApps;C:\Program Files\LLVM\bin;C:\ProgramData\jack1\atom\bin;C:\Program Files\Java\jdk1.8.0_181\bin;C:\Program Files\mingw-w64\x86_64-8.1.0-win32-seh-rt_v6-rev0\mingw64\bin;D:\Programmi\apache-maven-3.6.0-bin\apache-maven-3.6.0\bin;D:\github\plathea\LeoStormLibrary\LeoStormWindowsLib;D:\github\plathea\jaxrs-jersey-server-generated;
USERNAME=jack1
OS=Windows_NT
PROCESSOR_IDENTIFIER=Intel64 Family 6 Model 58 Stepping 9, GenuineIntel



---------------  S Y S T E M  ---------------

OS: Windows 10.0 , 64 bit Build 17134 (10.0.17134.1)

CPU:total 8 (initial active 8) (4 cores per cpu, 2 threads per core) family 6 model 58 stepping 9, cmov, cx8, fxsr, mmx, sse, sse2, sse3, ssse3, sse4.1, sse4.2, popcnt, avx, aes, clmul, erms, ht, tsc, tscinvbit, tscinv

Memory: 4k page, physical 16659944k(7101900k free), swap 19150312k(6339172k free)

vm_info: Java HotSpot(TM) 64-Bit Server VM (25.181-b13) for windows-amd64 JRE (1.8.0_181-b13), built on Jul  7 2018 04:01:33 by "java_re" with MS VC++ 10.0 (VS2010)

time: Sat Dec 08 13:06:20 2018
elapsed time: 36 seconds (0d 0h 0m 36s)

