#
# A fatal error has been detected by the Java Runtime Environment:
#
#  EXCEPTION_ACCESS_VIOLATION (0xc0000005) at pc=0x0000000059525ed2, pid=4272, tid=0x0000000000002aec
#
# JRE version: Java(TM) SE Runtime Environment (8.0_181-b13) (build 1.8.0_181-b13)
# Java VM: Java HotSpot(TM) 64-Bit Server VM (25.181-b13 mixed mode windows-amd64 compressed oops)
# Problematic frame:
# V  [jvm.dll+0x145ed2]
#
# Failed to write core dump. Minidumps are not enabled by default on client versions of Windows
#
# If you would like to submit a bug report, please visit:
#   http://bugreport.java.com/bugreport/crash.jsp
#

---------------  T H R E A D  ---------------

Current thread (0x000000002096c000):  JavaThread "qtp147646893-22" [_thread_in_vm, id=10988, stack(0x0000000027a20000,0x0000000027b20000)]

siginfo: ExceptionCode=0xc0000005, reading address 0x0000000000000000

Registers:
RAX=0x0000000000000000, RBX=0x000000002096c000, RCX=0x0000000000000c00, RDX=0x0000000000000000
RSP=0x0000000027b1cec0, RBP=0x0000000000000000, RSI=0x0000000000000000, RDI=0x0000000000000000
R8 =0x0000000000000000, R9 =0x0000000025954d00, R10=0x0000000002f58c3b, R11=0x000000005960c6a0
R12=0x0000000000000000, R13=0x0000000030b4f678, R14=0x0000000027b1d1f8, R15=0x000000002096c000
RIP=0x0000000059525ed2, EFLAGS=0x0000000000010202

Top of Stack: (sp=0x0000000027b1cec0)
0x0000000027b1cec0:   0000000027b1cfd0 000000001e8741a8
0x0000000027b1ced0:   0000000030b4f678 000000002096c000
0x0000000027b1cee0:   000000002096c000 0000000000000000
0x0000000027b1cef0:   000000002096c000 00000000595bb55e
0x0000000027b1cf00:   000000000000000b 00007ff8aef31226
0x0000000027b1cf10:   00000000599c50e0 0000005000000000
0x0000000027b1cf20:   000000000000002f 0000000000000000
0x0000000027b1cf30:   000000076ee554d0 00007ff8aef31689
0x0000000027b1cf40:   0000000027b1cf60 0000000027b1d028
0x0000000027b1cf50:   cccccccccccccccc 0000000030b4f678
0x0000000027b1cf60:   cccccccccccccccc cccccccccccccccc
0x0000000027b1cf70:   cccccccccccccccc cccccccccccccccc
0x0000000027b1cf80:   cccccccccccccccc cccccccccccccccc
0x0000000027b1cf90:   cccccccccccccccc cccccccccccccccc
0x0000000027b1cfa0:   cccccccccccccccc cccccccccccccccc
0x0000000027b1cfb0:   cccccccccccccccc cccccccccccccccc 

Instructions: (pc=0x0000000059525ed2)
0x0000000059525eb2:   89 5c 24 20 48 89 74 24 28 48 39 73 08 74 0a 48
0x0000000059525ec2:   8d 4c 24 20 e8 45 7a 13 00 40 38 35 9e da 6c 00
0x0000000059525ed2:   48 8b 3f 48 63 05 f8 39 6b 00 74 1b 8b 0c 38 85
0x0000000059525ee2:   c9 74 7c 8b c1 8b 0d 6b 09 66 00 48 d3 e0 48 03 


Register to memory mapping:

RAX=0x0000000000000000 is an unknown value
RBX=0x000000002096c000 is a thread
RCX=0x0000000000000c00 is an unknown value
RDX=0x0000000000000000 is an unknown value
RSP=0x0000000027b1cec0 is pointing into the stack for thread: 0x000000002096c000
RBP=0x0000000000000000 is an unknown value
RSI=0x0000000000000000 is an unknown value
RDI=0x0000000000000000 is an unknown value
R8 =0x0000000000000000 is an unknown value
R9 =0x0000000025954d00 is an unknown value
R10=0x0000000002f58c3b is at code_begin+891 in an Interpreter codelet
method entry point (kind = native)  [0x0000000002f588c0, 0x0000000002f59280]  2496 bytes
R11=0x000000005960c6a0 is an unknown value
R12=0x0000000000000000 is an unknown value
R13={method} {0x0000000030b4f680} 'loadConfigurationFile' '(Ljava/lang/String;)I' in 'io/core/InterfaceJNI'
R14=0x0000000027b1d1f8 is pointing into the stack for thread: 0x000000002096c000
R15=0x000000002096c000 is a thread


Stack: [0x0000000027a20000,0x0000000027b20000],  sp=0x0000000027b1cec0,  free space=1011k
Native frames: (J=compiled Java code, j=interpreted, Vv=VM code, C=native code)

Java frames: (J=compiled Java code, j=interpreted, Vv=VM code)
j  io.core.InterfaceJNI.loadConfigurationFile(Ljava/lang/String;)I+0
j  io.core.MainSystem.loadconfigurationfile(Ljava/lang/Integer;Ljava/util/List;)Lio/core/MainSystem$ReturnRoomMessage;+201
j  io.swagger.api.impl.RoomApiServiceImpl.loadconfigurationfile(Ljava/lang/Integer;Ljava/util/List;Ljavax/ws/rs/core/SecurityContext;)Ljavax/ws/rs/core/Response;+2
j  io.swagger.api.RoomApi.loadconfigurationfile(Ljava/lang/Integer;Ljava/util/List;Ljavax/ws/rs/core/SecurityContext;)Ljavax/ws/rs/core/Response;+7
v  ~StubRoutines::call_stub
J 2275  sun.reflect.NativeMethodAccessorImpl.invoke0(Ljava/lang/reflect/Method;Ljava/lang/Object;[Ljava/lang/Object;)Ljava/lang/Object; (0 bytes) @ 0x00000000036a44ff [0x00000000036a4480+0x7f]
J 2274 C1 sun.reflect.NativeMethodAccessorImpl.invoke(Ljava/lang/Object;[Ljava/lang/Object;)Ljava/lang/Object; (104 bytes) @ 0x00000000036a5b7c [0x00000000036a4980+0x11fc]
J 2076 C1 sun.reflect.DelegatingMethodAccessorImpl.invoke(Ljava/lang/Object;[Ljava/lang/Object;)Ljava/lang/Object; (10 bytes) @ 0x000000000361bd4c [0x000000000361bc40+0x10c]
J 2077 C1 java.lang.reflect.Method.invoke(Ljava/lang/Object;[Ljava/lang/Object;)Ljava/lang/Object; (62 bytes) @ 0x0000000003620134 [0x000000000361fd40+0x3f4]
j  org.glassfish.jersey.server.model.internal.ResourceMethodInvocationHandlerFactory.lambda$static$0(Ljava/lang/Object;Ljava/lang/reflect/Method;[Ljava/lang/Object;)Ljava/lang/Object;+3
j  org.glassfish.jersey.server.model.internal.ResourceMethodInvocationHandlerFactory$$Lambda$122.invoke(Ljava/lang/Object;Ljava/lang/reflect/Method;[Ljava/lang/Object;)Ljava/lang/Object;+3
j  org.glassfish.jersey.server.model.internal.AbstractJavaResourceMethodDispatcher$1.run()Ljava/lang/Object;+38
j  org.glassfish.jersey.server.model.internal.AbstractJavaResourceMethodDispatcher.invoke(Lorg/glassfish/jersey/server/ContainerRequest;Ljava/lang/Object;[Ljava/lang/Object;)Ljava/lang/Object;+66
j  org.glassfish.jersey.server.model.internal.JavaResourceMethodDispatcherProvider$ResponseOutInvoker.doDispatch(Ljava/lang/Object;Lorg/glassfish/jersey/server/ContainerRequest;)Ljavax/ws/rs/core/Response;+10
j  org.glassfish.jersey.server.model.internal.AbstractJavaResourceMethodDispatcher.dispatch(Ljava/lang/Object;Lorg/glassfish/jersey/server/ContainerRequest;)Ljavax/ws/rs/core/Response;+5
j  org.glassfish.jersey.server.model.ResourceMethodInvoker.invoke(Lorg/glassfish/jersey/server/internal/process/RequestProcessingContext;Ljava/lang/Object;)Ljavax/ws/rs/core/Response;+26
j  org.glassfish.jersey.server.model.ResourceMethodInvoker.apply(Lorg/glassfish/jersey/server/internal/process/RequestProcessingContext;)Lorg/glassfish/jersey/server/ContainerResponse;+100
j  org.glassfish.jersey.server.model.ResourceMethodInvoker.apply(Ljava/lang/Object;)Ljava/lang/Object;+5
j  org.glassfish.jersey.server.ServerRuntime$1.run()V+89
j  org.glassfish.jersey.internal.Errors$1.call()Ljava/lang/Void;+4
j  org.glassfish.jersey.internal.Errors$1.call()Ljava/lang/Object;+1
j  org.glassfish.jersey.internal.Errors.process(Ljava/util/concurrent/Callable;Z)Ljava/lang/Object;+36
j  org.glassfish.jersey.internal.Errors.process(Lorg/glassfish/jersey/internal/util/Producer;Z)Ljava/lang/Object;+2
j  org.glassfish.jersey.internal.Errors.process(Ljava/lang/Runnable;)V+9
j  org.glassfish.jersey.process.internal.RequestScope.runInScope(Lorg/glassfish/jersey/process/internal/RequestContext;Ljava/lang/Runnable;)V+17
j  org.glassfish.jersey.server.ServerRuntime.process(Lorg/glassfish/jersey/server/ContainerRequest;)V+181
j  org.glassfish.jersey.server.ApplicationHandler.handle(Lorg/glassfish/jersey/server/ContainerRequest;)V+13
j  org.glassfish.jersey.servlet.WebComponent.serviceImpl(Ljava/net/URI;Ljava/net/URI;Ljavax/servlet/http/HttpServletRequest;Ljavax/servlet/http/HttpServletResponse;)Lorg/glassfish/jersey/servlet/internal/ResponseWriter;+81
j  org.glassfish.jersey.servlet.WebComponent.service(Ljava/net/URI;Ljava/net/URI;Ljavax/servlet/http/HttpServletRequest;Ljavax/servlet/http/HttpServletResponse;)Lorg/glassfish/jersey/internal/util/collection/Value;+6
j  org.glassfish.jersey.servlet.ServletContainer.service(Ljava/net/URI;Ljava/net/URI;Ljavax/servlet/http/HttpServletRequest;Ljavax/servlet/http/HttpServletResponse;)Lorg/glassfish/jersey/internal/util/collection/Value;+9
j  org.glassfish.jersey.servlet.ServletContainer.service(Ljavax/servlet/http/HttpServletRequest;Ljavax/servlet/http/HttpServletResponse;)V+183
j  org.glassfish.jersey.servlet.ServletContainer.service(Ljavax/servlet/ServletRequest;Ljavax/servlet/ServletResponse;)V+39
j  org.eclipse.jetty.servlet.ServletHolder.handle(Lorg/eclipse/jetty/server/Request;Ljavax/servlet/ServletRequest;Ljavax/servlet/ServletResponse;)V+89
j  org.eclipse.jetty.servlet.ServletHandler$CachedChain.doFilter(Ljavax/servlet/ServletRequest;Ljavax/servlet/ServletResponse;)V+211
j  io.swagger.api.ApiOriginFilter.doFilter(Ljavax/servlet/ServletRequest;Ljavax/servlet/ServletResponse;Ljavax/servlet/FilterChain;)V+42
j  org.eclipse.jetty.servlet.ServletHandler$CachedChain.doFilter(Ljavax/servlet/ServletRequest;Ljavax/servlet/ServletResponse;)V+103
j  org.eclipse.jetty.servlet.ServletHandler.doHandle(Ljava/lang/String;Lorg/eclipse/jetty/server/Request;Ljavax/servlet/http/HttpServletRequest;Ljavax/servlet/http/HttpServletResponse;)V+203
j  org.eclipse.jetty.server.handler.ScopedHandler.handle(Ljava/lang/String;Lorg/eclipse/jetty/server/Request;Ljavax/servlet/http/HttpServletRequest;Ljavax/servlet/http/HttpServletResponse;)V+32
j  org.eclipse.jetty.security.SecurityHandler.handle(Ljava/lang/String;Lorg/eclipse/jetty/server/Request;Ljavax/servlet/http/HttpServletRequest;Ljavax/servlet/http/HttpServletResponse;)V+553
j  org.eclipse.jetty.server.session.SessionHandler.doHandle(Ljava/lang/String;Lorg/eclipse/jetty/server/Request;Ljavax/servlet/http/HttpServletRequest;Ljavax/servlet/http/HttpServletResponse;)V+68
j  org.eclipse.jetty.server.handler.ContextHandler.doHandle(Ljava/lang/String;Lorg/eclipse/jetty/server/Request;Ljavax/servlet/http/HttpServletRequest;Ljavax/servlet/http/HttpServletResponse;)V+349
j  org.eclipse.jetty.servlet.ServletHandler.doScope(Ljava/lang/String;Lorg/eclipse/jetty/server/Request;Ljavax/servlet/http/HttpServletRequest;Ljavax/servlet/http/HttpServletResponse;)V+274
j  org.eclipse.jetty.server.session.SessionHandler.doScope(Ljava/lang/String;Lorg/eclipse/jetty/server/Request;Ljavax/servlet/http/HttpServletRequest;Ljavax/servlet/http/HttpServletResponse;)V+233
j  org.eclipse.jetty.server.handler.ContextHandler.doScope(Ljava/lang/String;Lorg/eclipse/jetty/server/Request;Ljavax/servlet/http/HttpServletRequest;Ljavax/servlet/http/HttpServletResponse;)V+437
j  org.eclipse.jetty.server.handler.ScopedHandler.handle(Ljava/lang/String;Lorg/eclipse/jetty/server/Request;Ljavax/servlet/http/HttpServletRequest;Ljavax/servlet/http/HttpServletResponse;)V+20
j  org.eclipse.jetty.server.handler.ContextHandlerCollection.handle(Ljava/lang/String;Lorg/eclipse/jetty/server/Request;Ljavax/servlet/http/HttpServletRequest;Ljavax/servlet/http/HttpServletResponse;)V+224
j  org.eclipse.jetty.server.handler.HandlerCollection.handle(Ljava/lang/String;Lorg/eclipse/jetty/server/Request;Ljavax/servlet/http/HttpServletRequest;Ljavax/servlet/http/HttpServletResponse;)V+42
j  org.eclipse.jetty.server.handler.HandlerWrapper.handle(Ljava/lang/String;Lorg/eclipse/jetty/server/Request;Ljavax/servlet/http/HttpServletRequest;Ljavax/servlet/http/HttpServletResponse;)V+23
j  org.eclipse.jetty.server.Server.handle(Lorg/eclipse/jetty/server/HttpChannel;)V+130
j  org.eclipse.jetty.server.HttpChannel.handle()Z+301
j  org.eclipse.jetty.server.HttpConnection.onFillable()V+189
j  org.eclipse.jetty.io.AbstractConnection$2.run()V+4
j  org.eclipse.jetty.util.thread.QueuedThreadPool.runJob(Ljava/lang/Runnable;)V+1
j  org.eclipse.jetty.util.thread.QueuedThreadPool$3.run()V+75
j  java.lang.Thread.run()V+11
v  ~StubRoutines::call_stub

---------------  P R O C E S S  ---------------

Java Threads: ( => current thread )
  0x0000000026089800 JavaThread "Scheduler-855571430" [_thread_blocked, id=1116, stack(0x00000000308d0000,0x00000000309d0000)]
  0x0000000026083000 JavaThread "org.eclipse.jetty.server.session.HashSessionManager@60510791Timer" daemon [_thread_blocked, id=4600, stack(0x000000002ffd0000,0x00000000300d0000)]
  0x0000000026083800 JavaThread "qtp147646893-25-selector-ServerConnectorManager@1104bb5b/0" [_thread_in_native, id=7500, stack(0x0000000028050000,0x0000000028150000)]
  0x0000000026087800 JavaThread "qtp147646893-24" [_thread_blocked, id=7300, stack(0x0000000027f50000,0x0000000028050000)]
=>0x000000002096c000 JavaThread "qtp147646893-22" [_thread_in_vm, id=10988, stack(0x0000000027a20000,0x0000000027b20000)]
  0x0000000020971800 JavaThread "qtp147646893-21" [_thread_blocked, id=18020, stack(0x0000000027920000,0x0000000027a20000)]
  0x0000000020971000 JavaThread "qtp147646893-20-selector-ServerConnectorManager@1104bb5b/3" [_thread_in_native, id=11924, stack(0x0000000027720000,0x0000000027820000)]
  0x0000000020973000 JavaThread "qtp147646893-19-selector-ServerConnectorManager@1104bb5b/1" [_thread_in_native, id=11012, stack(0x0000000027620000,0x0000000027720000)]
  0x0000000020970000 JavaThread "qtp147646893-18" [_thread_blocked, id=20144, stack(0x0000000027520000,0x0000000027620000)]
  0x0000000020972800 JavaThread "qtp147646893-17" [_thread_blocked, id=10936, stack(0x00000000263f0000,0x00000000264f0000)]
  0x000000002096f000 JavaThread "qtp147646893-16-selector-ServerConnectorManager@1104bb5b/2" [_thread_in_native, id=22232, stack(0x00000000262f0000,0x00000000263f0000)]
  0x000000002096d000 JavaThread "qtp147646893-15-acceptor-0@2b858eaf-ServerConnector@14cd8dfa{HTTP/1.1}{0.0.0.0:8080}" [_thread_in_native, id=15032, stack(0x0000000024f60000,0x0000000025060000)]
  0x000000002096d800 JavaThread "ShutdownMonitor" daemon [_thread_in_native, id=4480, stack(0x0000000024c10000,0x0000000024d10000)]
  0x000000001e903000 JavaThread "Service Thread" daemon [_thread_blocked, id=10556, stack(0x000000001f450000,0x000000001f550000)]
  0x000000001e877800 JavaThread "C1 CompilerThread3" daemon [_thread_blocked, id=10792, stack(0x000000001f350000,0x000000001f450000)]
  0x000000001e873800 JavaThread "C2 CompilerThread2" daemon [_thread_blocked, id=10796, stack(0x000000001f250000,0x000000001f350000)]
  0x000000001e872800 JavaThread "C2 CompilerThread1" daemon [_thread_blocked, id=16572, stack(0x000000001f150000,0x000000001f250000)]
  0x000000001e86c800 JavaThread "C2 CompilerThread0" daemon [_thread_blocked, id=20312, stack(0x000000001f050000,0x000000001f150000)]
  0x000000001e86a000 JavaThread "Attach Listener" daemon [_thread_blocked, id=10496, stack(0x000000001ef50000,0x000000001f050000)]
  0x000000001e869000 JavaThread "Signal Dispatcher" daemon [_thread_blocked, id=3684, stack(0x000000001ee50000,0x000000001ef50000)]
  0x000000001e860800 JavaThread "Finalizer" daemon [_thread_blocked, id=17176, stack(0x000000001ec40000,0x000000001ed40000)]
  0x0000000002f39000 JavaThread "Reference Handler" daemon [_thread_blocked, id=1972, stack(0x000000001e740000,0x000000001e840000)]
  0x0000000002e42800 JavaThread "main" [_thread_blocked, id=11064, stack(0x0000000002d40000,0x0000000002e40000)]

Other Threads:
  0x000000001c95a000 VMThread [stack: 0x000000001e640000,0x000000001e740000] [id=8304]
  0x000000001e92d000 WatcherThread [stack: 0x000000001f550000,0x000000001f650000] [id=15336]

VM state:not at safepoint (normal execution)

VM Mutex/Monitor currently owned by a thread: None

Heap:
 PSYoungGen      total 209920K, used 60115K [0x000000076b400000, 0x000000077ac80000, 0x00000007c0000000)
  eden space 173056K, 34% used [0x000000076b400000,0x000000076eeb4ea0,0x0000000775d00000)
  from space 36864K, 0% used [0x0000000778200000,0x0000000778200000,0x000000077a600000)
  to   space 37888K, 0% used [0x0000000775d00000,0x0000000775d00000,0x0000000778200000)
 ParOldGen       total 172544K, used 28276K [0x00000006c1c00000, 0x00000006cc480000, 0x000000076b400000)
  object space 172544K, 16% used [0x00000006c1c00000,0x00000006c379d100,0x00000006cc480000)
 Metaspace       used 42822K, capacity 44294K, committed 44416K, reserved 1087488K
  class space    used 5123K, capacity 5493K, committed 5504K, reserved 1048576K

Card table byte_map: [0x0000000012300000,0x0000000012b00000] byte_map_base: 0x000000000ecf2000

Marking Bits: (ParMarkBitMap*) 0x0000000059c02d00
 Begin Bits: [0x0000000013850000, 0x00000000177e0000)
 End Bits:   [0x00000000177e0000, 0x000000001b770000)

Polling page: 0x0000000000da0000

CodeCache: size=245760Kb used=22466Kb max_used=22681Kb free=223293Kb
 bounds [0x0000000002f40000, 0x00000000045b0000, 0x0000000011f40000]
 total_blobs=6546 nmethods=6055 adapters=403
 compilation: enabled

Compilation events (10 events):
Event: 13.494 Thread 0x000000001e877800 7106       3       org.glassfish.hk2.utilities.reflection.TypeChecker::isRawTypeSafe (478 bytes)
Event: 13.497 Thread 0x000000001e877800 nmethod 7106 0x0000000003706490 code [0x0000000003706ba0, 0x000000000370cb98]
Event: 13.497 Thread 0x000000001e877800 7107       3       java.util.Arrays$ArrayList::toArray (11 bytes)
Event: 13.497 Thread 0x000000001e877800 nmethod 7107 0x0000000003245090 code [0x0000000003245200, 0x0000000003245508]
Event: 13.497 Thread 0x000000001e877800 7105       1       org.glassfish.hk2.utilities.reflection.ParameterizedTypeImpl::getActualTypeArguments (5 bytes)
Event: 13.497 Thread 0x000000001e877800 nmethod 7105 0x0000000003277e10 code [0x0000000003277f60, 0x0000000003278070]
Event: 13.498 Thread 0x000000001e877800 7108 %     3       java.io.WinNTFileSystem::normalize @ 61 (231 bytes)
Event: 13.501 Thread 0x000000001e877800 nmethod 7108% 0x0000000003b56210 code [0x0000000003b56700, 0x0000000003b5a8b8]
Event: 13.501 Thread 0x000000001e877800 7109       3       org.jvnet.hk2.internal.SystemInjecteeImpl::hashCode (21 bytes)
Event: 13.501 Thread 0x000000001e877800 nmethod 7109 0x00000000036c8c50 code [0x00000000036c8dc0, 0x00000000036c90b8]

GC Heap History (10 events):
Event: 7.420 GC heap before
{Heap before GC invocations=8 (full 1):
 PSYoungGen      total 103936K, used 103904K [0x000000076b400000, 0x0000000772b00000, 0x00000007c0000000)
  eden space 89600K, 100% used [0x000000076b400000,0x0000000770b80000,0x0000000770b80000)
  from space 14336K, 99% used [0x0000000771a80000,0x0000000772878208,0x0000000772880000)
  to   space 15360K, 0% used [0x0000000770b80000,0x0000000770b80000,0x0000000771a80000)
 ParOldGen       total 120320K, used 14847K [0x00000006c1c00000, 0x00000006c9180000, 0x000000076b400000)
  object space 120320K, 12% used [0x00000006c1c00000,0x00000006c2a7fcf8,0x00000006c9180000)
 Metaspace       used 28390K, capacity 29136K, committed 29440K, reserved 1075200K
  class space    used 3245K, capacity 3461K, committed 3584K, reserved 1048576K
Event: 7.446 GC heap after
Heap after GC invocations=8 (full 1):
 PSYoungGen      total 104960K, used 15355K [0x000000076b400000, 0x0000000776200000, 0x00000007c0000000)
  eden space 89600K, 0% used [0x000000076b400000,0x000000076b400000,0x0000000770b80000)
  from space 15360K, 99% used [0x0000000770b80000,0x0000000771a7ec08,0x0000000771a80000)
  to   space 22528K, 0% used [0x0000000774c00000,0x0000000774c00000,0x0000000776200000)
 ParOldGen       total 120320K, used 25769K [0x00000006c1c00000, 0x00000006c9180000, 0x000000076b400000)
  object space 120320K, 21% used [0x00000006c1c00000,0x00000006c352a510,0x00000006c9180000)
 Metaspace       used 28390K, capacity 29136K, committed 29440K, reserved 1075200K
  class space    used 3245K, capacity 3461K, committed 3584K, reserved 1048576K
}
Event: 7.837 GC heap before
{Heap before GC invocations=9 (full 1):
 PSYoungGen      total 104960K, used 104955K [0x000000076b400000, 0x0000000776200000, 0x00000007c0000000)
  eden space 89600K, 100% used [0x000000076b400000,0x0000000770b80000,0x0000000770b80000)
  from space 15360K, 99% used [0x0000000770b80000,0x0000000771a7ec08,0x0000000771a80000)
  to   space 22528K, 0% used [0x0000000774c00000,0x0000000774c00000,0x0000000776200000)
 ParOldGen       total 120320K, used 25772K [0x00000006c1c00000, 0x00000006c9180000, 0x000000076b400000)
  object space 120320K, 21% used [0x00000006c1c00000,0x00000006c352b250,0x00000006c9180000)
 Metaspace       used 28400K, capacity 29136K, committed 29440K, reserved 1075200K
  class space    used 3245K, capacity 3461K, committed 3584K, reserved 1048576K
Event: 7.878 GC heap after
Heap after GC invocations=9 (full 1):
 PSYoungGen      total 145408K, used 22511K [0x000000076b400000, 0x0000000778880000, 0x00000007c0000000)
  eden space 122880K, 0% used [0x000000076b400000,0x000000076b400000,0x0000000772c00000)
  from space 22528K, 99% used [0x0000000774c00000,0x00000007761fbf40,0x0000000776200000)
  to   space 32768K, 0% used [0x0000000772c00000,0x0000000772c00000,0x0000000774c00000)
 ParOldGen       total 120320K, used 43162K [0x00000006c1c00000, 0x00000006c9180000, 0x000000076b400000)
  object space 120320K, 35% used [0x00000006c1c00000,0x00000006c4626b00,0x00000006c9180000)
 Metaspace       used 28400K, capacity 29136K, committed 29440K, reserved 1075200K
  class space    used 3245K, capacity 3461K, committed 3584K, reserved 1048576K
}
Event: 9.239 GC heap before
{Heap before GC invocations=10 (full 1):
 PSYoungGen      total 145408K, used 145391K [0x000000076b400000, 0x0000000778880000, 0x00000007c0000000)
  eden space 122880K, 100% used [0x000000076b400000,0x0000000772c00000,0x0000000772c00000)
  from space 22528K, 99% used [0x0000000774c00000,0x00000007761fbf40,0x0000000776200000)
  to   space 32768K, 0% used [0x0000000772c00000,0x0000000772c00000,0x0000000774c00000)
 ParOldGen       total 120320K, used 43162K [0x00000006c1c00000, 0x00000006c9180000, 0x000000076b400000)
  object space 120320K, 35% used [0x00000006c1c00000,0x00000006c4626b00,0x00000006c9180000)
 Metaspace       used 33754K, capacity 34994K, committed 35072K, reserved 1079296K
  class space    used 3986K, capacity 4324K, committed 4352K, reserved 1048576K
Event: 9.284 GC heap after
Heap after GC invocations=10 (full 1):
 PSYoungGen      total 155648K, used 31614K [0x000000076b400000, 0x000000077a600000, 0x00000007c0000000)
  eden space 122880K, 0% used [0x000000076b400000,0x000000076b400000,0x0000000772c00000)
  from space 32768K, 96% used [0x0000000772c00000,0x0000000774adfa10,0x0000000774c00000)
  to   space 36864K, 0% used [0x0000000778200000,0x0000000778200000,0x000000077a600000)
 ParOldGen       total 120320K, used 55656K [0x00000006c1c00000, 0x00000006c9180000, 0x000000076b400000)
  object space 120320K, 46% used [0x00000006c1c00000,0x00000006c525a2d0,0x00000006c9180000)
 Metaspace       used 33754K, capacity 34994K, committed 35072K, reserved 1079296K
  class space    used 3986K, capacity 4324K, committed 4352K, reserved 1048576K
}
Event: 9.353 GC heap before
{Heap before GC invocations=11 (full 1):
 PSYoungGen      total 155648K, used 35399K [0x000000076b400000, 0x000000077a600000, 0x00000007c0000000)
  eden space 122880K, 3% used [0x000000076b400000,0x000000076b7b2390,0x0000000772c00000)
  from space 32768K, 96% used [0x0000000772c00000,0x0000000774adfa10,0x0000000774c00000)
  to   space 36864K, 0% used [0x0000000778200000,0x0000000778200000,0x000000077a600000)
 ParOldGen       total 120320K, used 55656K [0x00000006c1c00000, 0x00000006c9180000, 0x000000076b400000)
  object space 120320K, 46% used [0x00000006c1c00000,0x00000006c525a2d0,0x00000006c9180000)
 Metaspace       used 34142K, capacity 35290K, committed 35456K, reserved 1081344K
  class space    used 4038K, capacity 4358K, committed 4480K, reserved 1048576K
Event: 9.360 GC heap after
Heap after GC invocations=11 (full 1):
 PSYoungGen      total 209920K, used 3776K [0x000000076b400000, 0x000000077ac80000, 0x00000007c0000000)
  eden space 173056K, 0% used [0x000000076b400000,0x000000076b400000,0x0000000775d00000)
  from space 36864K, 10% used [0x0000000778200000,0x00000007785b0010,0x000000077a600000)
  to   space 37888K, 0% used [0x0000000775d00000,0x0000000775d00000,0x0000000778200000)
 ParOldGen       total 120320K, used 58293K [0x00000006c1c00000, 0x00000006c9180000, 0x000000076b400000)
  object space 120320K, 48% used [0x00000006c1c00000,0x00000006c54ed520,0x00000006c9180000)
 Metaspace       used 34142K, capacity 35290K, committed 35456K, reserved 1081344K
  class space    used 4038K, capacity 4358K, committed 4480K, reserved 1048576K
}
Event: 9.360 GC heap before
{Heap before GC invocations=12 (full 2):
 PSYoungGen      total 209920K, used 3776K [0x000000076b400000, 0x000000077ac80000, 0x00000007c0000000)
  eden space 173056K, 0% used [0x000000076b400000,0x000000076b400000,0x0000000775d00000)
  from space 36864K, 10% used [0x0000000778200000,0x00000007785b0010,0x000000077a600000)
  to   space 37888K, 0% used [0x0000000775d00000,0x0000000775d00000,0x0000000778200000)
 ParOldGen       total 120320K, used 58293K [0x00000006c1c00000, 0x00000006c9180000, 0x000000076b400000)
  object space 120320K, 48% used [0x00000006c1c00000,0x00000006c54ed520,0x00000006c9180000)
 Metaspace       used 34142K, capacity 35290K, committed 35456K, reserved 1081344K
  class space    used 4038K, capacity 4358K, committed 4480K, reserved 1048576K
Event: 9.429 GC heap after
Heap after GC invocations=12 (full 2):
 PSYoungGen      total 209920K, used 0K [0x000000076b400000, 0x000000077ac80000, 0x00000007c0000000)
  eden space 173056K, 0% used [0x000000076b400000,0x000000076b400000,0x0000000775d00000)
  from space 36864K, 0% used [0x0000000778200000,0x0000000778200000,0x000000077a600000)
  to   space 37888K, 0% used [0x0000000775d00000,0x0000000775d00000,0x0000000778200000)
 ParOldGen       total 172544K, used 28276K [0x00000006c1c00000, 0x00000006cc480000, 0x000000076b400000)
  object space 172544K, 16% used [0x00000006c1c00000,0x00000006c379d100,0x00000006cc480000)
 Metaspace       used 34142K, capacity 35290K, committed 35456K, reserved 1081344K
  class space    used 4038K, capacity 4358K, committed 4480K, reserved 1048576K
}

Deoptimization events (10 events):
Event: 13.466 Thread 0x000000002096c000 Uncommon trap: reason=class_check action=maybe_recompile pc=0x000000000372a208 method=java.util.Collections$UnmodifiableMap$UnmodifiableEntrySet$UnmodifiableEntry.getKey()Ljava/lang/Object; @ 4
Event: 13.466 Thread 0x000000002096c000 Uncommon trap: reason=class_check action=maybe_recompile pc=0x0000000003729f88 method=java.util.Collections$UnmodifiableMap$UnmodifiableEntrySet$UnmodifiableEntry.getValue()Ljava/lang/Object; @ 4
Event: 13.466 Thread 0x000000002096c000 Uncommon trap: reason=class_check action=maybe_recompile pc=0x000000000372dfd0 method=java.util.Collections$UnmodifiableMap$UnmodifiableEntrySet$1.hasNext()Z @ 4
Event: 13.473 Thread 0x000000002096c000 Uncommon trap: reason=unstable_if action=reinterpret pc=0x00000000032bac6c method=java.lang.StringCoding.decode(Ljava/lang/String;[BII)[C @ 51
Event: 13.473 Thread 0x000000002096c000 Uncommon trap: reason=class_check action=maybe_recompile pc=0x0000000003bdc4b4 method=java.lang.StringCoding$StringDecoder.decode([BII)[C @ 30
Event: 13.473 Thread 0x000000002096c000 Uncommon trap: reason=class_check action=maybe_recompile pc=0x0000000003bc7548 method=java.lang.StringCoding$StringDecoder.decode([BII)[C @ 30
Event: 13.487 Thread 0x000000002096c000 Uncommon trap: reason=class_check action=maybe_recompile pc=0x0000000003bc7574 method=java.lang.StringCoding$StringDecoder.charsetName()Ljava/lang/String; @ 4
Event: 13.497 Thread 0x000000002096c000 Uncommon trap: reason=unstable_if action=reinterpret pc=0x00000000038b5e98 method=java.io.WinNTFileSystem.normalize(Ljava/lang/String;II)Ljava/lang/String; @ 103
Event: 13.499 Thread 0x000000002096c000 Uncommon trap: reason=unstable_if action=reinterpret pc=0x00000000044005b0 method=sun.reflect.annotation.AnnotationInvocationHandler.invoke(Ljava/lang/Object;Ljava/lang/reflect/Method;[Ljava/lang/Object;)Ljava/lang/Object; @ 19
Event: 13.506 Thread 0x000000002096c000 Uncommon trap: reason=unstable_if action=reinterpret pc=0x0000000004567dd4 method=sun.nio.cs.SingleByte$Encoder.encodeArrayLoop(Ljava/nio/CharBuffer;Ljava/nio/ByteBuffer;)Ljava/nio/charset/CoderResult; @ 70

Classes redefined (0 events):
No events

Internal exceptions (10 events):
Event: 7.160 Thread 0x0000000002e42800 Exception <a 'java/lang/ClassNotFoundException': sun/net/www/protocol/c/Handler> (0x000000076e64b5f8) thrown at [C:\re\workspace\8-2-build-windows-amd64-cygwin\jdk8u181\11358\hotspot\src\share\vm\classfile\systemDictionary.cpp, line 210]
Event: 7.242 Thread 0x000000002096f000 Implicit null exception at 0x0000000003bff219 to 0x0000000003bff9fd
Event: 7.242 Thread 0x0000000020971800 Implicit null exception at 0x0000000003bff219 to 0x0000000003bff9fd
Event: 7.242 Thread 0x000000002096d000 Implicit null exception at 0x0000000003be118c to 0x0000000003be1889
Event: 7.242 Thread 0x0000000020972800 Implicit null exception at 0x0000000003be118c to 0x0000000003be1889
Event: 7.244 Thread 0x000000002096c000 Implicit null exception at 0x0000000003be118c to 0x0000000003be1889
Event: 8.859 Thread 0x0000000002e42800 Exception <a 'java/lang/NoSuchFieldError': method resolution failed> (0x000000077121ff00) thrown at [C:\re\workspace\8-2-build-windows-amd64-cygwin\jdk8u181\11358\hotspot\src\share\vm\prims\methodHandles.cpp, line 1167]
Event: 8.860 Thread 0x0000000002e42800 Exception <a 'java/lang/NoSuchFieldError': method resolution failed> (0x000000077122d990) thrown at [C:\re\workspace\8-2-build-windows-amd64-cygwin\jdk8u181\11358\hotspot\src\share\vm\prims\methodHandles.cpp, line 1167]
Event: 9.597 Thread 0x0000000002e42800 Exception <a 'java/lang/NoSuchMethodError': java.lang.Object.lambda$and$0(Ljava/util/function/Predicate;Ljava/lang/Object;)Z> (0x000000076c002960) thrown at [C:\re\workspace\8-2-build-windows-amd64-cygwin\jdk8u181\11358\hotspot\src\share\vm\interpreter\li
Event: 9.653 Thread 0x0000000002e42800 Exception <a 'java/lang/NoSuchMethodError': java.lang.Object.lambda$comparingInt$7b0bb60$1(Ljava/util/function/ToIntFunction;Ljava/lang/Object;Ljava/lang/Object;)I> (0x000000076c343620) thrown at [C:\re\workspace\8-2-build-windows-amd64-cygwin\jdk8u181\11

Events (10 events):
Event: 13.499 loading class sun/reflect/annotation/AnnotationInvocationHandler$1 done
Event: 13.499 Executing VM operation: RevokeBias
Event: 13.499 Executing VM operation: RevokeBias done
Event: 13.499 Executing VM operation: RevokeBias
Event: 13.499 Executing VM operation: RevokeBias done
Event: 13.506 Thread 0x000000002096c000 Uncommon trap: trap_request=0xffffff65 fr.pc=0x0000000004567dd4
Event: 13.506 Thread 0x000000002096c000 DEOPT PACKING pc=0x0000000004567dd4 sp=0x0000000027b1ceb0
Event: 13.506 Thread 0x000000002096c000 DEOPT UNPACKING pc=0x0000000002f8583b sp=0x0000000027b1cd50 mode 2
Event: 13.507 Executing VM operation: RevokeBias
Event: 13.507 Executing VM operation: RevokeBias done


Dynamic libraries:
0x00007ff6a5ea0000 - 0x00007ff6a5ed7000 	C:\Program Files\Java\jdk1.8.0_181\bin\java.exe
0x00007ff8b87b0000 - 0x00007ff8b8991000 	C:\WINDOWS\SYSTEM32\ntdll.dll
0x00007ff8b5e70000 - 0x00007ff8b5f22000 	C:\WINDOWS\System32\KERNEL32.DLL
0x00007ff8b5770000 - 0x00007ff8b59e3000 	C:\WINDOWS\System32\KERNELBASE.dll
0x00007ff8b5f30000 - 0x00007ff8b5fd1000 	C:\WINDOWS\System32\ADVAPI32.dll
0x00007ff8b7d70000 - 0x00007ff8b7e0e000 	C:\WINDOWS\System32\msvcrt.dll
0x00007ff8b7ee0000 - 0x00007ff8b7f3b000 	C:\WINDOWS\System32\sechost.dll
0x00007ff8b8650000 - 0x00007ff8b8774000 	C:\WINDOWS\System32\RPCRT4.dll
0x00007ff8b76e0000 - 0x00007ff8b7870000 	C:\WINDOWS\System32\USER32.dll
0x00007ff8b4b80000 - 0x00007ff8b4ba0000 	C:\WINDOWS\System32\win32u.dll
0x00007ff8b8620000 - 0x00007ff8b8648000 	C:\WINDOWS\System32\GDI32.dll
0x00007ff8b4e40000 - 0x00007ff8b4fd2000 	C:\WINDOWS\System32\gdi32full.dll
0x00007ff8b5ba0000 - 0x00007ff8b5c3f000 	C:\WINDOWS\System32\msvcp_win.dll
0x00007ff8b59f0000 - 0x00007ff8b5aea000 	C:\WINDOWS\System32\ucrtbase.dll
0x00007ff8a8200000 - 0x00007ff8a8469000 	C:\WINDOWS\WinSxS\amd64_microsoft.windows.common-controls_6595b64144ccf1df_6.0.17134.407_none_fb449d63306391e9\COMCTL32.dll
0x00007ff8b7a40000 - 0x00007ff8b7d62000 	C:\WINDOWS\System32\combase.dll
0x00007ff8b4fe0000 - 0x00007ff8b505a000 	C:\WINDOWS\System32\bcryptPrimitives.dll
0x00007ff8b85f0000 - 0x00007ff8b861d000 	C:\WINDOWS\System32\IMM32.DLL
0x000000005c6d0000 - 0x000000005c7a2000 	C:\Program Files\Java\jdk1.8.0_181\jre\bin\msvcr100.dll
0x00000000593e0000 - 0x0000000059c82000 	C:\Program Files\Java\jdk1.8.0_181\jre\bin\server\jvm.dll
0x00007ff8b7510000 - 0x00007ff8b7518000 	C:\WINDOWS\System32\PSAPI.DLL
0x00007ff8b24c0000 - 0x00007ff8b24c9000 	C:\WINDOWS\SYSTEM32\WSOCK32.dll
0x00007ff8abd00000 - 0x00007ff8abd0a000 	C:\WINDOWS\SYSTEM32\VERSION.dll
0x00007ff8ab410000 - 0x00007ff8ab433000 	C:\WINDOWS\SYSTEM32\WINMM.dll
0x00007ff8b7870000 - 0x00007ff8b78dc000 	C:\WINDOWS\System32\WS2_32.dll
0x00007ff8ab3e0000 - 0x00007ff8ab40a000 	C:\WINDOWS\SYSTEM32\winmmbase.dll
0x00007ff8b4c00000 - 0x00007ff8b4c49000 	C:\WINDOWS\System32\cfgmgr32.dll
0x000000005c680000 - 0x000000005c68f000 	C:\Program Files\Java\jdk1.8.0_181\jre\bin\verify.dll
0x000000005ba70000 - 0x000000005ba99000 	C:\Program Files\Java\jdk1.8.0_181\jre\bin\java.dll
0x000000005c660000 - 0x000000005c676000 	C:\Program Files\Java\jdk1.8.0_181\jre\bin\zip.dll
0x00007ff8b5fe0000 - 0x00007ff8b741f000 	C:\WINDOWS\System32\SHELL32.dll
0x00007ff8b5c40000 - 0x00007ff8b5ce9000 	C:\WINDOWS\System32\shcore.dll
0x00007ff8b5060000 - 0x00007ff8b576d000 	C:\WINDOWS\System32\windows.storage.dll
0x00007ff8b7e70000 - 0x00007ff8b7ec1000 	C:\WINDOWS\System32\shlwapi.dll
0x00007ff8b4b60000 - 0x00007ff8b4b71000 	C:\WINDOWS\System32\kernel.appcore.dll
0x00007ff8b4b40000 - 0x00007ff8b4b5f000 	C:\WINDOWS\System32\profapi.dll
0x00007ff8b4ac0000 - 0x00007ff8b4b0c000 	C:\WINDOWS\System32\powrprof.dll
0x00007ff8b4b10000 - 0x00007ff8b4b1a000 	C:\WINDOWS\System32\FLTLIB.DLL
0x00007ff8b0fb0000 - 0x00007ff8b0fba000 	D:\Programmi\apache-maven-3.6.0-bin\apache-maven-3.6.0\lib\jansi-native\windows64\jansi.dll
0x000000005ba50000 - 0x000000005ba6a000 	C:\Program Files\Java\jdk1.8.0_181\jre\bin\net.dll
0x00007ff8b42e0000 - 0x00007ff8b4346000 	C:\WINDOWS\system32\mswsock.dll
0x000000005ba30000 - 0x000000005ba41000 	C:\Program Files\Java\jdk1.8.0_181\jre\bin\nio.dll
0x000000005b980000 - 0x000000005b98d000 	C:\Program Files\Java\jdk1.8.0_181\jre\bin\management.dll
0x00007ff8b44a0000 - 0x00007ff8b44b7000 	C:\WINDOWS\SYSTEM32\CRYPTSP.dll
0x00007ff8b3ec0000 - 0x00007ff8b3ef3000 	C:\WINDOWS\system32\rsaenh.dll
0x00007ff8b45c0000 - 0x00007ff8b45e5000 	C:\WINDOWS\SYSTEM32\bcrypt.dll
0x00007ff8b49c0000 - 0x00007ff8b49e8000 	C:\WINDOWS\SYSTEM32\USERENV.dll
0x00007ff8b4490000 - 0x00007ff8b449b000 	C:\WINDOWS\SYSTEM32\CRYPTBASE.dll
0x00007ff8b4060000 - 0x00007ff8b4098000 	C:\WINDOWS\SYSTEM32\IPHLPAPI.DLL
0x00007ff8b5d90000 - 0x00007ff8b5d98000 	C:\WINDOWS\System32\NSI.dll
0x00007ff8af740000 - 0x00007ff8af756000 	C:\WINDOWS\SYSTEM32\dhcpcsvc6.DLL
0x00007ff8af840000 - 0x00007ff8af85a000 	C:\WINDOWS\SYSTEM32\dhcpcsvc.DLL
0x00007ff8aef20000 - 0x00007ff8aef44000 	D:\github\plathea\jaxrs-jersey-server-generated\src\main\java\io\core\InterfaceJNI_DLL.dll
0x00007ff8ae810000 - 0x00007ff8ae831000 	C:\WINDOWS\SYSTEM32\VCRUNTIME140D.dll
0x00007ff88a1b0000 - 0x00007ff88a36d000 	C:\WINDOWS\SYSTEM32\ucrtbased.dll
0x00007ff87da60000 - 0x00007ff87de20000 	D:\github\plathea\jaxrs-jersey-server-generated\PlatheaDLL.dll
0x00007ff8b7420000 - 0x00007ff8b750d000 	C:\WINDOWS\System32\COMDLG32.dll
0x00007ff8b78e0000 - 0x00007ff8b7a31000 	C:\WINDOWS\System32\ole32.dll
0x00007ff88ec70000 - 0x00007ff88ed78000 	D:\github\plathea\jaxrs-jersey-server-generated\opencv_video310d.dll
0x00007ff850d00000 - 0x00007ff851c9e000 	D:\github\plathea\jaxrs-jersey-server-generated\opencv_core310d.dll
0x00007ff882870000 - 0x00007ff882a1c000 	D:\github\plathea\jaxrs-jersey-server-generated\opencv_ml310d.dll
0x00007ff8a40d0000 - 0x00007ff8a4136000 	D:\github\plathea\jaxrs-jersey-server-generated\opencv_highgui310d.dll
0x00007ff84eb30000 - 0x00007ff850cfb000 	D:\github\plathea\jaxrs-jersey-server-generated\opencv_imgproc310d.dll
0x00007ff87d680000 - 0x00007ff87da54000 	D:\github\plathea\jaxrs-jersey-server-generated\opencv_calib3d310d.dll
0x00007ff87efd0000 - 0x00007ff87f164000 	D:\github\plathea\jaxrs-jersey-server-generated\opencv_objdetect310d.dll
0x00007ff88d1c0000 - 0x00007ff88d2b4000 	C:\WINDOWS\SYSTEM32\MSVCP140D.dll
0x00007ff88b260000 - 0x00007ff88b316000 	C:\WINDOWS\SYSTEM32\CONCRT140D.dll
0x00007ff88abf0000 - 0x00007ff88aca2000 	D:\github\plathea\jaxrs-jersey-server-generated\opencv_videoio310d.dll
0x00007ff8b5da0000 - 0x00007ff8b5e62000 	C:\WINDOWS\System32\OLEAUT32.dll
0x00007ff85a7b0000 - 0x00007ff85ad0e000 	D:\github\plathea\jaxrs-jersey-server-generated\opencv_imgcodecs310d.dll
0x00007ff87e8c0000 - 0x00007ff87eae5000 	D:\github\plathea\jaxrs-jersey-server-generated\opencv_features2d310d.dll
0x00007ff8aab70000 - 0x00007ff8aab99000 	C:\WINDOWS\SYSTEM32\MSVFW32.dll
0x00007ff8ac750000 - 0x00007ff8ac76f000 	C:\WINDOWS\SYSTEM32\AVIFIL32.dll
0x00007ff8ac4b0000 - 0x00007ff8ac4c8000 	C:\WINDOWS\SYSTEM32\AVICAP32.dll
0x00007ff894930000 - 0x00007ff89494c000 	C:\WINDOWS\SYSTEM32\MSACM32.dll
0x00007ff884110000 - 0x00007ff88428d000 	D:\github\plathea\jaxrs-jersey-server-generated\opencv_flann310d.dll
0x00007ff8ae410000 - 0x00007ff8ae5d9000 	C:\WINDOWS\SYSTEM32\dbghelp.dll

VM Arguments:
jvm_args: -Dclassworlds.conf=D:\Programmi\apache-maven-3.6.0-bin\apache-maven-3.6.0\bin\..\bin\m2.conf -Dmaven.home=D:\Programmi\apache-maven-3.6.0-bin\apache-maven-3.6.0\bin\.. -Dlibrary.jansi.path=D:\Programmi\apache-maven-3.6.0-bin\apache-maven-3.6.0\bin\..\lib\jansi-native -Dmaven.multiModuleProjectDirectory=D:\github\plathea\jaxrs-jersey-server-generated 
java_command: org.codehaus.plexus.classworlds.launcher.Launcher clean package jetty:run
java_class_path (initial): D:\Programmi\apache-maven-3.6.0-bin\apache-maven-3.6.0\bin\..\boot\plexus-classworlds-2.5.2.jar
Launcher Type: SUN_STANDARD

Environment Variables:
JAVA_HOME=C:\Program Files\Java\jdk1.8.0_181
PATH=C:\Program Files (x86)\Common Files\Oracle\Java\javapath;C:\Users\jack1\Desktop\plathea-code-22-trunk\plathea-code-22-trunk\opencv-master\build\install_release\x64\vc12\bin;C:\WINDOWS\system32;C:\WINDOWS;C:\WINDOWS\System32\Wbem;C:\WINDOWS\System32\WindowsPowerShell\v1.0\;C:\Program Files\Git\cmd;C:\Program Files\nodejs\;C:\Program Files\PuTTY\;C:\Users\jack1\AppData\Local\Microsoft\WindowsApps;C:\Users\jack1\AppData\Roaming\npm;C:\Users\jack1\AppData\Local\atom\bin;C:\adb;C:\WINDOWS\system32;C:\WINDOWS;C:\WINDOWS\System32\Wbem;C:\WINDOWS\System32\WindowsPowerShell\v1.0\;C:\WINDOWS\System32\OpenSSH\;C:\Users\jack1\Desktop\plathea-code-22-trunk\plathea-code-22-trunk\opencv-master\build\install_debug\x64\vc12\bin;C:\Users\jack1\AppData\Local\Microsoft\WindowsApps;C:\Users\jack1\AppData\Roaming\npm;C:\Users\jack1\AppData\Local\atom\bin;C:\Users\jack1\AppData\Local\Microsoft\WindowsApps;C:\Program Files\LLVM\bin;C:\ProgramData\jack1\atom\bin;C:\Program Files\Java\jdk1.8.0_181\bin;C:\Program Files\mingw-w64\x86_64-8.1.0-win32-seh-rt_v6-rev0\mingw64\bin;D:\Programmi\apache-maven-3.6.0-bin\apache-maven-3.6.0\bin;D:\github\plathea\LeoStormLibrary\LeoStormWindowsLib;
USERNAME=jack1
OS=Windows_NT
PROCESSOR_IDENTIFIER=Intel64 Family 6 Model 58 Stepping 9, GenuineIntel



---------------  S Y S T E M  ---------------

OS: Windows 10.0 , 64 bit Build 17134 (10.0.17134.1)

CPU:total 8 (initial active 8) (4 cores per cpu, 2 threads per core) family 6 model 58 stepping 9, cmov, cx8, fxsr, mmx, sse, sse2, sse3, ssse3, sse4.1, sse4.2, popcnt, avx, aes, clmul, erms, ht, tsc, tscinvbit, tscinv

Memory: 4k page, physical 16659944k(8078616k free), swap 19150312k(7556584k free)

vm_info: Java HotSpot(TM) 64-Bit Server VM (25.181-b13) for windows-amd64 JRE (1.8.0_181-b13), built on Jul  7 2018 04:01:33 by "java_re" with MS VC++ 10.0 (VS2010)

time: Fri Nov 16 11:30:05 2018
elapsed time: 13 seconds (0d 0h 0m 13s)

