#
# A fatal error has been detected by the Java Runtime Environment:
#
#  EXCEPTION_UNCAUGHT_CXX_EXCEPTION (0xe06d7363) at pc=0x00007ff8b57aa388, pid=18980, tid=0x0000000000002f2c
#
# JRE version: Java(TM) SE Runtime Environment (8.0_181-b13) (build 1.8.0_181-b13)
# Java VM: Java HotSpot(TM) 64-Bit Server VM (25.181-b13 mixed mode windows-amd64 compressed oops)
# Problematic frame:
# C  [KERNELBASE.dll+0x3a388]
#
# Failed to write core dump. Minidumps are not enabled by default on client versions of Windows
#
# If you would like to submit a bug report, please visit:
#   http://bugreport.java.com/bugreport/crash.jsp
# The crash happened outside the Java Virtual Machine in native code.
# See problematic frame for where to report the bug.
#

---------------  T H R E A D  ---------------

Current thread (0x000000001f74e800):  JavaThread "qtp107131289-19" [_thread_in_native, id=12076, stack(0x0000000026c90000,0x0000000026d90000)]

siginfo: ExceptionCode=0xe06d7363, ExceptionInformation=0x0000000019930520 0x0000000026d86410 0x00007ff84b19f0e8 0x00007ff84a2c0000 

Registers:
RAX=0x0000000000004026, RBX=0x00007ff8ac5a5210, RCX=0x0000000000001bf8, RDX=0x0000000000000000
RSP=0x0000000026d73c60, RBP=0x0000000026d74310, RSI=0x0000000026d74ff0, RDI=0x0000000026d742e0
R8 =0x0000000022e148a0, R9 =0x0000000000000000, R10=0x0000000000000000, R11=0x0000000000004026
R12=0x00007ff84a2c0000, R13=0x0000000026d74520, R14=0x0000000026d74a80, R15=0x0000000026d8a130
RIP=0x00007ff8b57aa388, EFLAGS=0x0000000000000206

Top of Stack: (sp=0x0000000026d73c60)
0x0000000026d73c60:   0000000000000000 00007ff8ac5a5210
0x0000000026d73c70:   0000000026d74ff0 0000000026d742e0
0x0000000026d73c80:   00000001e06d7363 0000000000000000
0x0000000026d73c90:   00007ff8b57aa388 00007ff800000004
0x0000000026d73ca0:   0000000019930520 0000000026d86410
0x0000000026d73cb0:   00007ff84b19f0e8 00007ff84a2c0000
0x0000000026d73cc0:   0000000000000000 0000000000000000
0x0000000026d73cd0:   cccccccc00000000 0000000026d742e0
0x0000000026d73ce0:   0000000022e0e1b0 00007ff84ac86da5
0x0000000026d73cf0:   0000000022e0e1b0 0000000000000000
0x0000000026d73d00:   0000000000000000 0000000000000000
0x0000000026d73d10:   0000000022e0e1b0 0000000000000000
0x0000000026d73d20:   0000a836317851bb 00007ff8ac5a82f9
0x0000000026d73d30:   0000000026d74310 00007ff8ac5a4bf3
0x0000000026d73d40:   00007ff84ac86d80 0000000026d8a130
0x0000000026d73d50:   0000000022e0e1b0 0000000000000000 

Instructions: (pc=0x00007ff8b57aa388)
0x00007ff8b57aa368:   49 8b d1 44 0f 47 c0 44 89 44 24 38 49 c1 e0 03
0x00007ff8b57aa378:   e8 4a 46 04 00 48 8d 4c 24 20 ff 15 d0 82 14 00
0x00007ff8b57aa388:   48 8b 8c 24 c0 00 00 00 48 33 cc e8 b8 05 04 00
0x00007ff8b57aa398:   48 81 c4 d8 00 00 00 c3 83 64 24 38 00 eb d6 cc 


Register to memory mapping:

RAX=0x0000000000004026 is an unknown value
RBX=0x00007ff8ac5a5210 is an unknown value
RCX=0x0000000000001bf8 is an unknown value
RDX=0x0000000000000000 is an unknown value
RSP=0x0000000026d73c60 is pointing into the stack for thread: 0x000000001f74e800
RBP=0x0000000026d74310 is pointing into the stack for thread: 0x000000001f74e800
RSI=0x0000000026d74ff0 is pointing into the stack for thread: 0x000000001f74e800
RDI=0x0000000026d742e0 is pointing into the stack for thread: 0x000000001f74e800
R8 =0x0000000022e148a0 is an unknown value
R9 =0x0000000000000000 is an unknown value
R10=0x0000000000000000 is an unknown value
R11=0x0000000000004026 is an unknown value
R12=0x00007ff84a2c0000 is an unknown value
R13=0x0000000026d74520 is pointing into the stack for thread: 0x000000001f74e800
R14=0x0000000026d74a80 is pointing into the stack for thread: 0x000000001f74e800
R15=0x0000000026d8a130 is pointing into the stack for thread: 0x000000001f74e800


Stack: [0x0000000026c90000,0x0000000026d90000],  sp=0x0000000026d73c60,  free space=911k
Native frames: (J=compiled Java code, j=interpreted, Vv=VM code, C=native code)
C  [KERNELBASE.dll+0x3a388]
C  [VCRUNTIME140D.dll+0x4bf3]
C  [VCRUNTIME140D.dll+0x53ae]
C  [ntdll.dll+0x9e2c3]
C  [opencv_core310d.dll+0x8e3f65]
C  [opencv_core310d.dll+0x8e27dd]
C  [PlatheaDLL.dll+0x20563e]  StereoCalibration::LoadFromFolder+0x8ae
C  [PlatheaDLL.dll+0x18f0c9]  calibration_internalcalibration_load+0x49
C  [InterfaceJNI_DLL.dll+0x119a3]  Java_io_core_InterfaceJNI_internalCalibration+0x63
C  0x0000000002578c67

Java frames: (J=compiled Java code, j=interpreted, Vv=VM code)
j  io.core.InterfaceJNI.internalCalibration(Ljava/lang/String;I)I+0
j  io.core.MainSystem.internalcalibration(Ljava/lang/Integer;Ljava/util/List;Ljava/lang/Integer;)Lio/core/MainSystem$ReturnRoomMessage;+386
j  io.swagger.api.impl.RoomApiServiceImpl.internalcalibration(Ljava/lang/Integer;Ljava/lang/Integer;Ljava/util/List;Ljavax/ws/rs/core/SecurityContext;)Ljavax/ws/rs/core/Response;+3
j  io.swagger.api.RoomApi.internalcalibration(Ljava/lang/Integer;Ljava/lang/Integer;Ljava/util/List;Ljavax/ws/rs/core/SecurityContext;)Ljavax/ws/rs/core/Response;+9
v  ~StubRoutines::call_stub
J 5195  sun.reflect.NativeMethodAccessorImpl.invoke0(Ljava/lang/reflect/Method;Ljava/lang/Object;[Ljava/lang/Object;)Ljava/lang/Object; (0 bytes) @ 0x00000000035c2d7f [0x00000000035c2d00+0x7f]
J 2315 C1 sun.reflect.NativeMethodAccessorImpl.invoke(Ljava/lang/Object;[Ljava/lang/Object;)Ljava/lang/Object; (104 bytes) @ 0x0000000002d177fc [0x0000000002d16600+0x11fc]
J 2098 C1 sun.reflect.DelegatingMethodAccessorImpl.invoke(Ljava/lang/Object;[Ljava/lang/Object;)Ljava/lang/Object; (10 bytes) @ 0x0000000002c808cc [0x0000000002c807c0+0x10c]
J 2010 C1 java.lang.reflect.Method.invoke(Ljava/lang/Object;[Ljava/lang/Object;)Ljava/lang/Object; (62 bytes) @ 0x0000000002c2ab74 [0x0000000002c2a780+0x3f4]
j  org.glassfish.jersey.server.model.internal.ResourceMethodInvocationHandlerFactory.lambda$static$0(Ljava/lang/Object;Ljava/lang/reflect/Method;[Ljava/lang/Object;)Ljava/lang/Object;+3
j  org.glassfish.jersey.server.model.internal.ResourceMethodInvocationHandlerFactory$$Lambda$122.invoke(Ljava/lang/Object;Ljava/lang/reflect/Method;[Ljava/lang/Object;)Ljava/lang/Object;+3
j  org.glassfish.jersey.server.model.internal.AbstractJavaResourceMethodDispatcher$1.run()Ljava/lang/Object;+38
j  org.glassfish.jersey.server.model.internal.AbstractJavaResourceMethodDispatcher.invoke(Lorg/glassfish/jersey/server/ContainerRequest;Ljava/lang/Object;[Ljava/lang/Object;)Ljava/lang/Object;+66
j  org.glassfish.jersey.server.model.internal.JavaResourceMethodDispatcherProvider$ResponseOutInvoker.doDispatch(Ljava/lang/Object;Lorg/glassfish/jersey/server/ContainerRequest;)Ljavax/ws/rs/core/Response;+10
j  org.glassfish.jersey.server.model.internal.AbstractJavaResourceMethodDispatcher.dispatch(Ljava/lang/Object;Lorg/glassfish/jersey/server/ContainerRequest;)Ljavax/ws/rs/core/Response;+5
j  org.glassfish.jersey.server.model.ResourceMethodInvoker.invoke(Lorg/glassfish/jersey/server/internal/process/RequestProcessingContext;Ljava/lang/Object;)Ljavax/ws/rs/core/Response;+26
j  org.glassfish.jersey.server.model.ResourceMethodInvoker.apply(Lorg/glassfish/jersey/server/internal/process/RequestProcessingContext;)Lorg/glassfish/jersey/server/ContainerResponse;+100
j  org.glassfish.jersey.server.model.ResourceMethodInvoker.apply(Ljava/lang/Object;)Ljava/lang/Object;+5
j  org.glassfish.jersey.server.ServerRuntime$1.run()V+89
j  org.glassfish.jersey.internal.Errors$1.call()Ljava/lang/Void;+4
j  org.glassfish.jersey.internal.Errors$1.call()Ljava/lang/Object;+1
j  org.glassfish.jersey.internal.Errors.process(Ljava/util/concurrent/Callable;Z)Ljava/lang/Object;+36
j  org.glassfish.jersey.internal.Errors.process(Lorg/glassfish/jersey/internal/util/Producer;Z)Ljava/lang/Object;+2
j  org.glassfish.jersey.internal.Errors.process(Ljava/lang/Runnable;)V+9
j  org.glassfish.jersey.process.internal.RequestScope.runInScope(Lorg/glassfish/jersey/process/internal/RequestContext;Ljava/lang/Runnable;)V+17
j  org.glassfish.jersey.server.ServerRuntime.process(Lorg/glassfish/jersey/server/ContainerRequest;)V+181
j  org.glassfish.jersey.server.ApplicationHandler.handle(Lorg/glassfish/jersey/server/ContainerRequest;)V+13
j  org.glassfish.jersey.servlet.WebComponent.serviceImpl(Ljava/net/URI;Ljava/net/URI;Ljavax/servlet/http/HttpServletRequest;Ljavax/servlet/http/HttpServletResponse;)Lorg/glassfish/jersey/servlet/internal/ResponseWriter;+81
j  org.glassfish.jersey.servlet.WebComponent.service(Ljava/net/URI;Ljava/net/URI;Ljavax/servlet/http/HttpServletRequest;Ljavax/servlet/http/HttpServletResponse;)Lorg/glassfish/jersey/internal/util/collection/Value;+6
j  org.glassfish.jersey.servlet.ServletContainer.service(Ljava/net/URI;Ljava/net/URI;Ljavax/servlet/http/HttpServletRequest;Ljavax/servlet/http/HttpServletResponse;)Lorg/glassfish/jersey/internal/util/collection/Value;+9
j  org.glassfish.jersey.servlet.ServletContainer.service(Ljavax/servlet/http/HttpServletRequest;Ljavax/servlet/http/HttpServletResponse;)V+183
j  org.glassfish.jersey.servlet.ServletContainer.service(Ljavax/servlet/ServletRequest;Ljavax/servlet/ServletResponse;)V+39
j  org.eclipse.jetty.servlet.ServletHolder.handle(Lorg/eclipse/jetty/server/Request;Ljavax/servlet/ServletRequest;Ljavax/servlet/ServletResponse;)V+89
j  org.eclipse.jetty.servlet.ServletHandler$CachedChain.doFilter(Ljavax/servlet/ServletRequest;Ljavax/servlet/ServletResponse;)V+211
j  io.swagger.api.ApiOriginFilter.doFilter(Ljavax/servlet/ServletRequest;Ljavax/servlet/ServletResponse;Ljavax/servlet/FilterChain;)V+42
j  org.eclipse.jetty.servlet.ServletHandler$CachedChain.doFilter(Ljavax/servlet/ServletRequest;Ljavax/servlet/ServletResponse;)V+103
j  org.eclipse.jetty.servlet.ServletHandler.doHandle(Ljava/lang/String;Lorg/eclipse/jetty/server/Request;Ljavax/servlet/http/HttpServletRequest;Ljavax/servlet/http/HttpServletResponse;)V+203
j  org.eclipse.jetty.server.handler.ScopedHandler.handle(Ljava/lang/String;Lorg/eclipse/jetty/server/Request;Ljavax/servlet/http/HttpServletRequest;Ljavax/servlet/http/HttpServletResponse;)V+32
j  org.eclipse.jetty.security.SecurityHandler.handle(Ljava/lang/String;Lorg/eclipse/jetty/server/Request;Ljavax/servlet/http/HttpServletRequest;Ljavax/servlet/http/HttpServletResponse;)V+553
j  org.eclipse.jetty.server.session.SessionHandler.doHandle(Ljava/lang/String;Lorg/eclipse/jetty/server/Request;Ljavax/servlet/http/HttpServletRequest;Ljavax/servlet/http/HttpServletResponse;)V+68
j  org.eclipse.jetty.server.handler.ContextHandler.doHandle(Ljava/lang/String;Lorg/eclipse/jetty/server/Request;Ljavax/servlet/http/HttpServletRequest;Ljavax/servlet/http/HttpServletResponse;)V+349
j  org.eclipse.jetty.servlet.ServletHandler.doScope(Ljava/lang/String;Lorg/eclipse/jetty/server/Request;Ljavax/servlet/http/HttpServletRequest;Ljavax/servlet/http/HttpServletResponse;)V+274
j  org.eclipse.jetty.server.session.SessionHandler.doScope(Ljava/lang/String;Lorg/eclipse/jetty/server/Request;Ljavax/servlet/http/HttpServletRequest;Ljavax/servlet/http/HttpServletResponse;)V+233
j  org.eclipse.jetty.server.handler.ContextHandler.doScope(Ljava/lang/String;Lorg/eclipse/jetty/server/Request;Ljavax/servlet/http/HttpServletRequest;Ljavax/servlet/http/HttpServletResponse;)V+437
j  org.eclipse.jetty.server.handler.ScopedHandler.handle(Ljava/lang/String;Lorg/eclipse/jetty/server/Request;Ljavax/servlet/http/HttpServletRequest;Ljavax/servlet/http/HttpServletResponse;)V+20
j  org.eclipse.jetty.server.handler.ContextHandlerCollection.handle(Ljava/lang/String;Lorg/eclipse/jetty/server/Request;Ljavax/servlet/http/HttpServletRequest;Ljavax/servlet/http/HttpServletResponse;)V+224
j  org.eclipse.jetty.server.handler.HandlerCollection.handle(Ljava/lang/String;Lorg/eclipse/jetty/server/Request;Ljavax/servlet/http/HttpServletRequest;Ljavax/servlet/http/HttpServletResponse;)V+42
j  org.eclipse.jetty.server.handler.HandlerWrapper.handle(Ljava/lang/String;Lorg/eclipse/jetty/server/Request;Ljavax/servlet/http/HttpServletRequest;Ljavax/servlet/http/HttpServletResponse;)V+23
j  org.eclipse.jetty.server.Server.handle(Lorg/eclipse/jetty/server/HttpChannel;)V+130
j  org.eclipse.jetty.server.HttpChannel.handle()Z+301
j  org.eclipse.jetty.server.HttpConnection.onFillable()V+189
j  org.eclipse.jetty.io.AbstractConnection$2.run()V+4
j  org.eclipse.jetty.util.thread.QueuedThreadPool.runJob(Ljava/lang/Runnable;)V+1
j  org.eclipse.jetty.util.thread.QueuedThreadPool$3.run()V+75
j  java.lang.Thread.run()V+11
v  ~StubRoutines::call_stub

---------------  P R O C E S S  ---------------

Java Threads: ( => current thread )
  0x0000000020d54000 JavaThread "Scheduler-1579858776" [_thread_blocked, id=12684, stack(0x0000000032330000,0x0000000032430000)]
  0x0000000020d52800 JavaThread "org.eclipse.jetty.server.session.HashSessionManager@c5c2a84Timer" daemon [_thread_blocked, id=9996, stack(0x00000000315f0000,0x00000000316f0000)]
  0x0000000020d51800 JavaThread "qtp107131289-25-selector-ServerConnectorManager@3586bf3a/0" [_thread_in_native, id=15700, stack(0x000000002c5e0000,0x000000002c6e0000)]
  0x0000000020d4c800 JavaThread "qtp107131289-24" [_thread_blocked, id=21336, stack(0x00000000275d0000,0x00000000276d0000)]
  0x0000000020d53000 JavaThread "qtp107131289-22-selector-ServerConnectorManager@3586bf3a/1" [_thread_in_native, id=14884, stack(0x0000000027090000,0x0000000027190000)]
  0x000000001f751000 JavaThread "qtp107131289-21-selector-ServerConnectorManager@3586bf3a/2" [_thread_in_native, id=21284, stack(0x0000000026f90000,0x0000000027090000)]
  0x000000001f74f800 JavaThread "qtp107131289-20" [_thread_blocked, id=19040, stack(0x0000000026d90000,0x0000000026e90000)]
=>0x000000001f74e800 JavaThread "qtp107131289-19" [_thread_in_native, id=12076, stack(0x0000000026c90000,0x0000000026d90000)]
  0x000000001f74d000 JavaThread "qtp107131289-18-acceptor-0@f778cc7-ServerConnector@1d8230cd{HTTP/1.1}{0.0.0.0:8080}" [_thread_in_native, id=14980, stack(0x0000000026b90000,0x0000000026c90000)]
  0x000000001f74c800 JavaThread "qtp107131289-17" [_thread_blocked, id=19240, stack(0x0000000026a90000,0x0000000026b90000)]
  0x000000001f74b800 JavaThread "qtp107131289-16-selector-ServerConnectorManager@3586bf3a/3" [_thread_in_native, id=22004, stack(0x0000000025970000,0x0000000025a70000)]
  0x000000001f752800 JavaThread "ShutdownMonitor" daemon [_thread_in_native, id=5868, stack(0x0000000021c30000,0x0000000021d30000)]
  0x000000001df41000 JavaThread "Service Thread" daemon [_thread_blocked, id=7696, stack(0x000000001ea90000,0x000000001eb90000)]
  0x000000001deb9000 JavaThread "C1 CompilerThread3" daemon [_thread_blocked, id=6708, stack(0x000000001e990000,0x000000001ea90000)]
  0x000000001deb0000 JavaThread "C2 CompilerThread2" daemon [_thread_blocked, id=14828, stack(0x000000001e890000,0x000000001e990000)]
  0x000000001deaf800 JavaThread "C2 CompilerThread1" daemon [_thread_blocked, id=16000, stack(0x000000001e790000,0x000000001e890000)]
  0x000000001dead800 JavaThread "C2 CompilerThread0" daemon [_thread_blocked, id=7212, stack(0x000000001e690000,0x000000001e790000)]
  0x000000001deaa800 JavaThread "Attach Listener" daemon [_thread_blocked, id=19920, stack(0x000000001e590000,0x000000001e690000)]
  0x000000001dea9800 JavaThread "Signal Dispatcher" daemon [_thread_blocked, id=22696, stack(0x000000001e490000,0x000000001e590000)]
  0x000000001dea0800 JavaThread "Finalizer" daemon [_thread_blocked, id=12720, stack(0x000000001e280000,0x000000001e380000)]
  0x000000001bf7d000 JavaThread "Reference Handler" daemon [_thread_blocked, id=4336, stack(0x000000001dd80000,0x000000001de80000)]
  0x0000000002462800 JavaThread "main" [_thread_blocked, id=1784, stack(0x00000000022d0000,0x00000000023d0000)]

Other Threads:
  0x000000001bf7a000 VMThread [stack: 0x000000001dc80000,0x000000001dd80000] [id=21768]
  0x000000001df6a800 WatcherThread [stack: 0x000000001eb90000,0x000000001ec90000] [id=18204]

VM state:not at safepoint (normal execution)

VM Mutex/Monitor currently owned by a thread: None

Heap:
 PSYoungGen      total 213504K, used 118441K [0x000000076b400000, 0x000000077af00000, 0x00000007c0000000)
  eden space 178176K, 49% used [0x000000076b400000,0x0000000770a51968,0x0000000776200000)
  from space 35328K, 85% used [0x0000000778c80000,0x000000077a9d8e30,0x000000077af00000)
  to   space 39424K, 0% used [0x0000000776200000,0x0000000776200000,0x0000000778880000)
 ParOldGen       total 199168K, used 52447K [0x00000006c1c00000, 0x00000006cde80000, 0x000000076b400000)
  object space 199168K, 26% used [0x00000006c1c00000,0x00000006c4f37d30,0x00000006cde80000)
 Metaspace       used 43018K, capacity 44492K, committed 44672K, reserved 1089536K
  class space    used 5126K, capacity 5494K, committed 5504K, reserved 1048576K

Card table byte_map: [0x0000000011920000,0x0000000012120000] byte_map_base: 0x000000000e312000

Marking Bits: (ParMarkBitMap*) 0x0000000059c02d00
 Begin Bits: [0x0000000012e70000, 0x0000000016e00000)
 End Bits:   [0x0000000016e00000, 0x000000001ad90000)

Polling page: 0x0000000002230000

CodeCache: size=245760Kb used=22864Kb max_used=22879Kb free=222895Kb
 bounds [0x0000000002560000, 0x0000000003bd0000, 0x0000000011560000]
 total_blobs=6690 nmethods=6198 adapters=404
 compilation: enabled

Compilation events (10 events):
Event: 87.293 Thread 0x000000001deb0000 7276       4       sun.nio.cs.StreamEncoder::implWrite (156 bytes)
Event: 87.341 Thread 0x000000001dead800 nmethod 7270 0x0000000003bbc810 code [0x0000000003bbcc20, 0x0000000003bbf300]
Event: 87.341 Thread 0x000000001dead800 7277       4       sun.nio.cs.SingleByte$Encoder::encodeArrayLoop (236 bytes)
Event: 87.361 Thread 0x000000001dead800 nmethod 7277 0x0000000003bb85d0 code [0x0000000003bb8720, 0x0000000003bb8e78]
Event: 87.362 Thread 0x000000001deb0000 nmethod 7276 0x0000000003bc4510 code [0x0000000003bc4720, 0x0000000003bc6198]
Event: 87.379 Thread 0x000000001dead800 7278   !   4       java.io.BufferedWriter::flushBuffer (53 bytes)
Event: 87.384 Thread 0x000000001deaf800 nmethod 7275 0x0000000003bcb590 code [0x0000000003bcb7a0, 0x0000000003bcd7d8]
Event: 87.387 Thread 0x000000001dead800 nmethod 7278 0x0000000003bb7790 code [0x0000000003bb7900, 0x0000000003bb8188]
Event: 87.398 Thread 0x000000001deb0000 7279       4       java.io.FileOutputStream::write (12 bytes)
Event: 87.399 Thread 0x000000001deb0000 nmethod 7279 0x000000000315dd50 code [0x000000000315dea0, 0x000000000315df28]

GC Heap History (10 events):
Event: 8.904 GC heap before
{Heap before GC invocations=8 (full 1):
 PSYoungGen      total 104960K, used 104955K [0x000000076b400000, 0x0000000772d00000, 0x00000007c0000000)
  eden space 91136K, 100% used [0x000000076b400000,0x0000000770d00000,0x0000000770d00000)
  from space 13824K, 99% used [0x0000000771c00000,0x000000077297ee40,0x0000000772980000)
  to   space 15360K, 0% used [0x0000000770d00000,0x0000000770d00000,0x0000000771c00000)
 ParOldGen       total 117760K, used 15108K [0x00000006c1c00000, 0x00000006c8f00000, 0x000000076b400000)
  object space 117760K, 12% used [0x00000006c1c00000,0x00000006c2ac13f8,0x00000006c8f00000)
 Metaspace       used 28428K, capacity 29200K, committed 29440K, reserved 1075200K
  class space    used 3246K, capacity 3461K, committed 3584K, reserved 1048576K
Event: 8.929 GC heap after
Heap after GC invocations=8 (full 1):
 PSYoungGen      total 106496K, used 15359K [0x000000076b400000, 0x0000000776580000, 0x00000007c0000000)
  eden space 91136K, 0% used [0x000000076b400000,0x000000076b400000,0x0000000770d00000)
  from space 15360K, 99% used [0x0000000770d00000,0x0000000771bffc48,0x0000000771c00000)
  to   space 22016K, 0% used [0x0000000775000000,0x0000000775000000,0x0000000776580000)
 ParOldGen       total 117760K, used 25715K [0x00000006c1c00000, 0x00000006c8f00000, 0x000000076b400000)
  object space 117760K, 21% used [0x00000006c1c00000,0x00000006c351cfe0,0x00000006c8f00000)
 Metaspace       used 28428K, capacity 29200K, committed 29440K, reserved 1075200K
  class space    used 3246K, capacity 3461K, committed 3584K, reserved 1048576K
}
Event: 9.353 GC heap before
{Heap before GC invocations=9 (full 1):
 PSYoungGen      total 106496K, used 106495K [0x000000076b400000, 0x0000000776580000, 0x00000007c0000000)
  eden space 91136K, 100% used [0x000000076b400000,0x0000000770d00000,0x0000000770d00000)
  from space 15360K, 99% used [0x0000000770d00000,0x0000000771bffc48,0x0000000771c00000)
  to   space 22016K, 0% used [0x0000000775000000,0x0000000775000000,0x0000000776580000)
 ParOldGen       total 117760K, used 25723K [0x00000006c1c00000, 0x00000006c8f00000, 0x000000076b400000)
  object space 117760K, 21% used [0x00000006c1c00000,0x00000006c351ec50,0x00000006c8f00000)
 Metaspace       used 28438K, capacity 29200K, committed 29440K, reserved 1075200K
  class space    used 3246K, capacity 3461K, committed 3584K, reserved 1048576K
Event: 9.407 GC heap after
Heap after GC invocations=9 (full 1):
 PSYoungGen      total 148992K, used 22004K [0x000000076b400000, 0x0000000779000000, 0x00000007c0000000)
  eden space 126976K, 0% used [0x000000076b400000,0x000000076b400000,0x0000000773000000)
  from space 22016K, 99% used [0x0000000775000000,0x000000077657d3a0,0x0000000776580000)
  to   space 32768K, 0% used [0x0000000773000000,0x0000000773000000,0x0000000775000000)
 ParOldGen       total 117760K, used 44560K [0x00000006c1c00000, 0x00000006c8f00000, 0x000000076b400000)
  object space 117760K, 37% used [0x00000006c1c00000,0x00000006c4784340,0x00000006c8f00000)
 Metaspace       used 28438K, capacity 29200K, committed 29440K, reserved 1075200K
  class space    used 3246K, capacity 3461K, committed 3584K, reserved 1048576K
}
Event: 10.798 GC heap before
{Heap before GC invocations=10 (full 1):
 PSYoungGen      total 148992K, used 146178K [0x000000076b400000, 0x0000000779000000, 0x00000007c0000000)
  eden space 126976K, 97% used [0x000000076b400000,0x0000000772d437d8,0x0000000773000000)
  from space 22016K, 99% used [0x0000000775000000,0x000000077657d3a0,0x0000000776580000)
  to   space 32768K, 0% used [0x0000000773000000,0x0000000773000000,0x0000000775000000)
 ParOldGen       total 117760K, used 44560K [0x00000006c1c00000, 0x00000006c8f00000, 0x000000076b400000)
  object space 117760K, 37% used [0x00000006c1c00000,0x00000006c4784340,0x00000006c8f00000)
 Metaspace       used 34028K, capacity 35288K, committed 35456K, reserved 1081344K
  class space    used 4028K, capacity 4357K, committed 4480K, reserved 1048576K
Event: 10.847 GC heap after
Heap after GC invocations=10 (full 1):
 PSYoungGen      total 159744K, used 31621K [0x000000076b400000, 0x000000077b100000, 0x00000007c0000000)
  eden space 126976K, 0% used [0x000000076b400000,0x000000076b400000,0x0000000773000000)
  from space 32768K, 96% used [0x0000000773000000,0x0000000774ee1608,0x0000000775000000)
  to   space 37376K, 0% used [0x0000000778c80000,0x0000000778c80000,0x000000077b100000)
 ParOldGen       total 117760K, used 57107K [0x00000006c1c00000, 0x00000006c8f00000, 0x000000076b400000)
  object space 117760K, 48% used [0x00000006c1c00000,0x00000006c53c4e00,0x00000006c8f00000)
 Metaspace       used 34028K, capacity 35288K, committed 35456K, reserved 1081344K
  class space    used 4028K, capacity 4357K, committed 4480K, reserved 1048576K
}
Event: 10.847 GC heap before
{Heap before GC invocations=11 (full 2):
 PSYoungGen      total 159744K, used 31621K [0x000000076b400000, 0x000000077b100000, 0x00000007c0000000)
  eden space 126976K, 0% used [0x000000076b400000,0x000000076b400000,0x0000000773000000)
  from space 32768K, 96% used [0x0000000773000000,0x0000000774ee1608,0x0000000775000000)
  to   space 37376K, 0% used [0x0000000778c80000,0x0000000778c80000,0x000000077b100000)
 ParOldGen       total 117760K, used 57107K [0x00000006c1c00000, 0x00000006c8f00000, 0x000000076b400000)
  object space 117760K, 48% used [0x00000006c1c00000,0x00000006c53c4e00,0x00000006c8f00000)
 Metaspace       used 34028K, capacity 35288K, committed 35456K, reserved 1081344K
  class space    used 4028K, capacity 4357K, committed 4480K, reserved 1048576K
Event: 10.943 GC heap after
Heap after GC invocations=11 (full 2):
 PSYoungGen      total 159744K, used 0K [0x000000076b400000, 0x000000077b100000, 0x00000007c0000000)
  eden space 126976K, 0% used [0x000000076b400000,0x000000076b400000,0x0000000773000000)
  from space 32768K, 0% used [0x0000000773000000,0x0000000773000000,0x0000000775000000)
  to   space 37376K, 0% used [0x0000000778c80000,0x0000000778c80000,0x000000077b100000)
 ParOldGen       total 199168K, used 52439K [0x00000006c1c00000, 0x00000006cde80000, 0x000000076b400000)
  object space 199168K, 26% used [0x00000006c1c00000,0x00000006c4f35d30,0x00000006cde80000)
 Metaspace       used 34028K, capacity 35288K, committed 35456K, reserved 1081344K
  class space    used 4028K, capacity 4357K, committed 4480K, reserved 1048576K
}
Event: 80.800 GC heap before
{Heap before GC invocations=12 (full 2):
 PSYoungGen      total 159744K, used 125058K [0x000000076b400000, 0x000000077b100000, 0x00000007c0000000)
  eden space 126976K, 98% used [0x000000076b400000,0x0000000772e20920,0x0000000773000000)
  from space 32768K, 0% used [0x0000000773000000,0x0000000773000000,0x0000000775000000)
  to   space 37376K, 0% used [0x0000000778c80000,0x0000000778c80000,0x000000077b100000)
 ParOldGen       total 199168K, used 52439K [0x00000006c1c00000, 0x00000006cde80000, 0x000000076b400000)
  object space 199168K, 26% used [0x00000006c1c00000,0x00000006c4f35d30,0x00000006cde80000)
 Metaspace       used 41987K, capacity 43520K, committed 43904K, reserved 1087488K
  class space    used 5006K, capacity 5388K, committed 5504K, reserved 1048576K
Event: 80.814 GC heap after
Heap after GC invocations=12 (full 2):
 PSYoungGen      total 213504K, used 30051K [0x000000076b400000, 0x000000077af00000, 0x00000007c0000000)
  eden space 178176K, 0% used [0x000000076b400000,0x000000076b400000,0x0000000776200000)
  from space 35328K, 85% used [0x0000000778c80000,0x000000077a9d8e30,0x000000077af00000)
  to   space 39424K, 0% used [0x0000000776200000,0x0000000776200000,0x0000000778880000)
 ParOldGen       total 199168K, used 52447K [0x00000006c1c00000, 0x00000006cde80000, 0x000000076b400000)
  object space 199168K, 26% used [0x00000006c1c00000,0x00000006c4f37d30,0x00000006cde80000)
 Metaspace       used 41987K, capacity 43520K, committed 43904K, reserved 1087488K
  class space    used 5006K, capacity 5388K, committed 5504K, reserved 1048576K
}

Deoptimization events (10 events):
Event: 84.838 Thread 0x000000001f74c800 Uncommon trap: reason=speculate_class_check action=maybe_recompile pc=0x0000000003ab0984 method=java.util.AbstractList.listIterator()Ljava/util/ListIterator; @ 2
Event: 84.838 Thread 0x000000001f74c800 Uncommon trap: reason=class_check action=maybe_recompile pc=0x00000000036b8498 method=java.util.Collections$UnmodifiableMap$UnmodifiableEntrySet$1.<init>(Ljava/util/Collections$UnmodifiableMap$UnmodifiableEntrySet;)V @ 17
Event: 84.838 Thread 0x000000001f74c800 Uncommon trap: reason=class_check action=maybe_recompile pc=0x0000000002c9a990 method=java.util.Collections$UnmodifiableMap$UnmodifiableEntrySet$1.hasNext()Z @ 4
Event: 87.110 Thread 0x000000001f74e800 Uncommon trap: reason=class_check action=maybe_recompile pc=0x0000000003671f94 method=java.util.Collections$UnmodifiableMap.entrySet()Ljava/util/Set; @ 16
Event: 87.110 Thread 0x000000001f74e800 Uncommon trap: reason=class_check action=maybe_recompile pc=0x00000000036b8498 method=java.util.Collections$UnmodifiableMap$UnmodifiableEntrySet$1.<init>(Ljava/util/Collections$UnmodifiableMap$UnmodifiableEntrySet;)V @ 17
Event: 87.110 Thread 0x000000001f74e800 Uncommon trap: reason=class_check action=maybe_recompile pc=0x0000000002cf2340 method=java.util.Collections$UnmodifiableMap$UnmodifiableEntrySet$1.next()Ljava/util/Map$Entry; @ 8
Event: 87.110 Thread 0x000000001f74e800 Uncommon trap: reason=class_check action=maybe_recompile pc=0x0000000002cac008 method=java.util.Collections$UnmodifiableMap$UnmodifiableEntrySet$UnmodifiableEntry.getKey()Ljava/lang/Object; @ 4
Event: 87.110 Thread 0x000000001f74e800 Uncommon trap: reason=class_check action=maybe_recompile pc=0x0000000002dbda88 method=java.util.Collections$UnmodifiableMap$UnmodifiableEntrySet$UnmodifiableEntry.getValue()Ljava/lang/Object; @ 4
Event: 87.258 Thread 0x000000001f74e800 Uncommon trap: reason=unstable_if action=reinterpret pc=0x0000000003b8c914 method=sun.nio.cs.SingleByte$Encoder.encodeArrayLoop(Ljava/nio/CharBuffer;Ljava/nio/ByteBuffer;)Ljava/nio/charset/CoderResult; @ 70
Event: 87.259 Thread 0x000000001f74e800 Uncommon trap: reason=unstable_if action=reinterpret pc=0x00000000036594b8 method=sun.nio.cs.SingleByte$Encoder.encodeArrayLoop(Ljava/nio/CharBuffer;Ljava/nio/ByteBuffer;)Ljava/nio/charset/CoderResult; @ 70

Classes redefined (0 events):
No events

Internal exceptions (10 events):
Event: 8.630 Thread 0x0000000002462800 Exception <a 'java/lang/ClassNotFoundException': sun/net/www/protocol/c/Handler> (0x000000076e9960a8) thrown at [C:\re\workspace\8-2-build-windows-amd64-cygwin\jdk8u181\11358\hotspot\src\share\vm\classfile\systemDictionary.cpp, line 210]
Event: 8.631 Thread 0x0000000002462800 Exception <a 'java/lang/ClassNotFoundException': sun/net/www/protocol/c/Handler> (0x000000076e9985e0) thrown at [C:\re\workspace\8-2-build-windows-amd64-cygwin\jdk8u181\11358\hotspot\src\share\vm\classfile\systemDictionary.cpp, line 210]
Event: 8.711 Thread 0x000000001f74e800 Implicit null exception at 0x00000000035ba1d9 to 0x00000000035ba9bd
Event: 8.711 Thread 0x0000000020d53000 Implicit null exception at 0x00000000035ba1d9 to 0x00000000035ba9bd
Event: 8.711 Thread 0x000000001f74b800 Implicit null exception at 0x00000000035e73cc to 0x00000000035e7ac9
Event: 8.711 Thread 0x000000001f74c800 Implicit null exception at 0x00000000035e73cc to 0x00000000035e7ac9
Event: 10.369 Thread 0x0000000002462800 Exception <a 'java/lang/NoSuchFieldError': method resolution failed> (0x0000000770fb3278) thrown at [C:\re\workspace\8-2-build-windows-amd64-cygwin\jdk8u181\11358\hotspot\src\share\vm\prims\methodHandles.cpp, line 1167]
Event: 10.370 Thread 0x0000000002462800 Exception <a 'java/lang/NoSuchFieldError': method resolution failed> (0x0000000770fc0d08) thrown at [C:\re\workspace\8-2-build-windows-amd64-cygwin\jdk8u181\11358\hotspot\src\share\vm\prims\methodHandles.cpp, line 1167]
Event: 11.137 Thread 0x0000000002462800 Exception <a 'java/lang/NoSuchMethodError': java.lang.Object.lambda$and$0(Ljava/util/function/Predicate;Ljava/lang/Object;)Z> (0x000000076c0b3cf0) thrown at [C:\re\workspace\8-2-build-windows-amd64-cygwin\jdk8u181\11358\hotspot\src\share\vm\interpreter\li
Event: 11.187 Thread 0x0000000002462800 Exception <a 'java/lang/NoSuchMethodError': java.lang.Object.lambda$comparingInt$7b0bb60$1(Ljava/util/function/ToIntFunction;Ljava/lang/Object;Ljava/lang/Object;)I> (0x000000076c3f4a80) thrown at [C:\re\workspace\8-2-build-windows-amd64-cygwin\jdk8u181\11

Events (10 events):
Event: 87.360 Thread 0x000000001f74e800 DEOPT PACKING pc=0x0000000003bb3101 sp=0x0000000026d8cca0
Event: 87.360 Thread 0x000000001f74e800 DEOPT UNPACKING pc=0x00000000025a7890 sp=0x0000000026d8ca90 mode 0
Event: 87.360 Thread 0x000000001f74e800 DEOPT PACKING pc=0x0000000003bb3101 sp=0x0000000026d8cca0
Event: 87.360 Thread 0x000000001f74e800 DEOPT UNPACKING pc=0x00000000025a7890 sp=0x0000000026d8ca90 mode 0
Event: 87.361 Thread 0x000000001f74e800 DEOPT PACKING pc=0x0000000003bb3101 sp=0x0000000026d8cca0
Event: 87.361 Thread 0x000000001f74e800 DEOPT UNPACKING pc=0x00000000025a7890 sp=0x0000000026d8ca90 mode 0
Event: 87.361 Thread 0x000000001f74e800 DEOPT PACKING pc=0x0000000003bb3101 sp=0x0000000026d8cca0
Event: 87.361 Thread 0x000000001f74e800 DEOPT UNPACKING pc=0x00000000025a7890 sp=0x0000000026d8ca90 mode 0
Event: 87.429 Executing VM operation: RevokeBias
Event: 87.430 Executing VM operation: RevokeBias done


Dynamic libraries:
0x00007ff6a5ea0000 - 0x00007ff6a5ed7000 	C:\Program Files\Java\jdk1.8.0_181\bin\java.exe
0x00007ff8b87b0000 - 0x00007ff8b8991000 	C:\WINDOWS\SYSTEM32\ntdll.dll
0x00007ff8b5e70000 - 0x00007ff8b5f22000 	C:\WINDOWS\System32\KERNEL32.DLL
0x00007ff8b5770000 - 0x00007ff8b59e3000 	C:\WINDOWS\System32\KERNELBASE.dll
0x00007ff8b5f30000 - 0x00007ff8b5fd1000 	C:\WINDOWS\System32\ADVAPI32.dll
0x00007ff8b7d70000 - 0x00007ff8b7e0e000 	C:\WINDOWS\System32\msvcrt.dll
0x00007ff8b7ee0000 - 0x00007ff8b7f3b000 	C:\WINDOWS\System32\sechost.dll
0x00007ff8b8650000 - 0x00007ff8b8774000 	C:\WINDOWS\System32\RPCRT4.dll
0x00007ff8b76e0000 - 0x00007ff8b7870000 	C:\WINDOWS\System32\USER32.dll
0x00007ff8b4b80000 - 0x00007ff8b4ba0000 	C:\WINDOWS\System32\win32u.dll
0x00007ff8b8620000 - 0x00007ff8b8648000 	C:\WINDOWS\System32\GDI32.dll
0x00007ff8b4e40000 - 0x00007ff8b4fd2000 	C:\WINDOWS\System32\gdi32full.dll
0x00007ff8b5ba0000 - 0x00007ff8b5c3f000 	C:\WINDOWS\System32\msvcp_win.dll
0x00007ff8b59f0000 - 0x00007ff8b5aea000 	C:\WINDOWS\System32\ucrtbase.dll
0x00007ff8a8200000 - 0x00007ff8a8469000 	C:\WINDOWS\WinSxS\amd64_microsoft.windows.common-controls_6595b64144ccf1df_6.0.17134.407_none_fb449d63306391e9\COMCTL32.dll
0x00007ff8b7a40000 - 0x00007ff8b7d62000 	C:\WINDOWS\System32\combase.dll
0x00007ff8b4fe0000 - 0x00007ff8b505a000 	C:\WINDOWS\System32\bcryptPrimitives.dll
0x00007ff8b85f0000 - 0x00007ff8b861d000 	C:\WINDOWS\System32\IMM32.DLL
0x000000005c6d0000 - 0x000000005c7a2000 	C:\Program Files\Java\jdk1.8.0_181\jre\bin\msvcr100.dll
0x00000000593e0000 - 0x0000000059c82000 	C:\Program Files\Java\jdk1.8.0_181\jre\bin\server\jvm.dll
0x00007ff8b7510000 - 0x00007ff8b7518000 	C:\WINDOWS\System32\PSAPI.DLL
0x00007ff8b24c0000 - 0x00007ff8b24c9000 	C:\WINDOWS\SYSTEM32\WSOCK32.dll
0x00007ff8abd00000 - 0x00007ff8abd0a000 	C:\WINDOWS\SYSTEM32\VERSION.dll
0x00007ff8ab410000 - 0x00007ff8ab433000 	C:\WINDOWS\SYSTEM32\WINMM.dll
0x00007ff8b7870000 - 0x00007ff8b78dc000 	C:\WINDOWS\System32\WS2_32.dll
0x00007ff8ab3e0000 - 0x00007ff8ab40a000 	C:\WINDOWS\SYSTEM32\winmmbase.dll
0x00007ff8b4c00000 - 0x00007ff8b4c49000 	C:\WINDOWS\System32\cfgmgr32.dll
0x000000005c680000 - 0x000000005c68f000 	C:\Program Files\Java\jdk1.8.0_181\jre\bin\verify.dll
0x000000005ba70000 - 0x000000005ba99000 	C:\Program Files\Java\jdk1.8.0_181\jre\bin\java.dll
0x000000005c660000 - 0x000000005c676000 	C:\Program Files\Java\jdk1.8.0_181\jre\bin\zip.dll
0x00007ff8b5fe0000 - 0x00007ff8b741f000 	C:\WINDOWS\System32\SHELL32.dll
0x00007ff8b5c40000 - 0x00007ff8b5ce9000 	C:\WINDOWS\System32\shcore.dll
0x00007ff8b5060000 - 0x00007ff8b576d000 	C:\WINDOWS\System32\windows.storage.dll
0x00007ff8b7e70000 - 0x00007ff8b7ec1000 	C:\WINDOWS\System32\shlwapi.dll
0x00007ff8b4b60000 - 0x00007ff8b4b71000 	C:\WINDOWS\System32\kernel.appcore.dll
0x00007ff8b4b40000 - 0x00007ff8b4b5f000 	C:\WINDOWS\System32\profapi.dll
0x00007ff8b4ac0000 - 0x00007ff8b4b0c000 	C:\WINDOWS\System32\powrprof.dll
0x00007ff8b4b10000 - 0x00007ff8b4b1a000 	C:\WINDOWS\System32\FLTLIB.DLL
0x00007ff8b0ee0000 - 0x00007ff8b0eea000 	D:\Programmi\apache-maven-3.6.0-bin\apache-maven-3.6.0\lib\jansi-native\windows64\jansi.dll
0x000000005ba50000 - 0x000000005ba6a000 	C:\Program Files\Java\jdk1.8.0_181\jre\bin\net.dll
0x00007ff8b42e0000 - 0x00007ff8b4346000 	C:\WINDOWS\system32\mswsock.dll
0x000000005ba30000 - 0x000000005ba41000 	C:\Program Files\Java\jdk1.8.0_181\jre\bin\nio.dll
0x000000005b980000 - 0x000000005b98d000 	C:\Program Files\Java\jdk1.8.0_181\jre\bin\management.dll
0x00007ff8b44a0000 - 0x00007ff8b44b7000 	C:\WINDOWS\SYSTEM32\CRYPTSP.dll
0x00007ff8b3ec0000 - 0x00007ff8b3ef3000 	C:\WINDOWS\system32\rsaenh.dll
0x00007ff8b45c0000 - 0x00007ff8b45e5000 	C:\WINDOWS\SYSTEM32\bcrypt.dll
0x00007ff8b49c0000 - 0x00007ff8b49e8000 	C:\WINDOWS\SYSTEM32\USERENV.dll
0x00007ff8b4490000 - 0x00007ff8b449b000 	C:\WINDOWS\SYSTEM32\CRYPTBASE.dll
0x00007ff8b4060000 - 0x00007ff8b4098000 	C:\WINDOWS\SYSTEM32\IPHLPAPI.DLL
0x00007ff8b5d90000 - 0x00007ff8b5d98000 	C:\WINDOWS\System32\NSI.dll
0x00007ff8af740000 - 0x00007ff8af756000 	C:\WINDOWS\SYSTEM32\dhcpcsvc6.DLL
0x00007ff8af840000 - 0x00007ff8af85a000 	C:\WINDOWS\SYSTEM32\dhcpcsvc.DLL
0x00007ff8ac600000 - 0x00007ff8ac624000 	D:\github\plathea\jaxrs-jersey-server-generated\src\main\java\io\core\InterfaceJNI_DLL.dll
0x00007ff8ac5a0000 - 0x00007ff8ac5c1000 	C:\WINDOWS\SYSTEM32\VCRUNTIME140D.dll
0x00007ff87dc60000 - 0x00007ff87de1d000 	C:\WINDOWS\SYSTEM32\ucrtbased.dll
0x00007ff8553e0000 - 0x00007ff8557a0000 	D:\github\plathea\jaxrs-jersey-server-generated\PlatheaDLL.dll
0x00007ff8b7420000 - 0x00007ff8b750d000 	C:\WINDOWS\System32\COMDLG32.dll
0x00007ff8b78e0000 - 0x00007ff8b7a31000 	C:\WINDOWS\System32\ole32.dll
0x00007ff87db50000 - 0x00007ff87dc58000 	D:\github\plathea\jaxrs-jersey-server-generated\opencv_video310d.dll
0x00007ff84a2c0000 - 0x00007ff84b25e000 	D:\github\plathea\jaxrs-jersey-server-generated\opencv_core310d.dll
0x00007ff87b650000 - 0x00007ff87b7fc000 	D:\github\plathea\jaxrs-jersey-server-generated\opencv_ml310d.dll
0x00007ff891330000 - 0x00007ff891396000 	D:\github\plathea\jaxrs-jersey-server-generated\opencv_highgui310d.dll
0x00007ff86a1d0000 - 0x00007ff86a364000 	D:\github\plathea\jaxrs-jersey-server-generated\opencv_objdetect310d.dll
0x00007ff84d990000 - 0x00007ff84dd64000 	D:\github\plathea\jaxrs-jersey-server-generated\opencv_calib3d310d.dll
0x00007ff8480f0000 - 0x00007ff84a2bb000 	D:\github\plathea\jaxrs-jersey-server-generated\opencv_imgproc310d.dll
0x00007ff87b080000 - 0x00007ff87b174000 	C:\WINDOWS\SYSTEM32\MSVCP140D.dll
0x00007ff884110000 - 0x00007ff8841c6000 	C:\WINDOWS\SYSTEM32\CONCRT140D.dll
0x00007ff883d30000 - 0x00007ff883de2000 	D:\github\plathea\jaxrs-jersey-server-generated\opencv_videoio310d.dll
0x00007ff8b5da0000 - 0x00007ff8b5e62000 	C:\WINDOWS\System32\OLEAUT32.dll
0x00007ff847b90000 - 0x00007ff8480ee000 	D:\github\plathea\jaxrs-jersey-server-generated\opencv_imgcodecs310d.dll
0x00007ff8a9220000 - 0x00007ff8a9249000 	C:\WINDOWS\SYSTEM32\MSVFW32.dll
0x00007ff8658a0000 - 0x00007ff865ac5000 	D:\github\plathea\jaxrs-jersey-server-generated\opencv_features2d310d.dll
0x00007ff8aef20000 - 0x00007ff8aef3f000 	C:\WINDOWS\SYSTEM32\AVIFIL32.dll
0x00007ff8a48d0000 - 0x00007ff8a48e8000 	C:\WINDOWS\SYSTEM32\AVICAP32.dll
0x00007ff894930000 - 0x00007ff89494c000 	C:\WINDOWS\SYSTEM32\MSACM32.dll
0x00007ff865670000 - 0x00007ff8657ed000 	D:\github\plathea\jaxrs-jersey-server-generated\opencv_flann310d.dll
0x00007ff8ae410000 - 0x00007ff8ae5d9000 	C:\WINDOWS\SYSTEM32\dbghelp.dll

VM Arguments:
jvm_args: -Dclassworlds.conf=D:\Programmi\apache-maven-3.6.0-bin\apache-maven-3.6.0\bin\..\bin\m2.conf -Dmaven.home=D:\Programmi\apache-maven-3.6.0-bin\apache-maven-3.6.0\bin\.. -Dlibrary.jansi.path=D:\Programmi\apache-maven-3.6.0-bin\apache-maven-3.6.0\bin\..\lib\jansi-native -Dmaven.multiModuleProjectDirectory=D:\github\plathea\jaxrs-jersey-server-generated 
java_command: org.codehaus.plexus.classworlds.launcher.Launcher clean package jetty:run
java_class_path (initial): D:\Programmi\apache-maven-3.6.0-bin\apache-maven-3.6.0\bin\..\boot\plexus-classworlds-2.5.2.jar
Launcher Type: SUN_STANDARD

Environment Variables:
JAVA_HOME=C:\Program Files\Java\jdk1.8.0_181
PATH=C:\Program Files (x86)\Common Files\Oracle\Java\javapath;C:\Users\jack1\Desktop\plathea-code-22-trunk\plathea-code-22-trunk\opencv-master\build\install_release\x64\vc12\bin;C:\WINDOWS\system32;C:\WINDOWS;C:\WINDOWS\System32\Wbem;C:\WINDOWS\System32\WindowsPowerShell\v1.0\;C:\Program Files\Git\cmd;C:\Program Files\nodejs\;C:\Program Files\PuTTY\;C:\Users\jack1\AppData\Local\Microsoft\WindowsApps;C:\Users\jack1\AppData\Roaming\npm;C:\Users\jack1\AppData\Local\atom\bin;C:\adb;C:\WINDOWS\system32;C:\WINDOWS;C:\WINDOWS\System32\Wbem;C:\WINDOWS\System32\WindowsPowerShell\v1.0\;C:\WINDOWS\System32\OpenSSH\;C:\Users\jack1\Desktop\plathea-code-22-trunk\plathea-code-22-trunk\opencv-master\build\install_debug\x64\vc12\bin;C:\Users\jack1\AppData\Local\Microsoft\WindowsApps;C:\Users\jack1\AppData\Roaming\npm;C:\Users\jack1\AppData\Local\atom\bin;C:\Users\jack1\AppData\Local\Microsoft\WindowsApps;C:\Program Files\LLVM\bin;C:\ProgramData\jack1\atom\bin;C:\Program Files\Java\jdk1.8.0_181\bin;C:\Program Files\mingw-w64\x86_64-8.1.0-win32-seh-rt_v6-rev0\mingw64\bin;D:\Programmi\apache-maven-3.6.0-bin\apache-maven-3.6.0\bin;D:\github\plathea\LeoStormLibrary\LeoStormWindowsLib;
USERNAME=jack1
OS=Windows_NT
PROCESSOR_IDENTIFIER=Intel64 Family 6 Model 58 Stepping 9, GenuineIntel



---------------  S Y S T E M  ---------------

OS: Windows 10.0 , 64 bit Build 17134 (10.0.17134.1)

CPU:total 8 (initial active 8) (4 cores per cpu, 2 threads per core) family 6 model 58 stepping 9, cmov, cx8, fxsr, mmx, sse, sse2, sse3, ssse3, sse4.1, sse4.2, popcnt, avx, aes, clmul, erms, ht, tsc, tscinvbit, tscinv

Memory: 4k page, physical 16659944k(7024244k free), swap 19150312k(6526800k free)

vm_info: Java HotSpot(TM) 64-Bit Server VM (25.181-b13) for windows-amd64 JRE (1.8.0_181-b13), built on Jul  7 2018 04:01:33 by "java_re" with MS VC++ 10.0 (VS2010)

time: Fri Nov 16 18:22:46 2018
elapsed time: 87 seconds (0d 0h 1m 27s)

