#
# A fatal error has been detected by the Java Runtime Environment:
#
#  EXCEPTION_ACCESS_VIOLATION (0xc0000005) at pc=0x0000000059525ed2, pid=8340, tid=0x00000000000023bc
#
# JRE version: Java(TM) SE Runtime Environment (8.0_181-b13) (build 1.8.0_181-b13)
# Java VM: Java HotSpot(TM) 64-Bit Server VM (25.181-b13 mixed mode windows-amd64 compressed oops)
# Problematic frame:
# V  [jvm.dll+0x145ed2]
#
# Failed to write core dump. Minidumps are not enabled by default on client versions of Windows
#
# If you would like to submit a bug report, please visit:
#   http://bugreport.java.com/bugreport/crash.jsp
#

---------------  T H R E A D  ---------------

Current thread (0x000000001fe69800):  JavaThread "qtp147646893-24" [_thread_in_vm, id=9148, stack(0x00000000278d0000,0x00000000279d0000)]

siginfo: ExceptionCode=0xc0000005, reading address 0x0000000000000000

Registers:
RAX=0x0000000000000000, RBX=0x000000001fe69800, RCX=0x0000000000000980, RDX=0x0000000000000000
RSP=0x00000000279cd150, RBP=0x0000000000000000, RSI=0x0000000000000000, RDI=0x0000000000000000
R8 =0x0000000000000000, R9 =0x0000000023006e20, R10=0x0000000002ad8c3b, R11=0x000000005960c6a0
R12=0x0000000000000000, R13=0x00000000318e0db8, R14=0x00000000279cd488, R15=0x000000001fe69800
RIP=0x0000000059525ed2, EFLAGS=0x0000000000010202

Top of Stack: (sp=0x00000000279cd150)
0x00000000279cd150:   00000000279cd260 00000000217887b8
0x00000000279cd160:   00000000318e0db8 000000001fe69800
0x00000000279cd170:   000000001fe69800 0000000000000000
0x00000000279cd180:   000000001fe69800 00000000595bb55e
0x00000000279cd190:   000000000000000b 00007ff8aef31226
0x00000000279cd1a0:   00000000599c50e0 0000005000000000
0x00000000279cd1b0:   000000000000002f 0000000000000000
0x00000000279cd1c0:   0000000000000021 00007ff8aef31689
0x00000000279cd1d0:   00000000279cd1f0 00000000279cd2b8
0x00000000279cd1e0:   cccccccccccccccc 00000000318e0db8
0x00000000279cd1f0:   cccccccccccccccc cccccccccccccccc
0x00000000279cd200:   cccccccccccccccc cccccccccccccccc
0x00000000279cd210:   cccccccccccccccc cccccccccccccccc
0x00000000279cd220:   cccccccccccccccc cccccccccccccccc
0x00000000279cd230:   cccccccccccccccc cccccccccccccccc
0x00000000279cd240:   cccccccccccccccc cccccccccccccccc 

Instructions: (pc=0x0000000059525ed2)
0x0000000059525eb2:   89 5c 24 20 48 89 74 24 28 48 39 73 08 74 0a 48
0x0000000059525ec2:   8d 4c 24 20 e8 45 7a 13 00 40 38 35 9e da 6c 00
0x0000000059525ed2:   48 8b 3f 48 63 05 f8 39 6b 00 74 1b 8b 0c 38 85
0x0000000059525ee2:   c9 74 7c 8b c1 8b 0d 6b 09 66 00 48 d3 e0 48 03 


Register to memory mapping:

RAX=0x0000000000000000 is an unknown value
RBX=0x000000001fe69800 is a thread
RCX=0x0000000000000980 is an unknown value
RDX=0x0000000000000000 is an unknown value
RSP=0x00000000279cd150 is pointing into the stack for thread: 0x000000001fe69800
RBP=0x0000000000000000 is an unknown value
RSI=0x0000000000000000 is an unknown value
RDI=0x0000000000000000 is an unknown value
R8 =0x0000000000000000 is an unknown value
R9 =0x0000000023006e20 is an unknown value
R10=0x0000000002ad8c3b is at code_begin+891 in an Interpreter codelet
method entry point (kind = native)  [0x0000000002ad88c0, 0x0000000002ad9280]  2496 bytes
R11=0x000000005960c6a0 is an unknown value
R12=0x0000000000000000 is an unknown value
R13={method} {0x00000000318e0dc0} 'loadConfigurationFile' '(Ljava/lang/String;)I' in 'io/core/InterfaceJNI'
R14=0x00000000279cd488 is pointing into the stack for thread: 0x000000001fe69800
R15=0x000000001fe69800 is a thread


Stack: [0x00000000278d0000,0x00000000279d0000],  sp=0x00000000279cd150,  free space=1012k
Native frames: (J=compiled Java code, j=interpreted, Vv=VM code, C=native code)

Java frames: (J=compiled Java code, j=interpreted, Vv=VM code)
j  io.core.InterfaceJNI.loadConfigurationFile(Ljava/lang/String;)I+0
j  io.core.MainSystem.loadconfigurationfile(Ljava/lang/Integer;Ljava/util/List;)Lio/core/MainSystem$ReturnRoomMessage;+178
j  io.swagger.api.impl.RoomApiServiceImpl.loadconfigurationfile(Ljava/lang/Integer;Ljava/util/List;Ljavax/ws/rs/core/SecurityContext;)Ljavax/ws/rs/core/Response;+2
j  io.swagger.api.RoomApi.loadconfigurationfile(Ljava/lang/Integer;Ljava/util/List;Ljavax/ws/rs/core/SecurityContext;)Ljavax/ws/rs/core/Response;+7
v  ~StubRoutines::call_stub
J 2279  sun.reflect.NativeMethodAccessorImpl.invoke0(Ljava/lang/reflect/Method;Ljava/lang/Object;[Ljava/lang/Object;)Ljava/lang/Object; (0 bytes) @ 0x0000000003256d7f [0x0000000003256d00+0x7f]
J 2278 C1 sun.reflect.NativeMethodAccessorImpl.invoke(Ljava/lang/Object;[Ljava/lang/Object;)Ljava/lang/Object; (104 bytes) @ 0x0000000003255bbc [0x00000000032549c0+0x11fc]
J 2088 C1 sun.reflect.DelegatingMethodAccessorImpl.invoke(Ljava/lang/Object;[Ljava/lang/Object;)Ljava/lang/Object; (10 bytes) @ 0x00000000031c7f4c [0x00000000031c7e40+0x10c]
J 1962 C1 java.lang.reflect.Method.invoke(Ljava/lang/Object;[Ljava/lang/Object;)Ljava/lang/Object; (62 bytes) @ 0x0000000003175e74 [0x0000000003175a80+0x3f4]
j  org.glassfish.jersey.server.model.internal.ResourceMethodInvocationHandlerFactory.lambda$static$0(Ljava/lang/Object;Ljava/lang/reflect/Method;[Ljava/lang/Object;)Ljava/lang/Object;+3
j  org.glassfish.jersey.server.model.internal.ResourceMethodInvocationHandlerFactory$$Lambda$122.invoke(Ljava/lang/Object;Ljava/lang/reflect/Method;[Ljava/lang/Object;)Ljava/lang/Object;+3
j  org.glassfish.jersey.server.model.internal.AbstractJavaResourceMethodDispatcher$1.run()Ljava/lang/Object;+38
j  org.glassfish.jersey.server.model.internal.AbstractJavaResourceMethodDispatcher.invoke(Lorg/glassfish/jersey/server/ContainerRequest;Ljava/lang/Object;[Ljava/lang/Object;)Ljava/lang/Object;+66
j  org.glassfish.jersey.server.model.internal.JavaResourceMethodDispatcherProvider$ResponseOutInvoker.doDispatch(Ljava/lang/Object;Lorg/glassfish/jersey/server/ContainerRequest;)Ljavax/ws/rs/core/Response;+10
j  org.glassfish.jersey.server.model.internal.AbstractJavaResourceMethodDispatcher.dispatch(Ljava/lang/Object;Lorg/glassfish/jersey/server/ContainerRequest;)Ljavax/ws/rs/core/Response;+5
j  org.glassfish.jersey.server.model.ResourceMethodInvoker.invoke(Lorg/glassfish/jersey/server/internal/process/RequestProcessingContext;Ljava/lang/Object;)Ljavax/ws/rs/core/Response;+26
j  org.glassfish.jersey.server.model.ResourceMethodInvoker.apply(Lorg/glassfish/jersey/server/internal/process/RequestProcessingContext;)Lorg/glassfish/jersey/server/ContainerResponse;+100
j  org.glassfish.jersey.server.model.ResourceMethodInvoker.apply(Ljava/lang/Object;)Ljava/lang/Object;+5
j  org.glassfish.jersey.server.ServerRuntime$1.run()V+89
j  org.glassfish.jersey.internal.Errors$1.call()Ljava/lang/Void;+4
j  org.glassfish.jersey.internal.Errors$1.call()Ljava/lang/Object;+1
j  org.glassfish.jersey.internal.Errors.process(Ljava/util/concurrent/Callable;Z)Ljava/lang/Object;+36
j  org.glassfish.jersey.internal.Errors.process(Lorg/glassfish/jersey/internal/util/Producer;Z)Ljava/lang/Object;+2
j  org.glassfish.jersey.internal.Errors.process(Ljava/lang/Runnable;)V+9
j  org.glassfish.jersey.process.internal.RequestScope.runInScope(Lorg/glassfish/jersey/process/internal/RequestContext;Ljava/lang/Runnable;)V+17
j  org.glassfish.jersey.server.ServerRuntime.process(Lorg/glassfish/jersey/server/ContainerRequest;)V+181
j  org.glassfish.jersey.server.ApplicationHandler.handle(Lorg/glassfish/jersey/server/ContainerRequest;)V+13
j  org.glassfish.jersey.servlet.WebComponent.serviceImpl(Ljava/net/URI;Ljava/net/URI;Ljavax/servlet/http/HttpServletRequest;Ljavax/servlet/http/HttpServletResponse;)Lorg/glassfish/jersey/servlet/internal/ResponseWriter;+81
j  org.glassfish.jersey.servlet.WebComponent.service(Ljava/net/URI;Ljava/net/URI;Ljavax/servlet/http/HttpServletRequest;Ljavax/servlet/http/HttpServletResponse;)Lorg/glassfish/jersey/internal/util/collection/Value;+6
j  org.glassfish.jersey.servlet.ServletContainer.service(Ljava/net/URI;Ljava/net/URI;Ljavax/servlet/http/HttpServletRequest;Ljavax/servlet/http/HttpServletResponse;)Lorg/glassfish/jersey/internal/util/collection/Value;+9
j  org.glassfish.jersey.servlet.ServletContainer.service(Ljavax/servlet/http/HttpServletRequest;Ljavax/servlet/http/HttpServletResponse;)V+183
j  org.glassfish.jersey.servlet.ServletContainer.service(Ljavax/servlet/ServletRequest;Ljavax/servlet/ServletResponse;)V+39
j  org.eclipse.jetty.servlet.ServletHolder.handle(Lorg/eclipse/jetty/server/Request;Ljavax/servlet/ServletRequest;Ljavax/servlet/ServletResponse;)V+89
j  org.eclipse.jetty.servlet.ServletHandler$CachedChain.doFilter(Ljavax/servlet/ServletRequest;Ljavax/servlet/ServletResponse;)V+211
j  io.swagger.api.ApiOriginFilter.doFilter(Ljavax/servlet/ServletRequest;Ljavax/servlet/ServletResponse;Ljavax/servlet/FilterChain;)V+42
j  org.eclipse.jetty.servlet.ServletHandler$CachedChain.doFilter(Ljavax/servlet/ServletRequest;Ljavax/servlet/ServletResponse;)V+103
j  org.eclipse.jetty.servlet.ServletHandler.doHandle(Ljava/lang/String;Lorg/eclipse/jetty/server/Request;Ljavax/servlet/http/HttpServletRequest;Ljavax/servlet/http/HttpServletResponse;)V+203
j  org.eclipse.jetty.server.handler.ScopedHandler.handle(Ljava/lang/String;Lorg/eclipse/jetty/server/Request;Ljavax/servlet/http/HttpServletRequest;Ljavax/servlet/http/HttpServletResponse;)V+32
j  org.eclipse.jetty.security.SecurityHandler.handle(Ljava/lang/String;Lorg/eclipse/jetty/server/Request;Ljavax/servlet/http/HttpServletRequest;Ljavax/servlet/http/HttpServletResponse;)V+553
j  org.eclipse.jetty.server.session.SessionHandler.doHandle(Ljava/lang/String;Lorg/eclipse/jetty/server/Request;Ljavax/servlet/http/HttpServletRequest;Ljavax/servlet/http/HttpServletResponse;)V+68
j  org.eclipse.jetty.server.handler.ContextHandler.doHandle(Ljava/lang/String;Lorg/eclipse/jetty/server/Request;Ljavax/servlet/http/HttpServletRequest;Ljavax/servlet/http/HttpServletResponse;)V+349
j  org.eclipse.jetty.servlet.ServletHandler.doScope(Ljava/lang/String;Lorg/eclipse/jetty/server/Request;Ljavax/servlet/http/HttpServletRequest;Ljavax/servlet/http/HttpServletResponse;)V+274
j  org.eclipse.jetty.server.session.SessionHandler.doScope(Ljava/lang/String;Lorg/eclipse/jetty/server/Request;Ljavax/servlet/http/HttpServletRequest;Ljavax/servlet/http/HttpServletResponse;)V+233
j  org.eclipse.jetty.server.handler.ContextHandler.doScope(Ljava/lang/String;Lorg/eclipse/jetty/server/Request;Ljavax/servlet/http/HttpServletRequest;Ljavax/servlet/http/HttpServletResponse;)V+437
j  org.eclipse.jetty.server.handler.ScopedHandler.handle(Ljava/lang/String;Lorg/eclipse/jetty/server/Request;Ljavax/servlet/http/HttpServletRequest;Ljavax/servlet/http/HttpServletResponse;)V+20
j  org.eclipse.jetty.server.handler.ContextHandlerCollection.handle(Ljava/lang/String;Lorg/eclipse/jetty/server/Request;Ljavax/servlet/http/HttpServletRequest;Ljavax/servlet/http/HttpServletResponse;)V+224
j  org.eclipse.jetty.server.handler.HandlerCollection.handle(Ljava/lang/String;Lorg/eclipse/jetty/server/Request;Ljavax/servlet/http/HttpServletRequest;Ljavax/servlet/http/HttpServletResponse;)V+42
j  org.eclipse.jetty.server.handler.HandlerWrapper.handle(Ljava/lang/String;Lorg/eclipse/jetty/server/Request;Ljavax/servlet/http/HttpServletRequest;Ljavax/servlet/http/HttpServletResponse;)V+23
j  org.eclipse.jetty.server.Server.handle(Lorg/eclipse/jetty/server/HttpChannel;)V+130
j  org.eclipse.jetty.server.HttpChannel.handle()Z+301
j  org.eclipse.jetty.server.HttpConnection.onFillable()V+189
j  org.eclipse.jetty.io.AbstractConnection$2.run()V+4
j  org.eclipse.jetty.util.thread.QueuedThreadPool.runJob(Ljava/lang/Runnable;)V+1
j  org.eclipse.jetty.util.thread.QueuedThreadPool$3.run()V+75
j  java.lang.Thread.run()V+11
v  ~StubRoutines::call_stub

---------------  P R O C E S S  ---------------

Java Threads: ( => current thread )
  0x0000000027fbc000 JavaThread "Scheduler-518017014" [_thread_blocked, id=13092, stack(0x0000000031670000,0x0000000031770000)]
  0x0000000027fbd800 JavaThread "org.eclipse.jetty.server.session.HashSessionManager@1e4bf55bTimer" daemon [_thread_blocked, id=19312, stack(0x0000000030b70000,0x0000000030c70000)]
  0x000000001fe6f800 JavaThread "qtp147646893-26-selector-ServerConnectorManager@7ff63372/3" [_thread_in_native, id=19376, stack(0x0000000028bf0000,0x0000000028cf0000)]
  0x000000001fe6e000 JavaThread "qtp147646893-25-acceptor-0@5183984c-ServerConnector@59d8a968{HTTP/1.1}{0.0.0.0:8080}" [_thread_in_native, id=16060, stack(0x0000000028af0000,0x0000000028bf0000)]
=>0x000000001fe69800 JavaThread "qtp147646893-24" [_thread_in_vm, id=9148, stack(0x00000000278d0000,0x00000000279d0000)]
  0x000000001f946800 JavaThread "qtp147646893-22" [_thread_blocked, id=9980, stack(0x00000000274d0000,0x00000000275d0000)]
  0x000000001f8fb800 JavaThread "qtp147646893-21-selector-ServerConnectorManager@7ff63372/1" [_thread_in_native, id=22284, stack(0x0000000026390000,0x0000000026490000)]
  0x00000000241f9000 JavaThread "qtp147646893-20" [_thread_blocked, id=14352, stack(0x0000000026190000,0x0000000026290000)]
  0x000000001ff5d800 JavaThread "qtp147646893-19-selector-ServerConnectorManager@7ff63372/0" [_thread_in_native, id=8620, stack(0x0000000026090000,0x0000000026190000)]
  0x0000000023fdc800 JavaThread "qtp147646893-18" [_thread_blocked, id=13900, stack(0x0000000025f90000,0x0000000026090000)]
  0x0000000020683800 JavaThread "qtp147646893-17-selector-ServerConnectorManager@7ff63372/2" [_thread_in_native, id=20588, stack(0x0000000025e90000,0x0000000025f90000)]
  0x000000001f1fb800 JavaThread "qtp147646893-16" [_thread_blocked, id=14396, stack(0x0000000025d90000,0x0000000025e90000)]
  0x0000000023a38800 JavaThread "qtp147646893-15" [_thread_blocked, id=18304, stack(0x0000000025c90000,0x0000000025d90000)]
  0x000000001fde0000 JavaThread "ShutdownMonitor" daemon [_thread_in_native, id=16808, stack(0x0000000023320000,0x0000000023420000)]
  0x000000001e473000 JavaThread "Service Thread" daemon [_thread_blocked, id=21588, stack(0x000000001efc0000,0x000000001f0c0000)]
  0x000000001e3ed000 JavaThread "C1 CompilerThread3" daemon [_thread_blocked, id=22200, stack(0x000000001eec0000,0x000000001efc0000)]
  0x000000001e3e9000 JavaThread "C2 CompilerThread2" daemon [_thread_blocked, id=2756, stack(0x000000001edc0000,0x000000001eec0000)]
  0x000000001e3e8000 JavaThread "C2 CompilerThread1" daemon [_thread_blocked, id=12904, stack(0x000000001ecc0000,0x000000001edc0000)]
  0x000000001e3e6000 JavaThread "C2 CompilerThread0" daemon [_thread_blocked, id=688, stack(0x000000001ebc0000,0x000000001ecc0000)]
  0x000000001e3e3000 JavaThread "Attach Listener" daemon [_thread_blocked, id=16464, stack(0x000000001eac0000,0x000000001ebc0000)]
  0x000000001e3e2000 JavaThread "Signal Dispatcher" daemon [_thread_blocked, id=12360, stack(0x000000001e9c0000,0x000000001eac0000)]
  0x000000001e3d0800 JavaThread "Finalizer" daemon [_thread_blocked, id=13944, stack(0x000000001e7b0000,0x000000001e8b0000)]
  0x0000000002ab9000 JavaThread "Reference Handler" daemon [_thread_blocked, id=12564, stack(0x000000001e2b0000,0x000000001e3b0000)]
  0x00000000029c2800 JavaThread "main" [_thread_blocked, id=19164, stack(0x00000000028c0000,0x00000000029c0000)]

Other Threads:
  0x000000001c4d9800 VMThread [stack: 0x000000001e1b0000,0x000000001e2b0000] [id=21612]
  0x000000001e49c800 WatcherThread [stack: 0x000000001f0c0000,0x000000001f1c0000] [id=21880]

VM state:not at safepoint (normal execution)

VM Mutex/Monitor currently owned by a thread: None

Heap:
 PSYoungGen      total 190976K, used 59190K [0x000000076b400000, 0x0000000779300000, 0x00000007c0000000)
  eden space 155648K, 38% used [0x000000076b400000,0x000000076edcd988,0x0000000774c00000)
  from space 35328K, 0% used [0x0000000777080000,0x0000000777080000,0x0000000779300000)
  to   space 36352K, 0% used [0x0000000774c00000,0x0000000774c00000,0x0000000776f80000)
 ParOldGen       total 185856K, used 29902K [0x00000006c1c00000, 0x00000006cd180000, 0x000000076b400000)
  object space 185856K, 16% used [0x00000006c1c00000,0x00000006c3933af8,0x00000006cd180000)
 Metaspace       used 42871K, capacity 44358K, committed 44416K, reserved 1087488K
  class space    used 5134K, capacity 5493K, committed 5504K, reserved 1048576K

Card table byte_map: [0x0000000011e80000,0x0000000012680000] byte_map_base: 0x000000000e872000

Marking Bits: (ParMarkBitMap*) 0x0000000059c02d00
 Begin Bits: [0x00000000133d0000, 0x0000000017360000)
 End Bits:   [0x0000000017360000, 0x000000001b2f0000)

Polling page: 0x00000000005f0000

CodeCache: size=245760Kb used=22460Kb max_used=22460Kb free=223299Kb
 bounds [0x0000000002ac0000, 0x00000000040e0000, 0x0000000011ac0000]
 total_blobs=6587 nmethods=6096 adapters=403
 compilation: enabled

Compilation events (10 events):
Event: 16.664 Thread 0x000000001e3e9000 7167  s    4       java.io.BufferedOutputStream::flush (12 bytes)
Event: 16.666 Thread 0x000000001e3e9000 nmethod 7167 0x0000000002ec34d0 code [0x0000000002ec3620, 0x0000000002ec39a8]
Event: 16.701 Thread 0x000000001e3e8000 7168       4       org.fusesource.jansi.FilterPrintStream::write (17 bytes)
Event: 16.702 Thread 0x000000001e3e6000 7169  s    4       java.io.BufferedOutputStream::write (35 bytes)
Event: 16.705 Thread 0x000000001e3e6000 nmethod 7169 0x00000000032b6fd0 code [0x00000000032b7120, 0x00000000032b7528]
Event: 16.721 Thread 0x000000001e3e9000 7170   !   4       java.io.PrintStream::write (66 bytes)
Event: 16.722 Thread 0x000000001e3e8000 nmethod 7168 0x0000000002ce3f10 code [0x0000000002ce40c0, 0x0000000002ce4c90]
Event: 16.730 Thread 0x000000001e3e9000 nmethod 7170 0x00000000035765d0 code [0x0000000003576760, 0x00000000035772c8]
Event: 16.782 Thread 0x000000001e3ed000 7171       3       sun.nio.cs.SingleByte$Encoder::encodeArrayLoop (236 bytes)
Event: 16.784 Thread 0x000000001e3ed000 nmethod 7171 0x0000000002ca2350 code [0x0000000002ca27e0, 0x0000000002ca5368]

GC Heap History (10 events):
Event: 7.787 GC heap before
{Heap before GC invocations=8 (full 1):
 PSYoungGen      total 98816K, used 98787K [0x000000076b400000, 0x0000000772900000, 0x00000007c0000000)
  eden space 84480K, 100% used [0x000000076b400000,0x0000000770680000,0x0000000770680000)
  from space 14336K, 99% used [0x0000000771600000,0x00000007723f8f70,0x0000000772400000)
  to   space 15872K, 0% used [0x0000000770680000,0x0000000770680000,0x0000000771600000)
 ParOldGen       total 124416K, used 15293K [0x00000006c1c00000, 0x00000006c9580000, 0x000000076b400000)
  object space 124416K, 12% used [0x00000006c1c00000,0x00000006c2aef410,0x00000006c9580000)
 Metaspace       used 28388K, capacity 29136K, committed 29440K, reserved 1075200K
  class space    used 3246K, capacity 3461K, committed 3584K, reserved 1048576K
Event: 7.811 GC heap after
Heap after GC invocations=8 (full 1):
 PSYoungGen      total 100352K, used 15857K [0x000000076b400000, 0x0000000775480000, 0x00000007c0000000)
  eden space 84480K, 0% used [0x000000076b400000,0x000000076b400000,0x0000000770680000)
  from space 15872K, 99% used [0x0000000770680000,0x00000007715fc728,0x0000000771600000)
  to   space 21504K, 0% used [0x0000000773f80000,0x0000000773f80000,0x0000000775480000)
 ParOldGen       total 124416K, used 24198K [0x00000006c1c00000, 0x00000006c9580000, 0x000000076b400000)
  object space 124416K, 19% used [0x00000006c1c00000,0x00000006c33a1bb8,0x00000006c9580000)
 Metaspace       used 28388K, capacity 29136K, committed 29440K, reserved 1075200K
  class space    used 3246K, capacity 3461K, committed 3584K, reserved 1048576K
}
Event: 8.213 GC heap before
{Heap before GC invocations=9 (full 1):
 PSYoungGen      total 100352K, used 100337K [0x000000076b400000, 0x0000000775480000, 0x00000007c0000000)
  eden space 84480K, 100% used [0x000000076b400000,0x0000000770680000,0x0000000770680000)
  from space 15872K, 99% used [0x0000000770680000,0x00000007715fc728,0x0000000771600000)
  to   space 21504K, 0% used [0x0000000773f80000,0x0000000773f80000,0x0000000775480000)
 ParOldGen       total 124416K, used 24215K [0x00000006c1c00000, 0x00000006c9580000, 0x000000076b400000)
  object space 124416K, 19% used [0x00000006c1c00000,0x00000006c33a5e10,0x00000006c9580000)
 Metaspace       used 28402K, capacity 29200K, committed 29440K, reserved 1075200K
  class space    used 3246K, capacity 3461K, committed 3584K, reserved 1048576K
Event: 8.267 GC heap after
Heap after GC invocations=9 (full 1):
 PSYoungGen      total 132608K, used 21475K [0x000000076b400000, 0x0000000777d80000, 0x00000007c0000000)
  eden space 111104K, 0% used [0x000000076b400000,0x000000076b400000,0x0000000772080000)
  from space 21504K, 99% used [0x0000000773f80000,0x0000000775478ef0,0x0000000775480000)
  to   space 31744K, 0% used [0x0000000772080000,0x0000000772080000,0x0000000773f80000)
 ParOldGen       total 124416K, used 41237K [0x00000006c1c00000, 0x00000006c9580000, 0x000000076b400000)
  object space 124416K, 33% used [0x00000006c1c00000,0x00000006c4445758,0x00000006c9580000)
 Metaspace       used 28402K, capacity 29200K, committed 29440K, reserved 1075200K
  class space    used 3246K, capacity 3461K, committed 3584K, reserved 1048576K
}
Event: 9.356 GC heap before
{Heap before GC invocations=10 (full 1):
 PSYoungGen      total 132608K, used 132579K [0x000000076b400000, 0x0000000777d80000, 0x00000007c0000000)
  eden space 111104K, 100% used [0x000000076b400000,0x0000000772080000,0x0000000772080000)
  from space 21504K, 99% used [0x0000000773f80000,0x0000000775478ef0,0x0000000775480000)
  to   space 31744K, 0% used [0x0000000772080000,0x0000000772080000,0x0000000773f80000)
 ParOldGen       total 124416K, used 41245K [0x00000006c1c00000, 0x00000006c9580000, 0x000000076b400000)
  object space 124416K, 33% used [0x00000006c1c00000,0x00000006c4447468,0x00000006c9580000)
 Metaspace       used 31296K, capacity 32250K, committed 32384K, reserved 1077248K
  class space    used 3610K, capacity 3876K, committed 3968K, reserved 1048576K
Event: 9.402 GC heap after
Heap after GC invocations=10 (full 1):
 PSYoungGen      total 142848K, used 30996K [0x000000076b400000, 0x0000000779380000, 0x00000007c0000000)
  eden space 111104K, 0% used [0x000000076b400000,0x000000076b400000,0x0000000772080000)
  from space 31744K, 97% used [0x0000000772080000,0x0000000773ec5118,0x0000000773f80000)
  to   space 35840K, 0% used [0x0000000777080000,0x0000000777080000,0x0000000779380000)
 ParOldGen       total 124416K, used 53797K [0x00000006c1c00000, 0x00000006c9580000, 0x000000076b400000)
  object space 124416K, 43% used [0x00000006c1c00000,0x00000006c50895f8,0x00000006c9580000)
 Metaspace       used 31296K, capacity 32250K, committed 32384K, reserved 1077248K
  class space    used 3610K, capacity 3876K, committed 3968K, reserved 1048576K
}
Event: 9.784 GC heap before
{Heap before GC invocations=11 (full 1):
 PSYoungGen      total 142848K, used 56060K [0x000000076b400000, 0x0000000779380000, 0x00000007c0000000)
  eden space 111104K, 22% used [0x000000076b400000,0x000000076cc7a148,0x0000000772080000)
  from space 31744K, 97% used [0x0000000772080000,0x0000000773ec5118,0x0000000773f80000)
  to   space 35840K, 0% used [0x0000000777080000,0x0000000777080000,0x0000000779380000)
 ParOldGen       total 124416K, used 53797K [0x00000006c1c00000, 0x00000006c9580000, 0x000000076b400000)
  object space 124416K, 43% used [0x00000006c1c00000,0x00000006c50895f8,0x00000006c9580000)
 Metaspace       used 34145K, capacity 35290K, committed 35456K, reserved 1081344K
  class space    used 4044K, capacity 4358K, committed 4480K, reserved 1048576K
Event: 9.792 GC heap after
Heap after GC invocations=11 (full 1):
 PSYoungGen      total 190976K, used 5599K [0x000000076b400000, 0x0000000779300000, 0x00000007c0000000)
  eden space 155648K, 0% used [0x000000076b400000,0x000000076b400000,0x0000000774c00000)
  from space 35328K, 15% used [0x0000000777080000,0x00000007775f7d38,0x0000000779300000)
  to   space 36352K, 0% used [0x0000000774c00000,0x0000000774c00000,0x0000000776f80000)
 ParOldGen       total 124416K, used 56218K [0x00000006c1c00000, 0x00000006c9580000, 0x000000076b400000)
  object space 124416K, 45% used [0x00000006c1c00000,0x00000006c52e6848,0x00000006c9580000)
 Metaspace       used 34145K, capacity 35290K, committed 35456K, reserved 1081344K
  class space    used 4044K, capacity 4358K, committed 4480K, reserved 1048576K
}
Event: 9.792 GC heap before
{Heap before GC invocations=12 (full 2):
 PSYoungGen      total 190976K, used 5599K [0x000000076b400000, 0x0000000779300000, 0x00000007c0000000)
  eden space 155648K, 0% used [0x000000076b400000,0x000000076b400000,0x0000000774c00000)
  from space 35328K, 15% used [0x0000000777080000,0x00000007775f7d38,0x0000000779300000)
  to   space 36352K, 0% used [0x0000000774c00000,0x0000000774c00000,0x0000000776f80000)
 ParOldGen       total 124416K, used 56218K [0x00000006c1c00000, 0x00000006c9580000, 0x000000076b400000)
  object space 124416K, 45% used [0x00000006c1c00000,0x00000006c52e6848,0x00000006c9580000)
 Metaspace       used 34145K, capacity 35290K, committed 35456K, reserved 1081344K
  class space    used 4044K, capacity 4358K, committed 4480K, reserved 1048576K
Event: 9.857 GC heap after
Heap after GC invocations=12 (full 2):
 PSYoungGen      total 190976K, used 0K [0x000000076b400000, 0x0000000779300000, 0x00000007c0000000)
  eden space 155648K, 0% used [0x000000076b400000,0x000000076b400000,0x0000000774c00000)
  from space 35328K, 0% used [0x0000000777080000,0x0000000777080000,0x0000000779300000)
  to   space 36352K, 0% used [0x0000000774c00000,0x0000000774c00000,0x0000000776f80000)
 ParOldGen       total 185856K, used 29902K [0x00000006c1c00000, 0x00000006cd180000, 0x000000076b400000)
  object space 185856K, 16% used [0x00000006c1c00000,0x00000006c3933af8,0x00000006cd180000)
 Metaspace       used 34145K, capacity 35290K, committed 35456K, reserved 1081344K
  class space    used 4044K, capacity 4358K, committed 4480K, reserved 1048576K
}

Deoptimization events (10 events):
Event: 16.492 Thread 0x000000001fe69800 Uncommon trap: reason=class_check action=maybe_recompile pc=0x00000000033496a0 method=java.lang.StringCoding$StringDecoder.charsetName()Ljava/lang/String; @ 4
Event: 16.505 Thread 0x000000001fe69800 Uncommon trap: reason=unstable_if action=reinterpret pc=0x00000000035e54d8 method=java.io.WinNTFileSystem.normalize(Ljava/lang/String;II)Ljava/lang/String; @ 103
Event: 16.505 Thread 0x000000001fe69800 Uncommon trap: reason=unstable_if action=reinterpret pc=0x00000000034cdf94 method=java.io.WinNTFileSystem.normalize(Ljava/lang/String;II)Ljava/lang/String; @ 103
Event: 16.506 Thread 0x000000001fe69800 Uncommon trap: reason=unstable_if action=reinterpret pc=0x0000000003f248ac method=sun.reflect.annotation.AnnotationInvocationHandler.invoke(Ljava/lang/Object;Ljava/lang/reflect/Method;[Ljava/lang/Object;)Ljava/lang/Object; @ 19
Event: 16.514 Thread 0x000000001fe69800 Uncommon trap: reason=class_check action=maybe_recompile pc=0x00000000040713f8 method=java.util.Collections$UnmodifiableList.get(I)Ljava/lang/Object; @ 5
Event: 16.514 Thread 0x000000001fe69800 Uncommon trap: reason=class_check action=maybe_recompile pc=0x00000000040713f8 method=java.util.Collections$UnmodifiableList.get(I)Ljava/lang/Object; @ 5
Event: 16.514 Thread 0x000000001fe69800 Uncommon trap: reason=class_check action=maybe_recompile pc=0x00000000040713f8 method=java.util.Collections$UnmodifiableList.get(I)Ljava/lang/Object; @ 5
Event: 16.514 Thread 0x000000001fe69800 Uncommon trap: reason=class_check action=maybe_recompile pc=0x00000000040713f8 method=java.util.Collections$UnmodifiableList.get(I)Ljava/lang/Object; @ 5
Event: 16.515 Thread 0x000000001fe69800 Uncommon trap: reason=unstable_if action=reinterpret pc=0x0000000002fad294 method=sun.nio.cs.SingleByte$Encoder.encodeArrayLoop(Ljava/nio/CharBuffer;Ljava/nio/ByteBuffer;)Ljava/nio/charset/CoderResult; @ 70
Event: 16.782 Thread 0x000000001fe69800 Uncommon trap: reason=unstable_if action=reinterpret pc=0x000000000301a4b8 method=sun.nio.cs.SingleByte$Encoder.encodeArrayLoop(Ljava/nio/CharBuffer;Ljava/nio/ByteBuffer;)Ljava/nio/charset/CoderResult; @ 70

Classes redefined (0 events):
No events

Internal exceptions (10 events):
Event: 7.528 Thread 0x00000000029c2800 Exception <a 'java/lang/ClassNotFoundException': sun/net/www/protocol/c/Handler> (0x000000076e5f4f28) thrown at [C:\re\workspace\8-2-build-windows-amd64-cygwin\jdk8u181\11358\hotspot\src\share\vm\classfile\systemDictionary.cpp, line 210]
Event: 7.529 Thread 0x00000000029c2800 Exception <a 'java/lang/ClassNotFoundException': sun/net/www/protocol/c/Handler> (0x000000076e5f7498) thrown at [C:\re\workspace\8-2-build-windows-amd64-cygwin\jdk8u181\11358\hotspot\src\share\vm\classfile\systemDictionary.cpp, line 210]
Event: 7.530 Thread 0x00000000029c2800 Exception <a 'java/lang/ClassNotFoundException': sun/net/www/protocol/c/Handler> (0x000000076e5f99d0) thrown at [C:\re\workspace\8-2-build-windows-amd64-cygwin\jdk8u181\11358\hotspot\src\share\vm\classfile\systemDictionary.cpp, line 210]
Event: 7.603 Thread 0x0000000023a38800 Implicit null exception at 0x0000000002c59e99 to 0x0000000002c5a67d
Event: 7.603 Thread 0x000000001ff5d800 Implicit null exception at 0x0000000002e6510c to 0x0000000002e65809
Event: 9.271 Thread 0x00000000029c2800 Exception <a 'java/lang/NoSuchFieldError': method resolution failed> (0x0000000771a82dc8) thrown at [C:\re\workspace\8-2-build-windows-amd64-cygwin\jdk8u181\11358\hotspot\src\share\vm\prims\methodHandles.cpp, line 1167]
Event: 9.273 Thread 0x00000000029c2800 Exception <a 'java/lang/NoSuchFieldError': method resolution failed> (0x0000000771a90858) thrown at [C:\re\workspace\8-2-build-windows-amd64-cygwin\jdk8u181\11358\hotspot\src\share\vm\prims\methodHandles.cpp, line 1167]
Event: 10.003 Thread 0x00000000029c2800 Exception <a 'java/lang/NoSuchMethodError': java.lang.Object.lambda$and$0(Ljava/util/function/Predicate;Ljava/lang/Object;)Z> (0x000000076bf2efd8) thrown at [C:\re\workspace\8-2-build-windows-amd64-cygwin\jdk8u181\11358\hotspot\src\share\vm\interpreter\li
Event: 10.055 Thread 0x00000000029c2800 Exception <a 'java/lang/NoSuchMethodError': java.lang.Object.lambda$comparingInt$7b0bb60$1(Ljava/util/function/ToIntFunction;Ljava/lang/Object;Ljava/lang/Object;)I> (0x000000076c2715a8) thrown at [C:\re\workspace\8-2-build-windows-amd64-cygwin\jdk8u181\11
Event: 16.512 Thread 0x000000001fe69800 Exception <a 'java/io/FileNotFoundException'> (0x000000076ecfe1a8) thrown at [C:\re\workspace\8-2-build-windows-amd64-cygwin\jdk8u181\11358\hotspot\src\share\vm\prims\jni.cpp, line 709]

Events (10 events):
Event: 16.515 loading class java/util/Formatter$DateTime
Event: 16.515 loading class java/util/Formatter$DateTime done
Event: 16.515 Thread 0x000000001fe69800 Uncommon trap: trap_request=0xffffff65 fr.pc=0x0000000002fad294
Event: 16.515 Thread 0x000000001fe69800 DEOPT PACKING pc=0x0000000002fad294 sp=0x00000000279ccee0
Event: 16.515 Thread 0x000000001fe69800 DEOPT UNPACKING pc=0x0000000002b0583b sp=0x00000000279ccd80 mode 2
Event: 16.782 Thread 0x000000001fe69800 Uncommon trap: trap_request=0xffffff65 fr.pc=0x000000000301a4b8
Event: 16.782 Thread 0x000000001fe69800 DEOPT PACKING pc=0x000000000301a4b8 sp=0x00000000279cce00
Event: 16.782 Thread 0x000000001fe69800 DEOPT UNPACKING pc=0x0000000002b0583b sp=0x00000000279ccd70 mode 2
Event: 17.079 Executing VM operation: RevokeBias
Event: 17.079 Executing VM operation: RevokeBias done


Dynamic libraries:
0x00007ff6a5ea0000 - 0x00007ff6a5ed7000 	C:\Program Files\Java\jdk1.8.0_181\bin\java.exe
0x00007ff8b87b0000 - 0x00007ff8b8991000 	C:\WINDOWS\SYSTEM32\ntdll.dll
0x00007ff8b5e70000 - 0x00007ff8b5f22000 	C:\WINDOWS\System32\KERNEL32.DLL
0x00007ff8b5770000 - 0x00007ff8b59e3000 	C:\WINDOWS\System32\KERNELBASE.dll
0x00007ff8b5f30000 - 0x00007ff8b5fd1000 	C:\WINDOWS\System32\ADVAPI32.dll
0x00007ff8b7d70000 - 0x00007ff8b7e0e000 	C:\WINDOWS\System32\msvcrt.dll
0x00007ff8b7ee0000 - 0x00007ff8b7f3b000 	C:\WINDOWS\System32\sechost.dll
0x00007ff8b8650000 - 0x00007ff8b8774000 	C:\WINDOWS\System32\RPCRT4.dll
0x00007ff8b76e0000 - 0x00007ff8b7870000 	C:\WINDOWS\System32\USER32.dll
0x00007ff8b4b80000 - 0x00007ff8b4ba0000 	C:\WINDOWS\System32\win32u.dll
0x00007ff8b8620000 - 0x00007ff8b8648000 	C:\WINDOWS\System32\GDI32.dll
0x00007ff8b4e40000 - 0x00007ff8b4fd2000 	C:\WINDOWS\System32\gdi32full.dll
0x00007ff8b5ba0000 - 0x00007ff8b5c3f000 	C:\WINDOWS\System32\msvcp_win.dll
0x00007ff8b59f0000 - 0x00007ff8b5aea000 	C:\WINDOWS\System32\ucrtbase.dll
0x00007ff8a8200000 - 0x00007ff8a8469000 	C:\WINDOWS\WinSxS\amd64_microsoft.windows.common-controls_6595b64144ccf1df_6.0.17134.407_none_fb449d63306391e9\COMCTL32.dll
0x00007ff8b7a40000 - 0x00007ff8b7d62000 	C:\WINDOWS\System32\combase.dll
0x00007ff8b4fe0000 - 0x00007ff8b505a000 	C:\WINDOWS\System32\bcryptPrimitives.dll
0x00007ff8b85f0000 - 0x00007ff8b861d000 	C:\WINDOWS\System32\IMM32.DLL
0x000000005c6d0000 - 0x000000005c7a2000 	C:\Program Files\Java\jdk1.8.0_181\jre\bin\msvcr100.dll
0x00000000593e0000 - 0x0000000059c82000 	C:\Program Files\Java\jdk1.8.0_181\jre\bin\server\jvm.dll
0x00007ff8b7510000 - 0x00007ff8b7518000 	C:\WINDOWS\System32\PSAPI.DLL
0x00007ff8b24c0000 - 0x00007ff8b24c9000 	C:\WINDOWS\SYSTEM32\WSOCK32.dll
0x00007ff8ab410000 - 0x00007ff8ab433000 	C:\WINDOWS\SYSTEM32\WINMM.dll
0x00007ff8abd00000 - 0x00007ff8abd0a000 	C:\WINDOWS\SYSTEM32\VERSION.dll
0x00007ff8b7870000 - 0x00007ff8b78dc000 	C:\WINDOWS\System32\WS2_32.dll
0x00007ff8ab3e0000 - 0x00007ff8ab40a000 	C:\WINDOWS\SYSTEM32\WINMMBASE.dll
0x00007ff8b4c00000 - 0x00007ff8b4c49000 	C:\WINDOWS\System32\cfgmgr32.dll
0x000000005c680000 - 0x000000005c68f000 	C:\Program Files\Java\jdk1.8.0_181\jre\bin\verify.dll
0x000000005ba70000 - 0x000000005ba99000 	C:\Program Files\Java\jdk1.8.0_181\jre\bin\java.dll
0x000000005c660000 - 0x000000005c676000 	C:\Program Files\Java\jdk1.8.0_181\jre\bin\zip.dll
0x00007ff8b5fe0000 - 0x00007ff8b741f000 	C:\WINDOWS\System32\SHELL32.dll
0x00007ff8b5c40000 - 0x00007ff8b5ce9000 	C:\WINDOWS\System32\shcore.dll
0x00007ff8b5060000 - 0x00007ff8b576d000 	C:\WINDOWS\System32\windows.storage.dll
0x00007ff8b7e70000 - 0x00007ff8b7ec1000 	C:\WINDOWS\System32\shlwapi.dll
0x00007ff8b4b60000 - 0x00007ff8b4b71000 	C:\WINDOWS\System32\kernel.appcore.dll
0x00007ff8b4b40000 - 0x00007ff8b4b5f000 	C:\WINDOWS\System32\profapi.dll
0x00007ff8b4ac0000 - 0x00007ff8b4b0c000 	C:\WINDOWS\System32\powrprof.dll
0x00007ff8b4b10000 - 0x00007ff8b4b1a000 	C:\WINDOWS\System32\FLTLIB.DLL
0x00007ff8b0fb0000 - 0x00007ff8b0fba000 	D:\Programmi\apache-maven-3.6.0-bin\apache-maven-3.6.0\lib\jansi-native\windows64\jansi.dll
0x000000005ba50000 - 0x000000005ba6a000 	C:\Program Files\Java\jdk1.8.0_181\jre\bin\net.dll
0x00007ff8b42e0000 - 0x00007ff8b4346000 	C:\WINDOWS\system32\mswsock.dll
0x000000005ba30000 - 0x000000005ba41000 	C:\Program Files\Java\jdk1.8.0_181\jre\bin\nio.dll
0x000000005b980000 - 0x000000005b98d000 	C:\Program Files\Java\jdk1.8.0_181\jre\bin\management.dll
0x00007ff8b44a0000 - 0x00007ff8b44b7000 	C:\WINDOWS\SYSTEM32\CRYPTSP.dll
0x00007ff8b3ec0000 - 0x00007ff8b3ef3000 	C:\WINDOWS\system32\rsaenh.dll
0x00007ff8b45c0000 - 0x00007ff8b45e5000 	C:\WINDOWS\SYSTEM32\bcrypt.dll
0x00007ff8b49c0000 - 0x00007ff8b49e8000 	C:\WINDOWS\SYSTEM32\USERENV.dll
0x00007ff8b4490000 - 0x00007ff8b449b000 	C:\WINDOWS\SYSTEM32\CRYPTBASE.dll
0x00007ff8b4060000 - 0x00007ff8b4098000 	C:\WINDOWS\SYSTEM32\IPHLPAPI.DLL
0x00007ff8b5d90000 - 0x00007ff8b5d98000 	C:\WINDOWS\System32\NSI.dll
0x00007ff8af740000 - 0x00007ff8af756000 	C:\WINDOWS\SYSTEM32\dhcpcsvc6.DLL
0x00007ff8af840000 - 0x00007ff8af85a000 	C:\WINDOWS\SYSTEM32\dhcpcsvc.DLL
0x00007ff8aef20000 - 0x00007ff8aef44000 	D:\github\plathea\jaxrs-jersey-server-generated\src\main\java\io\core\InterfaceJNI_DLL.dll
0x00007ff8ae810000 - 0x00007ff8ae831000 	C:\WINDOWS\SYSTEM32\VCRUNTIME140D.dll
0x00007ff88a1b0000 - 0x00007ff88a36d000 	C:\WINDOWS\SYSTEM32\ucrtbased.dll
0x00007ff87d710000 - 0x00007ff87dad0000 	D:\github\plathea\jaxrs-jersey-server-generated\PlatheaDLL.dll
0x00007ff8b7420000 - 0x00007ff8b750d000 	C:\WINDOWS\System32\COMDLG32.dll
0x00007ff8b78e0000 - 0x00007ff8b7a31000 	C:\WINDOWS\System32\ole32.dll
0x00007ff890fc0000 - 0x00007ff8910c8000 	D:\github\plathea\jaxrs-jersey-server-generated\opencv_video310d.dll
0x00007ff850d00000 - 0x00007ff851c9e000 	D:\github\plathea\jaxrs-jersey-server-generated\opencv_core310d.dll
0x00007ff882870000 - 0x00007ff882a1c000 	D:\github\plathea\jaxrs-jersey-server-generated\opencv_ml310d.dll
0x00007ff8a3ea0000 - 0x00007ff8a3f06000 	D:\github\plathea\jaxrs-jersey-server-generated\opencv_highgui310d.dll
0x00007ff87e950000 - 0x00007ff87eae4000 	D:\github\plathea\jaxrs-jersey-server-generated\opencv_objdetect310d.dll
0x00007ff84eb30000 - 0x00007ff850cfb000 	D:\github\plathea\jaxrs-jersey-server-generated\opencv_imgproc310d.dll
0x00007ff863d60000 - 0x00007ff864134000 	D:\github\plathea\jaxrs-jersey-server-generated\opencv_calib3d310d.dll
0x00007ff88ec80000 - 0x00007ff88ed74000 	C:\WINDOWS\SYSTEM32\MSVCP140D.dll
0x00007ff88d200000 - 0x00007ff88d2b6000 	C:\WINDOWS\SYSTEM32\CONCRT140D.dll
0x00007ff88b260000 - 0x00007ff88b312000 	D:\github\plathea\jaxrs-jersey-server-generated\opencv_videoio310d.dll
0x00007ff8b5da0000 - 0x00007ff8b5e62000 	C:\WINDOWS\System32\OLEAUT32.dll
0x00007ff85a7b0000 - 0x00007ff85ad0e000 	D:\github\plathea\jaxrs-jersey-server-generated\opencv_imgcodecs310d.dll
0x00007ff8aab70000 - 0x00007ff8aab99000 	C:\WINDOWS\SYSTEM32\MSVFW32.dll
0x00007ff8ac750000 - 0x00007ff8ac76f000 	C:\WINDOWS\SYSTEM32\AVIFIL32.dll
0x00007ff8ac4b0000 - 0x00007ff8ac4c8000 	C:\WINDOWS\SYSTEM32\AVICAP32.dll
0x00007ff87b5d0000 - 0x00007ff87b7f5000 	D:\github\plathea\jaxrs-jersey-server-generated\opencv_features2d310d.dll
0x00007ff894930000 - 0x00007ff89494c000 	C:\WINDOWS\SYSTEM32\MSACM32.dll
0x00007ff884110000 - 0x00007ff88428d000 	D:\github\plathea\jaxrs-jersey-server-generated\opencv_flann310d.dll
0x00007ff8ae410000 - 0x00007ff8ae5d9000 	C:\WINDOWS\SYSTEM32\dbghelp.dll

VM Arguments:
jvm_args: -Dclassworlds.conf=D:\Programmi\apache-maven-3.6.0-bin\apache-maven-3.6.0\bin\..\bin\m2.conf -Dmaven.home=D:\Programmi\apache-maven-3.6.0-bin\apache-maven-3.6.0\bin\.. -Dlibrary.jansi.path=D:\Programmi\apache-maven-3.6.0-bin\apache-maven-3.6.0\bin\..\lib\jansi-native -Dmaven.multiModuleProjectDirectory=D:\github\plathea\jaxrs-jersey-server-generated 
java_command: org.codehaus.plexus.classworlds.launcher.Launcher clean package jetty:run
java_class_path (initial): D:\Programmi\apache-maven-3.6.0-bin\apache-maven-3.6.0\bin\..\boot\plexus-classworlds-2.5.2.jar
Launcher Type: SUN_STANDARD

Environment Variables:
JAVA_HOME=C:\Program Files\Java\jdk1.8.0_181
PATH=C:\Program Files (x86)\Common Files\Oracle\Java\javapath;C:\Users\jack1\Desktop\plathea-code-22-trunk\plathea-code-22-trunk\opencv-master\build\install_release\x64\vc12\bin;C:\WINDOWS\system32;C:\WINDOWS;C:\WINDOWS\System32\Wbem;C:\WINDOWS\System32\WindowsPowerShell\v1.0\;C:\Program Files\Git\cmd;C:\Program Files\nodejs\;C:\Program Files\PuTTY\;C:\Users\jack1\AppData\Local\Microsoft\WindowsApps;C:\Users\jack1\AppData\Roaming\npm;C:\Users\jack1\AppData\Local\atom\bin;C:\adb;C:\WINDOWS\system32;C:\WINDOWS;C:\WINDOWS\System32\Wbem;C:\WINDOWS\System32\WindowsPowerShell\v1.0\;C:\WINDOWS\System32\OpenSSH\;C:\Users\jack1\Desktop\plathea-code-22-trunk\plathea-code-22-trunk\opencv-master\build\install_debug\x64\vc12\bin;C:\Users\jack1\AppData\Local\Microsoft\WindowsApps;C:\Users\jack1\AppData\Roaming\npm;C:\Users\jack1\AppData\Local\atom\bin;C:\Users\jack1\AppData\Local\Microsoft\WindowsApps;C:\Program Files\LLVM\bin;C:\ProgramData\jack1\atom\bin;C:\Program Files\Java\jdk1.8.0_181\bin;C:\Program Files\mingw-w64\x86_64-8.1.0-win32-seh-rt_v6-rev0\mingw64\bin;D:\Programmi\apache-maven-3.6.0-bin\apache-maven-3.6.0\bin;D:\github\plathea\LeoStormLibrary\LeoStormWindowsLib;
USERNAME=jack1
OS=Windows_NT
PROCESSOR_IDENTIFIER=Intel64 Family 6 Model 58 Stepping 9, GenuineIntel



---------------  S Y S T E M  ---------------

OS: Windows 10.0 , 64 bit Build 17134 (10.0.17134.1)

CPU:total 8 (initial active 8) (4 cores per cpu, 2 threads per core) family 6 model 58 stepping 9, cmov, cx8, fxsr, mmx, sse, sse2, sse3, ssse3, sse4.1, sse4.2, popcnt, avx, aes, clmul, erms, ht, tsc, tscinvbit, tscinv

Memory: 4k page, physical 16659944k(8211076k free), swap 19150312k(7687120k free)

vm_info: Java HotSpot(TM) 64-Bit Server VM (25.181-b13) for windows-amd64 JRE (1.8.0_181-b13), built on Jul  7 2018 04:01:33 by "java_re" with MS VC++ 10.0 (VS2010)

time: Fri Nov 16 11:24:15 2018
elapsed time: 17 seconds (0d 0h 0m 17s)

