#
# A fatal error has been detected by the Java Runtime Environment:
#
#  EXCEPTION_ACCESS_VIOLATION (0xc0000005) at pc=0x000000005f59ef12, pid=17760, tid=0x0000000000005228
#
# JRE version: Java(TM) SE Runtime Environment (8.0_181-b13) (build 1.8.0_181-b13)
# Java VM: Java HotSpot(TM) 64-Bit Server VM (25.181-b13 mixed mode windows-amd64 compressed oops)
# Problematic frame:
# V  [jvm.dll+0x15ef12]
#
# Failed to write core dump. Minidumps are not enabled by default on client versions of Windows
#
# If you would like to submit a bug report, please visit:
#   http://bugreport.java.com/bugreport/crash.jsp
#

---------------  T H R E A D  ---------------

Current thread (0x0000000023b2d800):  JavaThread "qtp881883721-16" [_thread_in_vm, id=21032, stack(0x0000000026a90000,0x0000000026b90000)]

siginfo: ExceptionCode=0xc0000005, reading address 0x0000000000000000

Registers:
RAX=0x000000001ed607f0, RBX=0x00000000032f0990, RCX=0x000000001ed607f2, RDX=0x0000000000000000
RSP=0x0000000026b8c950, RBP=0x00007fffc599bdac, RSI=0x0000000000000000, RDI=0x000000001ed607f0
R8 =0x0000000000000016, R9 =0x00007fffa6c3b5a0, R10=0x000000001ed607f0, R11=0x000000002598ce09
R12=0x00007fffc599bd90, R13=0x0000000000000000, R14=0x0000000026b8cd80, R15=0x0000000023b2d800
RIP=0x000000005f59ef12, EFLAGS=0x0000000000010206

Top of Stack: (sp=0x0000000026b8c950)
0x0000000026b8c950:   00000000032f0990 0000000000000000
0x0000000026b8c960:   cccccccccccccccc cccccccccccccccc
0x0000000026b8c970:   00007fffc599bd90 000000005f6bd935
0x0000000026b8c980:   000000002598ce09 000000005f6bd98e
0x0000000026b8c990:   00000000316cf5e8 0000000000000000
0x0000000026b8c9a0:   00007fffc599bd90 000000005f59f167
0x0000000026b8c9b0:   0000000023b2d800 000000006c5e0272
0x0000000026b8c9c0:   0000000000000000 00007fffc599bdac
0x0000000026b8c9d0:   0000000023b2d800 cccccccccccccccc
0x0000000026b8c9e0:   0000000023b2d800 000000002103c388
0x0000000026b8c9f0:   cccccccc000000c7 000000005fa2d8b0
0x0000000026b8ca00:   0000000026b8caf8 00007fffc5991cb5
0x0000000026b8ca10:   00000000316cf5e8 0000000026b8ca30
0x0000000026b8ca20:   0000000023b2d800 cccccccccccccccc
0x0000000026b8ca30:   cccccccccccccccc cccccccccccccccc
0x0000000026b8ca40:   cccccccccccccccc cccccccccccccccc 

Instructions: (pc=0x000000005f59ef12)
0x000000005f59eef2:   8d 51 ff 49 8b cc e8 83 85 f1 ff 48 8b f8 48 85
0x000000005f59ef02:   db 0f 84 27 01 00 00 48 85 c0 0f 84 1e 01 00 00
0x000000005f59ef12:   48 8b 0e e8 d6 a1 f0 ff 84 c0 74 33 4c 8b 0d 3b
0x000000005f59ef22:   c4 69 00 48 8b 8c 24 80 00 00 00 48 8d 15 dc b5 


Register to memory mapping:

RAX=0x000000001ed607f0 is an unknown value
RBX=0x00000000032f0990 is an unknown value
RCX=0x000000001ed607f2 is an unknown value
RDX=0x0000000000000000 is an unknown value
RSP=0x0000000026b8c950 is pointing into the stack for thread: 0x0000000023b2d800
RBP=0x00007fffc599bdac is an unknown value
RSI=0x0000000000000000 is an unknown value
RDI=0x000000001ed607f0 is an unknown value
R8 =0x0000000000000016 is an unknown value
R9 =0x00007fffa6c3b5a0 is an unknown value
R10=0x000000001ed607f0 is an unknown value
R11=0x000000002598ce09 is an unknown value
R12=0x00007fffc599bd90 is an unknown value
R13=0x0000000000000000 is an unknown value
R14=0x0000000026b8cd80 is pointing into the stack for thread: 0x0000000023b2d800
R15=0x0000000023b2d800 is a thread


Stack: [0x0000000026a90000,0x0000000026b90000],  sp=0x0000000026b8c950,  free space=1010k
Native frames: (J=compiled Java code, j=interpreted, Vv=VM code, C=native code)
V  [jvm.dll+0x15ef12]
V  [jvm.dll+0x15f167]
C  [InterfaceJNI_DLL.dll+0x11cb5]  JNIEnv_::GetMethodID+0x65
C  [InterfaceJNI_DLL.dll+0x12cb2]  Java_io_core_InterfaceJNI_getTrackedPeople+0xc2
C  0x00000000033b8c67

Java frames: (J=compiled Java code, j=interpreted, Vv=VM code)
j  io.core.InterfaceJNI.getTrackedPeople()Lio/core/InterfaceJNI$TrackedPerson;+0
j  io.core.MainSystem.getPeopleInRoom(I)Lio/core/MainSystem$ReturnPeopleMessage;+49
j  io.swagger.api.impl.RoomApiServiceImpl.getPeopleInRoom(Ljava/lang/Integer;Ljavax/ws/rs/core/SecurityContext;)Ljavax/ws/rs/core/Response;+4
j  io.swagger.api.RoomApi.getPeopleInRoom(Ljava/lang/Integer;Ljavax/ws/rs/core/SecurityContext;)Ljavax/ws/rs/core/Response;+6
v  ~StubRoutines::call_stub
J 2280  sun.reflect.NativeMethodAccessorImpl.invoke0(Ljava/lang/reflect/Method;Ljava/lang/Object;[Ljava/lang/Object;)Ljava/lang/Object; (0 bytes) @ 0x0000000003b0897f [0x0000000003b08900+0x7f]
J 2279 C1 sun.reflect.NativeMethodAccessorImpl.invoke(Ljava/lang/Object;[Ljava/lang/Object;)Ljava/lang/Object; (104 bytes) @ 0x0000000003b0a43c [0x0000000003b09240+0x11fc]
J 1925 C1 sun.reflect.DelegatingMethodAccessorImpl.invoke(Ljava/lang/Object;[Ljava/lang/Object;)Ljava/lang/Object; (10 bytes) @ 0x0000000003a0e98c [0x0000000003a0e880+0x10c]
J 1997 C1 java.lang.reflect.Method.invoke(Ljava/lang/Object;[Ljava/lang/Object;)Ljava/lang/Object; (62 bytes) @ 0x0000000003a41cf4 [0x0000000003a41900+0x3f4]
j  org.glassfish.jersey.server.model.internal.ResourceMethodInvocationHandlerFactory.lambda$static$0(Ljava/lang/Object;Ljava/lang/reflect/Method;[Ljava/lang/Object;)Ljava/lang/Object;+3
j  org.glassfish.jersey.server.model.internal.ResourceMethodInvocationHandlerFactory$$Lambda$122.invoke(Ljava/lang/Object;Ljava/lang/reflect/Method;[Ljava/lang/Object;)Ljava/lang/Object;+3
j  org.glassfish.jersey.server.model.internal.AbstractJavaResourceMethodDispatcher$1.run()Ljava/lang/Object;+38
j  org.glassfish.jersey.server.model.internal.AbstractJavaResourceMethodDispatcher.invoke(Lorg/glassfish/jersey/server/ContainerRequest;Ljava/lang/Object;[Ljava/lang/Object;)Ljava/lang/Object;+66
j  org.glassfish.jersey.server.model.internal.JavaResourceMethodDispatcherProvider$ResponseOutInvoker.doDispatch(Ljava/lang/Object;Lorg/glassfish/jersey/server/ContainerRequest;)Ljavax/ws/rs/core/Response;+10
j  org.glassfish.jersey.server.model.internal.AbstractJavaResourceMethodDispatcher.dispatch(Ljava/lang/Object;Lorg/glassfish/jersey/server/ContainerRequest;)Ljavax/ws/rs/core/Response;+5
j  org.glassfish.jersey.server.model.ResourceMethodInvoker.invoke(Lorg/glassfish/jersey/server/internal/process/RequestProcessingContext;Ljava/lang/Object;)Ljavax/ws/rs/core/Response;+26
j  org.glassfish.jersey.server.model.ResourceMethodInvoker.apply(Lorg/glassfish/jersey/server/internal/process/RequestProcessingContext;)Lorg/glassfish/jersey/server/ContainerResponse;+100
j  org.glassfish.jersey.server.model.ResourceMethodInvoker.apply(Ljava/lang/Object;)Ljava/lang/Object;+5
j  org.glassfish.jersey.server.ServerRuntime$1.run()V+89
j  org.glassfish.jersey.internal.Errors$1.call()Ljava/lang/Void;+4
j  org.glassfish.jersey.internal.Errors$1.call()Ljava/lang/Object;+1
j  org.glassfish.jersey.internal.Errors.process(Ljava/util/concurrent/Callable;Z)Ljava/lang/Object;+36
j  org.glassfish.jersey.internal.Errors.process(Lorg/glassfish/jersey/internal/util/Producer;Z)Ljava/lang/Object;+2
j  org.glassfish.jersey.internal.Errors.process(Ljava/lang/Runnable;)V+9
j  org.glassfish.jersey.process.internal.RequestScope.runInScope(Lorg/glassfish/jersey/process/internal/RequestContext;Ljava/lang/Runnable;)V+17
j  org.glassfish.jersey.server.ServerRuntime.process(Lorg/glassfish/jersey/server/ContainerRequest;)V+181
j  org.glassfish.jersey.server.ApplicationHandler.handle(Lorg/glassfish/jersey/server/ContainerRequest;)V+13
j  org.glassfish.jersey.servlet.WebComponent.serviceImpl(Ljava/net/URI;Ljava/net/URI;Ljavax/servlet/http/HttpServletRequest;Ljavax/servlet/http/HttpServletResponse;)Lorg/glassfish/jersey/servlet/internal/ResponseWriter;+81
j  org.glassfish.jersey.servlet.WebComponent.service(Ljava/net/URI;Ljava/net/URI;Ljavax/servlet/http/HttpServletRequest;Ljavax/servlet/http/HttpServletResponse;)Lorg/glassfish/jersey/internal/util/collection/Value;+6
j  org.glassfish.jersey.servlet.ServletContainer.service(Ljava/net/URI;Ljava/net/URI;Ljavax/servlet/http/HttpServletRequest;Ljavax/servlet/http/HttpServletResponse;)Lorg/glassfish/jersey/internal/util/collection/Value;+9
j  org.glassfish.jersey.servlet.ServletContainer.service(Ljavax/servlet/http/HttpServletRequest;Ljavax/servlet/http/HttpServletResponse;)V+183
j  org.glassfish.jersey.servlet.ServletContainer.service(Ljavax/servlet/ServletRequest;Ljavax/servlet/ServletResponse;)V+39
j  org.eclipse.jetty.servlet.ServletHolder.handle(Lorg/eclipse/jetty/server/Request;Ljavax/servlet/ServletRequest;Ljavax/servlet/ServletResponse;)V+89
j  org.eclipse.jetty.servlet.ServletHandler$CachedChain.doFilter(Ljavax/servlet/ServletRequest;Ljavax/servlet/ServletResponse;)V+211
j  io.swagger.api.ApiOriginFilter.doFilter(Ljavax/servlet/ServletRequest;Ljavax/servlet/ServletResponse;Ljavax/servlet/FilterChain;)V+42
j  org.eclipse.jetty.servlet.ServletHandler$CachedChain.doFilter(Ljavax/servlet/ServletRequest;Ljavax/servlet/ServletResponse;)V+103
j  org.eclipse.jetty.servlet.ServletHandler.doHandle(Ljava/lang/String;Lorg/eclipse/jetty/server/Request;Ljavax/servlet/http/HttpServletRequest;Ljavax/servlet/http/HttpServletResponse;)V+203
j  org.eclipse.jetty.server.handler.ScopedHandler.handle(Ljava/lang/String;Lorg/eclipse/jetty/server/Request;Ljavax/servlet/http/HttpServletRequest;Ljavax/servlet/http/HttpServletResponse;)V+32
j  org.eclipse.jetty.security.SecurityHandler.handle(Ljava/lang/String;Lorg/eclipse/jetty/server/Request;Ljavax/servlet/http/HttpServletRequest;Ljavax/servlet/http/HttpServletResponse;)V+553
j  org.eclipse.jetty.server.session.SessionHandler.doHandle(Ljava/lang/String;Lorg/eclipse/jetty/server/Request;Ljavax/servlet/http/HttpServletRequest;Ljavax/servlet/http/HttpServletResponse;)V+68
j  org.eclipse.jetty.server.handler.ContextHandler.doHandle(Ljava/lang/String;Lorg/eclipse/jetty/server/Request;Ljavax/servlet/http/HttpServletRequest;Ljavax/servlet/http/HttpServletResponse;)V+349
j  org.eclipse.jetty.servlet.ServletHandler.doScope(Ljava/lang/String;Lorg/eclipse/jetty/server/Request;Ljavax/servlet/http/HttpServletRequest;Ljavax/servlet/http/HttpServletResponse;)V+274
j  org.eclipse.jetty.server.session.SessionHandler.doScope(Ljava/lang/String;Lorg/eclipse/jetty/server/Request;Ljavax/servlet/http/HttpServletRequest;Ljavax/servlet/http/HttpServletResponse;)V+233
j  org.eclipse.jetty.server.handler.ContextHandler.doScope(Ljava/lang/String;Lorg/eclipse/jetty/server/Request;Ljavax/servlet/http/HttpServletRequest;Ljavax/servlet/http/HttpServletResponse;)V+437
j  org.eclipse.jetty.server.handler.ScopedHandler.handle(Ljava/lang/String;Lorg/eclipse/jetty/server/Request;Ljavax/servlet/http/HttpServletRequest;Ljavax/servlet/http/HttpServletResponse;)V+20
j  org.eclipse.jetty.server.handler.ContextHandlerCollection.handle(Ljava/lang/String;Lorg/eclipse/jetty/server/Request;Ljavax/servlet/http/HttpServletRequest;Ljavax/servlet/http/HttpServletResponse;)V+224
j  org.eclipse.jetty.server.handler.HandlerCollection.handle(Ljava/lang/String;Lorg/eclipse/jetty/server/Request;Ljavax/servlet/http/HttpServletRequest;Ljavax/servlet/http/HttpServletResponse;)V+42
j  org.eclipse.jetty.server.handler.HandlerWrapper.handle(Ljava/lang/String;Lorg/eclipse/jetty/server/Request;Ljavax/servlet/http/HttpServletRequest;Ljavax/servlet/http/HttpServletResponse;)V+23
j  org.eclipse.jetty.server.Server.handle(Lorg/eclipse/jetty/server/HttpChannel;)V+130
j  org.eclipse.jetty.server.HttpChannel.handle()Z+301
j  org.eclipse.jetty.server.HttpConnection.onFillable()V+189
j  org.eclipse.jetty.io.AbstractConnection$2.run()V+4
j  org.eclipse.jetty.util.thread.QueuedThreadPool.runJob(Ljava/lang/Runnable;)V+1
j  org.eclipse.jetty.util.thread.QueuedThreadPool$3.run()V+75
j  java.lang.Thread.run()V+11
v  ~StubRoutines::call_stub

---------------  P R O C E S S  ---------------

Java Threads: ( => current thread )
  0x000000002c4b4000 JavaThread "Scheduler-362237774" [_thread_blocked, id=21712, stack(0x0000000030be0000,0x0000000030ce0000)]
  0x000000002c4b7000 JavaThread "org.eclipse.jetty.server.session.HashSessionManager@674c01ceTimer" daemon [_thread_blocked, id=26128, stack(0x00000000304e0000,0x00000000305e0000)]
  0x000000002357b800 JavaThread "qtp881883721-25-selector-ServerConnectorManager@21615f3f/1" [_thread_in_native, id=24916, stack(0x000000002a500000,0x000000002a600000)]
  0x000000002357c800 JavaThread "qtp881883721-24-selector-ServerConnectorManager@21615f3f/3" [_thread_in_native, id=19032, stack(0x0000000027490000,0x0000000027590000)]
  0x000000002357b000 JavaThread "qtp881883721-22-selector-ServerConnectorManager@21615f3f/0" [_thread_in_native, id=16784, stack(0x0000000027090000,0x0000000027190000)]
  0x000000002357e800 JavaThread "qtp881883721-21" [_thread_blocked, id=8556, stack(0x0000000026f90000,0x0000000027090000)]
  0x0000000023580000 JavaThread "qtp881883721-20" [_thread_blocked, id=22264, stack(0x0000000026e90000,0x0000000026f90000)]
  0x000000002357d000 JavaThread "qtp881883721-19-acceptor-0@4855aef6-ServerConnector@6b71fded{HTTP/1.1}{0.0.0.0:8080}" [_thread_in_native, id=18448, stack(0x0000000026d90000,0x0000000026e90000)]
  0x000000002357f800 JavaThread "qtp881883721-18" [_thread_blocked, id=972, stack(0x0000000026c90000,0x0000000026d90000)]
  0x000000002357a000 JavaThread "qtp881883721-17" [_thread_blocked, id=24680, stack(0x0000000026b90000,0x0000000026c90000)]
=>0x0000000023b2d800 JavaThread "qtp881883721-16" [_thread_in_vm, id=21032, stack(0x0000000026a90000,0x0000000026b90000)]
  0x000000001fbd1000 JavaThread "qtp881883721-15-selector-ServerConnectorManager@21615f3f/2" [_thread_in_native, id=26424, stack(0x0000000026990000,0x0000000026a90000)]
  0x0000000025be0000 JavaThread "ShutdownMonitor" daemon [_thread_in_native, id=24024, stack(0x00000000256f0000,0x00000000257f0000)]
  0x000000001ed7a000 JavaThread "Service Thread" daemon [_thread_blocked, id=13784, stack(0x000000001f8c0000,0x000000001f9c0000)]
  0x000000001ece4800 JavaThread "C1 CompilerThread3" daemon [_thread_blocked, id=23376, stack(0x000000001f7c0000,0x000000001f8c0000)]
  0x000000001ece0000 JavaThread "C2 CompilerThread2" daemon [_thread_blocked, id=25688, stack(0x000000001f6c0000,0x000000001f7c0000)]
  0x000000001ecdf800 JavaThread "C2 CompilerThread1" daemon [_thread_blocked, id=18064, stack(0x000000001f5c0000,0x000000001f6c0000)]
  0x000000001ecdd800 JavaThread "C2 CompilerThread0" daemon [_thread_blocked, id=17756, stack(0x000000001f4c0000,0x000000001f5c0000)]
  0x000000001ecda800 JavaThread "Attach Listener" daemon [_thread_blocked, id=3728, stack(0x000000001f3c0000,0x000000001f4c0000)]
  0x000000001ecd9800 JavaThread "Signal Dispatcher" daemon [_thread_blocked, id=19704, stack(0x000000001f2c0000,0x000000001f3c0000)]
  0x000000001ecd0800 JavaThread "Finalizer" daemon [_thread_blocked, id=19256, stack(0x000000001f0b0000,0x000000001f1b0000)]
  0x000000001cdbd000 JavaThread "Reference Handler" daemon [_thread_blocked, id=24472, stack(0x000000001ebb0000,0x000000001ecb0000)]
  0x00000000032a2800 JavaThread "main" [_thread_blocked, id=24128, stack(0x00000000031a0000,0x00000000032a0000)]

Other Threads:
  0x000000001cdba000 VMThread [stack: 0x000000001eab0000,0x000000001ebb0000] [id=15372]
  0x000000001ed9c800 WatcherThread [stack: 0x000000001f9c0000,0x000000001fac0000] [id=18188]

VM state:not at safepoint (normal execution)

VM Mutex/Monitor currently owned by a thread: None

Heap:
 PSYoungGen      total 209408K, used 59013K [0x000000076b400000, 0x000000077ab80000, 0x00000007c0000000)
  eden space 168448K, 35% used [0x000000076b400000,0x000000076eda1790,0x0000000775880000)
  from space 40960K, 0% used [0x0000000778380000,0x0000000778380000,0x000000077ab80000)
  to   space 42496K, 0% used [0x0000000775880000,0x0000000775880000,0x0000000778200000)
 ParOldGen       total 178176K, used 28947K [0x00000006c1c00000, 0x00000006cca00000, 0x000000076b400000)
  object space 178176K, 16% used [0x00000006c1c00000,0x00000006c3844f50,0x00000006cca00000)
 Metaspace       used 42625K, capacity 44098K, committed 44416K, reserved 1087488K
  class space    used 5081K, capacity 5426K, committed 5504K, reserved 1048576K

Card table byte_map: [0x0000000012760000,0x0000000012f60000] byte_map_base: 0x000000000f152000

Marking Bits: (ParMarkBitMap*) 0x000000005fc62d00
 Begin Bits: [0x0000000013cb0000, 0x0000000017c40000)
 End Bits:   [0x0000000017c40000, 0x000000001bbd0000)

Polling page: 0x0000000001870000

CodeCache: size=245760Kb used=22635Kb max_used=23092Kb free=223124Kb
 bounds [0x00000000033a0000, 0x0000000004a50000, 0x00000000123a0000]
 total_blobs=6629 nmethods=6138 adapters=403
 compilation: enabled

Compilation events (10 events):
Event: 36.598 Thread 0x000000001ece4800 7183       3       java.net.URI$Parser::scan (50 bytes)
Event: 36.598 Thread 0x000000001ece4800 nmethod 7183 0x0000000003dbf5d0 code [0x0000000003dbf7a0, 0x0000000003dc0068]
Event: 36.598 Thread 0x000000001ece4800 7187       3       org.jvnet.hk2.internal.SystemDescriptor::isProxiable (10 bytes)
Event: 36.599 Thread 0x000000001ece4800 nmethod 7187 0x00000000042fcbd0 code [0x00000000042fcd40, 0x00000000042fcf68]
Event: 36.599 Thread 0x000000001ece4800 7186       3       org.glassfish.hk2.utilities.cache.Cache$OriginThreadAwareFuture::get (8 bytes)
Event: 36.599 Thread 0x000000001ece0000 nmethod 7184 0x000000000385bb10 code [0x000000000385bc60, 0x000000000385bd58]
Event: 36.599 Thread 0x000000001ece4800 nmethod 7186 0x0000000003a25910 code [0x0000000003a25a80, 0x0000000003a25d98]
Event: 36.599 Thread 0x000000001ece4800 7188       3       java.util.concurrent.ConcurrentHashMap$TreeNode::findTreeNode (177 bytes)
Event: 36.600 Thread 0x000000001ece4800 nmethod 7188 0x0000000003f3c310 code [0x0000000003f3c500, 0x0000000003f3d058]
Event: 36.600 Thread 0x000000001ece4800 7185       3       java.util.logging.LogManager$LoggerContext::ensureDefaultLogger (70 bytes)

GC Heap History (10 events):
Event: 8.206 GC heap before
{Heap before GC invocations=8 (full 1):
 PSYoungGen      total 101888K, used 101886K [0x000000076b400000, 0x0000000772b00000, 0x00000007c0000000)
  eden space 88064K, 100% used [0x000000076b400000,0x0000000770a00000,0x0000000770a00000)
  from space 13824K, 99% used [0x0000000771900000,0x000000077267fab8,0x0000000772680000)
  to   space 15360K, 0% used [0x0000000770a00000,0x0000000770a00000,0x0000000771900000)
 ParOldGen       total 120320K, used 14929K [0x00000006c1c00000, 0x00000006c9180000, 0x000000076b400000)
  object space 120320K, 12% used [0x00000006c1c00000,0x00000006c2a947d8,0x00000006c9180000)
 Metaspace       used 28520K, capacity 29328K, committed 29696K, reserved 1075200K
  class space    used 3256K, capacity 3461K, committed 3584K, reserved 1048576K
Event: 8.230 GC heap after
Heap after GC invocations=8 (full 1):
 PSYoungGen      total 103424K, used 15329K [0x000000076b400000, 0x0000000775b00000, 0x00000007c0000000)
  eden space 88064K, 0% used [0x000000076b400000,0x000000076b400000,0x0000000770a00000)
  from space 15360K, 99% used [0x0000000770a00000,0x00000007718f8438,0x0000000771900000)
  to   space 20992K, 0% used [0x0000000774680000,0x0000000774680000,0x0000000775b00000)
 ParOldGen       total 120320K, used 23615K [0x00000006c1c00000, 0x00000006c9180000, 0x000000076b400000)
  object space 120320K, 19% used [0x00000006c1c00000,0x00000006c330fd10,0x00000006c9180000)
 Metaspace       used 28520K, capacity 29328K, committed 29696K, reserved 1075200K
  class space    used 3256K, capacity 3461K, committed 3584K, reserved 1048576K
}
Event: 8.629 GC heap before
{Heap before GC invocations=9 (full 1):
 PSYoungGen      total 103424K, used 103393K [0x000000076b400000, 0x0000000775b00000, 0x00000007c0000000)
  eden space 88064K, 100% used [0x000000076b400000,0x0000000770a00000,0x0000000770a00000)
  from space 15360K, 99% used [0x0000000770a00000,0x00000007718f8438,0x0000000771900000)
  to   space 20992K, 0% used [0x0000000774680000,0x0000000774680000,0x0000000775b00000)
 ParOldGen       total 120320K, used 23619K [0x00000006c1c00000, 0x00000006c9180000, 0x000000076b400000)
  object space 120320K, 19% used [0x00000006c1c00000,0x00000006c3310d90,0x00000006c9180000)
 Metaspace       used 28537K, capacity 29328K, committed 29696K, reserved 1075200K
  class space    used 3256K, capacity 3461K, committed 3584K, reserved 1048576K
Event: 8.684 GC heap after
Heap after GC invocations=9 (full 1):
 PSYoungGen      total 139264K, used 20976K [0x000000076b400000, 0x0000000778680000, 0x00000007c0000000)
  eden space 118272K, 0% used [0x000000076b400000,0x000000076b400000,0x0000000772780000)
  from space 20992K, 99% used [0x0000000774680000,0x0000000775afc068,0x0000000775b00000)
  to   space 31744K, 0% used [0x0000000772780000,0x0000000772780000,0x0000000774680000)
 ParOldGen       total 120320K, used 42614K [0x00000006c1c00000, 0x00000006c9180000, 0x000000076b400000)
  object space 120320K, 35% used [0x00000006c1c00000,0x00000006c459db70,0x00000006c9180000)
 Metaspace       used 28537K, capacity 29328K, committed 29696K, reserved 1075200K
  class space    used 3256K, capacity 3461K, committed 3584K, reserved 1048576K
}
Event: 9.880 GC heap before
{Heap before GC invocations=10 (full 1):
 PSYoungGen      total 139264K, used 139248K [0x000000076b400000, 0x0000000778680000, 0x00000007c0000000)
  eden space 118272K, 100% used [0x000000076b400000,0x0000000772780000,0x0000000772780000)
  from space 20992K, 99% used [0x0000000774680000,0x0000000775afc068,0x0000000775b00000)
  to   space 31744K, 0% used [0x0000000772780000,0x0000000772780000,0x0000000774680000)
 ParOldGen       total 120320K, used 42624K [0x00000006c1c00000, 0x00000006c9180000, 0x000000076b400000)
  object space 120320K, 35% used [0x00000006c1c00000,0x00000006c45a03f8,0x00000006c9180000)
 Metaspace       used 32220K, capacity 33164K, committed 33536K, reserved 1079296K
  class space    used 3730K, capacity 4007K, committed 4096K, reserved 1048576K
Event: 9.932 GC heap after
Heap after GC invocations=10 (full 1):
 PSYoungGen      total 150016K, used 31742K [0x000000076b400000, 0x000000077ac80000, 0x00000007c0000000)
  eden space 118272K, 0% used [0x000000076b400000,0x000000076b400000,0x0000000772780000)
  from space 31744K, 99% used [0x0000000772780000,0x000000077467f8e0,0x0000000774680000)
  to   space 41984K, 0% used [0x0000000778380000,0x0000000778380000,0x000000077ac80000)
 ParOldGen       total 120320K, used 57078K [0x00000006c1c00000, 0x00000006c9180000, 0x000000076b400000)
  object space 120320K, 47% used [0x00000006c1c00000,0x00000006c53bdbe8,0x00000006c9180000)
 Metaspace       used 32220K, capacity 33164K, committed 33536K, reserved 1079296K
  class space    used 3730K, capacity 4007K, committed 4096K, reserved 1048576K
}
Event: 10.275 GC heap before
{Heap before GC invocations=11 (full 1):
 PSYoungGen      total 150016K, used 50593K [0x000000076b400000, 0x000000077ac80000, 0x00000007c0000000)
  eden space 118272K, 15% used [0x000000076b400000,0x000000076c668c68,0x0000000772780000)
  from space 31744K, 99% used [0x0000000772780000,0x000000077467f8e0,0x0000000774680000)
  to   space 41984K, 0% used [0x0000000778380000,0x0000000778380000,0x000000077ac80000)
 ParOldGen       total 120320K, used 57078K [0x00000006c1c00000, 0x00000006c9180000, 0x000000076b400000)
  object space 120320K, 47% used [0x00000006c1c00000,0x00000006c53bdbe8,0x00000006c9180000)
 Metaspace       used 34101K, capacity 35288K, committed 35456K, reserved 1081344K
  class space    used 4037K, capacity 4357K, committed 4480K, reserved 1048576K
Event: 10.283 GC heap after
Heap after GC invocations=11 (full 1):
 PSYoungGen      total 209408K, used 4714K [0x000000076b400000, 0x000000077ab80000, 0x00000007c0000000)
  eden space 168448K, 0% used [0x000000076b400000,0x000000076b400000,0x0000000775880000)
  from space 40960K, 11% used [0x0000000778380000,0x000000077881a930,0x000000077ab80000)
  to   space 42496K, 0% used [0x0000000775880000,0x0000000775880000,0x0000000778200000)
 ParOldGen       total 120320K, used 59807K [0x00000006c1c00000, 0x00000006c9180000, 0x000000076b400000)
  object space 120320K, 49% used [0x00000006c1c00000,0x00000006c5667e28,0x00000006c9180000)
 Metaspace       used 34101K, capacity 35288K, committed 35456K, reserved 1081344K
  class space    used 4037K, capacity 4357K, committed 4480K, reserved 1048576K
}
Event: 10.283 GC heap before
{Heap before GC invocations=12 (full 2):
 PSYoungGen      total 209408K, used 4714K [0x000000076b400000, 0x000000077ab80000, 0x00000007c0000000)
  eden space 168448K, 0% used [0x000000076b400000,0x000000076b400000,0x0000000775880000)
  from space 40960K, 11% used [0x0000000778380000,0x000000077881a930,0x000000077ab80000)
  to   space 42496K, 0% used [0x0000000775880000,0x0000000775880000,0x0000000778200000)
 ParOldGen       total 120320K, used 59807K [0x00000006c1c00000, 0x00000006c9180000, 0x000000076b400000)
  object space 120320K, 49% used [0x00000006c1c00000,0x00000006c5667e28,0x00000006c9180000)
 Metaspace       used 34101K, capacity 35288K, committed 35456K, reserved 1081344K
  class space    used 4037K, capacity 4357K, committed 4480K, reserved 1048576K
Event: 10.349 GC heap after
Heap after GC invocations=12 (full 2):
 PSYoungGen      total 209408K, used 0K [0x000000076b400000, 0x000000077ab80000, 0x00000007c0000000)
  eden space 168448K, 0% used [0x000000076b400000,0x000000076b400000,0x0000000775880000)
  from space 40960K, 0% used [0x0000000778380000,0x0000000778380000,0x000000077ab80000)
  to   space 42496K, 0% used [0x0000000775880000,0x0000000775880000,0x0000000778200000)
 ParOldGen       total 178176K, used 28947K [0x00000006c1c00000, 0x00000006cca00000, 0x000000076b400000)
  object space 178176K, 16% used [0x00000006c1c00000,0x00000006c3844f50,0x00000006cca00000)
 Metaspace       used 34101K, capacity 35288K, committed 35456K, reserved 1081344K
  class space    used 4037K, capacity 4357K, committed 4480K, reserved 1048576K
}

Deoptimization events (10 events):
Event: 18.311 Thread 0x000000002357a000 Uncommon trap: reason=class_check action=maybe_recompile pc=0x0000000003c5ce40 method=java.util.Collections$UnmodifiableMap$UnmodifiableEntrySet$1.<init>(Ljava/util/Collections$UnmodifiableMap$UnmodifiableEntrySet;)V @ 17
Event: 18.311 Thread 0x000000002357a000 Uncommon trap: reason=class_check action=maybe_recompile pc=0x0000000003ae99d0 method=java.util.Collections$UnmodifiableMap$UnmodifiableEntrySet$1.hasNext()Z @ 4
Event: 18.313 Thread 0x000000002357a000 Uncommon trap: reason=unstable_if action=reinterpret pc=0x0000000003f4255c method=java.lang.ThreadLocal$ThreadLocalMap.getEntry(Ljava/lang/ThreadLocal;)Ljava/lang/ThreadLocal$ThreadLocalMap$Entry; @ 29
Event: 29.774 Thread 0x0000000023580000 Uncommon trap: reason=unstable_if action=reinterpret pc=0x00000000048ba5e8 method=sun.reflect.annotation.AnnotationInvocationHandler.invoke(Ljava/lang/Object;Ljava/lang/reflect/Method;[Ljava/lang/Object;)Ljava/lang/Object; @ 19
Event: 29.783 Thread 0x0000000023580000 Uncommon trap: reason=bimorphic action=maybe_recompile pc=0x00000000034ce1e4 method=java.util.LinkedHashMap.afterNodeInsertion(Z)V @ 15
Event: 29.784 Thread 0x0000000023580000 Uncommon trap: reason=unstable_if action=reinterpret pc=0x0000000003f4212c method=java.lang.ThreadLocal$ThreadLocalMap.getEntry(Ljava/lang/ThreadLocal;)Ljava/lang/ThreadLocal$ThreadLocalMap$Entry; @ 29
Event: 33.057 Thread 0x0000000023580000 Uncommon trap: reason=speculate_class_check action=maybe_recompile pc=0x000000000491ca44 method=java.util.AbstractList.listIterator()Ljava/util/ListIterator; @ 2
Event: 33.057 Thread 0x0000000023580000 Uncommon trap: reason=class_check action=maybe_recompile pc=0x000000000374c1d4 method=java.util.Collections$UnmodifiableMap.entrySet()Ljava/util/Set; @ 16
Event: 33.057 Thread 0x0000000023580000 Uncommon trap: reason=class_check action=maybe_recompile pc=0x0000000003c5ce40 method=java.util.Collections$UnmodifiableMap$UnmodifiableEntrySet$1.<init>(Ljava/util/Collections$UnmodifiableMap$UnmodifiableEntrySet;)V @ 17
Event: 33.057 Thread 0x0000000023580000 Uncommon trap: reason=class_check action=maybe_recompile pc=0x0000000003ae99d0 method=java.util.Collections$UnmodifiableMap$UnmodifiableEntrySet$1.hasNext()Z @ 4

Classes redefined (0 events):
No events

Internal exceptions (10 events):
Event: 8.063 Thread 0x000000002357f800 Implicit null exception at 0x00000000040846d9 to 0x0000000004084ec1
Event: 8.063 Thread 0x000000001fbd1000 Implicit null exception at 0x00000000040846d9 to 0x0000000004084ec1
Event: 8.064 Thread 0x000000002357a000 Implicit null exception at 0x00000000040a520c to 0x00000000040a5905
Event: 8.064 Thread 0x0000000023580000 Implicit null exception at 0x00000000040a520c to 0x00000000040a5905
Event: 8.064 Thread 0x000000002357e800 Implicit null exception at 0x00000000040846d9 to 0x0000000004084ec1
Event: 9.725 Thread 0x00000000032a2800 Exception <a 'java/lang/NoSuchFieldError': method resolution failed> (0x0000000771bfa238) thrown at [C:\re\workspace\8-2-build-windows-amd64-cygwin\jdk8u181\11358\hotspot\src\share\vm\prims\methodHandles.cpp, line 1167]
Event: 9.726 Thread 0x00000000032a2800 Exception <a 'java/lang/NoSuchFieldError': method resolution failed> (0x0000000771c07cc8) thrown at [C:\re\workspace\8-2-build-windows-amd64-cygwin\jdk8u181\11358\hotspot\src\share\vm\prims\methodHandles.cpp, line 1167]
Event: 10.517 Thread 0x00000000032a2800 Exception <a 'java/lang/NoSuchMethodError': java.lang.Object.lambda$and$0(Ljava/util/function/Predicate;Ljava/lang/Object;)Z> (0x000000076c06a9d8) thrown at [C:\re\workspace\8-2-build-windows-amd64-cygwin\jdk8u181\11358\hotspot\src\share\vm\interpreter\li
Event: 10.576 Thread 0x00000000032a2800 Exception <a 'java/lang/NoSuchMethodError': java.lang.Object.lambda$comparingInt$7b0bb60$1(Ljava/util/function/ToIntFunction;Ljava/lang/Object;Ljava/lang/Object;)I> (0x000000076c3ca1e8) thrown at [C:\re\workspace\8-2-build-windows-amd64-cygwin\jdk8u181\11
Event: 36.600 Thread 0x0000000023b2d800 Exception <a 'java/lang/NoClassDefFoundError': io/core/InterfaceJNI/TrackedPerson> (0x000000076ed1c3f0) thrown at [C:\re\workspace\8-2-build-windows-amd64-cygwin\jdk8u181\11358\hotspot\src\share\vm\classfile\systemDictionary.cpp, line 199]

Events (10 events):
Event: 36.599 Executing VM operation: RevokeBias
Event: 36.599 Executing VM operation: RevokeBias done
Event: 36.600 Executing VM operation: RevokeBias
Event: 36.600 Executing VM operation: RevokeBias done
Event: 36.600 loading class io/core/InterfaceJNI/TrackedPerson
Event: 36.600 loading class io/core/InterfaceJNI/TrackedPerson done
Event: 36.600 loading class io/core/InterfaceJNI/TrackedPerson
Event: 36.600 loading class io/core/InterfaceJNI/TrackedPerson done
Event: 36.600 loading class io/core/InterfaceJNI/TrackedPerson
Event: 36.600 loading class io/core/InterfaceJNI/TrackedPerson done


Dynamic libraries:
0x00007ff6db960000 - 0x00007ff6db997000 	C:\Program Files\Java\jdk1.8.0_181\bin\java.exe
0x00007fffd04e0000 - 0x00007fffd06c1000 	C:\WINDOWS\SYSTEM32\ntdll.dll
0x00007fffd0210000 - 0x00007fffd02c2000 	C:\WINDOWS\System32\KERNEL32.DLL
0x00007fffccd70000 - 0x00007fffccfe3000 	C:\WINDOWS\System32\KERNELBASE.dll
0x00007fffcdfa0000 - 0x00007fffce041000 	C:\WINDOWS\System32\ADVAPI32.dll
0x00007fffcf960000 - 0x00007fffcf9fe000 	C:\WINDOWS\System32\msvcrt.dll
0x00007fffd02d0000 - 0x00007fffd032b000 	C:\WINDOWS\System32\sechost.dll
0x00007fffcdb90000 - 0x00007fffcdcb4000 	C:\WINDOWS\System32\RPCRT4.dll
0x00007fffcd970000 - 0x00007fffcdb00000 	C:\WINDOWS\System32\USER32.dll
0x00007fffcd950000 - 0x00007fffcd970000 	C:\WINDOWS\System32\win32u.dll
0x00007fffd01e0000 - 0x00007fffd0208000 	C:\WINDOWS\System32\GDI32.dll
0x00007fffcca80000 - 0x00007fffccc12000 	C:\WINDOWS\System32\gdi32full.dll
0x00007fffcc9e0000 - 0x00007fffcca7f000 	C:\WINDOWS\System32\msvcp_win.dll
0x00007fffccc20000 - 0x00007fffccd1a000 	C:\WINDOWS\System32\ucrtbase.dll
0x00007fffc2540000 - 0x00007fffc27a9000 	C:\WINDOWS\WinSxS\amd64_microsoft.windows.common-controls_6595b64144ccf1df_6.0.17134.407_none_fb449d63306391e9\COMCTL32.dll
0x00007fffcfeb0000 - 0x00007fffd01d2000 	C:\WINDOWS\System32\combase.dll
0x00007fffcc8b0000 - 0x00007fffcc92a000 	C:\WINDOWS\System32\bcryptPrimitives.dll
0x00007fffcdf70000 - 0x00007fffcdf9d000 	C:\WINDOWS\System32\IMM32.DLL
0x000000005f210000 - 0x000000005f2e2000 	C:\Program Files\Java\jdk1.8.0_181\jre\bin\msvcr100.dll
0x000000005f440000 - 0x000000005fce2000 	C:\Program Files\Java\jdk1.8.0_181\jre\bin\server\jvm.dll
0x00007fffce100000 - 0x00007fffce108000 	C:\WINDOWS\System32\PSAPI.DLL
0x00007fffc85a0000 - 0x00007fffc85aa000 	C:\WINDOWS\SYSTEM32\VERSION.dll
0x00007fffc9210000 - 0x00007fffc9219000 	C:\WINDOWS\SYSTEM32\WSOCK32.dll
0x00007fffca7f0000 - 0x00007fffca813000 	C:\WINDOWS\SYSTEM32\WINMM.dll
0x00007fffcf790000 - 0x00007fffcf7fc000 	C:\WINDOWS\System32\WS2_32.dll
0x00007fffca440000 - 0x00007fffca46a000 	C:\WINDOWS\SYSTEM32\WINMMBASE.dll
0x00007fffccd20000 - 0x00007fffccd69000 	C:\WINDOWS\System32\cfgmgr32.dll
0x00000000600b0000 - 0x00000000600bf000 	C:\Program Files\Java\jdk1.8.0_181\jre\bin\verify.dll
0x000000005f410000 - 0x000000005f439000 	C:\Program Files\Java\jdk1.8.0_181\jre\bin\java.dll
0x000000005f3f0000 - 0x000000005f406000 	C:\Program Files\Java\jdk1.8.0_181\jre\bin\zip.dll
0x00007fffce110000 - 0x00007fffcf54f000 	C:\WINDOWS\System32\SHELL32.dll
0x00007fffce050000 - 0x00007fffce0f9000 	C:\WINDOWS\System32\shcore.dll
0x00007fffccff0000 - 0x00007fffcd6fd000 	C:\WINDOWS\System32\windows.storage.dll
0x00007fffcde20000 - 0x00007fffcde71000 	C:\WINDOWS\System32\shlwapi.dll
0x00007fffcc890000 - 0x00007fffcc8a1000 	C:\WINDOWS\System32\kernel.appcore.dll
0x00007fffcc850000 - 0x00007fffcc86f000 	C:\WINDOWS\System32\profapi.dll
0x00007fffcc800000 - 0x00007fffcc84c000 	C:\WINDOWS\System32\powrprof.dll
0x00007fffcc7f0000 - 0x00007fffcc7fa000 	C:\WINDOWS\System32\FLTLIB.DLL
0x00007fffc9410000 - 0x00007fffc941a000 	D:\Programmi\apache-maven-3.6.0-bin\apache-maven-3.6.0\lib\jansi-native\windows64\jansi.dll
0x000000005f3d0000 - 0x000000005f3ea000 	C:\Program Files\Java\jdk1.8.0_181\jre\bin\net.dll
0x00007fffcc010000 - 0x00007fffcc076000 	C:\WINDOWS\system32\mswsock.dll
0x000000005f3b0000 - 0x000000005f3c1000 	C:\Program Files\Java\jdk1.8.0_181\jre\bin\nio.dll
0x000000005f3a0000 - 0x000000005f3ad000 	C:\Program Files\Java\jdk1.8.0_181\jre\bin\management.dll
0x00007fffcc1d0000 - 0x00007fffcc1e7000 	C:\WINDOWS\SYSTEM32\CRYPTSP.dll
0x00007fffcbbf0000 - 0x00007fffcbc23000 	C:\WINDOWS\system32\rsaenh.dll
0x00007fffcc2f0000 - 0x00007fffcc315000 	C:\WINDOWS\SYSTEM32\bcrypt.dll
0x00007fffcc6f0000 - 0x00007fffcc718000 	C:\WINDOWS\SYSTEM32\USERENV.dll
0x00007fffcc1c0000 - 0x00007fffcc1cb000 	C:\WINDOWS\SYSTEM32\CRYPTBASE.dll
0x00007fffcbd90000 - 0x00007fffcbdc8000 	C:\WINDOWS\SYSTEM32\IPHLPAPI.DLL
0x00007fffcdb80000 - 0x00007fffcdb88000 	C:\WINDOWS\System32\NSI.dll
0x00007fffc6750000 - 0x00007fffc6766000 	C:\WINDOWS\SYSTEM32\dhcpcsvc6.DLL
0x00007fffc6850000 - 0x00007fffc686a000 	C:\WINDOWS\SYSTEM32\dhcpcsvc.DLL
0x00007fffc5980000 - 0x00007fffc59a8000 	D:\github\plathea\jaxrs-jersey-server-generated\src\main\java\io\core\InterfaceJNI_DLL.dll
0x00007fffc0770000 - 0x00007fffc0791000 	C:\WINDOWS\SYSTEM32\VCRUNTIME140D.dll
0x00007fff9d9f0000 - 0x00007fff9dae4000 	C:\WINDOWS\SYSTEM32\MSVCP140D.dll
0x00007fff87010000 - 0x00007fff871cd000 	C:\WINDOWS\SYSTEM32\ucrtbased.dll
0x00007fff61560000 - 0x00007fff6192c000 	D:\github\plathea\jaxrs-jersey-server-generated\PlatheaDLL.dll
0x00007fffcde80000 - 0x00007fffcdf6d000 	C:\WINDOWS\System32\COMDLG32.dll
0x00007fffcdcc0000 - 0x00007fffcde11000 	C:\WINDOWS\System32\ole32.dll
0x00007fff82a90000 - 0x00007fff82c3c000 	D:\github\plathea\jaxrs-jersey-server-generated\opencv_ml310d.dll
0x00007fff81ee0000 - 0x00007fff81fe8000 	D:\github\plathea\jaxrs-jersey-server-generated\opencv_video310d.dll
0x00007fff5f210000 - 0x00007fff601ae000 	D:\github\plathea\jaxrs-jersey-server-generated\opencv_core310d.dll
0x00007fffa9b30000 - 0x00007fffa9b96000 	D:\github\plathea\jaxrs-jersey-server-generated\opencv_highgui310d.dll
0x00007fff5ee30000 - 0x00007fff5f204000 	D:\github\plathea\jaxrs-jersey-server-generated\opencv_calib3d310d.dll
0x00007fff5cc60000 - 0x00007fff5ee2b000 	D:\github\plathea\jaxrs-jersey-server-generated\opencv_imgproc310d.dll
0x00007fff78e00000 - 0x00007fff78f94000 	D:\github\plathea\jaxrs-jersey-server-generated\opencv_objdetect310d.dll
0x00007fffa26d0000 - 0x00007fffa2786000 	C:\WINDOWS\SYSTEM32\CONCRT140D.dll
0x00007fff90320000 - 0x00007fff903d2000 	D:\github\plathea\jaxrs-jersey-server-generated\opencv_videoio310d.dll
0x00007fffcf820000 - 0x00007fffcf8e2000 	C:\WINDOWS\System32\OLEAUT32.dll
0x00007fff5c700000 - 0x00007fff5cc5e000 	D:\github\plathea\jaxrs-jersey-server-generated\opencv_imgcodecs310d.dll
0x00007fffbfb50000 - 0x00007fffbfb79000 	C:\WINDOWS\SYSTEM32\MSVFW32.dll
0x00007fffc5a30000 - 0x00007fffc5a4f000 	C:\WINDOWS\SYSTEM32\AVIFIL32.dll
0x00007fffc4170000 - 0x00007fffc4188000 	C:\WINDOWS\SYSTEM32\AVICAP32.dll
0x00007fffc9360000 - 0x00007fffc937c000 	C:\WINDOWS\SYSTEM32\MSACM32.dll
0x00007fff75e80000 - 0x00007fff75ffd000 	D:\github\plathea\jaxrs-jersey-server-generated\opencv_flann310d.dll
0x00007fff744b0000 - 0x00007fff746d5000 	D:\github\plathea\jaxrs-jersey-server-generated\opencv_features2d310d.dll
0x00007fffb68c0000 - 0x00007fffb6a89000 	C:\WINDOWS\SYSTEM32\dbghelp.dll

VM Arguments:
jvm_args: -Dclassworlds.conf=D:\Programmi\apache-maven-3.6.0-bin\apache-maven-3.6.0\bin\..\bin\m2.conf -Dmaven.home=D:\Programmi\apache-maven-3.6.0-bin\apache-maven-3.6.0\bin\.. -Dlibrary.jansi.path=D:\Programmi\apache-maven-3.6.0-bin\apache-maven-3.6.0\bin\..\lib\jansi-native -Dmaven.multiModuleProjectDirectory=D:\github\plathea\jaxrs-jersey-server-generated 
java_command: org.codehaus.plexus.classworlds.launcher.Launcher clean package jetty:run
java_class_path (initial): D:\Programmi\apache-maven-3.6.0-bin\apache-maven-3.6.0\bin\..\boot\plexus-classworlds-2.5.2.jar
Launcher Type: SUN_STANDARD

Environment Variables:
JAVA_HOME=C:\Program Files\Java\jdk1.8.0_181
PATH=C:\Program Files (x86)\Common Files\Oracle\Java\javapath;C:\Users\jack1\Desktop\plathea-code-22-trunk\plathea-code-22-trunk\opencv-master\build\install_release\x64\vc12\bin;C:\WINDOWS\system32;C:\WINDOWS;C:\WINDOWS\System32\Wbem;C:\WINDOWS\System32\WindowsPowerShell\v1.0\;C:\Program Files\Git\cmd;C:\Program Files\nodejs\;C:\Program Files\PuTTY\;C:\Users\jack1\AppData\Local\Microsoft\WindowsApps;C:\Users\jack1\AppData\Roaming\npm;C:\Users\jack1\AppData\Local\atom\bin;C:\adb;C:\WINDOWS\system32;C:\WINDOWS;C:\WINDOWS\System32\Wbem;C:\WINDOWS\System32\WindowsPowerShell\v1.0\;C:\WINDOWS\System32\OpenSSH\;C:\Users\jack1\Desktop\plathea-code-22-trunk\plathea-code-22-trunk\opencv-master\build\install_debug\x64\vc12\bin;C:\Users\jack1\AppData\Local\Microsoft\WindowsApps;C:\Users\jack1\AppData\Roaming\npm;C:\Users\jack1\AppData\Local\atom\bin;C:\Users\jack1\AppData\Local\Microsoft\WindowsApps;C:\Program Files\LLVM\bin;C:\ProgramData\jack1\atom\bin;C:\Program Files\Java\jdk1.8.0_181\bin;C:\Program Files\mingw-w64\x86_64-8.1.0-win32-seh-rt_v6-rev0\mingw64\bin;D:\Programmi\apache-maven-3.6.0-bin\apache-maven-3.6.0\bin;D:\github\plathea\LeoStormLibrary\LeoStormWindowsLib;
USERNAME=jack1
OS=Windows_NT
PROCESSOR_IDENTIFIER=Intel64 Family 6 Model 58 Stepping 9, GenuineIntel



---------------  S Y S T E M  ---------------

OS: Windows 10.0 , 64 bit Build 17134 (10.0.17134.1)

CPU:total 8 (initial active 8) (4 cores per cpu, 2 threads per core) family 6 model 58 stepping 9, cmov, cx8, fxsr, mmx, sse, sse2, sse3, ssse3, sse4.1, sse4.2, popcnt, avx, aes, clmul, erms, ht, tsc, tscinvbit, tscinv

Memory: 4k page, physical 16659944k(7121092k free), swap 19150312k(5494500k free)

vm_info: Java HotSpot(TM) 64-Bit Server VM (25.181-b13) for windows-amd64 JRE (1.8.0_181-b13), built on Jul  7 2018 04:01:33 by "java_re" with MS VC++ 10.0 (VS2010)

time: Thu Nov 29 11:50:47 2018
elapsed time: 36 seconds (0d 0h 0m 36s)

