#
# A fatal error has been detected by the Java Runtime Environment:
#
#  EXCEPTION_UNCAUGHT_CXX_EXCEPTION (0xe06d7363) at pc=0x00007ff8b57aa388, pid=21916, tid=0x0000000000002a68
#
# JRE version: Java(TM) SE Runtime Environment (8.0_181-b13) (build 1.8.0_181-b13)
# Java VM: Java HotSpot(TM) 64-Bit Server VM (25.181-b13 mixed mode windows-amd64 compressed oops)
# Problematic frame:
# C  [KERNELBASE.dll+0x3a388]
#
# Failed to write core dump. Minidumps are not enabled by default on client versions of Windows
#
# If you would like to submit a bug report, please visit:
#   http://bugreport.java.com/bugreport/crash.jsp
# The crash happened outside the Java Virtual Machine in native code.
# See problematic frame for where to report the bug.
#

---------------  T H R E A D  ---------------

Current thread (0x00000000201c9800):  JavaThread "qtp1892261395-19" [_thread_in_native, id=10856, stack(0x0000000026670000,0x0000000026770000)]

siginfo: ExceptionCode=0xe06d7363, ExceptionInformation=0x0000000019930520 0x0000000026766160 0x00007ff8494af0e8 0x00007ff8485d0000 

Registers:
RAX=0x0000000000004026, RBX=0x00007ff8ac5a5210, RCX=0x0000000000001bf8, RDX=0x0000000000000000
RSP=0x00000000267539b0, RBP=0x0000000026754060, RSI=0x0000000026754d40, RDI=0x0000000026754030
R8 =0x0000000026bb5b30, R9 =0x0000000000000000, R10=0x0000000000000000, R11=0x0000000000004026
R12=0x00007ff8485d0000, R13=0x0000000026754270, R14=0x00000000267547d0, R15=0x0000000026769e80
RIP=0x00007ff8b57aa388, EFLAGS=0x0000000000000202

Top of Stack: (sp=0x00000000267539b0)
0x00000000267539b0:   0000000000000000 00007ff8ac5a5210
0x00000000267539c0:   0000000026754d40 0000000026754030
0x00000000267539d0:   00000001e06d7363 0000000000000000
0x00000000267539e0:   00007ff8b57aa388 00007ff800000004
0x00000000267539f0:   0000000019930520 0000000026766160
0x0000000026753a00:   00007ff8494af0e8 00007ff8485d0000
0x0000000026753a10:   0000000000000000 0000000000000000
0x0000000026753a20:   cccccccc00000000 0000000026754030
0x0000000026753a30:   0000000026baf480 00007ff848f96da5
0x0000000026753a40:   0000000026baf480 0000000000000000
0x0000000026753a50:   0000000000000000 0000000000000000
0x0000000026753a60:   0000000026baf480 0000000000000000
0x0000000026753a70:   0000e19c34ef20a9 00007ff8ac5a82f9
0x0000000026753a80:   0000000026754060 00007ff8ac5a4bf3
0x0000000026753a90:   00007ff848f96d80 0000000026769e80
0x0000000026753aa0:   0000000026baf480 0000000000000000 

Instructions: (pc=0x00007ff8b57aa388)
0x00007ff8b57aa368:   49 8b d1 44 0f 47 c0 44 89 44 24 38 49 c1 e0 03
0x00007ff8b57aa378:   e8 4a 46 04 00 48 8d 4c 24 20 ff 15 d0 82 14 00
0x00007ff8b57aa388:   48 8b 8c 24 c0 00 00 00 48 33 cc e8 b8 05 04 00
0x00007ff8b57aa398:   48 81 c4 d8 00 00 00 c3 83 64 24 38 00 eb d6 cc 


Register to memory mapping:

RAX=0x0000000000004026 is an unknown value
RBX=0x00007ff8ac5a5210 is an unknown value
RCX=0x0000000000001bf8 is an unknown value
RDX=0x0000000000000000 is an unknown value
RSP=0x00000000267539b0 is pointing into the stack for thread: 0x00000000201c9800
RBP=0x0000000026754060 is pointing into the stack for thread: 0x00000000201c9800
RSI=0x0000000026754d40 is pointing into the stack for thread: 0x00000000201c9800
RDI=0x0000000026754030 is pointing into the stack for thread: 0x00000000201c9800
R8 =0x0000000026bb5b30 is an unknown value
R9 =0x0000000000000000 is an unknown value
R10=0x0000000000000000 is an unknown value
R11=0x0000000000004026 is an unknown value
R12=0x00007ff8485d0000 is an unknown value
R13=0x0000000026754270 is pointing into the stack for thread: 0x00000000201c9800
R14=0x00000000267547d0 is pointing into the stack for thread: 0x00000000201c9800
R15=0x0000000026769e80 is pointing into the stack for thread: 0x00000000201c9800


Stack: [0x0000000026670000,0x0000000026770000],  sp=0x00000000267539b0,  free space=910k
Native frames: (J=compiled Java code, j=interpreted, Vv=VM code, C=native code)
C  [KERNELBASE.dll+0x3a388]
C  [VCRUNTIME140D.dll+0x4bf3]
C  [VCRUNTIME140D.dll+0x53ae]
C  [ntdll.dll+0x9e2c3]
C  [opencv_core310d.dll+0x8e3f65]
C  [opencv_core310d.dll+0x8e27dd]
C  [PlatheaDLL.dll+0x20563e]  StereoCalibration::LoadFromFolder+0x8ae
C  [PlatheaDLL.dll+0x18f0c9]  calibration_internalcalibration_load+0x49
C  [InterfaceJNI_DLL.dll+0x119a9]  Java_io_core_InterfaceJNI_internalCalibration+0x69
C  0x0000000002d18c67

Java frames: (J=compiled Java code, j=interpreted, Vv=VM code)
j  io.core.InterfaceJNI.internalCalibration(Ljava/lang/String;I)I+0
j  io.core.MainSystem.internalcalibration(Ljava/lang/Integer;Ljava/util/List;Ljava/lang/Integer;)Lio/core/MainSystem$ReturnRoomMessage;+371
j  io.swagger.api.impl.RoomApiServiceImpl.internalcalibration(Ljava/lang/Integer;Ljava/lang/Integer;Ljava/util/List;Ljavax/ws/rs/core/SecurityContext;)Ljavax/ws/rs/core/Response;+3
j  io.swagger.api.RoomApi.internalcalibration(Ljava/lang/Integer;Ljava/lang/Integer;Ljava/util/List;Ljavax/ws/rs/core/SecurityContext;)Ljavax/ws/rs/core/Response;+9
v  ~StubRoutines::call_stub
J 2280  sun.reflect.NativeMethodAccessorImpl.invoke0(Ljava/lang/reflect/Method;Ljava/lang/Object;[Ljava/lang/Object;)Ljava/lang/Object; (0 bytes) @ 0x00000000034817ff [0x0000000003481780+0x7f]
J 2279 C1 sun.reflect.NativeMethodAccessorImpl.invoke(Ljava/lang/Object;[Ljava/lang/Object;)Ljava/lang/Object; (104 bytes) @ 0x0000000003480a7c [0x000000000347f880+0x11fc]
J 2061 C1 sun.reflect.DelegatingMethodAccessorImpl.invoke(Ljava/lang/Object;[Ljava/lang/Object;)Ljava/lang/Object; (10 bytes) @ 0x00000000033d740c [0x00000000033d7300+0x10c]
J 1998 C1 java.lang.reflect.Method.invoke(Ljava/lang/Object;[Ljava/lang/Object;)Ljava/lang/Object; (62 bytes) @ 0x00000000033ab7f4 [0x00000000033ab400+0x3f4]
j  org.glassfish.jersey.server.model.internal.ResourceMethodInvocationHandlerFactory.lambda$static$0(Ljava/lang/Object;Ljava/lang/reflect/Method;[Ljava/lang/Object;)Ljava/lang/Object;+3
j  org.glassfish.jersey.server.model.internal.ResourceMethodInvocationHandlerFactory$$Lambda$122.invoke(Ljava/lang/Object;Ljava/lang/reflect/Method;[Ljava/lang/Object;)Ljava/lang/Object;+3
j  org.glassfish.jersey.server.model.internal.AbstractJavaResourceMethodDispatcher$1.run()Ljava/lang/Object;+38
j  org.glassfish.jersey.server.model.internal.AbstractJavaResourceMethodDispatcher.invoke(Lorg/glassfish/jersey/server/ContainerRequest;Ljava/lang/Object;[Ljava/lang/Object;)Ljava/lang/Object;+66
j  org.glassfish.jersey.server.model.internal.JavaResourceMethodDispatcherProvider$ResponseOutInvoker.doDispatch(Ljava/lang/Object;Lorg/glassfish/jersey/server/ContainerRequest;)Ljavax/ws/rs/core/Response;+10
j  org.glassfish.jersey.server.model.internal.AbstractJavaResourceMethodDispatcher.dispatch(Ljava/lang/Object;Lorg/glassfish/jersey/server/ContainerRequest;)Ljavax/ws/rs/core/Response;+5
j  org.glassfish.jersey.server.model.ResourceMethodInvoker.invoke(Lorg/glassfish/jersey/server/internal/process/RequestProcessingContext;Ljava/lang/Object;)Ljavax/ws/rs/core/Response;+26
j  org.glassfish.jersey.server.model.ResourceMethodInvoker.apply(Lorg/glassfish/jersey/server/internal/process/RequestProcessingContext;)Lorg/glassfish/jersey/server/ContainerResponse;+100
j  org.glassfish.jersey.server.model.ResourceMethodInvoker.apply(Ljava/lang/Object;)Ljava/lang/Object;+5
j  org.glassfish.jersey.server.ServerRuntime$1.run()V+89
j  org.glassfish.jersey.internal.Errors$1.call()Ljava/lang/Void;+4
j  org.glassfish.jersey.internal.Errors$1.call()Ljava/lang/Object;+1
j  org.glassfish.jersey.internal.Errors.process(Ljava/util/concurrent/Callable;Z)Ljava/lang/Object;+36
j  org.glassfish.jersey.internal.Errors.process(Lorg/glassfish/jersey/internal/util/Producer;Z)Ljava/lang/Object;+2
j  org.glassfish.jersey.internal.Errors.process(Ljava/lang/Runnable;)V+9
j  org.glassfish.jersey.process.internal.RequestScope.runInScope(Lorg/glassfish/jersey/process/internal/RequestContext;Ljava/lang/Runnable;)V+17
j  org.glassfish.jersey.server.ServerRuntime.process(Lorg/glassfish/jersey/server/ContainerRequest;)V+181
j  org.glassfish.jersey.server.ApplicationHandler.handle(Lorg/glassfish/jersey/server/ContainerRequest;)V+13
j  org.glassfish.jersey.servlet.WebComponent.serviceImpl(Ljava/net/URI;Ljava/net/URI;Ljavax/servlet/http/HttpServletRequest;Ljavax/servlet/http/HttpServletResponse;)Lorg/glassfish/jersey/servlet/internal/ResponseWriter;+81
j  org.glassfish.jersey.servlet.WebComponent.service(Ljava/net/URI;Ljava/net/URI;Ljavax/servlet/http/HttpServletRequest;Ljavax/servlet/http/HttpServletResponse;)Lorg/glassfish/jersey/internal/util/collection/Value;+6
j  org.glassfish.jersey.servlet.ServletContainer.service(Ljava/net/URI;Ljava/net/URI;Ljavax/servlet/http/HttpServletRequest;Ljavax/servlet/http/HttpServletResponse;)Lorg/glassfish/jersey/internal/util/collection/Value;+9
j  org.glassfish.jersey.servlet.ServletContainer.service(Ljavax/servlet/http/HttpServletRequest;Ljavax/servlet/http/HttpServletResponse;)V+183
j  org.glassfish.jersey.servlet.ServletContainer.service(Ljavax/servlet/ServletRequest;Ljavax/servlet/ServletResponse;)V+39
j  org.eclipse.jetty.servlet.ServletHolder.handle(Lorg/eclipse/jetty/server/Request;Ljavax/servlet/ServletRequest;Ljavax/servlet/ServletResponse;)V+89
j  org.eclipse.jetty.servlet.ServletHandler$CachedChain.doFilter(Ljavax/servlet/ServletRequest;Ljavax/servlet/ServletResponse;)V+211
j  io.swagger.api.ApiOriginFilter.doFilter(Ljavax/servlet/ServletRequest;Ljavax/servlet/ServletResponse;Ljavax/servlet/FilterChain;)V+42
j  org.eclipse.jetty.servlet.ServletHandler$CachedChain.doFilter(Ljavax/servlet/ServletRequest;Ljavax/servlet/ServletResponse;)V+103
j  org.eclipse.jetty.servlet.ServletHandler.doHandle(Ljava/lang/String;Lorg/eclipse/jetty/server/Request;Ljavax/servlet/http/HttpServletRequest;Ljavax/servlet/http/HttpServletResponse;)V+203
j  org.eclipse.jetty.server.handler.ScopedHandler.handle(Ljava/lang/String;Lorg/eclipse/jetty/server/Request;Ljavax/servlet/http/HttpServletRequest;Ljavax/servlet/http/HttpServletResponse;)V+32
j  org.eclipse.jetty.security.SecurityHandler.handle(Ljava/lang/String;Lorg/eclipse/jetty/server/Request;Ljavax/servlet/http/HttpServletRequest;Ljavax/servlet/http/HttpServletResponse;)V+553
j  org.eclipse.jetty.server.session.SessionHandler.doHandle(Ljava/lang/String;Lorg/eclipse/jetty/server/Request;Ljavax/servlet/http/HttpServletRequest;Ljavax/servlet/http/HttpServletResponse;)V+68
j  org.eclipse.jetty.server.handler.ContextHandler.doHandle(Ljava/lang/String;Lorg/eclipse/jetty/server/Request;Ljavax/servlet/http/HttpServletRequest;Ljavax/servlet/http/HttpServletResponse;)V+349
j  org.eclipse.jetty.servlet.ServletHandler.doScope(Ljava/lang/String;Lorg/eclipse/jetty/server/Request;Ljavax/servlet/http/HttpServletRequest;Ljavax/servlet/http/HttpServletResponse;)V+274
j  org.eclipse.jetty.server.session.SessionHandler.doScope(Ljava/lang/String;Lorg/eclipse/jetty/server/Request;Ljavax/servlet/http/HttpServletRequest;Ljavax/servlet/http/HttpServletResponse;)V+233
j  org.eclipse.jetty.server.handler.ContextHandler.doScope(Ljava/lang/String;Lorg/eclipse/jetty/server/Request;Ljavax/servlet/http/HttpServletRequest;Ljavax/servlet/http/HttpServletResponse;)V+437
j  org.eclipse.jetty.server.handler.ScopedHandler.handle(Ljava/lang/String;Lorg/eclipse/jetty/server/Request;Ljavax/servlet/http/HttpServletRequest;Ljavax/servlet/http/HttpServletResponse;)V+20
j  org.eclipse.jetty.server.handler.ContextHandlerCollection.handle(Ljava/lang/String;Lorg/eclipse/jetty/server/Request;Ljavax/servlet/http/HttpServletRequest;Ljavax/servlet/http/HttpServletResponse;)V+224
j  org.eclipse.jetty.server.handler.HandlerCollection.handle(Ljava/lang/String;Lorg/eclipse/jetty/server/Request;Ljavax/servlet/http/HttpServletRequest;Ljavax/servlet/http/HttpServletResponse;)V+42
j  org.eclipse.jetty.server.handler.HandlerWrapper.handle(Ljava/lang/String;Lorg/eclipse/jetty/server/Request;Ljavax/servlet/http/HttpServletRequest;Ljavax/servlet/http/HttpServletResponse;)V+23
j  org.eclipse.jetty.server.Server.handle(Lorg/eclipse/jetty/server/HttpChannel;)V+130
j  org.eclipse.jetty.server.HttpChannel.handle()Z+301
j  org.eclipse.jetty.server.HttpConnection.onFillable()V+189
j  org.eclipse.jetty.io.AbstractConnection$2.run()V+4
j  org.eclipse.jetty.util.thread.QueuedThreadPool.runJob(Ljava/lang/Runnable;)V+1
j  org.eclipse.jetty.util.thread.QueuedThreadPool$3.run()V+75
j  java.lang.Thread.run()V+11
v  ~StubRoutines::call_stub

---------------  P R O C E S S  ---------------

Java Threads: ( => current thread )
  0x0000000024000800 JavaThread "Scheduler-630085121" [_thread_blocked, id=21700, stack(0x0000000030060000,0x0000000030160000)]
  0x0000000024000000 JavaThread "org.eclipse.jetty.server.session.HashSessionManager@659565edTimer" daemon [_thread_blocked, id=16812, stack(0x000000002fd60000,0x000000002fe60000)]
  0x000000001e947000 JavaThread "qtp1892261395-24-selector-ServerConnectorManager@6623b735/1" [_thread_in_native, id=16852, stack(0x0000000026c70000,0x0000000026d70000)]
  0x000000001f5e9000 JavaThread "qtp1892261395-22-selector-ServerConnectorManager@6623b735/2" [_thread_in_native, id=21032, stack(0x0000000026a70000,0x0000000026b70000)]
  0x00000000244e2800 JavaThread "qtp1892261395-21" [_thread_blocked, id=21976, stack(0x0000000026970000,0x0000000026a70000)]
  0x00000000203ca000 JavaThread "qtp1892261395-20-selector-ServerConnectorManager@6623b735/0" [_thread_in_native, id=19356, stack(0x0000000026770000,0x0000000026870000)]
=>0x00000000201c9800 JavaThread "qtp1892261395-19" [_thread_in_native, id=10856, stack(0x0000000026670000,0x0000000026770000)]
  0x0000000022760800 JavaThread "qtp1892261395-18" [_thread_blocked, id=16364, stack(0x0000000026570000,0x0000000026670000)]
  0x00000000230bd800 JavaThread "qtp1892261395-17" [_thread_blocked, id=17460, stack(0x0000000026470000,0x0000000026570000)]
  0x0000000023787800 JavaThread "qtp1892261395-16-acceptor-0@28698434-ServerConnector@2e29a7d{HTTP/1.1}{0.0.0.0:8080}" [_thread_in_native, id=11052, stack(0x0000000026370000,0x0000000026470000)]
  0x00000000243db000 JavaThread "qtp1892261395-15-selector-ServerConnectorManager@6623b735/3" [_thread_in_native, id=15004, stack(0x0000000026270000,0x0000000026370000)]
  0x000000002188f800 JavaThread "ShutdownMonitor" daemon [_thread_in_native, id=19188, stack(0x0000000026170000,0x0000000026270000)]
  0x000000001e6b2000 JavaThread "Service Thread" daemon [_thread_blocked, id=16644, stack(0x000000001f200000,0x000000001f300000)]
  0x000000001e628000 JavaThread "C1 CompilerThread3" daemon [_thread_blocked, id=13956, stack(0x000000001f100000,0x000000001f200000)]
  0x000000001e624000 JavaThread "C2 CompilerThread2" daemon [_thread_blocked, id=13592, stack(0x000000001f000000,0x000000001f100000)]
  0x000000001e623000 JavaThread "C2 CompilerThread1" daemon [_thread_blocked, id=17280, stack(0x000000001ef00000,0x000000001f000000)]
  0x000000001e621000 JavaThread "C2 CompilerThread0" daemon [_thread_blocked, id=4512, stack(0x000000001ee00000,0x000000001ef00000)]
  0x000000001e61a800 JavaThread "Attach Listener" daemon [_thread_blocked, id=11620, stack(0x000000001ed00000,0x000000001ee00000)]
  0x000000001e619800 JavaThread "Signal Dispatcher" daemon [_thread_blocked, id=16840, stack(0x000000001ec00000,0x000000001ed00000)]
  0x000000001e611800 JavaThread "Finalizer" daemon [_thread_blocked, id=15580, stack(0x000000001e9f0000,0x000000001eaf0000)]
  0x0000000002cf9000 JavaThread "Reference Handler" daemon [_thread_blocked, id=20524, stack(0x000000001e4f0000,0x000000001e5f0000)]
  0x0000000002c02800 JavaThread "main" [_thread_blocked, id=13624, stack(0x0000000002a50000,0x0000000002b50000)]

Other Threads:
  0x000000001c719800 VMThread [stack: 0x000000001e3f0000,0x000000001e4f0000] [id=18964]
  0x000000001e6dc000 WatcherThread [stack: 0x000000001f300000,0x000000001f400000] [id=3824]

VM state:not at safepoint (normal execution)

VM Mutex/Monitor currently owned by a thread: None

Heap:
 PSYoungGen      total 208384K, used 135449K [0x000000076b400000, 0x000000077a780000, 0x00000007c0000000)
  eden space 171520K, 78% used [0x000000076b400000,0x00000007738466f0,0x0000000775b80000)
  from space 36864K, 0% used [0x0000000778080000,0x0000000778080000,0x000000077a480000)
  to   space 37888K, 0% used [0x0000000775b80000,0x0000000775b80000,0x0000000778080000)
 ParOldGen       total 174592K, used 28137K [0x00000006c1c00000, 0x00000006cc680000, 0x000000076b400000)
  object space 174592K, 16% used [0x00000006c1c00000,0x00000006c377a5b0,0x00000006cc680000)
 Metaspace       used 42985K, capacity 44486K, committed 44672K, reserved 1089536K
  class space    used 5123K, capacity 5493K, committed 5504K, reserved 1048576K

Card table byte_map: [0x00000000120c0000,0x00000000128c0000] byte_map_base: 0x000000000eab2000

Marking Bits: (ParMarkBitMap*) 0x0000000059c02d00
 Begin Bits: [0x0000000013610000, 0x00000000175a0000)
 End Bits:   [0x00000000175a0000, 0x000000001b530000)

Polling page: 0x0000000000d30000

CodeCache: size=245760Kb used=22187Kb max_used=22381Kb free=223572Kb
 bounds [0x0000000002d00000, 0x0000000004300000, 0x0000000011d00000]
 total_blobs=6578 nmethods=6086 adapters=404
 compilation: enabled

Compilation events (10 events):
Event: 20.227 Thread 0x000000001e623000 7191   !   4       java.io.BufferedWriter::write (117 bytes)
Event: 20.240 Thread 0x000000001e624000 nmethod 7186 0x0000000004051390 code [0x0000000004051540, 0x0000000004052b48]
Event: 20.292 Thread 0x000000001e621000 nmethod 7190 0x0000000003a2fb50 code [0x0000000003a2fd60, 0x0000000003a31cd8]
Event: 20.293 Thread 0x000000001e624000 7192       4       java.io.FileOutputStream::write (12 bytes)
Event: 20.294 Thread 0x000000001e624000 nmethod 7192 0x0000000003d500d0 code [0x0000000003d50220, 0x0000000003d502a8]
Event: 20.302 Thread 0x000000001e621000 7193   !   4       java.io.PrintStream::write (69 bytes)
Event: 20.316 Thread 0x000000001e621000 nmethod 7193 0x00000000035d0010 code [0x00000000035d01a0, 0x00000000035d0cf8]
Event: 20.340 Thread 0x000000001e624000 7194       4       sun.nio.cs.StreamEncoder::writeBytes (132 bytes)
Event: 20.345 Thread 0x000000001e624000 nmethod 7194 0x0000000003218690 code [0x00000000032187e0, 0x0000000003218978]
Event: 20.358 Thread 0x000000001e623000 nmethod 7191 0x0000000002ee62d0 code [0x0000000002ee6500, 0x0000000002ee9b98]

GC Heap History (10 events):
Event: 7.870 GC heap before
{Heap before GC invocations=8 (full 1):
 PSYoungGen      total 103424K, used 103408K [0x000000076b400000, 0x0000000772a80000, 0x00000007c0000000)
  eden space 89088K, 100% used [0x000000076b400000,0x0000000770b00000,0x0000000770b00000)
  from space 14336K, 99% used [0x0000000771a00000,0x00000007727fc048,0x0000000772800000)
  to   space 15360K, 0% used [0x0000000770b00000,0x0000000770b00000,0x0000000771a00000)
 ParOldGen       total 120832K, used 14950K [0x00000006c1c00000, 0x00000006c9200000, 0x000000076b400000)
  object space 120832K, 12% used [0x00000006c1c00000,0x00000006c2a99870,0x00000006c9200000)
 Metaspace       used 28458K, capacity 29200K, committed 29440K, reserved 1075200K
  class space    used 3245K, capacity 3461K, committed 3584K, reserved 1048576K
Event: 7.897 GC heap after
Heap after GC invocations=8 (full 1):
 PSYoungGen      total 104448K, used 15330K [0x000000076b400000, 0x0000000775f80000, 0x00000007c0000000)
  eden space 89088K, 0% used [0x000000076b400000,0x000000076b400000,0x0000000770b00000)
  from space 15360K, 99% used [0x0000000770b00000,0x00000007719f8810,0x0000000771a00000)
  to   space 22016K, 0% used [0x0000000774a00000,0x0000000774a00000,0x0000000775f80000)
 ParOldGen       total 120832K, used 25383K [0x00000006c1c00000, 0x00000006c9200000, 0x000000076b400000)
  object space 120832K, 21% used [0x00000006c1c00000,0x00000006c34c9c28,0x00000006c9200000)
 Metaspace       used 28458K, capacity 29200K, committed 29440K, reserved 1075200K
  class space    used 3245K, capacity 3461K, committed 3584K, reserved 1048576K
}
Event: 8.280 GC heap before
{Heap before GC invocations=9 (full 1):
 PSYoungGen      total 104448K, used 104418K [0x000000076b400000, 0x0000000775f80000, 0x00000007c0000000)
  eden space 89088K, 100% used [0x000000076b400000,0x0000000770b00000,0x0000000770b00000)
  from space 15360K, 99% used [0x0000000770b00000,0x00000007719f8810,0x0000000771a00000)
  to   space 22016K, 0% used [0x0000000774a00000,0x0000000774a00000,0x0000000775f80000)
 ParOldGen       total 120832K, used 25391K [0x00000006c1c00000, 0x00000006c9200000, 0x000000076b400000)
  object space 120832K, 21% used [0x00000006c1c00000,0x00000006c34cbfb0,0x00000006c9200000)
 Metaspace       used 28474K, capacity 29264K, committed 29440K, reserved 1075200K
  class space    used 3245K, capacity 3461K, committed 3584K, reserved 1048576K
Event: 8.329 GC heap after
Heap after GC invocations=9 (full 1):
 PSYoungGen      total 142848K, used 21995K [0x000000076b400000, 0x0000000778980000, 0x00000007c0000000)
  eden space 120832K, 0% used [0x000000076b400000,0x000000076b400000,0x0000000772a00000)
  from space 22016K, 99% used [0x0000000774a00000,0x0000000775f7afe0,0x0000000775f80000)
  to   space 32768K, 0% used [0x0000000772a00000,0x0000000772a00000,0x0000000774a00000)
 ParOldGen       total 120832K, used 43450K [0x00000006c1c00000, 0x00000006c9200000, 0x000000076b400000)
  object space 120832K, 35% used [0x00000006c1c00000,0x00000006c466e8b8,0x00000006c9200000)
 Metaspace       used 28474K, capacity 29264K, committed 29440K, reserved 1075200K
  class space    used 3245K, capacity 3461K, committed 3584K, reserved 1048576K
}
Event: 9.536 GC heap before
{Heap before GC invocations=10 (full 1):
 PSYoungGen      total 142848K, used 142827K [0x000000076b400000, 0x0000000778980000, 0x00000007c0000000)
  eden space 120832K, 100% used [0x000000076b400000,0x0000000772a00000,0x0000000772a00000)
  from space 22016K, 99% used [0x0000000774a00000,0x0000000775f7afe0,0x0000000775f80000)
  to   space 32768K, 0% used [0x0000000772a00000,0x0000000772a00000,0x0000000774a00000)
 ParOldGen       total 120832K, used 43467K [0x00000006c1c00000, 0x00000006c9200000, 0x000000076b400000)
  object space 120832K, 35% used [0x00000006c1c00000,0x00000006c4672e78,0x00000006c9200000)
 Metaspace       used 33522K, capacity 34676K, committed 34816K, reserved 1079296K
  class space    used 3937K, capacity 4249K, committed 4352K, reserved 1048576K
Event: 9.581 GC heap after
Heap after GC invocations=10 (full 1):
 PSYoungGen      total 153600K, used 31617K [0x000000076b400000, 0x000000077a480000, 0x00000007c0000000)
  eden space 120832K, 0% used [0x000000076b400000,0x000000076b400000,0x0000000772a00000)
  from space 32768K, 96% used [0x0000000772a00000,0x00000007748e0600,0x0000000774a00000)
  to   space 36864K, 0% used [0x0000000778080000,0x0000000778080000,0x000000077a480000)
 ParOldGen       total 120832K, used 56101K [0x00000006c1c00000, 0x00000006c9200000, 0x000000076b400000)
  object space 120832K, 46% used [0x00000006c1c00000,0x00000006c52c9550,0x00000006c9200000)
 Metaspace       used 33522K, capacity 34676K, committed 34816K, reserved 1079296K
  class space    used 3937K, capacity 4249K, committed 4352K, reserved 1048576K
}
Event: 9.672 GC heap before
{Heap before GC invocations=11 (full 1):
 PSYoungGen      total 153600K, used 38521K [0x000000076b400000, 0x000000077a480000, 0x00000007c0000000)
  eden space 120832K, 5% used [0x000000076b400000,0x000000076babdf70,0x0000000772a00000)
  from space 32768K, 96% used [0x0000000772a00000,0x00000007748e0600,0x0000000774a00000)
  to   space 36864K, 0% used [0x0000000778080000,0x0000000778080000,0x000000077a480000)
 ParOldGen       total 120832K, used 56101K [0x00000006c1c00000, 0x00000006c9200000, 0x000000076b400000)
  object space 120832K, 46% used [0x00000006c1c00000,0x00000006c52c9550,0x00000006c9200000)
 Metaspace       used 34119K, capacity 35288K, committed 35456K, reserved 1081344K
  class space    used 4034K, capacity 4357K, committed 4480K, reserved 1048576K
Event: 9.676 GC heap after
Heap after GC invocations=11 (full 1):
 PSYoungGen      total 208384K, used 3680K [0x000000076b400000, 0x000000077a780000, 0x00000007c0000000)
  eden space 171520K, 0% used [0x000000076b400000,0x000000076b400000,0x0000000775b80000)
  from space 36864K, 9% used [0x0000000778080000,0x0000000778418108,0x000000077a480000)
  to   space 37888K, 0% used [0x0000000775b80000,0x0000000775b80000,0x0000000778080000)
 ParOldGen       total 120832K, used 58681K [0x00000006c1c00000, 0x00000006c9200000, 0x000000076b400000)
  object space 120832K, 48% used [0x00000006c1c00000,0x00000006c554e7a0,0x00000006c9200000)
 Metaspace       used 34119K, capacity 35288K, committed 35456K, reserved 1081344K
  class space    used 4034K, capacity 4357K, committed 4480K, reserved 1048576K
}
Event: 9.676 GC heap before
{Heap before GC invocations=12 (full 2):
 PSYoungGen      total 208384K, used 3680K [0x000000076b400000, 0x000000077a780000, 0x00000007c0000000)
  eden space 171520K, 0% used [0x000000076b400000,0x000000076b400000,0x0000000775b80000)
  from space 36864K, 9% used [0x0000000778080000,0x0000000778418108,0x000000077a480000)
  to   space 37888K, 0% used [0x0000000775b80000,0x0000000775b80000,0x0000000778080000)
 ParOldGen       total 120832K, used 58681K [0x00000006c1c00000, 0x00000006c9200000, 0x000000076b400000)
  object space 120832K, 48% used [0x00000006c1c00000,0x00000006c554e7a0,0x00000006c9200000)
 Metaspace       used 34119K, capacity 35288K, committed 35456K, reserved 1081344K
  class space    used 4034K, capacity 4357K, committed 4480K, reserved 1048576K
Event: 9.731 GC heap after
Heap after GC invocations=12 (full 2):
 PSYoungGen      total 208384K, used 0K [0x000000076b400000, 0x000000077a780000, 0x00000007c0000000)
  eden space 171520K, 0% used [0x000000076b400000,0x000000076b400000,0x0000000775b80000)
  from space 36864K, 0% used [0x0000000778080000,0x0000000778080000,0x000000077a480000)
  to   space 37888K, 0% used [0x0000000775b80000,0x0000000775b80000,0x0000000778080000)
 ParOldGen       total 174592K, used 28137K [0x00000006c1c00000, 0x00000006cc680000, 0x000000076b400000)
  object space 174592K, 16% used [0x00000006c1c00000,0x00000006c377a5b0,0x00000006cc680000)
 Metaspace       used 34119K, capacity 35288K, committed 35456K, reserved 1081344K
  class space    used 4034K, capacity 4357K, committed 4480K, reserved 1048576K
}

Deoptimization events (10 events):
Event: 19.978 Thread 0x00000000201c9800 Uncommon trap: reason=unstable_if action=reinterpret pc=0x000000000330c52c method=java.lang.StringCoding.decode(Ljava/lang/String;[BII)[C @ 51
Event: 19.979 Thread 0x00000000201c9800 Uncommon trap: reason=class_check action=maybe_recompile pc=0x0000000003b095f8 method=java.lang.StringCoding$StringDecoder.decode([BII)[C @ 30
Event: 19.984 Thread 0x00000000201c9800 Uncommon trap: reason=class_check action=maybe_recompile pc=0x0000000003b095f8 method=java.lang.StringCoding$StringDecoder.decode([BII)[C @ 30
Event: 19.984 Thread 0x00000000201c9800 Uncommon trap: reason=class_check action=maybe_recompile pc=0x0000000003b095f8 method=java.lang.StringCoding$StringDecoder.decode([BII)[C @ 30
Event: 19.984 Thread 0x00000000201c9800 Uncommon trap: reason=class_check action=maybe_recompile pc=0x0000000003b095f8 method=java.lang.StringCoding$StringDecoder.decode([BII)[C @ 30
Event: 20.127 Thread 0x00000000201c9800 Uncommon trap: reason=unstable_if action=reinterpret pc=0x00000000041b0aac method=sun.reflect.annotation.AnnotationInvocationHandler.invoke(Ljava/lang/Object;Ljava/lang/reflect/Method;[Ljava/lang/Object;)Ljava/lang/Object; @ 19
Event: 20.174 Thread 0x00000000201c9800 Uncommon trap: reason=unstable_if action=reinterpret pc=0x00000000042e38cc method=sun.nio.cs.SingleByte$Encoder.encodeArrayLoop(Ljava/nio/CharBuffer;Ljava/nio/ByteBuffer;)Ljava/nio/charset/CoderResult; @ 70
Event: 20.174 Thread 0x00000000201c9800 Uncommon trap: reason=unstable_if action=reinterpret pc=0x000000000360ec58 method=sun.nio.cs.StreamEncoder.implWrite([CII)V @ 51
Event: 20.175 Thread 0x00000000201c9800 Uncommon trap: reason=unstable_if action=reinterpret pc=0x00000000039cb378 method=sun.nio.cs.SingleByte$Encoder.encodeArrayLoop(Ljava/nio/CharBuffer;Ljava/nio/ByteBuffer;)Ljava/nio/charset/CoderResult; @ 70
Event: 20.175 Thread 0x00000000201c9800 Uncommon trap: reason=unstable_if action=reinterpret pc=0x00000000038ee640 method=sun.nio.cs.StreamEncoder.implWrite([CII)V @ 51

Classes redefined (0 events):
No events

Internal exceptions (10 events):
Event: 7.626 Thread 0x0000000002c02800 Exception <a 'java/lang/ClassNotFoundException': sun/net/www/protocol/c/Handler> (0x000000076e7f7c18) thrown at [C:\re\workspace\8-2-build-windows-amd64-cygwin\jdk8u181\11358\hotspot\src\share\vm\classfile\systemDictionary.cpp, line 210]
Event: 7.626 Thread 0x0000000002c02800 Exception <a 'java/lang/ClassNotFoundException': sun/net/www/protocol/c/Handler> (0x000000076e7fa150) thrown at [C:\re\workspace\8-2-build-windows-amd64-cygwin\jdk8u181\11358\hotspot\src\share\vm\classfile\systemDictionary.cpp, line 210]
Event: 7.689 Thread 0x000000001f5e9000 Implicit null exception at 0x00000000039f3819 to 0x00000000039f3ffd
Event: 7.689 Thread 0x0000000023787800 Implicit null exception at 0x00000000039f3819 to 0x00000000039f3ffd
Event: 7.689 Thread 0x00000000243db000 Implicit null exception at 0x00000000039f3819 to 0x00000000039f3ffd
Event: 7.689 Thread 0x00000000201c9800 Implicit null exception at 0x0000000003a05fcc to 0x0000000003a066c9
Event: 9.221 Thread 0x0000000002c02800 Exception <a 'java/lang/NoSuchFieldError': method resolution failed> (0x00000007712f8440) thrown at [C:\re\workspace\8-2-build-windows-amd64-cygwin\jdk8u181\11358\hotspot\src\share\vm\prims\methodHandles.cpp, line 1167]
Event: 9.223 Thread 0x0000000002c02800 Exception <a 'java/lang/NoSuchFieldError': method resolution failed> (0x0000000771305ed0) thrown at [C:\re\workspace\8-2-build-windows-amd64-cygwin\jdk8u181\11358\hotspot\src\share\vm\prims\methodHandles.cpp, line 1167]
Event: 9.852 Thread 0x0000000002c02800 Exception <a 'java/lang/NoSuchMethodError': java.lang.Object.lambda$and$0(Ljava/util/function/Predicate;Ljava/lang/Object;)Z> (0x000000076bfae138) thrown at [C:\re\workspace\8-2-build-windows-amd64-cygwin\jdk8u181\11358\hotspot\src\share\vm\interpreter\li
Event: 9.895 Thread 0x0000000002c02800 Exception <a 'java/lang/NoSuchMethodError': java.lang.Object.lambda$comparingInt$7b0bb60$1(Ljava/util/function/ToIntFunction;Ljava/lang/Object;Ljava/lang/Object;)I> (0x000000076c2f04b8) thrown at [C:\re\workspace\8-2-build-windows-amd64-cygwin\jdk8u181\11

Events (10 events):
Event: 20.221 Thread 0x00000000201c9800 DEOPT PACKING pc=0x0000000002f79b81 sp=0x000000002676ca00
Event: 20.221 Thread 0x00000000201c9800 DEOPT UNPACKING pc=0x0000000002d47890 sp=0x000000002676c7f0 mode 0
Event: 20.221 Thread 0x00000000201c9800 DEOPT PACKING pc=0x0000000002f79b81 sp=0x000000002676ca00
Event: 20.221 Thread 0x00000000201c9800 DEOPT UNPACKING pc=0x0000000002d47890 sp=0x000000002676c7f0 mode 0
Event: 20.221 Thread 0x00000000201c9800 DEOPT PACKING pc=0x0000000002f79b81 sp=0x000000002676ca00
Event: 20.221 Thread 0x00000000201c9800 DEOPT UNPACKING pc=0x0000000002d47890 sp=0x000000002676c7f0 mode 0
Event: 20.222 Thread 0x00000000201c9800 DEOPT PACKING pc=0x0000000002f79b81 sp=0x000000002676ca00
Event: 20.222 Thread 0x00000000201c9800 DEOPT UNPACKING pc=0x0000000002d47890 sp=0x000000002676c7f0 mode 0
Event: 20.341 Executing VM operation: RevokeBias
Event: 20.341 Executing VM operation: RevokeBias done


Dynamic libraries:
0x00007ff6a5ea0000 - 0x00007ff6a5ed7000 	C:\Program Files\Java\jdk1.8.0_181\bin\java.exe
0x00007ff8b87b0000 - 0x00007ff8b8991000 	C:\WINDOWS\SYSTEM32\ntdll.dll
0x00007ff8b5e70000 - 0x00007ff8b5f22000 	C:\WINDOWS\System32\KERNEL32.DLL
0x00007ff8b5770000 - 0x00007ff8b59e3000 	C:\WINDOWS\System32\KERNELBASE.dll
0x00007ff8b5f30000 - 0x00007ff8b5fd1000 	C:\WINDOWS\System32\ADVAPI32.dll
0x00007ff8b7d70000 - 0x00007ff8b7e0e000 	C:\WINDOWS\System32\msvcrt.dll
0x00007ff8b7ee0000 - 0x00007ff8b7f3b000 	C:\WINDOWS\System32\sechost.dll
0x00007ff8b8650000 - 0x00007ff8b8774000 	C:\WINDOWS\System32\RPCRT4.dll
0x00007ff8b76e0000 - 0x00007ff8b7870000 	C:\WINDOWS\System32\USER32.dll
0x00007ff8b4b80000 - 0x00007ff8b4ba0000 	C:\WINDOWS\System32\win32u.dll
0x00007ff8b8620000 - 0x00007ff8b8648000 	C:\WINDOWS\System32\GDI32.dll
0x00007ff8b4e40000 - 0x00007ff8b4fd2000 	C:\WINDOWS\System32\gdi32full.dll
0x00007ff8b5ba0000 - 0x00007ff8b5c3f000 	C:\WINDOWS\System32\msvcp_win.dll
0x00007ff8b59f0000 - 0x00007ff8b5aea000 	C:\WINDOWS\System32\ucrtbase.dll
0x00007ff8a8200000 - 0x00007ff8a8469000 	C:\WINDOWS\WinSxS\amd64_microsoft.windows.common-controls_6595b64144ccf1df_6.0.17134.407_none_fb449d63306391e9\COMCTL32.dll
0x00007ff8b7a40000 - 0x00007ff8b7d62000 	C:\WINDOWS\System32\combase.dll
0x00007ff8b4fe0000 - 0x00007ff8b505a000 	C:\WINDOWS\System32\bcryptPrimitives.dll
0x00007ff8b85f0000 - 0x00007ff8b861d000 	C:\WINDOWS\System32\IMM32.DLL
0x000000005c6d0000 - 0x000000005c7a2000 	C:\Program Files\Java\jdk1.8.0_181\jre\bin\msvcr100.dll
0x00000000593e0000 - 0x0000000059c82000 	C:\Program Files\Java\jdk1.8.0_181\jre\bin\server\jvm.dll
0x00007ff8b7510000 - 0x00007ff8b7518000 	C:\WINDOWS\System32\PSAPI.DLL
0x00007ff8ab410000 - 0x00007ff8ab433000 	C:\WINDOWS\SYSTEM32\WINMM.dll
0x00007ff8b24c0000 - 0x00007ff8b24c9000 	C:\WINDOWS\SYSTEM32\WSOCK32.dll
0x00007ff8abd00000 - 0x00007ff8abd0a000 	C:\WINDOWS\SYSTEM32\VERSION.dll
0x00007ff8b7870000 - 0x00007ff8b78dc000 	C:\WINDOWS\System32\WS2_32.dll
0x00007ff8ab3e0000 - 0x00007ff8ab40a000 	C:\WINDOWS\SYSTEM32\WINMMBASE.dll
0x00007ff8b4c00000 - 0x00007ff8b4c49000 	C:\WINDOWS\System32\cfgmgr32.dll
0x000000005c680000 - 0x000000005c68f000 	C:\Program Files\Java\jdk1.8.0_181\jre\bin\verify.dll
0x000000005ba70000 - 0x000000005ba99000 	C:\Program Files\Java\jdk1.8.0_181\jre\bin\java.dll
0x000000005c660000 - 0x000000005c676000 	C:\Program Files\Java\jdk1.8.0_181\jre\bin\zip.dll
0x00007ff8b5fe0000 - 0x00007ff8b741f000 	C:\WINDOWS\System32\SHELL32.dll
0x00007ff8b5c40000 - 0x00007ff8b5ce9000 	C:\WINDOWS\System32\shcore.dll
0x00007ff8b5060000 - 0x00007ff8b576d000 	C:\WINDOWS\System32\windows.storage.dll
0x00007ff8b7e70000 - 0x00007ff8b7ec1000 	C:\WINDOWS\System32\shlwapi.dll
0x00007ff8b4b60000 - 0x00007ff8b4b71000 	C:\WINDOWS\System32\kernel.appcore.dll
0x00007ff8b4b40000 - 0x00007ff8b4b5f000 	C:\WINDOWS\System32\profapi.dll
0x00007ff8b4ac0000 - 0x00007ff8b4b0c000 	C:\WINDOWS\System32\powrprof.dll
0x00007ff8b4b10000 - 0x00007ff8b4b1a000 	C:\WINDOWS\System32\FLTLIB.DLL
0x00007ff8aef30000 - 0x00007ff8aef3a000 	D:\Programmi\apache-maven-3.6.0-bin\apache-maven-3.6.0\lib\jansi-native\windows64\jansi.dll
0x000000005ba50000 - 0x000000005ba6a000 	C:\Program Files\Java\jdk1.8.0_181\jre\bin\net.dll
0x00007ff8b42e0000 - 0x00007ff8b4346000 	C:\WINDOWS\system32\mswsock.dll
0x000000005ba30000 - 0x000000005ba41000 	C:\Program Files\Java\jdk1.8.0_181\jre\bin\nio.dll
0x000000005b980000 - 0x000000005b98d000 	C:\Program Files\Java\jdk1.8.0_181\jre\bin\management.dll
0x00007ff8b44a0000 - 0x00007ff8b44b7000 	C:\WINDOWS\SYSTEM32\CRYPTSP.dll
0x00007ff8b3ec0000 - 0x00007ff8b3ef3000 	C:\WINDOWS\system32\rsaenh.dll
0x00007ff8b45c0000 - 0x00007ff8b45e5000 	C:\WINDOWS\SYSTEM32\bcrypt.dll
0x00007ff8b49c0000 - 0x00007ff8b49e8000 	C:\WINDOWS\SYSTEM32\USERENV.dll
0x00007ff8b4490000 - 0x00007ff8b449b000 	C:\WINDOWS\SYSTEM32\CRYPTBASE.dll
0x00007ff8b4060000 - 0x00007ff8b4098000 	C:\WINDOWS\SYSTEM32\IPHLPAPI.DLL
0x00007ff8b5d90000 - 0x00007ff8b5d98000 	C:\WINDOWS\System32\NSI.dll
0x00007ff8af740000 - 0x00007ff8af756000 	C:\WINDOWS\SYSTEM32\dhcpcsvc6.DLL
0x00007ff8af840000 - 0x00007ff8af85a000 	C:\WINDOWS\SYSTEM32\dhcpcsvc.DLL
0x00007ff8ac600000 - 0x00007ff8ac624000 	D:\github\plathea\jaxrs-jersey-server-generated\src\main\java\io\core\InterfaceJNI_DLL.dll
0x00007ff8ac5a0000 - 0x00007ff8ac5c1000 	C:\WINDOWS\SYSTEM32\VCRUNTIME140D.dll
0x00007ff87b640000 - 0x00007ff87b7fd000 	C:\WINDOWS\SYSTEM32\ucrtbased.dll
0x00007ff8613a0000 - 0x00007ff861760000 	D:\github\plathea\jaxrs-jersey-server-generated\PlatheaDLL.dll
0x00007ff8b7420000 - 0x00007ff8b750d000 	C:\WINDOWS\System32\COMDLG32.dll
0x00007ff8b78e0000 - 0x00007ff8b7a31000 	C:\WINDOWS\System32\ole32.dll
0x00007ff884180000 - 0x00007ff884288000 	D:\github\plathea\jaxrs-jersey-server-generated\opencv_video310d.dll
0x00007ff86a1c0000 - 0x00007ff86a36c000 	D:\github\plathea\jaxrs-jersey-server-generated\opencv_ml310d.dll
0x00007ff8485d0000 - 0x00007ff84956e000 	D:\github\plathea\jaxrs-jersey-server-generated\opencv_core310d.dll
0x00007ff891330000 - 0x00007ff891396000 	D:\github\plathea\jaxrs-jersey-server-generated\opencv_highgui310d.dll
0x00007ff865930000 - 0x00007ff865ac4000 	D:\github\plathea\jaxrs-jersey-server-generated\opencv_objdetect310d.dll
0x00007ff846400000 - 0x00007ff8485cb000 	D:\github\plathea\jaxrs-jersey-server-generated\opencv_imgproc310d.dll
0x00007ff84ae80000 - 0x00007ff84b254000 	D:\github\plathea\jaxrs-jersey-server-generated\opencv_calib3d310d.dll
0x00007ff87d7f0000 - 0x00007ff87d8e4000 	C:\WINDOWS\SYSTEM32\MSVCP140D.dll
0x00007ff88a170000 - 0x00007ff88a226000 	C:\WINDOWS\SYSTEM32\CONCRT140D.dll
0x00007ff883d30000 - 0x00007ff883de2000 	D:\github\plathea\jaxrs-jersey-server-generated\opencv_videoio310d.dll
0x00007ff8b5da0000 - 0x00007ff8b5e62000 	C:\WINDOWS\System32\OLEAUT32.dll
0x00007ff845ea0000 - 0x00007ff8463fe000 	D:\github\plathea\jaxrs-jersey-server-generated\opencv_imgcodecs310d.dll
0x00007ff861170000 - 0x00007ff861395000 	D:\github\plathea\jaxrs-jersey-server-generated\opencv_features2d310d.dll
0x00007ff8a9220000 - 0x00007ff8a9249000 	C:\WINDOWS\SYSTEM32\MSVFW32.dll
0x00007ff8a3e60000 - 0x00007ff8a3e7f000 	C:\WINDOWS\SYSTEM32\AVIFIL32.dll
0x00007ff8a0750000 - 0x00007ff8a0768000 	C:\WINDOWS\SYSTEM32\AVICAP32.dll
0x00007ff894930000 - 0x00007ff89494c000 	C:\WINDOWS\SYSTEM32\MSACM32.dll
0x00007ff87b000000 - 0x00007ff87b17d000 	D:\github\plathea\jaxrs-jersey-server-generated\opencv_flann310d.dll
0x00007ff8ae410000 - 0x00007ff8ae5d9000 	C:\WINDOWS\SYSTEM32\dbghelp.dll

VM Arguments:
jvm_args: -Dclassworlds.conf=D:\Programmi\apache-maven-3.6.0-bin\apache-maven-3.6.0\bin\..\bin\m2.conf -Dmaven.home=D:\Programmi\apache-maven-3.6.0-bin\apache-maven-3.6.0\bin\.. -Dlibrary.jansi.path=D:\Programmi\apache-maven-3.6.0-bin\apache-maven-3.6.0\bin\..\lib\jansi-native -Dmaven.multiModuleProjectDirectory=D:\github\plathea\jaxrs-jersey-server-generated 
java_command: org.codehaus.plexus.classworlds.launcher.Launcher clean package jetty:run
java_class_path (initial): D:\Programmi\apache-maven-3.6.0-bin\apache-maven-3.6.0\bin\..\boot\plexus-classworlds-2.5.2.jar
Launcher Type: SUN_STANDARD

Environment Variables:
JAVA_HOME=C:\Program Files\Java\jdk1.8.0_181
PATH=C:\Program Files (x86)\Common Files\Oracle\Java\javapath;C:\Users\jack1\Desktop\plathea-code-22-trunk\plathea-code-22-trunk\opencv-master\build\install_release\x64\vc12\bin;C:\WINDOWS\system32;C:\WINDOWS;C:\WINDOWS\System32\Wbem;C:\WINDOWS\System32\WindowsPowerShell\v1.0\;C:\Program Files\Git\cmd;C:\Program Files\nodejs\;C:\Program Files\PuTTY\;C:\Users\jack1\AppData\Local\Microsoft\WindowsApps;C:\Users\jack1\AppData\Roaming\npm;C:\Users\jack1\AppData\Local\atom\bin;C:\adb;C:\WINDOWS\system32;C:\WINDOWS;C:\WINDOWS\System32\Wbem;C:\WINDOWS\System32\WindowsPowerShell\v1.0\;C:\WINDOWS\System32\OpenSSH\;C:\Users\jack1\Desktop\plathea-code-22-trunk\plathea-code-22-trunk\opencv-master\build\install_debug\x64\vc12\bin;C:\Users\jack1\AppData\Local\Microsoft\WindowsApps;C:\Users\jack1\AppData\Roaming\npm;C:\Users\jack1\AppData\Local\atom\bin;C:\Users\jack1\AppData\Local\Microsoft\WindowsApps;C:\Program Files\LLVM\bin;C:\ProgramData\jack1\atom\bin;C:\Program Files\Java\jdk1.8.0_181\bin;C:\Program Files\mingw-w64\x86_64-8.1.0-win32-seh-rt_v6-rev0\mingw64\bin;D:\Programmi\apache-maven-3.6.0-bin\apache-maven-3.6.0\bin;D:\github\plathea\LeoStormLibrary\LeoStormWindowsLib;
USERNAME=jack1
OS=Windows_NT
PROCESSOR_IDENTIFIER=Intel64 Family 6 Model 58 Stepping 9, GenuineIntel



---------------  S Y S T E M  ---------------

OS: Windows 10.0 , 64 bit Build 17134 (10.0.17134.1)

CPU:total 8 (initial active 8) (4 cores per cpu, 2 threads per core) family 6 model 58 stepping 9, cmov, cx8, fxsr, mmx, sse, sse2, sse3, ssse3, sse4.1, sse4.2, popcnt, avx, aes, clmul, erms, ht, tsc, tscinvbit, tscinv

Memory: 4k page, physical 16659944k(7101444k free), swap 19150312k(6516696k free)

vm_info: Java HotSpot(TM) 64-Bit Server VM (25.181-b13) for windows-amd64 JRE (1.8.0_181-b13), built on Jul  7 2018 04:01:33 by "java_re" with MS VC++ 10.0 (VS2010)

time: Fri Nov 16 19:56:21 2018
elapsed time: 20 seconds (0d 0h 0m 20s)

