#
# A fatal error has been detected by the Java Runtime Environment:
#
#  EXCEPTION_ACCESS_VIOLATION (0xc0000005) at pc=0x00007fff82b39e7a, pid=22264, tid=0x000000000000168c
#
# JRE version: Java(TM) SE Runtime Environment (8.0_181-b13) (build 1.8.0_181-b13)
# Java VM: Java HotSpot(TM) 64-Bit Server VM (25.181-b13 mixed mode windows-amd64 compressed oops)
# Problematic frame:
# C  [ucrtbased.dll+0xb9e7a]
#
# Failed to write core dump. Minidumps are not enabled by default on client versions of Windows
#
# If you would like to submit a bug report, please visit:
#   http://bugreport.java.com/bugreport/crash.jsp
# The crash happened outside the Java Virtual Machine in native code.
# See problematic frame for where to report the bug.
#

---------------  T H R E A D  ---------------

Current thread (0x0000000021f28000):  JavaThread "qtp2085001212-26" [_thread_in_native, id=5772, stack(0x0000000027bc0000,0x0000000027cc0000)]

siginfo: ExceptionCode=0xc0000005, reading address 0x0000000000000000

Registers:
RAX=0x0000448b175ece73, RBX=0x0000000030c92158, RCX=0x0000000027cbc790, RDX=0x0000000000000000
RSP=0x0000000027cbc758, RBP=0x0000000027cbc780, RSI=0x0000000000000044, RDI=0x0000000027cbcb18
R8 =0x00000000fffffd7f, R9 =0x0000000027cbc8f0, R10=0x0000000000000000, R11=0x0000000027cbc790
R12=0x0000000000000000, R13=0x0000000030c92158, R14=0x0000000027cbcd00, R15=0x0000000021f28000
RIP=0x00007fff82b39e7a, EFLAGS=0x0000000000010246

Top of Stack: (sp=0x0000000027cbc758)
0x0000000027cbc758:   00007fff616f547b cccccccccccccccc
0x0000000027cbc768:   cccccccccccccccc cccccccccccccccc
0x0000000027cbc778:   cccccccccccccccc cccccccccccccccc
0x0000000027cbc788:   cccccccccccccccc cccccccccccccccc
0x0000000027cbc798:   cccccccccccccccc cccccccccccccccc
0x0000000027cbc7a8:   cccccccccccccccc cccccccccccccccc
0x0000000027cbc7b8:   cccccccccccccccc cccccccccccccccc
0x0000000027cbc7c8:   cccccccccccccccc cccccccccccccccc
0x0000000027cbc7d8:   cccccccccccccccc cccccccccccccccc
0x0000000027cbc7e8:   cccccccccccccccc cccccccccccccccc
0x0000000027cbc7f8:   cccccccccccccccc cccccccccccccccc
0x0000000027cbc808:   cccccccccccccccc cccccccccccccccc
0x0000000027cbc818:   cccccccccccccccc cccccccccccccccc
0x0000000027cbc828:   cccccccccccccccc cccccccccccccccc
0x0000000027cbc838:   cccccccccccccccc cccccccccccccccc
0x0000000027cbc848:   cccccccccccccccc cccccccccccccccc 

Instructions: (pc=0x00007fff82b39e7a)
0x00007fff82b39e5a:   1f 8a 02 88 04 0a 84 c0 74 0a 48 ff c2 f6 c2 07
0x00007fff82b39e6a:   75 ef eb 0c 49 8b c3 c3 48 89 04 0a 48 83 c2 08
0x00007fff82b39e7a:   48 8b 02 49 b9 ff fe fe fe fe fe fe 7e 4c 03 c8
0x00007fff82b39e8a:   4c 8b d0 49 83 f2 ff 4d 33 d1 49 b9 00 01 01 01 


Register to memory mapping:

RAX=0x0000448b175ece73 is an unknown value
RBX={method} {0x0000000030c92160} 'loadConfigurationFile' '(ILjava/lang/String;)I' in 'io/core/InterfaceJNI'
RCX=0x0000000027cbc790 is pointing into the stack for thread: 0x0000000021f28000
RDX=0x0000000000000000 is an unknown value
RSP=0x0000000027cbc758 is pointing into the stack for thread: 0x0000000021f28000
RBP=0x0000000027cbc780 is pointing into the stack for thread: 0x0000000021f28000
RSI=0x0000000000000044 is an unknown value
RDI=0x0000000027cbcb18 is pointing into the stack for thread: 0x0000000021f28000
R8 =0x00000000fffffd7f is an unknown value
R9 =0x0000000027cbc8f0 is pointing into the stack for thread: 0x0000000021f28000
R10=0x0000000000000000 is an unknown value
R11=0x0000000027cbc790 is pointing into the stack for thread: 0x0000000021f28000
R12=0x0000000000000000 is an unknown value
R13={method} {0x0000000030c92160} 'loadConfigurationFile' '(ILjava/lang/String;)I' in 'io/core/InterfaceJNI'
R14=0x0000000027cbcd00 is pointing into the stack for thread: 0x0000000021f28000
R15=0x0000000021f28000 is a thread


Stack: [0x0000000027bc0000,0x0000000027cc0000],  sp=0x0000000027cbc758,  free space=1009k
Native frames: (J=compiled Java code, j=interpreted, Vv=VM code, C=native code)
C  [ucrtbased.dll+0xb9e7a]
C  [PlatheaDLL.dll+0x19547b]
C  [InterfaceJNI_DLL.dll+0x136b3]  Java_io_core_InterfaceJNI_loadConfigurationFile+0x73
C  0x0000000002ad8c67

Java frames: (J=compiled Java code, j=interpreted, Vv=VM code)
j  io.core.InterfaceJNI.loadConfigurationFile(ILjava/lang/String;)I+0
j  io.core.MainSystem.loadconfigurationfile(Ljava/lang/Integer;Ljava/io/InputStream;Lorg/glassfish/jersey/media/multipart/FormDataContentDisposition;)Lio/core/MainSystem$ReturnRoomMessage;+112
j  io.swagger.api.impl.RoomApiServiceImpl.loadconfigurationfile(Ljava/lang/Integer;Ljava/io/InputStream;Lorg/glassfish/jersey/media/multipart/FormDataContentDisposition;Ljavax/ws/rs/core/SecurityContext;)Ljavax/ws/rs/core/Response;+3
j  io.swagger.api.RoomApi.loadconfigurationfile(Ljava/lang/Integer;Ljava/io/InputStream;Lorg/glassfish/jersey/media/multipart/FormDataContentDisposition;Ljavax/ws/rs/core/SecurityContext;)Ljavax/ws/rs/core/Response;+9
v  ~StubRoutines::call_stub
J 2279  sun.reflect.NativeMethodAccessorImpl.invoke0(Ljava/lang/reflect/Method;Ljava/lang/Object;[Ljava/lang/Object;)Ljava/lang/Object; (0 bytes) @ 0x000000000323b33f [0x000000000323b2c0+0x7f]
J 2278 C1 sun.reflect.NativeMethodAccessorImpl.invoke(Ljava/lang/Object;[Ljava/lang/Object;)Ljava/lang/Object; (104 bytes) @ 0x000000000323cdfc [0x000000000323bc00+0x11fc]
J 2072 C1 sun.reflect.DelegatingMethodAccessorImpl.invoke(Ljava/lang/Object;[Ljava/lang/Object;)Ljava/lang/Object; (10 bytes) @ 0x0000000003197bcc [0x0000000003197ac0+0x10c]
J 1950 C1 java.lang.reflect.Method.invoke(Ljava/lang/Object;[Ljava/lang/Object;)Ljava/lang/Object; (62 bytes) @ 0x0000000003161ff4 [0x0000000003161c00+0x3f4]
j  org.glassfish.jersey.server.model.internal.ResourceMethodInvocationHandlerFactory.lambda$static$0(Ljava/lang/Object;Ljava/lang/reflect/Method;[Ljava/lang/Object;)Ljava/lang/Object;+3
j  org.glassfish.jersey.server.model.internal.ResourceMethodInvocationHandlerFactory$$Lambda$122.invoke(Ljava/lang/Object;Ljava/lang/reflect/Method;[Ljava/lang/Object;)Ljava/lang/Object;+3
j  org.glassfish.jersey.server.model.internal.AbstractJavaResourceMethodDispatcher$1.run()Ljava/lang/Object;+38
j  org.glassfish.jersey.server.model.internal.AbstractJavaResourceMethodDispatcher.invoke(Lorg/glassfish/jersey/server/ContainerRequest;Ljava/lang/Object;[Ljava/lang/Object;)Ljava/lang/Object;+66
j  org.glassfish.jersey.server.model.internal.JavaResourceMethodDispatcherProvider$ResponseOutInvoker.doDispatch(Ljava/lang/Object;Lorg/glassfish/jersey/server/ContainerRequest;)Ljavax/ws/rs/core/Response;+10
j  org.glassfish.jersey.server.model.internal.AbstractJavaResourceMethodDispatcher.dispatch(Ljava/lang/Object;Lorg/glassfish/jersey/server/ContainerRequest;)Ljavax/ws/rs/core/Response;+5
j  org.glassfish.jersey.server.model.ResourceMethodInvoker.invoke(Lorg/glassfish/jersey/server/internal/process/RequestProcessingContext;Ljava/lang/Object;)Ljavax/ws/rs/core/Response;+26
j  org.glassfish.jersey.server.model.ResourceMethodInvoker.apply(Lorg/glassfish/jersey/server/internal/process/RequestProcessingContext;)Lorg/glassfish/jersey/server/ContainerResponse;+100
j  org.glassfish.jersey.server.model.ResourceMethodInvoker.apply(Ljava/lang/Object;)Ljava/lang/Object;+5
j  org.glassfish.jersey.server.ServerRuntime$1.run()V+89
j  org.glassfish.jersey.internal.Errors$1.call()Ljava/lang/Void;+4
j  org.glassfish.jersey.internal.Errors$1.call()Ljava/lang/Object;+1
j  org.glassfish.jersey.internal.Errors.process(Ljava/util/concurrent/Callable;Z)Ljava/lang/Object;+36
j  org.glassfish.jersey.internal.Errors.process(Lorg/glassfish/jersey/internal/util/Producer;Z)Ljava/lang/Object;+2
j  org.glassfish.jersey.internal.Errors.process(Ljava/lang/Runnable;)V+9
j  org.glassfish.jersey.process.internal.RequestScope.runInScope(Lorg/glassfish/jersey/process/internal/RequestContext;Ljava/lang/Runnable;)V+17
j  org.glassfish.jersey.server.ServerRuntime.process(Lorg/glassfish/jersey/server/ContainerRequest;)V+181
j  org.glassfish.jersey.server.ApplicationHandler.handle(Lorg/glassfish/jersey/server/ContainerRequest;)V+13
j  org.glassfish.jersey.servlet.WebComponent.serviceImpl(Ljava/net/URI;Ljava/net/URI;Ljavax/servlet/http/HttpServletRequest;Ljavax/servlet/http/HttpServletResponse;)Lorg/glassfish/jersey/servlet/internal/ResponseWriter;+81
j  org.glassfish.jersey.servlet.WebComponent.service(Ljava/net/URI;Ljava/net/URI;Ljavax/servlet/http/HttpServletRequest;Ljavax/servlet/http/HttpServletResponse;)Lorg/glassfish/jersey/internal/util/collection/Value;+6
j  org.glassfish.jersey.servlet.ServletContainer.service(Ljava/net/URI;Ljava/net/URI;Ljavax/servlet/http/HttpServletRequest;Ljavax/servlet/http/HttpServletResponse;)Lorg/glassfish/jersey/internal/util/collection/Value;+9
j  org.glassfish.jersey.servlet.ServletContainer.service(Ljavax/servlet/http/HttpServletRequest;Ljavax/servlet/http/HttpServletResponse;)V+183
j  org.glassfish.jersey.servlet.ServletContainer.service(Ljavax/servlet/ServletRequest;Ljavax/servlet/ServletResponse;)V+39
j  org.eclipse.jetty.servlet.ServletHolder.handle(Lorg/eclipse/jetty/server/Request;Ljavax/servlet/ServletRequest;Ljavax/servlet/ServletResponse;)V+89
j  org.eclipse.jetty.servlet.ServletHandler$CachedChain.doFilter(Ljavax/servlet/ServletRequest;Ljavax/servlet/ServletResponse;)V+211
j  io.swagger.api.ApiOriginFilter.doFilter(Ljavax/servlet/ServletRequest;Ljavax/servlet/ServletResponse;Ljavax/servlet/FilterChain;)V+42
j  org.eclipse.jetty.servlet.ServletHandler$CachedChain.doFilter(Ljavax/servlet/ServletRequest;Ljavax/servlet/ServletResponse;)V+103
j  org.eclipse.jetty.servlet.ServletHandler.doHandle(Ljava/lang/String;Lorg/eclipse/jetty/server/Request;Ljavax/servlet/http/HttpServletRequest;Ljavax/servlet/http/HttpServletResponse;)V+203
j  org.eclipse.jetty.server.handler.ScopedHandler.handle(Ljava/lang/String;Lorg/eclipse/jetty/server/Request;Ljavax/servlet/http/HttpServletRequest;Ljavax/servlet/http/HttpServletResponse;)V+32
j  org.eclipse.jetty.security.SecurityHandler.handle(Ljava/lang/String;Lorg/eclipse/jetty/server/Request;Ljavax/servlet/http/HttpServletRequest;Ljavax/servlet/http/HttpServletResponse;)V+553
j  org.eclipse.jetty.server.session.SessionHandler.doHandle(Ljava/lang/String;Lorg/eclipse/jetty/server/Request;Ljavax/servlet/http/HttpServletRequest;Ljavax/servlet/http/HttpServletResponse;)V+68
j  org.eclipse.jetty.server.handler.ContextHandler.doHandle(Ljava/lang/String;Lorg/eclipse/jetty/server/Request;Ljavax/servlet/http/HttpServletRequest;Ljavax/servlet/http/HttpServletResponse;)V+349
j  org.eclipse.jetty.servlet.ServletHandler.doScope(Ljava/lang/String;Lorg/eclipse/jetty/server/Request;Ljavax/servlet/http/HttpServletRequest;Ljavax/servlet/http/HttpServletResponse;)V+274
j  org.eclipse.jetty.server.session.SessionHandler.doScope(Ljava/lang/String;Lorg/eclipse/jetty/server/Request;Ljavax/servlet/http/HttpServletRequest;Ljavax/servlet/http/HttpServletResponse;)V+233
j  org.eclipse.jetty.server.handler.ContextHandler.doScope(Ljava/lang/String;Lorg/eclipse/jetty/server/Request;Ljavax/servlet/http/HttpServletRequest;Ljavax/servlet/http/HttpServletResponse;)V+437
j  org.eclipse.jetty.server.handler.ScopedHandler.handle(Ljava/lang/String;Lorg/eclipse/jetty/server/Request;Ljavax/servlet/http/HttpServletRequest;Ljavax/servlet/http/HttpServletResponse;)V+20
j  org.eclipse.jetty.server.handler.ContextHandlerCollection.handle(Ljava/lang/String;Lorg/eclipse/jetty/server/Request;Ljavax/servlet/http/HttpServletRequest;Ljavax/servlet/http/HttpServletResponse;)V+224
j  org.eclipse.jetty.server.handler.HandlerCollection.handle(Ljava/lang/String;Lorg/eclipse/jetty/server/Request;Ljavax/servlet/http/HttpServletRequest;Ljavax/servlet/http/HttpServletResponse;)V+42
j  org.eclipse.jetty.server.handler.HandlerWrapper.handle(Ljava/lang/String;Lorg/eclipse/jetty/server/Request;Ljavax/servlet/http/HttpServletRequest;Ljavax/servlet/http/HttpServletResponse;)V+23
j  org.eclipse.jetty.server.Server.handle(Lorg/eclipse/jetty/server/HttpChannel;)V+130
j  org.eclipse.jetty.server.HttpChannel.handle()Z+301
j  org.eclipse.jetty.server.HttpConnection.onFillable()V+189
j  org.eclipse.jetty.io.AbstractConnection$2.run()V+4
j  org.eclipse.jetty.util.thread.QueuedThreadPool.runJob(Ljava/lang/Runnable;)V+1
j  org.eclipse.jetty.util.thread.QueuedThreadPool$3.run()V+75
j  java.lang.Thread.run()V+11
v  ~StubRoutines::call_stub

---------------  P R O C E S S  ---------------

Java Threads: ( => current thread )
  0x0000000021f2d000 JavaThread "Scheduler-1468331705" [_thread_blocked, id=5752, stack(0x0000000030580000,0x0000000030680000)]
  0x0000000021f2b000 JavaThread "org.eclipse.jetty.server.session.HashSessionManager@4ff00844Timer" daemon [_thread_blocked, id=13388, stack(0x000000002fb40000,0x000000002fc40000)]
=>0x0000000021f28000 JavaThread "qtp2085001212-26" [_thread_in_native, id=5772, stack(0x0000000027bc0000,0x0000000027cc0000)]
  0x0000000021f23800 JavaThread "qtp2085001212-25" [_thread_blocked, id=18508, stack(0x0000000026af0000,0x0000000026bf0000)]
  0x0000000021f24000 JavaThread "qtp2085001212-24-acceptor-0@717c74f4-ServerConnector@6ca6cc1c{HTTP/1.1}{0.0.0.0:8080}" [_thread_in_native, id=19888, stack(0x00000000269f0000,0x0000000026af0000)]
  0x0000000021f26800 JavaThread "qtp2085001212-22-selector-ServerConnectorManager@5f4c7e74/2" [_thread_in_native, id=17524, stack(0x00000000265f0000,0x00000000266f0000)]
  0x0000000021f22800 JavaThread "qtp2085001212-21" [_thread_blocked, id=21772, stack(0x00000000264f0000,0x00000000265f0000)]
  0x0000000021f25000 JavaThread "qtp2085001212-20" [_thread_blocked, id=21964, stack(0x00000000262f0000,0x00000000263f0000)]
  0x0000000021f22000 JavaThread "qtp2085001212-19-selector-ServerConnectorManager@5f4c7e74/3" [_thread_in_native, id=23632, stack(0x00000000261f0000,0x00000000262f0000)]
  0x0000000021f27000 JavaThread "qtp2085001212-18-selector-ServerConnectorManager@5f4c7e74/1" [_thread_in_native, id=15344, stack(0x00000000260f0000,0x00000000261f0000)]
  0x000000001f77a800 JavaThread "qtp2085001212-17-selector-ServerConnectorManager@5f4c7e74/0" [_thread_in_native, id=25708, stack(0x0000000025ff0000,0x00000000260f0000)]
  0x000000001f779800 JavaThread "qtp2085001212-16" [_thread_blocked, id=9856, stack(0x0000000025ef0000,0x0000000025ff0000)]
  0x000000001f778000 JavaThread "qtp2085001212-15" [_thread_blocked, id=16376, stack(0x0000000025df0000,0x0000000025ef0000)]
  0x000000001f77b000 JavaThread "ShutdownMonitor" daemon [_thread_in_native, id=22620, stack(0x0000000025cf0000,0x0000000025df0000)]
  0x000000001e492800 JavaThread "Service Thread" daemon [_thread_blocked, id=22092, stack(0x000000001efe0000,0x000000001f0e0000)]
  0x000000001e407800 JavaThread "C1 CompilerThread3" daemon [_thread_blocked, id=3128, stack(0x000000001eee0000,0x000000001efe0000)]
  0x000000001e403000 JavaThread "C2 CompilerThread2" daemon [_thread_blocked, id=11864, stack(0x000000001ede0000,0x000000001eee0000)]
  0x000000001e402800 JavaThread "C2 CompilerThread1" daemon [_thread_blocked, id=11172, stack(0x000000001ece0000,0x000000001ede0000)]
  0x000000001e3fc800 JavaThread "C2 CompilerThread0" daemon [_thread_blocked, id=17832, stack(0x000000001ebe0000,0x000000001ece0000)]
  0x000000001e3f9800 JavaThread "Attach Listener" daemon [_thread_blocked, id=6360, stack(0x000000001eae0000,0x000000001ebe0000)]
  0x000000001c4ee800 JavaThread "Signal Dispatcher" daemon [_thread_blocked, id=20448, stack(0x000000001e9e0000,0x000000001eae0000)]
  0x000000001e3f0800 JavaThread "Finalizer" daemon [_thread_blocked, id=4468, stack(0x000000001e7d0000,0x000000001e8d0000)]
  0x0000000002ab9000 JavaThread "Reference Handler" daemon [_thread_blocked, id=24472, stack(0x000000001e2d0000,0x000000001e3d0000)]
  0x00000000029c2800 JavaThread "main" [_thread_blocked, id=24636, stack(0x00000000028c0000,0x00000000029c0000)]

Other Threads:
  0x000000001c4da000 VMThread [stack: 0x000000001e1d0000,0x000000001e2d0000] [id=5124]
  0x000000001e4c5800 WatcherThread [stack: 0x000000001f0e0000,0x000000001f1e0000] [id=15092]

VM state:not at safepoint (normal execution)

VM Mutex/Monitor currently owned by a thread: None

Heap:
 PSYoungGen      total 161280K, used 58972K [0x000000076b400000, 0x000000077bf80000, 0x00000007c0000000)
  eden space 128512K, 45% used [0x000000076b400000,0x000000076ed973d8,0x0000000773180000)
  from space 32768K, 0% used [0x0000000773180000,0x0000000773180000,0x0000000775180000)
  to   space 43008K, 0% used [0x0000000779580000,0x0000000779580000,0x000000077bf80000)
 ParOldGen       total 198144K, used 54265K [0x00000006c1c00000, 0x00000006cdd80000, 0x000000076b400000)
  object space 198144K, 27% used [0x00000006c1c00000,0x00000006c50fe5e0,0x00000006cdd80000)
 Metaspace       used 42892K, capacity 44360K, committed 44416K, reserved 1087488K
  class space    used 5131K, capacity 5492K, committed 5504K, reserved 1048576K

Card table byte_map: [0x0000000011e80000,0x0000000012680000] byte_map_base: 0x000000000e872000

Marking Bits: (ParMarkBitMap*) 0x000000005fc62d00
 Begin Bits: [0x00000000133d0000, 0x0000000017360000)
 End Bits:   [0x0000000017360000, 0x000000001b2f0000)

Polling page: 0x0000000000960000

CodeCache: size=245760Kb used=22342Kb max_used=22479Kb free=223417Kb
 bounds [0x0000000002ac0000, 0x0000000004100000, 0x0000000011ac0000]
 total_blobs=6585 nmethods=6093 adapters=404
 compilation: enabled

Compilation events (10 events):
Event: 25.111 Thread 0x000000001e407800 7165       1       org.jvnet.mimepull.MIMEParser::access$900 (5 bytes)
Event: 25.112 Thread 0x000000001e407800 nmethod 7165 0x0000000002c44950 code [0x0000000002c44aa0, 0x0000000002c44b90]
Event: 25.115 Thread 0x000000001e407800 7166       1       java.util.logging.LogManager::access$1400 (5 bytes)
Event: 25.115 Thread 0x000000001e407800 nmethod 7166 0x000000000388eb90 code [0x000000000388ece0, 0x000000000388edd0]
Event: 25.127 Thread 0x000000001e3fc800 nmethod 7162 0x00000000035b1e50 code [0x00000000035b2080, 0x00000000035b3430]
Event: 25.127 Thread 0x000000001e402800 nmethod 7163 0x0000000002be9650 code [0x0000000002be9880, 0x0000000002beac70]
Event: 25.196 Thread 0x000000001e407800 7167       3       org.glassfish.hk2.utilities.reflection.TypeChecker::isRawTypeSafe (478 bytes)
Event: 25.201 Thread 0x000000001e402800 7173       4       java.util.concurrent.ConcurrentHashMap::containsKey (14 bytes)
Event: 25.201 Thread 0x000000001e407800 nmethod 7167 0x00000000037fb7d0 code [0x00000000037fbee0, 0x0000000003801ed8]
Event: 25.201 Thread 0x000000001e407800 7169       3       java.util.WeakHashMap::newTable (8 bytes)

GC Heap History (10 events):
Event: 7.145 GC heap before
{Heap before GC invocations=7 (full 1):
 PSYoungGen      total 76288K, used 76269K [0x000000076b400000, 0x0000000772980000, 0x00000007c0000000)
  eden space 65536K, 100% used [0x000000076b400000,0x000000076f400000,0x000000076f400000)
  from space 10752K, 99% used [0x000000076f400000,0x000000076fe7b7e8,0x000000076fe80000)
  to   space 13824K, 0% used [0x0000000771c00000,0x0000000771c00000,0x0000000772980000)
 ParOldGen       total 118272K, used 14852K [0x00000006c1c00000, 0x00000006c8f80000, 0x000000076b400000)
  object space 118272K, 12% used [0x00000006c1c00000,0x00000006c2a810e8,0x00000006c8f80000)
 Metaspace       used 24509K, capacity 25220K, committed 25344K, reserved 1071104K
  class space    used 2825K, capacity 3005K, committed 3072K, reserved 1048576K
Event: 7.158 GC heap after
Heap after GC invocations=7 (full 1):
 PSYoungGen      total 104960K, used 13822K [0x000000076b400000, 0x0000000772d80000, 0x00000007c0000000)
  eden space 91136K, 0% used [0x000000076b400000,0x000000076b400000,0x0000000770d00000)
  from space 13824K, 99% used [0x0000000771c00000,0x000000077297fb48,0x0000000772980000)
  to   space 15360K, 0% used [0x0000000770d00000,0x0000000770d00000,0x0000000771c00000)
 ParOldGen       total 118272K, used 15058K [0x00000006c1c00000, 0x00000006c8f80000, 0x000000076b400000)
  object space 118272K, 12% used [0x00000006c1c00000,0x00000006c2ab48b8,0x00000006c8f80000)
 Metaspace       used 24509K, capacity 25220K, committed 25344K, reserved 1071104K
  class space    used 2825K, capacity 3005K, committed 3072K, reserved 1048576K
}
Event: 8.173 GC heap before
{Heap before GC invocations=8 (full 1):
 PSYoungGen      total 104960K, used 104958K [0x000000076b400000, 0x0000000772d80000, 0x00000007c0000000)
  eden space 91136K, 100% used [0x000000076b400000,0x0000000770d00000,0x0000000770d00000)
  from space 13824K, 99% used [0x0000000771c00000,0x000000077297fb48,0x0000000772980000)
  to   space 15360K, 0% used [0x0000000770d00000,0x0000000770d00000,0x0000000771c00000)
 ParOldGen       total 118272K, used 15080K [0x00000006c1c00000, 0x00000006c8f80000, 0x000000076b400000)
  object space 118272K, 12% used [0x00000006c1c00000,0x00000006c2aba048,0x00000006c8f80000)
 Metaspace       used 28486K, capacity 29264K, committed 29440K, reserved 1075200K
  class space    used 3256K, capacity 3461K, committed 3584K, reserved 1048576K
Event: 8.203 GC heap after
Heap after GC invocations=8 (full 1):
 PSYoungGen      total 106496K, used 15347K [0x000000076b400000, 0x0000000776680000, 0x00000007c0000000)
  eden space 91136K, 0% used [0x000000076b400000,0x000000076b400000,0x0000000770d00000)
  from space 15360K, 99% used [0x0000000770d00000,0x0000000771bfcf58,0x0000000771c00000)
  to   space 21504K, 0% used [0x0000000775180000,0x0000000775180000,0x0000000776680000)
 ParOldGen       total 118272K, used 25174K [0x00000006c1c00000, 0x00000006c8f80000, 0x000000076b400000)
  object space 118272K, 21% used [0x00000006c1c00000,0x00000006c3495b50,0x00000006c8f80000)
 Metaspace       used 28486K, capacity 29264K, committed 29440K, reserved 1075200K
  class space    used 3256K, capacity 3461K, committed 3584K, reserved 1048576K
}
Event: 8.598 GC heap before
{Heap before GC invocations=9 (full 1):
 PSYoungGen      total 106496K, used 106483K [0x000000076b400000, 0x0000000776680000, 0x00000007c0000000)
  eden space 91136K, 100% used [0x000000076b400000,0x0000000770d00000,0x0000000770d00000)
  from space 15360K, 99% used [0x0000000770d00000,0x0000000771bfcf58,0x0000000771c00000)
  to   space 21504K, 0% used [0x0000000775180000,0x0000000775180000,0x0000000776680000)
 ParOldGen       total 118272K, used 25184K [0x00000006c1c00000, 0x00000006c8f80000, 0x000000076b400000)
  object space 118272K, 21% used [0x00000006c1c00000,0x00000006c3498218,0x00000006c8f80000)
 Metaspace       used 28522K, capacity 29328K, committed 29696K, reserved 1075200K
  class space    used 3257K, capacity 3461K, committed 3584K, reserved 1048576K
Event: 8.653 GC heap after
Heap after GC invocations=9 (full 1):
 PSYoungGen      total 150016K, used 21489K [0x000000076b400000, 0x0000000779200000, 0x00000007c0000000)
  eden space 128512K, 0% used [0x000000076b400000,0x000000076b400000,0x0000000773180000)
  from space 21504K, 99% used [0x0000000775180000,0x000000077667c7b0,0x0000000776680000)
  to   space 32768K, 0% used [0x0000000773180000,0x0000000773180000,0x0000000775180000)
 ParOldGen       total 118272K, used 44599K [0x00000006c1c00000, 0x00000006c8f80000, 0x000000076b400000)
  object space 118272K, 37% used [0x00000006c1c00000,0x00000006c478def0,0x00000006c8f80000)
 Metaspace       used 28522K, capacity 29328K, committed 29696K, reserved 1075200K
  class space    used 3257K, capacity 3461K, committed 3584K, reserved 1048576K
}
Event: 9.989 GC heap before
{Heap before GC invocations=10 (full 1):
 PSYoungGen      total 150016K, used 150001K [0x000000076b400000, 0x0000000779200000, 0x00000007c0000000)
  eden space 128512K, 100% used [0x000000076b400000,0x0000000773180000,0x0000000773180000)
  from space 21504K, 99% used [0x0000000775180000,0x000000077667c7b0,0x0000000776680000)
  to   space 32768K, 0% used [0x0000000773180000,0x0000000773180000,0x0000000775180000)
 ParOldGen       total 118272K, used 44599K [0x00000006c1c00000, 0x00000006c8f80000, 0x000000076b400000)
  object space 118272K, 37% used [0x00000006c1c00000,0x00000006c478def0,0x00000006c8f80000)
 Metaspace       used 34097K, capacity 35288K, committed 35456K, reserved 1081344K
  class space    used 4041K, capacity 4357K, committed 4480K, reserved 1048576K
Event: 10.040 GC heap after
Heap after GC invocations=10 (full 1):
 PSYoungGen      total 161280K, used 32741K [0x000000076b400000, 0x000000077bf80000, 0x00000007c0000000)
  eden space 128512K, 0% used [0x000000076b400000,0x000000076b400000,0x0000000773180000)
  from space 32768K, 99% used [0x0000000773180000,0x0000000775179540,0x0000000775180000)
  to   space 43008K, 0% used [0x0000000779580000,0x0000000779580000,0x000000077bf80000)
 ParOldGen       total 118272K, used 58129K [0x00000006c1c00000, 0x00000006c8f80000, 0x000000076b400000)
  object space 118272K, 49% used [0x00000006c1c00000,0x00000006c54c4568,0x00000006c8f80000)
 Metaspace       used 34097K, capacity 35288K, committed 35456K, reserved 1081344K
  class space    used 4041K, capacity 4357K, committed 4480K, reserved 1048576K
}
Event: 10.040 GC heap before
{Heap before GC invocations=11 (full 2):
 PSYoungGen      total 161280K, used 32741K [0x000000076b400000, 0x000000077bf80000, 0x00000007c0000000)
  eden space 128512K, 0% used [0x000000076b400000,0x000000076b400000,0x0000000773180000)
  from space 32768K, 99% used [0x0000000773180000,0x0000000775179540,0x0000000775180000)
  to   space 43008K, 0% used [0x0000000779580000,0x0000000779580000,0x000000077bf80000)
 ParOldGen       total 118272K, used 58129K [0x00000006c1c00000, 0x00000006c8f80000, 0x000000076b400000)
  object space 118272K, 49% used [0x00000006c1c00000,0x00000006c54c4568,0x00000006c8f80000)
 Metaspace       used 34097K, capacity 35288K, committed 35456K, reserved 1081344K
  class space    used 4041K, capacity 4357K, committed 4480K, reserved 1048576K
Event: 10.108 GC heap after
Heap after GC invocations=11 (full 2):
 PSYoungGen      total 161280K, used 0K [0x000000076b400000, 0x000000077bf80000, 0x00000007c0000000)
  eden space 128512K, 0% used [0x000000076b400000,0x000000076b400000,0x0000000773180000)
  from space 32768K, 0% used [0x0000000773180000,0x0000000773180000,0x0000000775180000)
  to   space 43008K, 0% used [0x0000000779580000,0x0000000779580000,0x000000077bf80000)
 ParOldGen       total 198144K, used 54265K [0x00000006c1c00000, 0x00000006cdd80000, 0x000000076b400000)
  object space 198144K, 27% used [0x00000006c1c00000,0x00000006c50fe5e0,0x00000006cdd80000)
 Metaspace       used 34097K, capacity 35288K, committed 35456K, reserved 1081344K
  class space    used 4041K, capacity 4357K, committed 4480K, reserved 1048576K
}

Deoptimization events (10 events):
Event: 25.103 Thread 0x0000000021f28000 Uncommon trap: reason=class_check action=maybe_recompile pc=0x0000000003223e10 method=java.util.Collections$UnmodifiableMap$UnmodifiableEntrySet$1.hasNext()Z @ 4
Event: 25.103 Thread 0x0000000021f28000 Uncommon trap: reason=class_check action=maybe_recompile pc=0x00000000031f2034 method=java.util.Collections$UnmodifiableMap$UnmodifiableEntrySet$1.next()Ljava/util/Map$Entry; @ 8
Event: 25.103 Thread 0x0000000021f28000 Uncommon trap: reason=class_check action=maybe_recompile pc=0x00000000031e8f48 method=java.util.Collections$UnmodifiableMap$UnmodifiableEntrySet$UnmodifiableEntry.getKey()Ljava/lang/Object; @ 4
Event: 25.103 Thread 0x0000000021f28000 Uncommon trap: reason=class_check action=maybe_recompile pc=0x00000000031eef88 method=java.util.Collections$UnmodifiableMap$UnmodifiableEntrySet$UnmodifiableEntry.getValue()Ljava/lang/Object; @ 4
Event: 25.103 Thread 0x0000000021f28000 Uncommon trap: reason=class_check action=maybe_recompile pc=0x0000000003223e10 method=java.util.Collections$UnmodifiableMap$UnmodifiableEntrySet$1.hasNext()Z @ 4
Event: 25.111 Thread 0x0000000021f28000 Uncommon trap: reason=unstable_if action=reinterpret pc=0x0000000002e3fa2c method=java.lang.StringCoding.decode(Ljava/lang/String;[BII)[C @ 51
Event: 25.111 Thread 0x0000000021f28000 Uncommon trap: reason=class_check action=maybe_recompile pc=0x0000000002c2a3b4 method=java.lang.StringCoding$StringDecoder.decode([BII)[C @ 30
Event: 25.111 Thread 0x0000000021f28000 Uncommon trap: reason=class_check action=maybe_recompile pc=0x0000000002fe1d34 method=java.lang.StringCoding$StringDecoder.decode([BII)[C @ 30
Event: 25.189 Thread 0x0000000021f28000 Uncommon trap: reason=class_check action=maybe_recompile pc=0x0000000002fe1d60 method=java.lang.StringCoding$StringDecoder.charsetName()Ljava/lang/String; @ 4
Event: 25.200 Thread 0x0000000021f28000 Uncommon trap: reason=unstable_if action=reinterpret pc=0x0000000003f5cc30 method=sun.reflect.annotation.AnnotationInvocationHandler.invoke(Ljava/lang/Object;Ljava/lang/reflect/Method;[Ljava/lang/Object;)Ljava/lang/Object; @ 19

Classes redefined (0 events):
No events

Internal exceptions (10 events):
Event: 7.932 Thread 0x00000000029c2800 Exception <a 'java/lang/ClassNotFoundException': sun/net/www/protocol/c/Handler> (0x000000076ee73d28) thrown at [C:\re\workspace\8-2-build-windows-amd64-cygwin\jdk8u181\11358\hotspot\src\share\vm\classfile\systemDictionary.cpp, line 210]
Event: 8.016 Thread 0x000000001f779800 Implicit null exception at 0x00000000037878d9 to 0x00000000037880c1
Event: 8.016 Thread 0x0000000021f22800 Implicit null exception at 0x0000000002f48f0c to 0x0000000002f49609
Event: 8.016 Thread 0x0000000021f26800 Implicit null exception at 0x00000000037878d9 to 0x00000000037880c1
Event: 8.016 Thread 0x0000000021f22000 Implicit null exception at 0x00000000037878d9 to 0x00000000037880c1
Event: 8.016 Thread 0x000000001f778000 Implicit null exception at 0x00000000037878d9 to 0x00000000037880c1
Event: 9.595 Thread 0x00000000029c2800 Exception <a 'java/lang/NoSuchFieldError': method resolution failed> (0x000000077148c858) thrown at [C:\re\workspace\8-2-build-windows-amd64-cygwin\jdk8u181\11358\hotspot\src\share\vm\prims\methodHandles.cpp, line 1167]
Event: 9.596 Thread 0x00000000029c2800 Exception <a 'java/lang/NoSuchFieldError': method resolution failed> (0x000000077149a2e8) thrown at [C:\re\workspace\8-2-build-windows-amd64-cygwin\jdk8u181\11358\hotspot\src\share\vm\prims\methodHandles.cpp, line 1167]
Event: 10.290 Thread 0x00000000029c2800 Exception <a 'java/lang/NoSuchMethodError': java.lang.Object.lambda$and$0(Ljava/util/function/Predicate;Ljava/lang/Object;)Z> (0x000000076c0d2d08) thrown at [C:\re\workspace\8-2-build-windows-amd64-cygwin\jdk8u181\11358\hotspot\src\share\vm\interpreter\li
Event: 10.349 Thread 0x00000000029c2800 Exception <a 'java/lang/NoSuchMethodError': java.lang.Object.lambda$comparingInt$7b0bb60$1(Ljava/util/function/ToIntFunction;Ljava/lang/Object;Ljava/lang/Object;)I> (0x000000076c4338a8) thrown at [C:\re\workspace\8-2-build-windows-amd64-cygwin\jdk8u181\11

Events (10 events):
Event: 25.200 Thread 0x0000000021f28000 DEOPT UNPACKING pc=0x0000000002b0583b sp=0x0000000027cbd328 mode 2
Event: 25.200 loading class sun/reflect/annotation/AnnotationInvocationHandler$1
Event: 25.200 loading class sun/reflect/annotation/AnnotationInvocationHandler$1 done
Event: 25.200 Executing VM operation: RevokeBias
Event: 25.200 Executing VM operation: RevokeBias done
Event: 25.201 Executing VM operation: RevokeBias
Event: 25.201 Executing VM operation: RevokeBias done
Event: 25.201 Executing VM operation: RevokeBias
Event: 25.201 Executing VM operation: RevokeBias done
Event: 25.201 Thread 0x000000001e407800 flushing nmethod 0x00000000030b8150


Dynamic libraries:
0x00007ff6db960000 - 0x00007ff6db997000 	C:\Program Files\Java\jdk1.8.0_181\bin\java.exe
0x00007fffd04e0000 - 0x00007fffd06c1000 	C:\WINDOWS\SYSTEM32\ntdll.dll
0x00007fffd0210000 - 0x00007fffd02c2000 	C:\WINDOWS\System32\KERNEL32.DLL
0x00007fffccd70000 - 0x00007fffccfe3000 	C:\WINDOWS\System32\KERNELBASE.dll
0x00007fffcdfa0000 - 0x00007fffce041000 	C:\WINDOWS\System32\ADVAPI32.dll
0x00007fffcf960000 - 0x00007fffcf9fe000 	C:\WINDOWS\System32\msvcrt.dll
0x00007fffd02d0000 - 0x00007fffd032b000 	C:\WINDOWS\System32\sechost.dll
0x00007fffcdb90000 - 0x00007fffcdcb4000 	C:\WINDOWS\System32\RPCRT4.dll
0x00007fffcd970000 - 0x00007fffcdb00000 	C:\WINDOWS\System32\USER32.dll
0x00007fffcd950000 - 0x00007fffcd970000 	C:\WINDOWS\System32\win32u.dll
0x00007fffd01e0000 - 0x00007fffd0208000 	C:\WINDOWS\System32\GDI32.dll
0x00007fffcca80000 - 0x00007fffccc12000 	C:\WINDOWS\System32\gdi32full.dll
0x00007fffcc9e0000 - 0x00007fffcca7f000 	C:\WINDOWS\System32\msvcp_win.dll
0x00007fffccc20000 - 0x00007fffccd1a000 	C:\WINDOWS\System32\ucrtbase.dll
0x00007fffc2540000 - 0x00007fffc27a9000 	C:\WINDOWS\WinSxS\amd64_microsoft.windows.common-controls_6595b64144ccf1df_6.0.17134.407_none_fb449d63306391e9\COMCTL32.dll
0x00007fffcfeb0000 - 0x00007fffd01d2000 	C:\WINDOWS\System32\combase.dll
0x00007fffcc8b0000 - 0x00007fffcc92a000 	C:\WINDOWS\System32\bcryptPrimitives.dll
0x00007fffcdf70000 - 0x00007fffcdf9d000 	C:\WINDOWS\System32\IMM32.DLL
0x000000005f210000 - 0x000000005f2e2000 	C:\Program Files\Java\jdk1.8.0_181\jre\bin\msvcr100.dll
0x000000005f440000 - 0x000000005fce2000 	C:\Program Files\Java\jdk1.8.0_181\jre\bin\server\jvm.dll
0x00007fffce100000 - 0x00007fffce108000 	C:\WINDOWS\System32\PSAPI.DLL
0x00007fffc9210000 - 0x00007fffc9219000 	C:\WINDOWS\SYSTEM32\WSOCK32.dll
0x00007fffc85a0000 - 0x00007fffc85aa000 	C:\WINDOWS\SYSTEM32\VERSION.dll
0x00007fffca7f0000 - 0x00007fffca813000 	C:\WINDOWS\SYSTEM32\WINMM.dll
0x00007fffcf790000 - 0x00007fffcf7fc000 	C:\WINDOWS\System32\WS2_32.dll
0x00007fffca440000 - 0x00007fffca46a000 	C:\WINDOWS\SYSTEM32\winmmbase.dll
0x00007fffccd20000 - 0x00007fffccd69000 	C:\WINDOWS\System32\cfgmgr32.dll
0x00000000600b0000 - 0x00000000600bf000 	C:\Program Files\Java\jdk1.8.0_181\jre\bin\verify.dll
0x000000005f410000 - 0x000000005f439000 	C:\Program Files\Java\jdk1.8.0_181\jre\bin\java.dll
0x000000005f3f0000 - 0x000000005f406000 	C:\Program Files\Java\jdk1.8.0_181\jre\bin\zip.dll
0x00007fffce110000 - 0x00007fffcf54f000 	C:\WINDOWS\System32\SHELL32.dll
0x00007fffce050000 - 0x00007fffce0f9000 	C:\WINDOWS\System32\shcore.dll
0x00007fffccff0000 - 0x00007fffcd6fd000 	C:\WINDOWS\System32\windows.storage.dll
0x00007fffcde20000 - 0x00007fffcde71000 	C:\WINDOWS\System32\shlwapi.dll
0x00007fffcc890000 - 0x00007fffcc8a1000 	C:\WINDOWS\System32\kernel.appcore.dll
0x00007fffcc850000 - 0x00007fffcc86f000 	C:\WINDOWS\System32\profapi.dll
0x00007fffcc800000 - 0x00007fffcc84c000 	C:\WINDOWS\System32\powrprof.dll
0x00007fffcc7f0000 - 0x00007fffcc7fa000 	C:\WINDOWS\System32\FLTLIB.DLL
0x00007fffc9410000 - 0x00007fffc941a000 	D:\Programmi\apache-maven-3.6.0-bin\apache-maven-3.6.0\lib\jansi-native\windows64\jansi.dll
0x000000005f3d0000 - 0x000000005f3ea000 	C:\Program Files\Java\jdk1.8.0_181\jre\bin\net.dll
0x00007fffcc010000 - 0x00007fffcc076000 	C:\WINDOWS\system32\mswsock.dll
0x000000005f3b0000 - 0x000000005f3c1000 	C:\Program Files\Java\jdk1.8.0_181\jre\bin\nio.dll
0x000000005f3a0000 - 0x000000005f3ad000 	C:\Program Files\Java\jdk1.8.0_181\jre\bin\management.dll
0x00007fffcc1d0000 - 0x00007fffcc1e7000 	C:\WINDOWS\SYSTEM32\CRYPTSP.dll
0x00007fffcbbf0000 - 0x00007fffcbc23000 	C:\WINDOWS\system32\rsaenh.dll
0x00007fffcc2f0000 - 0x00007fffcc315000 	C:\WINDOWS\SYSTEM32\bcrypt.dll
0x00007fffcc6f0000 - 0x00007fffcc718000 	C:\WINDOWS\SYSTEM32\USERENV.dll
0x00007fffcc1c0000 - 0x00007fffcc1cb000 	C:\WINDOWS\SYSTEM32\CRYPTBASE.dll
0x00007fffcbd90000 - 0x00007fffcbdc8000 	C:\WINDOWS\SYSTEM32\IPHLPAPI.DLL
0x00007fffcdb80000 - 0x00007fffcdb88000 	C:\WINDOWS\System32\NSI.dll
0x00007fffc6750000 - 0x00007fffc6766000 	C:\WINDOWS\SYSTEM32\dhcpcsvc6.DLL
0x00007fffc6850000 - 0x00007fffc686a000 	C:\WINDOWS\SYSTEM32\dhcpcsvc.DLL
0x00007fffc5980000 - 0x00007fffc59a8000 	D:\github\plathea\jaxrs-jersey-server-generated\src\main\java\io\core\InterfaceJNI_DLL.dll
0x00007fffbfb50000 - 0x00007fffbfb71000 	C:\WINDOWS\SYSTEM32\VCRUNTIME140D.dll
0x00007fff99af0000 - 0x00007fff99be4000 	C:\WINDOWS\SYSTEM32\MSVCP140D.dll
0x00007fff82a80000 - 0x00007fff82c3d000 	C:\WINDOWS\SYSTEM32\ucrtbased.dll
0x00007fff61560000 - 0x00007fff6192c000 	D:\github\plathea\jaxrs-jersey-server-generated\PlatheaDLL.dll
0x00007fffcde80000 - 0x00007fffcdf6d000 	C:\WINDOWS\System32\COMDLG32.dll
0x00007fffcdcc0000 - 0x00007fffcde11000 	C:\WINDOWS\System32\ole32.dll
0x00007fff81f60000 - 0x00007fff82068000 	D:\github\plathea\jaxrs-jersey-server-generated\opencv_video310d.dll
0x00007fff5f210000 - 0x00007fff601ae000 	D:\github\plathea\jaxrs-jersey-server-generated\opencv_core310d.dll
0x00007fff74530000 - 0x00007fff746dc000 	D:\github\plathea\jaxrs-jersey-server-generated\opencv_ml310d.dll
0x00007fffa8ae0000 - 0x00007fffa8b46000 	D:\github\plathea\jaxrs-jersey-server-generated\opencv_highgui310d.dll
0x00007fff81dc0000 - 0x00007fff81f54000 	D:\github\plathea\jaxrs-jersey-server-generated\opencv_objdetect310d.dll
0x00007fff5ee30000 - 0x00007fff5f204000 	D:\github\plathea\jaxrs-jersey-server-generated\opencv_calib3d310d.dll
0x00007fff5cc60000 - 0x00007fff5ee2b000 	D:\github\plathea\jaxrs-jersey-server-generated\opencv_imgproc310d.dll
0x00007fffa29c0000 - 0x00007fffa2a76000 	C:\WINDOWS\SYSTEM32\CONCRT140D.dll
0x00007fffa26d0000 - 0x00007fffa2782000 	D:\github\plathea\jaxrs-jersey-server-generated\opencv_videoio310d.dll
0x00007fffcf820000 - 0x00007fffcf8e2000 	C:\WINDOWS\System32\OLEAUT32.dll
0x00007fff5c700000 - 0x00007fff5cc5e000 	D:\github\plathea\jaxrs-jersey-server-generated\opencv_imgcodecs310d.dll
0x00007fff6dae0000 - 0x00007fff6dd05000 	D:\github\plathea\jaxrs-jersey-server-generated\opencv_features2d310d.dll
0x00007fffbf8b0000 - 0x00007fffbf8d9000 	C:\WINDOWS\SYSTEM32\MSVFW32.dll
0x00007fffc5a30000 - 0x00007fffc5a4f000 	C:\WINDOWS\SYSTEM32\AVIFIL32.dll
0x00007fffc4170000 - 0x00007fffc4188000 	C:\WINDOWS\SYSTEM32\AVICAP32.dll
0x00007fffc9360000 - 0x00007fffc937c000 	C:\WINDOWS\SYSTEM32\MSACM32.dll
0x00007fff743b0000 - 0x00007fff7452d000 	D:\github\plathea\jaxrs-jersey-server-generated\opencv_flann310d.dll
0x00007fffb68c0000 - 0x00007fffb6a89000 	C:\WINDOWS\SYSTEM32\dbghelp.dll

VM Arguments:
jvm_args: -Dclassworlds.conf=D:\Programmi\apache-maven-3.6.0-bin\apache-maven-3.6.0\bin\..\bin\m2.conf -Dmaven.home=D:\Programmi\apache-maven-3.6.0-bin\apache-maven-3.6.0\bin\.. -Dlibrary.jansi.path=D:\Programmi\apache-maven-3.6.0-bin\apache-maven-3.6.0\bin\..\lib\jansi-native -Dmaven.multiModuleProjectDirectory=D:\github\plathea\jaxrs-jersey-server-generated 
java_command: org.codehaus.plexus.classworlds.launcher.Launcher clean package jetty:run
java_class_path (initial): D:\Programmi\apache-maven-3.6.0-bin\apache-maven-3.6.0\bin\..\boot\plexus-classworlds-2.5.2.jar
Launcher Type: SUN_STANDARD

Environment Variables:
JAVA_HOME=C:\Program Files\Java\jdk1.8.0_181
PATH=C:\Program Files (x86)\Common Files\Oracle\Java\javapath;C:\Users\jack1\Desktop\plathea-code-22-trunk\plathea-code-22-trunk\opencv-master\build\install_release\x64\vc12\bin;C:\WINDOWS\system32;C:\WINDOWS;C:\WINDOWS\System32\Wbem;C:\WINDOWS\System32\WindowsPowerShell\v1.0\;C:\Program Files\Git\cmd;C:\Program Files\nodejs\;C:\Program Files\PuTTY\;C:\Users\jack1\AppData\Local\Microsoft\WindowsApps;C:\Users\jack1\AppData\Roaming\npm;C:\Users\jack1\AppData\Local\atom\bin;C:\adb;C:\WINDOWS\system32;C:\WINDOWS;C:\WINDOWS\System32\Wbem;C:\WINDOWS\System32\WindowsPowerShell\v1.0\;C:\WINDOWS\System32\OpenSSH\;C:\Users\jack1\Desktop\plathea-code-22-trunk\plathea-code-22-trunk\opencv-master\build\install_debug\x64\vc12\bin;C:\Users\jack1\AppData\Local\Microsoft\WindowsApps;C:\Users\jack1\AppData\Roaming\npm;C:\Users\jack1\AppData\Local\atom\bin;C:\Users\jack1\AppData\Local\Microsoft\WindowsApps;C:\Program Files\LLVM\bin;C:\ProgramData\jack1\atom\bin;C:\Program Files\Java\jdk1.8.0_181\bin;C:\Program Files\mingw-w64\x86_64-8.1.0-win32-seh-rt_v6-rev0\mingw64\bin;D:\Programmi\apache-maven-3.6.0-bin\apache-maven-3.6.0\bin;D:\github\plathea\LeoStormLibrary\LeoStormWindowsLib;
USERNAME=jack1
OS=Windows_NT
PROCESSOR_IDENTIFIER=Intel64 Family 6 Model 58 Stepping 9, GenuineIntel



---------------  S Y S T E M  ---------------

OS: Windows 10.0 , 64 bit Build 17134 (10.0.17134.1)

CPU:total 8 (initial active 8) (4 cores per cpu, 2 threads per core) family 6 model 58 stepping 9, cmov, cx8, fxsr, mmx, sse, sse2, sse3, ssse3, sse4.1, sse4.2, popcnt, avx, aes, clmul, erms, ht, tsc, tscinvbit, tscinv

Memory: 4k page, physical 16659944k(7044772k free), swap 19150312k(4978520k free)

vm_info: Java HotSpot(TM) 64-Bit Server VM (25.181-b13) for windows-amd64 JRE (1.8.0_181-b13), built on Jul  7 2018 04:01:33 by "java_re" with MS VC++ 10.0 (VS2010)

time: Thu Nov 29 12:15:54 2018
elapsed time: 25 seconds (0d 0h 0m 25s)

