#
# A fatal error has been detected by the Java Runtime Environment:
#
#  EXCEPTION_UNCAUGHT_CXX_EXCEPTION (0xe06d7363) at pc=0x00007ff8b57aa388, pid=4260, tid=0x00000000000031fc
#
# JRE version: Java(TM) SE Runtime Environment (8.0_181-b13) (build 1.8.0_181-b13)
# Java VM: Java HotSpot(TM) 64-Bit Server VM (25.181-b13 mixed mode windows-amd64 compressed oops)
# Problematic frame:
# C  [KERNELBASE.dll+0x3a388]
#
# Failed to write core dump. Minidumps are not enabled by default on client versions of Windows
#
# If you would like to submit a bug report, please visit:
#   http://bugreport.java.com/bugreport/crash.jsp
# The crash happened outside the Java Virtual Machine in native code.
# See problematic frame for where to report the bug.
#

---------------  T H R E A D  ---------------

Current thread (0x0000000023e66800):  JavaThread "qtp1834041945-20" [_thread_in_native, id=12796, stack(0x0000000026850000,0x0000000026950000)]

siginfo: ExceptionCode=0xe06d7363, ExceptionInformation=0x0000000019930520 0x0000000026946310 0x00007ff8494af0e8 0x00007ff8485d0000 

Registers:
RAX=0x0000000000004026, RBX=0x00007ff89a3e5210, RCX=0x0000000000001bf8, RDX=0x0000000000000000
RSP=0x0000000026933b60, RBP=0x0000000026934210, RSI=0x0000000026934ef0, RDI=0x00000000269341e0
R8 =0x0000000033f48ff0, R9 =0x0000000000000000, R10=0x0000000000000000, R11=0x0000000000004026
R12=0x00007ff8485d0000, R13=0x0000000026934420, R14=0x0000000026934980, R15=0x000000002694a030
RIP=0x00007ff8b57aa388, EFLAGS=0x0000000000000202

Top of Stack: (sp=0x0000000026933b60)
0x0000000026933b60:   0000000000000000 00007ff89a3e5210
0x0000000026933b70:   0000000026934ef0 00000000269341e0
0x0000000026933b80:   00000001e06d7363 0000000000000000
0x0000000026933b90:   00007ff8b57aa388 00007ff800000004
0x0000000026933ba0:   0000000019930520 0000000026946310
0x0000000026933bb0:   00007ff8494af0e8 00007ff8485d0000
0x0000000026933bc0:   0000000000000000 0000000000000000
0x0000000026933bd0:   cccccccc00000000 00000000269341e0
0x0000000026933be0:   0000000033f43770 00007ff848f96da5
0x0000000026933bf0:   0000000033f43770 0000000000000000
0x0000000026933c00:   0000000000000000 0000000000000000
0x0000000026933c10:   0000000033f43770 0000000000000000
0x0000000026933c20:   00000dfb4a122a42 00007ff89a3e82f9
0x0000000026933c30:   0000000026934210 00007ff89a3e4bf3
0x0000000026933c40:   00007ff848f96d80 000000002694a030
0x0000000026933c50:   0000000033f43770 0000000000000000 

Instructions: (pc=0x00007ff8b57aa388)
0x00007ff8b57aa368:   49 8b d1 44 0f 47 c0 44 89 44 24 38 49 c1 e0 03
0x00007ff8b57aa378:   e8 4a 46 04 00 48 8d 4c 24 20 ff 15 d0 82 14 00
0x00007ff8b57aa388:   48 8b 8c 24 c0 00 00 00 48 33 cc e8 b8 05 04 00
0x00007ff8b57aa398:   48 81 c4 d8 00 00 00 c3 83 64 24 38 00 eb d6 cc 


Register to memory mapping:

RAX=0x0000000000004026 is an unknown value
RBX=0x00007ff89a3e5210 is an unknown value
RCX=0x0000000000001bf8 is an unknown value
RDX=0x0000000000000000 is an unknown value
RSP=0x0000000026933b60 is pointing into the stack for thread: 0x0000000023e66800
RBP=0x0000000026934210 is pointing into the stack for thread: 0x0000000023e66800
RSI=0x0000000026934ef0 is pointing into the stack for thread: 0x0000000023e66800
RDI=0x00000000269341e0 is pointing into the stack for thread: 0x0000000023e66800
R8 =0x0000000033f48ff0 is an unknown value
R9 =0x0000000000000000 is an unknown value
R10=0x0000000000000000 is an unknown value
R11=0x0000000000004026 is an unknown value
R12=0x00007ff8485d0000 is an unknown value
R13=0x0000000026934420 is pointing into the stack for thread: 0x0000000023e66800
R14=0x0000000026934980 is pointing into the stack for thread: 0x0000000023e66800
R15=0x000000002694a030 is pointing into the stack for thread: 0x0000000023e66800


Stack: [0x0000000026850000,0x0000000026950000],  sp=0x0000000026933b60,  free space=910k
Native frames: (J=compiled Java code, j=interpreted, Vv=VM code, C=native code)
C  [KERNELBASE.dll+0x3a388]
C  [VCRUNTIME140D.dll+0x4bf3]
C  [VCRUNTIME140D.dll+0x53ae]
C  [ntdll.dll+0x9e2c3]
C  [opencv_core310d.dll+0x8e3f65]
C  [opencv_core310d.dll+0x8e27dd]
C  [PlatheaDLL.dll+0x20563e]  StereoCalibration::LoadFromFolder+0x8ae
C  [PlatheaDLL.dll+0x18f0c9]  calibration_internalcalibration_load+0x49
C  [InterfaceJNI_DLL.dll+0x119b9]  Java_io_core_InterfaceJNI_internalCalibration+0x79
C  0x0000000003178c67

Java frames: (J=compiled Java code, j=interpreted, Vv=VM code)
j  io.core.InterfaceJNI.internalCalibration(Ljava/lang/String;I)I+0
j  io.core.MainSystem.internalcalibration(Ljava/lang/Integer;Ljava/util/List;Ljava/lang/Integer;)Lio/core/MainSystem$ReturnRoomMessage;+369
j  io.swagger.api.impl.RoomApiServiceImpl.internalcalibration(Ljava/lang/Integer;Ljava/lang/Integer;Ljava/util/List;Ljavax/ws/rs/core/SecurityContext;)Ljavax/ws/rs/core/Response;+3
j  io.swagger.api.RoomApi.internalcalibration(Ljava/lang/Integer;Ljava/lang/Integer;Ljava/util/List;Ljavax/ws/rs/core/SecurityContext;)Ljavax/ws/rs/core/Response;+9
v  ~StubRoutines::call_stub
J 2281  sun.reflect.NativeMethodAccessorImpl.invoke0(Ljava/lang/reflect/Method;Ljava/lang/Object;[Ljava/lang/Object;)Ljava/lang/Object; (0 bytes) @ 0x00000000038daa3f [0x00000000038da9c0+0x7f]
J 2280 C1 sun.reflect.NativeMethodAccessorImpl.invoke(Ljava/lang/Object;[Ljava/lang/Object;)Ljava/lang/Object; (104 bytes) @ 0x00000000038dc0bc [0x00000000038daec0+0x11fc]
J 2076 C1 sun.reflect.DelegatingMethodAccessorImpl.invoke(Ljava/lang/Object;[Ljava/lang/Object;)Ljava/lang/Object; (10 bytes) @ 0x000000000384f2cc [0x000000000384f1c0+0x10c]
J 1948 C1 java.lang.reflect.Method.invoke(Ljava/lang/Object;[Ljava/lang/Object;)Ljava/lang/Object; (62 bytes) @ 0x00000000037f25b4 [0x00000000037f21c0+0x3f4]
j  org.glassfish.jersey.server.model.internal.ResourceMethodInvocationHandlerFactory.lambda$static$0(Ljava/lang/Object;Ljava/lang/reflect/Method;[Ljava/lang/Object;)Ljava/lang/Object;+3
j  org.glassfish.jersey.server.model.internal.ResourceMethodInvocationHandlerFactory$$Lambda$122.invoke(Ljava/lang/Object;Ljava/lang/reflect/Method;[Ljava/lang/Object;)Ljava/lang/Object;+3
j  org.glassfish.jersey.server.model.internal.AbstractJavaResourceMethodDispatcher$1.run()Ljava/lang/Object;+38
j  org.glassfish.jersey.server.model.internal.AbstractJavaResourceMethodDispatcher.invoke(Lorg/glassfish/jersey/server/ContainerRequest;Ljava/lang/Object;[Ljava/lang/Object;)Ljava/lang/Object;+66
j  org.glassfish.jersey.server.model.internal.JavaResourceMethodDispatcherProvider$ResponseOutInvoker.doDispatch(Ljava/lang/Object;Lorg/glassfish/jersey/server/ContainerRequest;)Ljavax/ws/rs/core/Response;+10
j  org.glassfish.jersey.server.model.internal.AbstractJavaResourceMethodDispatcher.dispatch(Ljava/lang/Object;Lorg/glassfish/jersey/server/ContainerRequest;)Ljavax/ws/rs/core/Response;+5
j  org.glassfish.jersey.server.model.ResourceMethodInvoker.invoke(Lorg/glassfish/jersey/server/internal/process/RequestProcessingContext;Ljava/lang/Object;)Ljavax/ws/rs/core/Response;+26
j  org.glassfish.jersey.server.model.ResourceMethodInvoker.apply(Lorg/glassfish/jersey/server/internal/process/RequestProcessingContext;)Lorg/glassfish/jersey/server/ContainerResponse;+100
j  org.glassfish.jersey.server.model.ResourceMethodInvoker.apply(Ljava/lang/Object;)Ljava/lang/Object;+5
j  org.glassfish.jersey.server.ServerRuntime$1.run()V+89
j  org.glassfish.jersey.internal.Errors$1.call()Ljava/lang/Void;+4
j  org.glassfish.jersey.internal.Errors$1.call()Ljava/lang/Object;+1
j  org.glassfish.jersey.internal.Errors.process(Ljava/util/concurrent/Callable;Z)Ljava/lang/Object;+36
j  org.glassfish.jersey.internal.Errors.process(Lorg/glassfish/jersey/internal/util/Producer;Z)Ljava/lang/Object;+2
j  org.glassfish.jersey.internal.Errors.process(Ljava/lang/Runnable;)V+9
j  org.glassfish.jersey.process.internal.RequestScope.runInScope(Lorg/glassfish/jersey/process/internal/RequestContext;Ljava/lang/Runnable;)V+17
j  org.glassfish.jersey.server.ServerRuntime.process(Lorg/glassfish/jersey/server/ContainerRequest;)V+181
j  org.glassfish.jersey.server.ApplicationHandler.handle(Lorg/glassfish/jersey/server/ContainerRequest;)V+13
j  org.glassfish.jersey.servlet.WebComponent.serviceImpl(Ljava/net/URI;Ljava/net/URI;Ljavax/servlet/http/HttpServletRequest;Ljavax/servlet/http/HttpServletResponse;)Lorg/glassfish/jersey/servlet/internal/ResponseWriter;+81
j  org.glassfish.jersey.servlet.WebComponent.service(Ljava/net/URI;Ljava/net/URI;Ljavax/servlet/http/HttpServletRequest;Ljavax/servlet/http/HttpServletResponse;)Lorg/glassfish/jersey/internal/util/collection/Value;+6
j  org.glassfish.jersey.servlet.ServletContainer.service(Ljava/net/URI;Ljava/net/URI;Ljavax/servlet/http/HttpServletRequest;Ljavax/servlet/http/HttpServletResponse;)Lorg/glassfish/jersey/internal/util/collection/Value;+9
j  org.glassfish.jersey.servlet.ServletContainer.service(Ljavax/servlet/http/HttpServletRequest;Ljavax/servlet/http/HttpServletResponse;)V+183
j  org.glassfish.jersey.servlet.ServletContainer.service(Ljavax/servlet/ServletRequest;Ljavax/servlet/ServletResponse;)V+39
j  org.eclipse.jetty.servlet.ServletHolder.handle(Lorg/eclipse/jetty/server/Request;Ljavax/servlet/ServletRequest;Ljavax/servlet/ServletResponse;)V+89
j  org.eclipse.jetty.servlet.ServletHandler$CachedChain.doFilter(Ljavax/servlet/ServletRequest;Ljavax/servlet/ServletResponse;)V+211
j  io.swagger.api.ApiOriginFilter.doFilter(Ljavax/servlet/ServletRequest;Ljavax/servlet/ServletResponse;Ljavax/servlet/FilterChain;)V+42
j  org.eclipse.jetty.servlet.ServletHandler$CachedChain.doFilter(Ljavax/servlet/ServletRequest;Ljavax/servlet/ServletResponse;)V+103
j  org.eclipse.jetty.servlet.ServletHandler.doHandle(Ljava/lang/String;Lorg/eclipse/jetty/server/Request;Ljavax/servlet/http/HttpServletRequest;Ljavax/servlet/http/HttpServletResponse;)V+203
j  org.eclipse.jetty.server.handler.ScopedHandler.handle(Ljava/lang/String;Lorg/eclipse/jetty/server/Request;Ljavax/servlet/http/HttpServletRequest;Ljavax/servlet/http/HttpServletResponse;)V+32
j  org.eclipse.jetty.security.SecurityHandler.handle(Ljava/lang/String;Lorg/eclipse/jetty/server/Request;Ljavax/servlet/http/HttpServletRequest;Ljavax/servlet/http/HttpServletResponse;)V+553
j  org.eclipse.jetty.server.session.SessionHandler.doHandle(Ljava/lang/String;Lorg/eclipse/jetty/server/Request;Ljavax/servlet/http/HttpServletRequest;Ljavax/servlet/http/HttpServletResponse;)V+68
j  org.eclipse.jetty.server.handler.ContextHandler.doHandle(Ljava/lang/String;Lorg/eclipse/jetty/server/Request;Ljavax/servlet/http/HttpServletRequest;Ljavax/servlet/http/HttpServletResponse;)V+349
j  org.eclipse.jetty.servlet.ServletHandler.doScope(Ljava/lang/String;Lorg/eclipse/jetty/server/Request;Ljavax/servlet/http/HttpServletRequest;Ljavax/servlet/http/HttpServletResponse;)V+274
j  org.eclipse.jetty.server.session.SessionHandler.doScope(Ljava/lang/String;Lorg/eclipse/jetty/server/Request;Ljavax/servlet/http/HttpServletRequest;Ljavax/servlet/http/HttpServletResponse;)V+233
j  org.eclipse.jetty.server.handler.ContextHandler.doScope(Ljava/lang/String;Lorg/eclipse/jetty/server/Request;Ljavax/servlet/http/HttpServletRequest;Ljavax/servlet/http/HttpServletResponse;)V+437
j  org.eclipse.jetty.server.handler.ScopedHandler.handle(Ljava/lang/String;Lorg/eclipse/jetty/server/Request;Ljavax/servlet/http/HttpServletRequest;Ljavax/servlet/http/HttpServletResponse;)V+20
j  org.eclipse.jetty.server.handler.ContextHandlerCollection.handle(Ljava/lang/String;Lorg/eclipse/jetty/server/Request;Ljavax/servlet/http/HttpServletRequest;Ljavax/servlet/http/HttpServletResponse;)V+224
j  org.eclipse.jetty.server.handler.HandlerCollection.handle(Ljava/lang/String;Lorg/eclipse/jetty/server/Request;Ljavax/servlet/http/HttpServletRequest;Ljavax/servlet/http/HttpServletResponse;)V+42
j  org.eclipse.jetty.server.handler.HandlerWrapper.handle(Ljava/lang/String;Lorg/eclipse/jetty/server/Request;Ljavax/servlet/http/HttpServletRequest;Ljavax/servlet/http/HttpServletResponse;)V+23
j  org.eclipse.jetty.server.Server.handle(Lorg/eclipse/jetty/server/HttpChannel;)V+130
j  org.eclipse.jetty.server.HttpChannel.handle()Z+301
j  org.eclipse.jetty.server.HttpConnection.onFillable()V+189
j  org.eclipse.jetty.io.AbstractConnection$2.run()V+4
j  org.eclipse.jetty.util.thread.QueuedThreadPool.runJob(Ljava/lang/Runnable;)V+1
j  org.eclipse.jetty.util.thread.QueuedThreadPool$3.run()V+75
j  java.lang.Thread.run()V+11
v  ~StubRoutines::call_stub

---------------  P R O C E S S  ---------------

Java Threads: ( => current thread )
  0x0000000023e65000 JavaThread "Scheduler-1170072909" [_thread_blocked, id=4324, stack(0x00000000300d0000,0x00000000301d0000)]
  0x0000000023e62000 JavaThread "org.eclipse.jetty.server.session.HashSessionManager@5bb661e0Timer" daemon [_thread_blocked, id=19916, stack(0x000000002ffd0000,0x00000000300d0000)]
  0x0000000023e68000 JavaThread "qtp1834041945-24-selector-ServerConnectorManager@5831ede5/0" [_thread_in_native, id=10288, stack(0x0000000027080000,0x0000000027180000)]
  0x0000000023e61000 JavaThread "qtp1834041945-22-selector-ServerConnectorManager@5831ede5/3" [_thread_in_native, id=23032, stack(0x0000000026b50000,0x0000000026c50000)]
  0x0000000023e63800 JavaThread "qtp1834041945-21-acceptor-0@34bb5fce-ServerConnector@297bbd41{HTTP/1.1}{0.0.0.0:8080}" [_thread_in_native, id=13840, stack(0x0000000026a50000,0x0000000026b50000)]
=>0x0000000023e66800 JavaThread "qtp1834041945-20" [_thread_in_native, id=12796, stack(0x0000000026850000,0x0000000026950000)]
  0x0000000023e62800 JavaThread "qtp1834041945-19-selector-ServerConnectorManager@5831ede5/2" [_thread_in_native, id=5916, stack(0x0000000026750000,0x0000000026850000)]
  0x0000000020780000 JavaThread "qtp1834041945-18-selector-ServerConnectorManager@5831ede5/1" [_thread_in_native, id=18372, stack(0x0000000026650000,0x0000000026750000)]
  0x00000000258c3000 JavaThread "qtp1834041945-17" [_thread_blocked, id=8268, stack(0x0000000026550000,0x0000000026650000)]
  0x00000000200f4800 JavaThread "qtp1834041945-16" [_thread_blocked, id=18528, stack(0x00000000253b0000,0x00000000254b0000)]
  0x0000000023128800 JavaThread "qtp1834041945-15" [_thread_blocked, id=21280, stack(0x00000000252b0000,0x00000000253b0000)]
  0x0000000023e22000 JavaThread "ShutdownMonitor" daemon [_thread_in_native, id=17256, stack(0x00000000251b0000,0x00000000252b0000)]
  0x000000001eb32800 JavaThread "Service Thread" daemon [_thread_blocked, id=1428, stack(0x000000001f680000,0x000000001f780000)]
  0x000000001eaab000 JavaThread "C1 CompilerThread3" daemon [_thread_blocked, id=16336, stack(0x000000001f580000,0x000000001f680000)]
  0x000000001ea96800 JavaThread "C2 CompilerThread2" daemon [_thread_blocked, id=16840, stack(0x000000001f480000,0x000000001f580000)]
  0x000000001ea92800 JavaThread "C2 CompilerThread1" daemon [_thread_blocked, id=21188, stack(0x000000001f380000,0x000000001f480000)]
  0x000000001ea8c800 JavaThread "C2 CompilerThread0" daemon [_thread_blocked, id=17912, stack(0x000000001f280000,0x000000001f380000)]
  0x000000001ea89800 JavaThread "Attach Listener" daemon [_thread_blocked, id=2016, stack(0x000000001f180000,0x000000001f280000)]
  0x000000001cb8e800 JavaThread "Signal Dispatcher" daemon [_thread_blocked, id=15600, stack(0x000000001f080000,0x000000001f180000)]
  0x000000001ea80800 JavaThread "Finalizer" daemon [_thread_blocked, id=22792, stack(0x000000001ee60000,0x000000001ef60000)]
  0x0000000003159000 JavaThread "Reference Handler" daemon [_thread_blocked, id=16604, stack(0x000000001e960000,0x000000001ea60000)]
  0x0000000003062800 JavaThread "main" [_thread_blocked, id=20012, stack(0x0000000002f00000,0x0000000003000000)]

Other Threads:
  0x000000001cb7a000 VMThread [stack: 0x000000001e860000,0x000000001e960000] [id=21924]
  0x000000001eb44000 WatcherThread [stack: 0x000000001f780000,0x000000001f880000] [id=19192]

VM state:not at safepoint (normal execution)

VM Mutex/Monitor currently owned by a thread: None

Heap:
 PSYoungGen      total 203776K, used 137537K [0x000000076b400000, 0x0000000782700000, 0x00000007c0000000)
  eden space 174592K, 78% used [0x000000076b400000,0x0000000773a504f8,0x0000000775e80000)
  from space 29184K, 0% used [0x0000000775e80000,0x0000000775e80000,0x0000000777b00000)
  to   space 47616K, 0% used [0x000000077f880000,0x000000077f880000,0x0000000782700000)
 ParOldGen       total 230400K, used 63566K [0x00000006c1c00000, 0x00000006cfd00000, 0x000000076b400000)
  object space 230400K, 27% used [0x00000006c1c00000,0x00000006c5a13930,0x00000006cfd00000)
 Metaspace       used 42978K, capacity 44486K, committed 44672K, reserved 1089536K
  class space    used 5125K, capacity 5493K, committed 5504K, reserved 1048576K

Card table byte_map: [0x0000000012520000,0x0000000012d20000] byte_map_base: 0x000000000ef12000

Marking Bits: (ParMarkBitMap*) 0x0000000059c02d00
 Begin Bits: [0x0000000013a70000, 0x0000000017a00000)
 End Bits:   [0x0000000017a00000, 0x000000001b990000)

Polling page: 0x0000000001720000

CodeCache: size=245760Kb used=22407Kb max_used=22514Kb free=223352Kb
 bounds [0x0000000003160000, 0x0000000004790000, 0x0000000012160000]
 total_blobs=6586 nmethods=6094 adapters=404
 compilation: enabled

Compilation events (10 events):
Event: 24.761 Thread 0x000000001ea96800 nmethod 7192 0x000000000383f090 code [0x000000000383f240, 0x000000000383ff78]
Event: 24.761 Thread 0x000000001eaab000 nmethod 7195 0x0000000003840b50 code [0x0000000003840e20, 0x0000000003842418]
Event: 24.771 Thread 0x000000001eaab000 7196   !   3       sun.nio.cs.StreamEncoder::write (78 bytes)
Event: 24.772 Thread 0x000000001eaab000 nmethod 7196 0x0000000004078050 code [0x0000000004078220, 0x0000000004078948]
Event: 24.773 Thread 0x000000001ea8c800 nmethod 7191 0x0000000003a29650 code [0x0000000003a29860, 0x0000000003a2b8e0]
Event: 24.783 Thread 0x000000001ea92800 nmethod 7194% 0x0000000003a28090 code [0x0000000003a28200, 0x0000000003a28d18]
Event: 24.791 Thread 0x000000001ea96800 7197       4       sun.nio.cs.SingleByte$Encoder::encodeArrayLoop (236 bytes)
Event: 24.811 Thread 0x000000001ea96800 nmethod 7197 0x0000000004079810 code [0x0000000004079960, 0x000000000407a0b8]
Event: 24.920 Thread 0x000000001ea8c800 7198       4       java.io.FileOutputStream::write (12 bytes)
Event: 24.921 Thread 0x000000001ea8c800 nmethod 7198 0x0000000003840850 code [0x00000000038409a0, 0x0000000003840a28]

GC Heap History (10 events):
Event: 3.945 GC heap before
{Heap before GC invocations=5 (full 1):
 PSYoungGen      total 141824K, used 10720K [0x000000076b400000, 0x0000000774900000, 0x00000007c0000000)
  eden space 131072K, 0% used [0x000000076b400000,0x000000076b400000,0x0000000773400000)
  from space 10752K, 99% used [0x0000000773e80000,0x00000007748f8060,0x0000000774900000)
  to   space 10752K, 0% used [0x0000000773400000,0x0000000773400000,0x0000000773e80000)
 ParOldGen       total 175104K, used 2392K [0x00000006c1c00000, 0x00000006cc700000, 0x000000076b400000)
  object space 175104K, 1% used [0x00000006c1c00000,0x00000006c1e56110,0x00000006cc700000)
 Metaspace       used 20627K, capacity 21168K, committed 21296K, reserved 1069056K
  class space    used 2487K, capacity 2664K, committed 2688K, reserved 1048576K
Event: 3.998 GC heap after
Heap after GC invocations=5 (full 1):
 PSYoungGen      total 141824K, used 0K [0x000000076b400000, 0x0000000774900000, 0x00000007c0000000)
  eden space 131072K, 0% used [0x000000076b400000,0x000000076b400000,0x0000000773400000)
  from space 10752K, 0% used [0x0000000773e80000,0x0000000773e80000,0x0000000774900000)
  to   space 10752K, 0% used [0x0000000773400000,0x0000000773400000,0x0000000773e80000)
 ParOldGen       total 116224K, used 12970K [0x00000006c1c00000, 0x00000006c8d80000, 0x000000076b400000)
  object space 116224K, 11% used [0x00000006c1c00000,0x00000006c28aa950,0x00000006c8d80000)
 Metaspace       used 20627K, capacity 21168K, committed 21296K, reserved 1069056K
  class space    used 2487K, capacity 2664K, committed 2688K, reserved 1048576K
}
Event: 6.944 GC heap before
{Heap before GC invocations=6 (full 1):
 PSYoungGen      total 141824K, used 131072K [0x000000076b400000, 0x0000000774900000, 0x00000007c0000000)
  eden space 131072K, 100% used [0x000000076b400000,0x0000000773400000,0x0000000773400000)
  from space 10752K, 0% used [0x0000000773e80000,0x0000000773e80000,0x0000000774900000)
  to   space 10752K, 0% used [0x0000000773400000,0x0000000773400000,0x0000000773e80000)
 ParOldGen       total 116224K, used 12970K [0x00000006c1c00000, 0x00000006c8d80000, 0x000000076b400000)
  object space 116224K, 11% used [0x00000006c1c00000,0x00000006c28aa950,0x00000006c8d80000)
 Metaspace       used 24569K, capacity 25392K, committed 25600K, reserved 1071104K
  class space    used 2824K, capacity 3045K, committed 3072K, reserved 1048576K
Event: 6.959 GC heap after
Heap after GC invocations=6 (full 1):
 PSYoungGen      total 141824K, used 10738K [0x000000076b400000, 0x0000000778b00000, 0x00000007c0000000)
  eden space 131072K, 0% used [0x000000076b400000,0x000000076b400000,0x0000000773400000)
  from space 10752K, 99% used [0x0000000773400000,0x0000000773e7c8e8,0x0000000773e80000)
  to   space 16384K, 0% used [0x0000000777b00000,0x0000000777b00000,0x0000000778b00000)
 ParOldGen       total 116224K, used 18028K [0x00000006c1c00000, 0x00000006c8d80000, 0x000000076b400000)
  object space 116224K, 15% used [0x00000006c1c00000,0x00000006c2d9b230,0x00000006c8d80000)
 Metaspace       used 24569K, capacity 25392K, committed 25600K, reserved 1071104K
  class space    used 2824K, capacity 3045K, committed 3072K, reserved 1048576K
}
Event: 8.074 GC heap before
{Heap before GC invocations=7 (full 1):
 PSYoungGen      total 141824K, used 141810K [0x000000076b400000, 0x0000000778b00000, 0x00000007c0000000)
  eden space 131072K, 100% used [0x000000076b400000,0x0000000773400000,0x0000000773400000)
  from space 10752K, 99% used [0x0000000773400000,0x0000000773e7c8e8,0x0000000773e80000)
  to   space 16384K, 0% used [0x0000000777b00000,0x0000000777b00000,0x0000000778b00000)
 ParOldGen       total 116224K, used 18031K [0x00000006c1c00000, 0x00000006c8d80000, 0x000000076b400000)
  object space 116224K, 15% used [0x00000006c1c00000,0x00000006c2d9bc20,0x00000006c8d80000)
 Metaspace       used 28440K, capacity 29328K, committed 29696K, reserved 1075200K
  class space    used 3246K, capacity 3461K, committed 3584K, reserved 1048576K
Event: 8.115 GC heap after
Heap after GC invocations=7 (full 1):
 PSYoungGen      total 190976K, used 16374K [0x000000076b400000, 0x000000077b400000, 0x00000007c0000000)
  eden space 174592K, 0% used [0x000000076b400000,0x000000076b400000,0x0000000775e80000)
  from space 16384K, 99% used [0x0000000777b00000,0x0000000778afd928,0x0000000778b00000)
  to   space 29184K, 0% used [0x0000000775e80000,0x0000000775e80000,0x0000000777b00000)
 ParOldGen       total 116224K, used 37914K [0x00000006c1c00000, 0x00000006c8d80000, 0x000000076b400000)
  object space 116224K, 32% used [0x00000006c1c00000,0x00000006c4106b08,0x00000006c8d80000)
 Metaspace       used 28440K, capacity 29328K, committed 29696K, reserved 1075200K
  class space    used 3246K, capacity 3461K, committed 3584K, reserved 1048576K
}
Event: 9.589 GC heap before
{Heap before GC invocations=8 (full 1):
 PSYoungGen      total 190976K, used 190966K [0x000000076b400000, 0x000000077b400000, 0x00000007c0000000)
  eden space 174592K, 100% used [0x000000076b400000,0x0000000775e80000,0x0000000775e80000)
  from space 16384K, 99% used [0x0000000777b00000,0x0000000778afd928,0x0000000778b00000)
  to   space 29184K, 0% used [0x0000000775e80000,0x0000000775e80000,0x0000000777b00000)
 ParOldGen       total 116224K, used 37914K [0x00000006c1c00000, 0x00000006c8d80000, 0x000000076b400000)
  object space 116224K, 32% used [0x00000006c1c00000,0x00000006c4106b08,0x00000006c8d80000)
 Metaspace       used 34038K, capacity 35288K, committed 35456K, reserved 1081344K
  class space    used 4028K, capacity 4357K, committed 4480K, reserved 1048576K
Event: 9.653 GC heap after
Heap after GC invocations=8 (full 1):
 PSYoungGen      total 203776K, used 29153K [0x000000076b400000, 0x0000000782700000, 0x00000007c0000000)
  eden space 174592K, 0% used [0x000000076b400000,0x000000076b400000,0x0000000775e80000)
  from space 29184K, 99% used [0x0000000775e80000,0x0000000777af86d0,0x0000000777b00000)
  to   space 47616K, 0% used [0x000000077f880000,0x000000077f880000,0x0000000782700000)
 ParOldGen       total 116224K, used 64826K [0x00000006c1c00000, 0x00000006c8d80000, 0x000000076b400000)
  object space 116224K, 55% used [0x00000006c1c00000,0x00000006c5b4e9c8,0x00000006c8d80000)
 Metaspace       used 34038K, capacity 35288K, committed 35456K, reserved 1081344K
  class space    used 4028K, capacity 4357K, committed 4480K, reserved 1048576K
}
Event: 9.653 GC heap before
{Heap before GC invocations=9 (full 2):
 PSYoungGen      total 203776K, used 29153K [0x000000076b400000, 0x0000000782700000, 0x00000007c0000000)
  eden space 174592K, 0% used [0x000000076b400000,0x000000076b400000,0x0000000775e80000)
  from space 29184K, 99% used [0x0000000775e80000,0x0000000777af86d0,0x0000000777b00000)
  to   space 47616K, 0% used [0x000000077f880000,0x000000077f880000,0x0000000782700000)
 ParOldGen       total 116224K, used 64826K [0x00000006c1c00000, 0x00000006c8d80000, 0x000000076b400000)
  object space 116224K, 55% used [0x00000006c1c00000,0x00000006c5b4e9c8,0x00000006c8d80000)
 Metaspace       used 34038K, capacity 35288K, committed 35456K, reserved 1081344K
  class space    used 4028K, capacity 4357K, committed 4480K, reserved 1048576K
Event: 9.756 GC heap after
Heap after GC invocations=9 (full 2):
 PSYoungGen      total 203776K, used 0K [0x000000076b400000, 0x0000000782700000, 0x00000007c0000000)
  eden space 174592K, 0% used [0x000000076b400000,0x000000076b400000,0x0000000775e80000)
  from space 29184K, 0% used [0x0000000775e80000,0x0000000775e80000,0x0000000777b00000)
  to   space 47616K, 0% used [0x000000077f880000,0x000000077f880000,0x0000000782700000)
 ParOldGen       total 230400K, used 63566K [0x00000006c1c00000, 0x00000006cfd00000, 0x000000076b400000)
  object space 230400K, 27% used [0x00000006c1c00000,0x00000006c5a13930,0x00000006cfd00000)
 Metaspace       used 34038K, capacity 35288K, committed 35456K, reserved 1081344K
  class space    used 4028K, capacity 4357K, committed 4480K, reserved 1048576K
}

Deoptimization events (10 events):
Event: 24.492 Thread 0x0000000023e66800 Uncommon trap: reason=class_check action=maybe_recompile pc=0x0000000003e676f4 method=java.lang.StringCoding$StringDecoder.decode([BII)[C @ 30
Event: 24.492 Thread 0x0000000023e66800 Uncommon trap: reason=class_check action=maybe_recompile pc=0x0000000003a018c8 method=java.lang.StringCoding$StringDecoder.decode([BII)[C @ 30
Event: 24.498 Thread 0x0000000023e66800 Uncommon trap: reason=class_check action=maybe_recompile pc=0x0000000003a018c8 method=java.lang.StringCoding$StringDecoder.decode([BII)[C @ 30
Event: 24.498 Thread 0x0000000023e66800 Uncommon trap: reason=class_check action=maybe_recompile pc=0x0000000003a018c8 method=java.lang.StringCoding$StringDecoder.decode([BII)[C @ 30
Event: 24.498 Thread 0x0000000023e66800 Uncommon trap: reason=class_check action=maybe_recompile pc=0x0000000003e676f4 method=java.lang.StringCoding$StringDecoder.decode([BII)[C @ 30
Event: 24.644 Thread 0x0000000023e66800 Uncommon trap: reason=unstable_if action=reinterpret pc=0x000000000399492c method=sun.reflect.annotation.AnnotationInvocationHandler.invoke(Ljava/lang/Object;Ljava/lang/reflect/Method;[Ljava/lang/Object;)Ljava/lang/Object; @ 19
Event: 24.754 Thread 0x0000000023e66800 Uncommon trap: reason=unstable_if action=reinterpret pc=0x000000000403d8bc method=java.io.BufferedWriter.min(II)I @ 2
Event: 24.754 Thread 0x0000000023e66800 Uncommon trap: reason=unstable_if action=reinterpret pc=0x000000000476694c method=sun.nio.cs.SingleByte$Encoder.encodeArrayLoop(Ljava/nio/CharBuffer;Ljava/nio/ByteBuffer;)Ljava/nio/charset/CoderResult; @ 70
Event: 24.754 Thread 0x0000000023e66800 Uncommon trap: reason=unstable_if action=reinterpret pc=0x0000000003980858 method=sun.nio.cs.StreamEncoder.implWrite([CII)V @ 51
Event: 24.755 Thread 0x0000000023e66800 Uncommon trap: reason=unstable_if action=reinterpret pc=0x000000000331a338 method=sun.nio.cs.SingleByte$Encoder.encodeArrayLoop(Ljava/nio/CharBuffer;Ljava/nio/ByteBuffer;)Ljava/nio/charset/CoderResult; @ 70

Classes redefined (0 events):
No events

Internal exceptions (10 events):
Event: 7.713 Thread 0x0000000023e62800 Implicit null exception at 0x0000000003e73899 to 0x0000000003e74081
Event: 7.713 Thread 0x0000000020780000 Implicit null exception at 0x0000000003e73899 to 0x0000000003e74081
Event: 7.714 Thread 0x00000000258c3000 Implicit null exception at 0x0000000003e9440c to 0x0000000003e94b05
Event: 7.714 Thread 0x0000000023128800 Implicit null exception at 0x0000000003e9440c to 0x0000000003e94b05
Event: 7.713 Thread 0x0000000023e63800 Implicit null exception at 0x0000000003e73899 to 0x0000000003e74081
Event: 7.714 Thread 0x0000000023e61000 Implicit null exception at 0x0000000003e9440c to 0x0000000003e94b05
Event: 9.208 Thread 0x0000000003062800 Exception <a 'java/lang/NoSuchFieldError': method resolution failed> (0x0000000774131380) thrown at [C:\re\workspace\8-2-build-windows-amd64-cygwin\jdk8u181\11358\hotspot\src\share\vm\prims\methodHandles.cpp, line 1167]
Event: 9.209 Thread 0x0000000003062800 Exception <a 'java/lang/NoSuchFieldError': method resolution failed> (0x000000077413ee10) thrown at [C:\re\workspace\8-2-build-windows-amd64-cygwin\jdk8u181\11358\hotspot\src\share\vm\prims\methodHandles.cpp, line 1167]
Event: 9.934 Thread 0x0000000003062800 Exception <a 'java/lang/NoSuchMethodError': java.lang.Object.lambda$and$0(Ljava/util/function/Predicate;Ljava/lang/Object;)Z> (0x000000076c17cf40) thrown at [C:\re\workspace\8-2-build-windows-amd64-cygwin\jdk8u181\11358\hotspot\src\share\vm\interpreter\li
Event: 9.977 Thread 0x0000000003062800 Exception <a 'java/lang/NoSuchMethodError': java.lang.Object.lambda$comparingInt$7b0bb60$1(Ljava/util/function/ToIntFunction;Ljava/lang/Object;Ljava/lang/Object;)I> (0x000000076c4bdd18) thrown at [C:\re\workspace\8-2-build-windows-amd64-cygwin\jdk8u181\11

Events (10 events):
Event: 24.811 Thread 0x0000000023e66800 DEOPT PACKING pc=0x00000000038a2841 sp=0x000000002694cc30
Event: 24.811 Thread 0x0000000023e66800 DEOPT UNPACKING pc=0x00000000031a7890 sp=0x000000002694ca20 mode 0
Event: 24.811 Thread 0x0000000023e66800 DEOPT PACKING pc=0x00000000038a2841 sp=0x000000002694cc30
Event: 24.811 Thread 0x0000000023e66800 DEOPT UNPACKING pc=0x00000000031a7890 sp=0x000000002694ca20 mode 0
Event: 24.811 Thread 0x0000000023e66800 DEOPT PACKING pc=0x00000000038a2841 sp=0x000000002694cc30
Event: 24.811 Thread 0x0000000023e66800 DEOPT UNPACKING pc=0x00000000031a7890 sp=0x000000002694ca20 mode 0
Event: 24.811 Thread 0x0000000023e66800 DEOPT PACKING pc=0x00000000038a2841 sp=0x000000002694cc30
Event: 24.811 Thread 0x0000000023e66800 DEOPT UNPACKING pc=0x00000000031a7890 sp=0x000000002694ca20 mode 0
Event: 24.921 Executing VM operation: RevokeBias
Event: 24.921 Executing VM operation: RevokeBias done


Dynamic libraries:
0x00007ff6a5ea0000 - 0x00007ff6a5ed7000 	C:\Program Files\Java\jdk1.8.0_181\bin\java.exe
0x00007ff8b87b0000 - 0x00007ff8b8991000 	C:\WINDOWS\SYSTEM32\ntdll.dll
0x00007ff8b5e70000 - 0x00007ff8b5f22000 	C:\WINDOWS\System32\KERNEL32.DLL
0x00007ff8b5770000 - 0x00007ff8b59e3000 	C:\WINDOWS\System32\KERNELBASE.dll
0x00007ff8b5f30000 - 0x00007ff8b5fd1000 	C:\WINDOWS\System32\ADVAPI32.dll
0x00007ff8b7d70000 - 0x00007ff8b7e0e000 	C:\WINDOWS\System32\msvcrt.dll
0x00007ff8b7ee0000 - 0x00007ff8b7f3b000 	C:\WINDOWS\System32\sechost.dll
0x00007ff8b8650000 - 0x00007ff8b8774000 	C:\WINDOWS\System32\RPCRT4.dll
0x00007ff8b76e0000 - 0x00007ff8b7870000 	C:\WINDOWS\System32\USER32.dll
0x00007ff8b4b80000 - 0x00007ff8b4ba0000 	C:\WINDOWS\System32\win32u.dll
0x00007ff8b8620000 - 0x00007ff8b8648000 	C:\WINDOWS\System32\GDI32.dll
0x00007ff8b4e40000 - 0x00007ff8b4fd2000 	C:\WINDOWS\System32\gdi32full.dll
0x00007ff8b5ba0000 - 0x00007ff8b5c3f000 	C:\WINDOWS\System32\msvcp_win.dll
0x00007ff8b59f0000 - 0x00007ff8b5aea000 	C:\WINDOWS\System32\ucrtbase.dll
0x00007ff8a8200000 - 0x00007ff8a8469000 	C:\WINDOWS\WinSxS\amd64_microsoft.windows.common-controls_6595b64144ccf1df_6.0.17134.407_none_fb449d63306391e9\COMCTL32.dll
0x00007ff8b7a40000 - 0x00007ff8b7d62000 	C:\WINDOWS\System32\combase.dll
0x00007ff8b4fe0000 - 0x00007ff8b505a000 	C:\WINDOWS\System32\bcryptPrimitives.dll
0x00007ff8b85f0000 - 0x00007ff8b861d000 	C:\WINDOWS\System32\IMM32.DLL
0x000000005c6d0000 - 0x000000005c7a2000 	C:\Program Files\Java\jdk1.8.0_181\jre\bin\msvcr100.dll
0x00000000593e0000 - 0x0000000059c82000 	C:\Program Files\Java\jdk1.8.0_181\jre\bin\server\jvm.dll
0x00007ff8b7510000 - 0x00007ff8b7518000 	C:\WINDOWS\System32\PSAPI.DLL
0x00007ff8b24c0000 - 0x00007ff8b24c9000 	C:\WINDOWS\SYSTEM32\WSOCK32.dll
0x00007ff8abd00000 - 0x00007ff8abd0a000 	C:\WINDOWS\SYSTEM32\VERSION.dll
0x00007ff8ab410000 - 0x00007ff8ab433000 	C:\WINDOWS\SYSTEM32\WINMM.dll
0x00007ff8b7870000 - 0x00007ff8b78dc000 	C:\WINDOWS\System32\WS2_32.dll
0x00007ff8ab3e0000 - 0x00007ff8ab40a000 	C:\WINDOWS\SYSTEM32\winmmbase.dll
0x00007ff8b4c00000 - 0x00007ff8b4c49000 	C:\WINDOWS\System32\cfgmgr32.dll
0x000000005c680000 - 0x000000005c68f000 	C:\Program Files\Java\jdk1.8.0_181\jre\bin\verify.dll
0x000000005ba70000 - 0x000000005ba99000 	C:\Program Files\Java\jdk1.8.0_181\jre\bin\java.dll
0x000000005c660000 - 0x000000005c676000 	C:\Program Files\Java\jdk1.8.0_181\jre\bin\zip.dll
0x00007ff8b5fe0000 - 0x00007ff8b741f000 	C:\WINDOWS\System32\SHELL32.dll
0x00007ff8b5c40000 - 0x00007ff8b5ce9000 	C:\WINDOWS\System32\shcore.dll
0x00007ff8b5060000 - 0x00007ff8b576d000 	C:\WINDOWS\System32\windows.storage.dll
0x00007ff8b7e70000 - 0x00007ff8b7ec1000 	C:\WINDOWS\System32\shlwapi.dll
0x00007ff8b4b60000 - 0x00007ff8b4b71000 	C:\WINDOWS\System32\kernel.appcore.dll
0x00007ff8b4b40000 - 0x00007ff8b4b5f000 	C:\WINDOWS\System32\profapi.dll
0x00007ff8b4ac0000 - 0x00007ff8b4b0c000 	C:\WINDOWS\System32\powrprof.dll
0x00007ff8b4b10000 - 0x00007ff8b4b1a000 	C:\WINDOWS\System32\FLTLIB.DLL
0x00007ff8b0ee0000 - 0x00007ff8b0eea000 	D:\Programmi\apache-maven-3.6.0-bin\apache-maven-3.6.0\lib\jansi-native\windows64\jansi.dll
0x000000005ba50000 - 0x000000005ba6a000 	C:\Program Files\Java\jdk1.8.0_181\jre\bin\net.dll
0x00007ff8b42e0000 - 0x00007ff8b4346000 	C:\WINDOWS\system32\mswsock.dll
0x000000005ba30000 - 0x000000005ba41000 	C:\Program Files\Java\jdk1.8.0_181\jre\bin\nio.dll
0x000000005b980000 - 0x000000005b98d000 	C:\Program Files\Java\jdk1.8.0_181\jre\bin\management.dll
0x00007ff8b44a0000 - 0x00007ff8b44b7000 	C:\WINDOWS\SYSTEM32\CRYPTSP.dll
0x00007ff8b3ec0000 - 0x00007ff8b3ef3000 	C:\WINDOWS\system32\rsaenh.dll
0x00007ff8b45c0000 - 0x00007ff8b45e5000 	C:\WINDOWS\SYSTEM32\bcrypt.dll
0x00007ff8b49c0000 - 0x00007ff8b49e8000 	C:\WINDOWS\SYSTEM32\USERENV.dll
0x00007ff8b4490000 - 0x00007ff8b449b000 	C:\WINDOWS\SYSTEM32\CRYPTBASE.dll
0x00007ff8b4060000 - 0x00007ff8b4098000 	C:\WINDOWS\SYSTEM32\IPHLPAPI.DLL
0x00007ff8b5d90000 - 0x00007ff8b5d98000 	C:\WINDOWS\System32\NSI.dll
0x00007ff8af740000 - 0x00007ff8af756000 	C:\WINDOWS\SYSTEM32\dhcpcsvc6.DLL
0x00007ff8af840000 - 0x00007ff8af85a000 	C:\WINDOWS\SYSTEM32\dhcpcsvc.DLL
0x00007ff8ac5a0000 - 0x00007ff8ac5c4000 	D:\github\plathea\jaxrs-jersey-server-generated\src\main\java\io\core\InterfaceJNI_DLL.dll
0x00007ff89a3e0000 - 0x00007ff89a401000 	C:\WINDOWS\SYSTEM32\VCRUNTIME140D.dll
0x00007ff87efb0000 - 0x00007ff87f16d000 	C:\WINDOWS\SYSTEM32\ucrtbased.dll
0x00007ff8613a0000 - 0x00007ff861760000 	D:\github\plathea\jaxrs-jersey-server-generated\PlatheaDLL.dll
0x00007ff8b7420000 - 0x00007ff8b750d000 	C:\WINDOWS\System32\COMDLG32.dll
0x00007ff8b78e0000 - 0x00007ff8b7a31000 	C:\WINDOWS\System32\ole32.dll
0x00007ff88e2a0000 - 0x00007ff88e3a8000 	D:\github\plathea\jaxrs-jersey-server-generated\opencv_video310d.dll
0x00007ff8485d0000 - 0x00007ff84956e000 	D:\github\plathea\jaxrs-jersey-server-generated\opencv_core310d.dll
0x00007ff87d740000 - 0x00007ff87d8ec000 	D:\github\plathea\jaxrs-jersey-server-generated\opencv_ml310d.dll
0x00007ff891330000 - 0x00007ff891396000 	D:\github\plathea\jaxrs-jersey-server-generated\opencv_highgui310d.dll
0x00007ff87b660000 - 0x00007ff87b7f4000 	D:\github\plathea\jaxrs-jersey-server-generated\opencv_objdetect310d.dll
0x00007ff84ae80000 - 0x00007ff84b254000 	D:\github\plathea\jaxrs-jersey-server-generated\opencv_calib3d310d.dll
0x00007ff846400000 - 0x00007ff8485cb000 	D:\github\plathea\jaxrs-jersey-server-generated\opencv_imgproc310d.dll
0x00007ff87eeb0000 - 0x00007ff87efa4000 	C:\WINDOWS\SYSTEM32\MSVCP140D.dll
0x00007ff88b260000 - 0x00007ff88b316000 	C:\WINDOWS\SYSTEM32\CONCRT140D.dll
0x00007ff884620000 - 0x00007ff8846d2000 	D:\github\plathea\jaxrs-jersey-server-generated\opencv_videoio310d.dll
0x00007ff8b5da0000 - 0x00007ff8b5e62000 	C:\WINDOWS\System32\OLEAUT32.dll
0x00007ff845ea0000 - 0x00007ff8463fe000 	D:\github\plathea\jaxrs-jersey-server-generated\opencv_imgcodecs310d.dll
0x00007ff8977d0000 - 0x00007ff8977f9000 	C:\WINDOWS\SYSTEM32\MSVFW32.dll
0x00007ff8a4e30000 - 0x00007ff8a4e4f000 	C:\WINDOWS\SYSTEM32\AVIFIL32.dll
0x00007ff8a4720000 - 0x00007ff8a4738000 	C:\WINDOWS\SYSTEM32\AVICAP32.dll
0x00007ff894930000 - 0x00007ff89494c000 	C:\WINDOWS\SYSTEM32\MSACM32.dll
0x00007ff86a140000 - 0x00007ff86a365000 	D:\github\plathea\jaxrs-jersey-server-generated\opencv_features2d310d.dll
0x00007ff87b000000 - 0x00007ff87b17d000 	D:\github\plathea\jaxrs-jersey-server-generated\opencv_flann310d.dll
0x00007ff8ae410000 - 0x00007ff8ae5d9000 	C:\WINDOWS\SYSTEM32\dbghelp.dll

VM Arguments:
jvm_args: -Dclassworlds.conf=D:\Programmi\apache-maven-3.6.0-bin\apache-maven-3.6.0\bin\..\bin\m2.conf -Dmaven.home=D:\Programmi\apache-maven-3.6.0-bin\apache-maven-3.6.0\bin\.. -Dlibrary.jansi.path=D:\Programmi\apache-maven-3.6.0-bin\apache-maven-3.6.0\bin\..\lib\jansi-native -Dmaven.multiModuleProjectDirectory=D:\github\plathea\jaxrs-jersey-server-generated 
java_command: org.codehaus.plexus.classworlds.launcher.Launcher clean package jetty:run
java_class_path (initial): D:\Programmi\apache-maven-3.6.0-bin\apache-maven-3.6.0\bin\..\boot\plexus-classworlds-2.5.2.jar
Launcher Type: SUN_STANDARD

Environment Variables:
JAVA_HOME=C:\Program Files\Java\jdk1.8.0_181
PATH=C:\Program Files (x86)\Common Files\Oracle\Java\javapath;C:\Users\jack1\Desktop\plathea-code-22-trunk\plathea-code-22-trunk\opencv-master\build\install_release\x64\vc12\bin;C:\WINDOWS\system32;C:\WINDOWS;C:\WINDOWS\System32\Wbem;C:\WINDOWS\System32\WindowsPowerShell\v1.0\;C:\Program Files\Git\cmd;C:\Program Files\nodejs\;C:\Program Files\PuTTY\;C:\Users\jack1\AppData\Local\Microsoft\WindowsApps;C:\Users\jack1\AppData\Roaming\npm;C:\Users\jack1\AppData\Local\atom\bin;C:\adb;C:\WINDOWS\system32;C:\WINDOWS;C:\WINDOWS\System32\Wbem;C:\WINDOWS\System32\WindowsPowerShell\v1.0\;C:\WINDOWS\System32\OpenSSH\;C:\Users\jack1\Desktop\plathea-code-22-trunk\plathea-code-22-trunk\opencv-master\build\install_debug\x64\vc12\bin;C:\Users\jack1\AppData\Local\Microsoft\WindowsApps;C:\Users\jack1\AppData\Roaming\npm;C:\Users\jack1\AppData\Local\atom\bin;C:\Users\jack1\AppData\Local\Microsoft\WindowsApps;C:\Program Files\LLVM\bin;C:\ProgramData\jack1\atom\bin;C:\Program Files\Java\jdk1.8.0_181\bin;C:\Program Files\mingw-w64\x86_64-8.1.0-win32-seh-rt_v6-rev0\mingw64\bin;D:\Programmi\apache-maven-3.6.0-bin\apache-maven-3.6.0\bin;D:\github\plathea\LeoStormLibrary\LeoStormWindowsLib;
USERNAME=jack1
OS=Windows_NT
PROCESSOR_IDENTIFIER=Intel64 Family 6 Model 58 Stepping 9, GenuineIntel



---------------  S Y S T E M  ---------------

OS: Windows 10.0 , 64 bit Build 17134 (10.0.17134.1)

CPU:total 8 (initial active 8) (4 cores per cpu, 2 threads per core) family 6 model 58 stepping 9, cmov, cx8, fxsr, mmx, sse, sse2, sse3, ssse3, sse4.1, sse4.2, popcnt, avx, aes, clmul, erms, ht, tsc, tscinvbit, tscinv

Memory: 4k page, physical 16659944k(7318832k free), swap 19150312k(6123112k free)

vm_info: Java HotSpot(TM) 64-Bit Server VM (25.181-b13) for windows-amd64 JRE (1.8.0_181-b13), built on Jul  7 2018 04:01:33 by "java_re" with MS VC++ 10.0 (VS2010)

time: Fri Nov 16 20:18:20 2018
elapsed time: 25 seconds (0d 0h 0m 25s)

