#
# A fatal error has been detected by the Java Runtime Environment:
#
#  EXCEPTION_ACCESS_VIOLATION (0xc0000005) at pc=0x0000000059525ed2, pid=9980, tid=0x0000000000005b28
#
# JRE version: Java(TM) SE Runtime Environment (8.0_181-b13) (build 1.8.0_181-b13)
# Java VM: Java HotSpot(TM) 64-Bit Server VM (25.181-b13 mixed mode windows-amd64 compressed oops)
# Problematic frame:
# V  [jvm.dll+0x145ed2]
#
# Failed to write core dump. Minidumps are not enabled by default on client versions of Windows
#
# If you would like to submit a bug report, please visit:
#   http://bugreport.java.com/bugreport/crash.jsp
#

---------------  T H R E A D  ---------------

Current thread (0x0000000023cee800):  JavaThread "qtp1387253208-20" [_thread_in_vm, id=23336, stack(0x0000000026290000,0x0000000026390000)]

siginfo: ExceptionCode=0xc0000005, reading address 0x0000000000000000

Registers:
RAX=0x0000000000000000, RBX=0x0000000023cee800, RCX=0x0000000000000e80, RDX=0x0000000000000000
RSP=0x000000002638d0d0, RBP=0x0000000000000000, RSI=0x0000000000000000, RDI=0x0000000000000000
R8 =0x0000000000000000, R9 =0x0000000024442ca0, R10=0x0000000002b08c3b, R11=0x000000005960c6a0
R12=0x0000000000000000, R13=0x0000000030943668, R14=0x000000002638d408, R15=0x0000000023cee800
RIP=0x0000000059525ed2, EFLAGS=0x0000000000010202

Top of Stack: (sp=0x000000002638d0d0)
0x000000002638d0d0:   000000002638d1e0 000000001f8c43e8
0x000000002638d0e0:   0000000030943668 0000000023cee800
0x000000002638d0f0:   0000000023cee800 0000000000000000
0x000000002638d100:   0000000023cee800 00000000595bb55e
0x000000002638d110:   000000000000000b 00007ff8aef31226
0x000000002638d120:   00000000599c50e0 0000005000000000
0x000000002638d130:   000000000000002f 0000000000000000
0x000000002638d140:   0000000000000021 00007ff8aef31689
0x000000002638d150:   000000002638d170 000000002638d238
0x000000002638d160:   cccccccccccccccc 0000000030943668
0x000000002638d170:   cccccccccccccccc cccccccccccccccc
0x000000002638d180:   cccccccccccccccc cccccccccccccccc
0x000000002638d190:   cccccccccccccccc cccccccccccccccc
0x000000002638d1a0:   cccccccccccccccc cccccccccccccccc
0x000000002638d1b0:   cccccccccccccccc cccccccccccccccc
0x000000002638d1c0:   cccccccccccccccc cccccccccccccccc 

Instructions: (pc=0x0000000059525ed2)
0x0000000059525eb2:   89 5c 24 20 48 89 74 24 28 48 39 73 08 74 0a 48
0x0000000059525ec2:   8d 4c 24 20 e8 45 7a 13 00 40 38 35 9e da 6c 00
0x0000000059525ed2:   48 8b 3f 48 63 05 f8 39 6b 00 74 1b 8b 0c 38 85
0x0000000059525ee2:   c9 74 7c 8b c1 8b 0d 6b 09 66 00 48 d3 e0 48 03 


Register to memory mapping:

RAX=0x0000000000000000 is an unknown value
RBX=0x0000000023cee800 is a thread
RCX=0x0000000000000e80 is an unknown value
RDX=0x0000000000000000 is an unknown value
RSP=0x000000002638d0d0 is pointing into the stack for thread: 0x0000000023cee800
RBP=0x0000000000000000 is an unknown value
RSI=0x0000000000000000 is an unknown value
RDI=0x0000000000000000 is an unknown value
R8 =0x0000000000000000 is an unknown value
R9 =0x0000000024442ca0 is an unknown value
R10=0x0000000002b08c3b is at code_begin+891 in an Interpreter codelet
method entry point (kind = native)  [0x0000000002b088c0, 0x0000000002b09280]  2496 bytes
R11=0x000000005960c6a0 is an unknown value
R12=0x0000000000000000 is an unknown value
R13={method} {0x0000000030943670} 'loadConfigurationFile' '(Ljava/lang/String;)I' in 'io/core/InterfaceJNI'
R14=0x000000002638d408 is pointing into the stack for thread: 0x0000000023cee800
R15=0x0000000023cee800 is a thread


Stack: [0x0000000026290000,0x0000000026390000],  sp=0x000000002638d0d0,  free space=1012k
Native frames: (J=compiled Java code, j=interpreted, Vv=VM code, C=native code)

Java frames: (J=compiled Java code, j=interpreted, Vv=VM code)
j  io.core.InterfaceJNI.loadConfigurationFile(Ljava/lang/String;)I+0
j  io.core.MainSystem.loadconfigurationfile(Ljava/lang/Integer;Ljava/util/List;)Lio/core/MainSystem$ReturnRoomMessage;+171
j  io.swagger.api.impl.RoomApiServiceImpl.loadconfigurationfile(Ljava/lang/Integer;Ljava/util/List;Ljavax/ws/rs/core/SecurityContext;)Ljavax/ws/rs/core/Response;+2
j  io.swagger.api.RoomApi.loadconfigurationfile(Ljava/lang/Integer;Ljava/util/List;Ljavax/ws/rs/core/SecurityContext;)Ljavax/ws/rs/core/Response;+7
v  ~StubRoutines::call_stub
J 5167  sun.reflect.NativeMethodAccessorImpl.invoke0(Ljava/lang/reflect/Method;Ljava/lang/Object;[Ljava/lang/Object;)Ljava/lang/Object; (0 bytes) @ 0x0000000002eb40ff [0x0000000002eb4080+0x7f]
J 2276 C1 sun.reflect.NativeMethodAccessorImpl.invoke(Ljava/lang/Object;[Ljava/lang/Object;)Ljava/lang/Object; (104 bytes) @ 0x000000000325767c [0x0000000003256480+0x11fc]
J 2070 C1 sun.reflect.DelegatingMethodAccessorImpl.invoke(Ljava/lang/Object;[Ljava/lang/Object;)Ljava/lang/Object; (10 bytes) @ 0x00000000031cb3cc [0x00000000031cb2c0+0x10c]
J 1992 C1 java.lang.reflect.Method.invoke(Ljava/lang/Object;[Ljava/lang/Object;)Ljava/lang/Object; (62 bytes) @ 0x0000000003187474 [0x0000000003187080+0x3f4]
j  org.glassfish.jersey.server.model.internal.ResourceMethodInvocationHandlerFactory.lambda$static$0(Ljava/lang/Object;Ljava/lang/reflect/Method;[Ljava/lang/Object;)Ljava/lang/Object;+3
j  org.glassfish.jersey.server.model.internal.ResourceMethodInvocationHandlerFactory$$Lambda$122.invoke(Ljava/lang/Object;Ljava/lang/reflect/Method;[Ljava/lang/Object;)Ljava/lang/Object;+3
j  org.glassfish.jersey.server.model.internal.AbstractJavaResourceMethodDispatcher$1.run()Ljava/lang/Object;+38
j  org.glassfish.jersey.server.model.internal.AbstractJavaResourceMethodDispatcher.invoke(Lorg/glassfish/jersey/server/ContainerRequest;Ljava/lang/Object;[Ljava/lang/Object;)Ljava/lang/Object;+66
j  org.glassfish.jersey.server.model.internal.JavaResourceMethodDispatcherProvider$ResponseOutInvoker.doDispatch(Ljava/lang/Object;Lorg/glassfish/jersey/server/ContainerRequest;)Ljavax/ws/rs/core/Response;+10
j  org.glassfish.jersey.server.model.internal.AbstractJavaResourceMethodDispatcher.dispatch(Ljava/lang/Object;Lorg/glassfish/jersey/server/ContainerRequest;)Ljavax/ws/rs/core/Response;+5
j  org.glassfish.jersey.server.model.ResourceMethodInvoker.invoke(Lorg/glassfish/jersey/server/internal/process/RequestProcessingContext;Ljava/lang/Object;)Ljavax/ws/rs/core/Response;+26
j  org.glassfish.jersey.server.model.ResourceMethodInvoker.apply(Lorg/glassfish/jersey/server/internal/process/RequestProcessingContext;)Lorg/glassfish/jersey/server/ContainerResponse;+100
j  org.glassfish.jersey.server.model.ResourceMethodInvoker.apply(Ljava/lang/Object;)Ljava/lang/Object;+5
j  org.glassfish.jersey.server.ServerRuntime$1.run()V+89
j  org.glassfish.jersey.internal.Errors$1.call()Ljava/lang/Void;+4
j  org.glassfish.jersey.internal.Errors$1.call()Ljava/lang/Object;+1
j  org.glassfish.jersey.internal.Errors.process(Ljava/util/concurrent/Callable;Z)Ljava/lang/Object;+36
j  org.glassfish.jersey.internal.Errors.process(Lorg/glassfish/jersey/internal/util/Producer;Z)Ljava/lang/Object;+2
j  org.glassfish.jersey.internal.Errors.process(Ljava/lang/Runnable;)V+9
j  org.glassfish.jersey.process.internal.RequestScope.runInScope(Lorg/glassfish/jersey/process/internal/RequestContext;Ljava/lang/Runnable;)V+17
j  org.glassfish.jersey.server.ServerRuntime.process(Lorg/glassfish/jersey/server/ContainerRequest;)V+181
j  org.glassfish.jersey.server.ApplicationHandler.handle(Lorg/glassfish/jersey/server/ContainerRequest;)V+13
j  org.glassfish.jersey.servlet.WebComponent.serviceImpl(Ljava/net/URI;Ljava/net/URI;Ljavax/servlet/http/HttpServletRequest;Ljavax/servlet/http/HttpServletResponse;)Lorg/glassfish/jersey/servlet/internal/ResponseWriter;+81
j  org.glassfish.jersey.servlet.WebComponent.service(Ljava/net/URI;Ljava/net/URI;Ljavax/servlet/http/HttpServletRequest;Ljavax/servlet/http/HttpServletResponse;)Lorg/glassfish/jersey/internal/util/collection/Value;+6
j  org.glassfish.jersey.servlet.ServletContainer.service(Ljava/net/URI;Ljava/net/URI;Ljavax/servlet/http/HttpServletRequest;Ljavax/servlet/http/HttpServletResponse;)Lorg/glassfish/jersey/internal/util/collection/Value;+9
j  org.glassfish.jersey.servlet.ServletContainer.service(Ljavax/servlet/http/HttpServletRequest;Ljavax/servlet/http/HttpServletResponse;)V+183
j  org.glassfish.jersey.servlet.ServletContainer.service(Ljavax/servlet/ServletRequest;Ljavax/servlet/ServletResponse;)V+39
j  org.eclipse.jetty.servlet.ServletHolder.handle(Lorg/eclipse/jetty/server/Request;Ljavax/servlet/ServletRequest;Ljavax/servlet/ServletResponse;)V+89
j  org.eclipse.jetty.servlet.ServletHandler$CachedChain.doFilter(Ljavax/servlet/ServletRequest;Ljavax/servlet/ServletResponse;)V+211
j  io.swagger.api.ApiOriginFilter.doFilter(Ljavax/servlet/ServletRequest;Ljavax/servlet/ServletResponse;Ljavax/servlet/FilterChain;)V+42
j  org.eclipse.jetty.servlet.ServletHandler$CachedChain.doFilter(Ljavax/servlet/ServletRequest;Ljavax/servlet/ServletResponse;)V+103
j  org.eclipse.jetty.servlet.ServletHandler.doHandle(Ljava/lang/String;Lorg/eclipse/jetty/server/Request;Ljavax/servlet/http/HttpServletRequest;Ljavax/servlet/http/HttpServletResponse;)V+203
j  org.eclipse.jetty.server.handler.ScopedHandler.handle(Ljava/lang/String;Lorg/eclipse/jetty/server/Request;Ljavax/servlet/http/HttpServletRequest;Ljavax/servlet/http/HttpServletResponse;)V+32
j  org.eclipse.jetty.security.SecurityHandler.handle(Ljava/lang/String;Lorg/eclipse/jetty/server/Request;Ljavax/servlet/http/HttpServletRequest;Ljavax/servlet/http/HttpServletResponse;)V+553
j  org.eclipse.jetty.server.session.SessionHandler.doHandle(Ljava/lang/String;Lorg/eclipse/jetty/server/Request;Ljavax/servlet/http/HttpServletRequest;Ljavax/servlet/http/HttpServletResponse;)V+68
j  org.eclipse.jetty.server.handler.ContextHandler.doHandle(Ljava/lang/String;Lorg/eclipse/jetty/server/Request;Ljavax/servlet/http/HttpServletRequest;Ljavax/servlet/http/HttpServletResponse;)V+349
j  org.eclipse.jetty.servlet.ServletHandler.doScope(Ljava/lang/String;Lorg/eclipse/jetty/server/Request;Ljavax/servlet/http/HttpServletRequest;Ljavax/servlet/http/HttpServletResponse;)V+274
j  org.eclipse.jetty.server.session.SessionHandler.doScope(Ljava/lang/String;Lorg/eclipse/jetty/server/Request;Ljavax/servlet/http/HttpServletRequest;Ljavax/servlet/http/HttpServletResponse;)V+233
j  org.eclipse.jetty.server.handler.ContextHandler.doScope(Ljava/lang/String;Lorg/eclipse/jetty/server/Request;Ljavax/servlet/http/HttpServletRequest;Ljavax/servlet/http/HttpServletResponse;)V+437
j  org.eclipse.jetty.server.handler.ScopedHandler.handle(Ljava/lang/String;Lorg/eclipse/jetty/server/Request;Ljavax/servlet/http/HttpServletRequest;Ljavax/servlet/http/HttpServletResponse;)V+20
j  org.eclipse.jetty.server.handler.ContextHandlerCollection.handle(Ljava/lang/String;Lorg/eclipse/jetty/server/Request;Ljavax/servlet/http/HttpServletRequest;Ljavax/servlet/http/HttpServletResponse;)V+224
j  org.eclipse.jetty.server.handler.HandlerCollection.handle(Ljava/lang/String;Lorg/eclipse/jetty/server/Request;Ljavax/servlet/http/HttpServletRequest;Ljavax/servlet/http/HttpServletResponse;)V+42
j  org.eclipse.jetty.server.handler.HandlerWrapper.handle(Ljava/lang/String;Lorg/eclipse/jetty/server/Request;Ljavax/servlet/http/HttpServletRequest;Ljavax/servlet/http/HttpServletResponse;)V+23
j  org.eclipse.jetty.server.Server.handle(Lorg/eclipse/jetty/server/HttpChannel;)V+130
j  org.eclipse.jetty.server.HttpChannel.handle()Z+301
j  org.eclipse.jetty.server.HttpConnection.onFillable()V+189
j  org.eclipse.jetty.io.AbstractConnection$2.run()V+4
j  org.eclipse.jetty.util.thread.QueuedThreadPool.runJob(Ljava/lang/Runnable;)V+1
j  org.eclipse.jetty.util.thread.QueuedThreadPool$3.run()V+75
j  java.lang.Thread.run()V+11
v  ~StubRoutines::call_stub

---------------  P R O C E S S  ---------------

Java Threads: ( => current thread )
  0x00000000252dd000 JavaThread "Scheduler-231121286" [_thread_blocked, id=16976, stack(0x00000000309c0000,0x0000000030ac0000)]
  0x00000000252dc000 JavaThread "org.eclipse.jetty.server.session.HashSessionManager@306c8e09Timer" daemon [_thread_blocked, id=252, stack(0x000000002eb40000,0x000000002ec40000)]
  0x00000000252da000 JavaThread "qtp1387253208-25" [_thread_blocked, id=13948, stack(0x000000002ab00000,0x000000002ac00000)]
  0x00000000252d8800 JavaThread "qtp1387253208-24" [_thread_blocked, id=1724, stack(0x0000000026ac0000,0x0000000026bc0000)]
  0x0000000023ced000 JavaThread "qtp1387253208-22-selector-ServerConnectorManager@633083b7/0" [_thread_in_native, id=16968, stack(0x0000000026590000,0x0000000026690000)]
  0x0000000023cf0000 JavaThread "qtp1387253208-21" [_thread_blocked, id=19680, stack(0x0000000026490000,0x0000000026590000)]
=>0x0000000023cee800 JavaThread "qtp1387253208-20" [_thread_in_vm, id=23336, stack(0x0000000026290000,0x0000000026390000)]
  0x0000000023cef000 JavaThread "qtp1387253208-19-selector-ServerConnectorManager@633083b7/1" [_thread_in_native, id=12200, stack(0x0000000026190000,0x0000000026290000)]
  0x0000000023cf0800 JavaThread "qtp1387253208-18-acceptor-0@d04b70b-ServerConnector@2fc7c36a{HTTP/1.1}{0.0.0.0:8080}" [_thread_in_native, id=9272, stack(0x0000000024ff0000,0x00000000250f0000)]
  0x0000000023cf3000 JavaThread "qtp1387253208-17-selector-ServerConnectorManager@633083b7/2" [_thread_in_native, id=1384, stack(0x0000000024ef0000,0x0000000024ff0000)]
  0x0000000023cf2000 JavaThread "qtp1387253208-16-selector-ServerConnectorManager@633083b7/3" [_thread_in_native, id=17656, stack(0x0000000024df0000,0x0000000024ef0000)]
  0x0000000023ced800 JavaThread "qtp1387253208-15" [_thread_blocked, id=18260, stack(0x0000000024cf0000,0x0000000024df0000)]
  0x0000000023cf1800 JavaThread "ShutdownMonitor" daemon [_thread_in_native, id=1984, stack(0x0000000023340000,0x0000000023440000)]
  0x000000001e4bc800 JavaThread "Service Thread" daemon [_thread_blocked, id=13792, stack(0x000000001f000000,0x000000001f100000)]
  0x000000001e427000 JavaThread "C1 CompilerThread3" daemon [_thread_blocked, id=10920, stack(0x000000001ef00000,0x000000001f000000)]
  0x000000001e421000 JavaThread "C2 CompilerThread2" daemon [_thread_blocked, id=22856, stack(0x000000001ee00000,0x000000001ef00000)]
  0x000000001e420800 JavaThread "C2 CompilerThread1" daemon [_thread_blocked, id=8644, stack(0x000000001ed00000,0x000000001ee00000)]
  0x000000001e41c000 JavaThread "C2 CompilerThread0" daemon [_thread_blocked, id=18048, stack(0x000000001ec00000,0x000000001ed00000)]
  0x000000001e419800 JavaThread "Attach Listener" daemon [_thread_blocked, id=21760, stack(0x000000001eb00000,0x000000001ec00000)]
  0x000000001c51e000 JavaThread "Signal Dispatcher" daemon [_thread_blocked, id=7256, stack(0x000000001ea00000,0x000000001eb00000)]
  0x000000001e410800 JavaThread "Finalizer" daemon [_thread_blocked, id=13592, stack(0x000000001e7f0000,0x000000001e8f0000)]
  0x0000000002ae8000 JavaThread "Reference Handler" daemon [_thread_blocked, id=13980, stack(0x000000001e2f0000,0x000000001e3f0000)]
  0x00000000029f2800 JavaThread "main" [_thread_blocked, id=16756, stack(0x00000000028f0000,0x00000000029f0000)]

Other Threads:
  0x000000001c50a000 VMThread [stack: 0x000000001e1f0000,0x000000001e2f0000] [id=22004]
  0x000000001e4de800 WatcherThread [stack: 0x000000001f100000,0x000000001f200000] [id=6592]

VM state:not at safepoint (normal execution)

VM Mutex/Monitor currently owned by a thread: None

Heap:
 PSYoungGen      total 224768K, used 60254K [0x000000076b400000, 0x0000000781f80000, 0x00000007c0000000)
  eden space 189440K, 31% used [0x000000076b400000,0x000000076eed7800,0x0000000776d00000)
  from space 35328K, 0% used [0x0000000776d00000,0x0000000776d00000,0x0000000778f80000)
  to   space 36864K, 0% used [0x000000077fb80000,0x000000077fb80000,0x0000000781f80000)
 ParOldGen       total 183808K, used 49865K [0x00000006c1c00000, 0x00000006ccf80000, 0x000000076b400000)
  object space 183808K, 27% used [0x00000006c1c00000,0x00000006c4cb26d0,0x00000006ccf80000)
 Metaspace       used 42865K, capacity 44422K, committed 44672K, reserved 1089536K
  class space    used 5127K, capacity 5493K, committed 5504K, reserved 1048576K

Card table byte_map: [0x0000000011eb0000,0x00000000126b0000] byte_map_base: 0x000000000e8a2000

Marking Bits: (ParMarkBitMap*) 0x0000000059c02d00
 Begin Bits: [0x0000000013400000, 0x0000000017390000)
 End Bits:   [0x0000000017390000, 0x000000001b320000)

Polling page: 0x0000000000f80000

CodeCache: size=245760Kb used=22101Kb max_used=22167Kb free=223658Kb
 bounds [0x0000000002af0000, 0x00000000040f0000, 0x0000000011af0000]
 total_blobs=6550 nmethods=6059 adapters=403
 compilation: enabled

Compilation events (10 events):
Event: 13.374 Thread 0x000000001e427000 7099       1       java.util.ResourceBundle$CacheKey::hashCode (5 bytes)
Event: 13.374 Thread 0x000000001e427000 nmethod 7099 0x00000000032210d0 code [0x0000000003221220, 0x0000000003221330]
Event: 13.376 Thread 0x000000001e41c000 7100  s    4       org.fusesource.jansi.AnsiPrintStream::filter (948 bytes)
Event: 13.381 Thread 0x000000001e427000 7101       3       org.fusesource.jansi.FilterPrintStream::write (17 bytes)
Event: 13.382 Thread 0x000000001e427000 nmethod 7101 0x0000000002da12d0 code [0x0000000002da1440, 0x0000000002da1778]
Event: 13.384 Thread 0x000000001e427000 7102   !   3       java.io.PrintStream::write (66 bytes)
Event: 13.385 Thread 0x000000001e427000 nmethod 7102 0x000000000369bfd0 code [0x000000000369c1a0, 0x000000000369c958]
Event: 13.388 Thread 0x000000001e427000 7103  s    3       java.io.BufferedOutputStream::write (35 bytes)
Event: 13.388 Thread 0x000000001e427000 nmethod 7103 0x0000000002fd7510 code [0x0000000002fd76a0, 0x0000000002fd7b68]
Event: 13.458 Thread 0x000000001e41c000 nmethod 7100 0x00000000037e2710 code [0x00000000037e2b20, 0x00000000037e5200]

GC Heap History (10 events):
Event: 8.031 GC heap before
{Heap before GC invocations=9 (full 1):
 PSYoungGen      total 104448K, used 104445K [0x000000076b400000, 0x0000000776180000, 0x00000007c0000000)
  eden space 89088K, 100% used [0x000000076b400000,0x0000000770b00000,0x0000000770b00000)
  from space 15360K, 99% used [0x0000000770b00000,0x00000007719ff4b0,0x0000000771a00000)
  to   space 22528K, 0% used [0x0000000774b80000,0x0000000774b80000,0x0000000776180000)
 ParOldGen       total 119296K, used 26517K [0x00000006c1c00000, 0x00000006c9080000, 0x000000076b400000)
  object space 119296K, 22% used [0x00000006c1c00000,0x00000006c35e57c0,0x00000006c9080000)
 Metaspace       used 28388K, capacity 29200K, committed 29440K, reserved 1075200K
  class space    used 3241K, capacity 3461K, committed 3584K, reserved 1048576K
Event: 8.082 GC heap after
Heap after GC invocations=9 (full 1):
 PSYoungGen      total 144896K, used 22511K [0x000000076b400000, 0x0000000778980000, 0x00000007c0000000)
  eden space 122368K, 0% used [0x000000076b400000,0x000000076b400000,0x0000000772b80000)
  from space 22528K, 99% used [0x0000000774b80000,0x000000077617bc50,0x0000000776180000)
  to   space 32768K, 0% used [0x0000000772b80000,0x0000000772b80000,0x0000000774b80000)
 ParOldGen       total 119296K, used 44113K [0x00000006c1c00000, 0x00000006c9080000, 0x000000076b400000)
  object space 119296K, 36% used [0x00000006c1c00000,0x00000006c47144d8,0x00000006c9080000)
 Metaspace       used 28388K, capacity 29200K, committed 29440K, reserved 1075200K
  class space    used 3241K, capacity 3461K, committed 3584K, reserved 1048576K
}
Event: 8.083 GC heap before
{Heap before GC invocations=10 (full 1):
 PSYoungGen      total 144896K, used 23624K [0x000000076b400000, 0x0000000778980000, 0x00000007c0000000)
  eden space 122368K, 0% used [0x000000076b400000,0x000000076b5165a0,0x0000000772b80000)
  from space 22528K, 99% used [0x0000000774b80000,0x000000077617bc50,0x0000000776180000)
  to   space 32768K, 0% used [0x0000000772b80000,0x0000000772b80000,0x0000000774b80000)
 ParOldGen       total 119296K, used 44113K [0x00000006c1c00000, 0x00000006c9080000, 0x000000076b400000)
  object space 119296K, 36% used [0x00000006c1c00000,0x00000006c47144d8,0x00000006c9080000)
 Metaspace       used 28388K, capacity 29200K, committed 29440K, reserved 1075200K
  class space    used 3241K, capacity 3461K, committed 3584K, reserved 1048576K
Event: 8.099 GC heap after
Heap after GC invocations=10 (full 1):
 PSYoungGen      total 155136K, used 10270K [0x000000076b400000, 0x000000077af00000, 0x00000007c0000000)
  eden space 122368K, 0% used [0x000000076b400000,0x000000076b400000,0x0000000772b80000)
  from space 32768K, 31% used [0x0000000772b80000,0x00000007735878b8,0x0000000774b80000)
  to   space 32256K, 0% used [0x0000000778f80000,0x0000000778f80000,0x000000077af00000)
 ParOldGen       total 119296K, used 56672K [0x00000006c1c00000, 0x00000006c9080000, 0x000000076b400000)
  object space 119296K, 47% used [0x00000006c1c00000,0x00000006c53580f0,0x00000006c9080000)
 Metaspace       used 28388K, capacity 29200K, committed 29440K, reserved 1075200K
  class space    used 3241K, capacity 3461K, committed 3584K, reserved 1048576K
}
Event: 9.437 GC heap before
{Heap before GC invocations=11 (full 1):
 PSYoungGen      total 155136K, used 132638K [0x000000076b400000, 0x000000077af00000, 0x00000007c0000000)
  eden space 122368K, 100% used [0x000000076b400000,0x0000000772b80000,0x0000000772b80000)
  from space 32768K, 31% used [0x0000000772b80000,0x00000007735878b8,0x0000000774b80000)
  to   space 32256K, 0% used [0x0000000778f80000,0x0000000778f80000,0x000000077af00000)
 ParOldGen       total 119296K, used 56672K [0x00000006c1c00000, 0x00000006c9080000, 0x000000076b400000)
  object space 119296K, 47% used [0x00000006c1c00000,0x00000006c53580f0,0x00000006c9080000)
 Metaspace       used 34086K, capacity 35290K, committed 35456K, reserved 1081344K
  class space    used 4037K, capacity 4358K, committed 4480K, reserved 1048576K
Event: 9.481 GC heap after
Heap after GC invocations=11 (full 1):
 PSYoungGen      total 221696K, used 29095K [0x000000076b400000, 0x000000077b400000, 0x00000007c0000000)
  eden space 189440K, 0% used [0x000000076b400000,0x000000076b400000,0x0000000776d00000)
  from space 32256K, 90% used [0x0000000778f80000,0x000000077abe9f80,0x000000077af00000)
  to   space 35328K, 0% used [0x0000000776d00000,0x0000000776d00000,0x0000000778f80000)
 ParOldGen       total 119296K, used 59304K [0x00000006c1c00000, 0x00000006c9080000, 0x000000076b400000)
  object space 119296K, 49% used [0x00000006c1c00000,0x00000006c55ea198,0x00000006c9080000)
 Metaspace       used 34086K, capacity 35290K, committed 35456K, reserved 1081344K
  class space    used 4037K, capacity 4358K, committed 4480K, reserved 1048576K
}
Event: 9.487 GC heap before
{Heap before GC invocations=12 (full 1):
 PSYoungGen      total 221696K, used 32466K [0x000000076b400000, 0x000000077b400000, 0x00000007c0000000)
  eden space 189440K, 1% used [0x000000076b400000,0x000000076b74ac60,0x0000000776d00000)
  from space 32256K, 90% used [0x0000000778f80000,0x000000077abe9f80,0x000000077af00000)
  to   space 35328K, 0% used [0x0000000776d00000,0x0000000776d00000,0x0000000778f80000)
 ParOldGen       total 119296K, used 59304K [0x00000006c1c00000, 0x00000006c9080000, 0x000000076b400000)
  object space 119296K, 49% used [0x00000006c1c00000,0x00000006c55ea198,0x00000006c9080000)
 Metaspace       used 34127K, capacity 35290K, committed 35456K, reserved 1081344K
  class space    used 4039K, capacity 4358K, committed 4480K, reserved 1048576K
Event: 9.502 GC heap after
Heap after GC invocations=12 (full 1):
 PSYoungGen      total 224768K, used 288K [0x000000076b400000, 0x0000000781f80000, 0x00000007c0000000)
  eden space 189440K, 0% used [0x000000076b400000,0x000000076b400000,0x0000000776d00000)
  from space 35328K, 0% used [0x0000000776d00000,0x0000000776d48000,0x0000000778f80000)
  to   space 36864K, 0% used [0x000000077fb80000,0x000000077fb80000,0x0000000781f80000)
 ParOldGen       total 119296K, used 89673K [0x00000006c1c00000, 0x00000006c9080000, 0x000000076b400000)
  object space 119296K, 75% used [0x00000006c1c00000,0x00000006c73927b8,0x00000006c9080000)
 Metaspace       used 34127K, capacity 35290K, committed 35456K, reserved 1081344K
  class space    used 4039K, capacity 4358K, committed 4480K, reserved 1048576K
}
Event: 9.502 GC heap before
{Heap before GC invocations=13 (full 2):
 PSYoungGen      total 224768K, used 288K [0x000000076b400000, 0x0000000781f80000, 0x00000007c0000000)
  eden space 189440K, 0% used [0x000000076b400000,0x000000076b400000,0x0000000776d00000)
  from space 35328K, 0% used [0x0000000776d00000,0x0000000776d48000,0x0000000778f80000)
  to   space 36864K, 0% used [0x000000077fb80000,0x000000077fb80000,0x0000000781f80000)
 ParOldGen       total 119296K, used 89673K [0x00000006c1c00000, 0x00000006c9080000, 0x000000076b400000)
  object space 119296K, 75% used [0x00000006c1c00000,0x00000006c73927b8,0x00000006c9080000)
 Metaspace       used 34127K, capacity 35290K, committed 35456K, reserved 1081344K
  class space    used 4039K, capacity 4358K, committed 4480K, reserved 1048576K
Event: 9.610 GC heap after
Heap after GC invocations=13 (full 2):
 PSYoungGen      total 224768K, used 0K [0x000000076b400000, 0x0000000781f80000, 0x00000007c0000000)
  eden space 189440K, 0% used [0x000000076b400000,0x000000076b400000,0x0000000776d00000)
  from space 35328K, 0% used [0x0000000776d00000,0x0000000776d00000,0x0000000778f80000)
  to   space 36864K, 0% used [0x000000077fb80000,0x000000077fb80000,0x0000000781f80000)
 ParOldGen       total 183808K, used 49865K [0x00000006c1c00000, 0x00000006ccf80000, 0x000000076b400000)
  object space 183808K, 27% used [0x00000006c1c00000,0x00000006c4cb26d0,0x00000006ccf80000)
 Metaspace       used 34127K, capacity 35290K, committed 35456K, reserved 1081344K
  class space    used 4039K, capacity 4358K, committed 4480K, reserved 1048576K
}

Deoptimization events (10 events):
Event: 13.316 Thread 0x0000000023cee800 Uncommon trap: reason=class_check action=maybe_recompile pc=0x00000000031b0848 method=java.util.Collections$UnmodifiableMap$UnmodifiableEntrySet$UnmodifiableEntry.getKey()Ljava/lang/Object; @ 4
Event: 13.316 Thread 0x0000000023cee800 Uncommon trap: reason=class_check action=maybe_recompile pc=0x00000000031ce6c8 method=java.util.Collections$UnmodifiableMap$UnmodifiableEntrySet$UnmodifiableEntry.getValue()Ljava/lang/Object; @ 4
Event: 13.316 Thread 0x0000000023cee800 Uncommon trap: reason=class_check action=maybe_recompile pc=0x00000000031d04d0 method=java.util.Collections$UnmodifiableMap$UnmodifiableEntrySet$1.hasNext()Z @ 4
Event: 13.326 Thread 0x0000000023cee800 Uncommon trap: reason=unstable_if action=reinterpret pc=0x0000000002e8266c method=java.lang.StringCoding.decode(Ljava/lang/String;[BII)[C @ 51
Event: 13.327 Thread 0x0000000023cee800 Uncommon trap: reason=class_check action=maybe_recompile pc=0x0000000003024174 method=java.lang.StringCoding$StringDecoder.decode([BII)[C @ 30
Event: 13.327 Thread 0x0000000023cee800 Uncommon trap: reason=class_check action=maybe_recompile pc=0x0000000002c91588 method=java.lang.StringCoding$StringDecoder.decode([BII)[C @ 30
Event: 13.348 Thread 0x0000000023cee800 Uncommon trap: reason=class_check action=maybe_recompile pc=0x0000000002c915b4 method=java.lang.StringCoding$StringDecoder.charsetName()Ljava/lang/String; @ 4
Event: 13.364 Thread 0x0000000023cee800 Uncommon trap: reason=unstable_if action=reinterpret pc=0x000000000348576c method=java.io.WinNTFileSystem.normalize(Ljava/lang/String;II)Ljava/lang/String; @ 103
Event: 13.365 Thread 0x0000000023cee800 Uncommon trap: reason=unstable_if action=reinterpret pc=0x000000000346d794 method=java.io.WinNTFileSystem.normalize(Ljava/lang/String;II)Ljava/lang/String; @ 103
Event: 13.366 Thread 0x0000000023cee800 Uncommon trap: reason=unstable_if action=reinterpret pc=0x0000000003f787ac method=sun.reflect.annotation.AnnotationInvocationHandler.invoke(Ljava/lang/Object;Ljava/lang/reflect/Method;[Ljava/lang/Object;)Ljava/lang/Object; @ 19

Classes redefined (0 events):
No events

Internal exceptions (10 events):
Event: 7.350 Thread 0x00000000029f2800 Exception <a 'java/lang/ClassNotFoundException': sun/net/www/protocol/c/Handler> (0x000000076e546798) thrown at [C:\re\workspace\8-2-build-windows-amd64-cygwin\jdk8u181\11358\hotspot\src\share\vm\classfile\systemDictionary.cpp, line 210]
Event: 7.410 Thread 0x0000000023cf2000 Implicit null exception at 0x0000000002d74899 to 0x0000000002d75081
Event: 7.410 Thread 0x0000000023ced000 Implicit null exception at 0x0000000002d74899 to 0x0000000002d75081
Event: 7.411 Thread 0x0000000023cf0800 Implicit null exception at 0x0000000003029a4c to 0x000000000302a149
Event: 7.411 Thread 0x0000000023cee800 Implicit null exception at 0x0000000003029a4c to 0x000000000302a149
Event: 9.019 Thread 0x00000000029f2800 Exception <a 'java/lang/NoSuchFieldError': method resolution failed> (0x0000000770e80bd8) thrown at [C:\re\workspace\8-2-build-windows-amd64-cygwin\jdk8u181\11358\hotspot\src\share\vm\prims\methodHandles.cpp, line 1167]
Event: 9.020 Thread 0x00000000029f2800 Exception <a 'java/lang/NoSuchFieldError': method resolution failed> (0x0000000770e8e668) thrown at [C:\re\workspace\8-2-build-windows-amd64-cygwin\jdk8u181\11358\hotspot\src\share\vm\prims\methodHandles.cpp, line 1167]
Event: 9.771 Thread 0x00000000029f2800 Exception <a 'java/lang/NoSuchMethodError': java.lang.Object.lambda$and$0(Ljava/util/function/Predicate;Ljava/lang/Object;)Z> (0x000000076bfe11c0) thrown at [C:\re\workspace\8-2-build-windows-amd64-cygwin\jdk8u181\11358\hotspot\src\share\vm\interpreter\li
Event: 9.815 Thread 0x00000000029f2800 Exception <a 'java/lang/NoSuchMethodError': java.lang.Object.lambda$comparingInt$7b0bb60$1(Ljava/util/function/ToIntFunction;Ljava/lang/Object;Ljava/lang/Object;)I> (0x000000076c321e90) thrown at [C:\re\workspace\8-2-build-windows-amd64-cygwin\jdk8u181\11
Event: 13.370 Thread 0x0000000023cee800 Exception <a 'java/io/IOException'> (0x000000076ee4a590) thrown at [C:\re\workspace\8-2-build-windows-amd64-cygwin\jdk8u181\11358\hotspot\src\share\vm\prims\jni.cpp, line 709]

Events (10 events):
Event: 13.383 Thread 0x000000001e427000 flushing nmethod 0x000000000369bc90
Event: 13.383 Thread 0x000000001e427000 flushing nmethod 0x00000000036f8ad0
Event: 13.383 Thread 0x000000001e427000 flushing nmethod 0x00000000037946d0
Event: 13.385 Thread 0x000000001e427000 flushing nmethod 0x00000000037e2450
Event: 13.386 Thread 0x000000001e427000 flushing nmethod 0x0000000003859cd0
Event: 13.386 Thread 0x000000001e427000 flushing nmethod 0x00000000038ddd10
Event: 13.389 Thread 0x000000001e427000 flushing nmethod 0x0000000003971310
Event: 13.389 Thread 0x000000001e427000 flushing nmethod 0x00000000039c9c90
Event: 13.499 Executing VM operation: RevokeBias
Event: 13.499 Executing VM operation: RevokeBias done


Dynamic libraries:
0x00007ff6a5ea0000 - 0x00007ff6a5ed7000 	C:\Program Files\Java\jdk1.8.0_181\bin\java.exe
0x00007ff8b87b0000 - 0x00007ff8b8991000 	C:\WINDOWS\SYSTEM32\ntdll.dll
0x00007ff8b5e70000 - 0x00007ff8b5f22000 	C:\WINDOWS\System32\KERNEL32.DLL
0x00007ff8b5770000 - 0x00007ff8b59e3000 	C:\WINDOWS\System32\KERNELBASE.dll
0x00007ff8b5f30000 - 0x00007ff8b5fd1000 	C:\WINDOWS\System32\ADVAPI32.dll
0x00007ff8b7d70000 - 0x00007ff8b7e0e000 	C:\WINDOWS\System32\msvcrt.dll
0x00007ff8b7ee0000 - 0x00007ff8b7f3b000 	C:\WINDOWS\System32\sechost.dll
0x00007ff8b8650000 - 0x00007ff8b8774000 	C:\WINDOWS\System32\RPCRT4.dll
0x00007ff8b76e0000 - 0x00007ff8b7870000 	C:\WINDOWS\System32\USER32.dll
0x00007ff8b4b80000 - 0x00007ff8b4ba0000 	C:\WINDOWS\System32\win32u.dll
0x00007ff8b8620000 - 0x00007ff8b8648000 	C:\WINDOWS\System32\GDI32.dll
0x00007ff8b4e40000 - 0x00007ff8b4fd2000 	C:\WINDOWS\System32\gdi32full.dll
0x00007ff8b5ba0000 - 0x00007ff8b5c3f000 	C:\WINDOWS\System32\msvcp_win.dll
0x00007ff8b59f0000 - 0x00007ff8b5aea000 	C:\WINDOWS\System32\ucrtbase.dll
0x00007ff8a8200000 - 0x00007ff8a8469000 	C:\WINDOWS\WinSxS\amd64_microsoft.windows.common-controls_6595b64144ccf1df_6.0.17134.407_none_fb449d63306391e9\COMCTL32.dll
0x00007ff8b7a40000 - 0x00007ff8b7d62000 	C:\WINDOWS\System32\combase.dll
0x00007ff8b4fe0000 - 0x00007ff8b505a000 	C:\WINDOWS\System32\bcryptPrimitives.dll
0x00007ff8b85f0000 - 0x00007ff8b861d000 	C:\WINDOWS\System32\IMM32.DLL
0x000000005c6d0000 - 0x000000005c7a2000 	C:\Program Files\Java\jdk1.8.0_181\jre\bin\msvcr100.dll
0x00000000593e0000 - 0x0000000059c82000 	C:\Program Files\Java\jdk1.8.0_181\jre\bin\server\jvm.dll
0x00007ff8b7510000 - 0x00007ff8b7518000 	C:\WINDOWS\System32\PSAPI.DLL
0x00007ff8b24c0000 - 0x00007ff8b24c9000 	C:\WINDOWS\SYSTEM32\WSOCK32.dll
0x00007ff8abd00000 - 0x00007ff8abd0a000 	C:\WINDOWS\SYSTEM32\VERSION.dll
0x00007ff8ab410000 - 0x00007ff8ab433000 	C:\WINDOWS\SYSTEM32\WINMM.dll
0x00007ff8b7870000 - 0x00007ff8b78dc000 	C:\WINDOWS\System32\WS2_32.dll
0x00007ff8ab3e0000 - 0x00007ff8ab40a000 	C:\WINDOWS\SYSTEM32\winmmbase.dll
0x00007ff8b4c00000 - 0x00007ff8b4c49000 	C:\WINDOWS\System32\cfgmgr32.dll
0x000000005c680000 - 0x000000005c68f000 	C:\Program Files\Java\jdk1.8.0_181\jre\bin\verify.dll
0x000000005ba70000 - 0x000000005ba99000 	C:\Program Files\Java\jdk1.8.0_181\jre\bin\java.dll
0x000000005c660000 - 0x000000005c676000 	C:\Program Files\Java\jdk1.8.0_181\jre\bin\zip.dll
0x00007ff8b5fe0000 - 0x00007ff8b741f000 	C:\WINDOWS\System32\SHELL32.dll
0x00007ff8b5c40000 - 0x00007ff8b5ce9000 	C:\WINDOWS\System32\shcore.dll
0x00007ff8b5060000 - 0x00007ff8b576d000 	C:\WINDOWS\System32\windows.storage.dll
0x00007ff8b7e70000 - 0x00007ff8b7ec1000 	C:\WINDOWS\System32\shlwapi.dll
0x00007ff8b4b60000 - 0x00007ff8b4b71000 	C:\WINDOWS\System32\kernel.appcore.dll
0x00007ff8b4b40000 - 0x00007ff8b4b5f000 	C:\WINDOWS\System32\profapi.dll
0x00007ff8b4ac0000 - 0x00007ff8b4b0c000 	C:\WINDOWS\System32\powrprof.dll
0x00007ff8b4b10000 - 0x00007ff8b4b1a000 	C:\WINDOWS\System32\FLTLIB.DLL
0x00007ff8b0fb0000 - 0x00007ff8b0fba000 	D:\Programmi\apache-maven-3.6.0-bin\apache-maven-3.6.0\lib\jansi-native\windows64\jansi.dll
0x000000005ba50000 - 0x000000005ba6a000 	C:\Program Files\Java\jdk1.8.0_181\jre\bin\net.dll
0x00007ff8b42e0000 - 0x00007ff8b4346000 	C:\WINDOWS\system32\mswsock.dll
0x000000005ba30000 - 0x000000005ba41000 	C:\Program Files\Java\jdk1.8.0_181\jre\bin\nio.dll
0x000000005b980000 - 0x000000005b98d000 	C:\Program Files\Java\jdk1.8.0_181\jre\bin\management.dll
0x00007ff8b44a0000 - 0x00007ff8b44b7000 	C:\WINDOWS\SYSTEM32\CRYPTSP.dll
0x00007ff8b3ec0000 - 0x00007ff8b3ef3000 	C:\WINDOWS\system32\rsaenh.dll
0x00007ff8b45c0000 - 0x00007ff8b45e5000 	C:\WINDOWS\SYSTEM32\bcrypt.dll
0x00007ff8b49c0000 - 0x00007ff8b49e8000 	C:\WINDOWS\SYSTEM32\USERENV.dll
0x00007ff8b4490000 - 0x00007ff8b449b000 	C:\WINDOWS\SYSTEM32\CRYPTBASE.dll
0x00007ff8b4060000 - 0x00007ff8b4098000 	C:\WINDOWS\SYSTEM32\IPHLPAPI.DLL
0x00007ff8b5d90000 - 0x00007ff8b5d98000 	C:\WINDOWS\System32\NSI.dll
0x00007ff8af740000 - 0x00007ff8af756000 	C:\WINDOWS\SYSTEM32\dhcpcsvc6.DLL
0x00007ff8af840000 - 0x00007ff8af85a000 	C:\WINDOWS\SYSTEM32\dhcpcsvc.DLL
0x00007ff8aef20000 - 0x00007ff8aef44000 	D:\github\plathea\jaxrs-jersey-server-generated\src\main\java\io\core\InterfaceJNI_DLL.dll
0x00007ff8ae810000 - 0x00007ff8ae831000 	C:\WINDOWS\SYSTEM32\VCRUNTIME140D.dll
0x00007ff88a1b0000 - 0x00007ff88a36d000 	C:\WINDOWS\SYSTEM32\ucrtbased.dll
0x00007ff87da60000 - 0x00007ff87de20000 	D:\github\plathea\jaxrs-jersey-server-generated\PlatheaDLL.dll
0x00007ff8b7420000 - 0x00007ff8b750d000 	C:\WINDOWS\System32\COMDLG32.dll
0x00007ff8b78e0000 - 0x00007ff8b7a31000 	C:\WINDOWS\System32\ole32.dll
0x00007ff890fc0000 - 0x00007ff8910c8000 	D:\github\plathea\jaxrs-jersey-server-generated\opencv_video310d.dll
0x00007ff850d00000 - 0x00007ff851c9e000 	D:\github\plathea\jaxrs-jersey-server-generated\opencv_core310d.dll
0x00007ff882870000 - 0x00007ff882a1c000 	D:\github\plathea\jaxrs-jersey-server-generated\opencv_ml310d.dll
0x00007ff8a40d0000 - 0x00007ff8a4136000 	D:\github\plathea\jaxrs-jersey-server-generated\opencv_highgui310d.dll
0x00007ff84eb30000 - 0x00007ff850cfb000 	D:\github\plathea\jaxrs-jersey-server-generated\opencv_imgproc310d.dll
0x00007ff87d680000 - 0x00007ff87da54000 	D:\github\plathea\jaxrs-jersey-server-generated\opencv_calib3d310d.dll
0x00007ff87efd0000 - 0x00007ff87f164000 	D:\github\plathea\jaxrs-jersey-server-generated\opencv_objdetect310d.dll
0x00007ff88ec80000 - 0x00007ff88ed74000 	C:\WINDOWS\SYSTEM32\MSVCP140D.dll
0x00007ff88d200000 - 0x00007ff88d2b6000 	C:\WINDOWS\SYSTEM32\CONCRT140D.dll
0x00007ff88b260000 - 0x00007ff88b312000 	D:\github\plathea\jaxrs-jersey-server-generated\opencv_videoio310d.dll
0x00007ff8b5da0000 - 0x00007ff8b5e62000 	C:\WINDOWS\System32\OLEAUT32.dll
0x00007ff85a7b0000 - 0x00007ff85ad0e000 	D:\github\plathea\jaxrs-jersey-server-generated\opencv_imgcodecs310d.dll
0x00007ff87e8c0000 - 0x00007ff87eae5000 	D:\github\plathea\jaxrs-jersey-server-generated\opencv_features2d310d.dll
0x00007ff8aab70000 - 0x00007ff8aab99000 	C:\WINDOWS\SYSTEM32\MSVFW32.dll
0x00007ff8ac750000 - 0x00007ff8ac76f000 	C:\WINDOWS\SYSTEM32\AVIFIL32.dll
0x00007ff8ac4b0000 - 0x00007ff8ac4c8000 	C:\WINDOWS\SYSTEM32\AVICAP32.dll
0x00007ff894930000 - 0x00007ff89494c000 	C:\WINDOWS\SYSTEM32\MSACM32.dll
0x00007ff884110000 - 0x00007ff88428d000 	D:\github\plathea\jaxrs-jersey-server-generated\opencv_flann310d.dll
0x00007ff8ae410000 - 0x00007ff8ae5d9000 	C:\WINDOWS\SYSTEM32\dbghelp.dll

VM Arguments:
jvm_args: -Dclassworlds.conf=D:\Programmi\apache-maven-3.6.0-bin\apache-maven-3.6.0\bin\..\bin\m2.conf -Dmaven.home=D:\Programmi\apache-maven-3.6.0-bin\apache-maven-3.6.0\bin\.. -Dlibrary.jansi.path=D:\Programmi\apache-maven-3.6.0-bin\apache-maven-3.6.0\bin\..\lib\jansi-native -Dmaven.multiModuleProjectDirectory=D:\github\plathea\jaxrs-jersey-server-generated 
java_command: org.codehaus.plexus.classworlds.launcher.Launcher clean package jetty:run
java_class_path (initial): D:\Programmi\apache-maven-3.6.0-bin\apache-maven-3.6.0\bin\..\boot\plexus-classworlds-2.5.2.jar
Launcher Type: SUN_STANDARD

Environment Variables:
JAVA_HOME=C:\Program Files\Java\jdk1.8.0_181
PATH=C:\Program Files (x86)\Common Files\Oracle\Java\javapath;C:\Users\jack1\Desktop\plathea-code-22-trunk\plathea-code-22-trunk\opencv-master\build\install_release\x64\vc12\bin;C:\WINDOWS\system32;C:\WINDOWS;C:\WINDOWS\System32\Wbem;C:\WINDOWS\System32\WindowsPowerShell\v1.0\;C:\Program Files\Git\cmd;C:\Program Files\nodejs\;C:\Program Files\PuTTY\;C:\Users\jack1\AppData\Local\Microsoft\WindowsApps;C:\Users\jack1\AppData\Roaming\npm;C:\Users\jack1\AppData\Local\atom\bin;C:\adb;C:\WINDOWS\system32;C:\WINDOWS;C:\WINDOWS\System32\Wbem;C:\WINDOWS\System32\WindowsPowerShell\v1.0\;C:\WINDOWS\System32\OpenSSH\;C:\Users\jack1\Desktop\plathea-code-22-trunk\plathea-code-22-trunk\opencv-master\build\install_debug\x64\vc12\bin;C:\Users\jack1\AppData\Local\Microsoft\WindowsApps;C:\Users\jack1\AppData\Roaming\npm;C:\Users\jack1\AppData\Local\atom\bin;C:\Users\jack1\AppData\Local\Microsoft\WindowsApps;C:\Program Files\LLVM\bin;C:\ProgramData\jack1\atom\bin;C:\Program Files\Java\jdk1.8.0_181\bin;C:\Program Files\mingw-w64\x86_64-8.1.0-win32-seh-rt_v6-rev0\mingw64\bin;D:\Programmi\apache-maven-3.6.0-bin\apache-maven-3.6.0\bin;D:\github\plathea\LeoStormLibrary\LeoStormWindowsLib;
USERNAME=jack1
OS=Windows_NT
PROCESSOR_IDENTIFIER=Intel64 Family 6 Model 58 Stepping 9, GenuineIntel



---------------  S Y S T E M  ---------------

OS: Windows 10.0 , 64 bit Build 17134 (10.0.17134.1)

CPU:total 8 (initial active 8) (4 cores per cpu, 2 threads per core) family 6 model 58 stepping 9, cmov, cx8, fxsr, mmx, sse, sse2, sse3, ssse3, sse4.1, sse4.2, popcnt, avx, aes, clmul, erms, ht, tsc, tscinvbit, tscinv

Memory: 4k page, physical 16659944k(8028340k free), swap 19150312k(7430432k free)

vm_info: Java HotSpot(TM) 64-Bit Server VM (25.181-b13) for windows-amd64 JRE (1.8.0_181-b13), built on Jul  7 2018 04:01:33 by "java_re" with MS VC++ 10.0 (VS2010)

time: Fri Nov 16 11:28:11 2018
elapsed time: 13 seconds (0d 0h 0m 13s)

