#
# A fatal error has been detected by the Java Runtime Environment:
#
#  EXCEPTION_ACCESS_VIOLATION (0xc0000005) at pc=0x0000000052a44917, pid=22228, tid=0x0000000000003238
#
# JRE version: Java(TM) SE Runtime Environment (8.0_181-b13) (build 1.8.0_181-b13)
# Java VM: Java HotSpot(TM) 64-Bit Server VM (25.181-b13 mixed mode windows-amd64 compressed oops)
# Problematic frame:
# V  [jvm.dll+0x214917]
#
# Failed to write core dump. Minidumps are not enabled by default on client versions of Windows
#
# If you would like to submit a bug report, please visit:
#   http://bugreport.java.com/bugreport/crash.jsp
#

---------------  T H R E A D  ---------------

Current thread (0x0000000021bd7000):  JavaThread "qtp776058458-18" [_thread_in_Java, id=12856, stack(0x0000000025f60000,0x0000000026060000)]

siginfo: ExceptionCode=0xc0000005, reading address 0xffffffffffffffff

Registers:
RAX=0xcccccccccccccccc, RBX=0x00000000305d6040, RCX=0x000000002605cf10, RDX=0x0000000000000007
RSP=0x000000002605cc48, RBP=0x000000002605cd50, RSI=0x0000000021bd7000, RDI=0x00000000ffffffff
R8 =0x0000000000000007, R9 =0x000000002605cf18, R10=0x0000000002630827, R11=0x0000000000000008
R12=0x000000002306db80, R13=0x0000000021bd7000, R14=0x000000002605cce8, R15=0x00000000305d6040
RIP=0x0000000052a44917, EFLAGS=0x0000000000010286

Top of Stack: (sp=0x000000002605cc48)
0x000000002605cc48:   0000000052a45805 00000000305d6040
0x000000002605cc58:   000000002605cd50 0000000020d861b8
0x000000002605cc68:   0000000021bd7000 0000000021bd7000
0x000000002605cc78:   0000000052a678fd 000000002605cdf0
0x000000002605cc88:   00000000305d6040 00000000305d6040
0x000000002605cc98:   0000000021bd7000 0000000002643be0
0x000000002605cca8:   0000000052a672ab 000000002605cdb0
0x000000002605ccb8:   000000001fed8c60 00008ee8f2a2cd60
0x000000002605ccc8:   0000000020d861e8 0000000000000000
0x000000002605ccd8:   00000000305d6040 0000000021bd7000
0x000000002605cce8:   0000000020d861b8 00000000305d6040
0x000000002605ccf8:   0000000021bd7000 000000002605d028
0x000000002605cd08:   00000000022669c0 0000000021bd7000
0x000000002605cd18:   000000001f8d2220 00000000305d6040
0x000000002605cd28:   000000076ee30550 000000002605d4b0
0x000000002605cd38:   0000000002648c3b 000000002605d520 

Instructions: (pc=0x0000000052a44917)
0x0000000052a448f7:   68 7e 30 66 0f 1f 44 00 00 48 8b 41 60 80 3c 02
0x0000000052a44907:   00 74 14 4c 8b 49 58 49 8b 04 d1 48 85 c0 74 03
0x0000000052a44917:   48 8b 00 49 89 04 d1 41 ff c0 48 ff c2 44 3b 41
0x0000000052a44927:   68 7c d6 48 8b 41 58 c3 cc 40 53 48 83 ec 20 80 


Register to memory mapping:

RAX=0xcccccccccccccccc is an unknown value
RBX={method} {0x00000000305d6048} '<init>' '(Lio/core/InterfaceJNI;Ljava/lang/String;IIIILjava/lang/String;)V' in 'io/core/InterfaceJNI$TrackedPerson'
RCX=0x000000002605cf10 is pointing into the stack for thread: 0x0000000021bd7000
RDX=0x0000000000000007 is an unknown value
RSP=0x000000002605cc48 is pointing into the stack for thread: 0x0000000021bd7000
RBP=0x000000002605cd50 is pointing into the stack for thread: 0x0000000021bd7000
RSI=0x0000000021bd7000 is a thread
RDI=0x00000000ffffffff is an unknown value
R8 =0x0000000000000007 is an unknown value
R9 =0x000000002605cf18 is pointing into the stack for thread: 0x0000000021bd7000
R10=0x0000000002630827 is at begin+0 in a stub
StubRoutines::call_stub [0x0000000002630827, 0x000000000263098b[ (356 bytes)
R11=0x0000000000000008 is an unknown value
R12=0x000000002306db80 is an unknown value
R13=0x0000000021bd7000 is a thread
R14=0x000000002605cce8 is pointing into the stack for thread: 0x0000000021bd7000
R15={method} {0x00000000305d6048} '<init>' '(Lio/core/InterfaceJNI;Ljava/lang/String;IIIILjava/lang/String;)V' in 'io/core/InterfaceJNI$TrackedPerson'


Stack: [0x0000000025f60000,0x0000000026060000],  sp=0x000000002605cc48,  free space=1011k
Native frames: (J=compiled Java code, j=interpreted, Vv=VM code, C=native code)
V  [jvm.dll+0x214917]


---------------  P R O C E S S  ---------------

Java Threads: ( => current thread )
  0x000000002530d000 JavaThread "Scheduler-582030011" [_thread_blocked, id=6892, stack(0x00000000305f0000,0x00000000306f0000)]
  0x0000000025310000 JavaThread "org.eclipse.jetty.server.session.HashSessionManager@6f254d79Timer" daemon [_thread_blocked, id=16908, stack(0x000000002f9b0000,0x000000002fab0000)]
  0x000000002530e000 JavaThread "qtp776058458-26" [_thread_blocked, id=16236, stack(0x000000002d910000,0x000000002da10000)]
  0x000000001f794000 JavaThread "qtp776058458-25" [_thread_blocked, id=9268, stack(0x0000000027930000,0x0000000027a30000)]
  0x000000001f795000 JavaThread "qtp776058458-24-selector-ServerConnectorManager@2470e632/0" [_thread_in_native, id=6420, stack(0x0000000026860000,0x0000000026960000)]
  0x000000001f792800 JavaThread "qtp776058458-22-selector-ServerConnectorManager@2470e632/2" [_thread_in_native, id=18304, stack(0x0000000026460000,0x0000000026560000)]
  0x000000001f795800 JavaThread "qtp776058458-21" [_thread_blocked, id=11228, stack(0x0000000026260000,0x0000000026360000)]
  0x000000001f793800 JavaThread "qtp776058458-20-acceptor-0@7d9d75e2-ServerConnector@18247d9b{HTTP/1.1}{0.0.0.0:8080}" [_thread_in_native, id=3216, stack(0x0000000026160000,0x0000000026260000)]
  0x000000001ffd6000 JavaThread "qtp776058458-19-selector-ServerConnectorManager@2470e632/1" [_thread_in_native, id=19480, stack(0x0000000026060000,0x0000000026160000)]
=>0x0000000021bd7000 JavaThread "qtp776058458-18" [_thread_in_Java, id=12856, stack(0x0000000025f60000,0x0000000026060000)]
  0x00000000235ba800 JavaThread "qtp776058458-17" [_thread_blocked, id=844, stack(0x0000000025e60000,0x0000000025f60000)]
  0x000000001ee6b800 JavaThread "qtp776058458-16" [_thread_blocked, id=12612, stack(0x0000000025d60000,0x0000000025e60000)]
  0x00000000220ce800 JavaThread "qtp776058458-15-selector-ServerConnectorManager@2470e632/3" [_thread_in_native, id=18648, stack(0x0000000025c60000,0x0000000025d60000)]
  0x0000000021995800 JavaThread "ShutdownMonitor" daemon [_thread_in_native, id=18100, stack(0x0000000025b60000,0x0000000025c60000)]
  0x000000001df98000 JavaThread "Service Thread" daemon [_thread_blocked, id=17116, stack(0x000000001eb20000,0x000000001ec20000)]
  0x000000001df51000 JavaThread "C1 CompilerThread3" daemon [_thread_blocked, id=21076, stack(0x000000001ea20000,0x000000001eb20000)]
  0x000000001df42800 JavaThread "C2 CompilerThread2" daemon [_thread_blocked, id=16668, stack(0x000000001e920000,0x000000001ea20000)]
  0x000000001df40800 JavaThread "C2 CompilerThread1" daemon [_thread_blocked, id=21952, stack(0x000000001e820000,0x000000001e920000)]
  0x000000001df3c000 JavaThread "C2 CompilerThread0" daemon [_thread_blocked, id=1060, stack(0x000000001e720000,0x000000001e820000)]
  0x000000001df39800 JavaThread "Attach Listener" daemon [_thread_blocked, id=19476, stack(0x000000001e620000,0x000000001e720000)]
  0x000000001c05e000 JavaThread "Signal Dispatcher" daemon [_thread_blocked, id=4964, stack(0x000000001e520000,0x000000001e620000)]
  0x000000001df30800 JavaThread "Finalizer" daemon [_thread_blocked, id=22212, stack(0x000000001e310000,0x000000001e410000)]
  0x0000000002628000 JavaThread "Reference Handler" daemon [_thread_blocked, id=17576, stack(0x000000001de10000,0x000000001df10000)]
  0x0000000002532800 JavaThread "main" [_thread_blocked, id=21888, stack(0x0000000002390000,0x0000000002490000)]

Other Threads:
  0x000000001c04a000 VMThread [stack: 0x000000001dd10000,0x000000001de10000] [id=2104]
  0x000000001df9a800 WatcherThread [stack: 0x000000001ec20000,0x000000001ed20000] [id=10008]

VM state:not at safepoint (normal execution)

VM Mutex/Monitor currently owned by a thread: None

Heap:
 PSYoungGen      total 199168K, used 60068K [0x000000076b400000, 0x000000077a000000, 0x00000007c0000000)
  eden space 159744K, 37% used [0x000000076b400000,0x000000076eea9100,0x0000000775000000)
  from space 39424K, 0% used [0x0000000777980000,0x0000000777980000,0x000000077a000000)
  to   space 40960K, 0% used [0x0000000775000000,0x0000000775000000,0x0000000777800000)
 ParOldGen       total 181760K, used 30249K [0x00000006c1c00000, 0x00000006ccd80000, 0x000000076b400000)
  object space 181760K, 16% used [0x00000006c1c00000,0x00000006c398a688,0x00000006ccd80000)
 Metaspace       used 42704K, capacity 44286K, committed 44416K, reserved 1087488K
  class space    used 5080K, capacity 5426K, committed 5504K, reserved 1048576K

Card table byte_map: [0x00000000119f0000,0x00000000121f0000] byte_map_base: 0x000000000e3e2000

Marking Bits: (ParMarkBitMap*) 0x0000000053052d00
 Begin Bits: [0x0000000012f40000, 0x0000000016ed0000)
 End Bits:   [0x0000000016ed0000, 0x000000001ae60000)

Polling page: 0x00000000001f0000

CodeCache: size=245760Kb used=23002Kb max_used=23517Kb free=222757Kb
 bounds [0x0000000002630000, 0x0000000003d70000, 0x0000000011630000]
 total_blobs=6688 nmethods=6196 adapters=404
 compilation: enabled

Compilation events (10 events):
Event: 20.111 Thread 0x000000001df51000 7253       3       java.net.URI::match (56 bytes)
Event: 20.111 Thread 0x000000001df51000 nmethod 7253 0x00000000027dab50 code [0x00000000027dacc0, 0x00000000027dafd0]
Event: 20.111 Thread 0x000000001df51000 7255       3       org.jvnet.hk2.internal.Utilities::isProxiable (202 bytes)
Event: 20.112 Thread 0x000000001df51000 nmethod 7255 0x00000000031d5ad0 code [0x00000000031d5de0, 0x00000000031d78e8]
Event: 20.112 Thread 0x000000001df51000 7256       3       org.jvnet.hk2.internal.ServiceLocatorImpl::resolveContext (73 bytes)
Event: 20.112 Thread 0x000000001df51000 nmethod 7256 0x00000000027fd590 code [0x00000000027fd780, 0x00000000027fe218]
Event: 20.112 Thread 0x000000001df51000 7254       1       org.eclipse.jetty.http.HttpFields::access$000 (5 bytes)
Event: 20.112 Thread 0x000000001df51000 nmethod 7254 0x00000000034fa9d0 code [0x00000000034fab20, 0x00000000034fac10]
Event: 20.113 Thread 0x000000001df51000 7257       3       org.jvnet.hk2.internal.SystemInjecteeImpl::hashCode (21 bytes)
Event: 20.113 Thread 0x000000001df51000 nmethod 7257 0x00000000027ced10 code [0x00000000027cee80, 0x00000000027cf178]

GC Heap History (10 events):
Event: 8.646 GC heap before
{Heap before GC invocations=8 (full 1):
 PSYoungGen      total 100864K, used 100618K [0x000000076b400000, 0x0000000772880000, 0x00000007c0000000)
  eden space 86528K, 100% used [0x000000076b400000,0x0000000770880000,0x0000000770880000)
  from space 14336K, 98% used [0x0000000771780000,0x0000000772542a80,0x0000000772580000)
  to   space 15360K, 0% used [0x0000000770880000,0x0000000770880000,0x0000000771780000)
 ParOldGen       total 122368K, used 15036K [0x00000006c1c00000, 0x00000006c9380000, 0x000000076b400000)
  object space 122368K, 12% used [0x00000006c1c00000,0x00000006c2aaf038,0x00000006c9380000)
 Metaspace       used 28581K, capacity 29456K, committed 29696K, reserved 1075200K
  class space    used 3255K, capacity 3461K, committed 3584K, reserved 1048576K
Event: 8.679 GC heap after
Heap after GC invocations=8 (full 1):
 PSYoungGen      total 101888K, used 15359K [0x000000076b400000, 0x0000000775500000, 0x00000007c0000000)
  eden space 86528K, 0% used [0x000000076b400000,0x000000076b400000,0x0000000770880000)
  from space 15360K, 99% used [0x0000000770880000,0x000000077177fe08,0x0000000771780000)
  to   space 20992K, 0% used [0x0000000774080000,0x0000000774080000,0x0000000775500000)
 ParOldGen       total 122368K, used 23190K [0x00000006c1c00000, 0x00000006c9380000, 0x000000076b400000)
  object space 122368K, 18% used [0x00000006c1c00000,0x00000006c32a5888,0x00000006c9380000)
 Metaspace       used 28581K, capacity 29456K, committed 29696K, reserved 1075200K
  class space    used 3255K, capacity 3461K, committed 3584K, reserved 1048576K
}
Event: 9.145 GC heap before
{Heap before GC invocations=9 (full 1):
 PSYoungGen      total 101888K, used 101887K [0x000000076b400000, 0x0000000775500000, 0x00000007c0000000)
  eden space 86528K, 100% used [0x000000076b400000,0x0000000770880000,0x0000000770880000)
  from space 15360K, 99% used [0x0000000770880000,0x000000077177fe08,0x0000000771780000)
  to   space 20992K, 0% used [0x0000000774080000,0x0000000774080000,0x0000000775500000)
 ParOldGen       total 122368K, used 23207K [0x00000006c1c00000, 0x00000006c9380000, 0x000000076b400000)
  object space 122368K, 18% used [0x00000006c1c00000,0x00000006c32a9d10,0x00000006c9380000)
 Metaspace       used 28594K, capacity 29456K, committed 29696K, reserved 1075200K
  class space    used 3255K, capacity 3461K, committed 3584K, reserved 1048576K
Event: 9.229 GC heap after
Heap after GC invocations=9 (full 1):
 PSYoungGen      total 133632K, used 20967K [0x000000076b400000, 0x0000000778200000, 0x00000007c0000000)
  eden space 112640K, 0% used [0x000000076b400000,0x000000076b400000,0x0000000772200000)
  from space 20992K, 99% used [0x0000000774080000,0x00000007754f9d48,0x0000000775500000)
  to   space 31232K, 0% used [0x0000000772200000,0x0000000772200000,0x0000000774080000)
 ParOldGen       total 122368K, used 41531K [0x00000006c1c00000, 0x00000006c9380000, 0x000000076b400000)
  object space 122368K, 33% used [0x00000006c1c00000,0x00000006c448edd8,0x00000006c9380000)
 Metaspace       used 28594K, capacity 29456K, committed 29696K, reserved 1075200K
  class space    used 3255K, capacity 3461K, committed 3584K, reserved 1048576K
}
Event: 10.306 GC heap before
{Heap before GC invocations=10 (full 1):
 PSYoungGen      total 133632K, used 133607K [0x000000076b400000, 0x0000000778200000, 0x00000007c0000000)
  eden space 112640K, 100% used [0x000000076b400000,0x0000000772200000,0x0000000772200000)
  from space 20992K, 99% used [0x0000000774080000,0x00000007754f9d48,0x0000000775500000)
  to   space 31232K, 0% used [0x0000000772200000,0x0000000772200000,0x0000000774080000)
 ParOldGen       total 122368K, used 41537K [0x00000006c1c00000, 0x00000006c9380000, 0x000000076b400000)
  object space 122368K, 33% used [0x00000006c1c00000,0x00000006c4490710,0x00000006c9380000)
 Metaspace       used 30759K, capacity 31712K, committed 32000K, reserved 1077248K
  class space    used 3510K, capacity 3761K, committed 3840K, reserved 1048576K
Event: 10.355 GC heap after
Heap after GC invocations=10 (full 1):
 PSYoungGen      total 143872K, used 31203K [0x000000076b400000, 0x000000077a200000, 0x00000007c0000000)
  eden space 112640K, 0% used [0x000000076b400000,0x000000076b400000,0x0000000772200000)
  from space 31232K, 99% used [0x0000000772200000,0x0000000774078d38,0x0000000774080000)
  to   space 41472K, 0% used [0x0000000777980000,0x0000000777980000,0x000000077a200000)
 ParOldGen       total 122368K, used 55798K [0x00000006c1c00000, 0x00000006c9380000, 0x000000076b400000)
  object space 122368K, 45% used [0x00000006c1c00000,0x00000006c527db10,0x00000006c9380000)
 Metaspace       used 30759K, capacity 31712K, committed 32000K, reserved 1077248K
  class space    used 3510K, capacity 3761K, committed 3840K, reserved 1048576K
}
Event: 10.807 GC heap before
{Heap before GC invocations=11 (full 1):
 PSYoungGen      total 143872K, used 59632K [0x000000076b400000, 0x000000077a200000, 0x00000007c0000000)
  eden space 112640K, 25% used [0x000000076b400000,0x000000076cfc34a0,0x0000000772200000)
  from space 31232K, 99% used [0x0000000772200000,0x0000000774078d38,0x0000000774080000)
  to   space 41472K, 0% used [0x0000000777980000,0x0000000777980000,0x000000077a200000)
 ParOldGen       total 122368K, used 55798K [0x00000006c1c00000, 0x00000006c9380000, 0x000000076b400000)
  object space 122368K, 45% used [0x00000006c1c00000,0x00000006c527db10,0x00000006c9380000)
 Metaspace       used 34128K, capacity 35384K, committed 35496K, reserved 1081344K
  class space    used 4025K, capacity 4325K, committed 4352K, reserved 1048576K
Event: 10.823 GC heap after
Heap after GC invocations=11 (full 1):
 PSYoungGen      total 199168K, used 8653K [0x000000076b400000, 0x000000077a000000, 0x00000007c0000000)
  eden space 159744K, 0% used [0x000000076b400000,0x000000076b400000,0x0000000775000000)
  from space 39424K, 21% used [0x0000000777980000,0x00000007781f37d8,0x000000077a000000)
  to   space 40960K, 0% used [0x0000000775000000,0x0000000775000000,0x0000000777800000)
 ParOldGen       total 122368K, used 68388K [0x00000006c1c00000, 0x00000006c9380000, 0x000000076b400000)
  object space 122368K, 55% used [0x00000006c1c00000,0x00000006c5ec90c0,0x00000006c9380000)
 Metaspace       used 34128K, capacity 35384K, committed 35496K, reserved 1081344K
  class space    used 4025K, capacity 4325K, committed 4352K, reserved 1048576K
}
Event: 10.823 GC heap before
{Heap before GC invocations=12 (full 2):
 PSYoungGen      total 199168K, used 8653K [0x000000076b400000, 0x000000077a000000, 0x00000007c0000000)
  eden space 159744K, 0% used [0x000000076b400000,0x000000076b400000,0x0000000775000000)
  from space 39424K, 21% used [0x0000000777980000,0x00000007781f37d8,0x000000077a000000)
  to   space 40960K, 0% used [0x0000000775000000,0x0000000775000000,0x0000000777800000)
 ParOldGen       total 122368K, used 68388K [0x00000006c1c00000, 0x00000006c9380000, 0x000000076b400000)
  object space 122368K, 55% used [0x00000006c1c00000,0x00000006c5ec90c0,0x00000006c9380000)
 Metaspace       used 34128K, capacity 35384K, committed 35496K, reserved 1081344K
  class space    used 4025K, capacity 4325K, committed 4352K, reserved 1048576K
Event: 10.882 GC heap after
Heap after GC invocations=12 (full 2):
 PSYoungGen      total 199168K, used 0K [0x000000076b400000, 0x000000077a000000, 0x00000007c0000000)
  eden space 159744K, 0% used [0x000000076b400000,0x000000076b400000,0x0000000775000000)
  from space 39424K, 0% used [0x0000000777980000,0x0000000777980000,0x000000077a000000)
  to   space 40960K, 0% used [0x0000000775000000,0x0000000775000000,0x0000000777800000)
 ParOldGen       total 181760K, used 30249K [0x00000006c1c00000, 0x00000006ccd80000, 0x000000076b400000)
  object space 181760K, 16% used [0x00000006c1c00000,0x00000006c398a688,0x00000006ccd80000)
 Metaspace       used 34128K, capacity 35384K, committed 35496K, reserved 1081344K
  class space    used 4025K, capacity 4325K, committed 4352K, reserved 1048576K
}

Deoptimization events (10 events):
Event: 17.141 Thread 0x000000001f794000 Uncommon trap: reason=unstable_if action=reinterpret pc=0x00000000035738a0 method=java.net.URI.match(CJJ)Z @ 45
Event: 17.146 Thread 0x000000001f794000 Uncommon trap: reason=unstable_if action=reinterpret pc=0x00000000033c817c method=java.net.URI$Parser.scan(IILjava/lang/String;Ljava/lang/String;)I @ 23
Event: 17.191 Thread 0x000000001f794000 Uncommon trap: reason=class_check action=maybe_recompile pc=0x0000000002b64988 method=java.lang.reflect.Method.equals(Ljava/lang/Object;)Z @ 5
Event: 17.191 Thread 0x000000001f794000 Uncommon trap: reason=class_check action=maybe_recompile pc=0x0000000002b64988 method=java.lang.reflect.Method.equals(Ljava/lang/Object;)Z @ 5
Event: 17.201 Thread 0x000000001f794000 Uncommon trap: reason=bimorphic action=maybe_recompile pc=0x000000000275da28 method=java.util.LinkedHashMap.afterNodeInsertion(Z)V @ 15
Event: 17.202 Thread 0x000000001f794000 Uncommon trap: reason=unstable_if action=reinterpret pc=0x00000000031f311c method=java.lang.ThreadLocal$ThreadLocalMap.getEntry(Ljava/lang/ThreadLocal;)Ljava/lang/ThreadLocal$ThreadLocalMap$Entry; @ 29
Event: 17.933 Thread 0x000000001f794000 Uncommon trap: reason=speculate_class_check action=maybe_recompile pc=0x0000000003c5a6c4 method=java.util.AbstractList.listIterator()Ljava/util/ListIterator; @ 2
Event: 17.934 Thread 0x000000001f794000 Uncommon trap: reason=class_check action=maybe_recompile pc=0x0000000002d1ec90 method=java.util.Collections$UnmodifiableMap$UnmodifiableEntrySet$1.hasNext()Z @ 4
Event: 20.111 Thread 0x0000000021bd7000 Uncommon trap: reason=unstable_if action=reinterpret pc=0x0000000002f9f238 method=java.util.regex.Pattern$LastNode.match(Ljava/util/regex/Matcher;ILjava/lang/CharSequence;)Z @ 13
Event: 20.112 Thread 0x0000000021bd7000 Uncommon trap: reason=unstable_if action=reinterpret pc=0x0000000003bedfec method=sun.reflect.annotation.AnnotationInvocationHandler.invoke(Ljava/lang/Object;Ljava/lang/reflect/Method;[Ljava/lang/Object;)Ljava/lang/Object; @ 19

Classes redefined (0 events):
No events

Internal exceptions (10 events):
Event: 8.402 Thread 0x0000000002532800 Exception <a 'java/lang/ClassNotFoundException': sun/net/www/protocol/c/Handler> (0x000000076f050ed0) thrown at [C:\re\workspace\8-2-build-windows-amd64-cygwin\jdk8u181\11358\hotspot\src\share\vm\classfile\systemDictionary.cpp, line 210]
Event: 8.403 Thread 0x0000000002532800 Exception <a 'java/lang/ClassNotFoundException': sun/net/www/protocol/c/Handler> (0x000000076f053408) thrown at [C:\re\workspace\8-2-build-windows-amd64-cygwin\jdk8u181\11358\hotspot\src\share\vm\classfile\systemDictionary.cpp, line 210]
Event: 8.484 Thread 0x000000001ffd6000 Implicit null exception at 0x0000000003304899 to 0x000000000330507d
Event: 8.485 Thread 0x00000000220ce800 Implicit null exception at 0x0000000003304899 to 0x000000000330507d
Event: 8.485 Thread 0x000000001ee6b800 Implicit null exception at 0x000000000330eccc to 0x000000000330f3c9
Event: 8.485 Thread 0x00000000235ba800 Implicit null exception at 0x0000000003304899 to 0x000000000330507d
Event: 10.276 Thread 0x0000000002532800 Exception <a 'java/lang/NoSuchFieldError': method resolution failed> (0x00000007720bb4c8) thrown at [C:\re\workspace\8-2-build-windows-amd64-cygwin\jdk8u181\11358\hotspot\src\share\vm\prims\methodHandles.cpp, line 1167]
Event: 10.278 Thread 0x0000000002532800 Exception <a 'java/lang/NoSuchFieldError': method resolution failed> (0x00000007720c8f58) thrown at [C:\re\workspace\8-2-build-windows-amd64-cygwin\jdk8u181\11358\hotspot\src\share\vm\prims\methodHandles.cpp, line 1167]
Event: 11.031 Thread 0x0000000002532800 Exception <a 'java/lang/NoSuchMethodError': java.lang.Object.lambda$and$0(Ljava/util/function/Predicate;Ljava/lang/Object;)Z> (0x000000076c118c28) thrown at [C:\re\workspace\8-2-build-windows-amd64-cygwin\jdk8u181\11358\hotspot\src\share\vm\interpreter\li
Event: 11.087 Thread 0x0000000002532800 Exception <a 'java/lang/NoSuchMethodError': java.lang.Object.lambda$comparingInt$7b0bb60$1(Ljava/util/function/ToIntFunction;Ljava/lang/Object;Ljava/lang/Object;)I> (0x000000076c496a70) thrown at [C:\re\workspace\8-2-build-windows-amd64-cygwin\jdk8u181\11

Events (10 events):
Event: 20.111 Thread 0x0000000021bd7000 DEOPT UNPACKING pc=0x000000000267583b sp=0x000000002605dd20 mode 2
Event: 20.112 Thread 0x0000000021bd7000 Uncommon trap: trap_request=0xffffff65 fr.pc=0x0000000003bedfec
Event: 20.112 Thread 0x0000000021bd7000 DEOPT PACKING pc=0x0000000003bedfec sp=0x000000002605dba0
Event: 20.112 Thread 0x0000000021bd7000 DEOPT UNPACKING pc=0x000000000267583b sp=0x000000002605db68 mode 2
Event: 20.112 loading class sun/reflect/annotation/AnnotationInvocationHandler$1
Event: 20.112 loading class sun/reflect/annotation/AnnotationInvocationHandler$1 done
Event: 20.113 Executing VM operation: RevokeBias
Event: 20.113 Executing VM operation: RevokeBias done
Event: 20.114 Executing VM operation: RevokeBias
Event: 20.114 Executing VM operation: RevokeBias done


Dynamic libraries:
0x00007ff77a250000 - 0x00007ff77a287000 	C:\Program Files\Java\jdk1.8.0_181\bin\java.exe
0x00007ff8234d0000 - 0x00007ff8236b1000 	C:\WINDOWS\SYSTEM32\ntdll.dll
0x00007ff823160000 - 0x00007ff823212000 	C:\WINDOWS\System32\KERNEL32.DLL
0x00007ff81faa0000 - 0x00007ff81fd13000 	C:\WINDOWS\System32\KERNELBASE.dll
0x00007ff8227b0000 - 0x00007ff822851000 	C:\WINDOWS\System32\ADVAPI32.dll
0x00007ff822710000 - 0x00007ff8227ae000 	C:\WINDOWS\System32\msvcrt.dll
0x00007ff822580000 - 0x00007ff8225db000 	C:\WINDOWS\System32\sechost.dll
0x00007ff8225e0000 - 0x00007ff822704000 	C:\WINDOWS\System32\RPCRT4.dll
0x00007ff823220000 - 0x00007ff8233b0000 	C:\WINDOWS\System32\USER32.dll
0x00007ff81fd70000 - 0x00007ff81fd90000 	C:\WINDOWS\System32\win32u.dll
0x00007ff822550000 - 0x00007ff822578000 	C:\WINDOWS\System32\GDI32.dll
0x00007ff820690000 - 0x00007ff820822000 	C:\WINDOWS\System32\gdi32full.dll
0x00007ff81f900000 - 0x00007ff81f99f000 	C:\WINDOWS\System32\msvcp_win.dll
0x00007ff81f9a0000 - 0x00007ff81fa9a000 	C:\WINDOWS\System32\ucrtbase.dll
0x00007ff8168f0000 - 0x00007ff816b59000 	C:\WINDOWS\WinSxS\amd64_microsoft.windows.common-controls_6595b64144ccf1df_6.0.17134.407_none_fb449d63306391e9\COMCTL32.dll
0x00007ff822020000 - 0x00007ff822342000 	C:\WINDOWS\System32\combase.dll
0x00007ff820830000 - 0x00007ff8208aa000 	C:\WINDOWS\System32\bcryptPrimitives.dll
0x00007ff822f00000 - 0x00007ff822f2d000 	C:\WINDOWS\System32\IMM32.DLL
0x0000000052370000 - 0x0000000052442000 	C:\Program Files\Java\jdk1.8.0_181\jre\bin\msvcr100.dll
0x0000000052830000 - 0x00000000530d2000 	C:\Program Files\Java\jdk1.8.0_181\jre\bin\server\jvm.dll
0x00007ff822860000 - 0x00007ff822868000 	C:\WINDOWS\System32\PSAPI.DLL
0x00007ff816720000 - 0x00007ff816729000 	C:\WINDOWS\SYSTEM32\WSOCK32.dll
0x00007ff81bb00000 - 0x00007ff81bb0a000 	C:\WINDOWS\SYSTEM32\VERSION.dll
0x00007ff81c680000 - 0x00007ff81c6a3000 	C:\WINDOWS\SYSTEM32\WINMM.dll
0x00007ff823430000 - 0x00007ff82349c000 	C:\WINDOWS\System32\WS2_32.dll
0x00007ff81c650000 - 0x00007ff81c67a000 	C:\WINDOWS\SYSTEM32\winmmbase.dll
0x00007ff81fd20000 - 0x00007ff81fd69000 	C:\WINDOWS\System32\cfgmgr32.dll
0x0000000053ec0000 - 0x0000000053ecf000 	C:\Program Files\Java\jdk1.8.0_181\jre\bin\verify.dll
0x0000000053e90000 - 0x0000000053eb9000 	C:\Program Files\Java\jdk1.8.0_181\jre\bin\java.dll
0x0000000053e70000 - 0x0000000053e86000 	C:\Program Files\Java\jdk1.8.0_181\jre\bin\zip.dll
0x00007ff820960000 - 0x00007ff821d9f000 	C:\WINDOWS\System32\SHELL32.dll
0x00007ff822870000 - 0x00007ff822919000 	C:\WINDOWS\System32\shcore.dll
0x00007ff81fd90000 - 0x00007ff82049d000 	C:\WINDOWS\System32\windows.storage.dll
0x00007ff821fb0000 - 0x00007ff822001000 	C:\WINDOWS\System32\shlwapi.dll
0x00007ff81f820000 - 0x00007ff81f831000 	C:\WINDOWS\System32\kernel.appcore.dll
0x00007ff81f800000 - 0x00007ff81f81f000 	C:\WINDOWS\System32\profapi.dll
0x00007ff81f850000 - 0x00007ff81f89c000 	C:\WINDOWS\System32\powrprof.dll
0x00007ff81f840000 - 0x00007ff81f84a000 	C:\WINDOWS\System32\FLTLIB.DLL
0x00007ff81ba40000 - 0x00007ff81ba4a000 	D:\Programmi\apache-maven-3.6.0-bin\apache-maven-3.6.0\lib\jansi-native\windows64\jansi.dll
0x00000000533d0000 - 0x00000000533ea000 	C:\Program Files\Java\jdk1.8.0_181\jre\bin\net.dll
0x00007ff81f050000 - 0x00007ff81f0b6000 	C:\WINDOWS\system32\mswsock.dll
0x0000000052810000 - 0x0000000052821000 	C:\Program Files\Java\jdk1.8.0_181\jre\bin\nio.dll
0x0000000052760000 - 0x000000005276d000 	C:\Program Files\Java\jdk1.8.0_181\jre\bin\management.dll
0x00007ff81f220000 - 0x00007ff81f237000 	C:\WINDOWS\SYSTEM32\CRYPTSP.dll
0x00007ff81ec40000 - 0x00007ff81ec73000 	C:\WINDOWS\system32\rsaenh.dll
0x00007ff81f340000 - 0x00007ff81f365000 	C:\WINDOWS\SYSTEM32\bcrypt.dll
0x00007ff81f710000 - 0x00007ff81f738000 	C:\WINDOWS\SYSTEM32\USERENV.dll
0x00007ff81f210000 - 0x00007ff81f21b000 	C:\WINDOWS\SYSTEM32\CRYPTBASE.dll
0x00007ff81ede0000 - 0x00007ff81ee18000 	C:\WINDOWS\SYSTEM32\IPHLPAPI.DLL
0x00007ff822010000 - 0x00007ff822018000 	C:\WINDOWS\System32\NSI.dll
0x00007ff818110000 - 0x00007ff818126000 	C:\WINDOWS\SYSTEM32\dhcpcsvc6.DLL
0x00007ff8172d0000 - 0x00007ff8172ea000 	C:\WINDOWS\SYSTEM32\dhcpcsvc.DLL
0x00007fffecb30000 - 0x00007fffecb65000 	D:\github\plathea\jaxrs-jersey-server-generated\src\main\java\io\core\InterfaceJNI_DLL.dll
0x00007fffe97a0000 - 0x00007fffe97c1000 	C:\WINDOWS\SYSTEM32\VCRUNTIME140D.dll
0x00007fffba560000 - 0x00007fffba654000 	C:\WINDOWS\SYSTEM32\MSVCP140D.dll
0x00007fffde510000 - 0x00007fffde6cd000 	C:\WINDOWS\SYSTEM32\ucrtbased.dll
0x00007fffb14c0000 - 0x00007fffb189a000 	D:\github\plathea\jaxrs-jersey-server-generated\PlatheaDLL.dll
0x00007ff822d70000 - 0x00007ff822e5d000 	C:\WINDOWS\System32\COMDLG32.dll
0x00007ff823000000 - 0x00007ff823151000 	C:\WINDOWS\System32\ole32.dll
0x00007fffb13b0000 - 0x00007fffb14b8000 	D:\github\plathea\jaxrs-jersey-server-generated\opencv_video310d.dll
0x00007fffabd60000 - 0x00007fffaccfe000 	D:\github\plathea\jaxrs-jersey-server-generated\opencv_core310d.dll
0x00007fffb1200000 - 0x00007fffb13ac000 	D:\github\plathea\jaxrs-jersey-server-generated\opencv_ml310d.dll
0x00007fffbcb80000 - 0x00007fffbcbe6000 	D:\github\plathea\jaxrs-jersey-server-generated\opencv_highgui310d.dll
0x00007fffab5b0000 - 0x00007fffab984000 	D:\github\plathea\jaxrs-jersey-server-generated\opencv_calib3d310d.dll
0x00007fffa93e0000 - 0x00007fffab5ab000 	D:\github\plathea\jaxrs-jersey-server-generated\opencv_imgproc310d.dll
0x00007fffa9240000 - 0x00007fffa93d4000 	D:\github\plathea\jaxrs-jersey-server-generated\opencv_objdetect310d.dll
0x00007fffb83f0000 - 0x00007fffb84a6000 	C:\WINDOWS\SYSTEM32\CONCRT140D.dll
0x00007fffb7400000 - 0x00007fffb74b2000 	D:\github\plathea\jaxrs-jersey-server-generated\opencv_videoio310d.dll
0x00007ff822f30000 - 0x00007ff822ff2000 	C:\WINDOWS\System32\OLEAUT32.dll
0x00007fffa8ce0000 - 0x00007fffa923e000 	D:\github\plathea\jaxrs-jersey-server-generated\opencv_imgcodecs310d.dll
0x00007fffe4bb0000 - 0x00007fffe4bd9000 	C:\WINDOWS\SYSTEM32\MSVFW32.dll
0x00007ffff0f20000 - 0x00007ffff0f3f000 	C:\WINDOWS\SYSTEM32\AVIFIL32.dll
0x00007fffebfe0000 - 0x00007fffebff8000 	C:\WINDOWS\SYSTEM32\AVICAP32.dll
0x00007ffff9090000 - 0x00007ffff90ac000 	C:\WINDOWS\SYSTEM32\MSACM32.dll
0x00007fffa8ab0000 - 0x00007fffa8cd5000 	D:\github\plathea\jaxrs-jersey-server-generated\opencv_features2d310d.dll
0x00007fffa8930000 - 0x00007fffa8aad000 	D:\github\plathea\jaxrs-jersey-server-generated\opencv_flann310d.dll
0x00007ff811490000 - 0x00007ff811659000 	C:\WINDOWS\SYSTEM32\dbghelp.dll

VM Arguments:
jvm_args: -Dclassworlds.conf=D:\Programmi\apache-maven-3.6.0-bin\apache-maven-3.6.0\bin\..\bin\m2.conf -Dmaven.home=D:\Programmi\apache-maven-3.6.0-bin\apache-maven-3.6.0\bin\.. -Dlibrary.jansi.path=D:\Programmi\apache-maven-3.6.0-bin\apache-maven-3.6.0\bin\..\lib\jansi-native -Dmaven.multiModuleProjectDirectory=D:\github\plathea\jaxrs-jersey-server-generated 
java_command: org.codehaus.plexus.classworlds.launcher.Launcher clean package jetty:run
java_class_path (initial): D:\Programmi\apache-maven-3.6.0-bin\apache-maven-3.6.0\bin\..\boot\plexus-classworlds-2.5.2.jar
Launcher Type: SUN_STANDARD

Environment Variables:
JAVA_HOME=C:\Program Files\Java\jdk1.8.0_181
PATH=C:\Program Files (x86)\Common Files\Oracle\Java\javapath;C:\Users\jack1\Desktop\plathea-code-22-trunk\plathea-code-22-trunk\opencv-master\build\install_release\x64\vc12\bin;C:\WINDOWS\system32;C:\WINDOWS;C:\WINDOWS\System32\Wbem;C:\WINDOWS\System32\WindowsPowerShell\v1.0\;C:\Program Files\Git\cmd;C:\Program Files\nodejs\;C:\Program Files\PuTTY\;C:\Users\jack1\AppData\Local\Microsoft\WindowsApps;C:\Users\jack1\AppData\Roaming\npm;C:\Users\jack1\AppData\Local\atom\bin;C:\adb;C:\WINDOWS\system32;C:\WINDOWS;C:\WINDOWS\System32\Wbem;C:\WINDOWS\System32\WindowsPowerShell\v1.0\;C:\WINDOWS\System32\OpenSSH\;C:\Users\jack1\Desktop\plathea-code-22-trunk\plathea-code-22-trunk\opencv-master\build\install_debug\x64\vc12\bin;C:\Users\jack1\AppData\Local\Microsoft\WindowsApps;C:\Users\jack1\AppData\Roaming\npm;C:\Users\jack1\AppData\Local\atom\bin;C:\Users\jack1\AppData\Local\Microsoft\WindowsApps;C:\Program Files\LLVM\bin;C:\ProgramData\jack1\atom\bin;C:\Program Files\Java\jdk1.8.0_181\bin;C:\Program Files\mingw-w64\x86_64-8.1.0-win32-seh-rt_v6-rev0\mingw64\bin;D:\Programmi\apache-maven-3.6.0-bin\apache-maven-3.6.0\bin;D:\github\plathea\LeoStormLibrary\LeoStormWindowsLib;D:\github\plathea\jaxrs-jersey-server-generated;
USERNAME=jack1
OS=Windows_NT
PROCESSOR_IDENTIFIER=Intel64 Family 6 Model 58 Stepping 9, GenuineIntel



---------------  S Y S T E M  ---------------

OS: Windows 10.0 , 64 bit Build 17134 (10.0.17134.1)

CPU:total 8 (initial active 8) (4 cores per cpu, 2 threads per core) family 6 model 58 stepping 9, cmov, cx8, fxsr, mmx, sse, sse2, sse3, ssse3, sse4.1, sse4.2, popcnt, avx, aes, clmul, erms, ht, tsc, tscinvbit, tscinv

Memory: 4k page, physical 16659944k(7488556k free), swap 19150312k(6611876k free)

vm_info: Java HotSpot(TM) 64-Bit Server VM (25.181-b13) for windows-amd64 JRE (1.8.0_181-b13), built on Jul  7 2018 04:01:33 by "java_re" with MS VC++ 10.0 (VS2010)

time: Sat Dec 08 13:10:23 2018
elapsed time: 20 seconds (0d 0h 0m 20s)

