#
# A fatal error has been detected by the Java Runtime Environment:
#
#  EXCEPTION_ACCESS_VIOLATION (0xc0000005) at pc=0x0000000059525ed2, pid=20600, tid=0x0000000000001e90
#
# JRE version: Java(TM) SE Runtime Environment (8.0_181-b13) (build 1.8.0_181-b13)
# Java VM: Java HotSpot(TM) 64-Bit Server VM (25.181-b13 mixed mode windows-amd64 compressed oops)
# Problematic frame:
# V  [jvm.dll+0x145ed2]
#
# Failed to write core dump. Minidumps are not enabled by default on client versions of Windows
#
# If you would like to submit a bug report, please visit:
#   http://bugreport.java.com/bugreport/crash.jsp
#

---------------  T H R E A D  ---------------

Current thread (0x000000002407d000):  JavaThread "qtp899111685-19" [_thread_in_vm, id=7824, stack(0x0000000026ad0000,0x0000000026bd0000)]

siginfo: ExceptionCode=0xc0000005, reading address 0x0000000000000000

Registers:
RAX=0x0000000000000000, RBX=0x000000002407d000, RCX=0x0000000000000d00, RDX=0x0000000000000000
RSP=0x0000000026bccd30, RBP=0x0000000000000000, RSI=0x0000000000000000, RDI=0x0000000000000000
R8 =0x0000000000000000, R9 =0x00000000237a6ac0, R10=0x0000000003528c3b, R11=0x000000005960c6a0
R12=0x0000000000000000, R13=0x000000003400e9d8, R14=0x0000000026bcd068, R15=0x000000002407d000
RIP=0x0000000059525ed2, EFLAGS=0x0000000000010202

Top of Stack: (sp=0x0000000026bccd30)
0x0000000026bccd30:   0000000026bcce40 0000000023e53638
0x0000000026bccd40:   000000003400e9d8 000000002407d000
0x0000000026bccd50:   000000002407d000 0000000000000000
0x0000000026bccd60:   000000002407d000 00000000595bb55e
0x0000000026bccd70:   000000000000000b 00007ff8ae821226
0x0000000026bccd80:   00000000599c50e0 0000005000000000
0x0000000026bccd90:   000000000000002f 0000000000000000
0x0000000026bccda0:   0000000000000021 00007ff8ae821689
0x0000000026bccdb0:   0000000026bccdd0 0000000026bcce98
0x0000000026bccdc0:   cccccccccccccccc 000000003400e9d8
0x0000000026bccdd0:   cccccccccccccccc cccccccccccccccc
0x0000000026bccde0:   cccccccccccccccc cccccccccccccccc
0x0000000026bccdf0:   cccccccccccccccc cccccccccccccccc
0x0000000026bcce00:   cccccccccccccccc cccccccccccccccc
0x0000000026bcce10:   cccccccccccccccc cccccccccccccccc
0x0000000026bcce20:   cccccccccccccccc cccccccccccccccc 

Instructions: (pc=0x0000000059525ed2)
0x0000000059525eb2:   89 5c 24 20 48 89 74 24 28 48 39 73 08 74 0a 48
0x0000000059525ec2:   8d 4c 24 20 e8 45 7a 13 00 40 38 35 9e da 6c 00
0x0000000059525ed2:   48 8b 3f 48 63 05 f8 39 6b 00 74 1b 8b 0c 38 85
0x0000000059525ee2:   c9 74 7c 8b c1 8b 0d 6b 09 66 00 48 d3 e0 48 03 


Register to memory mapping:

RAX=0x0000000000000000 is an unknown value
RBX=0x000000002407d000 is a thread
RCX=0x0000000000000d00 is an unknown value
RDX=0x0000000000000000 is an unknown value
RSP=0x0000000026bccd30 is pointing into the stack for thread: 0x000000002407d000
RBP=0x0000000000000000 is an unknown value
RSI=0x0000000000000000 is an unknown value
RDI=0x0000000000000000 is an unknown value
R8 =0x0000000000000000 is an unknown value
R9 =0x00000000237a6ac0 is an unknown value
R10=0x0000000003528c3b is at code_begin+891 in an Interpreter codelet
method entry point (kind = native)  [0x00000000035288c0, 0x0000000003529280]  2496 bytes
R11=0x000000005960c6a0 is an unknown value
R12=0x0000000000000000 is an unknown value
R13={method} {0x000000003400e9e0} 'loadConfigurationFile' '(Ljava/lang/String;)I' in 'io/core/InterfaceJNI'
R14=0x0000000026bcd068 is pointing into the stack for thread: 0x000000002407d000
R15=0x000000002407d000 is a thread


Stack: [0x0000000026ad0000,0x0000000026bd0000],  sp=0x0000000026bccd30,  free space=1011k
Native frames: (J=compiled Java code, j=interpreted, Vv=VM code, C=native code)

Java frames: (J=compiled Java code, j=interpreted, Vv=VM code)
j  io.core.InterfaceJNI.loadConfigurationFile(Ljava/lang/String;)I+0
j  io.core.MainSystem.loadconfigurationfile(Ljava/lang/Integer;Ljava/util/List;)Lio/core/MainSystem$ReturnRoomMessage;+182
j  io.swagger.api.impl.RoomApiServiceImpl.loadconfigurationfile(Ljava/lang/Integer;Ljava/util/List;Ljavax/ws/rs/core/SecurityContext;)Ljavax/ws/rs/core/Response;+2
j  io.swagger.api.RoomApi.loadconfigurationfile(Ljava/lang/Integer;Ljava/util/List;Ljavax/ws/rs/core/SecurityContext;)Ljavax/ws/rs/core/Response;+7
v  ~StubRoutines::call_stub
J 5147  sun.reflect.NativeMethodAccessorImpl.invoke0(Ljava/lang/reflect/Method;Ljava/lang/Object;[Ljava/lang/Object;)Ljava/lang/Object; (0 bytes) @ 0x0000000003923aff [0x0000000003923a80+0x7f]
J 5146 C1 sun.reflect.NativeMethodAccessorImpl.invoke(Ljava/lang/Object;[Ljava/lang/Object;)Ljava/lang/Object; (104 bytes) @ 0x000000000367fb54 [0x000000000367f760+0x3f4]
J 5297 C2 sun.reflect.DelegatingMethodAccessorImpl.invoke(Ljava/lang/Object;[Ljava/lang/Object;)Ljava/lang/Object; (10 bytes) @ 0x000000000362ea88 [0x000000000362ea40+0x48]
J 2464 C1 java.lang.reflect.Method.invoke(Ljava/lang/Object;[Ljava/lang/Object;)Ljava/lang/Object; (62 bytes) @ 0x0000000003d49c74 [0x0000000003d49880+0x3f4]
j  org.glassfish.jersey.server.model.internal.ResourceMethodInvocationHandlerFactory.lambda$static$0(Ljava/lang/Object;Ljava/lang/reflect/Method;[Ljava/lang/Object;)Ljava/lang/Object;+3
j  org.glassfish.jersey.server.model.internal.ResourceMethodInvocationHandlerFactory$$Lambda$122.invoke(Ljava/lang/Object;Ljava/lang/reflect/Method;[Ljava/lang/Object;)Ljava/lang/Object;+3
j  org.glassfish.jersey.server.model.internal.AbstractJavaResourceMethodDispatcher$1.run()Ljava/lang/Object;+38
j  org.glassfish.jersey.server.model.internal.AbstractJavaResourceMethodDispatcher.invoke(Lorg/glassfish/jersey/server/ContainerRequest;Ljava/lang/Object;[Ljava/lang/Object;)Ljava/lang/Object;+66
j  org.glassfish.jersey.server.model.internal.JavaResourceMethodDispatcherProvider$ResponseOutInvoker.doDispatch(Ljava/lang/Object;Lorg/glassfish/jersey/server/ContainerRequest;)Ljavax/ws/rs/core/Response;+10
j  org.glassfish.jersey.server.model.internal.AbstractJavaResourceMethodDispatcher.dispatch(Ljava/lang/Object;Lorg/glassfish/jersey/server/ContainerRequest;)Ljavax/ws/rs/core/Response;+5
j  org.glassfish.jersey.server.model.ResourceMethodInvoker.invoke(Lorg/glassfish/jersey/server/internal/process/RequestProcessingContext;Ljava/lang/Object;)Ljavax/ws/rs/core/Response;+26
j  org.glassfish.jersey.server.model.ResourceMethodInvoker.apply(Lorg/glassfish/jersey/server/internal/process/RequestProcessingContext;)Lorg/glassfish/jersey/server/ContainerResponse;+100
j  org.glassfish.jersey.server.model.ResourceMethodInvoker.apply(Ljava/lang/Object;)Ljava/lang/Object;+5
j  org.glassfish.jersey.server.ServerRuntime$1.run()V+89
j  org.glassfish.jersey.internal.Errors$1.call()Ljava/lang/Void;+4
j  org.glassfish.jersey.internal.Errors$1.call()Ljava/lang/Object;+1
j  org.glassfish.jersey.internal.Errors.process(Ljava/util/concurrent/Callable;Z)Ljava/lang/Object;+36
j  org.glassfish.jersey.internal.Errors.process(Lorg/glassfish/jersey/internal/util/Producer;Z)Ljava/lang/Object;+2
j  org.glassfish.jersey.internal.Errors.process(Ljava/lang/Runnable;)V+9
j  org.glassfish.jersey.process.internal.RequestScope.runInScope(Lorg/glassfish/jersey/process/internal/RequestContext;Ljava/lang/Runnable;)V+17
j  org.glassfish.jersey.server.ServerRuntime.process(Lorg/glassfish/jersey/server/ContainerRequest;)V+181
j  org.glassfish.jersey.server.ApplicationHandler.handle(Lorg/glassfish/jersey/server/ContainerRequest;)V+13
j  org.glassfish.jersey.servlet.WebComponent.serviceImpl(Ljava/net/URI;Ljava/net/URI;Ljavax/servlet/http/HttpServletRequest;Ljavax/servlet/http/HttpServletResponse;)Lorg/glassfish/jersey/servlet/internal/ResponseWriter;+81
j  org.glassfish.jersey.servlet.WebComponent.service(Ljava/net/URI;Ljava/net/URI;Ljavax/servlet/http/HttpServletRequest;Ljavax/servlet/http/HttpServletResponse;)Lorg/glassfish/jersey/internal/util/collection/Value;+6
j  org.glassfish.jersey.servlet.ServletContainer.service(Ljava/net/URI;Ljava/net/URI;Ljavax/servlet/http/HttpServletRequest;Ljavax/servlet/http/HttpServletResponse;)Lorg/glassfish/jersey/internal/util/collection/Value;+9
j  org.glassfish.jersey.servlet.ServletContainer.service(Ljavax/servlet/http/HttpServletRequest;Ljavax/servlet/http/HttpServletResponse;)V+183
j  org.glassfish.jersey.servlet.ServletContainer.service(Ljavax/servlet/ServletRequest;Ljavax/servlet/ServletResponse;)V+39
j  org.eclipse.jetty.servlet.ServletHolder.handle(Lorg/eclipse/jetty/server/Request;Ljavax/servlet/ServletRequest;Ljavax/servlet/ServletResponse;)V+89
j  org.eclipse.jetty.servlet.ServletHandler$CachedChain.doFilter(Ljavax/servlet/ServletRequest;Ljavax/servlet/ServletResponse;)V+211
j  io.swagger.api.ApiOriginFilter.doFilter(Ljavax/servlet/ServletRequest;Ljavax/servlet/ServletResponse;Ljavax/servlet/FilterChain;)V+42
j  org.eclipse.jetty.servlet.ServletHandler$CachedChain.doFilter(Ljavax/servlet/ServletRequest;Ljavax/servlet/ServletResponse;)V+103
j  org.eclipse.jetty.servlet.ServletHandler.doHandle(Ljava/lang/String;Lorg/eclipse/jetty/server/Request;Ljavax/servlet/http/HttpServletRequest;Ljavax/servlet/http/HttpServletResponse;)V+203
j  org.eclipse.jetty.server.handler.ScopedHandler.handle(Ljava/lang/String;Lorg/eclipse/jetty/server/Request;Ljavax/servlet/http/HttpServletRequest;Ljavax/servlet/http/HttpServletResponse;)V+32
j  org.eclipse.jetty.security.SecurityHandler.handle(Ljava/lang/String;Lorg/eclipse/jetty/server/Request;Ljavax/servlet/http/HttpServletRequest;Ljavax/servlet/http/HttpServletResponse;)V+553
j  org.eclipse.jetty.server.session.SessionHandler.doHandle(Ljava/lang/String;Lorg/eclipse/jetty/server/Request;Ljavax/servlet/http/HttpServletRequest;Ljavax/servlet/http/HttpServletResponse;)V+68
j  org.eclipse.jetty.server.handler.ContextHandler.doHandle(Ljava/lang/String;Lorg/eclipse/jetty/server/Request;Ljavax/servlet/http/HttpServletRequest;Ljavax/servlet/http/HttpServletResponse;)V+349
j  org.eclipse.jetty.servlet.ServletHandler.doScope(Ljava/lang/String;Lorg/eclipse/jetty/server/Request;Ljavax/servlet/http/HttpServletRequest;Ljavax/servlet/http/HttpServletResponse;)V+274
j  org.eclipse.jetty.server.session.SessionHandler.doScope(Ljava/lang/String;Lorg/eclipse/jetty/server/Request;Ljavax/servlet/http/HttpServletRequest;Ljavax/servlet/http/HttpServletResponse;)V+233
j  org.eclipse.jetty.server.handler.ContextHandler.doScope(Ljava/lang/String;Lorg/eclipse/jetty/server/Request;Ljavax/servlet/http/HttpServletRequest;Ljavax/servlet/http/HttpServletResponse;)V+437
j  org.eclipse.jetty.server.handler.ScopedHandler.handle(Ljava/lang/String;Lorg/eclipse/jetty/server/Request;Ljavax/servlet/http/HttpServletRequest;Ljavax/servlet/http/HttpServletResponse;)V+20
j  org.eclipse.jetty.server.handler.ContextHandlerCollection.handle(Ljava/lang/String;Lorg/eclipse/jetty/server/Request;Ljavax/servlet/http/HttpServletRequest;Ljavax/servlet/http/HttpServletResponse;)V+224
j  org.eclipse.jetty.server.handler.HandlerCollection.handle(Ljava/lang/String;Lorg/eclipse/jetty/server/Request;Ljavax/servlet/http/HttpServletRequest;Ljavax/servlet/http/HttpServletResponse;)V+42
j  org.eclipse.jetty.server.handler.HandlerWrapper.handle(Ljava/lang/String;Lorg/eclipse/jetty/server/Request;Ljavax/servlet/http/HttpServletRequest;Ljavax/servlet/http/HttpServletResponse;)V+23
j  org.eclipse.jetty.server.Server.handle(Lorg/eclipse/jetty/server/HttpChannel;)V+130
j  org.eclipse.jetty.server.HttpChannel.handle()Z+301
j  org.eclipse.jetty.server.HttpConnection.onFillable()V+189
j  org.eclipse.jetty.io.AbstractConnection$2.run()V+4
j  org.eclipse.jetty.util.thread.QueuedThreadPool.runJob(Ljava/lang/Runnable;)V+1
j  org.eclipse.jetty.util.thread.QueuedThreadPool$3.run()V+75
j  java.lang.Thread.run()V+11
v  ~StubRoutines::call_stub

---------------  P R O C E S S  ---------------

Java Threads: ( => current thread )
  0x0000000020abd000 JavaThread "Scheduler-789195255" [_thread_blocked, id=17220, stack(0x00000000305f0000,0x00000000306f0000)]
  0x0000000020ab5800 JavaThread "org.eclipse.jetty.server.session.HashSessionManager@4f3b11e6Timer" daemon [_thread_blocked, id=23348, stack(0x0000000028430000,0x0000000028530000)]
  0x0000000020abc800 JavaThread "qtp899111685-24-selector-ServerConnectorManager@41c25426/2" [_thread_in_native, id=23404, stack(0x0000000028330000,0x0000000028430000)]
  0x0000000020ab6800 JavaThread "qtp899111685-22-selector-ServerConnectorManager@41c25426/1" [_thread_in_native, id=4532, stack(0x0000000027f30000,0x0000000028030000)]
  0x000000002407b800 JavaThread "qtp899111685-21" [_thread_blocked, id=21724, stack(0x0000000027e30000,0x0000000027f30000)]
  0x000000002407f000 JavaThread "qtp899111685-20-selector-ServerConnectorManager@41c25426/0" [_thread_in_native, id=15828, stack(0x0000000027c30000,0x0000000027d30000)]
=>0x000000002407d000 JavaThread "qtp899111685-19" [_thread_in_vm, id=7824, stack(0x0000000026ad0000,0x0000000026bd0000)]
  0x000000002407e800 JavaThread "qtp899111685-18" [_thread_blocked, id=15940, stack(0x00000000269d0000,0x0000000026ad0000)]
  0x000000002407a800 JavaThread "qtp899111685-17-acceptor-0@32f312b8-ServerConnector@34fde3a3{HTTP/1.1}{0.0.0.0:8080}" [_thread_in_native, id=21952, stack(0x00000000268d0000,0x00000000269d0000)]
  0x000000002407a000 JavaThread "qtp899111685-16" [_thread_blocked, id=20280, stack(0x0000000025730000,0x0000000025830000)]
  0x0000000024079000 JavaThread "qtp899111685-15-selector-ServerConnectorManager@41c25426/3" [_thread_in_native, id=17968, stack(0x0000000025630000,0x0000000025730000)]
  0x0000000024080000 JavaThread "ShutdownMonitor" daemon [_thread_in_native, id=21412, stack(0x0000000025530000,0x0000000025630000)]
  0x000000001eec2000 JavaThread "Service Thread" daemon [_thread_blocked, id=20384, stack(0x000000001fa10000,0x000000001fb10000)]
  0x000000001ee34800 JavaThread "C1 CompilerThread3" daemon [_thread_blocked, id=7492, stack(0x000000001f910000,0x000000001fa10000)]
  0x000000001ee30000 JavaThread "C2 CompilerThread2" daemon [_thread_blocked, id=15352, stack(0x000000001f810000,0x000000001f910000)]
  0x000000001ee2f800 JavaThread "C2 CompilerThread1" daemon [_thread_blocked, id=1724, stack(0x000000001f710000,0x000000001f810000)]
  0x000000001ee2d800 JavaThread "C2 CompilerThread0" daemon [_thread_blocked, id=3964, stack(0x000000001f610000,0x000000001f710000)]
  0x000000001ee2a800 JavaThread "Attach Listener" daemon [_thread_blocked, id=20072, stack(0x000000001f510000,0x000000001f610000)]
  0x000000001ee29800 JavaThread "Signal Dispatcher" daemon [_thread_blocked, id=5944, stack(0x000000001f410000,0x000000001f510000)]
  0x000000001ee20800 JavaThread "Finalizer" daemon [_thread_blocked, id=20160, stack(0x000000001f200000,0x000000001f300000)]
  0x000000001cf2d000 JavaThread "Reference Handler" daemon [_thread_blocked, id=10944, stack(0x000000001ed00000,0x000000001ee00000)]
  0x0000000003412800 JavaThread "main" [_thread_blocked, id=19604, stack(0x0000000003310000,0x0000000003410000)]

Other Threads:
  0x000000001cf2a000 VMThread [stack: 0x000000001ec00000,0x000000001ed00000] [id=10928]
  0x000000001ee71800 WatcherThread [stack: 0x000000001fb10000,0x000000001fc10000] [id=11044]

VM state:not at safepoint (normal execution)

VM Mutex/Monitor currently owned by a thread: None

Heap:
 PSYoungGen      total 216064K, used 60079K [0x000000076b400000, 0x000000077b100000, 0x00000007c0000000)
  eden space 174080K, 34% used [0x000000076b400000,0x000000076eeabdb0,0x0000000775e00000)
  from space 41984K, 0% used [0x0000000778780000,0x0000000778780000,0x000000077b080000)
  to   space 42496K, 0% used [0x0000000775e00000,0x0000000775e00000,0x0000000778780000)
 ParOldGen       total 179712K, used 28240K [0x00000006c1c00000, 0x00000006ccb80000, 0x000000076b400000)
  object space 179712K, 15% used [0x00000006c1c00000,0x00000006c37941d8,0x00000006ccb80000)
 Metaspace       used 42854K, capacity 44358K, committed 44416K, reserved 1087488K
  class space    used 5128K, capacity 5493K, committed 5504K, reserved 1048576K

Card table byte_map: [0x00000000128d0000,0x00000000130d0000] byte_map_base: 0x000000000f2c2000

Marking Bits: (ParMarkBitMap*) 0x0000000059c02d00
 Begin Bits: [0x0000000013e20000, 0x0000000017db0000)
 End Bits:   [0x0000000017db0000, 0x000000001bd40000)

Polling page: 0x0000000001310000

CodeCache: size=245760Kb used=22175Kb max_used=22330Kb free=223584Kb
 bounds [0x0000000003510000, 0x0000000004b10000, 0x0000000012510000]
 total_blobs=6554 nmethods=6063 adapters=403
 compilation: enabled

Compilation events (10 events):
Event: 39.295 Thread 0x000000001ee34800 7128       1       java.util.ResourceBundle$CacheKey::hashCode (5 bytes)
Event: 39.295 Thread 0x000000001ee34800 nmethod 7128 0x0000000003a98910 code [0x0000000003a98a60, 0x0000000003a98b70]
Event: 39.297 Thread 0x000000001ee30000 7129  s    4       org.fusesource.jansi.AnsiPrintStream::filter (948 bytes)
Event: 39.298 Thread 0x000000001ee34800 7130       3       org.fusesource.jansi.FilterPrintStream::write (17 bytes)
Event: 39.298 Thread 0x000000001ee34800 nmethod 7130 0x0000000003d5a710 code [0x0000000003d5a880, 0x0000000003d5abb8]
Event: 39.299 Thread 0x000000001ee34800 7131   !   3       java.io.PrintStream::write (66 bytes)
Event: 39.299 Thread 0x000000001ee34800 nmethod 7131 0x0000000003c89350 code [0x0000000003c89520, 0x0000000003c89cd8]
Event: 39.300 Thread 0x000000001ee34800 7132  s    3       java.io.BufferedOutputStream::write (35 bytes)
Event: 39.300 Thread 0x000000001ee34800 nmethod 7132 0x0000000004226f50 code [0x00000000042270e0, 0x00000000042275a8]
Event: 39.344 Thread 0x000000001ee30000 nmethod 7129 0x0000000003c44690 code [0x0000000003c44aa0, 0x0000000003c47180]

GC Heap History (10 events):
Event: 7.526 GC heap before
{Heap before GC invocations=8 (full 1):
 PSYoungGen      total 101376K, used 101344K [0x000000076b400000, 0x0000000772800000, 0x00000007c0000000)
  eden space 87040K, 100% used [0x000000076b400000,0x0000000770900000,0x0000000770900000)
  from space 14336K, 99% used [0x0000000771800000,0x00000007725f8310,0x0000000772600000)
  to   space 15360K, 0% used [0x0000000770900000,0x0000000770900000,0x0000000771800000)
 ParOldGen       total 122880K, used 15213K [0x00000006c1c00000, 0x00000006c9400000, 0x000000076b400000)
  object space 122880K, 12% used [0x00000006c1c00000,0x00000006c2adb590,0x00000006c9400000)
 Metaspace       used 28383K, capacity 29136K, committed 29440K, reserved 1075200K
  class space    used 3242K, capacity 3461K, committed 3584K, reserved 1048576K
Event: 7.571 GC heap after
Heap after GC invocations=8 (full 1):
 PSYoungGen      total 102400K, used 15351K [0x000000076b400000, 0x0000000776100000, 0x00000007c0000000)
  eden space 87040K, 0% used [0x000000076b400000,0x000000076b400000,0x0000000770900000)
  from space 15360K, 99% used [0x0000000770900000,0x00000007717fdf78,0x0000000771800000)
  to   space 22016K, 0% used [0x0000000774b80000,0x0000000774b80000,0x0000000776100000)
 ParOldGen       total 122880K, used 24844K [0x00000006c1c00000, 0x00000006c9400000, 0x000000076b400000)
  object space 122880K, 20% used [0x00000006c1c00000,0x00000006c34430c0,0x00000006c9400000)
 Metaspace       used 28383K, capacity 29136K, committed 29440K, reserved 1075200K
  class space    used 3242K, capacity 3461K, committed 3584K, reserved 1048576K
}
Event: 8.024 GC heap before
{Heap before GC invocations=9 (full 1):
 PSYoungGen      total 102400K, used 102391K [0x000000076b400000, 0x0000000776100000, 0x00000007c0000000)
  eden space 87040K, 100% used [0x000000076b400000,0x0000000770900000,0x0000000770900000)
  from space 15360K, 99% used [0x0000000770900000,0x00000007717fdf78,0x0000000771800000)
  to   space 22016K, 0% used [0x0000000774b80000,0x0000000774b80000,0x0000000776100000)
 ParOldGen       total 122880K, used 24844K [0x00000006c1c00000, 0x00000006c9400000, 0x000000076b400000)
  object space 122880K, 20% used [0x00000006c1c00000,0x00000006c34430c0,0x00000006c9400000)
 Metaspace       used 28403K, capacity 29200K, committed 29440K, reserved 1075200K
  class space    used 3242K, capacity 3461K, committed 3584K, reserved 1048576K
Event: 8.079 GC heap after
Heap after GC invocations=9 (full 1):
 PSYoungGen      total 144896K, used 21991K [0x000000076b400000, 0x0000000778400000, 0x00000007c0000000)
  eden space 122880K, 0% used [0x000000076b400000,0x000000076b400000,0x0000000772c00000)
  from space 22016K, 99% used [0x0000000774b80000,0x00000007760f9ef8,0x0000000776100000)
  to   space 32256K, 0% used [0x0000000772c00000,0x0000000772c00000,0x0000000774b80000)
 ParOldGen       total 122880K, used 42382K [0x00000006c1c00000, 0x00000006c9400000, 0x000000076b400000)
  object space 122880K, 34% used [0x00000006c1c00000,0x00000006c4563920,0x00000006c9400000)
 Metaspace       used 28403K, capacity 29200K, committed 29440K, reserved 1075200K
  class space    used 3242K, capacity 3461K, committed 3584K, reserved 1048576K
}
Event: 9.462 GC heap before
{Heap before GC invocations=10 (full 1):
 PSYoungGen      total 144896K, used 144871K [0x000000076b400000, 0x0000000778400000, 0x00000007c0000000)
  eden space 122880K, 100% used [0x000000076b400000,0x0000000772c00000,0x0000000772c00000)
  from space 22016K, 99% used [0x0000000774b80000,0x00000007760f9ef8,0x0000000776100000)
  to   space 32256K, 0% used [0x0000000772c00000,0x0000000772c00000,0x0000000774b80000)
 ParOldGen       total 122880K, used 42382K [0x00000006c1c00000, 0x00000006c9400000, 0x000000076b400000)
  object space 122880K, 34% used [0x00000006c1c00000,0x00000006c4563920,0x00000006c9400000)
 Metaspace       used 33318K, capacity 34462K, committed 34688K, reserved 1079296K
  class space    used 3904K, capacity 4222K, committed 4224K, reserved 1048576K
Event: 9.511 GC heap after
Heap after GC invocations=10 (full 1):
 PSYoungGen      total 155136K, used 32245K [0x000000076b400000, 0x000000077b080000, 0x00000007c0000000)
  eden space 122880K, 0% used [0x000000076b400000,0x000000076b400000,0x0000000772c00000)
  from space 32256K, 99% used [0x0000000772c00000,0x0000000774b7d6a0,0x0000000774b80000)
  to   space 41984K, 0% used [0x0000000778780000,0x0000000778780000,0x000000077b080000)
 ParOldGen       total 122880K, used 55063K [0x00000006c1c00000, 0x00000006c9400000, 0x000000076b400000)
  object space 122880K, 44% used [0x00000006c1c00000,0x00000006c51c5f80,0x00000006c9400000)
 Metaspace       used 33318K, capacity 34462K, committed 34688K, reserved 1079296K
  class space    used 3904K, capacity 4222K, committed 4224K, reserved 1048576K
}
Event: 9.649 GC heap before
{Heap before GC invocations=11 (full 1):
 PSYoungGen      total 155136K, used 41280K [0x000000076b400000, 0x000000077b080000, 0x00000007c0000000)
  eden space 122880K, 7% used [0x000000076b400000,0x000000076bcd2cf8,0x0000000772c00000)
  from space 32256K, 99% used [0x0000000772c00000,0x0000000774b7d6a0,0x0000000774b80000)
  to   space 41984K, 0% used [0x0000000778780000,0x0000000778780000,0x000000077b080000)
 ParOldGen       total 122880K, used 55063K [0x00000006c1c00000, 0x00000006c9400000, 0x000000076b400000)
  object space 122880K, 44% used [0x00000006c1c00000,0x00000006c51c5f80,0x00000006c9400000)
 Metaspace       used 34131K, capacity 35290K, committed 35456K, reserved 1081344K
  class space    used 4037K, capacity 4358K, committed 4480K, reserved 1048576K
Event: 9.655 GC heap after
Heap after GC invocations=11 (full 1):
 PSYoungGen      total 216064K, used 3686K [0x000000076b400000, 0x000000077b100000, 0x00000007c0000000)
  eden space 174080K, 0% used [0x000000076b400000,0x000000076b400000,0x0000000775e00000)
  from space 41984K, 8% used [0x0000000778780000,0x0000000778b19b30,0x000000077b080000)
  to   space 42496K, 0% used [0x0000000775e00000,0x0000000775e00000,0x0000000778780000)
 ParOldGen       total 122880K, used 57540K [0x00000006c1c00000, 0x00000006c9400000, 0x000000076b400000)
  object space 122880K, 46% used [0x00000006c1c00000,0x00000006c54311d0,0x00000006c9400000)
 Metaspace       used 34131K, capacity 35290K, committed 35456K, reserved 1081344K
  class space    used 4037K, capacity 4358K, committed 4480K, reserved 1048576K
}
Event: 9.655 GC heap before
{Heap before GC invocations=12 (full 2):
 PSYoungGen      total 216064K, used 3686K [0x000000076b400000, 0x000000077b100000, 0x00000007c0000000)
  eden space 174080K, 0% used [0x000000076b400000,0x000000076b400000,0x0000000775e00000)
  from space 41984K, 8% used [0x0000000778780000,0x0000000778b19b30,0x000000077b080000)
  to   space 42496K, 0% used [0x0000000775e00000,0x0000000775e00000,0x0000000778780000)
 ParOldGen       total 122880K, used 57540K [0x00000006c1c00000, 0x00000006c9400000, 0x000000076b400000)
  object space 122880K, 46% used [0x00000006c1c00000,0x00000006c54311d0,0x00000006c9400000)
 Metaspace       used 34131K, capacity 35290K, committed 35456K, reserved 1081344K
  class space    used 4037K, capacity 4358K, committed 4480K, reserved 1048576K
Event: 9.720 GC heap after
Heap after GC invocations=12 (full 2):
 PSYoungGen      total 216064K, used 0K [0x000000076b400000, 0x000000077b100000, 0x00000007c0000000)
  eden space 174080K, 0% used [0x000000076b400000,0x000000076b400000,0x0000000775e00000)
  from space 41984K, 0% used [0x0000000778780000,0x0000000778780000,0x000000077b080000)
  to   space 42496K, 0% used [0x0000000775e00000,0x0000000775e00000,0x0000000778780000)
 ParOldGen       total 179712K, used 28240K [0x00000006c1c00000, 0x00000006ccb80000, 0x000000076b400000)
  object space 179712K, 15% used [0x00000006c1c00000,0x00000006c37941d8,0x00000006ccb80000)
 Metaspace       used 34131K, capacity 35290K, committed 35456K, reserved 1081344K
  class space    used 4037K, capacity 4358K, committed 4480K, reserved 1048576K
}

Deoptimization events (10 events):
Event: 39.252 Thread 0x000000002407d000 Uncommon trap: reason=class_check action=maybe_recompile pc=0x0000000003c4d108 method=java.util.Collections$UnmodifiableMap$UnmodifiableEntrySet$UnmodifiableEntry.getKey()Ljava/lang/Object; @ 4
Event: 39.252 Thread 0x000000002407d000 Uncommon trap: reason=class_check action=maybe_recompile pc=0x0000000003c51f48 method=java.util.Collections$UnmodifiableMap$UnmodifiableEntrySet$UnmodifiableEntry.getValue()Ljava/lang/Object; @ 4
Event: 39.252 Thread 0x000000002407d000 Uncommon trap: reason=class_check action=maybe_recompile pc=0x0000000003c12c50 method=java.util.Collections$UnmodifiableMap$UnmodifiableEntrySet$1.hasNext()Z @ 4
Event: 39.263 Thread 0x000000002407d000 Uncommon trap: reason=unstable_if action=reinterpret pc=0x000000000389b06c method=java.lang.StringCoding.decode(Ljava/lang/String;[BII)[C @ 51
Event: 39.263 Thread 0x000000002407d000 Uncommon trap: reason=class_check action=maybe_recompile pc=0x000000000422acb4 method=java.lang.StringCoding$StringDecoder.decode([BII)[C @ 30
Event: 39.263 Thread 0x000000002407d000 Uncommon trap: reason=class_check action=maybe_recompile pc=0x000000000424e088 method=java.lang.StringCoding$StringDecoder.decode([BII)[C @ 30
Event: 39.277 Thread 0x000000002407d000 Uncommon trap: reason=class_check action=maybe_recompile pc=0x000000000424e0b4 method=java.lang.StringCoding$StringDecoder.charsetName()Ljava/lang/String; @ 4
Event: 39.288 Thread 0x000000002407d000 Uncommon trap: reason=unstable_if action=reinterpret pc=0x0000000003eff82c method=java.io.WinNTFileSystem.normalize(Ljava/lang/String;II)Ljava/lang/String; @ 103
Event: 39.288 Thread 0x000000002407d000 Uncommon trap: reason=unstable_if action=reinterpret pc=0x0000000003ef9714 method=java.io.WinNTFileSystem.normalize(Ljava/lang/String;II)Ljava/lang/String; @ 103
Event: 39.289 Thread 0x000000002407d000 Uncommon trap: reason=unstable_if action=reinterpret pc=0x00000000049780ac method=sun.reflect.annotation.AnnotationInvocationHandler.invoke(Ljava/lang/Object;Ljava/lang/reflect/Method;[Ljava/lang/Object;)Ljava/lang/Object; @ 19

Classes redefined (0 events):
No events

Internal exceptions (10 events):
Event: 7.279 Thread 0x0000000003412800 Exception <a 'java/lang/ClassNotFoundException': sun/net/www/protocol/c/Handler> (0x000000076e691580) thrown at [C:\re\workspace\8-2-build-windows-amd64-cygwin\jdk8u181\11358\hotspot\src\share\vm\classfile\systemDictionary.cpp, line 210]
Event: 7.280 Thread 0x0000000003412800 Exception <a 'java/lang/ClassNotFoundException': sun/net/www/protocol/c/Handler> (0x000000076e693ab8) thrown at [C:\re\workspace\8-2-build-windows-amd64-cygwin\jdk8u181\11358\hotspot\src\share\vm\classfile\systemDictionary.cpp, line 210]
Event: 7.346 Thread 0x000000002407b800 Implicit null exception at 0x000000000421c219 to 0x000000000421c9fd
Event: 7.346 Thread 0x0000000024079000 Implicit null exception at 0x000000000421c219 to 0x000000000421c9fd
Event: 7.346 Thread 0x000000002407a800 Implicit null exception at 0x000000000422718c to 0x0000000004227889
Event: 9.125 Thread 0x0000000003412800 Exception <a 'java/lang/NoSuchFieldError': method resolution failed> (0x0000000771609110) thrown at [C:\re\workspace\8-2-build-windows-amd64-cygwin\jdk8u181\11358\hotspot\src\share\vm\prims\methodHandles.cpp, line 1167]
Event: 9.126 Thread 0x0000000003412800 Exception <a 'java/lang/NoSuchFieldError': method resolution failed> (0x0000000771616ba0) thrown at [C:\re\workspace\8-2-build-windows-amd64-cygwin\jdk8u181\11358\hotspot\src\share\vm\prims\methodHandles.cpp, line 1167]
Event: 9.882 Thread 0x0000000003412800 Exception <a 'java/lang/NoSuchMethodError': java.lang.Object.lambda$and$0(Ljava/util/function/Predicate;Ljava/lang/Object;)Z> (0x000000076bf503c8) thrown at [C:\re\workspace\8-2-build-windows-amd64-cygwin\jdk8u181\11358\hotspot\src\share\vm\interpreter\li
Event: 9.939 Thread 0x0000000003412800 Exception <a 'java/lang/NoSuchMethodError': java.lang.Object.lambda$comparingInt$7b0bb60$1(Ljava/util/function/ToIntFunction;Ljava/lang/Object;Ljava/lang/Object;)I> (0x000000076c292868) thrown at [C:\re\workspace\8-2-build-windows-amd64-cygwin\jdk8u181\11
Event: 39.293 Thread 0x000000002407d000 Exception <a 'java/io/IOException'> (0x000000076edf2960) thrown at [C:\re\workspace\8-2-build-windows-amd64-cygwin\jdk8u181\11358\hotspot\src\share\vm\prims\jni.cpp, line 709]

Events (10 events):
Event: 39.295 loading class sun/util/logging/resources/logging_it_IT done
Event: 39.295 loading class java/util/Formatter$DateTime
Event: 39.296 loading class java/util/Formatter$DateTime done
Event: 39.344 Thread 0x000000001ee30000 flushing nmethod 0x0000000004344a90
Event: 39.345 Thread 0x000000001ee30000 flushing nmethod 0x00000000043a1150
Event: 39.345 Thread 0x000000001ee30000 flushing nmethod 0x0000000004403550
Event: 39.345 Thread 0x000000001ee30000 flushing nmethod 0x000000000441ca90
Event: 39.345 Thread 0x000000001ee30000 flushing nmethod 0x00000000044229d0
Event: 39.388 Executing VM operation: RevokeBias
Event: 39.388 Executing VM operation: RevokeBias done


Dynamic libraries:
0x00007ff6a5ea0000 - 0x00007ff6a5ed7000 	C:\Program Files\Java\jdk1.8.0_181\bin\java.exe
0x00007ff8b87b0000 - 0x00007ff8b8991000 	C:\WINDOWS\SYSTEM32\ntdll.dll
0x00007ff8b5e70000 - 0x00007ff8b5f22000 	C:\WINDOWS\System32\KERNEL32.DLL
0x00007ff8b5770000 - 0x00007ff8b59e3000 	C:\WINDOWS\System32\KERNELBASE.dll
0x00007ff8b5f30000 - 0x00007ff8b5fd1000 	C:\WINDOWS\System32\ADVAPI32.dll
0x00007ff8b7d70000 - 0x00007ff8b7e0e000 	C:\WINDOWS\System32\msvcrt.dll
0x00007ff8b7ee0000 - 0x00007ff8b7f3b000 	C:\WINDOWS\System32\sechost.dll
0x00007ff8b8650000 - 0x00007ff8b8774000 	C:\WINDOWS\System32\RPCRT4.dll
0x00007ff8b76e0000 - 0x00007ff8b7870000 	C:\WINDOWS\System32\USER32.dll
0x00007ff8b4b80000 - 0x00007ff8b4ba0000 	C:\WINDOWS\System32\win32u.dll
0x00007ff8b8620000 - 0x00007ff8b8648000 	C:\WINDOWS\System32\GDI32.dll
0x00007ff8b4e40000 - 0x00007ff8b4fd2000 	C:\WINDOWS\System32\gdi32full.dll
0x00007ff8b5ba0000 - 0x00007ff8b5c3f000 	C:\WINDOWS\System32\msvcp_win.dll
0x00007ff8b59f0000 - 0x00007ff8b5aea000 	C:\WINDOWS\System32\ucrtbase.dll
0x00007ff8a8200000 - 0x00007ff8a8469000 	C:\WINDOWS\WinSxS\amd64_microsoft.windows.common-controls_6595b64144ccf1df_6.0.17134.407_none_fb449d63306391e9\COMCTL32.dll
0x00007ff8b7a40000 - 0x00007ff8b7d62000 	C:\WINDOWS\System32\combase.dll
0x00007ff8b4fe0000 - 0x00007ff8b505a000 	C:\WINDOWS\System32\bcryptPrimitives.dll
0x00007ff8b85f0000 - 0x00007ff8b861d000 	C:\WINDOWS\System32\IMM32.DLL
0x000000005c6d0000 - 0x000000005c7a2000 	C:\Program Files\Java\jdk1.8.0_181\jre\bin\msvcr100.dll
0x00000000593e0000 - 0x0000000059c82000 	C:\Program Files\Java\jdk1.8.0_181\jre\bin\server\jvm.dll
0x00007ff8b7510000 - 0x00007ff8b7518000 	C:\WINDOWS\System32\PSAPI.DLL
0x00007ff8b24c0000 - 0x00007ff8b24c9000 	C:\WINDOWS\SYSTEM32\WSOCK32.dll
0x00007ff8ab410000 - 0x00007ff8ab433000 	C:\WINDOWS\SYSTEM32\WINMM.dll
0x00007ff8abd00000 - 0x00007ff8abd0a000 	C:\WINDOWS\SYSTEM32\VERSION.dll
0x00007ff8b7870000 - 0x00007ff8b78dc000 	C:\WINDOWS\System32\WS2_32.dll
0x00007ff8ab3e0000 - 0x00007ff8ab40a000 	C:\WINDOWS\SYSTEM32\WINMMBASE.dll
0x00007ff8b4c00000 - 0x00007ff8b4c49000 	C:\WINDOWS\System32\cfgmgr32.dll
0x000000005c680000 - 0x000000005c68f000 	C:\Program Files\Java\jdk1.8.0_181\jre\bin\verify.dll
0x000000005ba70000 - 0x000000005ba99000 	C:\Program Files\Java\jdk1.8.0_181\jre\bin\java.dll
0x000000005c660000 - 0x000000005c676000 	C:\Program Files\Java\jdk1.8.0_181\jre\bin\zip.dll
0x00007ff8b5fe0000 - 0x00007ff8b741f000 	C:\WINDOWS\System32\SHELL32.dll
0x00007ff8b5c40000 - 0x00007ff8b5ce9000 	C:\WINDOWS\System32\shcore.dll
0x00007ff8b5060000 - 0x00007ff8b576d000 	C:\WINDOWS\System32\windows.storage.dll
0x00007ff8b7e70000 - 0x00007ff8b7ec1000 	C:\WINDOWS\System32\shlwapi.dll
0x00007ff8b4b60000 - 0x00007ff8b4b71000 	C:\WINDOWS\System32\kernel.appcore.dll
0x00007ff8b4b40000 - 0x00007ff8b4b5f000 	C:\WINDOWS\System32\profapi.dll
0x00007ff8b4ac0000 - 0x00007ff8b4b0c000 	C:\WINDOWS\System32\powrprof.dll
0x00007ff8b4b10000 - 0x00007ff8b4b1a000 	C:\WINDOWS\System32\FLTLIB.DLL
0x00007ff8aef20000 - 0x00007ff8aef2a000 	D:\Programmi\apache-maven-3.6.0-bin\apache-maven-3.6.0\lib\jansi-native\windows64\jansi.dll
0x000000005ba50000 - 0x000000005ba6a000 	C:\Program Files\Java\jdk1.8.0_181\jre\bin\net.dll
0x00007ff8b42e0000 - 0x00007ff8b4346000 	C:\WINDOWS\system32\mswsock.dll
0x000000005ba30000 - 0x000000005ba41000 	C:\Program Files\Java\jdk1.8.0_181\jre\bin\nio.dll
0x000000005b980000 - 0x000000005b98d000 	C:\Program Files\Java\jdk1.8.0_181\jre\bin\management.dll
0x00007ff8b44a0000 - 0x00007ff8b44b7000 	C:\WINDOWS\SYSTEM32\CRYPTSP.dll
0x00007ff8b3ec0000 - 0x00007ff8b3ef3000 	C:\WINDOWS\system32\rsaenh.dll
0x00007ff8b45c0000 - 0x00007ff8b45e5000 	C:\WINDOWS\SYSTEM32\bcrypt.dll
0x00007ff8b49c0000 - 0x00007ff8b49e8000 	C:\WINDOWS\SYSTEM32\USERENV.dll
0x00007ff8b4490000 - 0x00007ff8b449b000 	C:\WINDOWS\SYSTEM32\CRYPTBASE.dll
0x00007ff8b4060000 - 0x00007ff8b4098000 	C:\WINDOWS\SYSTEM32\IPHLPAPI.DLL
0x00007ff8b5d90000 - 0x00007ff8b5d98000 	C:\WINDOWS\System32\NSI.dll
0x00007ff8af740000 - 0x00007ff8af756000 	C:\WINDOWS\SYSTEM32\dhcpcsvc6.DLL
0x00007ff8af840000 - 0x00007ff8af85a000 	C:\WINDOWS\SYSTEM32\dhcpcsvc.DLL
0x00007ff8ae810000 - 0x00007ff8ae834000 	D:\github\plathea\jaxrs-jersey-server-generated\src\main\java\io\core\InterfaceJNI_DLL.dll
0x00007ff8aab70000 - 0x00007ff8aab91000 	C:\WINDOWS\SYSTEM32\VCRUNTIME140D.dll
0x00007ff882860000 - 0x00007ff882a1d000 	C:\WINDOWS\SYSTEM32\ucrtbased.dll
0x00007ff8613a0000 - 0x00007ff861760000 	D:\github\plathea\jaxrs-jersey-server-generated\PlatheaDLL.dll
0x00007ff8b7420000 - 0x00007ff8b750d000 	C:\WINDOWS\System32\COMDLG32.dll
0x00007ff8b78e0000 - 0x00007ff8b7a31000 	C:\WINDOWS\System32\ole32.dll
0x00007ff88d1b0000 - 0x00007ff88d2b8000 	D:\github\plathea\jaxrs-jersey-server-generated\opencv_video310d.dll
0x00007ff84f400000 - 0x00007ff85039e000 	D:\github\plathea\jaxrs-jersey-server-generated\opencv_core310d.dll
0x00007ff87efc0000 - 0x00007ff87f16c000 	D:\github\plathea\jaxrs-jersey-server-generated\opencv_ml310d.dll
0x00007ff8a3ea0000 - 0x00007ff8a3f06000 	D:\github\plathea\jaxrs-jersey-server-generated\opencv_highgui310d.dll
0x00007ff87e950000 - 0x00007ff87eae4000 	D:\github\plathea\jaxrs-jersey-server-generated\opencv_objdetect310d.dll
0x00007ff8518c0000 - 0x00007ff851c94000 	D:\github\plathea\jaxrs-jersey-server-generated\opencv_calib3d310d.dll
0x00007ff84b2c0000 - 0x00007ff84d48b000 	D:\github\plathea\jaxrs-jersey-server-generated\opencv_imgproc310d.dll
0x00007ff88b220000 - 0x00007ff88b314000 	C:\WINDOWS\SYSTEM32\MSVCP140D.dll
0x00007ff88ab80000 - 0x00007ff88ac36000 	C:\WINDOWS\SYSTEM32\CONCRT140D.dll
0x00007ff886c30000 - 0x00007ff886ce2000 	D:\github\plathea\jaxrs-jersey-server-generated\opencv_videoio310d.dll
0x00007ff8b5da0000 - 0x00007ff8b5e62000 	C:\WINDOWS\System32\OLEAUT32.dll
0x00007ff84eea0000 - 0x00007ff84f3fe000 	D:\github\plathea\jaxrs-jersey-server-generated\opencv_imgcodecs310d.dll
0x00007ff87b5d0000 - 0x00007ff87b7f5000 	D:\github\plathea\jaxrs-jersey-server-generated\opencv_features2d310d.dll
0x00007ff8a4e20000 - 0x00007ff8a4e49000 	C:\WINDOWS\SYSTEM32\MSVFW32.dll
0x00007ff8ac750000 - 0x00007ff8ac76f000 	C:\WINDOWS\SYSTEM32\AVIFIL32.dll
0x00007ff8ac4b0000 - 0x00007ff8ac4c8000 	C:\WINDOWS\SYSTEM32\AVICAP32.dll
0x00007ff894930000 - 0x00007ff89494c000 	C:\WINDOWS\SYSTEM32\MSACM32.dll
0x00007ff884110000 - 0x00007ff88428d000 	D:\github\plathea\jaxrs-jersey-server-generated\opencv_flann310d.dll
0x00007ff8ae410000 - 0x00007ff8ae5d9000 	C:\WINDOWS\SYSTEM32\dbghelp.dll

VM Arguments:
jvm_args: -Dclassworlds.conf=D:\Programmi\apache-maven-3.6.0-bin\apache-maven-3.6.0\bin\..\bin\m2.conf -Dmaven.home=D:\Programmi\apache-maven-3.6.0-bin\apache-maven-3.6.0\bin\.. -Dlibrary.jansi.path=D:\Programmi\apache-maven-3.6.0-bin\apache-maven-3.6.0\bin\..\lib\jansi-native -Dmaven.multiModuleProjectDirectory=D:\github\plathea\jaxrs-jersey-server-generated 
java_command: org.codehaus.plexus.classworlds.launcher.Launcher clean package jetty:run
java_class_path (initial): D:\Programmi\apache-maven-3.6.0-bin\apache-maven-3.6.0\bin\..\boot\plexus-classworlds-2.5.2.jar
Launcher Type: SUN_STANDARD

Environment Variables:
JAVA_HOME=C:\Program Files\Java\jdk1.8.0_181
PATH=C:\Program Files (x86)\Common Files\Oracle\Java\javapath;C:\Users\jack1\Desktop\plathea-code-22-trunk\plathea-code-22-trunk\opencv-master\build\install_release\x64\vc12\bin;C:\WINDOWS\system32;C:\WINDOWS;C:\WINDOWS\System32\Wbem;C:\WINDOWS\System32\WindowsPowerShell\v1.0\;C:\Program Files\Git\cmd;C:\Program Files\nodejs\;C:\Program Files\PuTTY\;C:\Users\jack1\AppData\Local\Microsoft\WindowsApps;C:\Users\jack1\AppData\Roaming\npm;C:\Users\jack1\AppData\Local\atom\bin;C:\adb;C:\WINDOWS\system32;C:\WINDOWS;C:\WINDOWS\System32\Wbem;C:\WINDOWS\System32\WindowsPowerShell\v1.0\;C:\WINDOWS\System32\OpenSSH\;C:\Users\jack1\Desktop\plathea-code-22-trunk\plathea-code-22-trunk\opencv-master\build\install_debug\x64\vc12\bin;C:\Users\jack1\AppData\Local\Microsoft\WindowsApps;C:\Users\jack1\AppData\Roaming\npm;C:\Users\jack1\AppData\Local\atom\bin;C:\Users\jack1\AppData\Local\Microsoft\WindowsApps;C:\Program Files\LLVM\bin;C:\ProgramData\jack1\atom\bin;C:\Program Files\Java\jdk1.8.0_181\bin;C:\Program Files\mingw-w64\x86_64-8.1.0-win32-seh-rt_v6-rev0\mingw64\bin;D:\Programmi\apache-maven-3.6.0-bin\apache-maven-3.6.0\bin;D:\github\plathea\LeoStormLibrary\LeoStormWindowsLib;
USERNAME=jack1
OS=Windows_NT
PROCESSOR_IDENTIFIER=Intel64 Family 6 Model 58 Stepping 9, GenuineIntel



---------------  S Y S T E M  ---------------

OS: Windows 10.0 , 64 bit Build 17134 (10.0.17134.1)

CPU:total 8 (initial active 8) (4 cores per cpu, 2 threads per core) family 6 model 58 stepping 9, cmov, cx8, fxsr, mmx, sse, sse2, sse3, ssse3, sse4.1, sse4.2, popcnt, avx, aes, clmul, erms, ht, tsc, tscinvbit, tscinv

Memory: 4k page, physical 16659944k(7845812k free), swap 19150312k(7392964k free)

vm_info: Java HotSpot(TM) 64-Bit Server VM (25.181-b13) for windows-amd64 JRE (1.8.0_181-b13), built on Jul  7 2018 04:01:33 by "java_re" with MS VC++ 10.0 (VS2010)

time: Fri Nov 16 11:17:09 2018
elapsed time: 39 seconds (0d 0h 0m 39s)

