#
# A fatal error has been detected by the Java Runtime Environment:
#
#  EXCEPTION_UNCAUGHT_CXX_EXCEPTION (0xe06d7363) at pc=0x00007ff8b57aa388, pid=19512, tid=0x00000000000042a0
#
# JRE version: Java(TM) SE Runtime Environment (8.0_181-b13) (build 1.8.0_181-b13)
# Java VM: Java HotSpot(TM) 64-Bit Server VM (25.181-b13 mixed mode windows-amd64 compressed oops)
# Problematic frame:
# C  [KERNELBASE.dll+0x3a388]
#
# Failed to write core dump. Minidumps are not enabled by default on client versions of Windows
#
# If you would like to submit a bug report, please visit:
#   http://bugreport.java.com/bugreport/crash.jsp
# The crash happened outside the Java Virtual Machine in native code.
# See problematic frame for where to report the bug.
#

---------------  T H R E A D  ---------------

Current thread (0x0000000023d74000):  JavaThread "qtp1892261395-27" [_thread_in_native, id=17056, stack(0x000000002b6f0000,0x000000002b7f0000)]

siginfo: ExceptionCode=0xe06d7363, ExceptionInformation=0x0000000019930520 0x000000002b7e6080 0x00007ff8475cf0e8 0x00007ff8466f0000 

Registers:
RAX=0x0000000000004026, RBX=0x00007ff8977d5210, RCX=0x0000000000001bf8, RDX=0x0000000000000000
RSP=0x000000002b7d38d0, RBP=0x000000002b7d3f80, RSI=0x000000002b7d4c60, RDI=0x000000002b7d3f50
R8 =0x000000002d7e1cf0, R9 =0x0000000000000000, R10=0x0000000000000000, R11=0x0000000000004026
R12=0x00007ff8466f0000, R13=0x000000002b7d4190, R14=0x000000002b7d46f0, R15=0x000000002b7e9da0
RIP=0x00007ff8b57aa388, EFLAGS=0x0000000000000206

Top of Stack: (sp=0x000000002b7d38d0)
0x000000002b7d38d0:   0000000000000000 00007ff8977d5210
0x000000002b7d38e0:   000000002b7d4c60 000000002b7d3f50
0x000000002b7d38f0:   00000001e06d7363 0000000000000000
0x000000002b7d3900:   00007ff8b57aa388 00007ff800000004
0x000000002b7d3910:   0000000019930520 000000002b7e6080
0x000000002b7d3920:   00007ff8475cf0e8 00007ff8466f0000
0x000000002b7d3930:   0000000000000000 0000000000000000
0x000000002b7d3940:   cccccccc00000000 000000002b7d3f50
0x000000002b7d3950:   000000002d7dcb80 00007ff8470b6da5
0x000000002b7d3960:   000000002d7dcb80 0000000000000000
0x000000002b7d3970:   0000000000000000 0000000000000000
0x000000002b7d3980:   000000002d7dcb80 0000000000000000
0x000000002b7d3990:   00007e6bc4c6e5bf 00007ff8977d82f9
0x000000002b7d39a0:   000000002b7d3f80 00007ff8977d4bf3
0x000000002b7d39b0:   00007ff8470b6d80 000000002b7e9da0
0x000000002b7d39c0:   000000002d7dcb80 0000000000000000 

Instructions: (pc=0x00007ff8b57aa388)
0x00007ff8b57aa368:   49 8b d1 44 0f 47 c0 44 89 44 24 38 49 c1 e0 03
0x00007ff8b57aa378:   e8 4a 46 04 00 48 8d 4c 24 20 ff 15 d0 82 14 00
0x00007ff8b57aa388:   48 8b 8c 24 c0 00 00 00 48 33 cc e8 b8 05 04 00
0x00007ff8b57aa398:   48 81 c4 d8 00 00 00 c3 83 64 24 38 00 eb d6 cc 


Register to memory mapping:

RAX=0x0000000000004026 is an unknown value
RBX=0x00007ff8977d5210 is an unknown value
RCX=0x0000000000001bf8 is an unknown value
RDX=0x0000000000000000 is an unknown value
RSP=0x000000002b7d38d0 is pointing into the stack for thread: 0x0000000023d74000
RBP=0x000000002b7d3f80 is pointing into the stack for thread: 0x0000000023d74000
RSI=0x000000002b7d4c60 is pointing into the stack for thread: 0x0000000023d74000
RDI=0x000000002b7d3f50 is pointing into the stack for thread: 0x0000000023d74000
R8 =0x000000002d7e1cf0 is an unknown value
R9 =0x0000000000000000 is an unknown value
R10=0x0000000000000000 is an unknown value
R11=0x0000000000004026 is an unknown value
R12=0x00007ff8466f0000 is an unknown value
R13=0x000000002b7d4190 is pointing into the stack for thread: 0x0000000023d74000
R14=0x000000002b7d46f0 is pointing into the stack for thread: 0x0000000023d74000
R15=0x000000002b7e9da0 is pointing into the stack for thread: 0x0000000023d74000


Stack: [0x000000002b6f0000,0x000000002b7f0000],  sp=0x000000002b7d38d0,  free space=910k
Native frames: (J=compiled Java code, j=interpreted, Vv=VM code, C=native code)
C  [KERNELBASE.dll+0x3a388]
C  [VCRUNTIME140D.dll+0x4bf3]
C  [VCRUNTIME140D.dll+0x53ae]
C  [ntdll.dll+0x9e2c3]
C  [opencv_core310d.dll+0x8e3f65]
C  [opencv_core310d.dll+0x8e27dd]
C  [PlatheaDLL.dll+0x20563e]  StereoCalibration::LoadFromFolder+0x8ae
C  [PlatheaDLL.dll+0x18f0c9]  calibration_internalcalibration_load+0x49
C  [InterfaceJNI_DLL.dll+0x119a9]  Java_io_core_InterfaceJNI_internalCalibration+0x69
C  0x0000000002668c67

Java frames: (J=compiled Java code, j=interpreted, Vv=VM code)
j  io.core.InterfaceJNI.internalCalibration(Ljava/lang/String;I)I+0
j  io.core.MainSystem.internalcalibration(Ljava/lang/Integer;Ljava/util/List;Ljava/lang/Integer;)Lio/core/MainSystem$ReturnRoomMessage;+371
j  io.swagger.api.impl.RoomApiServiceImpl.internalcalibration(Ljava/lang/Integer;Ljava/lang/Integer;Ljava/util/List;Ljavax/ws/rs/core/SecurityContext;)Ljavax/ws/rs/core/Response;+3
j  io.swagger.api.RoomApi.internalcalibration(Ljava/lang/Integer;Ljava/lang/Integer;Ljava/util/List;Ljavax/ws/rs/core/SecurityContext;)Ljavax/ws/rs/core/Response;+9
v  ~StubRoutines::call_stub
J 2283  sun.reflect.NativeMethodAccessorImpl.invoke0(Ljava/lang/reflect/Method;Ljava/lang/Object;[Ljava/lang/Object;)Ljava/lang/Object; (0 bytes) @ 0x0000000002dc963f [0x0000000002dc95c0+0x7f]
J 2282 C1 sun.reflect.NativeMethodAccessorImpl.invoke(Ljava/lang/Object;[Ljava/lang/Object;)Ljava/lang/Object; (104 bytes) @ 0x0000000002dc88bc [0x0000000002dc76c0+0x11fc]
J 2072 C1 sun.reflect.DelegatingMethodAccessorImpl.invoke(Ljava/lang/Object;[Ljava/lang/Object;)Ljava/lang/Object; (10 bytes) @ 0x0000000002d2868c [0x0000000002d28580+0x10c]
J 1967 C1 java.lang.reflect.Method.invoke(Ljava/lang/Object;[Ljava/lang/Object;)Ljava/lang/Object; (62 bytes) @ 0x0000000002cf3834 [0x0000000002cf3440+0x3f4]
j  org.glassfish.jersey.server.model.internal.ResourceMethodInvocationHandlerFactory.lambda$static$0(Ljava/lang/Object;Ljava/lang/reflect/Method;[Ljava/lang/Object;)Ljava/lang/Object;+3
j  org.glassfish.jersey.server.model.internal.ResourceMethodInvocationHandlerFactory$$Lambda$122.invoke(Ljava/lang/Object;Ljava/lang/reflect/Method;[Ljava/lang/Object;)Ljava/lang/Object;+3
j  org.glassfish.jersey.server.model.internal.AbstractJavaResourceMethodDispatcher$1.run()Ljava/lang/Object;+38
j  org.glassfish.jersey.server.model.internal.AbstractJavaResourceMethodDispatcher.invoke(Lorg/glassfish/jersey/server/ContainerRequest;Ljava/lang/Object;[Ljava/lang/Object;)Ljava/lang/Object;+66
j  org.glassfish.jersey.server.model.internal.JavaResourceMethodDispatcherProvider$ResponseOutInvoker.doDispatch(Ljava/lang/Object;Lorg/glassfish/jersey/server/ContainerRequest;)Ljavax/ws/rs/core/Response;+10
j  org.glassfish.jersey.server.model.internal.AbstractJavaResourceMethodDispatcher.dispatch(Ljava/lang/Object;Lorg/glassfish/jersey/server/ContainerRequest;)Ljavax/ws/rs/core/Response;+5
j  org.glassfish.jersey.server.model.ResourceMethodInvoker.invoke(Lorg/glassfish/jersey/server/internal/process/RequestProcessingContext;Ljava/lang/Object;)Ljavax/ws/rs/core/Response;+26
j  org.glassfish.jersey.server.model.ResourceMethodInvoker.apply(Lorg/glassfish/jersey/server/internal/process/RequestProcessingContext;)Lorg/glassfish/jersey/server/ContainerResponse;+100
j  org.glassfish.jersey.server.model.ResourceMethodInvoker.apply(Ljava/lang/Object;)Ljava/lang/Object;+5
j  org.glassfish.jersey.server.ServerRuntime$1.run()V+89
j  org.glassfish.jersey.internal.Errors$1.call()Ljava/lang/Void;+4
j  org.glassfish.jersey.internal.Errors$1.call()Ljava/lang/Object;+1
j  org.glassfish.jersey.internal.Errors.process(Ljava/util/concurrent/Callable;Z)Ljava/lang/Object;+36
j  org.glassfish.jersey.internal.Errors.process(Lorg/glassfish/jersey/internal/util/Producer;Z)Ljava/lang/Object;+2
j  org.glassfish.jersey.internal.Errors.process(Ljava/lang/Runnable;)V+9
j  org.glassfish.jersey.process.internal.RequestScope.runInScope(Lorg/glassfish/jersey/process/internal/RequestContext;Ljava/lang/Runnable;)V+17
j  org.glassfish.jersey.server.ServerRuntime.process(Lorg/glassfish/jersey/server/ContainerRequest;)V+181
j  org.glassfish.jersey.server.ApplicationHandler.handle(Lorg/glassfish/jersey/server/ContainerRequest;)V+13
j  org.glassfish.jersey.servlet.WebComponent.serviceImpl(Ljava/net/URI;Ljava/net/URI;Ljavax/servlet/http/HttpServletRequest;Ljavax/servlet/http/HttpServletResponse;)Lorg/glassfish/jersey/servlet/internal/ResponseWriter;+81
j  org.glassfish.jersey.servlet.WebComponent.service(Ljava/net/URI;Ljava/net/URI;Ljavax/servlet/http/HttpServletRequest;Ljavax/servlet/http/HttpServletResponse;)Lorg/glassfish/jersey/internal/util/collection/Value;+6
j  org.glassfish.jersey.servlet.ServletContainer.service(Ljava/net/URI;Ljava/net/URI;Ljavax/servlet/http/HttpServletRequest;Ljavax/servlet/http/HttpServletResponse;)Lorg/glassfish/jersey/internal/util/collection/Value;+9
j  org.glassfish.jersey.servlet.ServletContainer.service(Ljavax/servlet/http/HttpServletRequest;Ljavax/servlet/http/HttpServletResponse;)V+183
j  org.glassfish.jersey.servlet.ServletContainer.service(Ljavax/servlet/ServletRequest;Ljavax/servlet/ServletResponse;)V+39
j  org.eclipse.jetty.servlet.ServletHolder.handle(Lorg/eclipse/jetty/server/Request;Ljavax/servlet/ServletRequest;Ljavax/servlet/ServletResponse;)V+89
j  org.eclipse.jetty.servlet.ServletHandler$CachedChain.doFilter(Ljavax/servlet/ServletRequest;Ljavax/servlet/ServletResponse;)V+211
j  io.swagger.api.ApiOriginFilter.doFilter(Ljavax/servlet/ServletRequest;Ljavax/servlet/ServletResponse;Ljavax/servlet/FilterChain;)V+42
j  org.eclipse.jetty.servlet.ServletHandler$CachedChain.doFilter(Ljavax/servlet/ServletRequest;Ljavax/servlet/ServletResponse;)V+103
j  org.eclipse.jetty.servlet.ServletHandler.doHandle(Ljava/lang/String;Lorg/eclipse/jetty/server/Request;Ljavax/servlet/http/HttpServletRequest;Ljavax/servlet/http/HttpServletResponse;)V+203
j  org.eclipse.jetty.server.handler.ScopedHandler.handle(Ljava/lang/String;Lorg/eclipse/jetty/server/Request;Ljavax/servlet/http/HttpServletRequest;Ljavax/servlet/http/HttpServletResponse;)V+32
j  org.eclipse.jetty.security.SecurityHandler.handle(Ljava/lang/String;Lorg/eclipse/jetty/server/Request;Ljavax/servlet/http/HttpServletRequest;Ljavax/servlet/http/HttpServletResponse;)V+553
j  org.eclipse.jetty.server.session.SessionHandler.doHandle(Ljava/lang/String;Lorg/eclipse/jetty/server/Request;Ljavax/servlet/http/HttpServletRequest;Ljavax/servlet/http/HttpServletResponse;)V+68
j  org.eclipse.jetty.server.handler.ContextHandler.doHandle(Ljava/lang/String;Lorg/eclipse/jetty/server/Request;Ljavax/servlet/http/HttpServletRequest;Ljavax/servlet/http/HttpServletResponse;)V+349
j  org.eclipse.jetty.servlet.ServletHandler.doScope(Ljava/lang/String;Lorg/eclipse/jetty/server/Request;Ljavax/servlet/http/HttpServletRequest;Ljavax/servlet/http/HttpServletResponse;)V+274
j  org.eclipse.jetty.server.session.SessionHandler.doScope(Ljava/lang/String;Lorg/eclipse/jetty/server/Request;Ljavax/servlet/http/HttpServletRequest;Ljavax/servlet/http/HttpServletResponse;)V+233
j  org.eclipse.jetty.server.handler.ContextHandler.doScope(Ljava/lang/String;Lorg/eclipse/jetty/server/Request;Ljavax/servlet/http/HttpServletRequest;Ljavax/servlet/http/HttpServletResponse;)V+437
j  org.eclipse.jetty.server.handler.ScopedHandler.handle(Ljava/lang/String;Lorg/eclipse/jetty/server/Request;Ljavax/servlet/http/HttpServletRequest;Ljavax/servlet/http/HttpServletResponse;)V+20
j  org.eclipse.jetty.server.handler.ContextHandlerCollection.handle(Ljava/lang/String;Lorg/eclipse/jetty/server/Request;Ljavax/servlet/http/HttpServletRequest;Ljavax/servlet/http/HttpServletResponse;)V+224
j  org.eclipse.jetty.server.handler.HandlerCollection.handle(Ljava/lang/String;Lorg/eclipse/jetty/server/Request;Ljavax/servlet/http/HttpServletRequest;Ljavax/servlet/http/HttpServletResponse;)V+42
j  org.eclipse.jetty.server.handler.HandlerWrapper.handle(Ljava/lang/String;Lorg/eclipse/jetty/server/Request;Ljavax/servlet/http/HttpServletRequest;Ljavax/servlet/http/HttpServletResponse;)V+23
j  org.eclipse.jetty.server.Server.handle(Lorg/eclipse/jetty/server/HttpChannel;)V+130
j  org.eclipse.jetty.server.HttpChannel.handle()Z+301
j  org.eclipse.jetty.server.HttpConnection.onFillable()V+189
j  org.eclipse.jetty.io.AbstractConnection$2.run()V+4
j  org.eclipse.jetty.util.thread.QueuedThreadPool.runJob(Ljava/lang/Runnable;)V+1
j  org.eclipse.jetty.util.thread.QueuedThreadPool$3.run()V+75
j  java.lang.Thread.run()V+11
v  ~StubRoutines::call_stub

---------------  P R O C E S S  ---------------

Java Threads: ( => current thread )
  0x0000000021d74000 JavaThread "Scheduler-630085121" [_thread_blocked, id=19320, stack(0x0000000030780000,0x0000000030880000)]
  0x0000000023d6f800 JavaThread "org.eclipse.jetty.server.session.HashSessionManager@659565edTimer" daemon [_thread_blocked, id=12096, stack(0x000000002f8a0000,0x000000002f9a0000)]
=>0x0000000023d74000 JavaThread "qtp1892261395-27" [_thread_in_native, id=17056, stack(0x000000002b6f0000,0x000000002b7f0000)]
  0x0000000023d75800 JavaThread "qtp1892261395-26-acceptor-0@333a9520-ServerConnector@2e29a7d{HTTP/1.1}{0.0.0.0:8080}" [_thread_in_native, id=14628, stack(0x000000002b5f0000,0x000000002b6f0000)]
  0x0000000023d73800 JavaThread "qtp1892261395-25-selector-ServerConnectorManager@488c4f47/0" [_thread_in_native, id=11156, stack(0x000000002b4f0000,0x000000002b5f0000)]
  0x0000000023d70800 JavaThread "qtp1892261395-24" [_thread_blocked, id=14708, stack(0x00000000264e0000,0x00000000265e0000)]
  0x000000001f4db000 JavaThread "qtp1892261395-22-selector-ServerConnectorManager@488c4f47/3" [_thread_in_native, id=12684, stack(0x0000000025fb0000,0x00000000260b0000)]
  0x000000002355c800 JavaThread "qtp1892261395-21" [_thread_blocked, id=13976, stack(0x0000000025db0000,0x0000000025eb0000)]
  0x000000001eebc000 JavaThread "qtp1892261395-20-selector-ServerConnectorManager@488c4f47/2" [_thread_in_native, id=22304, stack(0x0000000025cb0000,0x0000000025db0000)]
  0x000000001fb04800 JavaThread "qtp1892261395-19" [_thread_blocked, id=22200, stack(0x0000000025bb0000,0x0000000025cb0000)]
  0x0000000022363800 JavaThread "qtp1892261395-18" [_thread_blocked, id=19412, stack(0x0000000024960000,0x0000000024a60000)]
  0x000000001faaa000 JavaThread "qtp1892261395-17-selector-ServerConnectorManager@488c4f47/1" [_thread_in_native, id=18364, stack(0x0000000024860000,0x0000000024960000)]
  0x000000001fb55000 JavaThread "qtp1892261395-16" [_thread_blocked, id=19128, stack(0x0000000024760000,0x0000000024860000)]
  0x0000000022b0e800 JavaThread "qtp1892261395-15" [_thread_blocked, id=1648, stack(0x0000000024660000,0x0000000024760000)]
  0x000000001edd4800 JavaThread "ShutdownMonitor" daemon [_thread_in_native, id=11944, stack(0x0000000024560000,0x0000000024660000)]
  0x000000001e04c000 JavaThread "Service Thread" daemon [_thread_blocked, id=19736, stack(0x000000001eba0000,0x000000001eca0000)]
  0x000000001dfc7800 JavaThread "C1 CompilerThread3" daemon [_thread_blocked, id=3608, stack(0x000000001eaa0000,0x000000001eba0000)]
  0x000000001dfc3000 JavaThread "C2 CompilerThread2" daemon [_thread_blocked, id=1564, stack(0x000000001e9a0000,0x000000001eaa0000)]
  0x000000001dfc2800 JavaThread "C2 CompilerThread1" daemon [_thread_blocked, id=19848, stack(0x000000001e8a0000,0x000000001e9a0000)]
  0x000000001dfbc800 JavaThread "C2 CompilerThread0" daemon [_thread_blocked, id=13820, stack(0x000000001e7a0000,0x000000001e8a0000)]
  0x000000001dfb9800 JavaThread "Attach Listener" daemon [_thread_blocked, id=22908, stack(0x000000001e6a0000,0x000000001e7a0000)]
  0x000000001c0ce800 JavaThread "Signal Dispatcher" daemon [_thread_blocked, id=1116, stack(0x000000001e5a0000,0x000000001e6a0000)]
  0x000000001dfb0800 JavaThread "Finalizer" daemon [_thread_blocked, id=9316, stack(0x000000001e390000,0x000000001e490000)]
  0x0000000002649000 JavaThread "Reference Handler" daemon [_thread_blocked, id=18324, stack(0x000000001de90000,0x000000001df90000)]
  0x0000000002552800 JavaThread "main" [_thread_blocked, id=20504, stack(0x0000000002410000,0x0000000002510000)]

Other Threads:
  0x000000001c0ba000 VMThread [stack: 0x000000001dd90000,0x000000001de90000] [id=10068]
  0x000000001e06d800 WatcherThread [stack: 0x000000001eca0000,0x000000001eda0000] [id=20896]

VM state:not at safepoint (normal execution)

VM Mutex/Monitor currently owned by a thread: None

Heap:
 PSYoungGen      total 207360K, used 16236K [0x000000076b400000, 0x000000077a880000, 0x00000007c0000000)
  eden space 178688K, 0% used [0x000000076b400000,0x000000076b4ea830,0x0000000776280000)
  from space 28672K, 53% used [0x0000000778c80000,0x0000000779b70ab0,0x000000077a880000)
  to   space 35840K, 0% used [0x0000000776280000,0x0000000776280000,0x0000000778580000)
 ParOldGen       total 200704K, used 60449K [0x00000006c1c00000, 0x00000006ce000000, 0x000000076b400000)
  object space 200704K, 30% used [0x00000006c1c00000,0x00000006c5708640,0x00000006ce000000)
 Metaspace       used 42983K, capacity 44486K, committed 44672K, reserved 1089536K
  class space    used 5121K, capacity 5493K, committed 5504K, reserved 1048576K

Card table byte_map: [0x0000000011a10000,0x0000000012210000] byte_map_base: 0x000000000e402000

Marking Bits: (ParMarkBitMap*) 0x0000000059c02d00
 Begin Bits: [0x0000000012f60000, 0x0000000016ef0000)
 End Bits:   [0x0000000016ef0000, 0x000000001ae80000)

Polling page: 0x00000000006c0000

CodeCache: size=245760Kb used=22355Kb max_used=22494Kb free=223404Kb
 bounds [0x0000000002650000, 0x0000000003c70000, 0x0000000011650000]
 total_blobs=6606 nmethods=6114 adapters=404
 compilation: enabled

Compilation events (10 events):
Event: 17.256 Thread 0x000000001dfc2800 nmethod 7235 0x00000000030e2cd0 code [0x00000000030e2e20, 0x00000000030e3578]
Event: 17.263 Thread 0x000000001dfc2800 7238       4       sun.nio.cs.StreamEncoder::writeBytes (132 bytes)
Event: 17.280 Thread 0x000000001dfc2800 nmethod 7238 0x000000000318ea50 code [0x000000000318ec00, 0x000000000318f938]
Event: 17.281 Thread 0x000000001dfc2800 7239       4       java.io.PrintStream::print (9 bytes)
Event: 17.347 Thread 0x000000001dfc3000 nmethod 7237 0x0000000002dde690 code [0x0000000002dde8a0, 0x0000000002de0818]
Event: 17.348 Thread 0x000000001dfc3000 7240   !   4       java.io.BufferedWriter::write (117 bytes)
Event: 17.358 Thread 0x000000001dfc3000 nmethod 7240 0x0000000003c57250 code [0x0000000003c573c0, 0x0000000003c57ea8]
Event: 17.367 Thread 0x000000001dfbc800 nmethod 7236 0x0000000003c60d90 code [0x0000000003c60fa0, 0x0000000003c63398]
Event: 17.384 Thread 0x000000001dfc3000 7241   !   4       sun.nio.cs.StreamEncoder::flushBuffer (42 bytes)
Event: 17.388 Thread 0x000000001dfc3000 nmethod 7241 0x0000000002e9f2d0 code [0x0000000002e9f420, 0x0000000002e9f7a8]

GC Heap History (10 events):
Event: 7.756 GC heap before
{Heap before GC invocations=8 (full 1):
 PSYoungGen      total 104448K, used 104437K [0x000000076b400000, 0x0000000772c80000, 0x00000007c0000000)
  eden space 90624K, 100% used [0x000000076b400000,0x0000000770c80000,0x0000000770c80000)
  from space 13824K, 99% used [0x0000000771b80000,0x00000007728fd5b8,0x0000000772900000)
  to   space 15360K, 0% used [0x0000000770c80000,0x0000000770c80000,0x0000000771b80000)
 ParOldGen       total 119296K, used 15395K [0x00000006c1c00000, 0x00000006c9080000, 0x000000076b400000)
  object space 119296K, 12% used [0x00000006c1c00000,0x00000006c2b08d68,0x00000006c9080000)
 Metaspace       used 28449K, capacity 29264K, committed 29440K, reserved 1075200K
  class space    used 3242K, capacity 3461K, committed 3584K, reserved 1048576K
Event: 7.783 GC heap after
Heap after GC invocations=8 (full 1):
 PSYoungGen      total 105984K, used 15344K [0x000000076b400000, 0x0000000776680000, 0x00000007c0000000)
  eden space 90624K, 0% used [0x000000076b400000,0x000000076b400000,0x0000000770c80000)
  from space 15360K, 99% used [0x0000000770c80000,0x0000000771b7c0f8,0x0000000771b80000)
  to   space 22528K, 0% used [0x0000000775080000,0x0000000775080000,0x0000000776680000)
 ParOldGen       total 119296K, used 26375K [0x00000006c1c00000, 0x00000006c9080000, 0x000000076b400000)
  object space 119296K, 22% used [0x00000006c1c00000,0x00000006c35c1d38,0x00000006c9080000)
 Metaspace       used 28449K, capacity 29264K, committed 29440K, reserved 1075200K
  class space    used 3242K, capacity 3461K, committed 3584K, reserved 1048576K
}
Event: 8.177 GC heap before
{Heap before GC invocations=9 (full 1):
 PSYoungGen      total 105984K, used 105968K [0x000000076b400000, 0x0000000776680000, 0x00000007c0000000)
  eden space 90624K, 100% used [0x000000076b400000,0x0000000770c80000,0x0000000770c80000)
  from space 15360K, 99% used [0x0000000770c80000,0x0000000771b7c0f8,0x0000000771b80000)
  to   space 22528K, 0% used [0x0000000775080000,0x0000000775080000,0x0000000776680000)
 ParOldGen       total 119296K, used 26438K [0x00000006c1c00000, 0x00000006c9080000, 0x000000076b400000)
  object space 119296K, 22% used [0x00000006c1c00000,0x00000006c35d1960,0x00000006c9080000)
 Metaspace       used 28461K, capacity 29264K, committed 29440K, reserved 1075200K
  class space    used 3242K, capacity 3461K, committed 3584K, reserved 1048576K
Event: 8.227 GC heap after
Heap after GC invocations=9 (full 1):
 PSYoungGen      total 149504K, used 22517K [0x000000076b400000, 0x0000000778f80000, 0x00000007c0000000)
  eden space 126976K, 0% used [0x000000076b400000,0x000000076b400000,0x0000000773000000)
  from space 22528K, 99% used [0x0000000775080000,0x000000077667d690,0x0000000776680000)
  to   space 33280K, 0% used [0x0000000773000000,0x0000000773000000,0x0000000775080000)
 ParOldGen       total 119296K, used 44458K [0x00000006c1c00000, 0x00000006c9080000, 0x000000076b400000)
  object space 119296K, 37% used [0x00000006c1c00000,0x00000006c476abc8,0x00000006c9080000)
 Metaspace       used 28461K, capacity 29264K, committed 29440K, reserved 1075200K
  class space    used 3242K, capacity 3461K, committed 3584K, reserved 1048576K
}
Event: 9.529 GC heap before
{Heap before GC invocations=10 (full 1):
 PSYoungGen      total 149504K, used 147201K [0x000000076b400000, 0x0000000778f80000, 0x00000007c0000000)
  eden space 126976K, 98% used [0x000000076b400000,0x0000000772dc2ff0,0x0000000773000000)
  from space 22528K, 99% used [0x0000000775080000,0x000000077667d690,0x0000000776680000)
  to   space 33280K, 0% used [0x0000000773000000,0x0000000773000000,0x0000000775080000)
 ParOldGen       total 119296K, used 44458K [0x00000006c1c00000, 0x00000006c9080000, 0x000000076b400000)
  object space 119296K, 37% used [0x00000006c1c00000,0x00000006c476abc8,0x00000006c9080000)
 Metaspace       used 34127K, capacity 35288K, committed 35456K, reserved 1081344K
  class space    used 4033K, capacity 4357K, committed 4480K, reserved 1048576K
Event: 9.585 GC heap after
Heap after GC invocations=10 (full 1):
 PSYoungGen      total 160256K, used 31545K [0x000000076b400000, 0x000000077b100000, 0x00000007c0000000)
  eden space 126976K, 0% used [0x000000076b400000,0x000000076b400000,0x0000000773000000)
  from space 33280K, 94% used [0x0000000773000000,0x0000000774ece4c8,0x0000000775080000)
  to   space 37376K, 0% used [0x0000000778c80000,0x0000000778c80000,0x000000077b100000)
 ParOldGen       total 119296K, used 56980K [0x00000006c1c00000, 0x00000006c9080000, 0x000000076b400000)
  object space 119296K, 47% used [0x00000006c1c00000,0x00000006c53a53d8,0x00000006c9080000)
 Metaspace       used 34127K, capacity 35288K, committed 35456K, reserved 1081344K
  class space    used 4033K, capacity 4357K, committed 4480K, reserved 1048576K
}
Event: 9.585 GC heap before
{Heap before GC invocations=11 (full 2):
 PSYoungGen      total 160256K, used 31545K [0x000000076b400000, 0x000000077b100000, 0x00000007c0000000)
  eden space 126976K, 0% used [0x000000076b400000,0x000000076b400000,0x0000000773000000)
  from space 33280K, 94% used [0x0000000773000000,0x0000000774ece4c8,0x0000000775080000)
  to   space 37376K, 0% used [0x0000000778c80000,0x0000000778c80000,0x000000077b100000)
 ParOldGen       total 119296K, used 56980K [0x00000006c1c00000, 0x00000006c9080000, 0x000000076b400000)
  object space 119296K, 47% used [0x00000006c1c00000,0x00000006c53a53d8,0x00000006c9080000)
 Metaspace       used 34127K, capacity 35288K, committed 35456K, reserved 1081344K
  class space    used 4033K, capacity 4357K, committed 4480K, reserved 1048576K
Event: 9.670 GC heap after
Heap after GC invocations=11 (full 2):
 PSYoungGen      total 160256K, used 0K [0x000000076b400000, 0x000000077b100000, 0x00000007c0000000)
  eden space 126976K, 0% used [0x000000076b400000,0x000000076b400000,0x0000000773000000)
  from space 33280K, 0% used [0x0000000773000000,0x0000000773000000,0x0000000775080000)
  to   space 37376K, 0% used [0x0000000778c80000,0x0000000778c80000,0x000000077b100000)
 ParOldGen       total 200704K, used 52668K [0x00000006c1c00000, 0x00000006ce000000, 0x000000076b400000)
  object space 200704K, 26% used [0x00000006c1c00000,0x00000006c4f6f0b0,0x00000006ce000000)
 Metaspace       used 34127K, capacity 35288K, committed 35456K, reserved 1081344K
  class space    used 4033K, capacity 4357K, committed 4480K, reserved 1048576K
}
Event: 17.325 GC heap before
{Heap before GC invocations=12 (full 2):
 PSYoungGen      total 160256K, used 126976K [0x000000076b400000, 0x000000077b100000, 0x00000007c0000000)
  eden space 126976K, 100% used [0x000000076b400000,0x0000000773000000,0x0000000773000000)
  from space 33280K, 0% used [0x0000000773000000,0x0000000773000000,0x0000000775080000)
  to   space 37376K, 0% used [0x0000000778c80000,0x0000000778c80000,0x000000077b100000)
 ParOldGen       total 200704K, used 60441K [0x00000006c1c00000, 0x00000006ce000000, 0x000000076b400000)
  object space 200704K, 30% used [0x00000006c1c00000,0x00000006c5706640,0x00000006ce000000)
 Metaspace       used 42983K, capacity 44486K, committed 44672K, reserved 1089536K
  class space    used 5121K, capacity 5493K, committed 5504K, reserved 1048576K
Event: 17.344 GC heap after
Heap after GC invocations=12 (full 2):
 PSYoungGen      total 207360K, used 15298K [0x000000076b400000, 0x000000077a880000, 0x00000007c0000000)
  eden space 178688K, 0% used [0x000000076b400000,0x000000076b400000,0x0000000776280000)
  from space 28672K, 53% used [0x0000000778c80000,0x0000000779b70ab0,0x000000077a880000)
  to   space 35840K, 0% used [0x0000000776280000,0x0000000776280000,0x0000000778580000)
 ParOldGen       total 200704K, used 60449K [0x00000006c1c00000, 0x00000006ce000000, 0x000000076b400000)
  object space 200704K, 30% used [0x00000006c1c00000,0x00000006c5708640,0x00000006ce000000)
 Metaspace       used 42983K, capacity 44486K, committed 44672K, reserved 1089536K
  class space    used 5121K, capacity 5493K, committed 5504K, reserved 1048576K
}

Deoptimization events (10 events):
Event: 16.963 Thread 0x0000000023d74000 Uncommon trap: reason=unstable_if action=reinterpret pc=0x00000000029dc6ec method=java.lang.StringCoding.decode(Ljava/lang/String;[BII)[C @ 51
Event: 16.963 Thread 0x0000000023d74000 Uncommon trap: reason=class_check action=maybe_recompile pc=0x0000000002a1c0b4 method=java.lang.StringCoding$StringDecoder.decode([BII)[C @ 30
Event: 16.963 Thread 0x0000000023d74000 Uncommon trap: reason=class_check action=maybe_recompile pc=0x00000000032053b4 method=java.lang.StringCoding$StringDecoder.decode([BII)[C @ 30
Event: 16.966 Thread 0x0000000023d74000 Uncommon trap: reason=class_check action=maybe_recompile pc=0x00000000032053b4 method=java.lang.StringCoding$StringDecoder.decode([BII)[C @ 30
Event: 16.967 Thread 0x0000000023d74000 Uncommon trap: reason=class_check action=maybe_recompile pc=0x00000000032053b4 method=java.lang.StringCoding$StringDecoder.decode([BII)[C @ 30
Event: 16.967 Thread 0x0000000023d74000 Uncommon trap: reason=class_check action=maybe_recompile pc=0x0000000002a1c0b4 method=java.lang.StringCoding$StringDecoder.decode([BII)[C @ 30
Event: 17.136 Thread 0x0000000023d74000 Uncommon trap: reason=unstable_if action=reinterpret pc=0x0000000003accd30 method=sun.reflect.annotation.AnnotationInvocationHandler.invoke(Ljava/lang/Object;Ljava/lang/reflect/Method;[Ljava/lang/Object;)Ljava/lang/Object; @ 19
Event: 17.207 Thread 0x0000000023d74000 Uncommon trap: reason=unstable_if action=reinterpret pc=0x000000000287f8d4 method=sun.nio.cs.SingleByte$Encoder.encodeArrayLoop(Ljava/nio/CharBuffer;Ljava/nio/ByteBuffer;)Ljava/nio/charset/CoderResult; @ 70
Event: 17.207 Thread 0x0000000023d74000 Uncommon trap: reason=unstable_if action=reinterpret pc=0x00000000027a0c98 method=sun.nio.cs.StreamEncoder.implWrite([CII)V @ 51
Event: 17.208 Thread 0x0000000023d74000 Uncommon trap: reason=unstable_if action=reinterpret pc=0x0000000002ba6e78 method=sun.nio.cs.SingleByte$Encoder.encodeArrayLoop(Ljava/nio/CharBuffer;Ljava/nio/ByteBuffer;)Ljava/nio/charset/CoderResult; @ 70

Classes redefined (0 events):
No events

Internal exceptions (10 events):
Event: 7.486 Thread 0x0000000002552800 Exception <a 'java/lang/ClassNotFoundException': sun/net/www/protocol/c/Handler> (0x000000076e7def60) thrown at [C:\re\workspace\8-2-build-windows-amd64-cygwin\jdk8u181\11358\hotspot\src\share\vm\classfile\systemDictionary.cpp, line 210]
Event: 7.487 Thread 0x0000000002552800 Exception <a 'java/lang/ClassNotFoundException': sun/net/www/protocol/c/Handler> (0x000000076e7e1498) thrown at [C:\re\workspace\8-2-build-windows-amd64-cygwin\jdk8u181\11358\hotspot\src\share\vm\classfile\systemDictionary.cpp, line 210]
Event: 7.569 Thread 0x000000001eebc000 Implicit null exception at 0x0000000002a1d919 to 0x0000000002a1e101
Event: 7.569 Thread 0x0000000022b0e800 Implicit null exception at 0x0000000002a1d919 to 0x0000000002a1e101
Event: 7.569 Thread 0x000000001fb04800 Implicit null exception at 0x0000000002a1c60c to 0x0000000002a1cd09
Event: 7.569 Thread 0x000000001faaa000 Implicit null exception at 0x0000000002a1d919 to 0x0000000002a1e101
Event: 9.098 Thread 0x0000000002552800 Exception <a 'java/lang/NoSuchFieldError': method resolution failed> (0x0000000771091c90) thrown at [C:\re\workspace\8-2-build-windows-amd64-cygwin\jdk8u181\11358\hotspot\src\share\vm\prims\methodHandles.cpp, line 1167]
Event: 9.100 Thread 0x0000000002552800 Exception <a 'java/lang/NoSuchFieldError': method resolution failed> (0x000000077109f720) thrown at [C:\re\workspace\8-2-build-windows-amd64-cygwin\jdk8u181\11358\hotspot\src\share\vm\prims\methodHandles.cpp, line 1167]
Event: 9.837 Thread 0x0000000002552800 Exception <a 'java/lang/NoSuchMethodError': java.lang.Object.lambda$and$0(Ljava/util/function/Predicate;Ljava/lang/Object;)Z> (0x000000076c031058) thrown at [C:\re\workspace\8-2-build-windows-amd64-cygwin\jdk8u181\11358\hotspot\src\share\vm\interpreter\li
Event: 9.887 Thread 0x0000000002552800 Exception <a 'java/lang/NoSuchMethodError': java.lang.Object.lambda$comparingInt$7b0bb60$1(Ljava/util/function/ToIntFunction;Ljava/lang/Object;Ljava/lang/Object;)I> (0x000000076c371ed8) thrown at [C:\re\workspace\8-2-build-windows-amd64-cygwin\jdk8u181\11

Events (10 events):
Event: 17.348 Thread 0x000000001dfc3000 flushing nmethod 0x00000000035477d0
Event: 17.348 Thread 0x000000001dfc3000 flushing nmethod 0x0000000003549f10
Event: 17.367 Thread 0x000000001dfbc800 flushing nmethod 0x0000000003879450
Event: 17.388 Thread 0x000000001dfc3000 flushing nmethod 0x0000000003947bd0
Event: 17.388 Thread 0x000000001dfc3000 flushing nmethod 0x000000000395ebd0
Event: 17.388 Thread 0x000000001dfc3000 flushing nmethod 0x000000000398bed0
Event: 17.388 Thread 0x000000001dfc3000 flushing nmethod 0x00000000039a0f50
Event: 17.388 Thread 0x000000001dfc3000 flushing nmethod 0x00000000039adb10
Event: 17.412 Executing VM operation: RevokeBias
Event: 17.413 Executing VM operation: RevokeBias done


Dynamic libraries:
0x00007ff6a5ea0000 - 0x00007ff6a5ed7000 	C:\Program Files\Java\jdk1.8.0_181\bin\java.exe
0x00007ff8b87b0000 - 0x00007ff8b8991000 	C:\WINDOWS\SYSTEM32\ntdll.dll
0x00007ff8b5e70000 - 0x00007ff8b5f22000 	C:\WINDOWS\System32\KERNEL32.DLL
0x00007ff8b5770000 - 0x00007ff8b59e3000 	C:\WINDOWS\System32\KERNELBASE.dll
0x00007ff8b5f30000 - 0x00007ff8b5fd1000 	C:\WINDOWS\System32\ADVAPI32.dll
0x00007ff8b7d70000 - 0x00007ff8b7e0e000 	C:\WINDOWS\System32\msvcrt.dll
0x00007ff8b7ee0000 - 0x00007ff8b7f3b000 	C:\WINDOWS\System32\sechost.dll
0x00007ff8b8650000 - 0x00007ff8b8774000 	C:\WINDOWS\System32\RPCRT4.dll
0x00007ff8b76e0000 - 0x00007ff8b7870000 	C:\WINDOWS\System32\USER32.dll
0x00007ff8b4b80000 - 0x00007ff8b4ba0000 	C:\WINDOWS\System32\win32u.dll
0x00007ff8b8620000 - 0x00007ff8b8648000 	C:\WINDOWS\System32\GDI32.dll
0x00007ff8b4e40000 - 0x00007ff8b4fd2000 	C:\WINDOWS\System32\gdi32full.dll
0x00007ff8b5ba0000 - 0x00007ff8b5c3f000 	C:\WINDOWS\System32\msvcp_win.dll
0x00007ff8b59f0000 - 0x00007ff8b5aea000 	C:\WINDOWS\System32\ucrtbase.dll
0x00007ff8a8200000 - 0x00007ff8a8469000 	C:\WINDOWS\WinSxS\amd64_microsoft.windows.common-controls_6595b64144ccf1df_6.0.17134.407_none_fb449d63306391e9\COMCTL32.dll
0x00007ff8b7a40000 - 0x00007ff8b7d62000 	C:\WINDOWS\System32\combase.dll
0x00007ff8b4fe0000 - 0x00007ff8b505a000 	C:\WINDOWS\System32\bcryptPrimitives.dll
0x00007ff8b85f0000 - 0x00007ff8b861d000 	C:\WINDOWS\System32\IMM32.DLL
0x000000005c6d0000 - 0x000000005c7a2000 	C:\Program Files\Java\jdk1.8.0_181\jre\bin\msvcr100.dll
0x00000000593e0000 - 0x0000000059c82000 	C:\Program Files\Java\jdk1.8.0_181\jre\bin\server\jvm.dll
0x00007ff8b7510000 - 0x00007ff8b7518000 	C:\WINDOWS\System32\PSAPI.DLL
0x00007ff8abd00000 - 0x00007ff8abd0a000 	C:\WINDOWS\SYSTEM32\VERSION.dll
0x00007ff8b24c0000 - 0x00007ff8b24c9000 	C:\WINDOWS\SYSTEM32\WSOCK32.dll
0x00007ff8ab410000 - 0x00007ff8ab433000 	C:\WINDOWS\SYSTEM32\WINMM.dll
0x00007ff8b7870000 - 0x00007ff8b78dc000 	C:\WINDOWS\System32\WS2_32.dll
0x00007ff8ab3e0000 - 0x00007ff8ab40a000 	C:\WINDOWS\SYSTEM32\WINMMBASE.dll
0x00007ff8b4c00000 - 0x00007ff8b4c49000 	C:\WINDOWS\System32\cfgmgr32.dll
0x000000005c680000 - 0x000000005c68f000 	C:\Program Files\Java\jdk1.8.0_181\jre\bin\verify.dll
0x000000005ba70000 - 0x000000005ba99000 	C:\Program Files\Java\jdk1.8.0_181\jre\bin\java.dll
0x000000005c660000 - 0x000000005c676000 	C:\Program Files\Java\jdk1.8.0_181\jre\bin\zip.dll
0x00007ff8b5fe0000 - 0x00007ff8b741f000 	C:\WINDOWS\System32\SHELL32.dll
0x00007ff8b5c40000 - 0x00007ff8b5ce9000 	C:\WINDOWS\System32\shcore.dll
0x00007ff8b5060000 - 0x00007ff8b576d000 	C:\WINDOWS\System32\windows.storage.dll
0x00007ff8b7e70000 - 0x00007ff8b7ec1000 	C:\WINDOWS\System32\shlwapi.dll
0x00007ff8b4b60000 - 0x00007ff8b4b71000 	C:\WINDOWS\System32\kernel.appcore.dll
0x00007ff8b4b40000 - 0x00007ff8b4b5f000 	C:\WINDOWS\System32\profapi.dll
0x00007ff8b4ac0000 - 0x00007ff8b4b0c000 	C:\WINDOWS\System32\powrprof.dll
0x00007ff8b4b10000 - 0x00007ff8b4b1a000 	C:\WINDOWS\System32\FLTLIB.DLL
0x00007ff8ae7d0000 - 0x00007ff8ae7da000 	D:\Programmi\apache-maven-3.6.0-bin\apache-maven-3.6.0\lib\jansi-native\windows64\jansi.dll
0x000000005ba50000 - 0x000000005ba6a000 	C:\Program Files\Java\jdk1.8.0_181\jre\bin\net.dll
0x00007ff8b42e0000 - 0x00007ff8b4346000 	C:\WINDOWS\system32\mswsock.dll
0x000000005ba30000 - 0x000000005ba41000 	C:\Program Files\Java\jdk1.8.0_181\jre\bin\nio.dll
0x000000005b980000 - 0x000000005b98d000 	C:\Program Files\Java\jdk1.8.0_181\jre\bin\management.dll
0x00007ff8b44a0000 - 0x00007ff8b44b7000 	C:\WINDOWS\SYSTEM32\CRYPTSP.dll
0x00007ff8b3ec0000 - 0x00007ff8b3ef3000 	C:\WINDOWS\system32\rsaenh.dll
0x00007ff8b45c0000 - 0x00007ff8b45e5000 	C:\WINDOWS\SYSTEM32\bcrypt.dll
0x00007ff8b49c0000 - 0x00007ff8b49e8000 	C:\WINDOWS\SYSTEM32\USERENV.dll
0x00007ff8b4490000 - 0x00007ff8b449b000 	C:\WINDOWS\SYSTEM32\CRYPTBASE.dll
0x00007ff8b4060000 - 0x00007ff8b4098000 	C:\WINDOWS\SYSTEM32\IPHLPAPI.DLL
0x00007ff8b5d90000 - 0x00007ff8b5d98000 	C:\WINDOWS\System32\NSI.dll
0x00007ff8af740000 - 0x00007ff8af756000 	C:\WINDOWS\SYSTEM32\dhcpcsvc6.DLL
0x00007ff8af840000 - 0x00007ff8af85a000 	C:\WINDOWS\SYSTEM32\dhcpcsvc.DLL
0x00007ff899120000 - 0x00007ff899144000 	D:\github\plathea\jaxrs-jersey-server-generated\src\main\java\io\core\InterfaceJNI_DLL.dll
0x00007ff8977d0000 - 0x00007ff8977f1000 	C:\WINDOWS\SYSTEM32\VCRUNTIME140D.dll
0x00007ff87b640000 - 0x00007ff87b7fd000 	C:\WINDOWS\SYSTEM32\ucrtbased.dll
0x00007ff8553e0000 - 0x00007ff8557a0000 	D:\github\plathea\jaxrs-jersey-server-generated\PlatheaDLL.dll
0x00007ff8b7420000 - 0x00007ff8b750d000 	C:\WINDOWS\System32\COMDLG32.dll
0x00007ff8b78e0000 - 0x00007ff8b7a31000 	C:\WINDOWS\System32\ole32.dll
0x00007ff884180000 - 0x00007ff884288000 	D:\github\plathea\jaxrs-jersey-server-generated\opencv_video310d.dll
0x00007ff8466f0000 - 0x00007ff84768e000 	D:\github\plathea\jaxrs-jersey-server-generated\opencv_core310d.dll
0x00007ff865920000 - 0x00007ff865acc000 	D:\github\plathea\jaxrs-jersey-server-generated\opencv_ml310d.dll
0x00007ff891330000 - 0x00007ff891396000 	D:\github\plathea\jaxrs-jersey-server-generated\opencv_highgui310d.dll
0x00007ff861270000 - 0x00007ff861404000 	D:\github\plathea\jaxrs-jersey-server-generated\opencv_objdetect310d.dll
0x00007ff84ae80000 - 0x00007ff84b254000 	D:\github\plathea\jaxrs-jersey-server-generated\opencv_calib3d310d.dll
0x00007ff844520000 - 0x00007ff8466eb000 	D:\github\plathea\jaxrs-jersey-server-generated\opencv_imgproc310d.dll
0x00007ff87d7f0000 - 0x00007ff87d8e4000 	C:\WINDOWS\SYSTEM32\MSVCP140D.dll
0x00007ff88a170000 - 0x00007ff88a226000 	C:\WINDOWS\SYSTEM32\CONCRT140D.dll
0x00007ff883d30000 - 0x00007ff883de2000 	D:\github\plathea\jaxrs-jersey-server-generated\opencv_videoio310d.dll
0x00007ff8b5da0000 - 0x00007ff8b5e62000 	C:\WINDOWS\System32\OLEAUT32.dll
0x00007ff843fc0000 - 0x00007ff84451e000 	D:\github\plathea\jaxrs-jersey-server-generated\opencv_imgcodecs310d.dll
0x00007ff85a130000 - 0x00007ff85a355000 	D:\github\plathea\jaxrs-jersey-server-generated\opencv_features2d310d.dll
0x00007ff894d60000 - 0x00007ff894d89000 	C:\WINDOWS\SYSTEM32\MSVFW32.dll
0x00007ff8a3e60000 - 0x00007ff8a3e7f000 	C:\WINDOWS\SYSTEM32\AVIFIL32.dll
0x00007ff8a0750000 - 0x00007ff8a0768000 	C:\WINDOWS\SYSTEM32\AVICAP32.dll
0x00007ff894930000 - 0x00007ff89494c000 	C:\WINDOWS\SYSTEM32\MSACM32.dll
0x00007ff87b000000 - 0x00007ff87b17d000 	D:\github\plathea\jaxrs-jersey-server-generated\opencv_flann310d.dll
0x00007ff8ae410000 - 0x00007ff8ae5d9000 	C:\WINDOWS\SYSTEM32\dbghelp.dll

VM Arguments:
jvm_args: -Dclassworlds.conf=D:\Programmi\apache-maven-3.6.0-bin\apache-maven-3.6.0\bin\..\bin\m2.conf -Dmaven.home=D:\Programmi\apache-maven-3.6.0-bin\apache-maven-3.6.0\bin\.. -Dlibrary.jansi.path=D:\Programmi\apache-maven-3.6.0-bin\apache-maven-3.6.0\bin\..\lib\jansi-native -Dmaven.multiModuleProjectDirectory=D:\github\plathea\jaxrs-jersey-server-generated 
java_command: org.codehaus.plexus.classworlds.launcher.Launcher clean package jetty:run
java_class_path (initial): D:\Programmi\apache-maven-3.6.0-bin\apache-maven-3.6.0\bin\..\boot\plexus-classworlds-2.5.2.jar
Launcher Type: SUN_STANDARD

Environment Variables:
JAVA_HOME=C:\Program Files\Java\jdk1.8.0_181
PATH=C:\Program Files (x86)\Common Files\Oracle\Java\javapath;C:\Users\jack1\Desktop\plathea-code-22-trunk\plathea-code-22-trunk\opencv-master\build\install_release\x64\vc12\bin;C:\WINDOWS\system32;C:\WINDOWS;C:\WINDOWS\System32\Wbem;C:\WINDOWS\System32\WindowsPowerShell\v1.0\;C:\Program Files\Git\cmd;C:\Program Files\nodejs\;C:\Program Files\PuTTY\;C:\Users\jack1\AppData\Local\Microsoft\WindowsApps;C:\Users\jack1\AppData\Roaming\npm;C:\Users\jack1\AppData\Local\atom\bin;C:\adb;C:\WINDOWS\system32;C:\WINDOWS;C:\WINDOWS\System32\Wbem;C:\WINDOWS\System32\WindowsPowerShell\v1.0\;C:\WINDOWS\System32\OpenSSH\;C:\Users\jack1\Desktop\plathea-code-22-trunk\plathea-code-22-trunk\opencv-master\build\install_debug\x64\vc12\bin;C:\Users\jack1\AppData\Local\Microsoft\WindowsApps;C:\Users\jack1\AppData\Roaming\npm;C:\Users\jack1\AppData\Local\atom\bin;C:\Users\jack1\AppData\Local\Microsoft\WindowsApps;C:\Program Files\LLVM\bin;C:\ProgramData\jack1\atom\bin;C:\Program Files\Java\jdk1.8.0_181\bin;C:\Program Files\mingw-w64\x86_64-8.1.0-win32-seh-rt_v6-rev0\mingw64\bin;D:\Programmi\apache-maven-3.6.0-bin\apache-maven-3.6.0\bin;D:\github\plathea\LeoStormLibrary\LeoStormWindowsLib;
USERNAME=jack1
OS=Windows_NT
PROCESSOR_IDENTIFIER=Intel64 Family 6 Model 58 Stepping 9, GenuineIntel



---------------  S Y S T E M  ---------------

OS: Windows 10.0 , 64 bit Build 17134 (10.0.17134.1)

CPU:total 8 (initial active 8) (4 cores per cpu, 2 threads per core) family 6 model 58 stepping 9, cmov, cx8, fxsr, mmx, sse, sse2, sse3, ssse3, sse4.1, sse4.2, popcnt, avx, aes, clmul, erms, ht, tsc, tscinvbit, tscinv

Memory: 4k page, physical 16659944k(7008024k free), swap 19150312k(6482608k free)

vm_info: Java HotSpot(TM) 64-Bit Server VM (25.181-b13) for windows-amd64 JRE (1.8.0_181-b13), built on Jul  7 2018 04:01:33 by "java_re" with MS VC++ 10.0 (VS2010)

time: Fri Nov 16 19:53:36 2018
elapsed time: 17 seconds (0d 0h 0m 17s)

