#
# A fatal error has been detected by the Java Runtime Environment:
#
#  EXCEPTION_ACCESS_VIOLATION (0xc0000005) at pc=0x0000000059525ed2, pid=2176, tid=0x00000000000045c4
#
# JRE version: Java(TM) SE Runtime Environment (8.0_181-b13) (build 1.8.0_181-b13)
# Java VM: Java HotSpot(TM) 64-Bit Server VM (25.181-b13 mixed mode windows-amd64 compressed oops)
# Problematic frame:
# V  [jvm.dll+0x145ed2]
#
# Failed to write core dump. Minidumps are not enabled by default on client versions of Windows
#
# If you would like to submit a bug report, please visit:
#   http://bugreport.java.com/bugreport/crash.jsp
#

---------------  T H R E A D  ---------------

Current thread (0x000000002431b000):  JavaThread "qtp1787476367-17" [_thread_in_vm, id=17860, stack(0x0000000026410000,0x0000000026510000)]

siginfo: ExceptionCode=0xc0000005, reading address 0x0000000000000000

Registers:
RAX=0x0000000000000000, RBX=0x000000002431b000, RCX=0x0000000000000b00, RDX=0x0000000000000000
RSP=0x000000002650c940, RBP=0x0000000000000000, RSI=0x0000000000000000, RDI=0x0000000000000000
R8 =0x0000000000000000, R9 =0x0000000023b3e230, R10=0x0000000002e08c3b, R11=0x000000005960c6a0
R12=0x0000000000000000, R13=0x0000000031eb1c40, R14=0x000000002650cc78, R15=0x000000002431b000
RIP=0x0000000059525ed2, EFLAGS=0x0000000000010202

Top of Stack: (sp=0x000000002650c940)
0x000000002650c940:   000000002650ca50 00000000239f92f8
0x000000002650c950:   0000000031eb1c40 000000002431b000
0x000000002650c960:   000000002431b000 0000000000000000
0x000000002650c970:   000000002431b000 00000000595bb55e
0x000000002650c980:   000000000000000b 00007ff8aef31226
0x000000002650c990:   00000000599c50e0 0000005000000000
0x000000002650c9a0:   000000000000002f 0000000000000000
0x000000002650c9b0:   0000000000000021 00007ff8aef31689
0x000000002650c9c0:   000000002650c9e0 000000002650caa8
0x000000002650c9d0:   cccccccccccccccc 0000000031eb1c40
0x000000002650c9e0:   cccccccccccccccc cccccccccccccccc
0x000000002650c9f0:   cccccccccccccccc cccccccccccccccc
0x000000002650ca00:   cccccccccccccccc cccccccccccccccc
0x000000002650ca10:   cccccccccccccccc cccccccccccccccc
0x000000002650ca20:   cccccccccccccccc cccccccccccccccc
0x000000002650ca30:   cccccccccccccccc cccccccccccccccc 

Instructions: (pc=0x0000000059525ed2)
0x0000000059525eb2:   89 5c 24 20 48 89 74 24 28 48 39 73 08 74 0a 48
0x0000000059525ec2:   8d 4c 24 20 e8 45 7a 13 00 40 38 35 9e da 6c 00
0x0000000059525ed2:   48 8b 3f 48 63 05 f8 39 6b 00 74 1b 8b 0c 38 85
0x0000000059525ee2:   c9 74 7c 8b c1 8b 0d 6b 09 66 00 48 d3 e0 48 03 


Register to memory mapping:

RAX=0x0000000000000000 is an unknown value
RBX=0x000000002431b000 is a thread
RCX=0x0000000000000b00 is an unknown value
RDX=0x0000000000000000 is an unknown value
RSP=0x000000002650c940 is pointing into the stack for thread: 0x000000002431b000
RBP=0x0000000000000000 is an unknown value
RSI=0x0000000000000000 is an unknown value
RDI=0x0000000000000000 is an unknown value
R8 =0x0000000000000000 is an unknown value
R9 =0x0000000023b3e230 is an unknown value
R10=0x0000000002e08c3b is at code_begin+891 in an Interpreter codelet
method entry point (kind = native)  [0x0000000002e088c0, 0x0000000002e09280]  2496 bytes
R11=0x000000005960c6a0 is an unknown value
R12=0x0000000000000000 is an unknown value
R13={method} {0x0000000031eb1c48} 'loadConfigurationFile' '(Ljava/lang/String;)I' in 'io/core/InterfaceJNI'
R14=0x000000002650cc78 is pointing into the stack for thread: 0x000000002431b000
R15=0x000000002431b000 is a thread


Stack: [0x0000000026410000,0x0000000026510000],  sp=0x000000002650c940,  free space=1010k
Native frames: (J=compiled Java code, j=interpreted, Vv=VM code, C=native code)

Java frames: (J=compiled Java code, j=interpreted, Vv=VM code)
j  io.core.InterfaceJNI.loadConfigurationFile(Ljava/lang/String;)I+0
j  io.core.MainSystem.loadconfigurationfile(Ljava/lang/Integer;Ljava/util/List;)Lio/core/MainSystem$ReturnRoomMessage;+200
j  io.swagger.api.impl.RoomApiServiceImpl.loadconfigurationfile(Ljava/lang/Integer;Ljava/util/List;Ljavax/ws/rs/core/SecurityContext;)Ljavax/ws/rs/core/Response;+2
j  io.swagger.api.RoomApi.loadconfigurationfile(Ljava/lang/Integer;Ljava/util/List;Ljavax/ws/rs/core/SecurityContext;)Ljavax/ws/rs/core/Response;+7
v  ~StubRoutines::call_stub
J 2273  sun.reflect.NativeMethodAccessorImpl.invoke0(Ljava/lang/reflect/Method;Ljava/lang/Object;[Ljava/lang/Object;)Ljava/lang/Object; (0 bytes) @ 0x00000000035534bf [0x0000000003553440+0x7f]
J 2272 C1 sun.reflect.NativeMethodAccessorImpl.invoke(Ljava/lang/Object;[Ljava/lang/Object;)Ljava/lang/Object; (104 bytes) @ 0x000000000355debc [0x000000000355ccc0+0x11fc]
J 1932 C1 sun.reflect.DelegatingMethodAccessorImpl.invoke(Ljava/lang/Object;[Ljava/lang/Object;)Ljava/lang/Object; (10 bytes) @ 0x000000000346fc8c [0x000000000346fb80+0x10c]
J 1962 C1 java.lang.reflect.Method.invoke(Ljava/lang/Object;[Ljava/lang/Object;)Ljava/lang/Object; (62 bytes) @ 0x00000000034823b4 [0x0000000003481fc0+0x3f4]
j  org.glassfish.jersey.server.model.internal.ResourceMethodInvocationHandlerFactory.lambda$static$0(Ljava/lang/Object;Ljava/lang/reflect/Method;[Ljava/lang/Object;)Ljava/lang/Object;+3
j  org.glassfish.jersey.server.model.internal.ResourceMethodInvocationHandlerFactory$$Lambda$122.invoke(Ljava/lang/Object;Ljava/lang/reflect/Method;[Ljava/lang/Object;)Ljava/lang/Object;+3
j  org.glassfish.jersey.server.model.internal.AbstractJavaResourceMethodDispatcher$1.run()Ljava/lang/Object;+38
j  org.glassfish.jersey.server.model.internal.AbstractJavaResourceMethodDispatcher.invoke(Lorg/glassfish/jersey/server/ContainerRequest;Ljava/lang/Object;[Ljava/lang/Object;)Ljava/lang/Object;+66
j  org.glassfish.jersey.server.model.internal.JavaResourceMethodDispatcherProvider$ResponseOutInvoker.doDispatch(Ljava/lang/Object;Lorg/glassfish/jersey/server/ContainerRequest;)Ljavax/ws/rs/core/Response;+10
j  org.glassfish.jersey.server.model.internal.AbstractJavaResourceMethodDispatcher.dispatch(Ljava/lang/Object;Lorg/glassfish/jersey/server/ContainerRequest;)Ljavax/ws/rs/core/Response;+5
j  org.glassfish.jersey.server.model.ResourceMethodInvoker.invoke(Lorg/glassfish/jersey/server/internal/process/RequestProcessingContext;Ljava/lang/Object;)Ljavax/ws/rs/core/Response;+26
j  org.glassfish.jersey.server.model.ResourceMethodInvoker.apply(Lorg/glassfish/jersey/server/internal/process/RequestProcessingContext;)Lorg/glassfish/jersey/server/ContainerResponse;+100
j  org.glassfish.jersey.server.model.ResourceMethodInvoker.apply(Ljava/lang/Object;)Ljava/lang/Object;+5
j  org.glassfish.jersey.server.ServerRuntime$1.run()V+89
j  org.glassfish.jersey.internal.Errors$1.call()Ljava/lang/Void;+4
j  org.glassfish.jersey.internal.Errors$1.call()Ljava/lang/Object;+1
j  org.glassfish.jersey.internal.Errors.process(Ljava/util/concurrent/Callable;Z)Ljava/lang/Object;+36
j  org.glassfish.jersey.internal.Errors.process(Lorg/glassfish/jersey/internal/util/Producer;Z)Ljava/lang/Object;+2
j  org.glassfish.jersey.internal.Errors.process(Ljava/lang/Runnable;)V+9
j  org.glassfish.jersey.process.internal.RequestScope.runInScope(Lorg/glassfish/jersey/process/internal/RequestContext;Ljava/lang/Runnable;)V+17
j  org.glassfish.jersey.server.ServerRuntime.process(Lorg/glassfish/jersey/server/ContainerRequest;)V+181
j  org.glassfish.jersey.server.ApplicationHandler.handle(Lorg/glassfish/jersey/server/ContainerRequest;)V+13
j  org.glassfish.jersey.servlet.WebComponent.serviceImpl(Ljava/net/URI;Ljava/net/URI;Ljavax/servlet/http/HttpServletRequest;Ljavax/servlet/http/HttpServletResponse;)Lorg/glassfish/jersey/servlet/internal/ResponseWriter;+81
j  org.glassfish.jersey.servlet.WebComponent.service(Ljava/net/URI;Ljava/net/URI;Ljavax/servlet/http/HttpServletRequest;Ljavax/servlet/http/HttpServletResponse;)Lorg/glassfish/jersey/internal/util/collection/Value;+6
j  org.glassfish.jersey.servlet.ServletContainer.service(Ljava/net/URI;Ljava/net/URI;Ljavax/servlet/http/HttpServletRequest;Ljavax/servlet/http/HttpServletResponse;)Lorg/glassfish/jersey/internal/util/collection/Value;+9
j  org.glassfish.jersey.servlet.ServletContainer.service(Ljavax/servlet/http/HttpServletRequest;Ljavax/servlet/http/HttpServletResponse;)V+183
j  org.glassfish.jersey.servlet.ServletContainer.service(Ljavax/servlet/ServletRequest;Ljavax/servlet/ServletResponse;)V+39
j  org.eclipse.jetty.servlet.ServletHolder.handle(Lorg/eclipse/jetty/server/Request;Ljavax/servlet/ServletRequest;Ljavax/servlet/ServletResponse;)V+89
j  org.eclipse.jetty.servlet.ServletHandler$CachedChain.doFilter(Ljavax/servlet/ServletRequest;Ljavax/servlet/ServletResponse;)V+211
j  io.swagger.api.ApiOriginFilter.doFilter(Ljavax/servlet/ServletRequest;Ljavax/servlet/ServletResponse;Ljavax/servlet/FilterChain;)V+42
j  org.eclipse.jetty.servlet.ServletHandler$CachedChain.doFilter(Ljavax/servlet/ServletRequest;Ljavax/servlet/ServletResponse;)V+103
j  org.eclipse.jetty.servlet.ServletHandler.doHandle(Ljava/lang/String;Lorg/eclipse/jetty/server/Request;Ljavax/servlet/http/HttpServletRequest;Ljavax/servlet/http/HttpServletResponse;)V+203
j  org.eclipse.jetty.server.handler.ScopedHandler.handle(Ljava/lang/String;Lorg/eclipse/jetty/server/Request;Ljavax/servlet/http/HttpServletRequest;Ljavax/servlet/http/HttpServletResponse;)V+32
j  org.eclipse.jetty.security.SecurityHandler.handle(Ljava/lang/String;Lorg/eclipse/jetty/server/Request;Ljavax/servlet/http/HttpServletRequest;Ljavax/servlet/http/HttpServletResponse;)V+553
j  org.eclipse.jetty.server.session.SessionHandler.doHandle(Ljava/lang/String;Lorg/eclipse/jetty/server/Request;Ljavax/servlet/http/HttpServletRequest;Ljavax/servlet/http/HttpServletResponse;)V+68
j  org.eclipse.jetty.server.handler.ContextHandler.doHandle(Ljava/lang/String;Lorg/eclipse/jetty/server/Request;Ljavax/servlet/http/HttpServletRequest;Ljavax/servlet/http/HttpServletResponse;)V+349
j  org.eclipse.jetty.servlet.ServletHandler.doScope(Ljava/lang/String;Lorg/eclipse/jetty/server/Request;Ljavax/servlet/http/HttpServletRequest;Ljavax/servlet/http/HttpServletResponse;)V+274
j  org.eclipse.jetty.server.session.SessionHandler.doScope(Ljava/lang/String;Lorg/eclipse/jetty/server/Request;Ljavax/servlet/http/HttpServletRequest;Ljavax/servlet/http/HttpServletResponse;)V+233
j  org.eclipse.jetty.server.handler.ContextHandler.doScope(Ljava/lang/String;Lorg/eclipse/jetty/server/Request;Ljavax/servlet/http/HttpServletRequest;Ljavax/servlet/http/HttpServletResponse;)V+437
j  org.eclipse.jetty.server.handler.ScopedHandler.handle(Ljava/lang/String;Lorg/eclipse/jetty/server/Request;Ljavax/servlet/http/HttpServletRequest;Ljavax/servlet/http/HttpServletResponse;)V+20
j  org.eclipse.jetty.server.handler.ContextHandlerCollection.handle(Ljava/lang/String;Lorg/eclipse/jetty/server/Request;Ljavax/servlet/http/HttpServletRequest;Ljavax/servlet/http/HttpServletResponse;)V+224
j  org.eclipse.jetty.server.handler.HandlerCollection.handle(Ljava/lang/String;Lorg/eclipse/jetty/server/Request;Ljavax/servlet/http/HttpServletRequest;Ljavax/servlet/http/HttpServletResponse;)V+42
j  org.eclipse.jetty.server.handler.HandlerWrapper.handle(Ljava/lang/String;Lorg/eclipse/jetty/server/Request;Ljavax/servlet/http/HttpServletRequest;Ljavax/servlet/http/HttpServletResponse;)V+23
j  org.eclipse.jetty.server.Server.handle(Lorg/eclipse/jetty/server/HttpChannel;)V+130
j  org.eclipse.jetty.server.HttpChannel.handle()Z+301
j  org.eclipse.jetty.server.HttpConnection.onFillable()V+189
j  org.eclipse.jetty.io.AbstractConnection$2.run()V+4
j  org.eclipse.jetty.util.thread.QueuedThreadPool.runJob(Ljava/lang/Runnable;)V+1
j  org.eclipse.jetty.util.thread.QueuedThreadPool$3.run()V+75
j  java.lang.Thread.run()V+11
v  ~StubRoutines::call_stub

---------------  P R O C E S S  ---------------

Java Threads: ( => current thread )
  0x000000001ff46000 JavaThread "Scheduler-1550904740" [_thread_blocked, id=1948, stack(0x0000000031c20000,0x0000000031d20000)]
  0x000000001ff43800 JavaThread "org.eclipse.jetty.server.session.HashSessionManager@410e043bTimer" daemon [_thread_blocked, id=14332, stack(0x0000000030de0000,0x0000000030ee0000)]
  0x000000001ff4a800 JavaThread "qtp1787476367-26" [_thread_blocked, id=8692, stack(0x0000000029e30000,0x0000000029f30000)]
  0x000000001ff46800 JavaThread "qtp1787476367-25" [_thread_blocked, id=7688, stack(0x0000000028d60000,0x0000000028e60000)]
  0x000000001ff49000 JavaThread "qtp1787476367-24" [_thread_blocked, id=14344, stack(0x0000000027c90000,0x0000000027d90000)]
  0x0000000022f09800 JavaThread "qtp1787476367-22-selector-ServerConnectorManager@59ee96b3/0" [_thread_in_native, id=21688, stack(0x0000000027a90000,0x0000000027b90000)]
  0x0000000021a30800 JavaThread "qtp1787476367-21" [_thread_blocked, id=12948, stack(0x0000000027990000,0x0000000027a90000)]
  0x000000001fc91000 JavaThread "qtp1787476367-20" [_thread_blocked, id=22612, stack(0x0000000027790000,0x0000000027890000)]
  0x00000000204f2800 JavaThread "qtp1787476367-19-acceptor-0@2adb6069-ServerConnector@6e3552b0{HTTP/1.1}{0.0.0.0:8080}" [_thread_in_native, id=15064, stack(0x0000000026610000,0x0000000026710000)]
  0x0000000020255000 JavaThread "qtp1787476367-18-selector-ServerConnectorManager@59ee96b3/3" [_thread_in_native, id=22728, stack(0x0000000026510000,0x0000000026610000)]
=>0x000000002431b000 JavaThread "qtp1787476367-17" [_thread_in_vm, id=17860, stack(0x0000000026410000,0x0000000026510000)]
  0x0000000022cef800 JavaThread "qtp1787476367-16-selector-ServerConnectorManager@59ee96b3/2" [_thread_in_native, id=9436, stack(0x0000000026310000,0x0000000026410000)]
  0x0000000021635000 JavaThread "qtp1787476367-15-selector-ServerConnectorManager@59ee96b3/1" [_thread_in_native, id=7536, stack(0x0000000024740000,0x0000000024840000)]
  0x0000000022dea800 JavaThread "ShutdownMonitor" daemon [_thread_in_native, id=21296, stack(0x0000000023670000,0x0000000023770000)]
  0x000000001e7b4000 JavaThread "Service Thread" daemon [_thread_blocked, id=23496, stack(0x000000001f300000,0x000000001f400000)]
  0x000000001e729800 JavaThread "C1 CompilerThread3" daemon [_thread_blocked, id=23460, stack(0x000000001f200000,0x000000001f300000)]
  0x000000001e722000 JavaThread "C2 CompilerThread2" daemon [_thread_blocked, id=13560, stack(0x000000001f100000,0x000000001f200000)]
  0x000000001e721800 JavaThread "C2 CompilerThread1" daemon [_thread_blocked, id=21832, stack(0x000000001f000000,0x000000001f100000)]
  0x000000001e71d000 JavaThread "C2 CompilerThread0" daemon [_thread_blocked, id=4344, stack(0x000000001ef00000,0x000000001f000000)]
  0x000000001e71a000 JavaThread "Attach Listener" daemon [_thread_blocked, id=11512, stack(0x000000001ee00000,0x000000001ef00000)]
  0x000000001e719000 JavaThread "Signal Dispatcher" daemon [_thread_blocked, id=19096, stack(0x000000001ed00000,0x000000001ee00000)]
  0x000000001e710800 JavaThread "Finalizer" daemon [_thread_blocked, id=23452, stack(0x000000001eaf0000,0x000000001ebf0000)]
  0x0000000002de9000 JavaThread "Reference Handler" daemon [_thread_blocked, id=8648, stack(0x000000001e5f0000,0x000000001e6f0000)]
  0x0000000002cf2800 JavaThread "main" [_thread_blocked, id=1428, stack(0x0000000002b00000,0x0000000002c00000)]

Other Threads:
  0x000000001c80a000 VMThread [stack: 0x000000001e4f0000,0x000000001e5f0000] [id=6852]
  0x000000001e777800 WatcherThread [stack: 0x000000001f400000,0x000000001f500000] [id=14664]

VM state:not at safepoint (normal execution)

VM Mutex/Monitor currently owned by a thread: None

Heap:
 PSYoungGen      total 161280K, used 58685K [0x000000076b400000, 0x000000077b200000, 0x00000007c0000000)
  eden space 128000K, 45% used [0x000000076b400000,0x000000076ed4f748,0x0000000773100000)
  from space 33280K, 0% used [0x0000000773100000,0x0000000773100000,0x0000000775180000)
  to   space 37376K, 0% used [0x0000000778d80000,0x0000000778d80000,0x000000077b200000)
 ParOldGen       total 199168K, used 52057K [0x00000006c1c00000, 0x00000006cde80000, 0x000000076b400000)
  object space 199168K, 26% used [0x00000006c1c00000,0x00000006c4ed6628,0x00000006cde80000)
 Metaspace       used 42892K, capacity 44358K, committed 44416K, reserved 1087488K
  class space    used 5130K, capacity 5493K, committed 5504K, reserved 1048576K

Card table byte_map: [0x00000000121b0000,0x00000000129b0000] byte_map_base: 0x000000000eba2000

Marking Bits: (ParMarkBitMap*) 0x0000000059c02d00
 Begin Bits: [0x0000000013700000, 0x0000000017690000)
 End Bits:   [0x0000000017690000, 0x000000001b620000)

Polling page: 0x0000000002a90000

CodeCache: size=245760Kb used=22491Kb max_used=22965Kb free=223268Kb
 bounds [0x0000000002df0000, 0x0000000004490000, 0x0000000011df0000]
 total_blobs=6556 nmethods=6065 adapters=403
 compilation: enabled

Compilation events (10 events):
Event: 26.506 Thread 0x000000001e721800 7121  s    4       org.fusesource.jansi.AnsiPrintStream::filter (948 bytes)
Event: 26.507 Thread 0x000000001e729800 7122       3       org.fusesource.jansi.FilterPrintStream::write (17 bytes)
Event: 26.507 Thread 0x000000001e722000 7124       4       java.io.PrintStream::ensureOpen (18 bytes)
Event: 26.508 Thread 0x000000001e729800 nmethod 7122 0x0000000002f0e910 code [0x0000000002f0ea80, 0x0000000002f0edb8]
Event: 26.508 Thread 0x000000001e722000 nmethod 7124 0x0000000003a10b10 code [0x0000000003a10c40, 0x0000000003a10cb8]
Event: 26.508 Thread 0x000000001e729800 7123   !   3       java.io.PrintStream::write (66 bytes)
Event: 26.509 Thread 0x000000001e729800 nmethod 7123 0x00000000032b5c90 code [0x00000000032b5e60, 0x00000000032b6618]
Event: 26.517 Thread 0x000000001e729800 7125  s    3       java.io.BufferedOutputStream::write (35 bytes)
Event: 26.517 Thread 0x000000001e729800 nmethod 7125 0x0000000002f3c390 code [0x0000000002f3c520, 0x0000000002f3c9e8]
Event: 26.553 Thread 0x000000001e721800 nmethod 7121 0x00000000036d5ad0 code [0x00000000036d5ee0, 0x00000000036d85c0]

GC Heap History (10 events):
Event: 6.882 GC heap before
{Heap before GC invocations=7 (full 1):
 PSYoungGen      total 76288K, used 76287K [0x000000076b400000, 0x0000000772a80000, 0x00000007c0000000)
  eden space 65536K, 100% used [0x000000076b400000,0x000000076f400000,0x000000076f400000)
  from space 10752K, 99% used [0x000000076f400000,0x000000076fe7fe20,0x000000076fe80000)
  to   space 14336K, 0% used [0x0000000771c80000,0x0000000771c80000,0x0000000772a80000)
 ParOldGen       total 118784K, used 14832K [0x00000006c1c00000, 0x00000006c9000000, 0x000000076b400000)
  object space 118784K, 12% used [0x00000006c1c00000,0x00000006c2a7c0f8,0x00000006c9000000)
 Metaspace       used 24761K, capacity 25488K, committed 25728K, reserved 1071104K
  class space    used 2859K, capacity 3077K, committed 3200K, reserved 1048576K
Event: 6.893 GC heap after
Heap after GC invocations=7 (full 1):
 PSYoungGen      total 105984K, used 14333K [0x000000076b400000, 0x0000000772c00000, 0x00000007c0000000)
  eden space 91648K, 0% used [0x000000076b400000,0x000000076b400000,0x0000000770d80000)
  from space 14336K, 99% used [0x0000000771c80000,0x0000000772a7f460,0x0000000772a80000)
  to   space 15360K, 0% used [0x0000000770d80000,0x0000000770d80000,0x0000000771c80000)
 ParOldGen       total 118784K, used 14901K [0x00000006c1c00000, 0x00000006c9000000, 0x000000076b400000)
  object space 118784K, 12% used [0x00000006c1c00000,0x00000006c2a8d428,0x00000006c9000000)
 Metaspace       used 24761K, capacity 25488K, committed 25728K, reserved 1071104K
  class space    used 2859K, capacity 3077K, committed 3200K, reserved 1048576K
}
Event: 7.832 GC heap before
{Heap before GC invocations=8 (full 1):
 PSYoungGen      total 105984K, used 105981K [0x000000076b400000, 0x0000000772c00000, 0x00000007c0000000)
  eden space 91648K, 100% used [0x000000076b400000,0x0000000770d80000,0x0000000770d80000)
  from space 14336K, 99% used [0x0000000771c80000,0x0000000772a7f460,0x0000000772a80000)
  to   space 15360K, 0% used [0x0000000770d80000,0x0000000770d80000,0x0000000771c80000)
 ParOldGen       total 118784K, used 14902K [0x00000006c1c00000, 0x00000006c9000000, 0x000000076b400000)
  object space 118784K, 12% used [0x00000006c1c00000,0x00000006c2a8da28,0x00000006c9000000)
 Metaspace       used 28409K, capacity 29200K, committed 29440K, reserved 1075200K
  class space    used 3246K, capacity 3461K, committed 3584K, reserved 1048576K
Event: 7.861 GC heap after
Heap after GC invocations=8 (full 1):
 PSYoungGen      total 107008K, used 15354K [0x000000076b400000, 0x0000000776780000, 0x00000007c0000000)
  eden space 91648K, 0% used [0x000000076b400000,0x000000076b400000,0x0000000770d80000)
  from space 15360K, 99% used [0x0000000770d80000,0x0000000771c7eb30,0x0000000771c80000)
  to   space 22528K, 0% used [0x0000000775180000,0x0000000775180000,0x0000000776780000)
 ParOldGen       total 118784K, used 26117K [0x00000006c1c00000, 0x00000006c9000000, 0x000000076b400000)
  object space 118784K, 21% used [0x00000006c1c00000,0x00000006c3581718,0x00000006c9000000)
 Metaspace       used 28409K, capacity 29200K, committed 29440K, reserved 1075200K
  class space    used 3246K, capacity 3461K, committed 3584K, reserved 1048576K
}
Event: 8.264 GC heap before
{Heap before GC invocations=9 (full 1):
 PSYoungGen      total 107008K, used 107002K [0x000000076b400000, 0x0000000776780000, 0x00000007c0000000)
  eden space 91648K, 100% used [0x000000076b400000,0x0000000770d80000,0x0000000770d80000)
  from space 15360K, 99% used [0x0000000770d80000,0x0000000771c7eb30,0x0000000771c80000)
  to   space 22528K, 0% used [0x0000000775180000,0x0000000775180000,0x0000000776780000)
 ParOldGen       total 118784K, used 26121K [0x00000006c1c00000, 0x00000006c9000000, 0x000000076b400000)
  object space 118784K, 21% used [0x00000006c1c00000,0x00000006c3582730,0x00000006c9000000)
 Metaspace       used 28425K, capacity 29264K, committed 29440K, reserved 1075200K
  class space    used 3246K, capacity 3461K, committed 3584K, reserved 1048576K
Event: 8.320 GC heap after
Heap after GC invocations=9 (full 1):
 PSYoungGen      total 150528K, used 22507K [0x000000076b400000, 0x0000000779200000, 0x00000007c0000000)
  eden space 128000K, 0% used [0x000000076b400000,0x000000076b400000,0x0000000773100000)
  from space 22528K, 99% used [0x0000000775180000,0x000000077677af18,0x0000000776780000)
  to   space 33280K, 0% used [0x0000000773100000,0x0000000773100000,0x0000000775180000)
 ParOldGen       total 118784K, used 44451K [0x00000006c1c00000, 0x00000006c9000000, 0x000000076b400000)
  object space 118784K, 37% used [0x00000006c1c00000,0x00000006c4768d20,0x00000006c9000000)
 Metaspace       used 28425K, capacity 29264K, committed 29440K, reserved 1075200K
  class space    used 3246K, capacity 3461K, committed 3584K, reserved 1048576K
}
Event: 9.705 GC heap before
{Heap before GC invocations=10 (full 1):
 PSYoungGen      total 150528K, used 144318K [0x000000076b400000, 0x0000000779200000, 0x00000007c0000000)
  eden space 128000K, 95% used [0x000000076b400000,0x0000000772af4a88,0x0000000773100000)
  from space 22528K, 99% used [0x0000000775180000,0x000000077677af18,0x0000000776780000)
  to   space 33280K, 0% used [0x0000000773100000,0x0000000773100000,0x0000000775180000)
 ParOldGen       total 118784K, used 44451K [0x00000006c1c00000, 0x00000006c9000000, 0x000000076b400000)
  object space 118784K, 37% used [0x00000006c1c00000,0x00000006c4768d20,0x00000006c9000000)
 Metaspace       used 34076K, capacity 35284K, committed 35456K, reserved 1081344K
  class space    used 4031K, capacity 4357K, committed 4480K, reserved 1048576K
Event: 9.753 GC heap after
Heap after GC invocations=10 (full 1):
 PSYoungGen      total 161280K, used 30922K [0x000000076b400000, 0x000000077b200000, 0x00000007c0000000)
  eden space 128000K, 0% used [0x000000076b400000,0x000000076b400000,0x0000000773100000)
  from space 33280K, 92% used [0x0000000773100000,0x0000000774f329a8,0x0000000775180000)
  to   space 37376K, 0% used [0x0000000778d80000,0x0000000778d80000,0x000000077b200000)
 ParOldGen       total 118784K, used 56994K [0x00000006c1c00000, 0x00000006c9000000, 0x000000076b400000)
  object space 118784K, 47% used [0x00000006c1c00000,0x00000006c53a89f8,0x00000006c9000000)
 Metaspace       used 34076K, capacity 35284K, committed 35456K, reserved 1081344K
  class space    used 4031K, capacity 4357K, committed 4480K, reserved 1048576K
}
Event: 9.753 GC heap before
{Heap before GC invocations=11 (full 2):
 PSYoungGen      total 161280K, used 30922K [0x000000076b400000, 0x000000077b200000, 0x00000007c0000000)
  eden space 128000K, 0% used [0x000000076b400000,0x000000076b400000,0x0000000773100000)
  from space 33280K, 92% used [0x0000000773100000,0x0000000774f329a8,0x0000000775180000)
  to   space 37376K, 0% used [0x0000000778d80000,0x0000000778d80000,0x000000077b200000)
 ParOldGen       total 118784K, used 56994K [0x00000006c1c00000, 0x00000006c9000000, 0x000000076b400000)
  object space 118784K, 47% used [0x00000006c1c00000,0x00000006c53a89f8,0x00000006c9000000)
 Metaspace       used 34076K, capacity 35284K, committed 35456K, reserved 1081344K
  class space    used 4031K, capacity 4357K, committed 4480K, reserved 1048576K
Event: 9.835 GC heap after
Heap after GC invocations=11 (full 2):
 PSYoungGen      total 161280K, used 0K [0x000000076b400000, 0x000000077b200000, 0x00000007c0000000)
  eden space 128000K, 0% used [0x000000076b400000,0x000000076b400000,0x0000000773100000)
  from space 33280K, 0% used [0x0000000773100000,0x0000000773100000,0x0000000775180000)
  to   space 37376K, 0% used [0x0000000778d80000,0x0000000778d80000,0x000000077b200000)
 ParOldGen       total 199168K, used 52057K [0x00000006c1c00000, 0x00000006cde80000, 0x000000076b400000)
  object space 199168K, 26% used [0x00000006c1c00000,0x00000006c4ed6628,0x00000006cde80000)
 Metaspace       used 34076K, capacity 35284K, committed 35456K, reserved 1081344K
  class space    used 4031K, capacity 4357K, committed 4480K, reserved 1048576K
}

Deoptimization events (10 events):
Event: 26.464 Thread 0x000000002431b000 Uncommon trap: reason=class_check action=maybe_recompile pc=0x00000000035ce188 method=java.util.Collections$UnmodifiableMap$UnmodifiableEntrySet$UnmodifiableEntry.getValue()Ljava/lang/Object; @ 4
Event: 26.464 Thread 0x000000002431b000 Uncommon trap: reason=class_check action=maybe_recompile pc=0x0000000003553890 method=java.util.Collections$UnmodifiableMap$UnmodifiableEntrySet$1.hasNext()Z @ 4
Event: 26.471 Thread 0x000000002431b000 Uncommon trap: reason=unstable_if action=reinterpret pc=0x000000000317afac method=java.lang.StringCoding.decode(Ljava/lang/String;[BII)[C @ 51
Event: 26.471 Thread 0x000000002431b000 Uncommon trap: reason=class_check action=maybe_recompile pc=0x0000000003b0bbb4 method=java.lang.StringCoding$StringDecoder.decode([BII)[C @ 30
Event: 26.471 Thread 0x000000002431b000 Uncommon trap: reason=class_check action=maybe_recompile pc=0x0000000002f92cc8 method=java.lang.StringCoding$StringDecoder.decode([BII)[C @ 30
Event: 26.483 Thread 0x000000002431b000 Uncommon trap: reason=class_check action=maybe_recompile pc=0x0000000002f92cf4 method=java.lang.StringCoding$StringDecoder.charsetName()Ljava/lang/String; @ 4
Event: 26.497 Thread 0x000000002431b000 Uncommon trap: reason=unstable_if action=reinterpret pc=0x0000000003758244 method=java.io.WinNTFileSystem.normalize(Ljava/lang/String;II)Ljava/lang/String; @ 103
Event: 26.497 Thread 0x000000002431b000 Uncommon trap: reason=unstable_if action=reinterpret pc=0x0000000003715294 method=java.io.WinNTFileSystem.normalize(Ljava/lang/String;II)Ljava/lang/String; @ 103
Event: 26.498 Thread 0x000000002431b000 Uncommon trap: reason=unstable_if action=reinterpret pc=0x00000000042ee2a8 method=sun.reflect.annotation.AnnotationInvocationHandler.invoke(Ljava/lang/Object;Ljava/lang/reflect/Method;[Ljava/lang/Object;)Ljava/lang/Object; @ 19
Event: 26.505 Thread 0x000000002431b000 Uncommon trap: reason=unstable_if action=reinterpret pc=0x0000000003e30f58 method=java.util.Formatter$Flags.contains(Ljava/util/Formatter$Flags;)Z @ 13

Classes redefined (0 events):
No events

Internal exceptions (10 events):
Event: 7.644 Thread 0x0000000020255000 Implicit null exception at 0x0000000003b0de59 to 0x0000000003b0e641
Event: 7.644 Thread 0x0000000022cef800 Implicit null exception at 0x0000000003b0de59 to 0x0000000003b0e641
Event: 7.644 Thread 0x0000000021a30800 Implicit null exception at 0x0000000003b0de59 to 0x0000000003b0e641
Event: 7.644 Thread 0x000000001fc91000 Implicit null exception at 0x0000000003b0de59 to 0x0000000003b0e641
Event: 7.644 Thread 0x000000002431b000 Implicit null exception at 0x0000000003b0fd8c to 0x0000000003b10485
Event: 9.206 Thread 0x0000000002cf2800 Exception <a 'java/lang/NoSuchFieldError': method resolution failed> (0x0000000770d74468) thrown at [C:\re\workspace\8-2-build-windows-amd64-cygwin\jdk8u181\11358\hotspot\src\share\vm\prims\methodHandles.cpp, line 1167]
Event: 9.207 Thread 0x0000000002cf2800 Exception <a 'java/lang/NoSuchFieldError': method resolution failed> (0x0000000770d81ef8) thrown at [C:\re\workspace\8-2-build-windows-amd64-cygwin\jdk8u181\11358\hotspot\src\share\vm\prims\methodHandles.cpp, line 1167]
Event: 10.006 Thread 0x0000000002cf2800 Exception <a 'java/lang/NoSuchMethodError': java.lang.Object.lambda$and$0(Ljava/util/function/Predicate;Ljava/lang/Object;)Z> (0x000000076c047f00) thrown at [C:\re\workspace\8-2-build-windows-amd64-cygwin\jdk8u181\11358\hotspot\src\share\vm\interpreter\li
Event: 10.055 Thread 0x0000000002cf2800 Exception <a 'java/lang/NoSuchMethodError': java.lang.Object.lambda$comparingInt$7b0bb60$1(Ljava/util/function/ToIntFunction;Ljava/lang/Object;Ljava/lang/Object;)I> (0x000000076c388af8) thrown at [C:\re\workspace\8-2-build-windows-amd64-cygwin\jdk8u181\11
Event: 26.501 Thread 0x000000002431b000 Exception <a 'java/io/IOException'> (0x000000076ece69b0) thrown at [C:\re\workspace\8-2-build-windows-amd64-cygwin\jdk8u181\11358\hotspot\src\share\vm\prims\jni.cpp, line 709]

Events (10 events):
Event: 26.505 Thread 0x000000002431b000 Uncommon trap: trap_request=0xffffff65 fr.pc=0x0000000003e30f58
Event: 26.505 Thread 0x000000002431b000 DEOPT PACKING pc=0x0000000003e30f58 sp=0x000000002650c420
Event: 26.505 Thread 0x000000002431b000 DEOPT UNPACKING pc=0x0000000002e3583b sp=0x000000002650c3c0 mode 2
Event: 26.508 Thread 0x000000001e729800 flushing nmethod 0x000000000327fa50
Event: 26.509 Thread 0x000000001e729800 flushing nmethod 0x00000000033bd8d0
Event: 26.518 Thread 0x000000001e729800 flushing nmethod 0x00000000034639d0
Event: 26.518 Thread 0x000000001e729800 flushing nmethod 0x0000000003469c90
Event: 26.518 Thread 0x000000001e729800 flushing nmethod 0x00000000034b0950
Event: 26.597 Executing VM operation: RevokeBias
Event: 26.597 Executing VM operation: RevokeBias done


Dynamic libraries:
0x00007ff6a5ea0000 - 0x00007ff6a5ed7000 	C:\Program Files\Java\jdk1.8.0_181\bin\java.exe
0x00007ff8b87b0000 - 0x00007ff8b8991000 	C:\WINDOWS\SYSTEM32\ntdll.dll
0x00007ff8b5e70000 - 0x00007ff8b5f22000 	C:\WINDOWS\System32\KERNEL32.DLL
0x00007ff8b5770000 - 0x00007ff8b59e3000 	C:\WINDOWS\System32\KERNELBASE.dll
0x00007ff8b5f30000 - 0x00007ff8b5fd1000 	C:\WINDOWS\System32\ADVAPI32.dll
0x00007ff8b7d70000 - 0x00007ff8b7e0e000 	C:\WINDOWS\System32\msvcrt.dll
0x00007ff8b7ee0000 - 0x00007ff8b7f3b000 	C:\WINDOWS\System32\sechost.dll
0x00007ff8b8650000 - 0x00007ff8b8774000 	C:\WINDOWS\System32\RPCRT4.dll
0x00007ff8b76e0000 - 0x00007ff8b7870000 	C:\WINDOWS\System32\USER32.dll
0x00007ff8b4b80000 - 0x00007ff8b4ba0000 	C:\WINDOWS\System32\win32u.dll
0x00007ff8b8620000 - 0x00007ff8b8648000 	C:\WINDOWS\System32\GDI32.dll
0x00007ff8b4e40000 - 0x00007ff8b4fd2000 	C:\WINDOWS\System32\gdi32full.dll
0x00007ff8b5ba0000 - 0x00007ff8b5c3f000 	C:\WINDOWS\System32\msvcp_win.dll
0x00007ff8b59f0000 - 0x00007ff8b5aea000 	C:\WINDOWS\System32\ucrtbase.dll
0x00007ff8a8200000 - 0x00007ff8a8469000 	C:\WINDOWS\WinSxS\amd64_microsoft.windows.common-controls_6595b64144ccf1df_6.0.17134.407_none_fb449d63306391e9\COMCTL32.dll
0x00007ff8b7a40000 - 0x00007ff8b7d62000 	C:\WINDOWS\System32\combase.dll
0x00007ff8b4fe0000 - 0x00007ff8b505a000 	C:\WINDOWS\System32\bcryptPrimitives.dll
0x00007ff8b85f0000 - 0x00007ff8b861d000 	C:\WINDOWS\System32\IMM32.DLL
0x000000005c6d0000 - 0x000000005c7a2000 	C:\Program Files\Java\jdk1.8.0_181\jre\bin\msvcr100.dll
0x00000000593e0000 - 0x0000000059c82000 	C:\Program Files\Java\jdk1.8.0_181\jre\bin\server\jvm.dll
0x00007ff8b7510000 - 0x00007ff8b7518000 	C:\WINDOWS\System32\PSAPI.DLL
0x00007ff8ab410000 - 0x00007ff8ab433000 	C:\WINDOWS\SYSTEM32\WINMM.dll
0x00007ff8abd00000 - 0x00007ff8abd0a000 	C:\WINDOWS\SYSTEM32\VERSION.dll
0x00007ff8b24c0000 - 0x00007ff8b24c9000 	C:\WINDOWS\SYSTEM32\WSOCK32.dll
0x00007ff8b7870000 - 0x00007ff8b78dc000 	C:\WINDOWS\System32\WS2_32.dll
0x00007ff8ab3e0000 - 0x00007ff8ab40a000 	C:\WINDOWS\SYSTEM32\WINMMBASE.dll
0x00007ff8b4c00000 - 0x00007ff8b4c49000 	C:\WINDOWS\System32\cfgmgr32.dll
0x000000005c680000 - 0x000000005c68f000 	C:\Program Files\Java\jdk1.8.0_181\jre\bin\verify.dll
0x000000005ba70000 - 0x000000005ba99000 	C:\Program Files\Java\jdk1.8.0_181\jre\bin\java.dll
0x000000005c660000 - 0x000000005c676000 	C:\Program Files\Java\jdk1.8.0_181\jre\bin\zip.dll
0x00007ff8b5fe0000 - 0x00007ff8b741f000 	C:\WINDOWS\System32\SHELL32.dll
0x00007ff8b5c40000 - 0x00007ff8b5ce9000 	C:\WINDOWS\System32\shcore.dll
0x00007ff8b5060000 - 0x00007ff8b576d000 	C:\WINDOWS\System32\windows.storage.dll
0x00007ff8b7e70000 - 0x00007ff8b7ec1000 	C:\WINDOWS\System32\shlwapi.dll
0x00007ff8b4b60000 - 0x00007ff8b4b71000 	C:\WINDOWS\System32\kernel.appcore.dll
0x00007ff8b4b40000 - 0x00007ff8b4b5f000 	C:\WINDOWS\System32\profapi.dll
0x00007ff8b4ac0000 - 0x00007ff8b4b0c000 	C:\WINDOWS\System32\powrprof.dll
0x00007ff8b4b10000 - 0x00007ff8b4b1a000 	C:\WINDOWS\System32\FLTLIB.DLL
0x00007ff8b0fb0000 - 0x00007ff8b0fba000 	D:\Programmi\apache-maven-3.6.0-bin\apache-maven-3.6.0\lib\jansi-native\windows64\jansi.dll
0x000000005ba50000 - 0x000000005ba6a000 	C:\Program Files\Java\jdk1.8.0_181\jre\bin\net.dll
0x00007ff8b42e0000 - 0x00007ff8b4346000 	C:\WINDOWS\system32\mswsock.dll
0x000000005ba30000 - 0x000000005ba41000 	C:\Program Files\Java\jdk1.8.0_181\jre\bin\nio.dll
0x000000005b980000 - 0x000000005b98d000 	C:\Program Files\Java\jdk1.8.0_181\jre\bin\management.dll
0x00007ff8b44a0000 - 0x00007ff8b44b7000 	C:\WINDOWS\SYSTEM32\CRYPTSP.dll
0x00007ff8b3ec0000 - 0x00007ff8b3ef3000 	C:\WINDOWS\system32\rsaenh.dll
0x00007ff8b45c0000 - 0x00007ff8b45e5000 	C:\WINDOWS\SYSTEM32\bcrypt.dll
0x00007ff8b49c0000 - 0x00007ff8b49e8000 	C:\WINDOWS\SYSTEM32\USERENV.dll
0x00007ff8b4490000 - 0x00007ff8b449b000 	C:\WINDOWS\SYSTEM32\CRYPTBASE.dll
0x00007ff8b4060000 - 0x00007ff8b4098000 	C:\WINDOWS\SYSTEM32\IPHLPAPI.DLL
0x00007ff8b5d90000 - 0x00007ff8b5d98000 	C:\WINDOWS\System32\NSI.dll
0x00007ff8af740000 - 0x00007ff8af756000 	C:\WINDOWS\SYSTEM32\dhcpcsvc6.DLL
0x00007ff8af840000 - 0x00007ff8af85a000 	C:\WINDOWS\SYSTEM32\dhcpcsvc.DLL
0x00007ff8aef20000 - 0x00007ff8aef44000 	D:\github\plathea\jaxrs-jersey-server-generated\src\main\java\io\core\InterfaceJNI_DLL.dll
0x00007ff8ae810000 - 0x00007ff8ae831000 	C:\WINDOWS\SYSTEM32\VCRUNTIME140D.dll
0x00007ff88a1b0000 - 0x00007ff88a36d000 	C:\WINDOWS\SYSTEM32\ucrtbased.dll
0x00007ff87d710000 - 0x00007ff87dad0000 	D:\github\plathea\jaxrs-jersey-server-generated\PlatheaDLL.dll
0x00007ff8b7420000 - 0x00007ff8b750d000 	C:\WINDOWS\System32\COMDLG32.dll
0x00007ff8b78e0000 - 0x00007ff8b7a31000 	C:\WINDOWS\System32\ole32.dll
0x00007ff890fc0000 - 0x00007ff8910c8000 	D:\github\plathea\jaxrs-jersey-server-generated\opencv_video310d.dll
0x00007ff882870000 - 0x00007ff882a1c000 	D:\github\plathea\jaxrs-jersey-server-generated\opencv_ml310d.dll
0x00007ff850d00000 - 0x00007ff851c9e000 	D:\github\plathea\jaxrs-jersey-server-generated\opencv_core310d.dll
0x00007ff8a3ea0000 - 0x00007ff8a3f06000 	D:\github\plathea\jaxrs-jersey-server-generated\opencv_highgui310d.dll
0x00007ff863d60000 - 0x00007ff864134000 	D:\github\plathea\jaxrs-jersey-server-generated\opencv_calib3d310d.dll
0x00007ff84eb30000 - 0x00007ff850cfb000 	D:\github\plathea\jaxrs-jersey-server-generated\opencv_imgproc310d.dll
0x00007ff87e950000 - 0x00007ff87eae4000 	D:\github\plathea\jaxrs-jersey-server-generated\opencv_objdetect310d.dll
0x00007ff88ec80000 - 0x00007ff88ed74000 	C:\WINDOWS\SYSTEM32\MSVCP140D.dll
0x00007ff88d200000 - 0x00007ff88d2b6000 	C:\WINDOWS\SYSTEM32\CONCRT140D.dll
0x00007ff88b260000 - 0x00007ff88b312000 	D:\github\plathea\jaxrs-jersey-server-generated\opencv_videoio310d.dll
0x00007ff8b5da0000 - 0x00007ff8b5e62000 	C:\WINDOWS\System32\OLEAUT32.dll
0x00007ff85a7b0000 - 0x00007ff85ad0e000 	D:\github\plathea\jaxrs-jersey-server-generated\opencv_imgcodecs310d.dll
0x00007ff87b5d0000 - 0x00007ff87b7f5000 	D:\github\plathea\jaxrs-jersey-server-generated\opencv_features2d310d.dll
0x00007ff8aab70000 - 0x00007ff8aab99000 	C:\WINDOWS\SYSTEM32\MSVFW32.dll
0x00007ff8ac750000 - 0x00007ff8ac76f000 	C:\WINDOWS\SYSTEM32\AVIFIL32.dll
0x00007ff8ac4b0000 - 0x00007ff8ac4c8000 	C:\WINDOWS\SYSTEM32\AVICAP32.dll
0x00007ff894930000 - 0x00007ff89494c000 	C:\WINDOWS\SYSTEM32\MSACM32.dll
0x00007ff884110000 - 0x00007ff88428d000 	D:\github\plathea\jaxrs-jersey-server-generated\opencv_flann310d.dll
0x00007ff8ae410000 - 0x00007ff8ae5d9000 	C:\WINDOWS\SYSTEM32\dbghelp.dll

VM Arguments:
jvm_args: -Dclassworlds.conf=D:\Programmi\apache-maven-3.6.0-bin\apache-maven-3.6.0\bin\..\bin\m2.conf -Dmaven.home=D:\Programmi\apache-maven-3.6.0-bin\apache-maven-3.6.0\bin\.. -Dlibrary.jansi.path=D:\Programmi\apache-maven-3.6.0-bin\apache-maven-3.6.0\bin\..\lib\jansi-native -Dmaven.multiModuleProjectDirectory=D:\github\plathea\jaxrs-jersey-server-generated 
java_command: org.codehaus.plexus.classworlds.launcher.Launcher clean package jetty:run
java_class_path (initial): D:\Programmi\apache-maven-3.6.0-bin\apache-maven-3.6.0\bin\..\boot\plexus-classworlds-2.5.2.jar
Launcher Type: SUN_STANDARD

Environment Variables:
JAVA_HOME=C:\Program Files\Java\jdk1.8.0_181
PATH=C:\Program Files (x86)\Common Files\Oracle\Java\javapath;C:\Users\jack1\Desktop\plathea-code-22-trunk\plathea-code-22-trunk\opencv-master\build\install_release\x64\vc12\bin;C:\WINDOWS\system32;C:\WINDOWS;C:\WINDOWS\System32\Wbem;C:\WINDOWS\System32\WindowsPowerShell\v1.0\;C:\Program Files\Git\cmd;C:\Program Files\nodejs\;C:\Program Files\PuTTY\;C:\Users\jack1\AppData\Local\Microsoft\WindowsApps;C:\Users\jack1\AppData\Roaming\npm;C:\Users\jack1\AppData\Local\atom\bin;C:\adb;C:\WINDOWS\system32;C:\WINDOWS;C:\WINDOWS\System32\Wbem;C:\WINDOWS\System32\WindowsPowerShell\v1.0\;C:\WINDOWS\System32\OpenSSH\;C:\Users\jack1\Desktop\plathea-code-22-trunk\plathea-code-22-trunk\opencv-master\build\install_debug\x64\vc12\bin;C:\Users\jack1\AppData\Local\Microsoft\WindowsApps;C:\Users\jack1\AppData\Roaming\npm;C:\Users\jack1\AppData\Local\atom\bin;C:\Users\jack1\AppData\Local\Microsoft\WindowsApps;C:\Program Files\LLVM\bin;C:\ProgramData\jack1\atom\bin;C:\Program Files\Java\jdk1.8.0_181\bin;C:\Program Files\mingw-w64\x86_64-8.1.0-win32-seh-rt_v6-rev0\mingw64\bin;D:\Programmi\apache-maven-3.6.0-bin\apache-maven-3.6.0\bin;D:\github\plathea\LeoStormLibrary\LeoStormWindowsLib;
USERNAME=jack1
OS=Windows_NT
PROCESSOR_IDENTIFIER=Intel64 Family 6 Model 58 Stepping 9, GenuineIntel



---------------  S Y S T E M  ---------------

OS: Windows 10.0 , 64 bit Build 17134 (10.0.17134.1)

CPU:total 8 (initial active 8) (4 cores per cpu, 2 threads per core) family 6 model 58 stepping 9, cmov, cx8, fxsr, mmx, sse, sse2, sse3, ssse3, sse4.1, sse4.2, popcnt, avx, aes, clmul, erms, ht, tsc, tscinvbit, tscinv

Memory: 4k page, physical 16659944k(8357276k free), swap 19150312k(7685308k free)

vm_info: Java HotSpot(TM) 64-Bit Server VM (25.181-b13) for windows-amd64 JRE (1.8.0_181-b13), built on Jul  7 2018 04:01:33 by "java_re" with MS VC++ 10.0 (VS2010)

time: Fri Nov 16 11:22:27 2018
elapsed time: 26 seconds (0d 0h 0m 26s)

