#
# A fatal error has been detected by the Java Runtime Environment:
#
#  EXCEPTION_ACCESS_VIOLATION (0xc0000005) at pc=0x0000000052a44917, pid=6876, tid=0x00000000000006d0
#
# JRE version: Java(TM) SE Runtime Environment (8.0_181-b13) (build 1.8.0_181-b13)
# Java VM: Java HotSpot(TM) 64-Bit Server VM (25.181-b13 mixed mode windows-amd64 compressed oops)
# Problematic frame:
# V  [jvm.dll+0x214917]
#
# Failed to write core dump. Minidumps are not enabled by default on client versions of Windows
#
# If you would like to submit a bug report, please visit:
#   http://bugreport.java.com/bugreport/crash.jsp
#

---------------  T H R E A D  ---------------

Current thread (0x000000001ffd2000):  JavaThread "qtp1700614789-20" [_thread_in_Java, id=1744, stack(0x0000000026620000,0x0000000026720000)]

siginfo: ExceptionCode=0xc0000005, reading address 0xffffffffffffffff

Registers:
RAX=0xccccccccffffffff, RBX=0x0000000026a77e88, RCX=0x000000002671c690, RDX=0x0000000000000002
RSP=0x000000002671c3c8, RBP=0x000000002671c4d0, RSI=0x000000001ffd2000, RDI=0x00000000ffffffff
R8 =0x0000000000000002, R9 =0x000000002671c698, R10=0x0000000002b50827, R11=0x0000000000000008
R12=0x000000002418d370, R13=0x000000001ffd2000, R14=0x000000002671c468, R15=0x0000000026a77e88
RIP=0x0000000052a44917, EFLAGS=0x0000000000010286

Top of Stack: (sp=0x000000002671c3c8)
0x000000002671c3c8:   0000000052a45805 0000000026a77e88
0x000000002671c3d8:   000000002671c4d0 00000000213026c8
0x000000002671c3e8:   000000001ffd2000 000000001ffd2000
0x000000002671c3f8:   0000000052a678fd 000000002671c570
0x000000002671c408:   cccccccccccccccc 0000000026a77e88
0x000000002671c418:   000000001ffd2000 0000000002b63be0
0x000000002671c428:   0000000052a672ab cccccccccccccccc
0x000000002671c438:   cccccccccccccccc 00008eda55113962
0x000000002671c448:   cccccccccccccccc 0000000000000000
0x000000002671c458:   0000000026a77e88 000000001ffd2000
0x000000002671c468:   00000000213026c8 0000000026a77e88
0x000000002671c478:   000000001ffd2000 000000002671c7a8
0x000000002671c488:   cccccccccccccccc 000000001ffd2000
0x000000002671c498:   0000000023dc3b10 0000000026a77e88
0x000000002671c4a8:   000000076fd932e8 000000002671cc40
0x000000002671c4b8:   0000000002b68c3b 000000002671ccb0 

Instructions: (pc=0x0000000052a44917)
0x0000000052a448f7:   68 7e 30 66 0f 1f 44 00 00 48 8b 41 60 80 3c 02
0x0000000052a44907:   00 74 14 4c 8b 49 58 49 8b 04 d1 48 85 c0 74 03
0x0000000052a44917:   48 8b 00 49 89 04 d1 41 ff c0 48 ff c2 44 3b 41
0x0000000052a44927:   68 7c d6 48 8b 41 58 c3 cc 40 53 48 83 ec 20 80 


Register to memory mapping:

RAX=0xccccccccffffffff is an unknown value
RBX={method} {0x0000000026a77e90} '<init>' '(Lio/core/InterfaceJNI;Ljava/lang/String;IIIILjava/lang/String;)V' in 'io/core/InterfaceJNI$TrackedPerson'
RCX=0x000000002671c690 is pointing into the stack for thread: 0x000000001ffd2000
RDX=0x0000000000000002 is an unknown value
RSP=0x000000002671c3c8 is pointing into the stack for thread: 0x000000001ffd2000
RBP=0x000000002671c4d0 is pointing into the stack for thread: 0x000000001ffd2000
RSI=0x000000001ffd2000 is a thread
RDI=0x00000000ffffffff is an unknown value
R8 =0x0000000000000002 is an unknown value
R9 =0x000000002671c698 is pointing into the stack for thread: 0x000000001ffd2000
R10=0x0000000002b50827 is at begin+0 in a stub
StubRoutines::call_stub [0x0000000002b50827, 0x0000000002b5098b[ (356 bytes)
R11=0x0000000000000008 is an unknown value
R12=0x000000002418d370 is an unknown value
R13=0x000000001ffd2000 is a thread
R14=0x000000002671c468 is pointing into the stack for thread: 0x000000001ffd2000
R15={method} {0x0000000026a77e90} '<init>' '(Lio/core/InterfaceJNI;Ljava/lang/String;IIIILjava/lang/String;)V' in 'io/core/InterfaceJNI$TrackedPerson'


Stack: [0x0000000026620000,0x0000000026720000],  sp=0x000000002671c3c8,  free space=1008k
Native frames: (J=compiled Java code, j=interpreted, Vv=VM code, C=native code)
V  [jvm.dll+0x214917]


---------------  P R O C E S S  ---------------

Java Threads: ( => current thread )
  0x00000000254f8000 JavaThread "Scheduler-757600587" [_thread_blocked, id=15376, stack(0x0000000031ba0000,0x0000000031ca0000)]
  0x00000000254f5000 JavaThread "org.eclipse.jetty.server.session.HashSessionManager@6f8281e6Timer" daemon [_thread_blocked, id=6348, stack(0x000000002fa70000,0x000000002fb70000)]
  0x000000002003d000 JavaThread "qtp1700614789-22-selector-ServerConnectorManager@a16182/1" [_thread_in_native, id=15428, stack(0x0000000026920000,0x0000000026a20000)]
  0x000000001f84f000 JavaThread "qtp1700614789-21" [_thread_blocked, id=7436, stack(0x0000000026820000,0x0000000026920000)]
=>0x000000001ffd2000 JavaThread "qtp1700614789-20" [_thread_in_Java, id=1744, stack(0x0000000026620000,0x0000000026720000)]
  0x00000000210ba800 JavaThread "qtp1700614789-19-selector-ServerConnectorManager@a16182/0" [_thread_in_native, id=8880, stack(0x0000000026520000,0x0000000026620000)]
  0x000000001fbaa800 JavaThread "qtp1700614789-18" [_thread_blocked, id=10400, stack(0x0000000026420000,0x0000000026520000)]
  0x000000001fc56000 JavaThread "qtp1700614789-17-selector-ServerConnectorManager@a16182/3" [_thread_in_native, id=11376, stack(0x0000000026320000,0x0000000026420000)]
  0x000000002542c800 JavaThread "qtp1700614789-16-selector-ServerConnectorManager@a16182/2" [_thread_in_native, id=10696, stack(0x0000000026220000,0x0000000026320000)]
  0x00000000213e9000 JavaThread "qtp1700614789-15-acceptor-0@4eb033a4-ServerConnector@468d1fcc{HTTP/1.1}{0.0.0.0:8080}" [_thread_in_native, id=1904, stack(0x0000000025f30000,0x0000000026030000)]
  0x000000002283e000 JavaThread "ShutdownMonitor" daemon [_thread_in_native, id=15844, stack(0x0000000024ca0000,0x0000000024da0000)]
  0x000000001e4fe000 JavaThread "Service Thread" daemon [_thread_blocked, id=2180, stack(0x000000001f0a0000,0x000000001f1a0000)]
  0x000000001e4c5000 JavaThread "C1 CompilerThread3" daemon [_thread_blocked, id=8812, stack(0x000000001efa0000,0x000000001f0a0000)]
  0x000000001e4c1000 JavaThread "C2 CompilerThread2" daemon [_thread_blocked, id=15412, stack(0x000000001eea0000,0x000000001efa0000)]
  0x000000001e4c0800 JavaThread "C2 CompilerThread1" daemon [_thread_blocked, id=3648, stack(0x000000001eda0000,0x000000001eea0000)]
  0x000000001e4be800 JavaThread "C2 CompilerThread0" daemon [_thread_blocked, id=220, stack(0x000000001eca0000,0x000000001eda0000)]
  0x000000001e4bb800 JavaThread "Attach Listener" daemon [_thread_blocked, id=1444, stack(0x000000001eba0000,0x000000001eca0000)]
  0x000000001c5c4800 JavaThread "Signal Dispatcher" daemon [_thread_blocked, id=14540, stack(0x000000001eaa0000,0x000000001eba0000)]
  0x000000001e4b1800 JavaThread "Finalizer" daemon [_thread_blocked, id=11048, stack(0x000000001e890000,0x000000001e990000)]
  0x0000000002b48800 JavaThread "Reference Handler" daemon [_thread_blocked, id=2132, stack(0x000000001e390000,0x000000001e490000)]
  0x0000000002a52800 JavaThread "main" [_thread_blocked, id=5296, stack(0x0000000002950000,0x0000000002a50000)]

Other Threads:
  0x000000001c5ba000 VMThread [stack: 0x000000001e290000,0x000000001e390000] [id=15016]
  0x000000001e503000 WatcherThread [stack: 0x000000001f1a0000,0x000000001f2a0000] [id=13968]

VM state:not at safepoint (normal execution)

VM Mutex/Monitor currently owned by a thread: None

Heap:
 PSYoungGen      total 213504K, used 76898K [0x000000076b400000, 0x000000077ae80000, 0x00000007c0000000)
  eden space 172544K, 44% used [0x000000076b400000,0x000000076ff18988,0x0000000775c80000)
  from space 40960K, 0% used [0x0000000778680000,0x0000000778680000,0x000000077ae80000)
  to   space 41984K, 0% used [0x0000000775c80000,0x0000000775c80000,0x0000000778580000)
 ParOldGen       total 177152K, used 28884K [0x00000006c1c00000, 0x00000006cc900000, 0x000000076b400000)
  object space 177152K, 16% used [0x00000006c1c00000,0x00000006c3835318,0x00000006cc900000)
 Metaspace       used 43345K, capacity 44856K, committed 45056K, reserved 1089536K
  class space    used 5160K, capacity 5528K, committed 5632K, reserved 1048576K

Card table byte_map: [0x0000000011f10000,0x0000000012710000] byte_map_base: 0x000000000e902000

Marking Bits: (ParMarkBitMap*) 0x0000000053052d00
 Begin Bits: [0x0000000013460000, 0x00000000173f0000)
 End Bits:   [0x00000000173f0000, 0x000000001b380000)

Polling page: 0x0000000000b90000

CodeCache: size=245760Kb used=22300Kb max_used=23617Kb free=223459Kb
 bounds [0x0000000002b50000, 0x00000000042b0000, 0x0000000011b50000]
 total_blobs=6664 nmethods=6170 adapters=406
 compilation: enabled

Compilation events (10 events):
Event: 217.748 Thread 0x000000001e4c5000 7500   !   3       javax.ws.rs.ext.RuntimeDelegate::getInstance (42 bytes)
Event: 217.748 Thread 0x000000001e4c5000 nmethod 7500 0x0000000002db2a90 code [0x0000000002db2c00, 0x0000000002db2fe8]
Event: 217.748 Thread 0x000000001e4c5000 7501       1       org.glassfish.jersey.server.internal.routing.Router$Continuation::next (5 bytes)
Event: 217.749 Thread 0x000000001e4c5000 nmethod 7501 0x0000000003fc82d0 code [0x0000000003fc8420, 0x0000000003fc8530]
Event: 217.749 Thread 0x000000001e4c5000 7502       3       java.util.AbstractMap::isEmpty (13 bytes)
Event: 217.749 Thread 0x000000001e4c5000 nmethod 7502 0x0000000002e95a90 code [0x0000000002e95c00, 0x0000000002e95e68]
Event: 217.749 Thread 0x000000001e4c5000 7503       1       org.glassfish.jersey.process.internal.Stage$Continuation::result (5 bytes)
Event: 217.749 Thread 0x000000001e4c5000 nmethod 7503 0x0000000003ff1410 code [0x0000000003ff1560, 0x0000000003ff1670]
Event: 217.749 Thread 0x000000001e4c5000 7504       3       sun.reflect.ByteVectorImpl::put (27 bytes)
Event: 217.749 Thread 0x000000001e4c5000 nmethod 7504 0x0000000002d96090 code [0x0000000002d96200, 0x0000000002d96428]

GC Heap History (10 events):
Event: 8.427 GC heap before
{Heap before GC invocations=8 (full 1):
 PSYoungGen      total 102912K, used 102669K [0x000000076b400000, 0x0000000772b00000, 0x00000007c0000000)
  eden space 88576K, 100% used [0x000000076b400000,0x0000000770a80000,0x0000000770a80000)
  from space 14336K, 98% used [0x0000000771980000,0x0000000772743700,0x0000000772780000)
  to   space 15360K, 0% used [0x0000000770a80000,0x0000000770a80000,0x0000000771980000)
 ParOldGen       total 119296K, used 14726K [0x00000006c1c00000, 0x00000006c9080000, 0x000000076b400000)
  object space 119296K, 12% used [0x00000006c1c00000,0x00000006c2a61b48,0x00000006c9080000)
 Metaspace       used 28550K, capacity 29328K, committed 29696K, reserved 1075200K
  class space    used 3255K, capacity 3461K, committed 3584K, reserved 1048576K
Event: 8.462 GC heap after
Heap after GC invocations=8 (full 1):
 PSYoungGen      total 103936K, used 15346K [0x000000076b400000, 0x0000000775c80000, 0x00000007c0000000)
  eden space 88576K, 0% used [0x000000076b400000,0x000000076b400000,0x0000000770a80000)
  from space 15360K, 99% used [0x0000000770a80000,0x000000077197cac0,0x0000000771980000)
  to   space 20992K, 0% used [0x0000000774800000,0x0000000774800000,0x0000000775c80000)
 ParOldGen       total 119296K, used 23432K [0x00000006c1c00000, 0x00000006c9080000, 0x000000076b400000)
  object space 119296K, 19% used [0x00000006c1c00000,0x00000006c32e20c0,0x00000006c9080000)
 Metaspace       used 28550K, capacity 29328K, committed 29696K, reserved 1075200K
  class space    used 3255K, capacity 3461K, committed 3584K, reserved 1048576K
}
Event: 8.944 GC heap before
{Heap before GC invocations=9 (full 1):
 PSYoungGen      total 103936K, used 103922K [0x000000076b400000, 0x0000000775c80000, 0x00000007c0000000)
  eden space 88576K, 100% used [0x000000076b400000,0x0000000770a80000,0x0000000770a80000)
  from space 15360K, 99% used [0x0000000770a80000,0x000000077197cac0,0x0000000771980000)
  to   space 20992K, 0% used [0x0000000774800000,0x0000000774800000,0x0000000775c80000)
 ParOldGen       total 119296K, used 23450K [0x00000006c1c00000, 0x00000006c9080000, 0x000000076b400000)
  object space 119296K, 19% used [0x00000006c1c00000,0x00000006c32e6930,0x00000006c9080000)
 Metaspace       used 28568K, capacity 29328K, committed 29696K, reserved 1075200K
  class space    used 3255K, capacity 3461K, committed 3584K, reserved 1048576K
Event: 9.022 GC heap after
Heap after GC invocations=9 (full 1):
 PSYoungGen      total 140800K, used 20974K [0x000000076b400000, 0x0000000778980000, 0x00000007c0000000)
  eden space 119808K, 0% used [0x000000076b400000,0x000000076b400000,0x0000000772900000)
  from space 20992K, 99% used [0x0000000774800000,0x0000000775c7ba88,0x0000000775c80000)
  to   space 31744K, 0% used [0x0000000772900000,0x0000000772900000,0x0000000774800000)
 ParOldGen       total 119296K, used 42754K [0x00000006c1c00000, 0x00000006c9080000, 0x000000076b400000)
  object space 119296K, 35% used [0x00000006c1c00000,0x00000006c45c0af8,0x00000006c9080000)
 Metaspace       used 28568K, capacity 29328K, committed 29696K, reserved 1075200K
  class space    used 3255K, capacity 3461K, committed 3584K, reserved 1048576K
}
Event: 11.287 GC heap before
{Heap before GC invocations=10 (full 1):
 PSYoungGen      total 140800K, used 140782K [0x000000076b400000, 0x0000000778980000, 0x00000007c0000000)
  eden space 119808K, 100% used [0x000000076b400000,0x0000000772900000,0x0000000772900000)
  from space 20992K, 99% used [0x0000000774800000,0x0000000775c7ba88,0x0000000775c80000)
  to   space 31744K, 0% used [0x0000000772900000,0x0000000772900000,0x0000000774800000)
 ParOldGen       total 119296K, used 42764K [0x00000006c1c00000, 0x00000006c9080000, 0x000000076b400000)
  object space 119296K, 35% used [0x00000006c1c00000,0x00000006c45c3080,0x00000006c9080000)
 Metaspace       used 32341K, capacity 33366K, committed 33536K, reserved 1079296K
  class space    used 3744K, capacity 4010K, committed 4096K, reserved 1048576K
Event: 11.371 GC heap after
Heap after GC invocations=10 (full 1):
 PSYoungGen      total 151552K, used 31729K [0x000000076b400000, 0x000000077af80000, 0x00000007c0000000)
  eden space 119808K, 0% used [0x000000076b400000,0x000000076b400000,0x0000000772900000)
  from space 31744K, 99% used [0x0000000772900000,0x00000007747fc628,0x0000000774800000)
  to   space 41984K, 0% used [0x0000000778680000,0x0000000778680000,0x000000077af80000)
 ParOldGen       total 119296K, used 57165K [0x00000006c1c00000, 0x00000006c9080000, 0x000000076b400000)
  object space 119296K, 47% used [0x00000006c1c00000,0x00000006c53d36b8,0x00000006c9080000)
 Metaspace       used 32341K, capacity 33366K, committed 33536K, reserved 1079296K
  class space    used 3744K, capacity 4010K, committed 4096K, reserved 1048576K
}
Event: 11.895 GC heap before
{Heap before GC invocations=11 (full 1):
 PSYoungGen      total 151552K, used 48086K [0x000000076b400000, 0x000000077af80000, 0x00000007c0000000)
  eden space 119808K, 13% used [0x000000076b400000,0x000000076c3f9458,0x0000000772900000)
  from space 31744K, 99% used [0x0000000772900000,0x00000007747fc628,0x0000000774800000)
  to   space 41984K, 0% used [0x0000000778680000,0x0000000778680000,0x000000077af80000)
 ParOldGen       total 119296K, used 57165K [0x00000006c1c00000, 0x00000006c9080000, 0x000000076b400000)
  object space 119296K, 47% used [0x00000006c1c00000,0x00000006c53d36b8,0x00000006c9080000)
 Metaspace       used 34140K, capacity 35384K, committed 35496K, reserved 1081344K
  class space    used 4027K, capacity 4325K, committed 4352K, reserved 1048576K
Event: 11.913 GC heap after
Heap after GC invocations=11 (full 1):
 PSYoungGen      total 213504K, used 7442K [0x000000076b400000, 0x000000077ae80000, 0x00000007c0000000)
  eden space 172544K, 0% used [0x000000076b400000,0x000000076b400000,0x0000000775c80000)
  from space 40960K, 18% used [0x0000000778680000,0x0000000778dc48b0,0x000000077ae80000)
  to   space 41984K, 0% used [0x0000000775c80000,0x0000000775c80000,0x0000000778580000)
 ParOldGen       total 119296K, used 69845K [0x00000006c1c00000, 0x00000006c9080000, 0x000000076b400000)
  object space 119296K, 58% used [0x00000006c1c00000,0x00000006c6035648,0x00000006c9080000)
 Metaspace       used 34140K, capacity 35384K, committed 35496K, reserved 1081344K
  class space    used 4027K, capacity 4325K, committed 4352K, reserved 1048576K
}
Event: 11.913 GC heap before
{Heap before GC invocations=12 (full 2):
 PSYoungGen      total 213504K, used 7442K [0x000000076b400000, 0x000000077ae80000, 0x00000007c0000000)
  eden space 172544K, 0% used [0x000000076b400000,0x000000076b400000,0x0000000775c80000)
  from space 40960K, 18% used [0x0000000778680000,0x0000000778dc48b0,0x000000077ae80000)
  to   space 41984K, 0% used [0x0000000775c80000,0x0000000775c80000,0x0000000778580000)
 ParOldGen       total 119296K, used 69845K [0x00000006c1c00000, 0x00000006c9080000, 0x000000076b400000)
  object space 119296K, 58% used [0x00000006c1c00000,0x00000006c6035648,0x00000006c9080000)
 Metaspace       used 34140K, capacity 35384K, committed 35496K, reserved 1081344K
  class space    used 4027K, capacity 4325K, committed 4352K, reserved 1048576K
Event: 11.995 GC heap after
Heap after GC invocations=12 (full 2):
 PSYoungGen      total 213504K, used 0K [0x000000076b400000, 0x000000077ae80000, 0x00000007c0000000)
  eden space 172544K, 0% used [0x000000076b400000,0x000000076b400000,0x0000000775c80000)
  from space 40960K, 0% used [0x0000000778680000,0x0000000778680000,0x000000077ae80000)
  to   space 41984K, 0% used [0x0000000775c80000,0x0000000775c80000,0x0000000778580000)
 ParOldGen       total 177152K, used 28884K [0x00000006c1c00000, 0x00000006cc900000, 0x000000076b400000)
  object space 177152K, 16% used [0x00000006c1c00000,0x00000006c3835318,0x00000006cc900000)
 Metaspace       used 34140K, capacity 35384K, committed 35496K, reserved 1081344K
  class space    used 4027K, capacity 4325K, committed 4352K, reserved 1048576K
}

Deoptimization events (10 events):
Event: 124.049 Thread 0x000000001f84f000 Uncommon trap: reason=class_check action=maybe_recompile pc=0x000000000382e1b4 method=java.lang.StringCoding$StringDecoder.decode([BII)[C @ 30
Event: 124.049 Thread 0x000000001f84f000 Uncommon trap: reason=class_check action=maybe_recompile pc=0x000000000382e1b4 method=java.lang.StringCoding$StringDecoder.decode([BII)[C @ 30
Event: 124.716 Thread 0x000000001f84f000 Uncommon trap: reason=speculate_class_check action=maybe_recompile pc=0x0000000004194b04 method=java.util.AbstractList.listIterator()Ljava/util/ListIterator; @ 2
Event: 136.204 Thread 0x000000001ffd2000 Uncommon trap: reason=class_check action=maybe_recompile pc=0x00000000033291f4 method=java.util.Collections$UnmodifiableMap$UnmodifiableEntrySet$1.next()Ljava/util/Map$Entry; @ 8
Event: 136.204 Thread 0x000000001ffd2000 Uncommon trap: reason=class_check action=maybe_recompile pc=0x0000000003329788 method=java.util.Collections$UnmodifiableMap$UnmodifiableEntrySet$UnmodifiableEntry.getKey()Ljava/lang/Object; @ 4
Event: 136.204 Thread 0x000000001ffd2000 Uncommon trap: reason=class_check action=maybe_recompile pc=0x00000000033617c8 method=java.util.Collections$UnmodifiableMap$UnmodifiableEntrySet$UnmodifiableEntry.getValue()Ljava/lang/Object; @ 4
Event: 146.861 Thread 0x000000001fbaa800 Uncommon trap: reason=class_check action=maybe_recompile pc=0x00000000033291f4 method=java.util.Collections$UnmodifiableMap$UnmodifiableEntrySet$1.next()Ljava/util/Map$Entry; @ 8
Event: 146.861 Thread 0x000000001fbaa800 Uncommon trap: reason=class_check action=maybe_recompile pc=0x0000000003329788 method=java.util.Collections$UnmodifiableMap$UnmodifiableEntrySet$UnmodifiableEntry.getKey()Ljava/lang/Object; @ 4
Event: 146.861 Thread 0x000000001fbaa800 Uncommon trap: reason=class_check action=maybe_recompile pc=0x00000000033617c8 method=java.util.Collections$UnmodifiableMap$UnmodifiableEntrySet$UnmodifiableEntry.getValue()Ljava/lang/Object; @ 4
Event: 174.392 Thread 0x000000001fbaa800 Uncommon trap: reason=bimorphic action=maybe_recompile pc=0x0000000003ea3674 method=java.util.LinkedHashMap.afterNodeInsertion(Z)V @ 15

Classes redefined (0 events):
No events

Internal exceptions (10 events):
Event: 8.144 Thread 0x0000000002a52800 Exception <a 'java/lang/ClassNotFoundException': sun/net/www/protocol/c/Handler> (0x000000076f0d0958) thrown at [C:\re\workspace\8-2-build-windows-amd64-cygwin\jdk8u181\11358\hotspot\src\share\vm\classfile\systemDictionary.cpp, line 210]
Event: 8.145 Thread 0x0000000002a52800 Exception <a 'java/lang/ClassNotFoundException': sun/net/www/protocol/c/Handler> (0x000000076f0d2e90) thrown at [C:\re\workspace\8-2-build-windows-amd64-cygwin\jdk8u181\11358\hotspot\src\share\vm\classfile\systemDictionary.cpp, line 210]
Event: 8.259 Thread 0x00000000213e9000 Implicit null exception at 0x000000000381e759 to 0x000000000381ef3d
Event: 8.259 Thread 0x000000002542c800 Implicit null exception at 0x000000000381e759 to 0x000000000381ef3d
Event: 8.265 Thread 0x000000001fc56000 Implicit null exception at 0x000000000382fc0c to 0x0000000003830309
Event: 10.902 Thread 0x0000000002a52800 Exception <a 'java/lang/NoSuchFieldError': method resolution failed> (0x0000000771cdcde8) thrown at [C:\re\workspace\8-2-build-windows-amd64-cygwin\jdk8u181\11358\hotspot\src\share\vm\prims\methodHandles.cpp, line 1167]
Event: 10.904 Thread 0x0000000002a52800 Exception <a 'java/lang/NoSuchFieldError': method resolution failed> (0x0000000771cea878) thrown at [C:\re\workspace\8-2-build-windows-amd64-cygwin\jdk8u181\11358\hotspot\src\share\vm\prims\methodHandles.cpp, line 1167]
Event: 12.317 Thread 0x0000000002a52800 Exception <a 'java/lang/NoSuchMethodError': java.lang.Object.lambda$and$0(Ljava/util/function/Predicate;Ljava/lang/Object;)Z> (0x000000076c0fe440) thrown at [C:\re\workspace\8-2-build-windows-amd64-cygwin\jdk8u181\11358\hotspot\src\share\vm\interpreter\li
Event: 12.394 Thread 0x0000000002a52800 Exception <a 'java/lang/NoSuchMethodError': java.lang.Object.lambda$comparingInt$7b0bb60$1(Ljava/util/function/ToIntFunction;Ljava/lang/Object;Ljava/lang/Object;)I> (0x000000076c47bf40) thrown at [C:\re\workspace\8-2-build-windows-amd64-cygwin\jdk8u181\11
Event: 92.629 Thread 0x000000001f84f000 Implicit null exception at 0x0000000003699139 to 0x00000000036994ad

Events (10 events):
Event: 152.655 loading class org/eclipse/jetty/io/WriteFlusher$1 done
Event: 174.392 Executing VM operation: RevokeBias
Event: 174.392 Executing VM operation: RevokeBias done
Event: 174.392 Thread 0x000000001fbaa800 Uncommon trap: trap_request=0xffffffc6 fr.pc=0x0000000003ea3674
Event: 174.393 Thread 0x000000001fbaa800 DEOPT PACKING pc=0x0000000003ea3674 sp=0x000000002651d840
Event: 174.393 Thread 0x000000001fbaa800 DEOPT UNPACKING pc=0x0000000002b9583b sp=0x000000002651d7e0 mode 2
Event: 174.393 Executing VM operation: RevokeBias
Event: 174.393 Executing VM operation: RevokeBias done
Event: 212.656 Executing VM operation: RevokeBias
Event: 212.656 Executing VM operation: RevokeBias done


Dynamic libraries:
0x00007ff77a250000 - 0x00007ff77a287000 	C:\Program Files\Java\jdk1.8.0_181\bin\java.exe
0x00007ff8234d0000 - 0x00007ff8236b1000 	C:\WINDOWS\SYSTEM32\ntdll.dll
0x00007ff823160000 - 0x00007ff823212000 	C:\WINDOWS\System32\KERNEL32.DLL
0x00007ff81faa0000 - 0x00007ff81fd13000 	C:\WINDOWS\System32\KERNELBASE.dll
0x00007ff8227b0000 - 0x00007ff822851000 	C:\WINDOWS\System32\ADVAPI32.dll
0x00007ff822710000 - 0x00007ff8227ae000 	C:\WINDOWS\System32\msvcrt.dll
0x00007ff822580000 - 0x00007ff8225db000 	C:\WINDOWS\System32\sechost.dll
0x00007ff8225e0000 - 0x00007ff822704000 	C:\WINDOWS\System32\RPCRT4.dll
0x00007ff823220000 - 0x00007ff8233b0000 	C:\WINDOWS\System32\USER32.dll
0x00007ff81fd70000 - 0x00007ff81fd90000 	C:\WINDOWS\System32\win32u.dll
0x00007ff822550000 - 0x00007ff822578000 	C:\WINDOWS\System32\GDI32.dll
0x00007ff820690000 - 0x00007ff820822000 	C:\WINDOWS\System32\gdi32full.dll
0x00007ff81f900000 - 0x00007ff81f99f000 	C:\WINDOWS\System32\msvcp_win.dll
0x00007ff81f9a0000 - 0x00007ff81fa9a000 	C:\WINDOWS\System32\ucrtbase.dll
0x00007ff8168f0000 - 0x00007ff816b59000 	C:\WINDOWS\WinSxS\amd64_microsoft.windows.common-controls_6595b64144ccf1df_6.0.17134.407_none_fb449d63306391e9\COMCTL32.dll
0x00007ff822020000 - 0x00007ff822342000 	C:\WINDOWS\System32\combase.dll
0x00007ff820830000 - 0x00007ff8208aa000 	C:\WINDOWS\System32\bcryptPrimitives.dll
0x00007ff822f00000 - 0x00007ff822f2d000 	C:\WINDOWS\System32\IMM32.DLL
0x0000000052370000 - 0x0000000052442000 	C:\Program Files\Java\jdk1.8.0_181\jre\bin\msvcr100.dll
0x0000000052830000 - 0x00000000530d2000 	C:\Program Files\Java\jdk1.8.0_181\jre\bin\server\jvm.dll
0x00007ff822860000 - 0x00007ff822868000 	C:\WINDOWS\System32\PSAPI.DLL
0x00007ff816720000 - 0x00007ff816729000 	C:\WINDOWS\SYSTEM32\WSOCK32.dll
0x00007ff81c680000 - 0x00007ff81c6a3000 	C:\WINDOWS\SYSTEM32\WINMM.dll
0x00007ff81bb00000 - 0x00007ff81bb0a000 	C:\WINDOWS\SYSTEM32\VERSION.dll
0x00007ff823430000 - 0x00007ff82349c000 	C:\WINDOWS\System32\WS2_32.dll
0x00007ff81c650000 - 0x00007ff81c67a000 	C:\WINDOWS\SYSTEM32\WINMMBASE.dll
0x00007ff81fd20000 - 0x00007ff81fd69000 	C:\WINDOWS\System32\cfgmgr32.dll
0x0000000053ec0000 - 0x0000000053ecf000 	C:\Program Files\Java\jdk1.8.0_181\jre\bin\verify.dll
0x0000000053e90000 - 0x0000000053eb9000 	C:\Program Files\Java\jdk1.8.0_181\jre\bin\java.dll
0x0000000053e70000 - 0x0000000053e86000 	C:\Program Files\Java\jdk1.8.0_181\jre\bin\zip.dll
0x00007ff820960000 - 0x00007ff821d9f000 	C:\WINDOWS\System32\SHELL32.dll
0x00007ff822870000 - 0x00007ff822919000 	C:\WINDOWS\System32\shcore.dll
0x00007ff81fd90000 - 0x00007ff82049d000 	C:\WINDOWS\System32\windows.storage.dll
0x00007ff821fb0000 - 0x00007ff822001000 	C:\WINDOWS\System32\shlwapi.dll
0x00007ff81f820000 - 0x00007ff81f831000 	C:\WINDOWS\System32\kernel.appcore.dll
0x00007ff81f800000 - 0x00007ff81f81f000 	C:\WINDOWS\System32\profapi.dll
0x00007ff81f850000 - 0x00007ff81f89c000 	C:\WINDOWS\System32\powrprof.dll
0x00007ff81f840000 - 0x00007ff81f84a000 	C:\WINDOWS\System32\FLTLIB.DLL
0x00007ff816730000 - 0x00007ff81673a000 	D:\Programmi\apache-maven-3.6.0-bin\apache-maven-3.6.0\lib\jansi-native\windows64\jansi.dll
0x00000000533d0000 - 0x00000000533ea000 	C:\Program Files\Java\jdk1.8.0_181\jre\bin\net.dll
0x00007ff81f050000 - 0x00007ff81f0b6000 	C:\WINDOWS\system32\mswsock.dll
0x0000000052810000 - 0x0000000052821000 	C:\Program Files\Java\jdk1.8.0_181\jre\bin\nio.dll
0x0000000052760000 - 0x000000005276d000 	C:\Program Files\Java\jdk1.8.0_181\jre\bin\management.dll
0x00007ff81f220000 - 0x00007ff81f237000 	C:\WINDOWS\SYSTEM32\CRYPTSP.dll
0x00007ff81ec40000 - 0x00007ff81ec73000 	C:\WINDOWS\system32\rsaenh.dll
0x00007ff81f340000 - 0x00007ff81f365000 	C:\WINDOWS\SYSTEM32\bcrypt.dll
0x00007ff81f710000 - 0x00007ff81f738000 	C:\WINDOWS\SYSTEM32\USERENV.dll
0x00007ff81f210000 - 0x00007ff81f21b000 	C:\WINDOWS\SYSTEM32\CRYPTBASE.dll
0x00007ff81ede0000 - 0x00007ff81ee18000 	C:\WINDOWS\SYSTEM32\IPHLPAPI.DLL
0x00007ff822010000 - 0x00007ff822018000 	C:\WINDOWS\System32\NSI.dll
0x00007ff818110000 - 0x00007ff818126000 	C:\WINDOWS\SYSTEM32\dhcpcsvc6.DLL
0x00007ff8172d0000 - 0x00007ff8172ea000 	C:\WINDOWS\SYSTEM32\dhcpcsvc.DLL
0x00007ff801750000 - 0x00007ff801786000 	D:\github\plathea\jaxrs-jersey-server-generated\src\main\java\io\core\InterfaceJNI_DLL.dll
0x00007ffffd450000 - 0x00007ffffd471000 	C:\WINDOWS\SYSTEM32\VCRUNTIME140D.dll
0x00007fffbc2d0000 - 0x00007fffbc48d000 	C:\WINDOWS\SYSTEM32\ucrtbased.dll
0x00007fffd3880000 - 0x00007fffd3974000 	C:\WINDOWS\SYSTEM32\MSVCP140D.dll
0x00007fffb9270000 - 0x00007fffb964a000 	D:\github\plathea\jaxrs-jersey-server-generated\PlatheaDLL.dll
0x00007ff822d70000 - 0x00007ff822e5d000 	C:\WINDOWS\System32\COMDLG32.dll
0x00007ff823000000 - 0x00007ff823151000 	C:\WINDOWS\System32\ole32.dll
0x00007ffff0f40000 - 0x00007ffff0fa6000 	D:\github\plathea\jaxrs-jersey-server-generated\opencv_highgui310d.dll
0x00007fffbc1c0000 - 0x00007fffbc2c8000 	D:\github\plathea\jaxrs-jersey-server-generated\opencv_video310d.dll
0x00007fffb90c0000 - 0x00007fffb926c000 	D:\github\plathea\jaxrs-jersey-server-generated\opencv_ml310d.dll
0x00007fffb8f20000 - 0x00007fffb90b4000 	D:\github\plathea\jaxrs-jersey-server-generated\opencv_objdetect310d.dll
0x00007fffec320000 - 0x00007fffec3d2000 	D:\github\plathea\jaxrs-jersey-server-generated\opencv_videoio310d.dll
0x00007ff822f30000 - 0x00007ff822ff2000 	C:\WINDOWS\System32\OLEAUT32.dll
0x00007fffb8b40000 - 0x00007fffb8f14000 	D:\github\plathea\jaxrs-jersey-server-generated\opencv_calib3d310d.dll
0x00007fffb85e0000 - 0x00007fffb8b3e000 	D:\github\plathea\jaxrs-jersey-server-generated\opencv_imgcodecs310d.dll
0x00007fffb7640000 - 0x00007fffb85de000 	D:\github\plathea\jaxrs-jersey-server-generated\opencv_core310d.dll
0x00007ffffa140000 - 0x00007ffffa169000 	C:\WINDOWS\SYSTEM32\MSVFW32.dll
0x00007ff8077b0000 - 0x00007ff8077cf000 	C:\WINDOWS\SYSTEM32\AVIFIL32.dll
0x00007ff801510000 - 0x00007ff801528000 	C:\WINDOWS\SYSTEM32\AVICAP32.dll
0x00007fffb5470000 - 0x00007fffb763b000 	D:\github\plathea\jaxrs-jersey-server-generated\opencv_imgproc310d.dll
0x00007ffff9090000 - 0x00007ffff90ac000 	C:\WINDOWS\SYSTEM32\MSACM32.dll
0x00007fffb52f0000 - 0x00007fffb546d000 	D:\github\plathea\jaxrs-jersey-server-generated\opencv_flann310d.dll
0x00007fffdd2d0000 - 0x00007fffdd386000 	C:\WINDOWS\SYSTEM32\CONCRT140D.dll
0x00007fffb50c0000 - 0x00007fffb52e5000 	D:\github\plathea\jaxrs-jersey-server-generated\opencv_features2d310d.dll
0x00007fffeccd0000 - 0x00007fffecd55000 	C:\WINDOWS\SYSTEM32\OpenCL.dll
0x00007fffb3960000 - 0x00007fffb4f8d000 	C:\WINDOWS\System32\nvopencl.dll
0x00007ff822920000 - 0x00007ff822d6b000 	C:\WINDOWS\System32\SETUPAPI.dll
0x00007fffb3840000 - 0x00007fffb395f000 	C:\WINDOWS\SYSTEM32\nvfatbinaryLoader.dll
0x00007ff81dce0000 - 0x00007ff81dd78000 	C:\WINDOWS\system32\uxtheme.dll
0x00007ff81f5f0000 - 0x00007ff81f617000 	C:\WINDOWS\SYSTEM32\DEVOBJ.dll
0x00007ff81f8a0000 - 0x00007ff81f8f7000 	C:\WINDOWS\System32\WINTRUST.dll
0x00007ff81f7e0000 - 0x00007ff81f7f2000 	C:\WINDOWS\System32\MSASN1.dll
0x00007ff8204a0000 - 0x00007ff820682000 	C:\WINDOWS\System32\CRYPT32.dll
0x00007ff816de0000 - 0x00007ff817260000 	C:\WINDOWS\system32\nvapi64.dll
0x00007ff81e5a0000 - 0x00007ff81e65b000 	C:\WINDOWS\SYSTEM32\dxgi.dll
0x00007fffde320000 - 0x00007fffde382000 	C:\WINDOWS\SYSTEM32\IntelOpenCL64.dll
0x00007fffb3740000 - 0x00007fffb383d000 	C:\Program Files (x86)\Common Files\Intel\OpenCL\bin\x64\intelocl64.dll
0x00007ffffc6e0000 - 0x00007ffffc800000 	C:\WINDOWS\SYSTEM32\OPENGL32.dll
0x00007ffffc650000 - 0x00007ffffc67c000 	C:\WINDOWS\SYSTEM32\GLU32.dll
0x00007fffd37a0000 - 0x00007fffd3816000 	C:\Program Files (x86)\Common Files\Intel\OpenCL\bin\x64\task_executor64.dll
0x00007ff81e8d0000 - 0x00007ff81e901000 	C:\WINDOWS\SYSTEM32\ntmarta.dll
0x00007fffbc120000 - 0x00007fffbc1b5000 	C:\Program Files (x86)\Common Files\Intel\OpenCL\bin\x64\cpu_device64.dll
0x00007fffd3f60000 - 0x00007fffd3fc9000 	C:\Program Files (x86)\Common Files\Intel\OpenCL\bin\x64\tbb\tbb.dll
0x00007fffb3540000 - 0x00007fffb3734000 	C:\WINDOWS\SYSTEM32\igdrcl64.dll
0x00007fffb1f50000 - 0x00007fffb3532000 	C:\WINDOWS\SYSTEM32\igdfcl64.dll
0x00007ff811490000 - 0x00007ff811659000 	C:\WINDOWS\SYSTEM32\dbghelp.dll
0x00007fffeb490000 - 0x00007fffeb4ef000 	C:\WINDOWS\SYSTEM32\igdbcl64.dll
0x00007ff818e00000 - 0x00007ff819264000 	C:\WINDOWS\SYSTEM32\igdusc64.dll
0x0000000066840000 - 0x0000000067b0b000 	D:\github\plathea\jaxrs-jersey-server-generated\opencv_ffmpeg310_64.dll

VM Arguments:
jvm_args: -Dclassworlds.conf=D:\Programmi\apache-maven-3.6.0-bin\apache-maven-3.6.0\bin\..\bin\m2.conf -Dmaven.home=D:\Programmi\apache-maven-3.6.0-bin\apache-maven-3.6.0\bin\.. -Dlibrary.jansi.path=D:\Programmi\apache-maven-3.6.0-bin\apache-maven-3.6.0\bin\..\lib\jansi-native -Dmaven.multiModuleProjectDirectory=D:\github\plathea\jaxrs-jersey-server-generated 
java_command: org.codehaus.plexus.classworlds.launcher.Launcher clean package jetty:run
java_class_path (initial): D:\Programmi\apache-maven-3.6.0-bin\apache-maven-3.6.0\bin\..\boot\plexus-classworlds-2.5.2.jar
Launcher Type: SUN_STANDARD

Environment Variables:
JAVA_HOME=C:\Program Files\Java\jdk1.8.0_181
PATH=C:\Program Files (x86)\Common Files\Oracle\Java\javapath;C:\Users\jack1\Desktop\plathea-code-22-trunk\plathea-code-22-trunk\opencv-master\build\install_release\x64\vc12\bin;C:\WINDOWS\system32;C:\WINDOWS;C:\WINDOWS\System32\Wbem;C:\WINDOWS\System32\WindowsPowerShell\v1.0\;C:\Program Files\Git\cmd;C:\Program Files\nodejs\;C:\Program Files\PuTTY\;C:\Users\jack1\AppData\Local\Microsoft\WindowsApps;C:\Users\jack1\AppData\Roaming\npm;C:\Users\jack1\AppData\Local\atom\bin;C:\adb;C:\WINDOWS\system32;C:\WINDOWS;C:\WINDOWS\System32\Wbem;C:\WINDOWS\System32\WindowsPowerShell\v1.0\;C:\WINDOWS\System32\OpenSSH\;C:\Users\jack1\Desktop\plathea-code-22-trunk\plathea-code-22-trunk\opencv-master\build\install_debug\x64\vc12\bin;C:\Users\jack1\AppData\Local\Microsoft\WindowsApps;C:\Users\jack1\AppData\Roaming\npm;C:\Users\jack1\AppData\Local\atom\bin;C:\Users\jack1\AppData\Local\Microsoft\WindowsApps;C:\Program Files\LLVM\bin;C:\ProgramData\jack1\atom\bin;C:\Program Files\Java\jdk1.8.0_181\bin;C:\Program Files\mingw-w64\x86_64-8.1.0-win32-seh-rt_v6-rev0\mingw64\bin;D:\Programmi\apache-maven-3.6.0-bin\apache-maven-3.6.0\bin;D:\github\plathea\LeoStormLibrary\LeoStormWindowsLib;D:\github\plathea\jaxrs-jersey-server-generated;
USERNAME=jack1
OS=Windows_NT
PROCESSOR_IDENTIFIER=Intel64 Family 6 Model 58 Stepping 9, GenuineIntel



---------------  S Y S T E M  ---------------

OS: Windows 10.0 , 64 bit Build 17134 (10.0.17134.1)

CPU:total 8 (initial active 8) (4 cores per cpu, 2 threads per core) family 6 model 58 stepping 9, cmov, cx8, fxsr, mmx, sse, sse2, sse3, ssse3, sse4.1, sse4.2, popcnt, avx, aes, clmul, erms, ht, tsc, tscinvbit, tscinv

Memory: 4k page, physical 16659944k(7762300k free), swap 19150312k(9231460k free)

vm_info: Java HotSpot(TM) 64-Bit Server VM (25.181-b13) for windows-amd64 JRE (1.8.0_181-b13), built on Jul  7 2018 04:01:33 by "java_re" with MS VC++ 10.0 (VS2010)

time: Sat Dec 08 10:57:02 2018
elapsed time: 217 seconds (0d 0h 3m 37s)

