#
# A fatal error has been detected by the Java Runtime Environment:
#
#  EXCEPTION_ACCESS_VIOLATION (0xc0000005) at pc=0x0000000052a44917, pid=1496, tid=0x0000000000004b28
#
# JRE version: Java(TM) SE Runtime Environment (8.0_181-b13) (build 1.8.0_181-b13)
# Java VM: Java HotSpot(TM) 64-Bit Server VM (25.181-b13 mixed mode windows-amd64 compressed oops)
# Problematic frame:
# V  [jvm.dll+0x214917]
#
# Failed to write core dump. Minidumps are not enabled by default on client versions of Windows
#
# If you would like to submit a bug report, please visit:
#   http://bugreport.java.com/bugreport/crash.jsp
#

---------------  T H R E A D  ---------------

Current thread (0x0000000023e4f000):  JavaThread "qtp994782211-15" [_thread_in_Java, id=19240, stack(0x00000000246f0000,0x00000000247f0000)]

siginfo: ExceptionCode=0xc0000005, reading address 0xffffffffffffffff

Registers:
RAX=0xccccccccffffffff, RBX=0x0000000031af5320, RCX=0x00000000247ec850, RDX=0x0000000000000002
RSP=0x00000000247ec588, RBP=0x00000000247ec690, RSI=0x0000000023e4f000, RDI=0x00000000ffffffff
R8 =0x0000000000000002, R9 =0x00000000247ec858, R10=0x00000000027b0827, R11=0x0000000000000008
R12=0x0000000023b25490, R13=0x0000000023e4f000, R14=0x00000000247ec628, R15=0x0000000031af5320
RIP=0x0000000052a44917, EFLAGS=0x0000000000010286

Top of Stack: (sp=0x00000000247ec588)
0x00000000247ec588:   0000000052a45805 0000000031af5320
0x00000000247ec598:   00000000247ec690 00000000226136b8
0x00000000247ec5a8:   0000000023e4f000 0000000023e4f000
0x00000000247ec5b8:   0000000052a678fd 00000000247ec730
0x00000000247ec5c8:   cccccccccccccccc 0000000031af5320
0x00000000247ec5d8:   0000000023e4f000 00000000027c3be0
0x00000000247ec5e8:   0000000052a672ab cccccccccccccccc
0x00000000247ec5f8:   cccccccccccccccc 00008ee05ceb66c5
0x00000000247ec608:   cccccccccccccccc 0000000000000000
0x00000000247ec618:   0000000031af5320 0000000023e4f000
0x00000000247ec628:   00000000226136b8 0000000031af5320
0x00000000247ec638:   0000000023e4f000 00000000247ec968
0x00000000247ec648:   cccccccccccccccc 0000000023e4f000
0x00000000247ec658:   000000002135c1a0 0000000031af5320
0x00000000247ec668:   000000076ee9e1b0 00000000247ece00
0x00000000247ec678:   00000000027c8c3b 00000000247ece70 

Instructions: (pc=0x0000000052a44917)
0x0000000052a448f7:   68 7e 30 66 0f 1f 44 00 00 48 8b 41 60 80 3c 02
0x0000000052a44907:   00 74 14 4c 8b 49 58 49 8b 04 d1 48 85 c0 74 03
0x0000000052a44917:   48 8b 00 49 89 04 d1 41 ff c0 48 ff c2 44 3b 41
0x0000000052a44927:   68 7c d6 48 8b 41 58 c3 cc 40 53 48 83 ec 20 80 


Register to memory mapping:

RAX=0xccccccccffffffff is an unknown value
RBX={method} {0x0000000031af5328} '<init>' '(Lio/core/InterfaceJNI;Ljava/lang/String;IIIILjava/lang/String;)V' in 'io/core/InterfaceJNI$TrackedPerson'
RCX=0x00000000247ec850 is pointing into the stack for thread: 0x0000000023e4f000
RDX=0x0000000000000002 is an unknown value
RSP=0x00000000247ec588 is pointing into the stack for thread: 0x0000000023e4f000
RBP=0x00000000247ec690 is pointing into the stack for thread: 0x0000000023e4f000
RSI=0x0000000023e4f000 is a thread
RDI=0x00000000ffffffff is an unknown value
R8 =0x0000000000000002 is an unknown value
R9 =0x00000000247ec858 is pointing into the stack for thread: 0x0000000023e4f000
R10=0x00000000027b0827 is at begin+0 in a stub
StubRoutines::call_stub [0x00000000027b0827, 0x00000000027b098b[ (356 bytes)
R11=0x0000000000000008 is an unknown value
R12=0x0000000023b25490 is an unknown value
R13=0x0000000023e4f000 is a thread
R14=0x00000000247ec628 is pointing into the stack for thread: 0x0000000023e4f000
R15={method} {0x0000000031af5328} '<init>' '(Lio/core/InterfaceJNI;Ljava/lang/String;IIIILjava/lang/String;)V' in 'io/core/InterfaceJNI$TrackedPerson'


Stack: [0x00000000246f0000,0x00000000247f0000],  sp=0x00000000247ec588,  free space=1009k
Native frames: (J=compiled Java code, j=interpreted, Vv=VM code, C=native code)
V  [jvm.dll+0x214917]


---------------  P R O C E S S  ---------------

Java Threads: ( => current thread )
  0x000000001f855800 JavaThread "Scheduler-104621433" [_thread_blocked, id=16440, stack(0x0000000031b20000,0x0000000031c20000)]
  0x000000001f858800 JavaThread "org.eclipse.jetty.server.session.HashSessionManager@2e674698Timer" daemon [_thread_blocked, id=20320, stack(0x000000002fee0000,0x000000002ffe0000)]
  0x000000001f853800 JavaThread "qtp994782211-26" [_thread_blocked, id=19528, stack(0x000000002e9b0000,0x000000002eab0000)]
  0x000000001f859800 JavaThread "qtp994782211-25-selector-ServerConnectorManager@4a2ca8e/1" [_thread_in_native, id=16836, stack(0x000000002b5f0000,0x000000002b6f0000)]
  0x000000001f85a000 JavaThread "qtp994782211-24" [_thread_blocked, id=18592, stack(0x00000000275b0000,0x00000000276b0000)]
  0x0000000021956000 JavaThread "qtp994782211-22-selector-ServerConnectorManager@4a2ca8e/3" [_thread_in_native, id=18628, stack(0x00000000271b0000,0x00000000272b0000)]
  0x0000000020591000 JavaThread "qtp994782211-21" [_thread_blocked, id=14188, stack(0x00000000270b0000,0x00000000271b0000)]
  0x0000000020f84000 JavaThread "qtp994782211-20-selector-ServerConnectorManager@4a2ca8e/2" [_thread_in_native, id=20364, stack(0x0000000025e80000,0x0000000025f80000)]
  0x0000000022a29000 JavaThread "qtp994782211-19" [_thread_blocked, id=16888, stack(0x0000000024af0000,0x0000000024bf0000)]
  0x0000000025012000 JavaThread "qtp994782211-18-acceptor-0@1a8fee9d-ServerConnector@358ddf61{HTTP/1.1}{0.0.0.0:8080}" [_thread_in_native, id=10528, stack(0x00000000249f0000,0x0000000024af0000)]
  0x0000000021285000 JavaThread "qtp994782211-16-selector-ServerConnectorManager@4a2ca8e/0" [_thread_in_native, id=11436, stack(0x00000000247f0000,0x00000000248f0000)]
=>0x0000000023e4f000 JavaThread "qtp994782211-15" [_thread_in_Java, id=19240, stack(0x00000000246f0000,0x00000000247f0000)]
  0x0000000021e09000 JavaThread "ShutdownMonitor" daemon [_thread_in_native, id=19784, stack(0x0000000022c30000,0x0000000022d30000)]
  0x000000001e17b000 JavaThread "Service Thread" daemon [_thread_blocked, id=9088, stack(0x000000001ecc0000,0x000000001edc0000)]
  0x000000001e0e5800 JavaThread "C1 CompilerThread3" daemon [_thread_blocked, id=20268, stack(0x000000001ebc0000,0x000000001ecc0000)]
  0x000000001e0e1800 JavaThread "C2 CompilerThread2" daemon [_thread_blocked, id=12856, stack(0x000000001eac0000,0x000000001ebc0000)]
  0x000000001e0e0800 JavaThread "C2 CompilerThread1" daemon [_thread_blocked, id=15448, stack(0x000000001e9c0000,0x000000001eac0000)]
  0x000000001e0dc000 JavaThread "C2 CompilerThread0" daemon [_thread_blocked, id=11600, stack(0x000000001e8c0000,0x000000001e9c0000)]
  0x000000001e0d9800 JavaThread "Attach Listener" daemon [_thread_blocked, id=7484, stack(0x000000001e7c0000,0x000000001e8c0000)]
  0x000000001c1de000 JavaThread "Signal Dispatcher" daemon [_thread_blocked, id=10072, stack(0x000000001e6c0000,0x000000001e7c0000)]
  0x000000001e0d0800 JavaThread "Finalizer" daemon [_thread_blocked, id=18388, stack(0x000000001e4b0000,0x000000001e5b0000)]
  0x00000000027a8000 JavaThread "Reference Handler" daemon [_thread_blocked, id=18316, stack(0x000000001dfb0000,0x000000001e0b0000)]
  0x00000000026b2800 JavaThread "main" [_thread_blocked, id=8232, stack(0x0000000002500000,0x0000000002600000)]

Other Threads:
  0x000000001c1ca000 VMThread [stack: 0x000000001deb0000,0x000000001dfb0000] [id=20356]
  0x000000001e17e000 WatcherThread [stack: 0x000000001edc0000,0x000000001eec0000] [id=12848]

VM state:not at safepoint (normal execution)

VM Mutex/Monitor currently owned by a thread: None

Heap:
 PSYoungGen      total 217600K, used 75115K [0x000000076b400000, 0x000000077b300000, 0x00000007c0000000)
  eden space 175104K, 42% used [0x000000076b400000,0x000000076fd5ad98,0x0000000775f00000)
  from space 42496K, 0% used [0x0000000778900000,0x0000000778900000,0x000000077b280000)
  to   space 43008K, 0% used [0x0000000775f00000,0x0000000775f00000,0x0000000778900000)
 ParOldGen       total 171520K, used 28313K [0x00000006c1c00000, 0x00000006cc380000, 0x000000076b400000)
  object space 171520K, 16% used [0x00000006c1c00000,0x00000006c37a6478,0x00000006cc380000)
 Metaspace       used 43217K, capacity 44750K, committed 44928K, reserved 1089536K
  class space    used 5145K, capacity 5493K, committed 5504K, reserved 1048576K

Card table byte_map: [0x0000000011b70000,0x0000000012370000] byte_map_base: 0x000000000e562000

Marking Bits: (ParMarkBitMap*) 0x0000000053052d00
 Begin Bits: [0x00000000130c0000, 0x0000000017050000)
 End Bits:   [0x0000000017050000, 0x000000001afe0000)

Polling page: 0x0000000000610000

CodeCache: size=245760Kb used=22890Kb max_used=22949Kb free=222869Kb
 bounds [0x00000000027b0000, 0x0000000003e40000, 0x00000000117b0000]
 total_blobs=6766 nmethods=6273 adapters=405
 compilation: enabled

Compilation events (10 events):
Event: 190.977 Thread 0x000000001e0e5800 nmethod 7383 0x00000000029945d0 code [0x0000000002994740, 0x0000000002994a48]
Event: 190.977 Thread 0x000000001e0e5800 7386       1       org.glassfish.jersey.server.internal.routing.RoutingStage$RoutingResult::access$000 (5 bytes)
Event: 190.977 Thread 0x000000001e0e5800 nmethod 7386 0x0000000002994310 code [0x0000000002994460, 0x0000000002994550]
Event: 190.977 Thread 0x000000001e0e5800 7385       1       org.glassfish.jersey.server.internal.process.RequestProcessingContext::routingContext (5 bytes)
Event: 190.978 Thread 0x000000001e0e5800 nmethod 7385 0x0000000002994050 code [0x00000000029941a0, 0x00000000029942b0]
Event: 190.978 Thread 0x000000001e0e5800 7387       1       org.glassfish.jersey.server.internal.routing.Router$Continuation::next (5 bytes)
Event: 190.978 Thread 0x000000001e0e5800 nmethod 7387 0x0000000002993d90 code [0x0000000002993ee0, 0x0000000002993ff0]
Event: 190.978 Thread 0x000000001e0e5800 7388       3       sun.reflect.ByteVectorImpl::put (27 bytes)
Event: 190.978 Thread 0x000000001e0e5800 nmethod 7388 0x00000000029938d0 code [0x0000000002993a40, 0x0000000002993c68]
Event: 190.978 Thread 0x000000001e0e5800 7389       3       org.jvnet.hk2.internal.ServiceLocatorImpl::internalGetService (185 bytes)

GC Heap History (10 events):
Event: 9.060 GC heap before
{Heap before GC invocations=8 (full 1):
 PSYoungGen      total 104448K, used 104427K [0x000000076b400000, 0x0000000772b80000, 0x00000007c0000000)
  eden space 90624K, 100% used [0x000000076b400000,0x0000000770c80000,0x0000000770c80000)
  from space 13824K, 99% used [0x0000000771b80000,0x00000007728faf00,0x0000000772900000)
  to   space 15360K, 0% used [0x0000000770c80000,0x0000000770c80000,0x0000000771b80000)
 ParOldGen       total 117760K, used 15122K [0x00000006c1c00000, 0x00000006c8f00000, 0x000000076b400000)
  object space 117760K, 12% used [0x00000006c1c00000,0x00000006c2ac4900,0x00000006c8f00000)
 Metaspace       used 28571K, capacity 29392K, committed 29696K, reserved 1075200K
  class space    used 3259K, capacity 3461K, committed 3584K, reserved 1048576K
Event: 9.093 GC heap after
Heap after GC invocations=8 (full 1):
 PSYoungGen      total 105984K, used 15359K [0x000000076b400000, 0x0000000776080000, 0x00000007c0000000)
  eden space 90624K, 0% used [0x000000076b400000,0x000000076b400000,0x0000000770c80000)
  from space 15360K, 99% used [0x0000000770c80000,0x0000000771b7fea0,0x0000000771b80000)
  to   space 21504K, 0% used [0x0000000774b80000,0x0000000774b80000,0x0000000776080000)
 ParOldGen       total 117760K, used 24723K [0x00000006c1c00000, 0x00000006c8f00000, 0x000000076b400000)
  object space 117760K, 20% used [0x00000006c1c00000,0x00000006c3424fe0,0x00000006c8f00000)
 Metaspace       used 28571K, capacity 29392K, committed 29696K, reserved 1075200K
  class space    used 3259K, capacity 3461K, committed 3584K, reserved 1048576K
}
Event: 9.599 GC heap before
{Heap before GC invocations=9 (full 1):
 PSYoungGen      total 105984K, used 105983K [0x000000076b400000, 0x0000000776080000, 0x00000007c0000000)
  eden space 90624K, 100% used [0x000000076b400000,0x0000000770c80000,0x0000000770c80000)
  from space 15360K, 99% used [0x0000000770c80000,0x0000000771b7fea0,0x0000000771b80000)
  to   space 21504K, 0% used [0x0000000774b80000,0x0000000774b80000,0x0000000776080000)
 ParOldGen       total 117760K, used 24735K [0x00000006c1c00000, 0x00000006c8f00000, 0x000000076b400000)
  object space 117760K, 21% used [0x00000006c1c00000,0x00000006c3427e58,0x00000006c8f00000)
 Metaspace       used 28586K, capacity 29392K, committed 29696K, reserved 1075200K
  class space    used 3259K, capacity 3461K, committed 3584K, reserved 1048576K
Event: 9.671 GC heap after
Heap after GC invocations=9 (full 1):
 PSYoungGen      total 143872K, used 21498K [0x000000076b400000, 0x0000000778d80000, 0x00000007c0000000)
  eden space 122368K, 0% used [0x000000076b400000,0x000000076b400000,0x0000000772b80000)
  from space 21504K, 99% used [0x0000000774b80000,0x000000077607e9d0,0x0000000776080000)
  to   space 32768K, 0% used [0x0000000772b80000,0x0000000772b80000,0x0000000774b80000)
 ParOldGen       total 117760K, used 44364K [0x00000006c1c00000, 0x00000006c8f00000, 0x000000076b400000)
  object space 117760K, 37% used [0x00000006c1c00000,0x00000006c47531a0,0x00000006c8f00000)
 Metaspace       used 28586K, capacity 29392K, committed 29696K, reserved 1075200K
  class space    used 3259K, capacity 3461K, committed 3584K, reserved 1048576K
}
Event: 11.072 GC heap before
{Heap before GC invocations=10 (full 1):
 PSYoungGen      total 143872K, used 143866K [0x000000076b400000, 0x0000000778d80000, 0x00000007c0000000)
  eden space 122368K, 100% used [0x000000076b400000,0x0000000772b80000,0x0000000772b80000)
  from space 21504K, 99% used [0x0000000774b80000,0x000000077607e9d0,0x0000000776080000)
  to   space 32768K, 0% used [0x0000000772b80000,0x0000000772b80000,0x0000000774b80000)
 ParOldGen       total 117760K, used 44369K [0x00000006c1c00000, 0x00000006c8f00000, 0x000000076b400000)
  object space 117760K, 37% used [0x00000006c1c00000,0x00000006c4754570,0x00000006c8f00000)
 Metaspace       used 33244K, capacity 34414K, committed 34688K, reserved 1079296K
  class space    used 3887K, capacity 4186K, committed 4224K, reserved 1048576K
Event: 11.121 GC heap after
Heap after GC invocations=10 (full 1):
 PSYoungGen      total 155136K, used 32767K [0x000000076b400000, 0x000000077b280000, 0x00000007c0000000)
  eden space 122368K, 0% used [0x000000076b400000,0x000000076b400000,0x0000000772b80000)
  from space 32768K, 99% used [0x0000000772b80000,0x0000000774b7fd38,0x0000000774b80000)
  to   space 42496K, 0% used [0x0000000778900000,0x0000000778900000,0x000000077b280000)
 ParOldGen       total 117760K, used 57299K [0x00000006c1c00000, 0x00000006c8f00000, 0x000000076b400000)
  object space 117760K, 48% used [0x00000006c1c00000,0x00000006c53f4f70,0x00000006c8f00000)
 Metaspace       used 33244K, capacity 34414K, committed 34688K, reserved 1079296K
  class space    used 3887K, capacity 4186K, committed 4224K, reserved 1048576K
}
Event: 11.297 GC heap before
{Heap before GC invocations=11 (full 1):
 PSYoungGen      total 155136K, used 42004K [0x000000076b400000, 0x000000077b280000, 0x00000007c0000000)
  eden space 122368K, 7% used [0x000000076b400000,0x000000076bd05600,0x0000000772b80000)
  from space 32768K, 99% used [0x0000000772b80000,0x0000000774b7fd38,0x0000000774b80000)
  to   space 42496K, 0% used [0x0000000778900000,0x0000000778900000,0x000000077b280000)
 ParOldGen       total 117760K, used 57299K [0x00000006c1c00000, 0x00000006c8f00000, 0x000000076b400000)
  object space 117760K, 48% used [0x00000006c1c00000,0x00000006c53f4f70,0x00000006c8f00000)
 Metaspace       used 34112K, capacity 35314K, committed 35496K, reserved 1081344K
  class space    used 4029K, capacity 4324K, committed 4352K, reserved 1048576K
Event: 11.304 GC heap after
Heap after GC invocations=11 (full 1):
 PSYoungGen      total 217600K, used 3688K [0x000000076b400000, 0x000000077b300000, 0x00000007c0000000)
  eden space 175104K, 0% used [0x000000076b400000,0x000000076b400000,0x0000000775f00000)
  from space 42496K, 8% used [0x0000000778900000,0x0000000778c9a140,0x000000077b280000)
  to   space 43008K, 0% used [0x0000000775f00000,0x0000000775f00000,0x0000000778900000)
 ParOldGen       total 117760K, used 60194K [0x00000006c1c00000, 0x00000006c8f00000, 0x000000076b400000)
  object space 117760K, 51% used [0x00000006c1c00000,0x00000006c56c8a48,0x00000006c8f00000)
 Metaspace       used 34112K, capacity 35314K, committed 35496K, reserved 1081344K
  class space    used 4029K, capacity 4324K, committed 4352K, reserved 1048576K
}
Event: 11.304 GC heap before
{Heap before GC invocations=12 (full 2):
 PSYoungGen      total 217600K, used 3688K [0x000000076b400000, 0x000000077b300000, 0x00000007c0000000)
  eden space 175104K, 0% used [0x000000076b400000,0x000000076b400000,0x0000000775f00000)
  from space 42496K, 8% used [0x0000000778900000,0x0000000778c9a140,0x000000077b280000)
  to   space 43008K, 0% used [0x0000000775f00000,0x0000000775f00000,0x0000000778900000)
 ParOldGen       total 117760K, used 60194K [0x00000006c1c00000, 0x00000006c8f00000, 0x000000076b400000)
  object space 117760K, 51% used [0x00000006c1c00000,0x00000006c56c8a48,0x00000006c8f00000)
 Metaspace       used 34112K, capacity 35314K, committed 35496K, reserved 1081344K
  class space    used 4029K, capacity 4324K, committed 4352K, reserved 1048576K
Event: 11.367 GC heap after
Heap after GC invocations=12 (full 2):
 PSYoungGen      total 217600K, used 0K [0x000000076b400000, 0x000000077b300000, 0x00000007c0000000)
  eden space 175104K, 0% used [0x000000076b400000,0x000000076b400000,0x0000000775f00000)
  from space 42496K, 0% used [0x0000000778900000,0x0000000778900000,0x000000077b280000)
  to   space 43008K, 0% used [0x0000000775f00000,0x0000000775f00000,0x0000000778900000)
 ParOldGen       total 171520K, used 28313K [0x00000006c1c00000, 0x00000006cc380000, 0x000000076b400000)
  object space 171520K, 16% used [0x00000006c1c00000,0x00000006c37a6478,0x00000006cc380000)
 Metaspace       used 34112K, capacity 35314K, committed 35496K, reserved 1081344K
  class space    used 4029K, capacity 4324K, committed 4352K, reserved 1048576K
}

Deoptimization events (10 events):
Event: 165.568 Thread 0x000000001f85a000 Uncommon trap: reason=unstable_if action=reinterpret pc=0x0000000002d7cf80 method=java.lang.StringCoding.decode(Ljava/lang/String;[BII)[C @ 51
Event: 165.568 Thread 0x000000001f85a000 Uncommon trap: reason=class_check action=maybe_recompile pc=0x0000000003438ff4 method=java.lang.StringCoding$StringDecoder.decode([BII)[C @ 30
Event: 165.568 Thread 0x000000001f85a000 Uncommon trap: reason=class_check action=maybe_recompile pc=0x0000000003438ff4 method=java.lang.StringCoding$StringDecoder.decode([BII)[C @ 30
Event: 166.304 Thread 0x000000001f85a000 Uncommon trap: reason=speculate_class_check action=maybe_recompile pc=0x0000000003d46984 method=java.util.AbstractList.listIterator()Ljava/util/ListIterator; @ 2
Event: 168.281 Thread 0x0000000022a29000 Uncommon trap: reason=class_check action=maybe_recompile pc=0x0000000002ec3374 method=java.util.Collections$UnmodifiableMap$UnmodifiableEntrySet$1.next()Ljava/util/Map$Entry; @ 8
Event: 168.281 Thread 0x0000000022a29000 Uncommon trap: reason=class_check action=maybe_recompile pc=0x0000000002ec4988 method=java.util.Collections$UnmodifiableMap$UnmodifiableEntrySet$UnmodifiableEntry.getKey()Ljava/lang/Object; @ 4
Event: 168.282 Thread 0x0000000022a29000 Uncommon trap: reason=class_check action=maybe_recompile pc=0x000000000302b988 method=java.util.Collections$UnmodifiableMap$UnmodifiableEntrySet$UnmodifiableEntry.getValue()Ljava/lang/Object; @ 4
Event: 170.635 Thread 0x0000000023e4f000 Uncommon trap: reason=class_check action=maybe_recompile pc=0x0000000002ec3374 method=java.util.Collections$UnmodifiableMap$UnmodifiableEntrySet$1.next()Ljava/util/Map$Entry; @ 8
Event: 170.635 Thread 0x0000000023e4f000 Uncommon trap: reason=class_check action=maybe_recompile pc=0x0000000002ec4988 method=java.util.Collections$UnmodifiableMap$UnmodifiableEntrySet$UnmodifiableEntry.getKey()Ljava/lang/Object; @ 4
Event: 170.635 Thread 0x0000000023e4f000 Uncommon trap: reason=class_check action=maybe_recompile pc=0x000000000302b988 method=java.util.Collections$UnmodifiableMap$UnmodifiableEntrySet$UnmodifiableEntry.getValue()Ljava/lang/Object; @ 4

Classes redefined (0 events):
No events

Internal exceptions (10 events):
Event: 8.813 Thread 0x00000000026b2800 Exception <a 'java/lang/ClassNotFoundException': sun/net/www/protocol/c/Handler> (0x000000076f20a690) thrown at [C:\re\workspace\8-2-build-windows-amd64-cygwin\jdk8u181\11358\hotspot\src\share\vm\classfile\systemDictionary.cpp, line 210]
Event: 8.897 Thread 0x0000000020f84000 Implicit null exception at 0x0000000003414959 to 0x000000000341513d
Event: 8.897 Thread 0x0000000022a29000 Implicit null exception at 0x0000000003414959 to 0x000000000341513d
Event: 8.897 Thread 0x00000000210ae800 Implicit null exception at 0x0000000003414959 to 0x000000000341513d
Event: 8.897 Thread 0x0000000025012000 Implicit null exception at 0x000000000341164c to 0x0000000003411d49
Event: 10.797 Thread 0x00000000026b2800 Exception <a 'java/lang/NoSuchFieldError': method resolution failed> (0x000000077177e690) thrown at [C:\re\workspace\8-2-build-windows-amd64-cygwin\jdk8u181\11358\hotspot\src\share\vm\prims\methodHandles.cpp, line 1167]
Event: 10.799 Thread 0x00000000026b2800 Exception <a 'java/lang/NoSuchFieldError': method resolution failed> (0x000000077178c120) thrown at [C:\re\workspace\8-2-build-windows-amd64-cygwin\jdk8u181\11358\hotspot\src\share\vm\prims\methodHandles.cpp, line 1167]
Event: 11.555 Thread 0x00000000026b2800 Exception <a 'java/lang/NoSuchMethodError': java.lang.Object.lambda$and$0(Ljava/util/function/Predicate;Ljava/lang/Object;)Z> (0x000000076c13c360) thrown at [C:\re\workspace\8-2-build-windows-amd64-cygwin\jdk8u181\11358\hotspot\src\share\vm\interpreter\li
Event: 11.620 Thread 0x00000000026b2800 Exception <a 'java/lang/NoSuchMethodError': java.lang.Object.lambda$comparingInt$7b0bb60$1(Ljava/util/function/ToIntFunction;Ljava/lang/Object;Ljava/lang/Object;)I> (0x000000076c4ba168) thrown at [C:\re\workspace\8-2-build-windows-amd64-cygwin\jdk8u181\11
Event: 35.030 Thread 0x0000000022a29000 Implicit null exception at 0x000000000380c139 to 0x000000000380c4a9

Events (10 events):
Event: 168.282 Thread 0x0000000022a29000 DEOPT UNPACKING pc=0x00000000027f583b sp=0x0000000024bed470 mode 2
Event: 170.635 Thread 0x0000000023e4f000 Uncommon trap: trap_request=0xffffffde fr.pc=0x0000000002ec3374
Event: 170.635 Thread 0x0000000023e4f000 DEOPT PACKING pc=0x0000000002ec3374 sp=0x00000000247ece90
Event: 170.635 Thread 0x0000000023e4f000 DEOPT UNPACKING pc=0x00000000027f583b sp=0x00000000247ecdd8 mode 2
Event: 170.635 Thread 0x0000000023e4f000 Uncommon trap: trap_request=0xffffffde fr.pc=0x0000000002ec4988
Event: 170.635 Thread 0x0000000023e4f000 DEOPT PACKING pc=0x0000000002ec4988 sp=0x00000000247eceb0
Event: 170.635 Thread 0x0000000023e4f000 DEOPT UNPACKING pc=0x00000000027f583b sp=0x00000000247ece40 mode 2
Event: 170.635 Thread 0x0000000023e4f000 Uncommon trap: trap_request=0xffffffde fr.pc=0x000000000302b988
Event: 170.635 Thread 0x0000000023e4f000 DEOPT PACKING pc=0x000000000302b988 sp=0x00000000247eceb0
Event: 170.635 Thread 0x0000000023e4f000 DEOPT UNPACKING pc=0x00000000027f583b sp=0x00000000247ece40 mode 2


Dynamic libraries:
0x00007ff77a250000 - 0x00007ff77a287000 	C:\Program Files\Java\jdk1.8.0_181\bin\java.exe
0x00007ff8234d0000 - 0x00007ff8236b1000 	C:\WINDOWS\SYSTEM32\ntdll.dll
0x00007ff823160000 - 0x00007ff823212000 	C:\WINDOWS\System32\KERNEL32.DLL
0x00007ff81faa0000 - 0x00007ff81fd13000 	C:\WINDOWS\System32\KERNELBASE.dll
0x00007ff8227b0000 - 0x00007ff822851000 	C:\WINDOWS\System32\ADVAPI32.dll
0x00007ff822710000 - 0x00007ff8227ae000 	C:\WINDOWS\System32\msvcrt.dll
0x00007ff822580000 - 0x00007ff8225db000 	C:\WINDOWS\System32\sechost.dll
0x00007ff8225e0000 - 0x00007ff822704000 	C:\WINDOWS\System32\RPCRT4.dll
0x00007ff823220000 - 0x00007ff8233b0000 	C:\WINDOWS\System32\USER32.dll
0x00007ff81fd70000 - 0x00007ff81fd90000 	C:\WINDOWS\System32\win32u.dll
0x00007ff822550000 - 0x00007ff822578000 	C:\WINDOWS\System32\GDI32.dll
0x00007ff820690000 - 0x00007ff820822000 	C:\WINDOWS\System32\gdi32full.dll
0x00007ff81f900000 - 0x00007ff81f99f000 	C:\WINDOWS\System32\msvcp_win.dll
0x00007ff81f9a0000 - 0x00007ff81fa9a000 	C:\WINDOWS\System32\ucrtbase.dll
0x00007ff8168f0000 - 0x00007ff816b59000 	C:\WINDOWS\WinSxS\amd64_microsoft.windows.common-controls_6595b64144ccf1df_6.0.17134.407_none_fb449d63306391e9\COMCTL32.dll
0x00007ff822020000 - 0x00007ff822342000 	C:\WINDOWS\System32\combase.dll
0x00007ff820830000 - 0x00007ff8208aa000 	C:\WINDOWS\System32\bcryptPrimitives.dll
0x00007ff822f00000 - 0x00007ff822f2d000 	C:\WINDOWS\System32\IMM32.DLL
0x0000000052370000 - 0x0000000052442000 	C:\Program Files\Java\jdk1.8.0_181\jre\bin\msvcr100.dll
0x0000000052830000 - 0x00000000530d2000 	C:\Program Files\Java\jdk1.8.0_181\jre\bin\server\jvm.dll
0x00007ff822860000 - 0x00007ff822868000 	C:\WINDOWS\System32\PSAPI.DLL
0x00007ff816720000 - 0x00007ff816729000 	C:\WINDOWS\SYSTEM32\WSOCK32.dll
0x00007ff81c680000 - 0x00007ff81c6a3000 	C:\WINDOWS\SYSTEM32\WINMM.dll
0x00007ff81bb00000 - 0x00007ff81bb0a000 	C:\WINDOWS\SYSTEM32\VERSION.dll
0x00007ff823430000 - 0x00007ff82349c000 	C:\WINDOWS\System32\WS2_32.dll
0x00007ff81c650000 - 0x00007ff81c67a000 	C:\WINDOWS\SYSTEM32\WINMMBASE.dll
0x00007ff81fd20000 - 0x00007ff81fd69000 	C:\WINDOWS\System32\cfgmgr32.dll
0x0000000053ec0000 - 0x0000000053ecf000 	C:\Program Files\Java\jdk1.8.0_181\jre\bin\verify.dll
0x0000000053e90000 - 0x0000000053eb9000 	C:\Program Files\Java\jdk1.8.0_181\jre\bin\java.dll
0x0000000053e70000 - 0x0000000053e86000 	C:\Program Files\Java\jdk1.8.0_181\jre\bin\zip.dll
0x00007ff820960000 - 0x00007ff821d9f000 	C:\WINDOWS\System32\SHELL32.dll
0x00007ff822870000 - 0x00007ff822919000 	C:\WINDOWS\System32\shcore.dll
0x00007ff81fd90000 - 0x00007ff82049d000 	C:\WINDOWS\System32\windows.storage.dll
0x00007ff821fb0000 - 0x00007ff822001000 	C:\WINDOWS\System32\shlwapi.dll
0x00007ff81f820000 - 0x00007ff81f831000 	C:\WINDOWS\System32\kernel.appcore.dll
0x00007ff81f800000 - 0x00007ff81f81f000 	C:\WINDOWS\System32\profapi.dll
0x00007ff81f850000 - 0x00007ff81f89c000 	C:\WINDOWS\System32\powrprof.dll
0x00007ff81f840000 - 0x00007ff81f84a000 	C:\WINDOWS\System32\FLTLIB.DLL
0x00007ff81ba40000 - 0x00007ff81ba4a000 	D:\Programmi\apache-maven-3.6.0-bin\apache-maven-3.6.0\lib\jansi-native\windows64\jansi.dll
0x00000000533d0000 - 0x00000000533ea000 	C:\Program Files\Java\jdk1.8.0_181\jre\bin\net.dll
0x00007ff81f050000 - 0x00007ff81f0b6000 	C:\WINDOWS\system32\mswsock.dll
0x0000000052810000 - 0x0000000052821000 	C:\Program Files\Java\jdk1.8.0_181\jre\bin\nio.dll
0x0000000052760000 - 0x000000005276d000 	C:\Program Files\Java\jdk1.8.0_181\jre\bin\management.dll
0x00007ff81f220000 - 0x00007ff81f237000 	C:\WINDOWS\SYSTEM32\CRYPTSP.dll
0x00007ff81ec40000 - 0x00007ff81ec73000 	C:\WINDOWS\system32\rsaenh.dll
0x00007ff81f340000 - 0x00007ff81f365000 	C:\WINDOWS\SYSTEM32\bcrypt.dll
0x00007ff81f710000 - 0x00007ff81f738000 	C:\WINDOWS\SYSTEM32\USERENV.dll
0x00007ff81f210000 - 0x00007ff81f21b000 	C:\WINDOWS\SYSTEM32\CRYPTBASE.dll
0x00007ff81ede0000 - 0x00007ff81ee18000 	C:\WINDOWS\SYSTEM32\IPHLPAPI.DLL
0x00007ff822010000 - 0x00007ff822018000 	C:\WINDOWS\System32\NSI.dll
0x00007ff818110000 - 0x00007ff818126000 	C:\WINDOWS\SYSTEM32\dhcpcsvc6.DLL
0x00007ff8172d0000 - 0x00007ff8172ea000 	C:\WINDOWS\SYSTEM32\dhcpcsvc.DLL
0x00007ff80aa50000 - 0x00007ff80aa86000 	D:\github\plathea\jaxrs-jersey-server-generated\src\main\java\io\core\InterfaceJNI_DLL.dll
0x00007ffff0f80000 - 0x00007ffff0fa1000 	C:\WINDOWS\SYSTEM32\VCRUNTIME140D.dll
0x00007fffb9420000 - 0x00007fffb9514000 	C:\WINDOWS\SYSTEM32\MSVCP140D.dll
0x00007fffba680000 - 0x00007fffba83d000 	C:\WINDOWS\SYSTEM32\ucrtbased.dll
0x00007fffb6cc0000 - 0x00007fffb709a000 	D:\github\plathea\jaxrs-jersey-server-generated\PlatheaDLL.dll
0x00007ff822d70000 - 0x00007ff822e5d000 	C:\WINDOWS\System32\COMDLG32.dll
0x00007ff823000000 - 0x00007ff823151000 	C:\WINDOWS\System32\ole32.dll
0x00007fffb9310000 - 0x00007fffb9418000 	D:\github\plathea\jaxrs-jersey-server-generated\opencv_video310d.dll
0x00007fffb2680000 - 0x00007fffb361e000 	D:\github\plathea\jaxrs-jersey-server-generated\opencv_core310d.dll
0x00007fffb8b80000 - 0x00007fffb8d2c000 	D:\github\plathea\jaxrs-jersey-server-generated\opencv_ml310d.dll
0x00007fffdd070000 - 0x00007fffdd0d6000 	D:\github\plathea\jaxrs-jersey-server-generated\opencv_highgui310d.dll
0x00007fffb5230000 - 0x00007fffb5604000 	D:\github\plathea\jaxrs-jersey-server-generated\opencv_calib3d310d.dll
0x00007fffae910000 - 0x00007fffb0adb000 	D:\github\plathea\jaxrs-jersey-server-generated\opencv_imgproc310d.dll
0x00007fffb24e0000 - 0x00007fffb2674000 	D:\github\plathea\jaxrs-jersey-server-generated\opencv_objdetect310d.dll
0x00007fffb9250000 - 0x00007fffb9306000 	C:\WINDOWS\SYSTEM32\CONCRT140D.dll
0x00007fffb7500000 - 0x00007fffb75b2000 	D:\github\plathea\jaxrs-jersey-server-generated\opencv_videoio310d.dll
0x00007ff822f30000 - 0x00007ff822ff2000 	C:\WINDOWS\System32\OLEAUT32.dll
0x00007fffb1f80000 - 0x00007fffb24de000 	D:\github\plathea\jaxrs-jersey-server-generated\opencv_imgcodecs310d.dll
0x00007fffb1d50000 - 0x00007fffb1f75000 	D:\github\plathea\jaxrs-jersey-server-generated\opencv_features2d310d.dll
0x00007fffecb40000 - 0x00007fffecb69000 	C:\WINDOWS\SYSTEM32\MSVFW32.dll
0x00007ffff0f60000 - 0x00007ffff0f7f000 	C:\WINDOWS\SYSTEM32\AVIFIL32.dll
0x00007ffff0f20000 - 0x00007ffff0f38000 	C:\WINDOWS\SYSTEM32\AVICAP32.dll
0x00007ffff9090000 - 0x00007ffff90ac000 	C:\WINDOWS\SYSTEM32\MSACM32.dll
0x00007fffb1bd0000 - 0x00007fffb1d4d000 	D:\github\plathea\jaxrs-jersey-server-generated\opencv_flann310d.dll
0x00007fffba2d0000 - 0x00007fffba355000 	C:\WINDOWS\SYSTEM32\OpenCL.dll
0x00007fffad2e0000 - 0x00007fffae90d000 	C:\WINDOWS\System32\nvopencl.dll
0x00007ff822920000 - 0x00007ff822d6b000 	C:\WINDOWS\System32\SETUPAPI.dll
0x00007fffb5110000 - 0x00007fffb522f000 	C:\WINDOWS\SYSTEM32\nvfatbinaryLoader.dll
0x00007ff81dce0000 - 0x00007ff81dd78000 	C:\WINDOWS\system32\uxtheme.dll
0x00007ff81f5f0000 - 0x00007ff81f617000 	C:\WINDOWS\SYSTEM32\DEVOBJ.dll
0x00007ff81f8a0000 - 0x00007ff81f8f7000 	C:\WINDOWS\System32\WINTRUST.dll
0x00007ff81f7e0000 - 0x00007ff81f7f2000 	C:\WINDOWS\System32\MSASN1.dll
0x00007ff8204a0000 - 0x00007ff820682000 	C:\WINDOWS\System32\CRYPT32.dll
0x00007ff816de0000 - 0x00007ff817260000 	C:\WINDOWS\system32\nvapi64.dll
0x00007ff81e5a0000 - 0x00007ff81e65b000 	C:\WINDOWS\SYSTEM32\dxgi.dll
0x00007fffbcc70000 - 0x00007fffbccd2000 	C:\WINDOWS\SYSTEM32\IntelOpenCL64.dll
0x00007fffb1ad0000 - 0x00007fffb1bcd000 	C:\Program Files (x86)\Common Files\Intel\OpenCL\bin\x64\intelocl64.dll
0x00007ffffc6e0000 - 0x00007ffffc800000 	C:\WINDOWS\SYSTEM32\OPENGL32.dll
0x00007fffbc830000 - 0x00007fffbc8a6000 	C:\Program Files (x86)\Common Files\Intel\OpenCL\bin\x64\task_executor64.dll
0x00007ffffc650000 - 0x00007ffffc67c000 	C:\WINDOWS\SYSTEM32\GLU32.dll
0x00007ff81e8d0000 - 0x00007ff81e901000 	C:\WINDOWS\SYSTEM32\ntmarta.dll
0x00007fffb9090000 - 0x00007fffb9125000 	C:\Program Files (x86)\Common Files\Intel\OpenCL\bin\x64\cpu_device64.dll
0x00007fffbcb80000 - 0x00007fffbcbe9000 	C:\Program Files (x86)\Common Files\Intel\OpenCL\bin\x64\tbb\tbb.dll
0x00007fffb18d0000 - 0x00007fffb1ac4000 	C:\WINDOWS\SYSTEM32\igdrcl64.dll
0x00007fffabcf0000 - 0x00007fffad2d2000 	C:\WINDOWS\SYSTEM32\igdfcl64.dll
0x00007ff811490000 - 0x00007ff811659000 	C:\WINDOWS\SYSTEM32\dbghelp.dll
0x00007fffd3870000 - 0x00007fffd38cf000 	C:\WINDOWS\SYSTEM32\igdbcl64.dll
0x00007ff818e00000 - 0x00007ff819264000 	C:\WINDOWS\SYSTEM32\igdusc64.dll
0x0000000066840000 - 0x0000000067b0b000 	D:\github\plathea\jaxrs-jersey-server-generated\opencv_ffmpeg310_64.dll

VM Arguments:
jvm_args: -Dclassworlds.conf=D:\Programmi\apache-maven-3.6.0-bin\apache-maven-3.6.0\bin\..\bin\m2.conf -Dmaven.home=D:\Programmi\apache-maven-3.6.0-bin\apache-maven-3.6.0\bin\.. -Dlibrary.jansi.path=D:\Programmi\apache-maven-3.6.0-bin\apache-maven-3.6.0\bin\..\lib\jansi-native -Dmaven.multiModuleProjectDirectory=D:\github\plathea\jaxrs-jersey-server-generated 
java_command: org.codehaus.plexus.classworlds.launcher.Launcher clean package jetty:run
java_class_path (initial): D:\Programmi\apache-maven-3.6.0-bin\apache-maven-3.6.0\bin\..\boot\plexus-classworlds-2.5.2.jar
Launcher Type: SUN_STANDARD

Environment Variables:
JAVA_HOME=C:\Program Files\Java\jdk1.8.0_181
PATH=C:\Program Files (x86)\Common Files\Oracle\Java\javapath;C:\Users\jack1\Desktop\plathea-code-22-trunk\plathea-code-22-trunk\opencv-master\build\install_release\x64\vc12\bin;C:\WINDOWS\system32;C:\WINDOWS;C:\WINDOWS\System32\Wbem;C:\WINDOWS\System32\WindowsPowerShell\v1.0\;C:\Program Files\Git\cmd;C:\Program Files\nodejs\;C:\Program Files\PuTTY\;C:\Users\jack1\AppData\Local\Microsoft\WindowsApps;C:\Users\jack1\AppData\Roaming\npm;C:\Users\jack1\AppData\Local\atom\bin;C:\adb;C:\WINDOWS\system32;C:\WINDOWS;C:\WINDOWS\System32\Wbem;C:\WINDOWS\System32\WindowsPowerShell\v1.0\;C:\WINDOWS\System32\OpenSSH\;C:\Users\jack1\Desktop\plathea-code-22-trunk\plathea-code-22-trunk\opencv-master\build\install_debug\x64\vc12\bin;C:\Users\jack1\AppData\Local\Microsoft\WindowsApps;C:\Users\jack1\AppData\Roaming\npm;C:\Users\jack1\AppData\Local\atom\bin;C:\Users\jack1\AppData\Local\Microsoft\WindowsApps;C:\Program Files\LLVM\bin;C:\ProgramData\jack1\atom\bin;C:\Program Files\Java\jdk1.8.0_181\bin;C:\Program Files\mingw-w64\x86_64-8.1.0-win32-seh-rt_v6-rev0\mingw64\bin;D:\Programmi\apache-maven-3.6.0-bin\apache-maven-3.6.0\bin;D:\github\plathea\LeoStormLibrary\LeoStormWindowsLib;D:\github\plathea\jaxrs-jersey-server-generated;
USERNAME=jack1
OS=Windows_NT
PROCESSOR_IDENTIFIER=Intel64 Family 6 Model 58 Stepping 9, GenuineIntel



---------------  S Y S T E M  ---------------

OS: Windows 10.0 , 64 bit Build 17134 (10.0.17134.1)

CPU:total 8 (initial active 8) (4 cores per cpu, 2 threads per core) family 6 model 58 stepping 9, cmov, cx8, fxsr, mmx, sse, sse2, sse3, ssse3, sse4.1, sse4.2, popcnt, avx, aes, clmul, erms, ht, tsc, tscinvbit, tscinv

Memory: 4k page, physical 16659944k(7705268k free), swap 19150312k(7799016k free)

vm_info: Java HotSpot(TM) 64-Bit Server VM (25.181-b13) for windows-amd64 JRE (1.8.0_181-b13), built on Jul  7 2018 04:01:33 by "java_re" with MS VC++ 10.0 (VS2010)

time: Sat Dec 08 11:48:24 2018
elapsed time: 191 seconds (0d 0h 3m 11s)

