#
# A fatal error has been detected by the Java Runtime Environment:
#
#  EXCEPTION_ACCESS_VIOLATION (0xc0000005) at pc=0x0000000052a44917, pid=20732, tid=0x00000000000029ec
#
# JRE version: Java(TM) SE Runtime Environment (8.0_181-b13) (build 1.8.0_181-b13)
# Java VM: Java HotSpot(TM) 64-Bit Server VM (25.181-b13 mixed mode windows-amd64 compressed oops)
# Problematic frame:
# V  [jvm.dll+0x214917]
#
# Failed to write core dump. Minidumps are not enabled by default on client versions of Windows
#
# If you would like to submit a bug report, please visit:
#   http://bugreport.java.com/bugreport/crash.jsp
#

---------------  T H R E A D  ---------------

Current thread (0x0000000020489800):  JavaThread "qtp217590872-25" [_thread_in_Java, id=10732, stack(0x00000000310d0000,0x00000000311d0000)]

siginfo: ExceptionCode=0xc0000005, reading address 0x00000000ffffffff

Registers:
RAX=0x00000000ffffffff, RBX=0x0000000031de6388, RCX=0x00000000311ccba0, RDX=0x0000000000000001
RSP=0x00000000311cc8d8, RBP=0x00000000311cc9e0, RSI=0x0000000020489800, RDI=0x00000000ffffffff
R8 =0x0000000000000001, R9 =0x00000000311ccba8, R10=0x0000000002db0827, R11=0x0000000000000006
R12=0x0000000002dadcb0, R13=0x0000000020489800, R14=0x00000000311cc978, R15=0x0000000031de6388
RIP=0x0000000052a44917, EFLAGS=0x0000000000010206

Top of Stack: (sp=0x00000000311cc8d8)
0x00000000311cc8d8:   0000000052a45805 0000000031de6388
0x00000000311cc8e8:   00000000311cc9e0 000000001f5a0448
0x00000000311cc8f8:   0000000020489800 0000000020489800
0x00000000311cc908:   0000000052a678fd 00000000311cca80
0x00000000311cc918:   cccccccccccccccc 0000000031de6388
0x00000000311cc928:   0000000020489800 0000000002dc3be0
0x00000000311cc938:   0000000052a671b6 cccccccccccccccc
0x00000000311cc948:   cccccccccccccccc 00008f0fa04d6b35
0x00000000311cc958:   cccccccccccccccc 0000000000000000
0x00000000311cc968:   0000000031de6388 0000000020489800
0x00000000311cc978:   000000001f5a0448 0000000031de6388
0x00000000311cc988:   0000000020489800 00000000311cccb8
0x00000000311cc998:   cccccccccccccccc 0000000020489800
0x00000000311cc9a8:   000000002429dd10 0000000031de6388
0x00000000311cc9b8:   000000076fc868b8 00000000311cd2f0
0x00000000311cc9c8:   0000000002dc8c3b 00000000311cd360 

Instructions: (pc=0x0000000052a44917)
0x0000000052a448f7:   68 7e 30 66 0f 1f 44 00 00 48 8b 41 60 80 3c 02
0x0000000052a44907:   00 74 14 4c 8b 49 58 49 8b 04 d1 48 85 c0 74 03
0x0000000052a44917:   48 8b 00 49 89 04 d1 41 ff c0 48 ff c2 44 3b 41
0x0000000052a44927:   68 7c d6 48 8b 41 58 c3 cc 40 53 48 83 ec 20 80 


Register to memory mapping:

RAX=0x00000000ffffffff is an unknown value
RBX={method} {0x0000000031de6390} '<init>' '(Lio/core/InterfaceJNI;IIII)V' in 'io/core/InterfaceJNI$TrackedPerson'
RCX=0x00000000311ccba0 is pointing into the stack for thread: 0x0000000020489800
RDX=0x0000000000000001 is an unknown value
RSP=0x00000000311cc8d8 is pointing into the stack for thread: 0x0000000020489800
RBP=0x00000000311cc9e0 is pointing into the stack for thread: 0x0000000020489800
RSI=0x0000000020489800 is a thread
RDI=0x00000000ffffffff is an unknown value
R8 =0x0000000000000001 is an unknown value
R9 =0x00000000311ccba8 is pointing into the stack for thread: 0x0000000020489800
R10=0x0000000002db0827 is at begin+0 in a stub
StubRoutines::call_stub [0x0000000002db0827, 0x0000000002db098b[ (356 bytes)
R11=0x0000000000000006 is an unknown value
R12=0x0000000002dadcb0 is an unknown value
R13=0x0000000020489800 is a thread
R14=0x00000000311cc978 is pointing into the stack for thread: 0x0000000020489800
R15={method} {0x0000000031de6390} '<init>' '(Lio/core/InterfaceJNI;IIII)V' in 'io/core/InterfaceJNI$TrackedPerson'


Stack: [0x00000000310d0000,0x00000000311d0000],  sp=0x00000000311cc8d8,  free space=1010k
Native frames: (J=compiled Java code, j=interpreted, Vv=VM code, C=native code)
V  [jvm.dll+0x214917]


---------------  P R O C E S S  ---------------

Java Threads: ( => current thread )
  0x0000000020484000 JavaThread "Scheduler-2119860224" [_thread_blocked, id=25104, stack(0x0000000031e10000,0x0000000031f10000)]
  0x000000002048a000 JavaThread "org.eclipse.jetty.server.session.HashSessionManager@1f9a5d3bTimer" daemon [_thread_blocked, id=18916, stack(0x00000000311d0000,0x00000000312d0000)]
=>0x0000000020489800 JavaThread "qtp217590872-25" [_thread_in_Java, id=10732, stack(0x00000000310d0000,0x00000000311d0000)]
  0x000000002048b000 JavaThread "qtp217590872-24-acceptor-0@46c03601-ServerConnector@4f1150f5{HTTP/1.1}{0.0.0.0:8080}" [_thread_in_native, id=11716, stack(0x0000000026c50000,0x0000000026d50000)]
  0x000000001f5b8800 JavaThread "qtp217590872-22-selector-ServerConnectorManager@3f71a104/3" [_thread_in_native, id=23376, stack(0x0000000026720000,0x0000000026820000)]
  0x000000002151e000 JavaThread "qtp217590872-21" [_thread_blocked, id=16904, stack(0x0000000026620000,0x0000000026720000)]
  0x0000000020444000 JavaThread "qtp217590872-20" [_thread_blocked, id=20844, stack(0x0000000026420000,0x0000000026520000)]
  0x000000002153b000 JavaThread "qtp217590872-19" [_thread_blocked, id=6664, stack(0x00000000250a0000,0x00000000251a0000)]
  0x000000002317a800 JavaThread "qtp217590872-18-selector-ServerConnectorManager@3f71a104/1" [_thread_in_native, id=24852, stack(0x0000000024fa0000,0x00000000250a0000)]
  0x0000000022282800 JavaThread "qtp217590872-17" [_thread_blocked, id=18984, stack(0x0000000024ea0000,0x0000000024fa0000)]
  0x00000000219a4000 JavaThread "qtp217590872-16-selector-ServerConnectorManager@3f71a104/2" [_thread_in_native, id=21316, stack(0x0000000024da0000,0x0000000024ea0000)]
  0x000000002163e800 JavaThread "qtp217590872-15-selector-ServerConnectorManager@3f71a104/0" [_thread_in_native, id=16148, stack(0x0000000024ca0000,0x0000000024da0000)]
  0x000000002021b800 JavaThread "ShutdownMonitor" daemon [_thread_in_native, id=1872, stack(0x0000000024ba0000,0x0000000024ca0000)]
  0x000000001e77d800 JavaThread "Service Thread" daemon [_thread_blocked, id=6296, stack(0x000000001f2d0000,0x000000001f3d0000)]
  0x000000001e6fe000 JavaThread "C1 CompilerThread3" daemon [_thread_blocked, id=18544, stack(0x000000001f1d0000,0x000000001f2d0000)]
  0x000000001e6f7000 JavaThread "C2 CompilerThread2" daemon [_thread_blocked, id=18572, stack(0x000000001f0d0000,0x000000001f1d0000)]
  0x000000001e6ef000 JavaThread "C2 CompilerThread1" daemon [_thread_blocked, id=3696, stack(0x000000001efd0000,0x000000001f0d0000)]
  0x000000001e6ed000 JavaThread "C2 CompilerThread0" daemon [_thread_blocked, id=1036, stack(0x000000001eed0000,0x000000001efd0000)]
  0x000000001e6ea000 JavaThread "Attach Listener" daemon [_thread_blocked, id=10084, stack(0x000000001edd0000,0x000000001eed0000)]
  0x000000001e6e9000 JavaThread "Signal Dispatcher" daemon [_thread_blocked, id=15572, stack(0x000000001ecd0000,0x000000001edd0000)]
  0x000000001e6e0800 JavaThread "Finalizer" daemon [_thread_blocked, id=25004, stack(0x000000001eac0000,0x000000001ebc0000)]
  0x000000001c7cd800 JavaThread "Reference Handler" daemon [_thread_blocked, id=18260, stack(0x000000001e5c0000,0x000000001e6c0000)]
  0x0000000002cb2800 JavaThread "main" [_thread_blocked, id=7004, stack(0x0000000002bb0000,0x0000000002cb0000)]

Other Threads:
  0x000000001c7c9000 VMThread [stack: 0x000000001e4c0000,0x000000001e5c0000] [id=15428]
  0x000000001e7b8800 WatcherThread [stack: 0x000000001f3d0000,0x000000001f4d0000] [id=6196]

VM state:not at safepoint (normal execution)

VM Mutex/Monitor currently owned by a thread: None

Heap:
 PSYoungGen      total 196608K, used 74445K [0x000000076b400000, 0x0000000779d00000, 0x00000007c0000000)
  eden space 155136K, 47% used [0x000000076b400000,0x000000076fcb36b0,0x0000000774b80000)
  from space 41472K, 0% used [0x0000000777400000,0x0000000777400000,0x0000000779c80000)
  to   space 41472K, 0% used [0x0000000774b80000,0x0000000774b80000,0x0000000777400000)
 ParOldGen       total 180736K, used 30006K [0x00000006c1c00000, 0x00000006ccc80000, 0x000000076b400000)
  object space 180736K, 16% used [0x00000006c1c00000,0x00000006c394da40,0x00000006ccc80000)
 Metaspace       used 43230K, capacity 44686K, committed 44928K, reserved 1089536K
  class space    used 5142K, capacity 5493K, committed 5504K, reserved 1048576K

Card table byte_map: [0x0000000012170000,0x0000000012970000] byte_map_base: 0x000000000eb62000

Marking Bits: (ParMarkBitMap*) 0x0000000053052d00
 Begin Bits: [0x00000000136c0000, 0x0000000017650000)
 End Bits:   [0x0000000017650000, 0x000000001b5e0000)

Polling page: 0x0000000000d70000

CodeCache: size=245760Kb used=23579Kb max_used=23579Kb free=222180Kb
 bounds [0x0000000002db0000, 0x00000000044f0000, 0x0000000011db0000]
 total_blobs=6913 nmethods=6420 adapters=405
 compilation: enabled

Compilation events (10 events):
Event: 53.141 Thread 0x000000001e6fe000 7537       1       org.glassfish.jersey.server.internal.routing.RoutingStage$RoutingResult::access$000 (5 bytes)
Event: 53.141 Thread 0x000000001e6fe000 nmethod 7537 0x0000000003647c10 code [0x0000000003647d60, 0x0000000003647e50]
Event: 53.141 Thread 0x000000001e6fe000 7533       3       org.eclipse.jetty.util.AbstractTrie::get (11 bytes)
Event: 53.142 Thread 0x000000001e6fe000 nmethod 7533 0x00000000030fba50 code [0x00000000030fbbc0, 0x00000000030fbec8]
Event: 53.142 Thread 0x000000001e6fe000 7539       3       java.util.stream.SortedOps$OfRef::<init> (32 bytes)
Event: 53.142 Thread 0x000000001e6fe000 nmethod 7539 0x00000000030fb2d0 code [0x00000000030fb460, 0x00000000030fb858]
Event: 53.142 Thread 0x000000001e6fe000 7540       3       org.jvnet.hk2.internal.ServiceLocatorImpl::internalGetService (185 bytes)
Event: 53.143 Thread 0x000000001e6fe000 nmethod 7540 0x00000000030f9010 code [0x00000000030f92c0, 0x00000000030fa728]
Event: 53.143 Thread 0x000000001e6fe000 7538       1       org.glassfish.jersey.server.internal.routing.Router$Continuation::next (5 bytes)
Event: 53.143 Thread 0x000000001e6fe000 nmethod 7538 0x00000000030f8d50 code [0x00000000030f8ea0, 0x00000000030f8fb0]

GC Heap History (10 events):
Event: 9.034 GC heap before
{Heap before GC invocations=8 (full 1):
 PSYoungGen      total 102400K, used 102081K [0x000000076b400000, 0x0000000772800000, 0x00000007c0000000)
  eden space 88064K, 100% used [0x000000076b400000,0x0000000770a00000,0x0000000770a00000)
  from space 14336K, 97% used [0x0000000771900000,0x00000007726b0680,0x0000000772700000)
  to   space 15360K, 0% used [0x0000000770a00000,0x0000000770a00000,0x0000000771900000)
 ParOldGen       total 120832K, used 14977K [0x00000006c1c00000, 0x00000006c9200000, 0x000000076b400000)
  object space 120832K, 12% used [0x00000006c1c00000,0x00000006c2aa07f8,0x00000006c9200000)
 Metaspace       used 28585K, capacity 29328K, committed 29696K, reserved 1075200K
  class space    used 3255K, capacity 3461K, committed 3584K, reserved 1048576K
Event: 9.062 GC heap after
Heap after GC invocations=8 (full 1):
 PSYoungGen      total 103424K, used 15335K [0x000000076b400000, 0x0000000775500000, 0x00000007c0000000)
  eden space 88064K, 0% used [0x000000076b400000,0x000000076b400000,0x0000000770a00000)
  from space 15360K, 99% used [0x0000000770a00000,0x00000007718f9c18,0x0000000771900000)
  to   space 21504K, 0% used [0x0000000774000000,0x0000000774000000,0x0000000775500000)
 ParOldGen       total 120832K, used 23961K [0x00000006c1c00000, 0x00000006c9200000, 0x000000076b400000)
  object space 120832K, 19% used [0x00000006c1c00000,0x00000006c33665d8,0x00000006c9200000)
 Metaspace       used 28585K, capacity 29328K, committed 29696K, reserved 1075200K
  class space    used 3255K, capacity 3461K, committed 3584K, reserved 1048576K
}
Event: 9.524 GC heap before
{Heap before GC invocations=9 (full 1):
 PSYoungGen      total 103424K, used 103399K [0x000000076b400000, 0x0000000775500000, 0x00000007c0000000)
  eden space 88064K, 100% used [0x000000076b400000,0x0000000770a00000,0x0000000770a00000)
  from space 15360K, 99% used [0x0000000770a00000,0x00000007718f9c18,0x0000000771900000)
  to   space 21504K, 0% used [0x0000000774000000,0x0000000774000000,0x0000000775500000)
 ParOldGen       total 120832K, used 23969K [0x00000006c1c00000, 0x00000006c9200000, 0x000000076b400000)
  object space 120832K, 19% used [0x00000006c1c00000,0x00000006c3368468,0x00000006c9200000)
 Metaspace       used 28604K, capacity 29328K, committed 29696K, reserved 1075200K
  class space    used 3255K, capacity 3461K, committed 3584K, reserved 1048576K
Event: 9.591 GC heap after
Heap after GC invocations=9 (full 1):
 PSYoungGen      total 132608K, used 21495K [0x000000076b400000, 0x0000000778200000, 0x00000007c0000000)
  eden space 111104K, 0% used [0x000000076b400000,0x000000076b400000,0x0000000772080000)
  from space 21504K, 99% used [0x0000000774000000,0x00000007754fdc48,0x0000000775500000)
  to   space 32256K, 0% used [0x0000000772080000,0x0000000772080000,0x0000000774000000)
 ParOldGen       total 120832K, used 42729K [0x00000006c1c00000, 0x00000006c9200000, 0x000000076b400000)
  object space 120832K, 35% used [0x00000006c1c00000,0x00000006c45ba4a0,0x00000006c9200000)
 Metaspace       used 28604K, capacity 29328K, committed 29696K, reserved 1075200K
  class space    used 3255K, capacity 3461K, committed 3584K, reserved 1048576K
}
Event: 10.749 GC heap before
{Heap before GC invocations=10 (full 1):
 PSYoungGen      total 132608K, used 132599K [0x000000076b400000, 0x0000000778200000, 0x00000007c0000000)
  eden space 111104K, 100% used [0x000000076b400000,0x0000000772080000,0x0000000772080000)
  from space 21504K, 99% used [0x0000000774000000,0x00000007754fdc48,0x0000000775500000)
  to   space 32256K, 0% used [0x0000000772080000,0x0000000772080000,0x0000000774000000)
 ParOldGen       total 120832K, used 42815K [0x00000006c1c00000, 0x00000006c9200000, 0x000000076b400000)
  object space 120832K, 35% used [0x00000006c1c00000,0x00000006c45cfe78,0x00000006c9200000)
 Metaspace       used 31337K, capacity 32314K, committed 32640K, reserved 1077248K
  class space    used 3591K, capacity 3876K, committed 3968K, reserved 1048576K
Event: 10.793 GC heap after
Heap after GC invocations=10 (full 1):
 PSYoungGen      total 143360K, used 32242K [0x000000076b400000, 0x0000000779c80000, 0x00000007c0000000)
  eden space 111104K, 0% used [0x000000076b400000,0x000000076b400000,0x0000000772080000)
  from space 32256K, 99% used [0x0000000772080000,0x0000000773ffcb08,0x0000000774000000)
  to   space 41472K, 0% used [0x0000000777400000,0x0000000777400000,0x0000000779c80000)
 ParOldGen       total 120832K, used 54946K [0x00000006c1c00000, 0x00000006c9200000, 0x000000076b400000)
  object space 120832K, 45% used [0x00000006c1c00000,0x00000006c51a8a10,0x00000006c9200000)
 Metaspace       used 31337K, capacity 32314K, committed 32640K, reserved 1077248K
  class space    used 3591K, capacity 3876K, committed 3968K, reserved 1048576K
}
Event: 11.193 GC heap before
{Heap before GC invocations=11 (full 1):
 PSYoungGen      total 143360K, used 56692K [0x000000076b400000, 0x0000000779c80000, 0x00000007c0000000)
  eden space 111104K, 22% used [0x000000076b400000,0x000000076cbe0698,0x0000000772080000)
  from space 32256K, 99% used [0x0000000772080000,0x0000000773ffcb08,0x0000000774000000)
  to   space 41472K, 0% used [0x0000000777400000,0x0000000777400000,0x0000000779c80000)
 ParOldGen       total 120832K, used 54946K [0x00000006c1c00000, 0x00000006c9200000, 0x000000076b400000)
  object space 120832K, 45% used [0x00000006c1c00000,0x00000006c51a8a10,0x00000006c9200000)
 Metaspace       used 34140K, capacity 35320K, committed 35496K, reserved 1081344K
  class space    used 4026K, capacity 4325K, committed 4352K, reserved 1048576K
Event: 11.213 GC heap after
Heap after GC invocations=11 (full 1):
 PSYoungGen      total 196608K, used 8501K [0x000000076b400000, 0x0000000779d00000, 0x00000007c0000000)
  eden space 155136K, 0% used [0x000000076b400000,0x000000076b400000,0x0000000774b80000)
  from space 41472K, 20% used [0x0000000777400000,0x0000000777c4d740,0x0000000779c80000)
  to   space 41472K, 0% used [0x0000000774b80000,0x0000000774b80000,0x0000000777400000)
 ParOldGen       total 120832K, used 67532K [0x00000006c1c00000, 0x00000006c9200000, 0x000000076b400000)
  object space 120832K, 55% used [0x00000006c1c00000,0x00000006c5df3210,0x00000006c9200000)
 Metaspace       used 34140K, capacity 35320K, committed 35496K, reserved 1081344K
  class space    used 4026K, capacity 4325K, committed 4352K, reserved 1048576K
}
Event: 11.213 GC heap before
{Heap before GC invocations=12 (full 2):
 PSYoungGen      total 196608K, used 8501K [0x000000076b400000, 0x0000000779d00000, 0x00000007c0000000)
  eden space 155136K, 0% used [0x000000076b400000,0x000000076b400000,0x0000000774b80000)
  from space 41472K, 20% used [0x0000000777400000,0x0000000777c4d740,0x0000000779c80000)
  to   space 41472K, 0% used [0x0000000774b80000,0x0000000774b80000,0x0000000777400000)
 ParOldGen       total 120832K, used 67532K [0x00000006c1c00000, 0x00000006c9200000, 0x000000076b400000)
  object space 120832K, 55% used [0x00000006c1c00000,0x00000006c5df3210,0x00000006c9200000)
 Metaspace       used 34140K, capacity 35320K, committed 35496K, reserved 1081344K
  class space    used 4026K, capacity 4325K, committed 4352K, reserved 1048576K
Event: 11.271 GC heap after
Heap after GC invocations=12 (full 2):
 PSYoungGen      total 196608K, used 0K [0x000000076b400000, 0x0000000779d00000, 0x00000007c0000000)
  eden space 155136K, 0% used [0x000000076b400000,0x000000076b400000,0x0000000774b80000)
  from space 41472K, 0% used [0x0000000777400000,0x0000000777400000,0x0000000779c80000)
  to   space 41472K, 0% used [0x0000000774b80000,0x0000000774b80000,0x0000000777400000)
 ParOldGen       total 180736K, used 30006K [0x00000006c1c00000, 0x00000006ccc80000, 0x000000076b400000)
  object space 180736K, 16% used [0x00000006c1c00000,0x00000006c394da40,0x00000006ccc80000)
 Metaspace       used 34140K, capacity 35320K, committed 35496K, reserved 1081344K
  class space    used 4026K, capacity 4325K, committed 4352K, reserved 1048576K
}

Deoptimization events (10 events):
Event: 30.593 Thread 0x0000000022282800 Uncommon trap: reason=unstable_if action=reinterpret pc=0x00000000033f24c0 method=java.lang.StringCoding.decode(Ljava/lang/String;[BII)[C @ 51
Event: 30.593 Thread 0x0000000022282800 Uncommon trap: reason=class_check action=maybe_recompile pc=0x0000000003a878b4 method=java.lang.StringCoding$StringDecoder.decode([BII)[C @ 30
Event: 30.593 Thread 0x0000000022282800 Uncommon trap: reason=class_check action=maybe_recompile pc=0x0000000003a878b4 method=java.lang.StringCoding$StringDecoder.decode([BII)[C @ 30
Event: 31.285 Thread 0x0000000022282800 Uncommon trap: reason=speculate_class_check action=maybe_recompile pc=0x00000000043d2bc4 method=java.util.AbstractList.listIterator()Ljava/util/ListIterator; @ 2
Event: 33.196 Thread 0x000000002151e000 Uncommon trap: reason=class_check action=maybe_recompile pc=0x00000000036587f4 method=java.util.Collections$UnmodifiableMap$UnmodifiableEntrySet$1.next()Ljava/util/Map$Entry; @ 8
Event: 33.197 Thread 0x000000002151e000 Uncommon trap: reason=class_check action=maybe_recompile pc=0x000000000364eb88 method=java.util.Collections$UnmodifiableMap$UnmodifiableEntrySet$UnmodifiableEntry.getKey()Ljava/lang/Object; @ 4
Event: 33.197 Thread 0x000000002151e000 Uncommon trap: reason=class_check action=maybe_recompile pc=0x000000000365cac8 method=java.util.Collections$UnmodifiableMap$UnmodifiableEntrySet$UnmodifiableEntry.getValue()Ljava/lang/Object; @ 4
Event: 35.624 Thread 0x0000000020489800 Uncommon trap: reason=class_check action=maybe_recompile pc=0x00000000036587f4 method=java.util.Collections$UnmodifiableMap$UnmodifiableEntrySet$1.next()Ljava/util/Map$Entry; @ 8
Event: 35.624 Thread 0x0000000020489800 Uncommon trap: reason=class_check action=maybe_recompile pc=0x000000000364eb88 method=java.util.Collections$UnmodifiableMap$UnmodifiableEntrySet$UnmodifiableEntry.getKey()Ljava/lang/Object; @ 4
Event: 35.624 Thread 0x0000000020489800 Uncommon trap: reason=class_check action=maybe_recompile pc=0x000000000365cac8 method=java.util.Collections$UnmodifiableMap$UnmodifiableEntrySet$UnmodifiableEntry.getValue()Ljava/lang/Object; @ 4

Classes redefined (0 events):
No events

Internal exceptions (10 events):
Event: 8.786 Thread 0x0000000002cb2800 Exception <a 'java/lang/ClassNotFoundException': sun/net/www/protocol/c/Handler> (0x000000076f0ffd18) thrown at [C:\re\workspace\8-2-build-windows-amd64-cygwin\jdk8u181\11358\hotspot\src\share\vm\classfile\systemDictionary.cpp, line 210]
Event: 8.786 Thread 0x0000000002cb2800 Exception <a 'java/lang/ClassNotFoundException': sun/net/www/protocol/c/Handler> (0x000000076f102250) thrown at [C:\re\workspace\8-2-build-windows-amd64-cygwin\jdk8u181\11358\hotspot\src\share\vm\classfile\systemDictionary.cpp, line 210]
Event: 8.870 Thread 0x000000002153b000 Implicit null exception at 0x0000000003a67799 to 0x0000000003a67f7d
Event: 8.870 Thread 0x000000002163e800 Implicit null exception at 0x0000000003a67799 to 0x0000000003a67f7d
Event: 8.871 Thread 0x000000001f5b8800 Implicit null exception at 0x0000000003a661cc to 0x0000000003a668c9
Event: 10.677 Thread 0x0000000002cb2800 Exception <a 'java/lang/NoSuchFieldError': method resolution failed> (0x0000000771ba91a0) thrown at [C:\re\workspace\8-2-build-windows-amd64-cygwin\jdk8u181\11358\hotspot\src\share\vm\prims\methodHandles.cpp, line 1167]
Event: 10.679 Thread 0x0000000002cb2800 Exception <a 'java/lang/NoSuchFieldError': method resolution failed> (0x0000000771bb6c30) thrown at [C:\re\workspace\8-2-build-windows-amd64-cygwin\jdk8u181\11358\hotspot\src\share\vm\prims\methodHandles.cpp, line 1167]
Event: 11.491 Thread 0x0000000002cb2800 Exception <a 'java/lang/NoSuchMethodError': java.lang.Object.lambda$and$0(Ljava/util/function/Predicate;Ljava/lang/Object;)Z> (0x000000076c1003e8) thrown at [C:\re\workspace\8-2-build-windows-amd64-cygwin\jdk8u181\11358\hotspot\src\share\vm\interpreter\li
Event: 11.567 Thread 0x0000000002cb2800 Exception <a 'java/lang/NoSuchMethodError': java.lang.Object.lambda$comparingInt$7b0bb60$1(Ljava/util/function/ToIntFunction;Ljava/lang/Object;Ljava/lang/Object;)I> (0x000000076c47de50) thrown at [C:\re\workspace\8-2-build-windows-amd64-cygwin\jdk8u181\11
Event: 15.668 Thread 0x0000000020444000 Implicit null exception at 0x00000000038e5279 to 0x00000000038e55e9

Events (10 events):
Event: 33.197 Thread 0x000000002151e000 DEOPT UNPACKING pc=0x0000000002df583b sp=0x000000002671d060 mode 2
Event: 35.624 Thread 0x0000000020489800 Uncommon trap: trap_request=0xffffffde fr.pc=0x00000000036587f4
Event: 35.624 Thread 0x0000000020489800 DEOPT PACKING pc=0x00000000036587f4 sp=0x00000000311cd380
Event: 35.624 Thread 0x0000000020489800 DEOPT UNPACKING pc=0x0000000002df583b sp=0x00000000311cd2c8 mode 2
Event: 35.624 Thread 0x0000000020489800 Uncommon trap: trap_request=0xffffffde fr.pc=0x000000000364eb88
Event: 35.624 Thread 0x0000000020489800 DEOPT PACKING pc=0x000000000364eb88 sp=0x00000000311cd3a0
Event: 35.624 Thread 0x0000000020489800 DEOPT UNPACKING pc=0x0000000002df583b sp=0x00000000311cd330 mode 2
Event: 35.624 Thread 0x0000000020489800 Uncommon trap: trap_request=0xffffffde fr.pc=0x000000000365cac8
Event: 35.624 Thread 0x0000000020489800 DEOPT PACKING pc=0x000000000365cac8 sp=0x00000000311cd3a0
Event: 35.624 Thread 0x0000000020489800 DEOPT UNPACKING pc=0x0000000002df583b sp=0x00000000311cd330 mode 2


Dynamic libraries:
0x00007ff77a250000 - 0x00007ff77a287000 	C:\Program Files\Java\jdk1.8.0_181\bin\java.exe
0x00007ff8234d0000 - 0x00007ff8236b1000 	C:\WINDOWS\SYSTEM32\ntdll.dll
0x00007ff823160000 - 0x00007ff823212000 	C:\WINDOWS\System32\KERNEL32.DLL
0x00007ff81faa0000 - 0x00007ff81fd13000 	C:\WINDOWS\System32\KERNELBASE.dll
0x00007ff8227b0000 - 0x00007ff822851000 	C:\WINDOWS\System32\ADVAPI32.dll
0x00007ff822710000 - 0x00007ff8227ae000 	C:\WINDOWS\System32\msvcrt.dll
0x00007ff822580000 - 0x00007ff8225db000 	C:\WINDOWS\System32\sechost.dll
0x00007ff8225e0000 - 0x00007ff822704000 	C:\WINDOWS\System32\RPCRT4.dll
0x00007ff823220000 - 0x00007ff8233b0000 	C:\WINDOWS\System32\USER32.dll
0x00007ff81fd70000 - 0x00007ff81fd90000 	C:\WINDOWS\System32\win32u.dll
0x00007ff822550000 - 0x00007ff822578000 	C:\WINDOWS\System32\GDI32.dll
0x00007ff820690000 - 0x00007ff820822000 	C:\WINDOWS\System32\gdi32full.dll
0x00007ff81f900000 - 0x00007ff81f99f000 	C:\WINDOWS\System32\msvcp_win.dll
0x00007ff81f9a0000 - 0x00007ff81fa9a000 	C:\WINDOWS\System32\ucrtbase.dll
0x00007ff8168f0000 - 0x00007ff816b59000 	C:\WINDOWS\WinSxS\amd64_microsoft.windows.common-controls_6595b64144ccf1df_6.0.17134.407_none_fb449d63306391e9\COMCTL32.dll
0x00007ff822020000 - 0x00007ff822342000 	C:\WINDOWS\System32\combase.dll
0x00007ff820830000 - 0x00007ff8208aa000 	C:\WINDOWS\System32\bcryptPrimitives.dll
0x00007ff822f00000 - 0x00007ff822f2d000 	C:\WINDOWS\System32\IMM32.DLL
0x0000000052370000 - 0x0000000052442000 	C:\Program Files\Java\jdk1.8.0_181\jre\bin\msvcr100.dll
0x0000000052830000 - 0x00000000530d2000 	C:\Program Files\Java\jdk1.8.0_181\jre\bin\server\jvm.dll
0x00007ff822860000 - 0x00007ff822868000 	C:\WINDOWS\System32\PSAPI.DLL
0x00007ff816720000 - 0x00007ff816729000 	C:\WINDOWS\SYSTEM32\WSOCK32.dll
0x00007ff81bb00000 - 0x00007ff81bb0a000 	C:\WINDOWS\SYSTEM32\VERSION.dll
0x00007ff81c680000 - 0x00007ff81c6a3000 	C:\WINDOWS\SYSTEM32\WINMM.dll
0x00007ff823430000 - 0x00007ff82349c000 	C:\WINDOWS\System32\WS2_32.dll
0x00007ff81c650000 - 0x00007ff81c67a000 	C:\WINDOWS\SYSTEM32\winmmbase.dll
0x00007ff81fd20000 - 0x00007ff81fd69000 	C:\WINDOWS\System32\cfgmgr32.dll
0x0000000053ec0000 - 0x0000000053ecf000 	C:\Program Files\Java\jdk1.8.0_181\jre\bin\verify.dll
0x0000000053e90000 - 0x0000000053eb9000 	C:\Program Files\Java\jdk1.8.0_181\jre\bin\java.dll
0x0000000053e70000 - 0x0000000053e86000 	C:\Program Files\Java\jdk1.8.0_181\jre\bin\zip.dll
0x00007ff820960000 - 0x00007ff821d9f000 	C:\WINDOWS\System32\SHELL32.dll
0x00007ff822870000 - 0x00007ff822919000 	C:\WINDOWS\System32\shcore.dll
0x00007ff81fd90000 - 0x00007ff82049d000 	C:\WINDOWS\System32\windows.storage.dll
0x00007ff821fb0000 - 0x00007ff822001000 	C:\WINDOWS\System32\shlwapi.dll
0x00007ff81f820000 - 0x00007ff81f831000 	C:\WINDOWS\System32\kernel.appcore.dll
0x00007ff81f800000 - 0x00007ff81f81f000 	C:\WINDOWS\System32\profapi.dll
0x00007ff81f850000 - 0x00007ff81f89c000 	C:\WINDOWS\System32\powrprof.dll
0x00007ff81f840000 - 0x00007ff81f84a000 	C:\WINDOWS\System32\FLTLIB.DLL
0x00007ff81c5b0000 - 0x00007ff81c5ba000 	D:\Programmi\apache-maven-3.6.0-bin\apache-maven-3.6.0\lib\jansi-native\windows64\jansi.dll
0x00000000533d0000 - 0x00000000533ea000 	C:\Program Files\Java\jdk1.8.0_181\jre\bin\net.dll
0x00007ff81f050000 - 0x00007ff81f0b6000 	C:\WINDOWS\system32\mswsock.dll
0x0000000052810000 - 0x0000000052821000 	C:\Program Files\Java\jdk1.8.0_181\jre\bin\nio.dll
0x0000000052760000 - 0x000000005276d000 	C:\Program Files\Java\jdk1.8.0_181\jre\bin\management.dll
0x00007ff81f220000 - 0x00007ff81f237000 	C:\WINDOWS\SYSTEM32\CRYPTSP.dll
0x00007ff81ec40000 - 0x00007ff81ec73000 	C:\WINDOWS\system32\rsaenh.dll
0x00007ff81f340000 - 0x00007ff81f365000 	C:\WINDOWS\SYSTEM32\bcrypt.dll
0x00007ff81f710000 - 0x00007ff81f738000 	C:\WINDOWS\SYSTEM32\USERENV.dll
0x00007ff81f210000 - 0x00007ff81f21b000 	C:\WINDOWS\SYSTEM32\CRYPTBASE.dll
0x00007ff81ede0000 - 0x00007ff81ee18000 	C:\WINDOWS\SYSTEM32\IPHLPAPI.DLL
0x00007ff822010000 - 0x00007ff822018000 	C:\WINDOWS\System32\NSI.dll
0x00007ff818110000 - 0x00007ff818126000 	C:\WINDOWS\SYSTEM32\dhcpcsvc6.DLL
0x00007ff8172d0000 - 0x00007ff8172ea000 	C:\WINDOWS\SYSTEM32\dhcpcsvc.DLL
0x00007ff8167f0000 - 0x00007ff816827000 	D:\github\plathea\jaxrs-jersey-server-generated\src\main\java\io\core\InterfaceJNI_DLL.dll
0x00007ff816780000 - 0x00007ff8167a1000 	C:\WINDOWS\SYSTEM32\VCRUNTIME140D.dll
0x00007ffff9640000 - 0x00007ffff9734000 	C:\WINDOWS\SYSTEM32\MSVCP140D.dll
0x00007fffd4140000 - 0x00007fffd42fd000 	C:\WINDOWS\SYSTEM32\ucrtbased.dll
0x00007fffc9600000 - 0x00007fffc99da000 	D:\github\plathea\jaxrs-jersey-server-generated\PlatheaDLL.dll
0x00007ff822d70000 - 0x00007ff822e5d000 	C:\WINDOWS\System32\COMDLG32.dll
0x00007ff823000000 - 0x00007ff823151000 	C:\WINDOWS\System32\ole32.dll
0x00007fffc5660000 - 0x00007fffc65fe000 	D:\github\plathea\jaxrs-jersey-server-generated\opencv_core310d.dll
0x00007ffff9510000 - 0x00007ffff9576000 	D:\github\plathea\jaxrs-jersey-server-generated\opencv_highgui310d.dll
0x00007fffd3a80000 - 0x00007fffd3c2c000 	D:\github\plathea\jaxrs-jersey-server-generated\opencv_ml310d.dll
0x00007fffe98d0000 - 0x00007fffe99d8000 	D:\github\plathea\jaxrs-jersey-server-generated\opencv_video310d.dll
0x00007fffe7820000 - 0x00007fffe78d2000 	D:\github\plathea\jaxrs-jersey-server-generated\opencv_videoio310d.dll
0x00007ff822f30000 - 0x00007ff822ff2000 	C:\WINDOWS\System32\OLEAUT32.dll
0x00007fffc3490000 - 0x00007fffc565b000 	D:\github\plathea\jaxrs-jersey-server-generated\opencv_imgproc310d.dll
0x00007fffc9460000 - 0x00007fffc95f4000 	D:\github\plathea\jaxrs-jersey-server-generated\opencv_objdetect310d.dll
0x00007fffdede0000 - 0x00007fffdee96000 	C:\WINDOWS\SYSTEM32\CONCRT140D.dll
0x00007fffc30b0000 - 0x00007fffc3484000 	D:\github\plathea\jaxrs-jersey-server-generated\opencv_calib3d310d.dll
0x00007ff816750000 - 0x00007ff816779000 	C:\WINDOWS\SYSTEM32\MSVFW32.dll
0x00007ff81c590000 - 0x00007ff81c5af000 	C:\WINDOWS\SYSTEM32\AVIFIL32.dll
0x00007ff8167d0000 - 0x00007ff8167e8000 	C:\WINDOWS\SYSTEM32\AVICAP32.dll
0x00007fffc2b50000 - 0x00007fffc30ae000 	D:\github\plathea\jaxrs-jersey-server-generated\opencv_imgcodecs310d.dll
0x00007fffc92e0000 - 0x00007fffc945d000 	D:\github\plathea\jaxrs-jersey-server-generated\opencv_flann310d.dll
0x00007ffff9090000 - 0x00007ffff90ac000 	C:\WINDOWS\SYSTEM32\MSACM32.dll
0x00007fffc8d80000 - 0x00007fffc8fa5000 	D:\github\plathea\jaxrs-jersey-server-generated\opencv_features2d310d.dll
0x00007fffd40b0000 - 0x00007fffd4135000 	C:\WINDOWS\SYSTEM32\OpenCL.dll
0x00007fffc1520000 - 0x00007fffc2b4d000 	C:\WINDOWS\System32\nvopencl.dll
0x00007ff822920000 - 0x00007ff822d6b000 	C:\WINDOWS\System32\SETUPAPI.dll
0x00007fffc8c60000 - 0x00007fffc8d7f000 	C:\WINDOWS\SYSTEM32\nvfatbinaryLoader.dll
0x00007ff81dce0000 - 0x00007ff81dd78000 	C:\WINDOWS\system32\uxtheme.dll
0x00007ff81f5f0000 - 0x00007ff81f617000 	C:\WINDOWS\SYSTEM32\DEVOBJ.dll
0x00007ff81f8a0000 - 0x00007ff81f8f7000 	C:\WINDOWS\System32\WINTRUST.dll
0x00007ff81f7e0000 - 0x00007ff81f7f2000 	C:\WINDOWS\System32\MSASN1.dll
0x00007ff8204a0000 - 0x00007ff820682000 	C:\WINDOWS\System32\CRYPT32.dll
0x00007ff816de0000 - 0x00007ff817260000 	C:\WINDOWS\system32\nvapi64.dll
0x00007ff81e5a0000 - 0x00007ff81e65b000 	C:\WINDOWS\SYSTEM32\dxgi.dll
0x00007fffec070000 - 0x00007fffec0d2000 	C:\WINDOWS\SYSTEM32\IntelOpenCL64.dll
0x00007fffd3980000 - 0x00007fffd3a7d000 	C:\Program Files (x86)\Common Files\Intel\OpenCL\bin\x64\intelocl64.dll
0x00007ffffc6e0000 - 0x00007ffffc800000 	C:\WINDOWS\SYSTEM32\OPENGL32.dll
0x00007fffe9850000 - 0x00007fffe98c6000 	C:\Program Files (x86)\Common Files\Intel\OpenCL\bin\x64\task_executor64.dll
0x00007ffffc650000 - 0x00007ffffc67c000 	C:\WINDOWS\SYSTEM32\GLU32.dll
0x00007ff81e8d0000 - 0x00007ff81e901000 	C:\WINDOWS\SYSTEM32\ntmarta.dll
0x00007fffd4010000 - 0x00007fffd40a5000 	C:\Program Files (x86)\Common Files\Intel\OpenCL\bin\x64\cpu_device64.dll
0x00007fffe5f40000 - 0x00007fffe5fa9000 	C:\Program Files (x86)\Common Files\Intel\OpenCL\bin\x64\tbb\tbb.dll
0x00007fffc1320000 - 0x00007fffc1514000 	C:\WINDOWS\SYSTEM32\igdrcl64.dll
0x00007fffbfd30000 - 0x00007fffc1312000 	C:\WINDOWS\SYSTEM32\igdfcl64.dll
0x00007ff811490000 - 0x00007ff811659000 	C:\WINDOWS\SYSTEM32\dbghelp.dll
0x00007fffecd60000 - 0x00007fffecdbf000 	C:\WINDOWS\SYSTEM32\igdbcl64.dll
0x00007ff818e00000 - 0x00007ff819264000 	C:\WINDOWS\SYSTEM32\igdusc64.dll
0x0000000066840000 - 0x0000000067b0b000 	D:\github\plathea\jaxrs-jersey-server-generated\opencv_ffmpeg310_64.dll

VM Arguments:
jvm_args: -Dclassworlds.conf=D:\Programmi\apache-maven-3.6.0-bin\apache-maven-3.6.0\bin\..\bin\m2.conf -Dmaven.home=D:\Programmi\apache-maven-3.6.0-bin\apache-maven-3.6.0\bin\.. -Dlibrary.jansi.path=D:\Programmi\apache-maven-3.6.0-bin\apache-maven-3.6.0\bin\..\lib\jansi-native -Dmaven.multiModuleProjectDirectory=D:\github\plathea\jaxrs-jersey-server-generated 
java_command: org.codehaus.plexus.classworlds.launcher.Launcher clean package jetty:run
java_class_path (initial): D:\Programmi\apache-maven-3.6.0-bin\apache-maven-3.6.0\bin\..\boot\plexus-classworlds-2.5.2.jar
Launcher Type: SUN_STANDARD

Environment Variables:
JAVA_HOME=C:\Program Files\Java\jdk1.8.0_181
PATH=C:\Program Files (x86)\Common Files\Oracle\Java\javapath;C:\Users\jack1\Desktop\plathea-code-22-trunk\plathea-code-22-trunk\opencv-master\build\install_release\x64\vc12\bin;C:\WINDOWS\system32;C:\WINDOWS;C:\WINDOWS\System32\Wbem;C:\WINDOWS\System32\WindowsPowerShell\v1.0\;C:\Program Files\Git\cmd;C:\Program Files\nodejs\;C:\Program Files\PuTTY\;C:\Users\jack1\AppData\Local\Microsoft\WindowsApps;C:\Users\jack1\AppData\Roaming\npm;C:\Users\jack1\AppData\Local\atom\bin;C:\adb;C:\WINDOWS\system32;C:\WINDOWS;C:\WINDOWS\System32\Wbem;C:\WINDOWS\System32\WindowsPowerShell\v1.0\;C:\WINDOWS\System32\OpenSSH\;C:\Users\jack1\Desktop\plathea-code-22-trunk\plathea-code-22-trunk\opencv-master\build\install_debug\x64\vc12\bin;C:\Users\jack1\AppData\Local\Microsoft\WindowsApps;C:\Users\jack1\AppData\Roaming\npm;C:\Users\jack1\AppData\Local\atom\bin;C:\Users\jack1\AppData\Local\Microsoft\WindowsApps;C:\Program Files\LLVM\bin;C:\ProgramData\jack1\atom\bin;C:\Program Files\Java\jdk1.8.0_181\bin;C:\Program Files\mingw-w64\x86_64-8.1.0-win32-seh-rt_v6-rev0\mingw64\bin;D:\Programmi\apache-maven-3.6.0-bin\apache-maven-3.6.0\bin;D:\github\plathea\LeoStormLibrary\LeoStormWindowsLib;D:\github\plathea\jaxrs-jersey-server-generated;
USERNAME=jack1
OS=Windows_NT
PROCESSOR_IDENTIFIER=Intel64 Family 6 Model 58 Stepping 9, GenuineIntel



---------------  S Y S T E M  ---------------

OS: Windows 10.0 , 64 bit Build 17134 (10.0.17134.1)

CPU:total 8 (initial active 8) (4 cores per cpu, 2 threads per core) family 6 model 58 stepping 9, cmov, cx8, fxsr, mmx, sse, sse2, sse3, ssse3, sse4.1, sse4.2, popcnt, avx, aes, clmul, erms, ht, tsc, tscinvbit, tscinv

Memory: 4k page, physical 16659944k(6669052k free), swap 19150312k(5344072k free)

vm_info: Java HotSpot(TM) 64-Bit Server VM (25.181-b13) for windows-amd64 JRE (1.8.0_181-b13), built on Jul  7 2018 04:01:33 by "java_re" with MS VC++ 10.0 (VS2010)

time: Sat Dec 08 18:53:17 2018
elapsed time: 53 seconds (0d 0h 0m 53s)

