#
# A fatal error has been detected by the Java Runtime Environment:
#
#  EXCEPTION_ACCESS_VIOLATION (0xc0000005) at pc=0x0000000052a44917, pid=13972, tid=0x0000000000005608
#
# JRE version: Java(TM) SE Runtime Environment (8.0_181-b13) (build 1.8.0_181-b13)
# Java VM: Java HotSpot(TM) 64-Bit Server VM (25.181-b13 mixed mode windows-amd64 compressed oops)
# Problematic frame:
# V  [jvm.dll+0x214917]
#
# Failed to write core dump. Minidumps are not enabled by default on client versions of Windows
#
# If you would like to submit a bug report, please visit:
#   http://bugreport.java.com/bugreport/crash.jsp
#

---------------  T H R E A D  ---------------

Current thread (0x00000000223ce800):  JavaThread "qtp776058458-19" [_thread_in_Java, id=22024, stack(0x0000000026280000,0x0000000026380000)]

siginfo: ExceptionCode=0xc0000005, reading address 0xffffffffffffffff

Registers:
RAX=0xcccccccccccccccc, RBX=0x00000000319443e8, RCX=0x000000002637cb70, RDX=0x0000000000000007
RSP=0x000000002637c8a8, RBP=0x000000002637c9b0, RSI=0x00000000223ce800, RDI=0x00000000ffffffff
R8 =0x0000000000000007, R9 =0x000000002637cb78, R10=0x00000000028d0827, R11=0x0000000000000008
R12=0x0000000021b7d3b0, R13=0x00000000223ce800, R14=0x000000002637c948, R15=0x00000000319443e8
RIP=0x0000000052a44917, EFLAGS=0x0000000000010286

Top of Stack: (sp=0x000000002637c8a8)
0x000000002637c8a8:   0000000052a45805 00000000319443e8
0x000000002637c8b8:   000000002637c9b0 0000000021b22b98
0x000000002637c8c8:   00000000223ce800 00000000223ce800
0x000000002637c8d8:   0000000052a678fd 000000002637ca50
0x000000002637c8e8:   00000000319443e8 00000000319443e8
0x000000002637c8f8:   00000000223ce800 00000000028e3be0
0x000000002637c908:   0000000052a672ab 000000002637ca10
0x000000002637c918:   0000000023cb8a40 00008ee8850e9379
0x000000002637c928:   0000000021b22bc8 0000000000000000
0x000000002637c938:   00000000319443e8 00000000223ce800
0x000000002637c948:   0000000021b22b98 00000000319443e8
0x000000002637c958:   00000000223ce800 000000002637cc88
0x000000002637c968:   00000000025c90c0 00000000223ce800
0x000000002637c978:   000000002155ae00 00000000319443e8
0x000000002637c988:   000000076ed45750 000000002637d110
0x000000002637c998:   00000000028e8c3b 000000002637d180 

Instructions: (pc=0x0000000052a44917)
0x0000000052a448f7:   68 7e 30 66 0f 1f 44 00 00 48 8b 41 60 80 3c 02
0x0000000052a44907:   00 74 14 4c 8b 49 58 49 8b 04 d1 48 85 c0 74 03
0x0000000052a44917:   48 8b 00 49 89 04 d1 41 ff c0 48 ff c2 44 3b 41
0x0000000052a44927:   68 7c d6 48 8b 41 58 c3 cc 40 53 48 83 ec 20 80 


Register to memory mapping:

RAX=0xcccccccccccccccc is an unknown value
RBX={method} {0x00000000319443f0} '<init>' '(Lio/core/InterfaceJNI;Ljava/lang/String;IIIILjava/lang/String;)V' in 'io/core/InterfaceJNI$TrackedPerson'
RCX=0x000000002637cb70 is pointing into the stack for thread: 0x00000000223ce800
RDX=0x0000000000000007 is an unknown value
RSP=0x000000002637c8a8 is pointing into the stack for thread: 0x00000000223ce800
RBP=0x000000002637c9b0 is pointing into the stack for thread: 0x00000000223ce800
RSI=0x00000000223ce800 is a thread
RDI=0x00000000ffffffff is an unknown value
R8 =0x0000000000000007 is an unknown value
R9 =0x000000002637cb78 is pointing into the stack for thread: 0x00000000223ce800
R10=0x00000000028d0827 is at begin+0 in a stub
StubRoutines::call_stub [0x00000000028d0827, 0x00000000028d098b[ (356 bytes)
R11=0x0000000000000008 is an unknown value
R12=0x0000000021b7d3b0 is an unknown value
R13=0x00000000223ce800 is a thread
R14=0x000000002637c948 is pointing into the stack for thread: 0x00000000223ce800
R15={method} {0x00000000319443f0} '<init>' '(Lio/core/InterfaceJNI;Ljava/lang/String;IIIILjava/lang/String;)V' in 'io/core/InterfaceJNI$TrackedPerson'


Stack: [0x0000000026280000,0x0000000026380000],  sp=0x000000002637c8a8,  free space=1010k
Native frames: (J=compiled Java code, j=interpreted, Vv=VM code, C=native code)
V  [jvm.dll+0x214917]


---------------  P R O C E S S  ---------------

Java Threads: ( => current thread )
  0x0000000021131800 JavaThread "Scheduler-582030011" [_thread_blocked, id=20896, stack(0x0000000031980000,0x0000000031a80000)]
  0x0000000021137800 JavaThread "org.eclipse.jetty.server.session.HashSessionManager@6f254d79Timer" daemon [_thread_blocked, id=17684, stack(0x0000000030b40000,0x0000000030c40000)]
  0x0000000021134800 JavaThread "qtp776058458-25-selector-ServerConnectorManager@92f1f09/2" [_thread_in_native, id=21880, stack(0x000000002eaa0000,0x000000002eba0000)]
  0x0000000021131000 JavaThread "qtp776058458-24-selector-ServerConnectorManager@92f1f09/1" [_thread_in_native, id=16772, stack(0x0000000026b20000,0x0000000026c20000)]
  0x0000000021132800 JavaThread "qtp776058458-22-selector-ServerConnectorManager@92f1f09/0" [_thread_in_native, id=14956, stack(0x0000000026680000,0x0000000026780000)]
  0x000000002022c800 JavaThread "qtp776058458-21" [_thread_blocked, id=14580, stack(0x0000000026480000,0x0000000026580000)]
  0x0000000020733000 JavaThread "qtp776058458-20" [_thread_blocked, id=2544, stack(0x0000000026380000,0x0000000026480000)]
=>0x00000000223ce800 JavaThread "qtp776058458-19" [_thread_in_Java, id=22024, stack(0x0000000026280000,0x0000000026380000)]
  0x0000000022869800 JavaThread "qtp776058458-18" [_thread_blocked, id=20524, stack(0x0000000026180000,0x0000000026280000)]
  0x000000001fa7b800 JavaThread "qtp776058458-17" [_thread_blocked, id=22260, stack(0x0000000026080000,0x0000000026180000)]
  0x0000000022dcd800 JavaThread "qtp776058458-16-selector-ServerConnectorManager@92f1f09/3" [_thread_in_native, id=8380, stack(0x0000000025f80000,0x0000000026080000)]
  0x0000000020235800 JavaThread "qtp776058458-15-acceptor-0@92c43ca-ServerConnector@18247d9b{HTTP/1.1}{0.0.0.0:8080}" [_thread_in_native, id=6056, stack(0x0000000024a10000,0x0000000024b10000)]
  0x00000000219d9800 JavaThread "ShutdownMonitor" daemon [_thread_in_native, id=18628, stack(0x0000000023310000,0x0000000023410000)]
  0x000000001e26c800 JavaThread "Service Thread" daemon [_thread_blocked, id=16152, stack(0x000000001edc0000,0x000000001eec0000)]
  0x000000001e1ed000 JavaThread "C1 CompilerThread3" daemon [_thread_blocked, id=22108, stack(0x000000001ecc0000,0x000000001edc0000)]
  0x000000001e1e9000 JavaThread "C2 CompilerThread2" daemon [_thread_blocked, id=2764, stack(0x000000001ebc0000,0x000000001ecc0000)]
  0x000000001e1e8000 JavaThread "C2 CompilerThread1" daemon [_thread_blocked, id=404, stack(0x000000001eac0000,0x000000001ebc0000)]
  0x000000001e1e6000 JavaThread "C2 CompilerThread0" daemon [_thread_blocked, id=9912, stack(0x000000001e9c0000,0x000000001eac0000)]
  0x000000001e1e3000 JavaThread "Attach Listener" daemon [_thread_blocked, id=12188, stack(0x000000001e8c0000,0x000000001e9c0000)]
  0x000000001e1e2000 JavaThread "Signal Dispatcher" daemon [_thread_blocked, id=14348, stack(0x000000001e7c0000,0x000000001e8c0000)]
  0x000000001e1d0800 JavaThread "Finalizer" daemon [_thread_blocked, id=22188, stack(0x000000001e5b0000,0x000000001e6b0000)]
  0x00000000028c9000 JavaThread "Reference Handler" daemon [_thread_blocked, id=1716, stack(0x000000001e0b0000,0x000000001e1b0000)]
  0x00000000027d2800 JavaThread "main" [_thread_blocked, id=21500, stack(0x00000000026d0000,0x00000000027d0000)]

Other Threads:
  0x000000001c2e9800 VMThread [stack: 0x000000001dfb0000,0x000000001e0b0000] [id=16284]
  0x000000001e297800 WatcherThread [stack: 0x000000001eec0000,0x000000001efc0000] [id=20680]

VM state:not at safepoint (normal execution)

VM Mutex/Monitor currently owned by a thread: None

Heap:
 PSYoungGen      total 176640K, used 58920K [0x000000076b400000, 0x0000000778980000, 0x00000007c0000000)
  eden space 138752K, 42% used [0x000000076b400000,0x000000076ed8a090,0x0000000773b80000)
  from space 37888K, 0% used [0x0000000776480000,0x0000000776480000,0x0000000778980000)
  to   space 39936K, 0% used [0x0000000773b80000,0x0000000773b80000,0x0000000776280000)
 ParOldGen       total 193536K, used 31867K [0x00000006c1c00000, 0x00000006cd900000, 0x000000076b400000)
  object space 193536K, 16% used [0x00000006c1c00000,0x00000006c3b1ec00,0x00000006cd900000)
 Metaspace       used 42696K, capacity 44162K, committed 44416K, reserved 1087488K
  class space    used 5082K, capacity 5426K, committed 5504K, reserved 1048576K

Card table byte_map: [0x0000000011c90000,0x0000000012490000] byte_map_base: 0x000000000e682000

Marking Bits: (ParMarkBitMap*) 0x0000000053052d00
 Begin Bits: [0x00000000131e0000, 0x0000000017170000)
 End Bits:   [0x0000000017170000, 0x000000001b100000)

Polling page: 0x00000000007c0000

CodeCache: size=245760Kb used=23059Kb max_used=23114Kb free=222700Kb
 bounds [0x00000000028d0000, 0x0000000003fb0000, 0x00000000118d0000]
 total_blobs=6700 nmethods=6208 adapters=404
 compilation: enabled

Compilation events (10 events):
Event: 16.128 Thread 0x000000001e1ed000 nmethod 7225 0x0000000002af8050 code [0x0000000002af8360, 0x0000000002af9e68]
Event: 16.128 Thread 0x000000001e1ed000 7226       3       org.jvnet.hk2.internal.InstanceLifecycleEventImpl::<init> (41 bytes)
Event: 16.129 Thread 0x000000001e1ed000 nmethod 7226 0x0000000002e64190 code [0x0000000002e64320, 0x0000000002e64848]
Event: 16.129 Thread 0x000000001e1ed000 7228       3       java.util.Spliterators::spliterator (16 bytes)
Event: 16.129 Thread 0x000000001e1ed000 nmethod 7228 0x0000000002af7a50 code [0x0000000002af7be0, 0x0000000002af7ef8]
Event: 16.129 Thread 0x000000001e1ed000 7229       3       java.util.Spliterators$IteratorSpliterator::<init> (39 bytes)
Event: 16.129 Thread 0x000000001e1ed000 nmethod 7229 0x0000000002b9ec50 code [0x0000000002b9edc0, 0x0000000002b9f010]
Event: 16.129 Thread 0x000000001e1ed000 7224       1       org.eclipse.jetty.http.HttpFields::access$000 (5 bytes)
Event: 16.129 Thread 0x000000001e1ed000 nmethod 7224 0x0000000002af7790 code [0x0000000002af78e0, 0x0000000002af79d0]
Event: 16.133 Thread 0x000000001e1e8000 nmethod 7227 0x0000000002a9b750 code [0x0000000002a9b8e0, 0x0000000002a9bee8]

GC Heap History (10 events):
Event: 8.620 GC heap before
{Heap before GC invocations=8 (full 1):
 PSYoungGen      total 97280K, used 96925K [0x000000076b400000, 0x0000000772480000, 0x00000007c0000000)
  eden space 82944K, 100% used [0x000000076b400000,0x0000000770500000,0x0000000770500000)
  from space 14336K, 97% used [0x0000000771400000,0x00000007721a7798,0x0000000772200000)
  to   space 15360K, 0% used [0x0000000770500000,0x0000000770500000,0x0000000771400000)
 ParOldGen       total 126464K, used 14883K [0x00000006c1c00000, 0x00000006c9780000, 0x000000076b400000)
  object space 126464K, 11% used [0x00000006c1c00000,0x00000006c2a88f58,0x00000006c9780000)
 Metaspace       used 28557K, capacity 29328K, committed 29696K, reserved 1075200K
  class space    used 3256K, capacity 3461K, committed 3584K, reserved 1048576K
Event: 8.648 GC heap after
Heap after GC invocations=8 (full 1):
 PSYoungGen      total 98304K, used 15356K [0x000000076b400000, 0x0000000774800000, 0x00000007c0000000)
  eden space 82944K, 0% used [0x000000076b400000,0x000000076b400000,0x0000000770500000)
  from space 15360K, 99% used [0x0000000770500000,0x00000007713ff3b0,0x0000000771400000)
  to   space 20480K, 0% used [0x0000000773400000,0x0000000773400000,0x0000000774800000)
 ParOldGen       total 126464K, used 22252K [0x00000006c1c00000, 0x00000006c9780000, 0x000000076b400000)
  object space 126464K, 17% used [0x00000006c1c00000,0x00000006c31bb128,0x00000006c9780000)
 Metaspace       used 28557K, capacity 29328K, committed 29696K, reserved 1075200K
  class space    used 3256K, capacity 3461K, committed 3584K, reserved 1048576K
}
Event: 9.140 GC heap before
{Heap before GC invocations=9 (full 1):
 PSYoungGen      total 98304K, used 98300K [0x000000076b400000, 0x0000000774800000, 0x00000007c0000000)
  eden space 82944K, 100% used [0x000000076b400000,0x0000000770500000,0x0000000770500000)
  from space 15360K, 99% used [0x0000000770500000,0x00000007713ff3b0,0x0000000771400000)
  to   space 20480K, 0% used [0x0000000773400000,0x0000000773400000,0x0000000774800000)
 ParOldGen       total 126464K, used 22262K [0x00000006c1c00000, 0x00000006c9780000, 0x000000076b400000)
  object space 126464K, 17% used [0x00000006c1c00000,0x00000006c31bd820,0x00000006c9780000)
 Metaspace       used 28581K, capacity 29328K, committed 29696K, reserved 1075200K
  class space    used 3256K, capacity 3461K, committed 3584K, reserved 1048576K
Event: 9.214 GC heap after
Heap after GC invocations=9 (full 1):
 PSYoungGen      total 120832K, used 20465K [0x000000076b400000, 0x0000000777500000, 0x00000007c0000000)
  eden space 100352K, 0% used [0x000000076b400000,0x000000076b400000,0x0000000771600000)
  from space 20480K, 99% used [0x0000000773400000,0x00000007747fc7a8,0x0000000774800000)
  to   space 30720K, 0% used [0x0000000771600000,0x0000000771600000,0x0000000773400000)
 ParOldGen       total 126464K, used 40160K [0x00000006c1c00000, 0x00000006c9780000, 0x000000076b400000)
  object space 126464K, 31% used [0x00000006c1c00000,0x00000006c43383a8,0x00000006c9780000)
 Metaspace       used 28581K, capacity 29328K, committed 29696K, reserved 1075200K
  class space    used 3256K, capacity 3461K, committed 3584K, reserved 1048576K
}
Event: 10.051 GC heap before
{Heap before GC invocations=10 (full 1):
 PSYoungGen      total 120832K, used 120817K [0x000000076b400000, 0x0000000777500000, 0x00000007c0000000)
  eden space 100352K, 100% used [0x000000076b400000,0x0000000771600000,0x0000000771600000)
  from space 20480K, 99% used [0x0000000773400000,0x00000007747fc7a8,0x0000000774800000)
  to   space 30720K, 0% used [0x0000000771600000,0x0000000771600000,0x0000000773400000)
 ParOldGen       total 126464K, used 40165K [0x00000006c1c00000, 0x00000006c9780000, 0x000000076b400000)
  object space 126464K, 31% used [0x00000006c1c00000,0x00000006c4339630,0x00000006c9780000)
 Metaspace       used 28593K, capacity 29328K, committed 29696K, reserved 1075200K
  class space    used 3257K, capacity 3461K, committed 3584K, reserved 1048576K
Event: 10.104 GC heap after
Heap after GC invocations=10 (full 1):
 PSYoungGen      total 131072K, used 30712K [0x000000076b400000, 0x0000000778c00000, 0x00000007c0000000)
  eden space 100352K, 0% used [0x000000076b400000,0x000000076b400000,0x0000000771600000)
  from space 30720K, 99% used [0x0000000771600000,0x00000007733fe080,0x0000000773400000)
  to   space 40448K, 0% used [0x0000000776480000,0x0000000776480000,0x0000000778c00000)
 ParOldGen       total 126464K, used 54088K [0x00000006c1c00000, 0x00000006c9780000, 0x000000076b400000)
  object space 126464K, 42% used [0x00000006c1c00000,0x00000006c50d2088,0x00000006c9780000)
 Metaspace       used 28593K, capacity 29328K, committed 29696K, reserved 1075200K
  class space    used 3257K, capacity 3461K, committed 3584K, reserved 1048576K
}
Event: 10.967 GC heap before
{Heap before GC invocations=11 (full 1):
 PSYoungGen      total 131072K, used 75540K [0x000000076b400000, 0x0000000778c00000, 0x00000007c0000000)
  eden space 100352K, 44% used [0x000000076b400000,0x000000076dfc7258,0x0000000771600000)
  from space 30720K, 99% used [0x0000000771600000,0x00000007733fe080,0x0000000773400000)
  to   space 40448K, 0% used [0x0000000776480000,0x0000000776480000,0x0000000778c00000)
 ParOldGen       total 126464K, used 54088K [0x00000006c1c00000, 0x00000006c9780000, 0x000000076b400000)
  object space 126464K, 42% used [0x00000006c1c00000,0x00000006c50d2088,0x00000006c9780000)
 Metaspace       used 34175K, capacity 35288K, committed 35456K, reserved 1081344K
  class space    used 4038K, capacity 4357K, committed 4480K, reserved 1048576K
Event: 10.987 GC heap after
Heap after GC invocations=11 (full 1):
 PSYoungGen      total 176640K, used 10549K [0x000000076b400000, 0x0000000778980000, 0x00000007c0000000)
  eden space 138752K, 0% used [0x000000076b400000,0x000000076b400000,0x0000000773b80000)
  from space 37888K, 27% used [0x0000000776480000,0x0000000776ecd678,0x0000000778980000)
  to   space 39936K, 0% used [0x0000000773b80000,0x0000000773b80000,0x0000000776280000)
 ParOldGen       total 126464K, used 66715K [0x00000006c1c00000, 0x00000006c9780000, 0x000000076b400000)
  object space 126464K, 52% used [0x00000006c1c00000,0x00000006c5d26f68,0x00000006c9780000)
 Metaspace       used 34175K, capacity 35288K, committed 35456K, reserved 1081344K
  class space    used 4038K, capacity 4357K, committed 4480K, reserved 1048576K
}
Event: 10.987 GC heap before
{Heap before GC invocations=12 (full 2):
 PSYoungGen      total 176640K, used 10549K [0x000000076b400000, 0x0000000778980000, 0x00000007c0000000)
  eden space 138752K, 0% used [0x000000076b400000,0x000000076b400000,0x0000000773b80000)
  from space 37888K, 27% used [0x0000000776480000,0x0000000776ecd678,0x0000000778980000)
  to   space 39936K, 0% used [0x0000000773b80000,0x0000000773b80000,0x0000000776280000)
 ParOldGen       total 126464K, used 66715K [0x00000006c1c00000, 0x00000006c9780000, 0x000000076b400000)
  object space 126464K, 52% used [0x00000006c1c00000,0x00000006c5d26f68,0x00000006c9780000)
 Metaspace       used 34175K, capacity 35288K, committed 35456K, reserved 1081344K
  class space    used 4038K, capacity 4357K, committed 4480K, reserved 1048576K
Event: 11.057 GC heap after
Heap after GC invocations=12 (full 2):
 PSYoungGen      total 176640K, used 0K [0x000000076b400000, 0x0000000778980000, 0x00000007c0000000)
  eden space 138752K, 0% used [0x000000076b400000,0x000000076b400000,0x0000000773b80000)
  from space 37888K, 0% used [0x0000000776480000,0x0000000776480000,0x0000000778980000)
  to   space 39936K, 0% used [0x0000000773b80000,0x0000000773b80000,0x0000000776280000)
 ParOldGen       total 193536K, used 31867K [0x00000006c1c00000, 0x00000006cd900000, 0x000000076b400000)
  object space 193536K, 16% used [0x00000006c1c00000,0x00000006c3b1ec00,0x00000006cd900000)
 Metaspace       used 34175K, capacity 35288K, committed 35456K, reserved 1081344K
  class space    used 4038K, capacity 4357K, committed 4480K, reserved 1048576K
}

Deoptimization events (10 events):
Event: 12.232 Thread 0x0000000022869800 Uncommon trap: reason=unstable_if action=reinterpret pc=0x00000000036d24bc method=java.net.URI$Parser.scan(IILjava/lang/String;Ljava/lang/String;)I @ 23
Event: 12.288 Thread 0x0000000022869800 Uncommon trap: reason=class_check action=maybe_recompile pc=0x0000000002e09788 method=java.lang.reflect.Method.equals(Ljava/lang/Object;)Z @ 5
Event: 12.288 Thread 0x0000000022869800 Uncommon trap: reason=class_check action=maybe_recompile pc=0x0000000002e09788 method=java.lang.reflect.Method.equals(Ljava/lang/Object;)Z @ 5
Event: 12.303 Thread 0x0000000022869800 Uncommon trap: reason=bimorphic action=maybe_recompile pc=0x0000000002efd768 method=java.util.LinkedHashMap.afterNodeInsertion(Z)V @ 15
Event: 12.304 Thread 0x0000000022869800 Uncommon trap: reason=unstable_if action=reinterpret pc=0x00000000033407dc method=java.lang.ThreadLocal$ThreadLocalMap.getEntry(Ljava/lang/ThreadLocal;)Ljava/lang/ThreadLocal$ThreadLocalMap$Entry; @ 29
Event: 13.577 Thread 0x0000000022869800 Uncommon trap: reason=speculate_class_check action=maybe_recompile pc=0x0000000003e91844 method=java.util.AbstractList.listIterator()Ljava/util/ListIterator; @ 2
Event: 13.578 Thread 0x0000000022869800 Uncommon trap: reason=class_check action=maybe_recompile pc=0x0000000002fddf10 method=java.util.Collections$UnmodifiableMap$UnmodifiableEntrySet$1.hasNext()Z @ 4
Event: 13.582 Thread 0x0000000022869800 Uncommon trap: reason=unstable_if action=reinterpret pc=0x0000000003340cec method=java.lang.ThreadLocal$ThreadLocalMap.getEntry(Ljava/lang/ThreadLocal;)Ljava/lang/ThreadLocal$ThreadLocalMap$Entry; @ 29
Event: 16.127 Thread 0x00000000223ce800 Uncommon trap: reason=unstable_if action=reinterpret pc=0x00000000030c8db8 method=java.util.regex.Pattern$LastNode.match(Ljava/util/regex/Matcher;ILjava/lang/CharSequence;)Z @ 13
Event: 16.129 Thread 0x00000000223ce800 Uncommon trap: reason=unstable_if action=reinterpret pc=0x0000000003e31bf0 method=sun.reflect.annotation.AnnotationInvocationHandler.invoke(Ljava/lang/Object;Ljava/lang/reflect/Method;[Ljava/lang/Object;)Ljava/lang/Object; @ 19

Classes redefined (0 events):
No events

Internal exceptions (10 events):
Event: 8.424 Thread 0x00000000027d2800 Exception <a 'java/lang/ClassNotFoundException': sun/net/www/protocol/c/Handler> (0x000000076f0a3f38) thrown at [C:\re\workspace\8-2-build-windows-amd64-cygwin\jdk8u181\11358\hotspot\src\share\vm\classfile\systemDictionary.cpp, line 210]
Event: 8.501 Thread 0x0000000020235800 Implicit null exception at 0x00000000035807d9 to 0x0000000003580fbd
Event: 8.501 Thread 0x000000002022c800 Implicit null exception at 0x00000000035807d9 to 0x0000000003580fbd
Event: 8.502 Thread 0x0000000022dcd800 Implicit null exception at 0x000000000358dc4c to 0x000000000358e349
Event: 8.502 Thread 0x0000000021132800 Implicit null exception at 0x00000000035807d9 to 0x0000000003580fbd
Event: 8.501 Thread 0x0000000020733000 Implicit null exception at 0x00000000035807d9 to 0x0000000003580fbd
Event: 10.495 Thread 0x00000000027d2800 Exception <a 'java/lang/NoSuchFieldError': method resolution failed> (0x000000076c374d40) thrown at [C:\re\workspace\8-2-build-windows-amd64-cygwin\jdk8u181\11358\hotspot\src\share\vm\prims\methodHandles.cpp, line 1167]
Event: 10.497 Thread 0x00000000027d2800 Exception <a 'java/lang/NoSuchFieldError': method resolution failed> (0x000000076c3827d0) thrown at [C:\re\workspace\8-2-build-windows-amd64-cygwin\jdk8u181\11358\hotspot\src\share\vm\prims\methodHandles.cpp, line 1167]
Event: 11.260 Thread 0x00000000027d2800 Exception <a 'java/lang/NoSuchMethodError': java.lang.Object.lambda$and$0(Ljava/util/function/Predicate;Ljava/lang/Object;)Z> (0x000000076c101ce8) thrown at [C:\re\workspace\8-2-build-windows-amd64-cygwin\jdk8u181\11358\hotspot\src\share\vm\interpreter\li
Event: 11.325 Thread 0x00000000027d2800 Exception <a 'java/lang/NoSuchMethodError': java.lang.Object.lambda$comparingInt$7b0bb60$1(Ljava/util/function/ToIntFunction;Ljava/lang/Object;Ljava/lang/Object;)I> (0x000000076c47dfa0) thrown at [C:\re\workspace\8-2-build-windows-amd64-cygwin\jdk8u181\11

Events (10 events):
Event: 16.127 Thread 0x00000000223ce800 DEOPT UNPACKING pc=0x000000000291583b sp=0x000000002637d9c0 mode 2
Event: 16.129 Thread 0x00000000223ce800 Uncommon trap: trap_request=0xffffff65 fr.pc=0x0000000003e31bf0
Event: 16.129 Thread 0x00000000223ce800 DEOPT PACKING pc=0x0000000003e31bf0 sp=0x000000002637d800
Event: 16.129 Thread 0x00000000223ce800 DEOPT UNPACKING pc=0x000000000291583b sp=0x000000002637d7c8 mode 2
Event: 16.129 loading class sun/reflect/annotation/AnnotationInvocationHandler$1
Event: 16.129 loading class sun/reflect/annotation/AnnotationInvocationHandler$1 done
Event: 16.129 Executing VM operation: RevokeBias
Event: 16.129 Executing VM operation: RevokeBias done
Event: 16.131 Executing VM operation: RevokeBias
Event: 16.131 Executing VM operation: RevokeBias done


Dynamic libraries:
0x00007ff77a250000 - 0x00007ff77a287000 	C:\Program Files\Java\jdk1.8.0_181\bin\java.exe
0x00007ff8234d0000 - 0x00007ff8236b1000 	C:\WINDOWS\SYSTEM32\ntdll.dll
0x00007ff823160000 - 0x00007ff823212000 	C:\WINDOWS\System32\KERNEL32.DLL
0x00007ff81faa0000 - 0x00007ff81fd13000 	C:\WINDOWS\System32\KERNELBASE.dll
0x00007ff8227b0000 - 0x00007ff822851000 	C:\WINDOWS\System32\ADVAPI32.dll
0x00007ff822710000 - 0x00007ff8227ae000 	C:\WINDOWS\System32\msvcrt.dll
0x00007ff822580000 - 0x00007ff8225db000 	C:\WINDOWS\System32\sechost.dll
0x00007ff8225e0000 - 0x00007ff822704000 	C:\WINDOWS\System32\RPCRT4.dll
0x00007ff823220000 - 0x00007ff8233b0000 	C:\WINDOWS\System32\USER32.dll
0x00007ff81fd70000 - 0x00007ff81fd90000 	C:\WINDOWS\System32\win32u.dll
0x00007ff822550000 - 0x00007ff822578000 	C:\WINDOWS\System32\GDI32.dll
0x00007ff820690000 - 0x00007ff820822000 	C:\WINDOWS\System32\gdi32full.dll
0x00007ff81f900000 - 0x00007ff81f99f000 	C:\WINDOWS\System32\msvcp_win.dll
0x00007ff81f9a0000 - 0x00007ff81fa9a000 	C:\WINDOWS\System32\ucrtbase.dll
0x00007ff8168f0000 - 0x00007ff816b59000 	C:\WINDOWS\WinSxS\amd64_microsoft.windows.common-controls_6595b64144ccf1df_6.0.17134.407_none_fb449d63306391e9\COMCTL32.dll
0x00007ff822020000 - 0x00007ff822342000 	C:\WINDOWS\System32\combase.dll
0x00007ff820830000 - 0x00007ff8208aa000 	C:\WINDOWS\System32\bcryptPrimitives.dll
0x00007ff822f00000 - 0x00007ff822f2d000 	C:\WINDOWS\System32\IMM32.DLL
0x0000000052370000 - 0x0000000052442000 	C:\Program Files\Java\jdk1.8.0_181\jre\bin\msvcr100.dll
0x0000000052830000 - 0x00000000530d2000 	C:\Program Files\Java\jdk1.8.0_181\jre\bin\server\jvm.dll
0x00007ff822860000 - 0x00007ff822868000 	C:\WINDOWS\System32\PSAPI.DLL
0x00007ff816720000 - 0x00007ff816729000 	C:\WINDOWS\SYSTEM32\WSOCK32.dll
0x00007ff81c680000 - 0x00007ff81c6a3000 	C:\WINDOWS\SYSTEM32\WINMM.dll
0x00007ff81bb00000 - 0x00007ff81bb0a000 	C:\WINDOWS\SYSTEM32\VERSION.dll
0x00007ff823430000 - 0x00007ff82349c000 	C:\WINDOWS\System32\WS2_32.dll
0x00007ff81c650000 - 0x00007ff81c67a000 	C:\WINDOWS\SYSTEM32\WINMMBASE.dll
0x00007ff81fd20000 - 0x00007ff81fd69000 	C:\WINDOWS\System32\cfgmgr32.dll
0x0000000053ec0000 - 0x0000000053ecf000 	C:\Program Files\Java\jdk1.8.0_181\jre\bin\verify.dll
0x0000000053e90000 - 0x0000000053eb9000 	C:\Program Files\Java\jdk1.8.0_181\jre\bin\java.dll
0x0000000053e70000 - 0x0000000053e86000 	C:\Program Files\Java\jdk1.8.0_181\jre\bin\zip.dll
0x00007ff820960000 - 0x00007ff821d9f000 	C:\WINDOWS\System32\SHELL32.dll
0x00007ff822870000 - 0x00007ff822919000 	C:\WINDOWS\System32\shcore.dll
0x00007ff81fd90000 - 0x00007ff82049d000 	C:\WINDOWS\System32\windows.storage.dll
0x00007ff821fb0000 - 0x00007ff822001000 	C:\WINDOWS\System32\shlwapi.dll
0x00007ff81f820000 - 0x00007ff81f831000 	C:\WINDOWS\System32\kernel.appcore.dll
0x00007ff81f800000 - 0x00007ff81f81f000 	C:\WINDOWS\System32\profapi.dll
0x00007ff81f850000 - 0x00007ff81f89c000 	C:\WINDOWS\System32\powrprof.dll
0x00007ff81f840000 - 0x00007ff81f84a000 	C:\WINDOWS\System32\FLTLIB.DLL
0x00007ff81ba40000 - 0x00007ff81ba4a000 	D:\Programmi\apache-maven-3.6.0-bin\apache-maven-3.6.0\lib\jansi-native\windows64\jansi.dll
0x00000000533d0000 - 0x00000000533ea000 	C:\Program Files\Java\jdk1.8.0_181\jre\bin\net.dll
0x00007ff81f050000 - 0x00007ff81f0b6000 	C:\WINDOWS\system32\mswsock.dll
0x0000000052810000 - 0x0000000052821000 	C:\Program Files\Java\jdk1.8.0_181\jre\bin\nio.dll
0x0000000052760000 - 0x000000005276d000 	C:\Program Files\Java\jdk1.8.0_181\jre\bin\management.dll
0x00007ff81f220000 - 0x00007ff81f237000 	C:\WINDOWS\SYSTEM32\CRYPTSP.dll
0x00007ff81ec40000 - 0x00007ff81ec73000 	C:\WINDOWS\system32\rsaenh.dll
0x00007ff81f340000 - 0x00007ff81f365000 	C:\WINDOWS\SYSTEM32\bcrypt.dll
0x00007ff81f710000 - 0x00007ff81f738000 	C:\WINDOWS\SYSTEM32\USERENV.dll
0x00007ff81f210000 - 0x00007ff81f21b000 	C:\WINDOWS\SYSTEM32\CRYPTBASE.dll
0x00007ff81ede0000 - 0x00007ff81ee18000 	C:\WINDOWS\SYSTEM32\IPHLPAPI.DLL
0x00007ff822010000 - 0x00007ff822018000 	C:\WINDOWS\System32\NSI.dll
0x00007ff818110000 - 0x00007ff818126000 	C:\WINDOWS\SYSTEM32\dhcpcsvc6.DLL
0x00007ff8172d0000 - 0x00007ff8172ea000 	C:\WINDOWS\SYSTEM32\dhcpcsvc.DLL
0x00007ffff0f70000 - 0x00007ffff0fa5000 	D:\github\plathea\jaxrs-jersey-server-generated\src\main\java\io\core\InterfaceJNI_DLL.dll
0x00007fffecb40000 - 0x00007fffecb61000 	C:\WINDOWS\SYSTEM32\VCRUNTIME140D.dll
0x00007fffb9420000 - 0x00007fffb9514000 	C:\WINDOWS\SYSTEM32\MSVCP140D.dll
0x00007fffba680000 - 0x00007fffba83d000 	C:\WINDOWS\SYSTEM32\ucrtbased.dll
0x00007fffb8220000 - 0x00007fffb85fa000 	D:\github\plathea\jaxrs-jersey-server-generated\PlatheaDLL.dll
0x00007ff822d70000 - 0x00007ff822e5d000 	C:\WINDOWS\System32\COMDLG32.dll
0x00007ff823000000 - 0x00007ff823151000 	C:\WINDOWS\System32\ole32.dll
0x00007fffb9310000 - 0x00007fffb9418000 	D:\github\plathea\jaxrs-jersey-server-generated\opencv_video310d.dll
0x00007fffafb40000 - 0x00007fffb0ade000 	D:\github\plathea\jaxrs-jersey-server-generated\opencv_core310d.dll
0x00007fffb8070000 - 0x00007fffb821c000 	D:\github\plathea\jaxrs-jersey-server-generated\opencv_ml310d.dll
0x00007fffe5f40000 - 0x00007fffe5fa6000 	D:\github\plathea\jaxrs-jersey-server-generated\opencv_highgui310d.dll
0x00007fffb15f0000 - 0x00007fffb19c4000 	D:\github\plathea\jaxrs-jersey-server-generated\opencv_calib3d310d.dll
0x00007fffad970000 - 0x00007fffafb3b000 	D:\github\plathea\jaxrs-jersey-server-generated\opencv_imgproc310d.dll
0x00007fffb7ed0000 - 0x00007fffb8064000 	D:\github\plathea\jaxrs-jersey-server-generated\opencv_objdetect310d.dll
0x00007fffbc100000 - 0x00007fffbc1b6000 	C:\WINDOWS\SYSTEM32\CONCRT140D.dll
0x00007fffb9250000 - 0x00007fffb9302000 	D:\github\plathea\jaxrs-jersey-server-generated\opencv_videoio310d.dll
0x00007ff822f30000 - 0x00007ff822ff2000 	C:\WINDOWS\System32\OLEAUT32.dll
0x00007fffad410000 - 0x00007fffad96e000 	D:\github\plathea\jaxrs-jersey-server-generated\opencv_imgcodecs310d.dll
0x00007fffe97a0000 - 0x00007fffe97c9000 	C:\WINDOWS\SYSTEM32\MSVFW32.dll
0x00007ff80aa50000 - 0x00007ff80aa6f000 	C:\WINDOWS\SYSTEM32\AVIFIL32.dll
0x00007ffff0f20000 - 0x00007ffff0f38000 	C:\WINDOWS\SYSTEM32\AVICAP32.dll
0x00007ffff9090000 - 0x00007ffff90ac000 	C:\WINDOWS\SYSTEM32\MSACM32.dll
0x00007fffb13c0000 - 0x00007fffb15e5000 	D:\github\plathea\jaxrs-jersey-server-generated\opencv_features2d310d.dll
0x00007fffb7440000 - 0x00007fffb75bd000 	D:\github\plathea\jaxrs-jersey-server-generated\opencv_flann310d.dll
0x00007ff811490000 - 0x00007ff811659000 	C:\WINDOWS\SYSTEM32\dbghelp.dll

VM Arguments:
jvm_args: -Dclassworlds.conf=D:\Programmi\apache-maven-3.6.0-bin\apache-maven-3.6.0\bin\..\bin\m2.conf -Dmaven.home=D:\Programmi\apache-maven-3.6.0-bin\apache-maven-3.6.0\bin\.. -Dlibrary.jansi.path=D:\Programmi\apache-maven-3.6.0-bin\apache-maven-3.6.0\bin\..\lib\jansi-native -Dmaven.multiModuleProjectDirectory=D:\github\plathea\jaxrs-jersey-server-generated 
java_command: org.codehaus.plexus.classworlds.launcher.Launcher clean package jetty:run
java_class_path (initial): D:\Programmi\apache-maven-3.6.0-bin\apache-maven-3.6.0\bin\..\boot\plexus-classworlds-2.5.2.jar
Launcher Type: SUN_STANDARD

Environment Variables:
JAVA_HOME=C:\Program Files\Java\jdk1.8.0_181
PATH=C:\Program Files (x86)\Common Files\Oracle\Java\javapath;C:\Users\jack1\Desktop\plathea-code-22-trunk\plathea-code-22-trunk\opencv-master\build\install_release\x64\vc12\bin;C:\WINDOWS\system32;C:\WINDOWS;C:\WINDOWS\System32\Wbem;C:\WINDOWS\System32\WindowsPowerShell\v1.0\;C:\Program Files\Git\cmd;C:\Program Files\nodejs\;C:\Program Files\PuTTY\;C:\Users\jack1\AppData\Local\Microsoft\WindowsApps;C:\Users\jack1\AppData\Roaming\npm;C:\Users\jack1\AppData\Local\atom\bin;C:\adb;C:\WINDOWS\system32;C:\WINDOWS;C:\WINDOWS\System32\Wbem;C:\WINDOWS\System32\WindowsPowerShell\v1.0\;C:\WINDOWS\System32\OpenSSH\;C:\Users\jack1\Desktop\plathea-code-22-trunk\plathea-code-22-trunk\opencv-master\build\install_debug\x64\vc12\bin;C:\Users\jack1\AppData\Local\Microsoft\WindowsApps;C:\Users\jack1\AppData\Roaming\npm;C:\Users\jack1\AppData\Local\atom\bin;C:\Users\jack1\AppData\Local\Microsoft\WindowsApps;C:\Program Files\LLVM\bin;C:\ProgramData\jack1\atom\bin;C:\Program Files\Java\jdk1.8.0_181\bin;C:\Program Files\mingw-w64\x86_64-8.1.0-win32-seh-rt_v6-rev0\mingw64\bin;D:\Programmi\apache-maven-3.6.0-bin\apache-maven-3.6.0\bin;D:\github\plathea\LeoStormLibrary\LeoStormWindowsLib;D:\github\plathea\jaxrs-jersey-server-generated;
USERNAME=jack1
OS=Windows_NT
PROCESSOR_IDENTIFIER=Intel64 Family 6 Model 58 Stepping 9, GenuineIntel



---------------  S Y S T E M  ---------------

OS: Windows 10.0 , 64 bit Build 17134 (10.0.17134.1)

CPU:total 8 (initial active 8) (4 cores per cpu, 2 threads per core) family 6 model 58 stepping 9, cmov, cx8, fxsr, mmx, sse, sse2, sse3, ssse3, sse4.1, sse4.2, popcnt, avx, aes, clmul, erms, ht, tsc, tscinvbit, tscinv

Memory: 4k page, physical 16659944k(8023672k free), swap 19150312k(7450884k free)

vm_info: Java HotSpot(TM) 64-Bit Server VM (25.181-b13) for windows-amd64 JRE (1.8.0_181-b13), built on Jul  7 2018 04:01:33 by "java_re" with MS VC++ 10.0 (VS2010)

time: Sat Dec 08 12:56:56 2018
elapsed time: 16 seconds (0d 0h 0m 16s)

