#
# A fatal error has been detected by the Java Runtime Environment:
#
#  EXCEPTION_ACCESS_VIOLATION (0xc0000005) at pc=0x0000000052a44917, pid=17940, tid=0x0000000000005130
#
# JRE version: Java(TM) SE Runtime Environment (8.0_181-b13) (build 1.8.0_181-b13)
# Java VM: Java HotSpot(TM) 64-Bit Server VM (25.181-b13 mixed mode windows-amd64 compressed oops)
# Problematic frame:
# V  [jvm.dll+0x214917]
#
# Failed to write core dump. Minidumps are not enabled by default on client versions of Windows
#
# If you would like to submit a bug report, please visit:
#   http://bugreport.java.com/bugreport/crash.jsp
#

---------------  T H R E A D  ---------------

Current thread (0x000000001f795000):  JavaThread "qtp1084093309-18" [_thread_in_Java, id=20784, stack(0x0000000025bb0000,0x0000000025cb0000)]

siginfo: ExceptionCode=0xc0000005, reading address 0xffffffffffffffff

Registers:
RAX=0xcccccccccccccccc, RBX=0x0000000030545a70, RCX=0x0000000025cac7e0, RDX=0x0000000000000002
RSP=0x0000000025cac518, RBP=0x0000000025cac620, RSI=0x000000001f795000, RDI=0x00000000ffffffff
R8 =0x0000000000000002, R9 =0x0000000025cac7e8, R10=0x00000000025b0827, R11=0x0000000000000003
R12=0x00000000211486d0, R13=0x000000001f795000, R14=0x0000000025cac5b8, R15=0x0000000030545a70
RIP=0x0000000052a44917, EFLAGS=0x0000000000010286

Top of Stack: (sp=0x0000000025cac518)
0x0000000025cac518:   0000000052a45805 0000000030545a70
0x0000000025cac528:   0000000025cac620 0000000023d5ed58
0x0000000025cac538:   000000001f795000 000000001f795000
0x0000000025cac548:   0000000052a678fd 0000000025cac6c0
0x0000000025cac558:   00000000305459a8 0000000030545a70
0x0000000025cac568:   000000001f795000 00000000025c3be0
0x0000000025cac578:   0000000052a672ab 0000000025cac680
0x0000000025cac588:   0000000023224ed0 00008ef23068d1df
0x0000000025cac598:   0000000023d5ed88 0000000000000000
0x0000000025cac5a8:   0000000030545a70 000000001f795000
0x0000000025cac5b8:   0000000023d5ed58 0000000030545a70
0x0000000025cac5c8:   000000001f795000 0000000025cac8f8
0x0000000025cac5d8:   00000000022b7a40 000000001f795000
0x0000000025cac5e8:   000000001f925d60 0000000030545a70
0x0000000025cac5f8:   000000076edc60d0 0000000025cacd50
0x0000000025cac608:   00000000025c8c3b 0000000025cacdc0 

Instructions: (pc=0x0000000052a44917)
0x0000000052a448f7:   68 7e 30 66 0f 1f 44 00 00 48 8b 41 60 80 3c 02
0x0000000052a44907:   00 74 14 4c 8b 49 58 49 8b 04 d1 48 85 c0 74 03
0x0000000052a44917:   48 8b 00 49 89 04 d1 41 ff c0 48 ff c2 44 3b 41
0x0000000052a44927:   68 7c d6 48 8b 41 58 c3 cc 40 53 48 83 ec 20 80 


Register to memory mapping:

RAX=0xcccccccccccccccc is an unknown value
RBX={method} {0x0000000030545a78} '<init>' '(Lio/core/InterfaceJNI;Ljava/lang/String;)V' in 'io/core/InterfaceJNI$TrackedPerson'
RCX=0x0000000025cac7e0 is pointing into the stack for thread: 0x000000001f795000
RDX=0x0000000000000002 is an unknown value
RSP=0x0000000025cac518 is pointing into the stack for thread: 0x000000001f795000
RBP=0x0000000025cac620 is pointing into the stack for thread: 0x000000001f795000
RSI=0x000000001f795000 is a thread
RDI=0x00000000ffffffff is an unknown value
R8 =0x0000000000000002 is an unknown value
R9 =0x0000000025cac7e8 is pointing into the stack for thread: 0x000000001f795000
R10=0x00000000025b0827 is at begin+0 in a stub
StubRoutines::call_stub [0x00000000025b0827, 0x00000000025b098b[ (356 bytes)
R11=0x0000000000000003 is an unknown value
R12=0x00000000211486d0 is an unknown value
R13=0x000000001f795000 is a thread
R14=0x0000000025cac5b8 is pointing into the stack for thread: 0x000000001f795000
R15={method} {0x0000000030545a78} '<init>' '(Lio/core/InterfaceJNI;Ljava/lang/String;)V' in 'io/core/InterfaceJNI$TrackedPerson'


Stack: [0x0000000025bb0000,0x0000000025cb0000],  sp=0x0000000025cac518,  free space=1009k
Native frames: (J=compiled Java code, j=interpreted, Vv=VM code, C=native code)
V  [jvm.dll+0x214917]


---------------  P R O C E S S  ---------------

Java Threads: ( => current thread )
  0x000000001faf8000 JavaThread "Scheduler-1385835887" [_thread_blocked, id=16860, stack(0x0000000030580000,0x0000000030680000)]
  0x000000001fafb800 JavaThread "org.eclipse.jetty.server.session.HashSessionManager@6a94bd69Timer" daemon [_thread_blocked, id=17768, stack(0x000000002f540000,0x000000002f640000)]
  0x000000001faf9000 JavaThread "qtp1084093309-24-selector-ServerConnectorManager@28703bb5/3" [_thread_in_native, id=21032, stack(0x00000000264b0000,0x00000000265b0000)]
  0x0000000021fe1800 JavaThread "qtp1084093309-22-selector-ServerConnectorManager@28703bb5/0" [_thread_in_native, id=1768, stack(0x00000000260b0000,0x00000000261b0000)]
  0x0000000021aef000 JavaThread "qtp1084093309-21" [_thread_blocked, id=16444, stack(0x0000000025eb0000,0x0000000025fb0000)]
  0x0000000020b25000 JavaThread "qtp1084093309-20" [_thread_blocked, id=22316, stack(0x0000000025db0000,0x0000000025eb0000)]
  0x000000001e298800 JavaThread "qtp1084093309-19-selector-ServerConnectorManager@28703bb5/1" [_thread_in_native, id=12296, stack(0x0000000025cb0000,0x0000000025db0000)]
=>0x000000001f795000 JavaThread "qtp1084093309-18" [_thread_in_Java, id=20784, stack(0x0000000025bb0000,0x0000000025cb0000)]
  0x0000000020b35000 JavaThread "qtp1084093309-17-selector-ServerConnectorManager@28703bb5/2" [_thread_in_native, id=21068, stack(0x0000000025ab0000,0x0000000025bb0000)]
  0x000000001f796800 JavaThread "qtp1084093309-16" [_thread_blocked, id=22128, stack(0x00000000259b0000,0x0000000025ab0000)]
  0x000000001fb5e000 JavaThread "qtp1084093309-15-acceptor-0@4b2649fc-ServerConnector@43d00636{HTTP/1.1}{0.0.0.0:8080}" [_thread_in_native, id=11396, stack(0x0000000024840000,0x0000000024940000)]
  0x0000000024d0b800 JavaThread "ShutdownMonitor" daemon [_thread_in_native, id=1280, stack(0x0000000024610000,0x0000000024710000)]
  0x000000001df4c800 JavaThread "Service Thread" daemon [_thread_blocked, id=11436, stack(0x000000001eae0000,0x000000001ebe0000)]
  0x000000001df07800 JavaThread "C1 CompilerThread3" daemon [_thread_blocked, id=20460, stack(0x000000001e9e0000,0x000000001eae0000)]
  0x000000001df01800 JavaThread "C2 CompilerThread2" daemon [_thread_blocked, id=21816, stack(0x000000001e8e0000,0x000000001e9e0000)]
  0x000000001df00800 JavaThread "C2 CompilerThread1" daemon [_thread_blocked, id=22520, stack(0x000000001e7e0000,0x000000001e8e0000)]
  0x000000001defc000 JavaThread "C2 CompilerThread0" daemon [_thread_blocked, id=21868, stack(0x000000001e6e0000,0x000000001e7e0000)]
  0x000000001def9800 JavaThread "Attach Listener" daemon [_thread_blocked, id=20996, stack(0x000000001e5e0000,0x000000001e6e0000)]
  0x000000001bfde000 JavaThread "Signal Dispatcher" daemon [_thread_blocked, id=4900, stack(0x000000001e4e0000,0x000000001e5e0000)]
  0x000000001def0800 JavaThread "Finalizer" daemon [_thread_blocked, id=21912, stack(0x000000001e2d0000,0x000000001e3d0000)]
  0x00000000025a8000 JavaThread "Reference Handler" daemon [_thread_blocked, id=16800, stack(0x000000001ddd0000,0x000000001ded0000)]
  0x00000000024b2800 JavaThread "main" [_thread_blocked, id=17152, stack(0x00000000023b0000,0x00000000024b0000)]

Other Threads:
  0x000000001bfca000 VMThread [stack: 0x000000001dcd0000,0x000000001ddd0000] [id=21888]
  0x000000001df4f800 WatcherThread [stack: 0x000000001ebe0000,0x000000001ece0000] [id=19024]

VM state:not at safepoint (normal execution)

VM Mutex/Monitor currently owned by a thread: None

Heap:
 PSYoungGen      total 221184K, used 59552K [0x000000076b400000, 0x000000077bb00000, 0x00000007c0000000)
  eden space 178688K, 33% used [0x000000076b400000,0x000000076ee28128,0x0000000776280000)
  from space 42496K, 0% used [0x0000000778c00000,0x0000000778c00000,0x000000077b580000)
  to   space 42496K, 0% used [0x0000000776280000,0x0000000776280000,0x0000000778c00000)
 ParOldGen       total 166912K, used 28379K [0x00000006c1c00000, 0x00000006cbf00000, 0x000000076b400000)
  object space 166912K, 17% used [0x00000006c1c00000,0x00000006c37b6e38,0x00000006cbf00000)
 Metaspace       used 42700K, capacity 44162K, committed 44416K, reserved 1087488K
  class space    used 5081K, capacity 5426K, committed 5504K, reserved 1048576K

Card table byte_map: [0x0000000011970000,0x0000000012170000] byte_map_base: 0x000000000e362000

Marking Bits: (ParMarkBitMap*) 0x0000000053052d00
 Begin Bits: [0x0000000012ec0000, 0x0000000016e50000)
 End Bits:   [0x0000000016e50000, 0x000000001ade0000)

Polling page: 0x0000000000950000

CodeCache: size=245760Kb used=22732Kb max_used=23156Kb free=223027Kb
 bounds [0x00000000025b0000, 0x0000000003ca0000, 0x00000000115b0000]
 total_blobs=6692 nmethods=6200 adapters=404
 compilation: enabled

Compilation events (10 events):
Event: 33.516 Thread 0x000000001df07800 7274       3       org.jvnet.hk2.internal.InstanceLifecycleEventImpl::<init> (41 bytes)
Event: 33.517 Thread 0x000000001df07800 nmethod 7274 0x0000000002cf4390 code [0x0000000002cf4520, 0x0000000002cf4a48]
Event: 33.517 Thread 0x000000001df07800 7273       3       org.jvnet.hk2.internal.ServiceLocatorImpl::resolveContext (73 bytes)
Event: 33.517 Thread 0x000000001df07800 nmethod 7273 0x0000000002a3c910 code [0x0000000002a3cb00, 0x0000000002a3d598]
Event: 33.517 Thread 0x000000001df07800 7275       3       java.util.Spliterators::spliterator (16 bytes)
Event: 33.517 Thread 0x000000001df07800 nmethod 7275 0x0000000002756390 code [0x0000000002756520, 0x0000000002756838]
Event: 33.517 Thread 0x000000001df07800 7276       3       java.util.Spliterators$IteratorSpliterator::<init> (39 bytes)
Event: 33.517 Thread 0x000000001df07800 nmethod 7276 0x0000000003430390 code [0x0000000003430500, 0x0000000003430750]
Event: 33.518 Thread 0x000000001df07800 7277       3       org.jvnet.hk2.internal.SystemInjecteeImpl::hashCode (21 bytes)
Event: 33.518 Thread 0x000000001df07800 nmethod 7277 0x0000000003443010 code [0x0000000003443180, 0x0000000003443478]

GC Heap History (10 events):
Event: 8.446 GC heap before
{Heap before GC invocations=8 (full 1):
 PSYoungGen      total 104448K, used 104001K [0x000000076b400000, 0x0000000772b80000, 0x00000007c0000000)
  eden space 90112K, 100% used [0x000000076b400000,0x0000000770c00000,0x0000000770c00000)
  from space 14336K, 96% used [0x0000000771b00000,0x0000000772890640,0x0000000772900000)
  to   space 15360K, 0% used [0x0000000770c00000,0x0000000770c00000,0x0000000771b00000)
 ParOldGen       total 119296K, used 14827K [0x00000006c1c00000, 0x00000006c9080000, 0x000000076b400000)
  object space 119296K, 12% used [0x00000006c1c00000,0x00000006c2a7ac08,0x00000006c9080000)
 Metaspace       used 28553K, capacity 29328K, committed 29696K, reserved 1075200K
  class space    used 3253K, capacity 3461K, committed 3584K, reserved 1048576K
Event: 8.480 GC heap after
Heap after GC invocations=8 (full 1):
 PSYoungGen      total 105472K, used 15356K [0x000000076b400000, 0x0000000776100000, 0x00000007c0000000)
  eden space 90112K, 0% used [0x000000076b400000,0x000000076b400000,0x0000000770c00000)
  from space 15360K, 99% used [0x0000000770c00000,0x0000000771aff3e8,0x0000000771b00000)
  to   space 21504K, 0% used [0x0000000774c00000,0x0000000774c00000,0x0000000776100000)
 ParOldGen       total 119296K, used 23952K [0x00000006c1c00000, 0x00000006c9080000, 0x000000076b400000)
  object space 119296K, 20% used [0x00000006c1c00000,0x00000006c3364118,0x00000006c9080000)
 Metaspace       used 28553K, capacity 29328K, committed 29696K, reserved 1075200K
  class space    used 3253K, capacity 3461K, committed 3584K, reserved 1048576K
}
Event: 8.935 GC heap before
{Heap before GC invocations=9 (full 1):
 PSYoungGen      total 105472K, used 105468K [0x000000076b400000, 0x0000000776100000, 0x00000007c0000000)
  eden space 90112K, 100% used [0x000000076b400000,0x0000000770c00000,0x0000000770c00000)
  from space 15360K, 99% used [0x0000000770c00000,0x0000000771aff3e8,0x0000000771b00000)
  to   space 21504K, 0% used [0x0000000774c00000,0x0000000774c00000,0x0000000776100000)
 ParOldGen       total 119296K, used 23952K [0x00000006c1c00000, 0x00000006c9080000, 0x000000076b400000)
  object space 119296K, 20% used [0x00000006c1c00000,0x00000006c3364118,0x00000006c9080000)
 Metaspace       used 28568K, capacity 29328K, committed 29696K, reserved 1075200K
  class space    used 3253K, capacity 3461K, committed 3584K, reserved 1048576K
Event: 9.007 GC heap after
Heap after GC invocations=9 (full 1):
 PSYoungGen      total 144896K, used 21472K [0x000000076b400000, 0x0000000778e00000, 0x00000007c0000000)
  eden space 123392K, 0% used [0x000000076b400000,0x000000076b400000,0x0000000772c80000)
  from space 21504K, 99% used [0x0000000774c00000,0x00000007760f8260,0x0000000776100000)
  to   space 32256K, 0% used [0x0000000772c80000,0x0000000772c80000,0x0000000774c00000)
 ParOldGen       total 119296K, used 43376K [0x00000006c1c00000, 0x00000006c9080000, 0x000000076b400000)
  object space 119296K, 36% used [0x00000006c1c00000,0x00000006c465c3f0,0x00000006c9080000)
 Metaspace       used 28568K, capacity 29328K, committed 29696K, reserved 1075200K
  class space    used 3253K, capacity 3461K, committed 3584K, reserved 1048576K
}
Event: 10.355 GC heap before
{Heap before GC invocations=10 (full 1):
 PSYoungGen      total 144896K, used 144864K [0x000000076b400000, 0x0000000778e00000, 0x00000007c0000000)
  eden space 123392K, 100% used [0x000000076b400000,0x0000000772c80000,0x0000000772c80000)
  from space 21504K, 99% used [0x0000000774c00000,0x00000007760f8260,0x0000000776100000)
  to   space 32256K, 0% used [0x0000000772c80000,0x0000000772c80000,0x0000000774c00000)
 ParOldGen       total 119296K, used 43376K [0x00000006c1c00000, 0x00000006c9080000, 0x000000076b400000)
  object space 119296K, 36% used [0x00000006c1c00000,0x00000006c465c3f0,0x00000006c9080000)
 Metaspace       used 33414K, capacity 34462K, committed 34688K, reserved 1079296K
  class space    used 3909K, capacity 4222K, committed 4224K, reserved 1048576K
Event: 10.400 GC heap after
Heap after GC invocations=10 (full 1):
 PSYoungGen      total 155648K, used 32242K [0x000000076b400000, 0x000000077b580000, 0x00000007c0000000)
  eden space 123392K, 0% used [0x000000076b400000,0x000000076b400000,0x0000000772c80000)
  from space 32256K, 99% used [0x0000000772c80000,0x0000000774bfcb58,0x0000000774c00000)
  to   space 42496K, 0% used [0x0000000778c00000,0x0000000778c00000,0x000000077b580000)
 ParOldGen       total 119296K, used 57306K [0x00000006c1c00000, 0x00000006c9080000, 0x000000076b400000)
  object space 119296K, 48% used [0x00000006c1c00000,0x00000006c53f6890,0x00000006c9080000)
 Metaspace       used 33414K, capacity 34462K, committed 34688K, reserved 1079296K
  class space    used 3909K, capacity 4222K, committed 4224K, reserved 1048576K
}
Event: 10.532 GC heap before
{Heap before GC invocations=11 (full 1):
 PSYoungGen      total 155648K, used 39422K [0x000000076b400000, 0x000000077b580000, 0x00000007c0000000)
  eden space 123392K, 5% used [0x000000076b400000,0x000000076bb02e70,0x0000000772c80000)
  from space 32256K, 99% used [0x0000000772c80000,0x0000000774bfcb58,0x0000000774c00000)
  to   space 42496K, 0% used [0x0000000778c00000,0x0000000778c00000,0x000000077b580000)
 ParOldGen       total 119296K, used 57306K [0x00000006c1c00000, 0x00000006c9080000, 0x000000076b400000)
  object space 119296K, 48% used [0x00000006c1c00000,0x00000006c53f6890,0x00000006c9080000)
 Metaspace       used 34164K, capacity 35288K, committed 35456K, reserved 1081344K
  class space    used 4034K, capacity 4357K, committed 4480K, reserved 1048576K
Event: 10.554 GC heap after
Heap after GC invocations=11 (full 1):
 PSYoungGen      total 221184K, used 6597K [0x000000076b400000, 0x000000077bb00000, 0x00000007c0000000)
  eden space 178688K, 0% used [0x000000076b400000,0x000000076b400000,0x0000000776280000)
  from space 42496K, 15% used [0x0000000778c00000,0x0000000779271610,0x000000077b580000)
  to   space 42496K, 0% used [0x0000000776280000,0x0000000776280000,0x0000000778c00000)
 ParOldGen       total 119296K, used 69870K [0x00000006c1c00000, 0x00000006c9080000, 0x000000076b400000)
  object space 119296K, 58% used [0x00000006c1c00000,0x00000006c603bbe8,0x00000006c9080000)
 Metaspace       used 34164K, capacity 35288K, committed 35456K, reserved 1081344K
  class space    used 4034K, capacity 4357K, committed 4480K, reserved 1048576K
}
Event: 10.554 GC heap before
{Heap before GC invocations=12 (full 2):
 PSYoungGen      total 221184K, used 6597K [0x000000076b400000, 0x000000077bb00000, 0x00000007c0000000)
  eden space 178688K, 0% used [0x000000076b400000,0x000000076b400000,0x0000000776280000)
  from space 42496K, 15% used [0x0000000778c00000,0x0000000779271610,0x000000077b580000)
  to   space 42496K, 0% used [0x0000000776280000,0x0000000776280000,0x0000000778c00000)
 ParOldGen       total 119296K, used 69870K [0x00000006c1c00000, 0x00000006c9080000, 0x000000076b400000)
  object space 119296K, 58% used [0x00000006c1c00000,0x00000006c603bbe8,0x00000006c9080000)
 Metaspace       used 34164K, capacity 35288K, committed 35456K, reserved 1081344K
  class space    used 4034K, capacity 4357K, committed 4480K, reserved 1048576K
Event: 10.619 GC heap after
Heap after GC invocations=12 (full 2):
 PSYoungGen      total 221184K, used 0K [0x000000076b400000, 0x000000077bb00000, 0x00000007c0000000)
  eden space 178688K, 0% used [0x000000076b400000,0x000000076b400000,0x0000000776280000)
  from space 42496K, 0% used [0x0000000778c00000,0x0000000778c00000,0x000000077b580000)
  to   space 42496K, 0% used [0x0000000776280000,0x0000000776280000,0x0000000778c00000)
 ParOldGen       total 166912K, used 28379K [0x00000006c1c00000, 0x00000006cbf00000, 0x000000076b400000)
  object space 166912K, 17% used [0x00000006c1c00000,0x00000006c37b6e38,0x00000006cbf00000)
 Metaspace       used 34164K, capacity 35288K, committed 35456K, reserved 1081344K
  class space    used 4034K, capacity 4357K, committed 4480K, reserved 1048576K
}

Deoptimization events (10 events):
Event: 27.910 Thread 0x0000000020b25000 Uncommon trap: reason=unstable_if action=reinterpret pc=0x00000000033eeefc method=java.net.URI$Parser.scan(IILjava/lang/String;Ljava/lang/String;)I @ 23
Event: 27.958 Thread 0x0000000020b25000 Uncommon trap: reason=class_check action=maybe_recompile pc=0x0000000002af6f08 method=java.lang.reflect.Method.equals(Ljava/lang/Object;)Z @ 5
Event: 27.958 Thread 0x0000000020b25000 Uncommon trap: reason=class_check action=maybe_recompile pc=0x0000000002af6f08 method=java.lang.reflect.Method.equals(Ljava/lang/Object;)Z @ 5
Event: 27.969 Thread 0x0000000020b25000 Uncommon trap: reason=bimorphic action=maybe_recompile pc=0x0000000002928834 method=java.util.LinkedHashMap.afterNodeInsertion(Z)V @ 15
Event: 27.970 Thread 0x0000000020b25000 Uncommon trap: reason=unstable_if action=reinterpret pc=0x000000000316af1c method=java.lang.ThreadLocal$ThreadLocalMap.getEntry(Ljava/lang/ThreadLocal;)Ljava/lang/ThreadLocal$ThreadLocalMap$Entry; @ 29
Event: 31.314 Thread 0x0000000020b25000 Uncommon trap: reason=speculate_class_check action=maybe_recompile pc=0x0000000003b92a84 method=java.util.AbstractList.listIterator()Ljava/util/ListIterator; @ 2
Event: 31.315 Thread 0x0000000020b25000 Uncommon trap: reason=class_check action=maybe_recompile pc=0x0000000002c95b50 method=java.util.Collections$UnmodifiableMap$UnmodifiableEntrySet$1.hasNext()Z @ 4
Event: 31.317 Thread 0x0000000020b25000 Uncommon trap: reason=unstable_if action=reinterpret pc=0x000000000316b3ac method=java.lang.ThreadLocal$ThreadLocalMap.getEntry(Ljava/lang/ThreadLocal;)Ljava/lang/ThreadLocal$ThreadLocalMap$Entry; @ 29
Event: 33.515 Thread 0x000000001f795000 Uncommon trap: reason=unstable_if action=reinterpret pc=0x0000000002f46438 method=java.util.regex.Pattern$LastNode.match(Ljava/util/regex/Matcher;ILjava/lang/CharSequence;)Z @ 13
Event: 33.517 Thread 0x000000001f795000 Uncommon trap: reason=unstable_if action=reinterpret pc=0x0000000003afb52c method=sun.reflect.annotation.AnnotationInvocationHandler.invoke(Ljava/lang/Object;Ljava/lang/reflect/Method;[Ljava/lang/Object;)Ljava/lang/Object; @ 19

Classes redefined (0 events):
No events

Internal exceptions (10 events):
Event: 8.287 Thread 0x000000001f796800 Implicit null exception at 0x00000000032f4bd9 to 0x00000000032f53bd
Event: 8.287 Thread 0x0000000021aef000 Implicit null exception at 0x00000000032f890c to 0x00000000032f9009
Event: 8.287 Thread 0x0000000020b25000 Implicit null exception at 0x00000000032f890c to 0x00000000032f9009
Event: 8.289 Thread 0x000000001f795000 Implicit null exception at 0x00000000032f4bd9 to 0x00000000032f53bd
Event: 8.287 Thread 0x0000000021fe1800 Implicit null exception at 0x00000000032f4bd9 to 0x00000000032f53bd
Event: 8.287 Thread 0x000000001e298800 Implicit null exception at 0x00000000032f4bd9 to 0x00000000032f53bd
Event: 10.058 Thread 0x00000000024b2800 Exception <a 'java/lang/NoSuchFieldError': method resolution failed> (0x00000007716d56b8) thrown at [C:\re\workspace\8-2-build-windows-amd64-cygwin\jdk8u181\11358\hotspot\src\share\vm\prims\methodHandles.cpp, line 1167]
Event: 10.059 Thread 0x00000000024b2800 Exception <a 'java/lang/NoSuchFieldError': method resolution failed> (0x00000007716e3148) thrown at [C:\re\workspace\8-2-build-windows-amd64-cygwin\jdk8u181\11358\hotspot\src\share\vm\prims\methodHandles.cpp, line 1167]
Event: 10.783 Thread 0x00000000024b2800 Exception <a 'java/lang/NoSuchMethodError': java.lang.Object.lambda$and$0(Ljava/util/function/Predicate;Ljava/lang/Object;)Z> (0x000000076c07aee8) thrown at [C:\re\workspace\8-2-build-windows-amd64-cygwin\jdk8u181\11358\hotspot\src\share\vm\interpreter\li
Event: 10.844 Thread 0x00000000024b2800 Exception <a 'java/lang/NoSuchMethodError': java.lang.Object.lambda$comparingInt$7b0bb60$1(Ljava/util/function/ToIntFunction;Ljava/lang/Object;Ljava/lang/Object;)I> (0x000000076c3f8a50) thrown at [C:\re\workspace\8-2-build-windows-amd64-cygwin\jdk8u181\11

Events (10 events):
Event: 33.515 Thread 0x000000001f795000 DEOPT UNPACKING pc=0x00000000025f583b sp=0x0000000025cad580 mode 2
Event: 33.517 Thread 0x000000001f795000 Uncommon trap: trap_request=0xffffff65 fr.pc=0x0000000003afb52c
Event: 33.517 Thread 0x000000001f795000 DEOPT PACKING pc=0x0000000003afb52c sp=0x0000000025cad440
Event: 33.517 Thread 0x000000001f795000 DEOPT UNPACKING pc=0x00000000025f583b sp=0x0000000025cad408 mode 2
Event: 33.517 loading class sun/reflect/annotation/AnnotationInvocationHandler$1
Event: 33.517 loading class sun/reflect/annotation/AnnotationInvocationHandler$1 done
Event: 33.517 Executing VM operation: RevokeBias
Event: 33.517 Executing VM operation: RevokeBias done
Event: 33.519 Executing VM operation: RevokeBias
Event: 33.519 Executing VM operation: RevokeBias done


Dynamic libraries:
0x00007ff77a250000 - 0x00007ff77a287000 	C:\Program Files\Java\jdk1.8.0_181\bin\java.exe
0x00007ff8234d0000 - 0x00007ff8236b1000 	C:\WINDOWS\SYSTEM32\ntdll.dll
0x00007ff823160000 - 0x00007ff823212000 	C:\WINDOWS\System32\KERNEL32.DLL
0x00007ff81faa0000 - 0x00007ff81fd13000 	C:\WINDOWS\System32\KERNELBASE.dll
0x00007ff8227b0000 - 0x00007ff822851000 	C:\WINDOWS\System32\ADVAPI32.dll
0x00007ff822710000 - 0x00007ff8227ae000 	C:\WINDOWS\System32\msvcrt.dll
0x00007ff822580000 - 0x00007ff8225db000 	C:\WINDOWS\System32\sechost.dll
0x00007ff8225e0000 - 0x00007ff822704000 	C:\WINDOWS\System32\RPCRT4.dll
0x00007ff823220000 - 0x00007ff8233b0000 	C:\WINDOWS\System32\USER32.dll
0x00007ff81fd70000 - 0x00007ff81fd90000 	C:\WINDOWS\System32\win32u.dll
0x00007ff822550000 - 0x00007ff822578000 	C:\WINDOWS\System32\GDI32.dll
0x00007ff820690000 - 0x00007ff820822000 	C:\WINDOWS\System32\gdi32full.dll
0x00007ff81f900000 - 0x00007ff81f99f000 	C:\WINDOWS\System32\msvcp_win.dll
0x00007ff81f9a0000 - 0x00007ff81fa9a000 	C:\WINDOWS\System32\ucrtbase.dll
0x00007ff8168f0000 - 0x00007ff816b59000 	C:\WINDOWS\WinSxS\amd64_microsoft.windows.common-controls_6595b64144ccf1df_6.0.17134.407_none_fb449d63306391e9\COMCTL32.dll
0x00007ff822020000 - 0x00007ff822342000 	C:\WINDOWS\System32\combase.dll
0x00007ff820830000 - 0x00007ff8208aa000 	C:\WINDOWS\System32\bcryptPrimitives.dll
0x00007ff822f00000 - 0x00007ff822f2d000 	C:\WINDOWS\System32\IMM32.DLL
0x0000000052370000 - 0x0000000052442000 	C:\Program Files\Java\jdk1.8.0_181\jre\bin\msvcr100.dll
0x0000000052830000 - 0x00000000530d2000 	C:\Program Files\Java\jdk1.8.0_181\jre\bin\server\jvm.dll
0x00007ff822860000 - 0x00007ff822868000 	C:\WINDOWS\System32\PSAPI.DLL
0x00007ff81bb00000 - 0x00007ff81bb0a000 	C:\WINDOWS\SYSTEM32\VERSION.dll
0x00007ff81c680000 - 0x00007ff81c6a3000 	C:\WINDOWS\SYSTEM32\WINMM.dll
0x00007ff816720000 - 0x00007ff816729000 	C:\WINDOWS\SYSTEM32\WSOCK32.dll
0x00007ff823430000 - 0x00007ff82349c000 	C:\WINDOWS\System32\WS2_32.dll
0x00007ff81c650000 - 0x00007ff81c67a000 	C:\WINDOWS\SYSTEM32\winmmbase.dll
0x00007ff81fd20000 - 0x00007ff81fd69000 	C:\WINDOWS\System32\cfgmgr32.dll
0x0000000053ec0000 - 0x0000000053ecf000 	C:\Program Files\Java\jdk1.8.0_181\jre\bin\verify.dll
0x0000000053e90000 - 0x0000000053eb9000 	C:\Program Files\Java\jdk1.8.0_181\jre\bin\java.dll
0x0000000053e70000 - 0x0000000053e86000 	C:\Program Files\Java\jdk1.8.0_181\jre\bin\zip.dll
0x00007ff820960000 - 0x00007ff821d9f000 	C:\WINDOWS\System32\SHELL32.dll
0x00007ff822870000 - 0x00007ff822919000 	C:\WINDOWS\System32\shcore.dll
0x00007ff81fd90000 - 0x00007ff82049d000 	C:\WINDOWS\System32\windows.storage.dll
0x00007ff821fb0000 - 0x00007ff822001000 	C:\WINDOWS\System32\shlwapi.dll
0x00007ff81f820000 - 0x00007ff81f831000 	C:\WINDOWS\System32\kernel.appcore.dll
0x00007ff81f800000 - 0x00007ff81f81f000 	C:\WINDOWS\System32\profapi.dll
0x00007ff81f850000 - 0x00007ff81f89c000 	C:\WINDOWS\System32\powrprof.dll
0x00007ff81f840000 - 0x00007ff81f84a000 	C:\WINDOWS\System32\FLTLIB.DLL
0x00007ff816730000 - 0x00007ff81673a000 	D:\Programmi\apache-maven-3.6.0-bin\apache-maven-3.6.0\lib\jansi-native\windows64\jansi.dll
0x00000000533d0000 - 0x00000000533ea000 	C:\Program Files\Java\jdk1.8.0_181\jre\bin\net.dll
0x00007ff81f050000 - 0x00007ff81f0b6000 	C:\WINDOWS\system32\mswsock.dll
0x0000000052810000 - 0x0000000052821000 	C:\Program Files\Java\jdk1.8.0_181\jre\bin\nio.dll
0x0000000052760000 - 0x000000005276d000 	C:\Program Files\Java\jdk1.8.0_181\jre\bin\management.dll
0x00007ff81f220000 - 0x00007ff81f237000 	C:\WINDOWS\SYSTEM32\CRYPTSP.dll
0x00007ff81ec40000 - 0x00007ff81ec73000 	C:\WINDOWS\system32\rsaenh.dll
0x00007ff81f340000 - 0x00007ff81f365000 	C:\WINDOWS\SYSTEM32\bcrypt.dll
0x00007ff81f710000 - 0x00007ff81f738000 	C:\WINDOWS\SYSTEM32\USERENV.dll
0x00007ff81f210000 - 0x00007ff81f21b000 	C:\WINDOWS\SYSTEM32\CRYPTBASE.dll
0x00007ff81ede0000 - 0x00007ff81ee18000 	C:\WINDOWS\SYSTEM32\IPHLPAPI.DLL
0x00007ff822010000 - 0x00007ff822018000 	C:\WINDOWS\System32\NSI.dll
0x00007ff818110000 - 0x00007ff818126000 	C:\WINDOWS\SYSTEM32\dhcpcsvc6.DLL
0x00007ff8172d0000 - 0x00007ff8172ea000 	C:\WINDOWS\SYSTEM32\dhcpcsvc.DLL
0x00007ffff0f70000 - 0x00007ffff0fa5000 	D:\github\plathea\jaxrs-jersey-server-generated\src\main\java\io\core\InterfaceJNI_DLL.dll
0x00007fffecb40000 - 0x00007fffecb61000 	C:\WINDOWS\SYSTEM32\VCRUNTIME140D.dll
0x00007fffe7800000 - 0x00007fffe78f4000 	C:\WINDOWS\SYSTEM32\MSVCP140D.dll
0x00007fffb9360000 - 0x00007fffb951d000 	C:\WINDOWS\SYSTEM32\ucrtbased.dll
0x00007fffb7ed0000 - 0x00007fffb82aa000 	D:\github\plathea\jaxrs-jersey-server-generated\PlatheaDLL.dll
0x00007ff822d70000 - 0x00007ff822e5d000 	C:\WINDOWS\System32\COMDLG32.dll
0x00007ff823000000 - 0x00007ff823151000 	C:\WINDOWS\System32\ole32.dll
0x00007fffba730000 - 0x00007fffba838000 	D:\github\plathea\jaxrs-jersey-server-generated\opencv_video310d.dll
0x00007fffafb40000 - 0x00007fffb0ade000 	D:\github\plathea\jaxrs-jersey-server-generated\opencv_core310d.dll
0x00007fffb8b80000 - 0x00007fffb8d2c000 	D:\github\plathea\jaxrs-jersey-server-generated\opencv_ml310d.dll
0x00007fffe5f40000 - 0x00007fffe5fa6000 	D:\github\plathea\jaxrs-jersey-server-generated\opencv_highgui310d.dll
0x00007fffb15f0000 - 0x00007fffb19c4000 	D:\github\plathea\jaxrs-jersey-server-generated\opencv_calib3d310d.dll
0x00007fffad970000 - 0x00007fffafb3b000 	D:\github\plathea\jaxrs-jersey-server-generated\opencv_imgproc310d.dll
0x00007fffb7420000 - 0x00007fffb75b4000 	D:\github\plathea\jaxrs-jersey-server-generated\opencv_objdetect310d.dll
0x00007fffba5a0000 - 0x00007fffba656000 	C:\WINDOWS\SYSTEM32\CONCRT140D.dll
0x00007fffb92a0000 - 0x00007fffb9352000 	D:\github\plathea\jaxrs-jersey-server-generated\opencv_videoio310d.dll
0x00007ff822f30000 - 0x00007ff822ff2000 	C:\WINDOWS\System32\OLEAUT32.dll
0x00007fffad410000 - 0x00007fffad96e000 	D:\github\plathea\jaxrs-jersey-server-generated\opencv_imgcodecs310d.dll
0x00007fffb13c0000 - 0x00007fffb15e5000 	D:\github\plathea\jaxrs-jersey-server-generated\opencv_features2d310d.dll
0x00007fffb6be0000 - 0x00007fffb6d5d000 	D:\github\plathea\jaxrs-jersey-server-generated\opencv_flann310d.dll
0x00007fffe97a0000 - 0x00007fffe97c9000 	C:\WINDOWS\SYSTEM32\MSVFW32.dll
0x00007ffff0f20000 - 0x00007ffff0f3f000 	C:\WINDOWS\SYSTEM32\AVIFIL32.dll
0x00007fffebfe0000 - 0x00007fffebff8000 	C:\WINDOWS\SYSTEM32\AVICAP32.dll
0x00007ffff9090000 - 0x00007ffff90ac000 	C:\WINDOWS\SYSTEM32\MSACM32.dll
0x00007ff811490000 - 0x00007ff811659000 	C:\WINDOWS\SYSTEM32\dbghelp.dll

VM Arguments:
jvm_args: -Dclassworlds.conf=D:\Programmi\apache-maven-3.6.0-bin\apache-maven-3.6.0\bin\..\bin\m2.conf -Dmaven.home=D:\Programmi\apache-maven-3.6.0-bin\apache-maven-3.6.0\bin\.. -Dlibrary.jansi.path=D:\Programmi\apache-maven-3.6.0-bin\apache-maven-3.6.0\bin\..\lib\jansi-native -Dmaven.multiModuleProjectDirectory=D:\github\plathea\jaxrs-jersey-server-generated 
java_command: org.codehaus.plexus.classworlds.launcher.Launcher clean package jetty:run
java_class_path (initial): D:\Programmi\apache-maven-3.6.0-bin\apache-maven-3.6.0\bin\..\boot\plexus-classworlds-2.5.2.jar
Launcher Type: SUN_STANDARD

Environment Variables:
JAVA_HOME=C:\Program Files\Java\jdk1.8.0_181
PATH=C:\Program Files (x86)\Common Files\Oracle\Java\javapath;C:\Users\jack1\Desktop\plathea-code-22-trunk\plathea-code-22-trunk\opencv-master\build\install_release\x64\vc12\bin;C:\WINDOWS\system32;C:\WINDOWS;C:\WINDOWS\System32\Wbem;C:\WINDOWS\System32\WindowsPowerShell\v1.0\;C:\Program Files\Git\cmd;C:\Program Files\nodejs\;C:\Program Files\PuTTY\;C:\Users\jack1\AppData\Local\Microsoft\WindowsApps;C:\Users\jack1\AppData\Roaming\npm;C:\Users\jack1\AppData\Local\atom\bin;C:\adb;C:\WINDOWS\system32;C:\WINDOWS;C:\WINDOWS\System32\Wbem;C:\WINDOWS\System32\WindowsPowerShell\v1.0\;C:\WINDOWS\System32\OpenSSH\;C:\Users\jack1\Desktop\plathea-code-22-trunk\plathea-code-22-trunk\opencv-master\build\install_debug\x64\vc12\bin;C:\Users\jack1\AppData\Local\Microsoft\WindowsApps;C:\Users\jack1\AppData\Roaming\npm;C:\Users\jack1\AppData\Local\atom\bin;C:\Users\jack1\AppData\Local\Microsoft\WindowsApps;C:\Program Files\LLVM\bin;C:\ProgramData\jack1\atom\bin;C:\Program Files\Java\jdk1.8.0_181\bin;C:\Program Files\mingw-w64\x86_64-8.1.0-win32-seh-rt_v6-rev0\mingw64\bin;D:\Programmi\apache-maven-3.6.0-bin\apache-maven-3.6.0\bin;D:\github\plathea\LeoStormLibrary\LeoStormWindowsLib;D:\github\plathea\jaxrs-jersey-server-generated;
USERNAME=jack1
OS=Windows_NT
PROCESSOR_IDENTIFIER=Intel64 Family 6 Model 58 Stepping 9, GenuineIntel



---------------  S Y S T E M  ---------------

OS: Windows 10.0 , 64 bit Build 17134 (10.0.17134.1)

CPU:total 8 (initial active 8) (4 cores per cpu, 2 threads per core) family 6 model 58 stepping 9, cmov, cx8, fxsr, mmx, sse, sse2, sse3, ssse3, sse4.1, sse4.2, popcnt, avx, aes, clmul, erms, ht, tsc, tscinvbit, tscinv

Memory: 4k page, physical 16659944k(7603472k free), swap 19150312k(6389360k free)

vm_info: Java HotSpot(TM) 64-Bit Server VM (25.181-b13) for windows-amd64 JRE (1.8.0_181-b13), built on Jul  7 2018 04:01:33 by "java_re" with MS VC++ 10.0 (VS2010)

time: Sat Dec 08 13:59:54 2018
elapsed time: 33 seconds (0d 0h 0m 33s)

