#
# A fatal error has been detected by the Java Runtime Environment:
#
#  EXCEPTION_ACCESS_VIOLATION (0xc0000005) at pc=0x000000005ee15ed2, pid=15896, tid=0x0000000000003384
#
# JRE version: Java(TM) SE Runtime Environment (8.0_181-b13) (build 1.8.0_181-b13)
# Java VM: Java HotSpot(TM) 64-Bit Server VM (25.181-b13 mixed mode windows-amd64 compressed oops)
# Problematic frame:
# V  [jvm.dll+0x145ed2]
#
# Failed to write core dump. Minidumps are not enabled by default on client versions of Windows
#
# If you would like to submit a bug report, please visit:
#   http://bugreport.java.com/bugreport/crash.jsp
#

---------------  T H R E A D  ---------------

Current thread (0x00000000245b9000):  JavaThread "qtp1358323680-22" [_thread_in_vm, id=13188, stack(0x0000000026fe0000,0x00000000270e0000)]

siginfo: ExceptionCode=0xc0000005, reading address 0x0000000000000000

Registers:
RAX=0x0000000000000000, RBX=0x00000000245b9000, RCX=0x0000000000000900, RDX=0x0000000000000000
RSP=0x00000000270dcee0, RBP=0x0000000000000000, RSI=0x0000000000000000, RDI=0x0000000000000000
R8 =0x0000000000000000, R9 =0x000000000000001a, R10=0x000000002e0c47da, R11=0x000000076fca5084
R12=0x0000000000000000, R13=0x00000000311979b8, R14=0x00000000270dd3a0, R15=0x00000000245b9000
RIP=0x000000005ee15ed2, EFLAGS=0x0000000000010202

Top of Stack: (sp=0x00000000270dcee0)
0x00000000270dcee0:   000000076fcad9d8 000000002e0c47c0
0x00000000270dcef0:   000000000000001a 00000000311979b8
0x00000000270dcf00:   00000000245b9000 0000000000000000
0x00000000270dcf10:   00000000270dd050 000000005eee7e85
0x00000000270dcf20:   0000000000000000 0000000000000000
0x00000000270dcf30:   0000000000000000 0000000000000000
0x00000000270dcf40:   0000000000000000 000000005ed8bf78
0x00000000270dcf50:   0000000000000002 00007ff9de486cd9
0x00000000270dcf60:   00000000270dcf80 00000000270dd048
0x00000000270dcf70:   cccccccccccccccc 00000000311979b8
0x00000000270dcf80:   cccccccccccccccc cccccccccccccccc
0x00000000270dcf90:   cccccccccccccccc cccccccccccccccc
0x00000000270dcfa0:   cccccccccccccccc cccccccccccccccc
0x00000000270dcfb0:   cccccccccccccccc cccccccccccccccc
0x00000000270dcfc0:   cccccccccccccccc cccccccccccccccc
0x00000000270dcfd0:   cccccccccccccccc cccccccccccccccc 

Instructions: (pc=0x000000005ee15ed2)
0x000000005ee15eb2:   89 5c 24 20 48 89 74 24 28 48 39 73 08 74 0a 48
0x000000005ee15ec2:   8d 4c 24 20 e8 45 7a 13 00 40 38 35 9e da 6c 00
0x000000005ee15ed2:   48 8b 3f 48 63 05 f8 39 6b 00 74 1b 8b 0c 38 85
0x000000005ee15ee2:   c9 74 7c 8b c1 8b 0d 6b 09 66 00 48 d3 e0 48 03 


Register to memory mapping:

RAX=0x0000000000000000 is an unknown value
RBX=0x00000000245b9000 is a thread
RCX=0x0000000000000900 is an unknown value
RDX=0x0000000000000000 is an unknown value
RSP=0x00000000270dcee0 is pointing into the stack for thread: 0x00000000245b9000
RBP=0x0000000000000000 is an unknown value
RSI=0x0000000000000000 is an unknown value
RDI=0x0000000000000000 is an unknown value
R8 =0x0000000000000000 is an unknown value
R9 =0x000000000000001a is an unknown value
R10=0x000000002e0c47da is an unknown value
R11=0x000000076fca5084 is an unknown value
R12=0x0000000000000000 is an unknown value
R13={method} {0x00000000311979c0} 'initializeSystem' '(Ljava/lang/String;Ljava/lang/String;Ljava/lang/String;Ljava/lang/String;ILjava/lang/String;Ljava/lang/String;ILjava/lang/String;I)I' in 'io/core/InterfaceJNI'
R14=0x00000000270dd3a0 is pointing into the stack for thread: 0x00000000245b9000
R15=0x00000000245b9000 is a thread


Stack: [0x0000000026fe0000,0x00000000270e0000],  sp=0x00000000270dcee0,  free space=1011k
Native frames: (J=compiled Java code, j=interpreted, Vv=VM code, C=native code)

Java frames: (J=compiled Java code, j=interpreted, Vv=VM code)
j  io.core.InterfaceJNI.initializeSystem(Ljava/lang/String;Ljava/lang/String;Ljava/lang/String;Ljava/lang/String;ILjava/lang/String;Ljava/lang/String;ILjava/lang/String;I)I+0
j  io.core.MainSystem.initializesystem(Ljava/lang/Integer;Ljava/lang/String;Ljava/lang/String;Ljava/lang/String;Ljava/lang/String;Ljava/lang/Integer;Ljava/lang/String;Ljava/lang/String;Ljava/lang/Integer;Ljava/lang/String;Ljava/lang/Integer;)Lio/core/MainSystem$ReturnRoomMessage;+161
j  io.swagger.api.impl.RoomApiServiceImpl.initializesystem(Ljava/lang/Integer;Ljava/lang/String;Ljava/lang/String;Ljava/lang/String;Ljava/lang/String;Ljava/lang/Integer;Ljava/lang/String;Ljava/lang/String;Ljava/lang/Integer;Ljava/lang/String;Ljava/lang/Integer;Ljavax/ws/rs/core/SecurityContext;)Ljavax/ws/rs/core/Response;+19
j  io.swagger.api.RoomApi.initializesystem(Ljava/lang/Integer;Ljava/lang/String;Ljava/lang/String;Ljava/lang/String;Ljava/lang/String;Ljava/lang/Integer;Ljava/lang/String;Ljava/lang/String;Ljava/lang/Integer;Ljava/lang/String;Ljava/lang/Integer;Ljavax/ws/rs/core/SecurityContext;)Ljavax/ws/rs/core/Response;+25
v  ~StubRoutines::call_stub
J 2296  sun.reflect.NativeMethodAccessorImpl.invoke0(Ljava/lang/reflect/Method;Ljava/lang/Object;[Ljava/lang/Object;)Ljava/lang/Object; (0 bytes) @ 0x0000000003b6bfbf [0x0000000003b6bf40+0x7f]
J 2295 C1 sun.reflect.NativeMethodAccessorImpl.invoke(Ljava/lang/Object;[Ljava/lang/Object;)Ljava/lang/Object; (104 bytes) @ 0x0000000003b6d63c [0x0000000003b6c440+0x11fc]
J 1950 C1 sun.reflect.DelegatingMethodAccessorImpl.invoke(Ljava/lang/Object;[Ljava/lang/Object;)Ljava/lang/Object; (10 bytes) @ 0x0000000003a74b8c [0x0000000003a74a80+0x10c]
J 1969 C1 java.lang.reflect.Method.invoke(Ljava/lang/Object;[Ljava/lang/Object;)Ljava/lang/Object; (62 bytes) @ 0x0000000003a7dff4 [0x0000000003a7dc00+0x3f4]
j  org.glassfish.jersey.server.model.internal.ResourceMethodInvocationHandlerFactory.lambda$static$0(Ljava/lang/Object;Ljava/lang/reflect/Method;[Ljava/lang/Object;)Ljava/lang/Object;+3
j  org.glassfish.jersey.server.model.internal.ResourceMethodInvocationHandlerFactory$$Lambda$122.invoke(Ljava/lang/Object;Ljava/lang/reflect/Method;[Ljava/lang/Object;)Ljava/lang/Object;+3
j  org.glassfish.jersey.server.model.internal.AbstractJavaResourceMethodDispatcher$1.run()Ljava/lang/Object;+38
j  org.glassfish.jersey.server.model.internal.AbstractJavaResourceMethodDispatcher.invoke(Lorg/glassfish/jersey/server/ContainerRequest;Ljava/lang/Object;[Ljava/lang/Object;)Ljava/lang/Object;+66
j  org.glassfish.jersey.server.model.internal.JavaResourceMethodDispatcherProvider$ResponseOutInvoker.doDispatch(Ljava/lang/Object;Lorg/glassfish/jersey/server/ContainerRequest;)Ljavax/ws/rs/core/Response;+10
j  org.glassfish.jersey.server.model.internal.AbstractJavaResourceMethodDispatcher.dispatch(Ljava/lang/Object;Lorg/glassfish/jersey/server/ContainerRequest;)Ljavax/ws/rs/core/Response;+5
j  org.glassfish.jersey.server.model.ResourceMethodInvoker.invoke(Lorg/glassfish/jersey/server/internal/process/RequestProcessingContext;Ljava/lang/Object;)Ljavax/ws/rs/core/Response;+26
j  org.glassfish.jersey.server.model.ResourceMethodInvoker.apply(Lorg/glassfish/jersey/server/internal/process/RequestProcessingContext;)Lorg/glassfish/jersey/server/ContainerResponse;+100
j  org.glassfish.jersey.server.model.ResourceMethodInvoker.apply(Ljava/lang/Object;)Ljava/lang/Object;+5
j  org.glassfish.jersey.server.ServerRuntime$1.run()V+89
j  org.glassfish.jersey.internal.Errors$1.call()Ljava/lang/Void;+4
j  org.glassfish.jersey.internal.Errors$1.call()Ljava/lang/Object;+1
j  org.glassfish.jersey.internal.Errors.process(Ljava/util/concurrent/Callable;Z)Ljava/lang/Object;+36
j  org.glassfish.jersey.internal.Errors.process(Lorg/glassfish/jersey/internal/util/Producer;Z)Ljava/lang/Object;+2
j  org.glassfish.jersey.internal.Errors.process(Ljava/lang/Runnable;)V+9
j  org.glassfish.jersey.process.internal.RequestScope.runInScope(Lorg/glassfish/jersey/process/internal/RequestContext;Ljava/lang/Runnable;)V+17
j  org.glassfish.jersey.server.ServerRuntime.process(Lorg/glassfish/jersey/server/ContainerRequest;)V+181
j  org.glassfish.jersey.server.ApplicationHandler.handle(Lorg/glassfish/jersey/server/ContainerRequest;)V+13
j  org.glassfish.jersey.servlet.WebComponent.serviceImpl(Ljava/net/URI;Ljava/net/URI;Ljavax/servlet/http/HttpServletRequest;Ljavax/servlet/http/HttpServletResponse;)Lorg/glassfish/jersey/servlet/internal/ResponseWriter;+81
j  org.glassfish.jersey.servlet.WebComponent.service(Ljava/net/URI;Ljava/net/URI;Ljavax/servlet/http/HttpServletRequest;Ljavax/servlet/http/HttpServletResponse;)Lorg/glassfish/jersey/internal/util/collection/Value;+6
j  org.glassfish.jersey.servlet.ServletContainer.service(Ljava/net/URI;Ljava/net/URI;Ljavax/servlet/http/HttpServletRequest;Ljavax/servlet/http/HttpServletResponse;)Lorg/glassfish/jersey/internal/util/collection/Value;+9
j  org.glassfish.jersey.servlet.ServletContainer.service(Ljavax/servlet/http/HttpServletRequest;Ljavax/servlet/http/HttpServletResponse;)V+183
j  org.glassfish.jersey.servlet.ServletContainer.service(Ljavax/servlet/ServletRequest;Ljavax/servlet/ServletResponse;)V+39
j  org.eclipse.jetty.servlet.ServletHolder.handle(Lorg/eclipse/jetty/server/Request;Ljavax/servlet/ServletRequest;Ljavax/servlet/ServletResponse;)V+89
j  org.eclipse.jetty.servlet.ServletHandler$CachedChain.doFilter(Ljavax/servlet/ServletRequest;Ljavax/servlet/ServletResponse;)V+211
j  io.swagger.api.ApiOriginFilter.doFilter(Ljavax/servlet/ServletRequest;Ljavax/servlet/ServletResponse;Ljavax/servlet/FilterChain;)V+42
j  org.eclipse.jetty.servlet.ServletHandler$CachedChain.doFilter(Ljavax/servlet/ServletRequest;Ljavax/servlet/ServletResponse;)V+103
j  org.eclipse.jetty.servlet.ServletHandler.doHandle(Ljava/lang/String;Lorg/eclipse/jetty/server/Request;Ljavax/servlet/http/HttpServletRequest;Ljavax/servlet/http/HttpServletResponse;)V+203
j  org.eclipse.jetty.server.handler.ScopedHandler.handle(Ljava/lang/String;Lorg/eclipse/jetty/server/Request;Ljavax/servlet/http/HttpServletRequest;Ljavax/servlet/http/HttpServletResponse;)V+32
j  org.eclipse.jetty.security.SecurityHandler.handle(Ljava/lang/String;Lorg/eclipse/jetty/server/Request;Ljavax/servlet/http/HttpServletRequest;Ljavax/servlet/http/HttpServletResponse;)V+553
j  org.eclipse.jetty.server.session.SessionHandler.doHandle(Ljava/lang/String;Lorg/eclipse/jetty/server/Request;Ljavax/servlet/http/HttpServletRequest;Ljavax/servlet/http/HttpServletResponse;)V+68
j  org.eclipse.jetty.server.handler.ContextHandler.doHandle(Ljava/lang/String;Lorg/eclipse/jetty/server/Request;Ljavax/servlet/http/HttpServletRequest;Ljavax/servlet/http/HttpServletResponse;)V+349
j  org.eclipse.jetty.servlet.ServletHandler.doScope(Ljava/lang/String;Lorg/eclipse/jetty/server/Request;Ljavax/servlet/http/HttpServletRequest;Ljavax/servlet/http/HttpServletResponse;)V+274
j  org.eclipse.jetty.server.session.SessionHandler.doScope(Ljava/lang/String;Lorg/eclipse/jetty/server/Request;Ljavax/servlet/http/HttpServletRequest;Ljavax/servlet/http/HttpServletResponse;)V+233
j  org.eclipse.jetty.server.handler.ContextHandler.doScope(Ljava/lang/String;Lorg/eclipse/jetty/server/Request;Ljavax/servlet/http/HttpServletRequest;Ljavax/servlet/http/HttpServletResponse;)V+437
j  org.eclipse.jetty.server.handler.ScopedHandler.handle(Ljava/lang/String;Lorg/eclipse/jetty/server/Request;Ljavax/servlet/http/HttpServletRequest;Ljavax/servlet/http/HttpServletResponse;)V+20
j  org.eclipse.jetty.server.handler.ContextHandlerCollection.handle(Ljava/lang/String;Lorg/eclipse/jetty/server/Request;Ljavax/servlet/http/HttpServletRequest;Ljavax/servlet/http/HttpServletResponse;)V+224
j  org.eclipse.jetty.server.handler.HandlerCollection.handle(Ljava/lang/String;Lorg/eclipse/jetty/server/Request;Ljavax/servlet/http/HttpServletRequest;Ljavax/servlet/http/HttpServletResponse;)V+42
j  org.eclipse.jetty.server.handler.HandlerWrapper.handle(Ljava/lang/String;Lorg/eclipse/jetty/server/Request;Ljavax/servlet/http/HttpServletRequest;Ljavax/servlet/http/HttpServletResponse;)V+23
j  org.eclipse.jetty.server.Server.handle(Lorg/eclipse/jetty/server/HttpChannel;)V+130
j  org.eclipse.jetty.server.HttpChannel.handle()Z+301
j  org.eclipse.jetty.server.HttpConnection.onFillable()V+189
j  org.eclipse.jetty.io.AbstractConnection$2.run()V+4
j  org.eclipse.jetty.util.thread.QueuedThreadPool.runJob(Ljava/lang/Runnable;)V+1
j  org.eclipse.jetty.util.thread.QueuedThreadPool$3.run()V+75
j  java.lang.Thread.run()V+11
v  ~StubRoutines::call_stub

---------------  P R O C E S S  ---------------

Java Threads: ( => current thread )
  0x00000000245b5000 JavaThread "Scheduler-506888325" [_thread_blocked, id=24808, stack(0x0000000030560000,0x0000000030660000)]
  0x00000000245b3800 JavaThread "org.eclipse.jetty.server.session.HashSessionManager@74727e41Timer" daemon [_thread_blocked, id=280, stack(0x0000000030460000,0x0000000030560000)]
  0x00000000245b4800 JavaThread "qtp1358323680-24-selector-ServerConnectorManager@66a6c96/0" [_thread_in_native, id=15592, stack(0x0000000027310000,0x0000000027410000)]
=>0x00000000245b9000 JavaThread "qtp1358323680-22" [_thread_in_vm, id=13188, stack(0x0000000026fe0000,0x00000000270e0000)]
  0x0000000021082000 JavaThread "qtp1358323680-21-selector-ServerConnectorManager@66a6c96/1" [_thread_in_native, id=22760, stack(0x0000000026ee0000,0x0000000026fe0000)]
  0x00000000258f7000 JavaThread "qtp1358323680-20-acceptor-0@77154f41-ServerConnector@7a90796c{HTTP/1.1}{0.0.0.0:8080}" [_thread_in_native, id=26848, stack(0x0000000026de0000,0x0000000026ee0000)]
  0x00000000203b9000 JavaThread "qtp1358323680-19-selector-ServerConnectorManager@66a6c96/3" [_thread_in_native, id=9972, stack(0x0000000026ce0000,0x0000000026de0000)]
  0x00000000203b8800 JavaThread "qtp1358323680-18-selector-ServerConnectorManager@66a6c96/2" [_thread_in_native, id=22184, stack(0x0000000026be0000,0x0000000026ce0000)]
  0x0000000022edc000 JavaThread "qtp1358323680-17" [_thread_blocked, id=22968, stack(0x0000000026ae0000,0x0000000026be0000)]
  0x0000000022edb000 JavaThread "qtp1358323680-16" [_thread_blocked, id=12884, stack(0x00000000269e0000,0x0000000026ae0000)]
  0x0000000024a8d800 JavaThread "ShutdownMonitor" daemon [_thread_in_native, id=27424, stack(0x00000000255b0000,0x00000000256b0000)]
  0x000000001ed7a000 JavaThread "Service Thread" daemon [_thread_blocked, id=25592, stack(0x000000001f910000,0x000000001fa10000)]
  0x000000001ed3b800 JavaThread "C1 CompilerThread3" daemon [_thread_blocked, id=18768, stack(0x000000001f810000,0x000000001f910000)]
  0x000000001ed35800 JavaThread "C2 CompilerThread2" daemon [_thread_blocked, id=23368, stack(0x000000001f710000,0x000000001f810000)]
  0x000000001ed30000 JavaThread "C2 CompilerThread1" daemon [_thread_blocked, id=19760, stack(0x000000001f610000,0x000000001f710000)]
  0x000000001ed2e000 JavaThread "C2 CompilerThread0" daemon [_thread_blocked, id=15504, stack(0x000000001f510000,0x000000001f610000)]
  0x000000001ed2b800 JavaThread "Attach Listener" daemon [_thread_blocked, id=25048, stack(0x000000001f410000,0x000000001f510000)]
  0x000000001ed2b000 JavaThread "Signal Dispatcher" daemon [_thread_blocked, id=24272, stack(0x000000001f310000,0x000000001f410000)]
  0x000000001ed20800 JavaThread "Finalizer" daemon [_thread_blocked, id=19020, stack(0x000000001f100000,0x000000001f200000)]
  0x00000000033da000 JavaThread "Reference Handler" daemon [_thread_blocked, id=5580, stack(0x000000001ec00000,0x000000001ed00000)]
  0x00000000032e2800 JavaThread "main" [_thread_blocked, id=660, stack(0x00000000031c0000,0x00000000032c0000)]

Other Threads:
  0x000000001cdf9800 VMThread [stack: 0x000000001eb00000,0x000000001ec00000] [id=16348]
  0x000000001ede8800 WatcherThread [stack: 0x000000001fa10000,0x000000001fb10000] [id=18496]

VM state:not at safepoint (normal execution)

VM Mutex/Monitor currently owned by a thread: None

Heap:
 PSYoungGen      total 201216K, used 75866K [0x000000076b400000, 0x000000077a180000, 0x00000007c0000000)
  eden space 159744K, 47% used [0x000000076b400000,0x000000076fe16810,0x0000000775000000)
  from space 41472K, 0% used [0x0000000777880000,0x0000000777880000,0x000000077a100000)
  to   space 41472K, 0% used [0x0000000775000000,0x0000000775000000,0x0000000777880000)
 ParOldGen       total 181248K, used 30352K [0x00000006c1c00000, 0x00000006ccd00000, 0x000000076b400000)
  object space 181248K, 16% used [0x00000006c1c00000,0x00000006c39a4390,0x00000006ccd00000)
 Metaspace       used 43164K, capacity 44756K, committed 44928K, reserved 1089536K
  class space    used 5132K, capacity 5492K, committed 5504K, reserved 1048576K

Card table byte_map: [0x00000000127a0000,0x0000000012fa0000] byte_map_base: 0x000000000f192000

Marking Bits: (ParMarkBitMap*) 0x000000005f4f2d00
 Begin Bits: [0x0000000013cf0000, 0x0000000017c80000)
 End Bits:   [0x0000000017c80000, 0x000000001bc10000)

Polling page: 0x0000000001820000

CodeCache: size=245760Kb used=22341Kb max_used=23380Kb free=223418Kb
 bounds [0x00000000033e0000, 0x0000000004ae0000, 0x00000000123e0000]
 total_blobs=6655 nmethods=6162 adapters=405
 compilation: enabled

Compilation events (10 events):
Event: 86.385 Thread 0x000000001ed3b800 nmethod 7457 0x00000000039f42d0 code [0x00000000039f44a0, 0x00000000039f4be8]
Event: 86.385 Thread 0x000000001ed3b800 7460       3       java.util.TreeMap::getEntryUsingComparator (74 bytes)
Event: 86.386 Thread 0x000000001ed3b800 nmethod 7460 0x000000000407c190 code [0x000000000407c320, 0x000000000407c728]
Event: 86.386 Thread 0x000000001ed3b800 7459       3       java.util.TreeMap::getEntry (84 bytes)
Event: 86.386 Thread 0x000000001ed3b800 nmethod 7459 0x0000000004a57c50 code [0x0000000004a57e00, 0x0000000004a58488]
Event: 86.386 Thread 0x000000001ed3b800 7458       3       org.glassfish.jersey.internal.inject.ForeignDescriptorImpl::hashCode (8 bytes)
Event: 86.386 Thread 0x000000001ed3b800 nmethod 7458 0x0000000003a71e10 code [0x0000000003a71f80, 0x0000000003a721a8]
Event: 86.386 Thread 0x000000001ed3b800 7461       3       org.glassfish.jersey.internal.guava.Preconditions::checkState (17 bytes)
Event: 86.387 Thread 0x000000001ed3b800 nmethod 7461 0x00000000034fb450 code [0x00000000034fb5e0, 0x00000000034fb998]
Event: 86.392 Thread 0x000000001ed30000 7462  s    4       org.fusesource.jansi.AnsiPrintStream::filter (948 bytes)

GC Heap History (10 events):
Event: 9.630 GC heap before
{Heap before GC invocations=8 (full 1):
 PSYoungGen      total 101888K, used 101730K [0x000000076b400000, 0x0000000772900000, 0x00000007c0000000)
  eden space 87552K, 100% used [0x000000076b400000,0x0000000770980000,0x0000000770980000)
  from space 14336K, 98% used [0x0000000771880000,0x00000007726588b0,0x0000000772680000)
  to   space 15360K, 0% used [0x0000000770980000,0x0000000770980000,0x0000000771880000)
 ParOldGen       total 121344K, used 14936K [0x00000006c1c00000, 0x00000006c9280000, 0x000000076b400000)
  object space 121344K, 12% used [0x00000006c1c00000,0x00000006c2a961e0,0x00000006c9280000)
 Metaspace       used 28593K, capacity 29392K, committed 29696K, reserved 1075200K
  class space    used 3257K, capacity 3461K, committed 3584K, reserved 1048576K
Event: 9.661 GC heap after
Heap after GC invocations=8 (full 1):
 PSYoungGen      total 102912K, used 15336K [0x000000076b400000, 0x0000000775600000, 0x00000007c0000000)
  eden space 87552K, 0% used [0x000000076b400000,0x000000076b400000,0x0000000770980000)
  from space 15360K, 99% used [0x0000000770980000,0x000000077187a350,0x0000000771880000)
  to   space 20992K, 0% used [0x0000000774180000,0x0000000774180000,0x0000000775600000)
 ParOldGen       total 121344K, used 23519K [0x00000006c1c00000, 0x00000006c9280000, 0x000000076b400000)
  object space 121344K, 19% used [0x00000006c1c00000,0x00000006c32f7cb8,0x00000006c9280000)
 Metaspace       used 28593K, capacity 29392K, committed 29696K, reserved 1075200K
  class space    used 3257K, capacity 3461K, committed 3584K, reserved 1048576K
}
Event: 10.276 GC heap before
{Heap before GC invocations=9 (full 1):
 PSYoungGen      total 102912K, used 102888K [0x000000076b400000, 0x0000000775600000, 0x00000007c0000000)
  eden space 87552K, 100% used [0x000000076b400000,0x0000000770980000,0x0000000770980000)
  from space 15360K, 99% used [0x0000000770980000,0x000000077187a350,0x0000000771880000)
  to   space 20992K, 0% used [0x0000000774180000,0x0000000774180000,0x0000000775600000)
 ParOldGen       total 121344K, used 23532K [0x00000006c1c00000, 0x00000006c9280000, 0x000000076b400000)
  object space 121344K, 19% used [0x00000006c1c00000,0x00000006c32fb260,0x00000006c9280000)
 Metaspace       used 28611K, capacity 29392K, committed 29696K, reserved 1075200K
  class space    used 3257K, capacity 3461K, committed 3584K, reserved 1048576K
Event: 10.358 GC heap after
Heap after GC invocations=9 (full 1):
 PSYoungGen      total 134144K, used 20963K [0x000000076b400000, 0x0000000778180000, 0x00000007c0000000)
  eden space 113152K, 0% used [0x000000076b400000,0x000000076b400000,0x0000000772280000)
  from space 20992K, 99% used [0x0000000774180000,0x00000007755f8ec0,0x0000000775600000)
  to   space 31744K, 0% used [0x0000000772280000,0x0000000772280000,0x0000000774180000)
 ParOldGen       total 121344K, used 42317K [0x00000006c1c00000, 0x00000006c9280000, 0x000000076b400000)
  object space 121344K, 34% used [0x00000006c1c00000,0x00000006c4553588,0x00000006c9280000)
 Metaspace       used 28611K, capacity 29392K, committed 29696K, reserved 1075200K
  class space    used 3257K, capacity 3461K, committed 3584K, reserved 1048576K
}
Event: 11.635 GC heap before
{Heap before GC invocations=10 (full 1):
 PSYoungGen      total 134144K, used 134115K [0x000000076b400000, 0x0000000778180000, 0x00000007c0000000)
  eden space 113152K, 100% used [0x000000076b400000,0x0000000772280000,0x0000000772280000)
  from space 20992K, 99% used [0x0000000774180000,0x00000007755f8ec0,0x0000000775600000)
  to   space 31744K, 0% used [0x0000000772280000,0x0000000772280000,0x0000000774180000)
 ParOldGen       total 121344K, used 42317K [0x00000006c1c00000, 0x00000006c9280000, 0x000000076b400000)
  object space 121344K, 34% used [0x00000006c1c00000,0x00000006c4553588,0x00000006c9280000)
 Metaspace       used 31469K, capacity 32378K, committed 32640K, reserved 1077248K
  class space    used 3612K, capacity 3876K, committed 3968K, reserved 1048576K
Event: 11.692 GC heap after
Heap after GC invocations=10 (full 1):
 PSYoungGen      total 144896K, used 31736K [0x000000076b400000, 0x000000077a100000, 0x00000007c0000000)
  eden space 113152K, 0% used [0x000000076b400000,0x000000076b400000,0x0000000772280000)
  from space 31744K, 99% used [0x0000000772280000,0x000000077417e1e0,0x0000000774180000)
  to   space 41472K, 0% used [0x0000000777880000,0x0000000777880000,0x000000077a100000)
 ParOldGen       total 121344K, used 55913K [0x00000006c1c00000, 0x00000006c9280000, 0x000000076b400000)
  object space 121344K, 46% used [0x00000006c1c00000,0x00000006c529a5e0,0x00000006c9280000)
 Metaspace       used 31469K, capacity 32378K, committed 32640K, reserved 1077248K
  class space    used 3612K, capacity 3876K, committed 3968K, reserved 1048576K
}
Event: 12.149 GC heap before
{Heap before GC invocations=11 (full 1):
 PSYoungGen      total 144896K, used 55179K [0x000000076b400000, 0x000000077a100000, 0x00000007c0000000)
  eden space 113152K, 20% used [0x000000076b400000,0x000000076cae4c08,0x0000000772280000)
  from space 31744K, 99% used [0x0000000772280000,0x000000077417e1e0,0x0000000774180000)
  to   space 41472K, 0% used [0x0000000777880000,0x0000000777880000,0x000000077a100000)
 ParOldGen       total 121344K, used 55913K [0x00000006c1c00000, 0x00000006c9280000, 0x000000076b400000)
  object space 121344K, 46% used [0x00000006c1c00000,0x00000006c529a5e0,0x00000006c9280000)
 Metaspace       used 34140K, capacity 35320K, committed 35496K, reserved 1081344K
  class space    used 4027K, capacity 4325K, committed 4352K, reserved 1048576K
Event: 12.169 GC heap after
Heap after GC invocations=11 (full 1):
 PSYoungGen      total 201216K, used 8289K [0x000000076b400000, 0x000000077a180000, 0x00000007c0000000)
  eden space 159744K, 0% used [0x000000076b400000,0x000000076b400000,0x0000000775000000)
  from space 41472K, 19% used [0x0000000777880000,0x0000000778098500,0x000000077a100000)
  to   space 41472K, 0% used [0x0000000775000000,0x0000000775000000,0x0000000777880000)
 ParOldGen       total 121344K, used 68588K [0x00000006c1c00000, 0x00000006c9280000, 0x000000076b400000)
  object space 121344K, 56% used [0x00000006c1c00000,0x00000006c5efb2f0,0x00000006c9280000)
 Metaspace       used 34140K, capacity 35320K, committed 35496K, reserved 1081344K
  class space    used 4027K, capacity 4325K, committed 4352K, reserved 1048576K
}
Event: 12.170 GC heap before
{Heap before GC invocations=12 (full 2):
 PSYoungGen      total 201216K, used 8289K [0x000000076b400000, 0x000000077a180000, 0x00000007c0000000)
  eden space 159744K, 0% used [0x000000076b400000,0x000000076b400000,0x0000000775000000)
  from space 41472K, 19% used [0x0000000777880000,0x0000000778098500,0x000000077a100000)
  to   space 41472K, 0% used [0x0000000775000000,0x0000000775000000,0x0000000777880000)
 ParOldGen       total 121344K, used 68588K [0x00000006c1c00000, 0x00000006c9280000, 0x000000076b400000)
  object space 121344K, 56% used [0x00000006c1c00000,0x00000006c5efb2f0,0x00000006c9280000)
 Metaspace       used 34140K, capacity 35320K, committed 35496K, reserved 1081344K
  class space    used 4027K, capacity 4325K, committed 4352K, reserved 1048576K
Event: 12.236 GC heap after
Heap after GC invocations=12 (full 2):
 PSYoungGen      total 201216K, used 0K [0x000000076b400000, 0x000000077a180000, 0x00000007c0000000)
  eden space 159744K, 0% used [0x000000076b400000,0x000000076b400000,0x0000000775000000)
  from space 41472K, 0% used [0x0000000777880000,0x0000000777880000,0x000000077a100000)
  to   space 41472K, 0% used [0x0000000775000000,0x0000000775000000,0x0000000777880000)
 ParOldGen       total 181248K, used 30352K [0x00000006c1c00000, 0x00000006ccd00000, 0x000000076b400000)
  object space 181248K, 16% used [0x00000006c1c00000,0x00000006c39a4390,0x00000006ccd00000)
 Metaspace       used 34140K, capacity 35320K, committed 35496K, reserved 1081344K
  class space    used 4027K, capacity 4325K, committed 4352K, reserved 1048576K
}

Deoptimization events (10 events):
Event: 31.961 Thread 0x00000000245b9000 Uncommon trap: reason=class_check action=maybe_recompile pc=0x00000000040d35b4 method=java.lang.StringCoding$StringDecoder.decode([BII)[C @ 30
Event: 32.724 Thread 0x00000000245b9000 Uncommon trap: reason=speculate_class_check action=maybe_recompile pc=0x00000000049e9344 method=java.util.AbstractList.listIterator()Ljava/util/ListIterator; @ 2
Event: 34.394 Thread 0x0000000022edc000 Uncommon trap: reason=class_check action=maybe_recompile pc=0x000000000463c494 method=java.util.Collections$UnmodifiableMap.entrySet()Ljava/util/Set; @ 16
Event: 34.394 Thread 0x0000000022edc000 Uncommon trap: reason=class_check action=maybe_recompile pc=0x0000000003bff2c0 method=java.util.Collections$UnmodifiableMap$UnmodifiableEntrySet$1.next()Ljava/util/Map$Entry; @ 8
Event: 34.394 Thread 0x0000000022edc000 Uncommon trap: reason=class_check action=maybe_recompile pc=0x0000000003aee2c8 method=java.util.Collections$UnmodifiableMap$UnmodifiableEntrySet$UnmodifiableEntry.getKey()Ljava/lang/Object; @ 4
Event: 34.394 Thread 0x0000000022edc000 Uncommon trap: reason=class_check action=maybe_recompile pc=0x0000000003aee888 method=java.util.Collections$UnmodifiableMap$UnmodifiableEntrySet$UnmodifiableEntry.getValue()Ljava/lang/Object; @ 4
Event: 34.401 Thread 0x0000000022edc000 Uncommon trap: reason=speculate_class_check action=maybe_recompile pc=0x00000000049e9344 method=java.util.AbstractList.listIterator()Ljava/util/ListIterator; @ 2
Event: 36.808 Thread 0x0000000022edb000 Uncommon trap: reason=class_check action=maybe_recompile pc=0x0000000003bff2c0 method=java.util.Collections$UnmodifiableMap$UnmodifiableEntrySet$1.next()Ljava/util/Map$Entry; @ 8
Event: 36.808 Thread 0x0000000022edb000 Uncommon trap: reason=class_check action=maybe_recompile pc=0x0000000003aee2c8 method=java.util.Collections$UnmodifiableMap$UnmodifiableEntrySet$UnmodifiableEntry.getKey()Ljava/lang/Object; @ 4
Event: 36.808 Thread 0x0000000022edb000 Uncommon trap: reason=class_check action=maybe_recompile pc=0x0000000003aee888 method=java.util.Collections$UnmodifiableMap$UnmodifiableEntrySet$UnmodifiableEntry.getValue()Ljava/lang/Object; @ 4

Classes redefined (0 events):
No events

Internal exceptions (10 events):
Event: 9.353 Thread 0x00000000032e2800 Exception <a 'java/lang/ClassNotFoundException': sun/net/www/protocol/c/Handler> (0x000000076f0dfbc8) thrown at [C:\re\workspace\8-2-build-windows-amd64-cygwin\jdk8u181\11358\hotspot\src\share\vm\classfile\systemDictionary.cpp, line 210]
Event: 9.444 Thread 0x00000000245b9000 Implicit null exception at 0x00000000040af059 to 0x00000000040af83d
Event: 9.444 Thread 0x0000000022edc000 Implicit null exception at 0x00000000040af059 to 0x00000000040af83d
Event: 9.444 Thread 0x000000002421f800 Implicit null exception at 0x00000000040b0acc to 0x00000000040b11c5
Event: 9.444 Thread 0x00000000258f7000 Implicit null exception at 0x00000000040b0acc to 0x00000000040b11c5
Event: 9.444 Thread 0x00000000203b8800 Implicit null exception at 0x00000000040b0acc to 0x00000000040b11c5
Event: 11.535 Thread 0x00000000032e2800 Exception <a 'java/lang/NoSuchFieldError': method resolution failed> (0x0000000771ce12b8) thrown at [C:\re\workspace\8-2-build-windows-amd64-cygwin\jdk8u181\11358\hotspot\src\share\vm\prims\methodHandles.cpp, line 1167]
Event: 11.537 Thread 0x00000000032e2800 Exception <a 'java/lang/NoSuchFieldError': method resolution failed> (0x0000000771ceed48) thrown at [C:\re\workspace\8-2-build-windows-amd64-cygwin\jdk8u181\11358\hotspot\src\share\vm\prims\methodHandles.cpp, line 1167]
Event: 12.412 Thread 0x00000000032e2800 Exception <a 'java/lang/NoSuchMethodError': java.lang.Object.lambda$and$0(Ljava/util/function/Predicate;Ljava/lang/Object;)Z> (0x000000076c103980) thrown at [C:\re\workspace\8-2-build-windows-amd64-cygwin\jdk8u181\11358\hotspot\src\share\vm\interpreter\li
Event: 12.473 Thread 0x00000000032e2800 Exception <a 'java/lang/NoSuchMethodError': java.lang.Object.lambda$comparingInt$7b0bb60$1(Ljava/util/function/ToIntFunction;Ljava/lang/Object;Ljava/lang/Object;)I> (0x000000076c481678) thrown at [C:\re\workspace\8-2-build-windows-amd64-cygwin\jdk8u181\11

Events (10 events):
Event: 36.808 Thread 0x0000000022edb000 DEOPT PACKING pc=0x0000000003aee2c8 sp=0x0000000026add0e0
Event: 36.808 Thread 0x0000000022edb000 DEOPT UNPACKING pc=0x000000000342583b sp=0x0000000026add070 mode 2
Event: 36.808 Thread 0x0000000022edb000 Uncommon trap: trap_request=0xffffffde fr.pc=0x0000000003aee888
Event: 36.808 Thread 0x0000000022edb000 DEOPT PACKING pc=0x0000000003aee888 sp=0x0000000026add0e0
Event: 36.808 Thread 0x0000000022edb000 DEOPT UNPACKING pc=0x000000000342583b sp=0x0000000026add070 mode 2
Event: 86.363 Executing VM operation: RevokeBias
Event: 86.363 Executing VM operation: RevokeBias done
Event: 86.368 Thread 0x000000002421f800 Thread exited: 0x000000002421f800
Event: 86.384 Executing VM operation: RevokeBias
Event: 86.384 Executing VM operation: RevokeBias done


Dynamic libraries:
0x00007ff72d090000 - 0x00007ff72d0c7000 	C:\Program Files\Java\jdk1.8.0_181\bin\java.exe
0x00007ff9f2870000 - 0x00007ff9f2a51000 	C:\WINDOWS\SYSTEM32\ntdll.dll
0x00007ff9f03f0000 - 0x00007ff9f04a2000 	C:\WINDOWS\System32\KERNEL32.DLL
0x00007ff9ef840000 - 0x00007ff9efab3000 	C:\WINDOWS\System32\KERNELBASE.dll
0x00007ff9f0be0000 - 0x00007ff9f0c81000 	C:\WINDOWS\System32\ADVAPI32.dll
0x00007ff9f2180000 - 0x00007ff9f221e000 	C:\WINDOWS\System32\msvcrt.dll
0x00007ff9f0640000 - 0x00007ff9f069b000 	C:\WINDOWS\System32\sechost.dll
0x00007ff9f0ab0000 - 0x00007ff9f0bd4000 	C:\WINDOWS\System32\RPCRT4.dll
0x00007ff9f2220000 - 0x00007ff9f23b0000 	C:\WINDOWS\System32\USER32.dll
0x00007ff9efce0000 - 0x00007ff9efd00000 	C:\WINDOWS\System32\win32u.dll
0x00007ff9efff0000 - 0x00007ff9f0018000 	C:\WINDOWS\System32\GDI32.dll
0x00007ff9ef590000 - 0x00007ff9ef722000 	C:\WINDOWS\System32\gdi32full.dll
0x00007ff9efac0000 - 0x00007ff9efb5f000 	C:\WINDOWS\System32\msvcp_win.dll
0x00007ff9efbe0000 - 0x00007ff9efcda000 	C:\WINDOWS\System32\ucrtbase.dll
0x00007ff9e4590000 - 0x00007ff9e47f9000 	C:\WINDOWS\WinSxS\amd64_microsoft.windows.common-controls_6595b64144ccf1df_6.0.17134.407_none_fb449d63306391e9\COMCTL32.dll
0x00007ff9f0020000 - 0x00007ff9f0342000 	C:\WINDOWS\System32\combase.dll
0x00007ff9efb60000 - 0x00007ff9efbda000 	C:\WINDOWS\System32\bcryptPrimitives.dll
0x00007ff9f23c0000 - 0x00007ff9f23ed000 	C:\WINDOWS\System32\IMM32.DLL
0x000000005ebf0000 - 0x000000005ecc2000 	C:\Program Files\Java\jdk1.8.0_181\jre\bin\msvcr100.dll
0x000000005ecd0000 - 0x000000005f572000 	C:\Program Files\Java\jdk1.8.0_181\jre\bin\server\jvm.dll
0x00007ff9f0800000 - 0x00007ff9f0808000 	C:\WINDOWS\System32\PSAPI.DLL
0x00007ff9eba20000 - 0x00007ff9eba43000 	C:\WINDOWS\SYSTEM32\WINMM.dll
0x00007ff9eb930000 - 0x00007ff9eb939000 	C:\WINDOWS\SYSTEM32\WSOCK32.dll
0x00007ff9eac50000 - 0x00007ff9eac5a000 	C:\WINDOWS\SYSTEM32\VERSION.dll
0x00007ff9eff80000 - 0x00007ff9effec000 	C:\WINDOWS\System32\WS2_32.dll
0x00007ff9eb9f0000 - 0x00007ff9eba1a000 	C:\WINDOWS\SYSTEM32\winmmbase.dll
0x00007ff9ef540000 - 0x00007ff9ef589000 	C:\WINDOWS\System32\cfgmgr32.dll
0x000000005fb50000 - 0x000000005fb5f000 	C:\Program Files\Java\jdk1.8.0_181\jre\bin\verify.dll
0x000000005faf0000 - 0x000000005fb19000 	C:\Program Files\Java\jdk1.8.0_181\jre\bin\java.dll
0x000000005eb90000 - 0x000000005eba6000 	C:\Program Files\Java\jdk1.8.0_181\jre\bin\zip.dll
0x00007ff9f0d40000 - 0x00007ff9f217f000 	C:\WINDOWS\System32\SHELL32.dll
0x00007ff9f0c90000 - 0x00007ff9f0d39000 	C:\WINDOWS\System32\shcore.dll
0x00007ff9eee30000 - 0x00007ff9ef53d000 	C:\WINDOWS\System32\windows.storage.dll
0x00007ff9efd00000 - 0x00007ff9efd51000 	C:\WINDOWS\System32\shlwapi.dll
0x00007ff9eebf0000 - 0x00007ff9eec01000 	C:\WINDOWS\System32\kernel.appcore.dll
0x00007ff9eeb80000 - 0x00007ff9eeb9f000 	C:\WINDOWS\System32\profapi.dll
0x00007ff9eeba0000 - 0x00007ff9eebec000 	C:\WINDOWS\System32\powrprof.dll
0x00007ff9eec10000 - 0x00007ff9eec1a000 	C:\WINDOWS\System32\FLTLIB.DLL
0x00007ff9e1860000 - 0x00007ff9e186a000 	D:\Programmi\apache-maven-3.6.0-bin\apache-maven-3.6.0\lib\jansi-native\windows64\jansi.dll
0x000000005eb70000 - 0x000000005eb8a000 	C:\Program Files\Java\jdk1.8.0_181\jre\bin\net.dll
0x00007ff9ee400000 - 0x00007ff9ee466000 	C:\WINDOWS\system32\mswsock.dll
0x000000005eb50000 - 0x000000005eb61000 	C:\Program Files\Java\jdk1.8.0_181\jre\bin\nio.dll
0x000000005fb40000 - 0x000000005fb4d000 	C:\Program Files\Java\jdk1.8.0_181\jre\bin\management.dll
0x00007ff9ee5b0000 - 0x00007ff9ee5c7000 	C:\WINDOWS\SYSTEM32\CRYPTSP.dll
0x00007ff9edf80000 - 0x00007ff9edfb3000 	C:\WINDOWS\system32\rsaenh.dll
0x00007ff9ee6e0000 - 0x00007ff9ee705000 	C:\WINDOWS\SYSTEM32\bcrypt.dll
0x00007ff9eeab0000 - 0x00007ff9eead8000 	C:\WINDOWS\SYSTEM32\USERENV.dll
0x00007ff9ee5d0000 - 0x00007ff9ee5db000 	C:\WINDOWS\SYSTEM32\CRYPTBASE.dll
0x00007ff9ee180000 - 0x00007ff9ee1b8000 	C:\WINDOWS\SYSTEM32\IPHLPAPI.DLL
0x00007ff9f23b0000 - 0x00007ff9f23b8000 	C:\WINDOWS\System32\NSI.dll
0x00007ff9e7440000 - 0x00007ff9e7456000 	C:\WINDOWS\SYSTEM32\dhcpcsvc6.DLL
0x00007ff9e5be0000 - 0x00007ff9e5bfa000 	C:\WINDOWS\SYSTEM32\dhcpcsvc.DLL
0x00007ff9de470000 - 0x00007ff9de4a7000 	D:\github\plathea\jaxrs-jersey-server-generated\src\main\java\io\core\InterfaceJNI_DLL.dll
0x00007ff9bbad0000 - 0x00007ff9bbbc4000 	C:\WINDOWS\SYSTEM32\MSVCP140D.dll
0x00007ff9d2400000 - 0x00007ff9d2421000 	C:\WINDOWS\SYSTEM32\VCRUNTIME140D.dll
0x00007ff995ba0000 - 0x00007ff995d5d000 	C:\WINDOWS\SYSTEM32\ucrtbased.dll
0x00007ff9957b0000 - 0x00007ff995b91000 	D:\github\plathea\jaxrs-jersey-server-generated\PlatheaDLL.dll
0x00007ff9f0890000 - 0x00007ff9f097d000 	C:\WINDOWS\System32\COMDLG32.dll
0x00007ff9f06a0000 - 0x00007ff9f07f1000 	C:\WINDOWS\System32\ole32.dll
0x00007ff995600000 - 0x00007ff9957ac000 	D:\github\plathea\jaxrs-jersey-server-generated\opencv_ml310d.dll
0x00007ff994660000 - 0x00007ff9955fe000 	D:\github\plathea\jaxrs-jersey-server-generated\opencv_core310d.dll
0x00007ff995f30000 - 0x00007ff996038000 	D:\github\plathea\jaxrs-jersey-server-generated\opencv_video310d.dll
0x00007ff9c0420000 - 0x00007ff9c0486000 	D:\github\plathea\jaxrs-jersey-server-generated\opencv_highgui310d.dll
0x00007ff9921b0000 - 0x00007ff992584000 	D:\github\plathea\jaxrs-jersey-server-generated\opencv_calib3d310d.dll
0x00007ff992010000 - 0x00007ff9921a4000 	D:\github\plathea\jaxrs-jersey-server-generated\opencv_objdetect310d.dll
0x00007ff9b8ac0000 - 0x00007ff9b8b72000 	D:\github\plathea\jaxrs-jersey-server-generated\opencv_videoio310d.dll
0x00007ff9a8a00000 - 0x00007ff9a8ab6000 	C:\WINDOWS\SYSTEM32\CONCRT140D.dll
0x00007ff9f0980000 - 0x00007ff9f0a42000 	C:\WINDOWS\System32\OLEAUT32.dll
0x00007ff974710000 - 0x00007ff9768db000 	D:\github\plathea\jaxrs-jersey-server-generated\opencv_imgproc310d.dll
0x00007ff9903d0000 - 0x00007ff9905f5000 	D:\github\plathea\jaxrs-jersey-server-generated\opencv_features2d310d.dll
0x00007ff98fe70000 - 0x00007ff9903ce000 	D:\github\plathea\jaxrs-jersey-server-generated\opencv_imgcodecs310d.dll
0x00007ff9d03b0000 - 0x00007ff9d03d9000 	C:\WINDOWS\SYSTEM32\MSVFW32.dll
0x00007ff9d23e0000 - 0x00007ff9d23ff000 	C:\WINDOWS\SYSTEM32\AVIFIL32.dll
0x00007ff9d1cf0000 - 0x00007ff9d1d08000 	C:\WINDOWS\SYSTEM32\AVICAP32.dll
0x00007ff9d37d0000 - 0x00007ff9d37ec000 	C:\WINDOWS\SYSTEM32\MSACM32.dll
0x00007ff991e90000 - 0x00007ff99200d000 	D:\github\plathea\jaxrs-jersey-server-generated\opencv_flann310d.dll
0x00007ff9a8000000 - 0x00007ff9a8085000 	C:\WINDOWS\SYSTEM32\OpenCL.dll
0x00007ff981920000 - 0x00007ff982f4d000 	C:\WINDOWS\System32\nvopencl.dll
0x00007ff9f23f0000 - 0x00007ff9f283b000 	C:\WINDOWS\System32\SETUPAPI.dll
0x00007ff994540000 - 0x00007ff99465f000 	C:\WINDOWS\SYSTEM32\nvfatbinaryLoader.dll
0x00007ff9ed080000 - 0x00007ff9ed118000 	C:\WINDOWS\system32\uxtheme.dll
0x00007ff9ee990000 - 0x00007ff9ee9b7000 	C:\WINDOWS\SYSTEM32\DEVOBJ.dll
0x00007ff9ef7e0000 - 0x00007ff9ef837000 	C:\WINDOWS\System32\WINTRUST.dll
0x00007ff9eec20000 - 0x00007ff9eec32000 	C:\WINDOWS\System32\MSASN1.dll
0x00007ff9eec40000 - 0x00007ff9eee22000 	C:\WINDOWS\System32\CRYPT32.dll
0x00007ff9e5520000 - 0x00007ff9e59a0000 	C:\WINDOWS\system32\nvapi64.dll
0x00007ff9ed940000 - 0x00007ff9ed9fb000 	C:\WINDOWS\SYSTEM32\dxgi.dll
0x00007ff9c03b0000 - 0x00007ff9c0412000 	C:\WINDOWS\SYSTEM32\IntelOpenCL64.dll
0x00007ff994190000 - 0x00007ff99428d000 	C:\Program Files (x86)\Common Files\Intel\OpenCL\bin\x64\intelocl64.dll
0x00007ff9a91b0000 - 0x00007ff9a9226000 	C:\Program Files (x86)\Common Files\Intel\OpenCL\bin\x64\task_executor64.dll
0x00007ff9c2f90000 - 0x00007ff9c30b0000 	C:\WINDOWS\SYSTEM32\OPENGL32.dll
0x00007ff9c2f20000 - 0x00007ff9c2f4c000 	C:\WINDOWS\SYSTEM32\GLU32.dll
0x00007ff9edc70000 - 0x00007ff9edca1000 	C:\WINDOWS\SYSTEM32\ntmarta.dll
0x00007ff9a0ff0000 - 0x00007ff9a1085000 	C:\Program Files (x86)\Common Files\Intel\OpenCL\bin\x64\cpu_device64.dll
0x00007ff9a7a10000 - 0x00007ff9a7a79000 	C:\Program Files (x86)\Common Files\Intel\OpenCL\bin\x64\tbb\tbb.dll
0x00007ff98fc70000 - 0x00007ff98fe64000 	C:\WINDOWS\SYSTEM32\igdrcl64.dll
0x00007ff97fed0000 - 0x00007ff9814b2000 	C:\WINDOWS\SYSTEM32\igdfcl64.dll
0x00007ff9dd1c0000 - 0x00007ff9dd389000 	C:\WINDOWS\SYSTEM32\dbghelp.dll
0x00007ff9c0ef0000 - 0x00007ff9c0f4f000 	C:\WINDOWS\SYSTEM32\igdbcl64.dll
0x00007ff9e7c70000 - 0x00007ff9e80d4000 	C:\WINDOWS\SYSTEM32\igdusc64.dll

VM Arguments:
jvm_args: -Dclassworlds.conf=D:\Programmi\apache-maven-3.6.0-bin\apache-maven-3.6.0\bin\..\bin\m2.conf -Dmaven.home=D:\Programmi\apache-maven-3.6.0-bin\apache-maven-3.6.0\bin\.. -Dlibrary.jansi.path=D:\Programmi\apache-maven-3.6.0-bin\apache-maven-3.6.0\bin\..\lib\jansi-native -Dmaven.multiModuleProjectDirectory=D:\github\plathea\jaxrs-jersey-server-generated 
java_command: org.codehaus.plexus.classworlds.launcher.Launcher clean package jetty:run
java_class_path (initial): D:\Programmi\apache-maven-3.6.0-bin\apache-maven-3.6.0\bin\..\boot\plexus-classworlds-2.5.2.jar
Launcher Type: SUN_STANDARD

Environment Variables:
JAVA_HOME=C:\Program Files\Java\jdk1.8.0_181
PATH=C:\Program Files (x86)\Common Files\Oracle\Java\javapath;C:\Users\jack1\Desktop\plathea-code-22-trunk\plathea-code-22-trunk\opencv-master\build\install_release\x64\vc12\bin;C:\WINDOWS\system32;C:\WINDOWS;C:\WINDOWS\System32\Wbem;C:\WINDOWS\System32\WindowsPowerShell\v1.0\;C:\Program Files\Git\cmd;C:\Program Files\nodejs\;C:\Program Files\PuTTY\;C:\Users\jack1\AppData\Local\Microsoft\WindowsApps;C:\Users\jack1\AppData\Roaming\npm;C:\Users\jack1\AppData\Local\atom\bin;C:\adb;C:\WINDOWS\system32;C:\WINDOWS;C:\WINDOWS\System32\Wbem;C:\WINDOWS\System32\WindowsPowerShell\v1.0\;C:\WINDOWS\System32\OpenSSH\;C:\Users\jack1\Desktop\plathea-code-22-trunk\plathea-code-22-trunk\opencv-master\build\install_debug\x64\vc12\bin;C:\Users\jack1\AppData\Local\Microsoft\WindowsApps;C:\Users\jack1\AppData\Roaming\npm;C:\Users\jack1\AppData\Local\atom\bin;C:\Users\jack1\AppData\Local\Microsoft\WindowsApps;C:\Program Files\LLVM\bin;C:\ProgramData\jack1\atom\bin;C:\Program Files\Java\jdk1.8.0_181\bin;C:\Program Files\mingw-w64\x86_64-8.1.0-win32-seh-rt_v6-rev0\mingw64\bin;D:\Programmi\apache-maven-3.6.0-bin\apache-maven-3.6.0\bin;D:\github\plathea\LeoStormLibrary\LeoStormWindowsLib;D:\github\plathea\jaxrs-jersey-server-generated;
USERNAME=jack1
OS=Windows_NT
PROCESSOR_IDENTIFIER=Intel64 Family 6 Model 58 Stepping 9, GenuineIntel



---------------  S Y S T E M  ---------------

OS: Windows 10.0 , 64 bit Build 17134 (10.0.17134.1)

CPU:total 8 (initial active 8) (4 cores per cpu, 2 threads per core) family 6 model 58 stepping 9, cmov, cx8, fxsr, mmx, sse, sse2, sse3, ssse3, sse4.1, sse4.2, popcnt, avx, aes, clmul, erms, ht, tsc, tscinvbit, tscinv

Memory: 4k page, physical 16659944k(6899256k free), swap 19322328k(6149324k free)

vm_info: Java HotSpot(TM) 64-Bit Server VM (25.181-b13) for windows-amd64 JRE (1.8.0_181-b13), built on Jul  7 2018 04:01:33 by "java_re" with MS VC++ 10.0 (VS2010)

time: Mon Dec 10 12:48:54 2018
elapsed time: 86 seconds (0d 0h 1m 26s)

