#
# A fatal error has been detected by the Java Runtime Environment:
#
#  EXCEPTION_ACCESS_VIOLATION (0xc0000005) at pc=0x0000000059064917, pid=20352, tid=0x0000000000004a98
#
# JRE version: Java(TM) SE Runtime Environment (8.0_181-b13) (build 1.8.0_181-b13)
# Java VM: Java HotSpot(TM) 64-Bit Server VM (25.181-b13 mixed mode windows-amd64 compressed oops)
# Problematic frame:
# V  [jvm.dll+0x214917]
#
# Failed to write core dump. Minidumps are not enabled by default on client versions of Windows
#
# If you would like to submit a bug report, please visit:
#   http://bugreport.java.com/bugreport/crash.jsp
#

---------------  T H R E A D  ---------------

Current thread (0x0000000023e18800):  JavaThread "qtp755820705-18" [_thread_in_Java, id=19096, stack(0x0000000025dd0000,0x0000000025ed0000)]

siginfo: ExceptionCode=0xc0000005, reading address 0x00000000ffffffff

Registers:
RAX=0x00000000ffffffff, RBX=0x00000000309f8220, RCX=0x0000000025ecc7e0, RDX=0x0000000000000001
RSP=0x0000000025ecc518, RBP=0x0000000025ecc620, RSI=0x0000000023e18800, RDI=0x00000000ffffffff
R8 =0x0000000000000001, R9 =0x0000000025ecc7e8, R10=0x0000000002780827, R11=0x0000000000000006
R12=0x0000000024e20100, R13=0x0000000023e18800, R14=0x0000000025ecc5b8, R15=0x00000000309f8220
RIP=0x0000000059064917, EFLAGS=0x0000000000010206

Top of Stack: (sp=0x0000000025ecc518)
0x0000000025ecc518:   0000000059065805 00000000309f8220
0x0000000025ecc528:   0000000025ecc620 00000000224c76d8
0x0000000025ecc538:   0000000023e18800 0000000023e18800
0x0000000025ecc548:   00000000590878fd 0000000025ecc6c0
0x0000000025ecc558:   00000000309f8120 00000000309f8220
0x0000000025ecc568:   0000000023e18800 0000000002793be0
0x0000000025ecc578:   00000000590871b6 0000000025ecc680
0x0000000025ecc588:   0000000024e13330 000096ea561a7751
0x0000000025ecc598:   00000000224c7708 0000000000000000
0x0000000025ecc5a8:   00000000309f8220 0000000023e18800
0x0000000025ecc5b8:   00000000224c76d8 00000000309f8220
0x0000000025ecc5c8:   0000000023e18800 0000000025ecc8f8
0x0000000025ecc5d8:   cccccccccccccccc 0000000023e18800
0x0000000025ecc5e8:   00000000224cc560 00000000309f8220
0x0000000025ecc5f8:   000000076ef08128 0000000025eccfa0
0x0000000025ecc608:   0000000002798c3b 0000000025ecd008 

Instructions: (pc=0x0000000059064917)
0x00000000590648f7:   68 7e 30 66 0f 1f 44 00 00 48 8b 41 60 80 3c 02
0x0000000059064907:   00 74 14 4c 8b 49 58 49 8b 04 d1 48 85 c0 74 03
0x0000000059064917:   48 8b 00 49 89 04 d1 41 ff c0 48 ff c2 44 3b 41
0x0000000059064927:   68 7c d6 48 8b 41 58 c3 cc 40 53 48 83 ec 20 80 


Register to memory mapping:

RAX=0x00000000ffffffff is an unknown value
RBX={method} {0x00000000309f8228} '<init>' '(Lio/core/InterfaceJNI;IIII)V' in 'io/core/InterfaceJNI$TrackedPerson'
RCX=0x0000000025ecc7e0 is pointing into the stack for thread: 0x0000000023e18800
RDX=0x0000000000000001 is an unknown value
RSP=0x0000000025ecc518 is pointing into the stack for thread: 0x0000000023e18800
RBP=0x0000000025ecc620 is pointing into the stack for thread: 0x0000000023e18800
RSI=0x0000000023e18800 is a thread
RDI=0x00000000ffffffff is an unknown value
R8 =0x0000000000000001 is an unknown value
R9 =0x0000000025ecc7e8 is pointing into the stack for thread: 0x0000000023e18800
R10=0x0000000002780827 is at begin+0 in a stub
StubRoutines::call_stub [0x0000000002780827, 0x000000000278098b[ (356 bytes)
R11=0x0000000000000006 is an unknown value
R12=0x0000000024e20100 is an unknown value
R13=0x0000000023e18800 is a thread
R14=0x0000000025ecc5b8 is pointing into the stack for thread: 0x0000000023e18800
R15={method} {0x00000000309f8228} '<init>' '(Lio/core/InterfaceJNI;IIII)V' in 'io/core/InterfaceJNI$TrackedPerson'


Stack: [0x0000000025dd0000,0x0000000025ed0000],  sp=0x0000000025ecc518,  free space=1009k
Native frames: (J=compiled Java code, j=interpreted, Vv=VM code, C=native code)
V  [jvm.dll+0x214917]


---------------  P R O C E S S  ---------------

Java Threads: ( => current thread )
  0x000000002a497000 JavaThread "Scheduler-1136811657" [_thread_blocked, id=5456, stack(0x00000000306a0000,0x00000000307a0000)]
  0x000000002237e000 JavaThread "org.eclipse.jetty.server.session.HashSessionManager@60a4595eTimer" daemon [_thread_blocked, id=9504, stack(0x000000002fa60000,0x000000002fb60000)]
  0x0000000022380800 JavaThread "qtp755820705-25-selector-ServerConnectorManager@5d0f67b4/0" [_thread_in_native, id=20248, stack(0x0000000026910000,0x0000000026a10000)]
  0x000000002237f800 JavaThread "qtp755820705-24-selector-ServerConnectorManager@5d0f67b4/1" [_thread_in_native, id=22056, stack(0x0000000026810000,0x0000000026910000)]
  0x0000000023e51000 JavaThread "qtp755820705-22-acceptor-0@442341e7-ServerConnector@4235e01b{HTTP/1.1}{0.0.0.0:8080}" [_thread_in_native, id=7472, stack(0x00000000262d0000,0x00000000263d0000)]
  0x0000000023e50800 JavaThread "qtp755820705-21" [_thread_blocked, id=15740, stack(0x00000000261d0000,0x00000000262d0000)]
  0x0000000023e4d800 JavaThread "qtp755820705-20" [_thread_blocked, id=14628, stack(0x0000000025fd0000,0x00000000260d0000)]
  0x0000000023e19000 JavaThread "qtp755820705-19-selector-ServerConnectorManager@5d0f67b4/3" [_thread_in_native, id=13136, stack(0x0000000025ed0000,0x0000000025fd0000)]
=>0x0000000023e18800 JavaThread "qtp755820705-18" [_thread_in_Java, id=19096, stack(0x0000000025dd0000,0x0000000025ed0000)]
  0x0000000020ea4800 JavaThread "qtp755820705-17" [_thread_blocked, id=12148, stack(0x0000000025cd0000,0x0000000025dd0000)]
  0x000000002453f000 JavaThread "qtp755820705-16-selector-ServerConnectorManager@5d0f67b4/2" [_thread_in_native, id=15580, stack(0x0000000025bd0000,0x0000000025cd0000)]
  0x0000000023e3d000 JavaThread "qtp755820705-15" [_thread_blocked, id=19876, stack(0x00000000256c0000,0x00000000257c0000)]
  0x0000000023c80800 JavaThread "ShutdownMonitor" daemon [_thread_in_native, id=10516, stack(0x0000000024370000,0x0000000024470000)]
  0x000000001e153800 JavaThread "Service Thread" daemon [_thread_blocked, id=11944, stack(0x000000001ec90000,0x000000001ed90000)]
  0x000000001e0b7000 JavaThread "C1 CompilerThread3" daemon [_thread_blocked, id=22100, stack(0x000000001eb90000,0x000000001ec90000)]
  0x000000001e0b3000 JavaThread "C2 CompilerThread2" daemon [_thread_blocked, id=4788, stack(0x000000001ea90000,0x000000001eb90000)]
  0x000000001e0b2000 JavaThread "C2 CompilerThread1" daemon [_thread_blocked, id=15256, stack(0x000000001e990000,0x000000001ea90000)]
  0x000000001e0b0800 JavaThread "C2 CompilerThread0" daemon [_thread_blocked, id=4400, stack(0x000000001e890000,0x000000001e990000)]
  0x000000001e0a9800 JavaThread "Attach Listener" daemon [_thread_blocked, id=18804, stack(0x000000001e790000,0x000000001e890000)]
  0x000000001c1ae800 JavaThread "Signal Dispatcher" daemon [_thread_blocked, id=16768, stack(0x000000001e690000,0x000000001e790000)]
  0x000000001e0a0800 JavaThread "Finalizer" daemon [_thread_blocked, id=17588, stack(0x000000001e480000,0x000000001e580000)]
  0x0000000002779000 JavaThread "Reference Handler" daemon [_thread_blocked, id=6476, stack(0x000000001df80000,0x000000001e080000)]
  0x0000000002682800 JavaThread "main" [_thread_blocked, id=9868, stack(0x0000000002580000,0x0000000002680000)]

Other Threads:
  0x000000001c199800 VMThread [stack: 0x000000001de80000,0x000000001df80000] [id=17628]
  0x000000001e0ed000 WatcherThread [stack: 0x000000001ed90000,0x000000001ee90000] [id=18212]

VM state:not at safepoint (normal execution)

VM Mutex/Monitor currently owned by a thread: None

Heap:
 PSYoungGen      total 218112K, used 76410K [0x000000076b400000, 0x000000077b580000, 0x00000007c0000000)
  eden space 175616K, 43% used [0x000000076b400000,0x000000076fe9eba0,0x0000000775f80000)
  from space 42496K, 0% used [0x0000000778900000,0x0000000778900000,0x000000077b280000)
  to   space 42496K, 0% used [0x0000000775f80000,0x0000000775f80000,0x0000000778900000)
 ParOldGen       total 171008K, used 28589K [0x00000006c1c00000, 0x00000006cc300000, 0x000000076b400000)
  object space 171008K, 16% used [0x00000006c1c00000,0x00000006c37eb600,0x00000006cc300000)
 Metaspace       used 43310K, capacity 44746K, committed 44928K, reserved 1089536K
  class space    used 5154K, capacity 5493K, committed 5504K, reserved 1048576K

Card table byte_map: [0x0000000011b40000,0x0000000012340000] byte_map_base: 0x000000000e532000

Marking Bits: (ParMarkBitMap*) 0x0000000059672d00
 Begin Bits: [0x0000000013090000, 0x0000000017020000)
 End Bits:   [0x0000000017020000, 0x000000001afb0000)

Polling page: 0x0000000000cf0000

CodeCache: size=245760Kb used=22997Kb max_used=22997Kb free=222762Kb
 bounds [0x0000000002780000, 0x0000000003e30000, 0x0000000011780000]
 total_blobs=6794 nmethods=6300 adapters=406
 compilation: enabled

Compilation events (10 events):
Event: 56.863 Thread 0x000000001e0b7000 7522       1       org.glassfish.jersey.server.internal.process.RequestProcessingContext::routingContext (5 bytes)
Event: 56.863 Thread 0x000000001e0b7000 nmethod 7522 0x0000000003b00550 code [0x0000000003b006a0, 0x0000000003b007b0]
Event: 56.863 Thread 0x000000001e0b7000 7523       1       org.glassfish.jersey.server.internal.routing.RoutingStage$RoutingResult::access$000 (5 bytes)
Event: 56.863 Thread 0x000000001e0b7000 nmethod 7523 0x0000000003b00290 code [0x0000000003b003e0, 0x0000000003b004d0]
Event: 56.863 Thread 0x000000001e0b7000 7521       3       javax.ws.rs.core.MultivaluedHashMap::<init> (12 bytes)
Event: 56.863 Thread 0x000000001e0b7000 nmethod 7521 0x0000000003affb90 code [0x0000000003affd20, 0x0000000003b000d0]
Event: 56.863 Thread 0x000000001e0b7000 7519       3       org.eclipse.jetty.util.AbstractTrie::get (11 bytes)
Event: 56.864 Thread 0x000000001e0b7000 nmethod 7519 0x0000000003aff5d0 code [0x0000000003aff740, 0x0000000003affa48]
Event: 56.864 Thread 0x000000001e0b7000 7524       1       org.glassfish.jersey.server.internal.routing.Router$Continuation::next (5 bytes)
Event: 56.864 Thread 0x000000001e0b7000 nmethod 7524 0x0000000003aff310 code [0x0000000003aff460, 0x0000000003aff570]

GC Heap History (10 events):
Event: 10.912 GC heap before
{Heap before GC invocations=8 (full 1):
 PSYoungGen      total 104960K, used 104948K [0x000000076b400000, 0x0000000772a80000, 0x00000007c0000000)
  eden space 90624K, 100% used [0x000000076b400000,0x0000000770c80000,0x0000000770c80000)
  from space 14336K, 99% used [0x0000000771b80000,0x000000077297d148,0x0000000772980000)
  to   space 15360K, 0% used [0x0000000770c80000,0x0000000770c80000,0x0000000771b80000)
 ParOldGen       total 118784K, used 14976K [0x00000006c1c00000, 0x00000006c9000000, 0x000000076b400000)
  object space 118784K, 12% used [0x00000006c1c00000,0x00000006c2aa01b8,0x00000006c9000000)
 Metaspace       used 28565K, capacity 29392K, committed 29696K, reserved 1075200K
  class space    used 3258K, capacity 3461K, committed 3584K, reserved 1048576K
Event: 10.937 GC heap after
Heap after GC invocations=8 (full 1):
 PSYoungGen      total 105984K, used 15330K [0x000000076b400000, 0x0000000776080000, 0x00000007c0000000)
  eden space 90624K, 0% used [0x000000076b400000,0x000000076b400000,0x0000000770c80000)
  from space 15360K, 99% used [0x0000000770c80000,0x0000000771b78858,0x0000000771b80000)
  to   space 22016K, 0% used [0x0000000774b00000,0x0000000774b00000,0x0000000776080000)
 ParOldGen       total 118784K, used 24890K [0x00000006c1c00000, 0x00000006c9000000, 0x000000076b400000)
  object space 118784K, 20% used [0x00000006c1c00000,0x00000006c344eb70,0x00000006c9000000)
 Metaspace       used 28565K, capacity 29392K, committed 29696K, reserved 1075200K
  class space    used 3258K, capacity 3461K, committed 3584K, reserved 1048576K
}
Event: 11.445 GC heap before
{Heap before GC invocations=9 (full 1):
 PSYoungGen      total 105984K, used 105954K [0x000000076b400000, 0x0000000776080000, 0x00000007c0000000)
  eden space 90624K, 100% used [0x000000076b400000,0x0000000770c80000,0x0000000770c80000)
  from space 15360K, 99% used [0x0000000770c80000,0x0000000771b78858,0x0000000771b80000)
  to   space 22016K, 0% used [0x0000000774b00000,0x0000000774b00000,0x0000000776080000)
 ParOldGen       total 118784K, used 24903K [0x00000006c1c00000, 0x00000006c9000000, 0x000000076b400000)
  object space 118784K, 20% used [0x00000006c1c00000,0x00000006c3451f58,0x00000006c9000000)
 Metaspace       used 28596K, capacity 29392K, committed 29696K, reserved 1075200K
  class space    used 3259K, capacity 3461K, committed 3584K, reserved 1048576K
Event: 11.497 GC heap after
Heap after GC invocations=9 (full 1):
 PSYoungGen      total 143872K, used 21996K [0x000000076b400000, 0x0000000778d00000, 0x00000007c0000000)
  eden space 121856K, 0% used [0x000000076b400000,0x000000076b400000,0x0000000772b00000)
  from space 22016K, 99% used [0x0000000774b00000,0x000000077607b090,0x0000000776080000)
  to   space 32768K, 0% used [0x0000000772b00000,0x0000000772b00000,0x0000000774b00000)
 ParOldGen       total 118784K, used 43584K [0x00000006c1c00000, 0x00000006c9000000, 0x000000076b400000)
  object space 118784K, 36% used [0x00000006c1c00000,0x00000006c4690130,0x00000006c9000000)
 Metaspace       used 28596K, capacity 29392K, committed 29696K, reserved 1075200K
  class space    used 3259K, capacity 3461K, committed 3584K, reserved 1048576K
}
Event: 12.996 GC heap before
{Heap before GC invocations=10 (full 1):
 PSYoungGen      total 143872K, used 143852K [0x000000076b400000, 0x0000000778d00000, 0x00000007c0000000)
  eden space 121856K, 100% used [0x000000076b400000,0x0000000772b00000,0x0000000772b00000)
  from space 22016K, 99% used [0x0000000774b00000,0x000000077607b090,0x0000000776080000)
  to   space 32768K, 0% used [0x0000000772b00000,0x0000000772b00000,0x0000000774b00000)
 ParOldGen       total 118784K, used 43598K [0x00000006c1c00000, 0x00000006c9000000, 0x000000076b400000)
  object space 118784K, 36% used [0x00000006c1c00000,0x00000006c4693b50,0x00000006c9000000)
 Metaspace       used 33082K, capacity 34286K, committed 34432K, reserved 1079296K
  class space    used 3869K, capacity 4186K, committed 4224K, reserved 1048576K
Event: 13.049 GC heap after
Heap after GC invocations=10 (full 1):
 PSYoungGen      total 154624K, used 32743K [0x000000076b400000, 0x000000077b280000, 0x00000007c0000000)
  eden space 121856K, 0% used [0x000000076b400000,0x000000076b400000,0x0000000772b00000)
  from space 32768K, 99% used [0x0000000772b00000,0x0000000774af9ce0,0x0000000774b00000)
  to   space 42496K, 0% used [0x0000000778900000,0x0000000778900000,0x000000077b280000)
 ParOldGen       total 118784K, used 56111K [0x00000006c1c00000, 0x00000006c9000000, 0x000000076b400000)
  object space 118784K, 47% used [0x00000006c1c00000,0x00000006c52cbe60,0x00000006c9000000)
 Metaspace       used 33082K, capacity 34286K, committed 34432K, reserved 1079296K
  class space    used 3869K, capacity 4186K, committed 4224K, reserved 1048576K
}
Event: 13.219 GC heap before
{Heap before GC invocations=11 (full 1):
 PSYoungGen      total 154624K, used 43465K [0x000000076b400000, 0x000000077b280000, 0x00000007c0000000)
  eden space 121856K, 8% used [0x000000076b400000,0x000000076be78910,0x0000000772b00000)
  from space 32768K, 99% used [0x0000000772b00000,0x0000000774af9ce0,0x0000000774b00000)
  to   space 42496K, 0% used [0x0000000778900000,0x0000000778900000,0x000000077b280000)
 ParOldGen       total 118784K, used 56111K [0x00000006c1c00000, 0x00000006c9000000, 0x000000076b400000)
  object space 118784K, 47% used [0x00000006c1c00000,0x00000006c52cbe60,0x00000006c9000000)
 Metaspace       used 34141K, capacity 35320K, committed 35496K, reserved 1081344K
  class space    used 4031K, capacity 4325K, committed 4352K, reserved 1048576K
Event: 13.232 GC heap after
Heap after GC invocations=11 (full 1):
 PSYoungGen      total 218112K, used 6860K [0x000000076b400000, 0x000000077b580000, 0x00000007c0000000)
  eden space 175616K, 0% used [0x000000076b400000,0x000000076b400000,0x0000000775f80000)
  from space 42496K, 16% used [0x0000000778900000,0x0000000778fb33b0,0x000000077b280000)
  to   space 42496K, 0% used [0x0000000775f80000,0x0000000775f80000,0x0000000778900000)
 ParOldGen       total 118784K, used 68797K [0x00000006c1c00000, 0x00000006c9000000, 0x000000076b400000)
  object space 118784K, 57% used [0x00000006c1c00000,0x00000006c5f2f658,0x00000006c9000000)
 Metaspace       used 34141K, capacity 35320K, committed 35496K, reserved 1081344K
  class space    used 4031K, capacity 4325K, committed 4352K, reserved 1048576K
}
Event: 13.232 GC heap before
{Heap before GC invocations=12 (full 2):
 PSYoungGen      total 218112K, used 6860K [0x000000076b400000, 0x000000077b580000, 0x00000007c0000000)
  eden space 175616K, 0% used [0x000000076b400000,0x000000076b400000,0x0000000775f80000)
  from space 42496K, 16% used [0x0000000778900000,0x0000000778fb33b0,0x000000077b280000)
  to   space 42496K, 0% used [0x0000000775f80000,0x0000000775f80000,0x0000000778900000)
 ParOldGen       total 118784K, used 68797K [0x00000006c1c00000, 0x00000006c9000000, 0x000000076b400000)
  object space 118784K, 57% used [0x00000006c1c00000,0x00000006c5f2f658,0x00000006c9000000)
 Metaspace       used 34141K, capacity 35320K, committed 35496K, reserved 1081344K
  class space    used 4031K, capacity 4325K, committed 4352K, reserved 1048576K
Event: 13.303 GC heap after
Heap after GC invocations=12 (full 2):
 PSYoungGen      total 218112K, used 0K [0x000000076b400000, 0x000000077b580000, 0x00000007c0000000)
  eden space 175616K, 0% used [0x000000076b400000,0x000000076b400000,0x0000000775f80000)
  from space 42496K, 0% used [0x0000000778900000,0x0000000778900000,0x000000077b280000)
  to   space 42496K, 0% used [0x0000000775f80000,0x0000000775f80000,0x0000000778900000)
 ParOldGen       total 171008K, used 28589K [0x00000006c1c00000, 0x00000006cc300000, 0x000000076b400000)
  object space 171008K, 16% used [0x00000006c1c00000,0x00000006c37eb600,0x00000006cc300000)
 Metaspace       used 34141K, capacity 35320K, committed 35496K, reserved 1081344K
  class space    used 4031K, capacity 4325K, committed 4352K, reserved 1048576K
}

Deoptimization events (10 events):
Event: 25.910 Thread 0x0000000020ea4800 Uncommon trap: reason=speculate_class_check action=maybe_recompile pc=0x0000000003d06284 method=java.util.AbstractList.listIterator()Ljava/util/ListIterator; @ 2
Event: 28.043 Thread 0x0000000023e50800 Uncommon trap: reason=class_check action=maybe_recompile pc=0x00000000039a5414 method=java.util.Collections$UnmodifiableMap.entrySet()Ljava/util/Set; @ 16
Event: 28.043 Thread 0x0000000023e50800 Uncommon trap: reason=class_check action=maybe_recompile pc=0x0000000002e86d80 method=java.util.Collections$UnmodifiableMap$UnmodifiableEntrySet$1.next()Ljava/util/Map$Entry; @ 8
Event: 28.043 Thread 0x0000000023e50800 Uncommon trap: reason=class_check action=maybe_recompile pc=0x0000000002e8c988 method=java.util.Collections$UnmodifiableMap$UnmodifiableEntrySet$UnmodifiableEntry.getKey()Ljava/lang/Object; @ 4
Event: 28.043 Thread 0x0000000023e50800 Uncommon trap: reason=class_check action=maybe_recompile pc=0x0000000002f9b688 method=java.util.Collections$UnmodifiableMap$UnmodifiableEntrySet$UnmodifiableEntry.getValue()Ljava/lang/Object; @ 4
Event: 28.058 Thread 0x0000000023e50800 Uncommon trap: reason=speculate_class_check action=maybe_recompile pc=0x0000000003d06284 method=java.util.AbstractList.listIterator()Ljava/util/ListIterator; @ 2
Event: 30.738 Thread 0x0000000023e4d800 Uncommon trap: reason=class_check action=maybe_recompile pc=0x0000000002e86d80 method=java.util.Collections$UnmodifiableMap$UnmodifiableEntrySet$1.next()Ljava/util/Map$Entry; @ 8
Event: 30.738 Thread 0x0000000023e4d800 Uncommon trap: reason=class_check action=maybe_recompile pc=0x0000000002e8c988 method=java.util.Collections$UnmodifiableMap$UnmodifiableEntrySet$UnmodifiableEntry.getKey()Ljava/lang/Object; @ 4
Event: 30.738 Thread 0x0000000023e4d800 Uncommon trap: reason=class_check action=maybe_recompile pc=0x0000000002f9b688 method=java.util.Collections$UnmodifiableMap$UnmodifiableEntrySet$UnmodifiableEntry.getValue()Ljava/lang/Object; @ 4
Event: 48.804 Thread 0x0000000023e4d800 Uncommon trap: reason=bimorphic action=maybe_recompile pc=0x00000000039c2124 method=java.util.LinkedHashMap.afterNodeInsertion(Z)V @ 15

Classes redefined (0 events):
No events

Internal exceptions (10 events):
Event: 10.726 Thread 0x0000000023e50800 Implicit null exception at 0x000000000344a119 to 0x000000000344a915
Event: 10.726 Thread 0x0000000023e18800 Implicit null exception at 0x000000000344a119 to 0x000000000344a915
Event: 10.726 Thread 0x0000000020ea4800 Implicit null exception at 0x000000000344a119 to 0x000000000344a915
Event: 10.726 Thread 0x0000000023e4d800 Implicit null exception at 0x000000000344bbcc to 0x000000000344c2c9
Event: 10.726 Thread 0x0000000023e19000 Implicit null exception at 0x000000000344bbcc to 0x000000000344c2c9
Event: 10.726 Thread 0x0000000023e51000 Implicit null exception at 0x000000000344bbcc to 0x000000000344c2c9
Event: 12.663 Thread 0x0000000002682800 Exception <a 'java/lang/NoSuchFieldError': method resolution failed> (0x000000077188a668) thrown at [C:\re\workspace\8-2-build-windows-amd64-cygwin\jdk8u181\11358\hotspot\src\share\vm\prims\methodHandles.cpp, line 1167]
Event: 12.666 Thread 0x0000000002682800 Exception <a 'java/lang/NoSuchFieldError': method resolution failed> (0x00000007718980f8) thrown at [C:\re\workspace\8-2-build-windows-amd64-cygwin\jdk8u181\11358\hotspot\src\share\vm\prims\methodHandles.cpp, line 1167]
Event: 13.452 Thread 0x0000000002682800 Exception <a 'java/lang/NoSuchMethodError': java.lang.Object.lambda$and$0(Ljava/util/function/Predicate;Ljava/lang/Object;)Z> (0x000000076c139f98) thrown at [C:\re\workspace\8-2-build-windows-amd64-cygwin\jdk8u181\11358\hotspot\src\share\vm\interpreter\li
Event: 13.502 Thread 0x0000000002682800 Exception <a 'java/lang/NoSuchMethodError': java.lang.Object.lambda$comparingInt$7b0bb60$1(Ljava/util/function/ToIntFunction;Ljava/lang/Object;Ljava/lang/Object;)I> (0x000000076c4d9be8) thrown at [C:\re\workspace\8-2-build-windows-amd64-cygwin\jdk8u181\11

Events (10 events):
Event: 30.738 Thread 0x0000000023e4d800 DEOPT UNPACKING pc=0x00000000027c583b sp=0x00000000260ccff0 mode 2
Event: 48.800 Executing VM operation: RevokeBias
Event: 48.801 Executing VM operation: RevokeBias done
Event: 48.802 Executing VM operation: RevokeBias
Event: 48.802 Executing VM operation: RevokeBias done
Event: 48.804 Thread 0x0000000023e4d800 Uncommon trap: trap_request=0xffffffc6 fr.pc=0x00000000039c2124
Event: 48.804 Thread 0x0000000023e4d800 DEOPT PACKING pc=0x00000000039c2124 sp=0x00000000260cd6e0
Event: 48.804 Thread 0x0000000023e4d800 DEOPT UNPACKING pc=0x00000000027c583b sp=0x00000000260cd680 mode 2
Event: 48.810 Executing VM operation: RevokeBias
Event: 48.810 Executing VM operation: RevokeBias done


Dynamic libraries:
0x00007ff69c610000 - 0x00007ff69c647000 	C:\Program Files\Java\jdk1.8.0_181\bin\java.exe
0x00007ffad4830000 - 0x00007ffad4a11000 	C:\WINDOWS\SYSTEM32\ntdll.dll
0x00007ffad2120000 - 0x00007ffad21d2000 	C:\WINDOWS\System32\KERNEL32.DLL
0x00007ffad15b0000 - 0x00007ffad1823000 	C:\WINDOWS\System32\KERNELBASE.dll
0x00007ffad2940000 - 0x00007ffad29e1000 	C:\WINDOWS\System32\ADVAPI32.dll
0x00007ffad2890000 - 0x00007ffad292e000 	C:\WINDOWS\System32\msvcrt.dll
0x00007ffad1e70000 - 0x00007ffad1ecb000 	C:\WINDOWS\System32\sechost.dll
0x00007ffad1ff0000 - 0x00007ffad2114000 	C:\WINDOWS\System32\RPCRT4.dll
0x00007ffad45c0000 - 0x00007ffad4750000 	C:\WINDOWS\System32\USER32.dll
0x00007ffad1590000 - 0x00007ffad15b0000 	C:\WINDOWS\System32\win32u.dll
0x00007ffad1cc0000 - 0x00007ffad1ce8000 	C:\WINDOWS\System32\GDI32.dll
0x00007ffad1b20000 - 0x00007ffad1cb2000 	C:\WINDOWS\System32\gdi32full.dll
0x00007ffad1a20000 - 0x00007ffad1abf000 	C:\WINDOWS\System32\msvcp_win.dll
0x00007ffad13e0000 - 0x00007ffad14da000 	C:\WINDOWS\System32\ucrtbase.dll
0x00007ffac5710000 - 0x00007ffac5979000 	C:\WINDOWS\WinSxS\amd64_microsoft.windows.common-controls_6595b64144ccf1df_6.0.17134.471_none_fb3e9aab3068fc16\COMCTL32.dll
0x00007ffad2560000 - 0x00007ffad2882000 	C:\WINDOWS\System32\combase.dll
0x00007ffad1310000 - 0x00007ffad138a000 	C:\WINDOWS\System32\bcryptPrimitives.dll
0x00007ffad4280000 - 0x00007ffad42ad000 	C:\WINDOWS\System32\IMM32.DLL
0x0000000058bd0000 - 0x0000000058ca2000 	C:\Program Files\Java\jdk1.8.0_181\jre\bin\msvcr100.dll
0x0000000058e50000 - 0x00000000596f2000 	C:\Program Files\Java\jdk1.8.0_181\jre\bin\server\jvm.dll
0x00007ffad1fe0000 - 0x00007ffad1fe8000 	C:\WINDOWS\System32\PSAPI.DLL
0x00007ffacd4a0000 - 0x00007ffacd4a9000 	C:\WINDOWS\SYSTEM32\WSOCK32.dll
0x00007ffac9470000 - 0x00007ffac947a000 	C:\WINDOWS\SYSTEM32\VERSION.dll
0x00007fface7f0000 - 0x00007fface813000 	C:\WINDOWS\SYSTEM32\WINMM.dll
0x00007ffad4330000 - 0x00007ffad439c000 	C:\WINDOWS\System32\WS2_32.dll
0x00007ffacda70000 - 0x00007ffacda9a000 	C:\WINDOWS\SYSTEM32\winmmbase.dll
0x00007ffad1390000 - 0x00007ffad13d9000 	C:\WINDOWS\System32\cfgmgr32.dll
0x000000005aae0000 - 0x000000005aaef000 	C:\Program Files\Java\jdk1.8.0_181\jre\bin\verify.dll
0x000000005aab0000 - 0x000000005aad9000 	C:\Program Files\Java\jdk1.8.0_181\jre\bin\java.dll
0x000000005aa90000 - 0x000000005aaa6000 	C:\Program Files\Java\jdk1.8.0_181\jre\bin\zip.dll
0x00007ffad29f0000 - 0x00007ffad3e30000 	C:\WINDOWS\System32\SHELL32.dll
0x00007ffad4750000 - 0x00007ffad47f9000 	C:\WINDOWS\System32\shcore.dll
0x00007ffad0c00000 - 0x00007ffad130d000 	C:\WINDOWS\System32\windows.storage.dll
0x00007ffad42d0000 - 0x00007ffad4321000 	C:\WINDOWS\System32\shlwapi.dll
0x00007ffad0be0000 - 0x00007ffad0bf1000 	C:\WINDOWS\System32\kernel.appcore.dll
0x00007ffad0ba0000 - 0x00007ffad0bbf000 	C:\WINDOWS\System32\profapi.dll
0x00007ffad0b50000 - 0x00007ffad0b9c000 	C:\WINDOWS\System32\powrprof.dll
0x00007ffad0b40000 - 0x00007ffad0b4a000 	C:\WINDOWS\System32\FLTLIB.DLL
0x00007ffacd490000 - 0x00007ffacd49a000 	D:\Programmi\apache-maven-3.6.0-bin\apache-maven-3.6.0\lib\jansi-native\windows64\jansi.dll
0x0000000059ce0000 - 0x0000000059cfa000 	C:\Program Files\Java\jdk1.8.0_181\jre\bin\net.dll
0x00007ffad03c0000 - 0x00007ffad0426000 	C:\WINDOWS\system32\mswsock.dll
0x0000000058e30000 - 0x0000000058e41000 	C:\Program Files\Java\jdk1.8.0_181\jre\bin\nio.dll
0x000000005aa80000 - 0x000000005aa8d000 	C:\Program Files\Java\jdk1.8.0_181\jre\bin\management.dll
0x00007ffad0570000 - 0x00007ffad0587000 	C:\WINDOWS\SYSTEM32\CRYPTSP.dll
0x00007ffacffa0000 - 0x00007ffacffd3000 	C:\WINDOWS\system32\rsaenh.dll
0x00007ffad06a0000 - 0x00007ffad06c5000 	C:\WINDOWS\SYSTEM32\bcrypt.dll
0x00007ffad0a70000 - 0x00007ffad0a98000 	C:\WINDOWS\SYSTEM32\USERENV.dll
0x00007ffad0590000 - 0x00007ffad059b000 	C:\WINDOWS\SYSTEM32\CRYPTBASE.dll
0x00007ffad0140000 - 0x00007ffad0178000 	C:\WINDOWS\SYSTEM32\IPHLPAPI.DLL
0x00007ffad1f70000 - 0x00007ffad1f78000 	C:\WINDOWS\System32\NSI.dll
0x00007ffac8ab0000 - 0x00007ffac8ac6000 	C:\WINDOWS\SYSTEM32\dhcpcsvc6.DLL
0x00007ffac8cc0000 - 0x00007ffac8cda000 	C:\WINDOWS\SYSTEM32\dhcpcsvc.DLL
0x00007ffac5f90000 - 0x00007ffac5fc0000 	D:\github\plathea\jaxrs-jersey-server-generated\src\main\java\io\core\InterfaceJNI_DLL.dll
0x00007ffac5f60000 - 0x00007ffac5f81000 	C:\WINDOWS\SYSTEM32\VCRUNTIME140D.dll
0x00007ffab22b0000 - 0x00007ffab23a4000 	C:\WINDOWS\SYSTEM32\MSVCP140D.dll
0x00007ffa9f3d0000 - 0x00007ffa9f58d000 	C:\WINDOWS\SYSTEM32\ucrtbased.dll
0x00007ffa836d0000 - 0x00007ffa83ab5000 	D:\github\plathea\jaxrs-jersey-server-generated\PlatheaDLL.dll
0x00007ffad2310000 - 0x00007ffad23fd000 	C:\WINDOWS\System32\COMDLG32.dll
0x00007ffad2400000 - 0x00007ffad2551000 	C:\WINDOWS\System32\ole32.dll
0x00007ffaa5c00000 - 0x00007ffaa5d08000 	D:\github\plathea\jaxrs-jersey-server-generated\opencv_video310d.dll
0x00007ffa78a40000 - 0x00007ffa799de000 	D:\github\plathea\jaxrs-jersey-server-generated\opencv_core310d.dll
0x00007ffa9e910000 - 0x00007ffa9eabc000 	D:\github\plathea\jaxrs-jersey-server-generated\opencv_ml310d.dll
0x00007ffab43f0000 - 0x00007ffab4456000 	D:\github\plathea\jaxrs-jersey-server-generated\opencv_highgui310d.dll
0x00007ffa84b20000 - 0x00007ffa84ef4000 	D:\github\plathea\jaxrs-jersey-server-generated\opencv_calib3d310d.dll
0x00007ffa98e60000 - 0x00007ffa98ff4000 	D:\github\plathea\jaxrs-jersey-server-generated\opencv_objdetect310d.dll
0x00007ffa76870000 - 0x00007ffa78a3b000 	D:\github\plathea\jaxrs-jersey-server-generated\opencv_imgproc310d.dll
0x00007ffaa2fe0000 - 0x00007ffaa3096000 	C:\WINDOWS\SYSTEM32\CONCRT140D.dll
0x00007ffa9fc10000 - 0x00007ffa9fcc2000 	D:\github\plathea\jaxrs-jersey-server-generated\opencv_videoio310d.dll
0x00007ffad2240000 - 0x00007ffad2302000 	C:\WINDOWS\System32\OLEAUT32.dll
0x00007ffa7c3a0000 - 0x00007ffa7c8fe000 	D:\github\plathea\jaxrs-jersey-server-generated\opencv_imgcodecs310d.dll
0x00007ffa7c170000 - 0x00007ffa7c395000 	D:\github\plathea\jaxrs-jersey-server-generated\opencv_features2d310d.dll
0x00007ffac5e50000 - 0x00007ffac5e79000 	C:\WINDOWS\SYSTEM32\MSVFW32.dll
0x00007ffab6bb0000 - 0x00007ffab6bcf000 	C:\WINDOWS\SYSTEM32\AVIFIL32.dll
0x00007ffab6b90000 - 0x00007ffab6ba8000 	C:\WINDOWS\SYSTEM32\AVICAP32.dll
0x00007ffacc070000 - 0x00007ffacc08c000 	C:\WINDOWS\SYSTEM32\MSACM32.dll
0x00007ffa9f7b0000 - 0x00007ffa9f92d000 	D:\github\plathea\jaxrs-jersey-server-generated\opencv_flann310d.dll
0x00007ffa9f340000 - 0x00007ffa9f3c5000 	C:\WINDOWS\SYSTEM32\OpenCL.dll
0x00007ffa72a40000 - 0x00007ffa7406d000 	C:\WINDOWS\System32\nvopencl.dll
0x00007ffad3e30000 - 0x00007ffad427b000 	C:\WINDOWS\System32\SETUPAPI.dll
0x00007ffa9ae80000 - 0x00007ffa9af9f000 	C:\WINDOWS\SYSTEM32\nvfatbinaryLoader.dll
0x00007ffacf230000 - 0x00007ffacf2c8000 	C:\WINDOWS\system32\uxtheme.dll
0x00007ffad0950000 - 0x00007ffad0977000 	C:\WINDOWS\SYSTEM32\DEVOBJ.dll
0x00007ffad1ac0000 - 0x00007ffad1b17000 	C:\WINDOWS\System32\WINTRUST.dll
0x00007ffad0bc0000 - 0x00007ffad0bd2000 	C:\WINDOWS\System32\MSASN1.dll
0x00007ffad1830000 - 0x00007ffad1a12000 	C:\WINDOWS\System32\CRYPT32.dll
0x00007ffab8f00000 - 0x00007ffab9380000 	C:\WINDOWS\system32\nvapi64.dll
0x00007ffacf900000 - 0x00007ffacf9bb000 	C:\WINDOWS\SYSTEM32\dxgi.dll
0x00007ffaa65a0000 - 0x00007ffaa6602000 	C:\WINDOWS\SYSTEM32\IntelOpenCL64.dll
0x00007ffa9efa0000 - 0x00007ffa9f09d000 	C:\Program Files (x86)\Common Files\Intel\OpenCL\bin\x64\intelocl64.dll
0x00007ffab6cc0000 - 0x00007ffab6de0000 	C:\WINDOWS\SYSTEM32\OPENGL32.dll
0x00007ffa9e890000 - 0x00007ffa9e906000 	C:\Program Files (x86)\Common Files\Intel\OpenCL\bin\x64\task_executor64.dll
0x00007ffabfb50000 - 0x00007ffabfb7c000 	C:\WINDOWS\SYSTEM32\GLU32.dll
0x00007ffacfc30000 - 0x00007ffacfc61000 	C:\WINDOWS\SYSTEM32\ntmarta.dll
0x00007ffa9e5e0000 - 0x00007ffa9e675000 	C:\Program Files (x86)\Common Files\Intel\OpenCL\bin\x64\cpu_device64.dll
0x00007ffa9e570000 - 0x00007ffa9e5d9000 	C:\Program Files (x86)\Common Files\Intel\OpenCL\bin\x64\tbb\tbb.dll
0x00007ffa96b00000 - 0x00007ffa96cf4000 	C:\WINDOWS\SYSTEM32\igdrcl64.dll
0x00007ffa71450000 - 0x00007ffa72a32000 	C:\WINDOWS\SYSTEM32\igdfcl64.dll
0x00007ffabd280000 - 0x00007ffabd449000 	C:\WINDOWS\SYSTEM32\dbghelp.dll
0x00007ffa9fbb0000 - 0x00007ffa9fc0f000 	C:\WINDOWS\SYSTEM32\igdbcl64.dll
0x00007ffaca5d0000 - 0x00007ffacaa34000 	C:\WINDOWS\SYSTEM32\igdusc64.dll
0x0000000066840000 - 0x0000000067b0b000 	D:\github\plathea\jaxrs-jersey-server-generated\opencv_ffmpeg310_64.dll

VM Arguments:
jvm_args: -Dclassworlds.conf=D:\Programmi\apache-maven-3.6.0-bin\apache-maven-3.6.0\bin\..\bin\m2.conf -Dmaven.home=D:\Programmi\apache-maven-3.6.0-bin\apache-maven-3.6.0\bin\.. -Dlibrary.jansi.path=D:\Programmi\apache-maven-3.6.0-bin\apache-maven-3.6.0\bin\..\lib\jansi-native -Dmaven.multiModuleProjectDirectory=D:\github\plathea\jaxrs-jersey-server-generated 
java_command: org.codehaus.plexus.classworlds.launcher.Launcher clean package jetty:run
java_class_path (initial): D:\Programmi\apache-maven-3.6.0-bin\apache-maven-3.6.0\bin\..\boot\plexus-classworlds-2.5.2.jar
Launcher Type: SUN_STANDARD

Environment Variables:
JAVA_HOME=C:\Program Files\Java\jdk1.8.0_181
PATH=C:\Program Files (x86)\Common Files\Oracle\Java\javapath;C:\Users\jack1\Desktop\plathea-code-22-trunk\plathea-code-22-trunk\opencv-master\build\install_release\x64\vc12\bin;C:\WINDOWS\system32;C:\WINDOWS;C:\WINDOWS\System32\Wbem;C:\WINDOWS\System32\WindowsPowerShell\v1.0\;C:\Program Files\Git\cmd;C:\Program Files\nodejs\;C:\Program Files\PuTTY\;C:\Users\jack1\AppData\Local\Microsoft\WindowsApps;C:\Users\jack1\AppData\Roaming\npm;C:\Users\jack1\AppData\Local\atom\bin;C:\adb;C:\WINDOWS\system32;C:\WINDOWS;C:\WINDOWS\System32\Wbem;C:\WINDOWS\System32\WindowsPowerShell\v1.0\;C:\WINDOWS\System32\OpenSSH\;C:\Users\jack1\Desktop\plathea-code-22-trunk\plathea-code-22-trunk\opencv-master\build\install_debug\x64\vc12\bin;C:\Users\jack1\AppData\Local\Microsoft\WindowsApps;C:\Users\jack1\AppData\Roaming\npm;C:\Users\jack1\AppData\Local\atom\bin;C:\Users\jack1\AppData\Local\Microsoft\WindowsApps;C:\Program Files\LLVM\bin;C:\ProgramData\jack1\atom\bin;C:\Program Files\Java\jdk1.8.0_181\bin;C:\Program Files\mingw-w64\x86_64-8.1.0-win32-seh-rt_v6-rev0\mingw64\bin;D:\Programmi\apache-maven-3.6.0-bin\apache-maven-3.6.0\bin;D:\github\plathea\LeoStormLibrary\LeoStormWindowsLib;D:\github\plathea\jaxrs-jersey-server-generated;
USERNAME=jack1
OS=Windows_NT
PROCESSOR_IDENTIFIER=Intel64 Family 6 Model 58 Stepping 9, GenuineIntel



---------------  S Y S T E M  ---------------

OS: Windows 10.0 , 64 bit Build 17134 (10.0.17134.1)

CPU:total 8 (initial active 8) (4 cores per cpu, 2 threads per core) family 6 model 58 stepping 9, cmov, cx8, fxsr, mmx, sse, sse2, sse3, ssse3, sse4.1, sse4.2, popcnt, avx, aes, clmul, erms, ht, tsc, tscinvbit, tscinv

Memory: 4k page, physical 16659944k(7811624k free), swap 19150312k(8003280k free)

vm_info: Java HotSpot(TM) 64-Bit Server VM (25.181-b13) for windows-amd64 JRE (1.8.0_181-b13), built on Jul  7 2018 04:01:33 by "java_re" with MS VC++ 10.0 (VS2010)

time: Tue Dec 18 15:53:31 2018
elapsed time: 56 seconds (0d 0h 0m 56s)

