#
# A fatal error has been detected by the Java Runtime Environment:
#
#  EXCEPTION_ACCESS_VIOLATION (0xc0000005) at pc=0x0000000059064917, pid=15604, tid=0x00000000000046cc
#
# JRE version: Java(TM) SE Runtime Environment (8.0_181-b13) (build 1.8.0_181-b13)
# Java VM: Java HotSpot(TM) 64-Bit Server VM (25.181-b13 mixed mode windows-amd64 compressed oops)
# Problematic frame:
# V  [jvm.dll+0x214917]
#
# Failed to write core dump. Minidumps are not enabled by default on client versions of Windows
#
# If you would like to submit a bug report, please visit:
#   http://bugreport.java.com/bugreport/crash.jsp
#

---------------  T H R E A D  ---------------

Current thread (0x00000000211f0800):  JavaThread "qtp987666875-18" [_thread_in_Java, id=18124, stack(0x0000000026960000,0x0000000026a60000)]

siginfo: ExceptionCode=0xc0000005, reading address 0x00000000ffffffff

Registers:
RAX=0x00000000ffffffff, RBX=0x0000000031545058, RCX=0x0000000026a5c710, RDX=0x0000000000000001
RSP=0x0000000026a5c448, RBP=0x0000000026a5c550, RSI=0x00000000211f0800, RDI=0x00000000ffffffff
R8 =0x0000000000000001, R9 =0x0000000026a5c718, R10=0x0000000003420827, R11=0x0000000000000006
R12=0x0000000022998090, R13=0x00000000211f0800, R14=0x0000000026a5c4e8, R15=0x0000000031545058
RIP=0x0000000059064917, EFLAGS=0x0000000000010206

Top of Stack: (sp=0x0000000026a5c448)
0x0000000026a5c448:   0000000059065805 0000000031545058
0x0000000026a5c458:   0000000026a5c550 0000000020bba818
0x0000000026a5c468:   00000000211f0800 00000000211f0800
0x0000000026a5c478:   00000000590878fd 0000000026a5c5f0
0x0000000026a5c488:   cccccccccccccccc 0000000031545058
0x0000000026a5c498:   00000000211f0800 0000000003433be0
0x0000000026a5c4a8:   00000000590871b6 cccccccccccccccc
0x0000000026a5c4b8:   cccccccccccccccc 000096e985d43594
0x0000000026a5c4c8:   cccccccccccccccc 0000000000000000
0x0000000026a5c4d8:   0000000031545058 00000000211f0800
0x0000000026a5c4e8:   0000000020bba818 0000000031545058
0x0000000026a5c4f8:   00000000211f0800 0000000026a5c828
0x0000000026a5c508:   cccccccccccccccc 00000000211f0800
0x0000000026a5c518:   0000000021d85f80 0000000031545058
0x0000000026a5c528:   000000076f040610 0000000026a5ced0
0x0000000026a5c538:   0000000003438c3b 0000000026a5cf38 

Instructions: (pc=0x0000000059064917)
0x00000000590648f7:   68 7e 30 66 0f 1f 44 00 00 48 8b 41 60 80 3c 02
0x0000000059064907:   00 74 14 4c 8b 49 58 49 8b 04 d1 48 85 c0 74 03
0x0000000059064917:   48 8b 00 49 89 04 d1 41 ff c0 48 ff c2 44 3b 41
0x0000000059064927:   68 7c d6 48 8b 41 58 c3 cc 40 53 48 83 ec 20 80 


Register to memory mapping:

RAX=0x00000000ffffffff is an unknown value
RBX={method} {0x0000000031545060} '<init>' '(Lio/core/InterfaceJNI;IIII)V' in 'io/core/InterfaceJNI$TrackedPerson'
RCX=0x0000000026a5c710 is pointing into the stack for thread: 0x00000000211f0800
RDX=0x0000000000000001 is an unknown value
RSP=0x0000000026a5c448 is pointing into the stack for thread: 0x00000000211f0800
RBP=0x0000000026a5c550 is pointing into the stack for thread: 0x00000000211f0800
RSI=0x00000000211f0800 is a thread
RDI=0x00000000ffffffff is an unknown value
R8 =0x0000000000000001 is an unknown value
R9 =0x0000000026a5c718 is pointing into the stack for thread: 0x00000000211f0800
R10=0x0000000003420827 is at begin+0 in a stub
StubRoutines::call_stub [0x0000000003420827, 0x000000000342098b[ (356 bytes)
R11=0x0000000000000006 is an unknown value
R12=0x0000000022998090 is an unknown value
R13=0x00000000211f0800 is a thread
R14=0x0000000026a5c4e8 is pointing into the stack for thread: 0x00000000211f0800
R15={method} {0x0000000031545060} '<init>' '(Lio/core/InterfaceJNI;IIII)V' in 'io/core/InterfaceJNI$TrackedPerson'


Stack: [0x0000000026960000,0x0000000026a60000],  sp=0x0000000026a5c448,  free space=1009k
Native frames: (J=compiled Java code, j=interpreted, Vv=VM code, C=native code)
V  [jvm.dll+0x214917]


---------------  P R O C E S S  ---------------

Java Threads: ( => current thread )
  0x0000000024263000 JavaThread "Scheduler-943843194" [_thread_blocked, id=22700, stack(0x0000000031210000,0x0000000031310000)]
  0x0000000024266800 JavaThread "org.eclipse.jetty.server.session.HashSessionManager@372c428Timer" daemon [_thread_blocked, id=11604, stack(0x00000000305d0000,0x00000000306d0000)]
  0x0000000024266000 JavaThread "qtp987666875-25-selector-ServerConnectorManager@525ff1b6/2" [_thread_in_native, id=23208, stack(0x0000000029420000,0x0000000029520000)]
  0x0000000024260800 JavaThread "qtp987666875-24" [_thread_blocked, id=3620, stack(0x0000000027380000,0x0000000027480000)]
  0x0000000024261800 JavaThread "qtp987666875-22-selector-ServerConnectorManager@525ff1b6/1" [_thread_in_native, id=3404, stack(0x0000000026e60000,0x0000000026f60000)]
  0x0000000024260000 JavaThread "qtp987666875-21" [_thread_blocked, id=22920, stack(0x0000000026c60000,0x0000000026d60000)]
  0x0000000024263800 JavaThread "qtp987666875-20" [_thread_blocked, id=23064, stack(0x0000000026b60000,0x0000000026c60000)]
  0x000000002409e000 JavaThread "qtp987666875-19-acceptor-0@7ddb1aca-ServerConnector@835718b{HTTP/1.1}{0.0.0.0:8080}" [_thread_in_native, id=23276, stack(0x0000000026a60000,0x0000000026b60000)]
=>0x00000000211f0800 JavaThread "qtp987666875-18" [_thread_in_Java, id=18124, stack(0x0000000026960000,0x0000000026a60000)]
  0x00000000210af000 JavaThread "qtp987666875-17-selector-ServerConnectorManager@525ff1b6/0" [_thread_in_native, id=14884, stack(0x0000000026860000,0x0000000026960000)]
  0x0000000023efc800 JavaThread "qtp987666875-16-selector-ServerConnectorManager@525ff1b6/3" [_thread_in_native, id=23172, stack(0x0000000026760000,0x0000000026860000)]
  0x0000000023191800 JavaThread "qtp987666875-15" [_thread_blocked, id=23264, stack(0x00000000251f0000,0x00000000252f0000)]
  0x0000000021058800 JavaThread "ShutdownMonitor" daemon [_thread_in_native, id=22760, stack(0x0000000023a90000,0x0000000023b90000)]
  0x000000001edd2000 JavaThread "Service Thread" daemon [_thread_blocked, id=22680, stack(0x000000001f920000,0x000000001fa20000)]
  0x000000001ed45800 JavaThread "C1 CompilerThread3" daemon [_thread_blocked, id=22756, stack(0x000000001f820000,0x000000001f920000)]
  0x000000001ed41800 JavaThread "C2 CompilerThread2" daemon [_thread_blocked, id=21784, stack(0x000000001f720000,0x000000001f820000)]
  0x000000001ed40800 JavaThread "C2 CompilerThread1" daemon [_thread_blocked, id=23116, stack(0x000000001f620000,0x000000001f720000)]
  0x000000001ed3c800 JavaThread "C2 CompilerThread0" daemon [_thread_blocked, id=23368, stack(0x000000001f520000,0x000000001f620000)]
  0x000000001ed39800 JavaThread "Attach Listener" daemon [_thread_blocked, id=15964, stack(0x000000001f420000,0x000000001f520000)]
  0x000000001ce4e000 JavaThread "Signal Dispatcher" daemon [_thread_blocked, id=18992, stack(0x000000001f320000,0x000000001f420000)]
  0x000000001ed30800 JavaThread "Finalizer" daemon [_thread_blocked, id=4400, stack(0x000000001f110000,0x000000001f210000)]
  0x0000000003418000 JavaThread "Reference Handler" daemon [_thread_blocked, id=23344, stack(0x000000001ec10000,0x000000001ed10000)]
  0x0000000003322800 JavaThread "main" [_thread_blocked, id=22696, stack(0x0000000003180000,0x0000000003280000)]

Other Threads:
  0x000000001ce3a000 VMThread [stack: 0x000000001eb10000,0x000000001ec10000] [id=21200]
  0x000000001edfd800 WatcherThread [stack: 0x000000001fa20000,0x000000001fb20000] [id=20044]

VM state:not at safepoint (normal execution)

VM Mutex/Monitor currently owned by a thread: None

Heap:
 PSYoungGen      total 164864K, used 76037K [0x000000076b400000, 0x000000077c200000, 0x00000007c0000000)
  eden space 131584K, 57% used [0x000000076b400000,0x000000076fe414f8,0x0000000773480000)
  from space 33280K, 0% used [0x0000000773480000,0x0000000773480000,0x0000000775500000)
  to   space 43008K, 0% used [0x0000000779800000,0x0000000779800000,0x000000077c200000)
 ParOldGen       total 199680K, used 53547K [0x00000006c1c00000, 0x00000006cdf00000, 0x000000076b400000)
  object space 199680K, 26% used [0x00000006c1c00000,0x00000006c504ac18,0x00000006cdf00000)
 Metaspace       used 43242K, capacity 44686K, committed 44928K, reserved 1089536K
  class space    used 5146K, capacity 5493K, committed 5504K, reserved 1048576K

Card table byte_map: [0x00000000127e0000,0x0000000012fe0000] byte_map_base: 0x000000000f1d2000

Marking Bits: (ParMarkBitMap*) 0x0000000059672d00
 Begin Bits: [0x0000000013d30000, 0x0000000017cc0000)
 End Bits:   [0x0000000017cc0000, 0x000000001bc50000)

Polling page: 0x0000000001860000

CodeCache: size=245760Kb used=23000Kb max_used=23126Kb free=222759Kb
 bounds [0x0000000003420000, 0x0000000004ae0000, 0x0000000012420000]
 total_blobs=6871 nmethods=6378 adapters=405
 compilation: enabled

Compilation events (10 events):
Event: 40.671 Thread 0x000000001ed45800 7489       1       org.glassfish.jersey.internal.util.collection.KeyComparatorLinkedHashMap::access$100 (5 bytes)
Event: 40.671 Thread 0x000000001ed45800 nmethod 7489 0x0000000003555510 code [0x0000000003555660, 0x0000000003555750]
Event: 43.494 Thread 0x000000001ed45800 7490   !   3       javax.ws.rs.ext.RuntimeDelegate::getInstance (42 bytes)
Event: 43.494 Thread 0x000000001ed45800 nmethod 7490 0x0000000003700c90 code [0x0000000003700e00, 0x00000000037011e8]
Event: 43.495 Thread 0x000000001ed45800 7491       3       java.util.AbstractMap::isEmpty (13 bytes)
Event: 43.495 Thread 0x000000001ed45800 nmethod 7491 0x000000000356d8d0 code [0x000000000356da40, 0x000000000356dca8]
Event: 43.495 Thread 0x000000001ed45800 7492       1       org.glassfish.jersey.process.internal.Stage$Continuation::result (5 bytes)
Event: 43.495 Thread 0x000000001ed45800 nmethod 7492 0x00000000035ccc50 code [0x00000000035ccda0, 0x00000000035cceb0]
Event: 43.495 Thread 0x000000001ed40800 7493   !   4       sun.nio.cs.StreamEncoder::write (78 bytes)
Event: 43.502 Thread 0x000000001ed40800 nmethod 7493 0x00000000038bedd0 code [0x00000000038bef40, 0x00000000038bf788]

GC Heap History (10 events):
Event: 7.607 GC heap before
{Heap before GC invocations=7 (full 1):
 PSYoungGen      total 76288K, used 76287K [0x000000076b400000, 0x0000000772b80000, 0x00000007c0000000)
  eden space 65536K, 100% used [0x000000076b400000,0x000000076f400000,0x000000076f400000)
  from space 10752K, 99% used [0x000000076f400000,0x000000076fe7ffa8,0x000000076fe80000)
  to   space 14336K, 0% used [0x0000000771d80000,0x0000000771d80000,0x0000000772b80000)
 ParOldGen       total 118272K, used 14794K [0x00000006c1c00000, 0x00000006c8f80000, 0x000000076b400000)
  object space 118272K, 12% used [0x00000006c1c00000,0x00000006c2a72ac0,0x00000006c8f80000)
 Metaspace       used 24589K, capacity 25348K, committed 25600K, reserved 1071104K
  class space    used 2827K, capacity 3005K, committed 3072K, reserved 1048576K
Event: 7.619 GC heap after
Heap after GC invocations=7 (full 1):
 PSYoungGen      total 107008K, used 14143K [0x000000076b400000, 0x0000000772d80000, 0x00000007c0000000)
  eden space 92672K, 0% used [0x000000076b400000,0x000000076b400000,0x0000000770e80000)
  from space 14336K, 98% used [0x0000000771d80000,0x0000000772b4fd98,0x0000000772b80000)
  to   space 15360K, 0% used [0x0000000770e80000,0x0000000770e80000,0x0000000771d80000)
 ParOldGen       total 118272K, used 14802K [0x00000006c1c00000, 0x00000006c8f80000, 0x000000076b400000)
  object space 118272K, 12% used [0x00000006c1c00000,0x00000006c2a74ac0,0x00000006c8f80000)
 Metaspace       used 24589K, capacity 25348K, committed 25600K, reserved 1071104K
  class space    used 2827K, capacity 3005K, committed 3072K, reserved 1048576K
}
Event: 8.764 GC heap before
{Heap before GC invocations=8 (full 1):
 PSYoungGen      total 107008K, used 106815K [0x000000076b400000, 0x0000000772d80000, 0x00000007c0000000)
  eden space 92672K, 100% used [0x000000076b400000,0x0000000770e80000,0x0000000770e80000)
  from space 14336K, 98% used [0x0000000771d80000,0x0000000772b4fd98,0x0000000772b80000)
  to   space 15360K, 0% used [0x0000000770e80000,0x0000000770e80000,0x0000000771d80000)
 ParOldGen       total 118272K, used 14802K [0x00000006c1c00000, 0x00000006c8f80000, 0x000000076b400000)
  object space 118272K, 12% used [0x00000006c1c00000,0x00000006c2a74ac0,0x00000006c8f80000)
 Metaspace       used 28577K, capacity 29392K, committed 29696K, reserved 1075200K
  class space    used 3259K, capacity 3461K, committed 3584K, reserved 1048576K
Event: 8.802 GC heap after
Heap after GC invocations=8 (full 1):
 PSYoungGen      total 108032K, used 15358K [0x000000076b400000, 0x0000000776a80000, 0x00000007c0000000)
  eden space 92672K, 0% used [0x000000076b400000,0x000000076b400000,0x0000000770e80000)
  from space 15360K, 99% used [0x0000000770e80000,0x0000000771d7fa30,0x0000000771d80000)
  to   space 22016K, 0% used [0x0000000775500000,0x0000000775500000,0x0000000776a80000)
 ParOldGen       total 118272K, used 24845K [0x00000006c1c00000, 0x00000006c8f80000, 0x000000076b400000)
  object space 118272K, 21% used [0x00000006c1c00000,0x00000006c3443628,0x00000006c8f80000)
 Metaspace       used 28577K, capacity 29392K, committed 29696K, reserved 1075200K
  class space    used 3259K, capacity 3461K, committed 3584K, reserved 1048576K
}
Event: 9.222 GC heap before
{Heap before GC invocations=9 (full 1):
 PSYoungGen      total 108032K, used 108030K [0x000000076b400000, 0x0000000776a80000, 0x00000007c0000000)
  eden space 92672K, 100% used [0x000000076b400000,0x0000000770e80000,0x0000000770e80000)
  from space 15360K, 99% used [0x0000000770e80000,0x0000000771d7fa30,0x0000000771d80000)
  to   space 22016K, 0% used [0x0000000775500000,0x0000000775500000,0x0000000776a80000)
 ParOldGen       total 118272K, used 24846K [0x00000006c1c00000, 0x00000006c8f80000, 0x000000076b400000)
  object space 118272K, 21% used [0x00000006c1c00000,0x00000006c3443b28,0x00000006c8f80000)
 Metaspace       used 28590K, capacity 29392K, committed 29696K, reserved 1075200K
  class space    used 3259K, capacity 3461K, committed 3584K, reserved 1048576K
Event: 9.269 GC heap after
Heap after GC invocations=9 (full 1):
 PSYoungGen      total 153600K, used 21987K [0x000000076b400000, 0x0000000779280000, 0x00000007c0000000)
  eden space 131584K, 0% used [0x000000076b400000,0x000000076b400000,0x0000000773480000)
  from space 22016K, 99% used [0x0000000775500000,0x0000000776a78f40,0x0000000776a80000)
  to   space 33280K, 0% used [0x0000000773480000,0x0000000773480000,0x0000000775500000)
 ParOldGen       total 118272K, used 44445K [0x00000006c1c00000, 0x00000006c8f80000, 0x000000076b400000)
  object space 118272K, 37% used [0x00000006c1c00000,0x00000006c47674e0,0x00000006c8f80000)
 Metaspace       used 28590K, capacity 29392K, committed 29696K, reserved 1075200K
  class space    used 3259K, capacity 3461K, committed 3584K, reserved 1048576K
}
Event: 10.699 GC heap before
{Heap before GC invocations=10 (full 1):
 PSYoungGen      total 153600K, used 147993K [0x000000076b400000, 0x0000000779280000, 0x00000007c0000000)
  eden space 131584K, 95% used [0x000000076b400000,0x0000000772f0d538,0x0000000773480000)
  from space 22016K, 99% used [0x0000000775500000,0x0000000776a78f40,0x0000000776a80000)
  to   space 33280K, 0% used [0x0000000773480000,0x0000000773480000,0x0000000775500000)
 ParOldGen       total 118272K, used 44445K [0x00000006c1c00000, 0x00000006c8f80000, 0x000000076b400000)
  object space 118272K, 37% used [0x00000006c1c00000,0x00000006c47674e0,0x00000006c8f80000)
 Metaspace       used 34106K, capacity 35314K, committed 35496K, reserved 1081344K
  class space    used 4032K, capacity 4324K, committed 4352K, reserved 1048576K
Event: 10.753 GC heap after
Heap after GC invocations=10 (full 1):
 PSYoungGen      total 164864K, used 33252K [0x000000076b400000, 0x000000077c200000, 0x00000007c0000000)
  eden space 131584K, 0% used [0x000000076b400000,0x000000076b400000,0x0000000773480000)
  from space 33280K, 99% used [0x0000000773480000,0x00000007754f9178,0x0000000775500000)
  to   space 43008K, 0% used [0x0000000779800000,0x0000000779800000,0x000000077c200000)
 ParOldGen       total 118272K, used 56600K [0x00000006c1c00000, 0x00000006c8f80000, 0x000000076b400000)
  object space 118272K, 47% used [0x00000006c1c00000,0x00000006c53463e0,0x00000006c8f80000)
 Metaspace       used 34106K, capacity 35314K, committed 35496K, reserved 1081344K
  class space    used 4032K, capacity 4324K, committed 4352K, reserved 1048576K
}
Event: 10.753 GC heap before
{Heap before GC invocations=11 (full 2):
 PSYoungGen      total 164864K, used 33252K [0x000000076b400000, 0x000000077c200000, 0x00000007c0000000)
  eden space 131584K, 0% used [0x000000076b400000,0x000000076b400000,0x0000000773480000)
  from space 33280K, 99% used [0x0000000773480000,0x00000007754f9178,0x0000000775500000)
  to   space 43008K, 0% used [0x0000000779800000,0x0000000779800000,0x000000077c200000)
 ParOldGen       total 118272K, used 56600K [0x00000006c1c00000, 0x00000006c8f80000, 0x000000076b400000)
  object space 118272K, 47% used [0x00000006c1c00000,0x00000006c53463e0,0x00000006c8f80000)
 Metaspace       used 34106K, capacity 35314K, committed 35496K, reserved 1081344K
  class space    used 4032K, capacity 4324K, committed 4352K, reserved 1048576K
Event: 10.825 GC heap after
Heap after GC invocations=11 (full 2):
 PSYoungGen      total 164864K, used 0K [0x000000076b400000, 0x000000077c200000, 0x00000007c0000000)
  eden space 131584K, 0% used [0x000000076b400000,0x000000076b400000,0x0000000773480000)
  from space 33280K, 0% used [0x0000000773480000,0x0000000773480000,0x0000000775500000)
  to   space 43008K, 0% used [0x0000000779800000,0x0000000779800000,0x000000077c200000)
 ParOldGen       total 199680K, used 53547K [0x00000006c1c00000, 0x00000006cdf00000, 0x000000076b400000)
  object space 199680K, 26% used [0x00000006c1c00000,0x00000006c504ac18,0x00000006cdf00000)
 Metaspace       used 34106K, capacity 35314K, committed 35496K, reserved 1081344K
  class space    used 4032K, capacity 4324K, committed 4352K, reserved 1048576K
}

Deoptimization events (10 events):
Event: 22.907 Thread 0x0000000024263800 Uncommon trap: reason=class_check action=maybe_recompile pc=0x0000000003706b14 method=java.util.Collections$UnmodifiableMap.entrySet()Ljava/util/Set; @ 16
Event: 22.907 Thread 0x0000000024263800 Uncommon trap: reason=class_check action=maybe_recompile pc=0x0000000003c90bb4 method=java.util.Collections$UnmodifiableMap$UnmodifiableEntrySet$1.next()Ljava/util/Map$Entry; @ 8
Event: 22.907 Thread 0x0000000024263800 Uncommon trap: reason=class_check action=maybe_recompile pc=0x0000000003b45b48 method=java.util.Collections$UnmodifiableMap$UnmodifiableEntrySet$UnmodifiableEntry.getKey()Ljava/lang/Object; @ 4
Event: 22.907 Thread 0x0000000024263800 Uncommon trap: reason=class_check action=maybe_recompile pc=0x0000000003c06248 method=java.util.Collections$UnmodifiableMap$UnmodifiableEntrySet$UnmodifiableEntry.getValue()Ljava/lang/Object; @ 4
Event: 22.918 Thread 0x0000000024263800 Uncommon trap: reason=speculate_class_check action=maybe_recompile pc=0x00000000049e6e84 method=java.util.AbstractList.listIterator()Ljava/util/ListIterator; @ 2
Event: 25.231 Thread 0x0000000024260000 Uncommon trap: reason=class_check action=maybe_recompile pc=0x0000000003c90bb4 method=java.util.Collections$UnmodifiableMap$UnmodifiableEntrySet$1.next()Ljava/util/Map$Entry; @ 8
Event: 25.231 Thread 0x0000000024260000 Uncommon trap: reason=class_check action=maybe_recompile pc=0x0000000003b45b48 method=java.util.Collections$UnmodifiableMap$UnmodifiableEntrySet$UnmodifiableEntry.getKey()Ljava/lang/Object; @ 4
Event: 25.231 Thread 0x0000000024260000 Uncommon trap: reason=class_check action=maybe_recompile pc=0x0000000003c06248 method=java.util.Collections$UnmodifiableMap$UnmodifiableEntrySet$UnmodifiableEntry.getValue()Ljava/lang/Object; @ 4
Event: 38.230 Thread 0x0000000024260000 Uncommon trap: reason=bimorphic action=maybe_recompile pc=0x0000000003683c64 method=java.util.LinkedHashMap.afterNodeInsertion(Z)V @ 15
Event: 38.237 Thread 0x0000000024260000 Uncommon trap: reason=unstable_if action=reinterpret pc=0x0000000003e433bc method=java.util.IdentityHashMap.maskNull(Ljava/lang/Object;)Ljava/lang/Object; @ 1

Classes redefined (0 events):
No events

Internal exceptions (10 events):
Event: 8.502 Thread 0x0000000003322800 Exception <a 'java/lang/ClassNotFoundException': sun/net/www/protocol/c/Handler> (0x000000076f0fc230) thrown at [C:\re\workspace\8-2-build-windows-amd64-cygwin\jdk8u181\11358\hotspot\src\share\vm\classfile\systemDictionary.cpp, line 210]
Event: 8.503 Thread 0x0000000003322800 Exception <a 'java/lang/ClassNotFoundException': sun/net/www/protocol/c/Handler> (0x000000076f0fe7a0) thrown at [C:\re\workspace\8-2-build-windows-amd64-cygwin\jdk8u181\11358\hotspot\src\share\vm\classfile\systemDictionary.cpp, line 210]
Event: 8.503 Thread 0x0000000003322800 Exception <a 'java/lang/ClassNotFoundException': sun/net/www/protocol/c/Handler> (0x000000076f100cd8) thrown at [C:\re\workspace\8-2-build-windows-amd64-cygwin\jdk8u181\11358\hotspot\src\share\vm\classfile\systemDictionary.cpp, line 210]
Event: 8.587 Thread 0x0000000023efc800 Implicit null exception at 0x00000000040fda99 to 0x00000000040fe281
Event: 8.587 Thread 0x000000002409e000 Implicit null exception at 0x000000000411404c to 0x0000000004114745
Event: 10.261 Thread 0x0000000003322800 Exception <a 'java/lang/NoSuchFieldError': method resolution failed> (0x00000007712e1130) thrown at [C:\re\workspace\8-2-build-windows-amd64-cygwin\jdk8u181\11358\hotspot\src\share\vm\prims\methodHandles.cpp, line 1167]
Event: 10.263 Thread 0x0000000003322800 Exception <a 'java/lang/NoSuchFieldError': method resolution failed> (0x00000007712eebc0) thrown at [C:\re\workspace\8-2-build-windows-amd64-cygwin\jdk8u181\11358\hotspot\src\share\vm\prims\methodHandles.cpp, line 1167]
Event: 11.009 Thread 0x0000000003322800 Exception <a 'java/lang/NoSuchMethodError': java.lang.Object.lambda$and$0(Ljava/util/function/Predicate;Ljava/lang/Object;)Z> (0x000000076c1a80b8) thrown at [C:\re\workspace\8-2-build-windows-amd64-cygwin\jdk8u181\11358\hotspot\src\share\vm\interpreter\li
Event: 11.062 Thread 0x0000000003322800 Exception <a 'java/lang/NoSuchMethodError': java.lang.Object.lambda$comparingInt$7b0bb60$1(Ljava/util/function/ToIntFunction;Ljava/lang/Object;Ljava/lang/Object;)I> (0x000000076c546590) thrown at [C:\re\workspace\8-2-build-windows-amd64-cygwin\jdk8u181\11
Event: 38.237 Thread 0x0000000024260000 Implicit null exception at 0x0000000003e43039 to 0x0000000003e433ad

Events (10 events):
Event: 43.495 Thread 0x000000001ed45800 flushing nmethod 0x000000000395de90
Event: 43.495 Thread 0x000000001ed45800 flushing nmethod 0x000000000395f790
Event: 43.495 Thread 0x000000001ed45800 flushing nmethod 0x00000000039c6fd0
Event: 43.496 Thread 0x000000001ed45800 flushing nmethod 0x00000000039e0750
Event: 43.496 Thread 0x000000001ed45800 flushing nmethod 0x00000000039ee9d0
Event: 43.496 Thread 0x000000001ed45800 flushing nmethod 0x00000000039f11d0
Event: 43.496 Thread 0x000000001ed45800 flushing nmethod 0x00000000039fae10
Event: 43.496 Thread 0x000000001ed45800 flushing nmethod 0x0000000003a36550
Event: 43.496 Thread 0x000000001ed45800 flushing nmethod 0x0000000003a69050
Event: 43.502 Thread 0x000000001ed40800 flushing nmethod 0x0000000003aa7490


Dynamic libraries:
0x00007ff69c610000 - 0x00007ff69c647000 	C:\Program Files\Java\jdk1.8.0_181\bin\java.exe
0x00007ffad4830000 - 0x00007ffad4a11000 	C:\WINDOWS\SYSTEM32\ntdll.dll
0x00007ffad2120000 - 0x00007ffad21d2000 	C:\WINDOWS\System32\KERNEL32.DLL
0x00007ffad15b0000 - 0x00007ffad1823000 	C:\WINDOWS\System32\KERNELBASE.dll
0x00007ffad2940000 - 0x00007ffad29e1000 	C:\WINDOWS\System32\ADVAPI32.dll
0x00007ffad2890000 - 0x00007ffad292e000 	C:\WINDOWS\System32\msvcrt.dll
0x00007ffad1e70000 - 0x00007ffad1ecb000 	C:\WINDOWS\System32\sechost.dll
0x00007ffad1ff0000 - 0x00007ffad2114000 	C:\WINDOWS\System32\RPCRT4.dll
0x00007ffad45c0000 - 0x00007ffad4750000 	C:\WINDOWS\System32\USER32.dll
0x00007ffad1590000 - 0x00007ffad15b0000 	C:\WINDOWS\System32\win32u.dll
0x00007ffad1cc0000 - 0x00007ffad1ce8000 	C:\WINDOWS\System32\GDI32.dll
0x00007ffad1b20000 - 0x00007ffad1cb2000 	C:\WINDOWS\System32\gdi32full.dll
0x00007ffad1a20000 - 0x00007ffad1abf000 	C:\WINDOWS\System32\msvcp_win.dll
0x00007ffad13e0000 - 0x00007ffad14da000 	C:\WINDOWS\System32\ucrtbase.dll
0x00007ffac5710000 - 0x00007ffac5979000 	C:\WINDOWS\WinSxS\amd64_microsoft.windows.common-controls_6595b64144ccf1df_6.0.17134.471_none_fb3e9aab3068fc16\COMCTL32.dll
0x00007ffad2560000 - 0x00007ffad2882000 	C:\WINDOWS\System32\combase.dll
0x00007ffad1310000 - 0x00007ffad138a000 	C:\WINDOWS\System32\bcryptPrimitives.dll
0x00007ffad4280000 - 0x00007ffad42ad000 	C:\WINDOWS\System32\IMM32.DLL
0x0000000058bd0000 - 0x0000000058ca2000 	C:\Program Files\Java\jdk1.8.0_181\jre\bin\msvcr100.dll
0x0000000058e50000 - 0x00000000596f2000 	C:\Program Files\Java\jdk1.8.0_181\jre\bin\server\jvm.dll
0x00007ffad1fe0000 - 0x00007ffad1fe8000 	C:\WINDOWS\System32\PSAPI.DLL
0x00007ffacd4a0000 - 0x00007ffacd4a9000 	C:\WINDOWS\SYSTEM32\WSOCK32.dll
0x00007fface7f0000 - 0x00007fface813000 	C:\WINDOWS\SYSTEM32\WINMM.dll
0x00007ffac9470000 - 0x00007ffac947a000 	C:\WINDOWS\SYSTEM32\VERSION.dll
0x00007ffad4330000 - 0x00007ffad439c000 	C:\WINDOWS\System32\WS2_32.dll
0x00007ffacda70000 - 0x00007ffacda9a000 	C:\WINDOWS\SYSTEM32\winmmbase.dll
0x00007ffad1390000 - 0x00007ffad13d9000 	C:\WINDOWS\System32\cfgmgr32.dll
0x000000005aae0000 - 0x000000005aaef000 	C:\Program Files\Java\jdk1.8.0_181\jre\bin\verify.dll
0x000000005aab0000 - 0x000000005aad9000 	C:\Program Files\Java\jdk1.8.0_181\jre\bin\java.dll
0x000000005aa90000 - 0x000000005aaa6000 	C:\Program Files\Java\jdk1.8.0_181\jre\bin\zip.dll
0x00007ffad29f0000 - 0x00007ffad3e30000 	C:\WINDOWS\System32\SHELL32.dll
0x00007ffad4750000 - 0x00007ffad47f9000 	C:\WINDOWS\System32\shcore.dll
0x00007ffad0c00000 - 0x00007ffad130d000 	C:\WINDOWS\System32\windows.storage.dll
0x00007ffad42d0000 - 0x00007ffad4321000 	C:\WINDOWS\System32\shlwapi.dll
0x00007ffad0be0000 - 0x00007ffad0bf1000 	C:\WINDOWS\System32\kernel.appcore.dll
0x00007ffad0ba0000 - 0x00007ffad0bbf000 	C:\WINDOWS\System32\profapi.dll
0x00007ffad0b50000 - 0x00007ffad0b9c000 	C:\WINDOWS\System32\powrprof.dll
0x00007ffad0b40000 - 0x00007ffad0b4a000 	C:\WINDOWS\System32\FLTLIB.DLL
0x00007ffacd490000 - 0x00007ffacd49a000 	D:\Programmi\apache-maven-3.6.0-bin\apache-maven-3.6.0\lib\jansi-native\windows64\jansi.dll
0x0000000059ce0000 - 0x0000000059cfa000 	C:\Program Files\Java\jdk1.8.0_181\jre\bin\net.dll
0x00007ffad03c0000 - 0x00007ffad0426000 	C:\WINDOWS\system32\mswsock.dll
0x0000000058e30000 - 0x0000000058e41000 	C:\Program Files\Java\jdk1.8.0_181\jre\bin\nio.dll
0x000000005aa80000 - 0x000000005aa8d000 	C:\Program Files\Java\jdk1.8.0_181\jre\bin\management.dll
0x00007ffad0570000 - 0x00007ffad0587000 	C:\WINDOWS\SYSTEM32\CRYPTSP.dll
0x00007ffacffa0000 - 0x00007ffacffd3000 	C:\WINDOWS\system32\rsaenh.dll
0x00007ffad06a0000 - 0x00007ffad06c5000 	C:\WINDOWS\SYSTEM32\bcrypt.dll
0x00007ffad0a70000 - 0x00007ffad0a98000 	C:\WINDOWS\SYSTEM32\USERENV.dll
0x00007ffad0590000 - 0x00007ffad059b000 	C:\WINDOWS\SYSTEM32\CRYPTBASE.dll
0x00007ffad0140000 - 0x00007ffad0178000 	C:\WINDOWS\SYSTEM32\IPHLPAPI.DLL
0x00007ffad1f70000 - 0x00007ffad1f78000 	C:\WINDOWS\System32\NSI.dll
0x00007ffac8ab0000 - 0x00007ffac8ac6000 	C:\WINDOWS\SYSTEM32\dhcpcsvc6.DLL
0x00007ffac8cc0000 - 0x00007ffac8cda000 	C:\WINDOWS\SYSTEM32\dhcpcsvc.DLL
0x00007ffac5f90000 - 0x00007ffac5fc0000 	D:\github\plathea\jaxrs-jersey-server-generated\src\main\java\io\core\InterfaceJNI_DLL.dll
0x00007ffac5e50000 - 0x00007ffac5e71000 	C:\WINDOWS\SYSTEM32\VCRUNTIME140D.dll
0x00007ffab22b0000 - 0x00007ffab23a4000 	C:\WINDOWS\SYSTEM32\MSVCP140D.dll
0x00007ffa9e900000 - 0x00007ffa9eabd000 	C:\WINDOWS\SYSTEM32\ucrtbased.dll
0x00007ffa836d0000 - 0x00007ffa83ab5000 	D:\github\plathea\jaxrs-jersey-server-generated\PlatheaDLL.dll
0x00007ffad2310000 - 0x00007ffad23fd000 	C:\WINDOWS\System32\COMDLG32.dll
0x00007ffad2400000 - 0x00007ffad2551000 	C:\WINDOWS\System32\ole32.dll
0x00007ffaa5c00000 - 0x00007ffaa5d08000 	D:\github\plathea\jaxrs-jersey-server-generated\opencv_video310d.dll
0x00007ffa78a40000 - 0x00007ffa799de000 	D:\github\plathea\jaxrs-jersey-server-generated\opencv_core310d.dll
0x00007ffa98140000 - 0x00007ffa982ec000 	D:\github\plathea\jaxrs-jersey-server-generated\opencv_ml310d.dll
0x00007ffab4370000 - 0x00007ffab43d6000 	D:\github\plathea\jaxrs-jersey-server-generated\opencv_highgui310d.dll
0x00007ffa98e60000 - 0x00007ffa98ff4000 	D:\github\plathea\jaxrs-jersey-server-generated\opencv_objdetect310d.dll
0x00007ffa78660000 - 0x00007ffa78a34000 	D:\github\plathea\jaxrs-jersey-server-generated\opencv_calib3d310d.dll
0x00007ffa76490000 - 0x00007ffa7865b000 	D:\github\plathea\jaxrs-jersey-server-generated\opencv_imgproc310d.dll
0x00007ffaa2fe0000 - 0x00007ffaa3096000 	C:\WINDOWS\SYSTEM32\CONCRT140D.dll
0x00007ffa9f870000 - 0x00007ffa9f922000 	D:\github\plathea\jaxrs-jersey-server-generated\opencv_videoio310d.dll
0x00007ffad2240000 - 0x00007ffad2302000 	C:\WINDOWS\System32\OLEAUT32.dll
0x00007ffa73b10000 - 0x00007ffa7406e000 	D:\github\plathea\jaxrs-jersey-server-generated\opencv_imgcodecs310d.dll
0x00007ffa76260000 - 0x00007ffa76485000 	D:\github\plathea\jaxrs-jersey-server-generated\opencv_features2d310d.dll
0x00007ffab5090000 - 0x00007ffab50b9000 	C:\WINDOWS\SYSTEM32\MSVFW32.dll
0x00007ffab6a40000 - 0x00007ffab6a5f000 	C:\WINDOWS\SYSTEM32\AVIFIL32.dll
0x00007ffab5210000 - 0x00007ffab5228000 	C:\WINDOWS\SYSTEM32\AVICAP32.dll
0x00007ffacc070000 - 0x00007ffacc08c000 	C:\WINDOWS\SYSTEM32\MSACM32.dll
0x00007ffa9ae20000 - 0x00007ffa9af9d000 	D:\github\plathea\jaxrs-jersey-server-generated\opencv_flann310d.dll
0x00007ffab4230000 - 0x00007ffab42b5000 	C:\WINDOWS\SYSTEM32\OpenCL.dll
0x00007ffa724e0000 - 0x00007ffa73b0d000 	C:\WINDOWS\System32\nvopencl.dll
0x00007ffad3e30000 - 0x00007ffad427b000 	C:\WINDOWS\System32\SETUPAPI.dll
0x00007ffa9a6f0000 - 0x00007ffa9a80f000 	C:\WINDOWS\SYSTEM32\nvfatbinaryLoader.dll
0x00007ffacf230000 - 0x00007ffacf2c8000 	C:\WINDOWS\system32\uxtheme.dll
0x00007ffad0950000 - 0x00007ffad0977000 	C:\WINDOWS\SYSTEM32\DEVOBJ.dll
0x00007ffad1ac0000 - 0x00007ffad1b17000 	C:\WINDOWS\System32\WINTRUST.dll
0x00007ffad0bc0000 - 0x00007ffad0bd2000 	C:\WINDOWS\System32\MSASN1.dll
0x00007ffad1830000 - 0x00007ffad1a12000 	C:\WINDOWS\System32\CRYPT32.dll
0x00007ffab8f00000 - 0x00007ffab9380000 	C:\WINDOWS\system32\nvapi64.dll
0x00007ffacf900000 - 0x00007ffacf9bb000 	C:\WINDOWS\SYSTEM32\dxgi.dll
0x00007ffaa65a0000 - 0x00007ffaa6602000 	C:\WINDOWS\SYSTEM32\IntelOpenCL64.dll
0x00007ffa9efa0000 - 0x00007ffa9f09d000 	C:\Program Files (x86)\Common Files\Intel\OpenCL\bin\x64\intelocl64.dll
0x00007ffa9f7f0000 - 0x00007ffa9f866000 	C:\Program Files (x86)\Common Files\Intel\OpenCL\bin\x64\task_executor64.dll
0x00007ffab6cc0000 - 0x00007ffab6de0000 	C:\WINDOWS\SYSTEM32\OPENGL32.dll
0x00007ffabfb50000 - 0x00007ffabfb7c000 	C:\WINDOWS\SYSTEM32\GLU32.dll
0x00007ffacfc30000 - 0x00007ffacfc61000 	C:\WINDOWS\SYSTEM32\ntmarta.dll
0x00007ffa9f1b0000 - 0x00007ffa9f245000 	C:\Program Files (x86)\Common Files\Intel\OpenCL\bin\x64\cpu_device64.dll
0x00007ffa9fbb0000 - 0x00007ffa9fc19000 	C:\Program Files (x86)\Common Files\Intel\OpenCL\bin\x64\tbb\tbb.dll
0x00007ffa96b00000 - 0x00007ffa96cf4000 	C:\WINDOWS\SYSTEM32\igdrcl64.dll
0x00007ffa6ad40000 - 0x00007ffa6c322000 	C:\WINDOWS\SYSTEM32\igdfcl64.dll
0x00007ffabd280000 - 0x00007ffabd449000 	C:\WINDOWS\SYSTEM32\dbghelp.dll
0x00007ffa9f300000 - 0x00007ffa9f35f000 	C:\WINDOWS\SYSTEM32\igdbcl64.dll
0x00007ffaca5d0000 - 0x00007ffacaa34000 	C:\WINDOWS\SYSTEM32\igdusc64.dll
0x0000000066840000 - 0x0000000067b0b000 	D:\github\plathea\jaxrs-jersey-server-generated\opencv_ffmpeg310_64.dll

VM Arguments:
jvm_args: -Dclassworlds.conf=D:\Programmi\apache-maven-3.6.0-bin\apache-maven-3.6.0\bin\..\bin\m2.conf -Dmaven.home=D:\Programmi\apache-maven-3.6.0-bin\apache-maven-3.6.0\bin\.. -Dlibrary.jansi.path=D:\Programmi\apache-maven-3.6.0-bin\apache-maven-3.6.0\bin\..\lib\jansi-native -Dmaven.multiModuleProjectDirectory=D:\github\plathea\jaxrs-jersey-server-generated 
java_command: org.codehaus.plexus.classworlds.launcher.Launcher clean package jetty:run
java_class_path (initial): D:\Programmi\apache-maven-3.6.0-bin\apache-maven-3.6.0\bin\..\boot\plexus-classworlds-2.5.2.jar
Launcher Type: SUN_STANDARD

Environment Variables:
JAVA_HOME=C:\Program Files\Java\jdk1.8.0_181
PATH=C:\Program Files (x86)\Common Files\Oracle\Java\javapath;C:\Users\jack1\Desktop\plathea-code-22-trunk\plathea-code-22-trunk\opencv-master\build\install_release\x64\vc12\bin;C:\WINDOWS\system32;C:\WINDOWS;C:\WINDOWS\System32\Wbem;C:\WINDOWS\System32\WindowsPowerShell\v1.0\;C:\Program Files\Git\cmd;C:\Program Files\nodejs\;C:\Program Files\PuTTY\;C:\Users\jack1\AppData\Local\Microsoft\WindowsApps;C:\Users\jack1\AppData\Roaming\npm;C:\Users\jack1\AppData\Local\atom\bin;C:\adb;C:\WINDOWS\system32;C:\WINDOWS;C:\WINDOWS\System32\Wbem;C:\WINDOWS\System32\WindowsPowerShell\v1.0\;C:\WINDOWS\System32\OpenSSH\;C:\Users\jack1\Desktop\plathea-code-22-trunk\plathea-code-22-trunk\opencv-master\build\install_debug\x64\vc12\bin;C:\Users\jack1\AppData\Local\Microsoft\WindowsApps;C:\Users\jack1\AppData\Roaming\npm;C:\Users\jack1\AppData\Local\atom\bin;C:\Users\jack1\AppData\Local\Microsoft\WindowsApps;C:\Program Files\LLVM\bin;C:\ProgramData\jack1\atom\bin;C:\Program Files\Java\jdk1.8.0_181\bin;C:\Program Files\mingw-w64\x86_64-8.1.0-win32-seh-rt_v6-rev0\mingw64\bin;D:\Programmi\apache-maven-3.6.0-bin\apache-maven-3.6.0\bin;D:\github\plathea\LeoStormLibrary\LeoStormWindowsLib;D:\github\plathea\jaxrs-jersey-server-generated;
USERNAME=jack1
OS=Windows_NT
PROCESSOR_IDENTIFIER=Intel64 Family 6 Model 58 Stepping 9, GenuineIntel



---------------  S Y S T E M  ---------------

OS: Windows 10.0 , 64 bit Build 17134 (10.0.17134.1)

CPU:total 8 (initial active 8) (4 cores per cpu, 2 threads per core) family 6 model 58 stepping 9, cmov, cx8, fxsr, mmx, sse, sse2, sse3, ssse3, sse4.1, sse4.2, popcnt, avx, aes, clmul, erms, ht, tsc, tscinvbit, tscinv

Memory: 4k page, physical 16659944k(8285872k free), swap 19150312k(7805688k free)

vm_info: Java HotSpot(TM) 64-Bit Server VM (25.181-b13) for windows-amd64 JRE (1.8.0_181-b13), built on Jul  7 2018 04:01:33 by "java_re" with MS VC++ 10.0 (VS2010)

time: Tue Dec 18 16:24:06 2018
elapsed time: 43 seconds (0d 0h 0m 43s)

