#
# A fatal error has been detected by the Java Runtime Environment:
#
#  EXCEPTION_ACCESS_VIOLATION (0xc0000005) at pc=0x000000005ee15ed2, pid=20140, tid=0x0000000000005ef4
#
# JRE version: Java(TM) SE Runtime Environment (8.0_181-b13) (build 1.8.0_181-b13)
# Java VM: Java HotSpot(TM) 64-Bit Server VM (25.181-b13 mixed mode windows-amd64 compressed oops)
# Problematic frame:
# V  [jvm.dll+0x145ed2]
#
# Failed to write core dump. Minidumps are not enabled by default on client versions of Windows
#
# If you would like to submit a bug report, please visit:
#   http://bugreport.java.com/bugreport/crash.jsp
#

---------------  T H R E A D  ---------------

Current thread (0x0000000023fe9000):  JavaThread "qtp188529678-15" [_thread_in_vm, id=24308, stack(0x0000000026950000,0x0000000026a50000)]

siginfo: ExceptionCode=0xc0000005, reading address 0x0000000000000000

Registers:
RAX=0x0000000000000000, RBX=0x0000000023fe9000, RCX=0x0000000000000900, RDX=0x0000000000000000
RSP=0x0000000026a4cae0, RBP=0x0000000000000000, RSI=0x0000000000000000, RDI=0x0000000000000000
R8 =0x0000000000000000, R9 =0x000000000000001a, R10=0x000000002ba775fa, R11=0x000000076fe971f4
R12=0x0000000000000000, R13=0x000000000161a7a0, R14=0x0000000026a4cfa0, R15=0x0000000023fe9000
RIP=0x000000005ee15ed2, EFLAGS=0x0000000000010202

Top of Stack: (sp=0x0000000026a4cae0)
0x0000000026a4cae0:   000000076fe9fb48 000000002ba775e0
0x0000000026a4caf0:   000000000000001a 000000000161a7a0
0x0000000026a4cb00:   0000000023fe9000 0000000000000000
0x0000000026a4cb10:   0000000026a4cc50 000000005eee7e85
0x0000000026a4cb20:   0000000000000000 0000000000000000
0x0000000026a4cb30:   0000000000000000 0000000000000000
0x0000000026a4cb40:   0000000000000000 000000005ed8bf78
0x0000000026a4cb50:   0000000000000002 00007ff9d03b6cd9
0x0000000026a4cb60:   0000000026a4cb80 0000000026a4cc48
0x0000000026a4cb70:   cccccccccccccccc 000000000161a7a0
0x0000000026a4cb80:   cccccccccccccccc cccccccccccccccc
0x0000000026a4cb90:   cccccccccccccccc cccccccccccccccc
0x0000000026a4cba0:   cccccccccccccccc cccccccccccccccc
0x0000000026a4cbb0:   cccccccccccccccc cccccccccccccccc
0x0000000026a4cbc0:   cccccccccccccccc cccccccccccccccc
0x0000000026a4cbd0:   cccccccccccccccc cccccccccccccccc 

Instructions: (pc=0x000000005ee15ed2)
0x000000005ee15eb2:   89 5c 24 20 48 89 74 24 28 48 39 73 08 74 0a 48
0x000000005ee15ec2:   8d 4c 24 20 e8 45 7a 13 00 40 38 35 9e da 6c 00
0x000000005ee15ed2:   48 8b 3f 48 63 05 f8 39 6b 00 74 1b 8b 0c 38 85
0x000000005ee15ee2:   c9 74 7c 8b c1 8b 0d 6b 09 66 00 48 d3 e0 48 03 


Register to memory mapping:

RAX=0x0000000000000000 is an unknown value
RBX=0x0000000023fe9000 is a thread
RCX=0x0000000000000900 is an unknown value
RDX=0x0000000000000000 is an unknown value
RSP=0x0000000026a4cae0 is pointing into the stack for thread: 0x0000000023fe9000
RBP=0x0000000000000000 is an unknown value
RSI=0x0000000000000000 is an unknown value
RDI=0x0000000000000000 is an unknown value
R8 =0x0000000000000000 is an unknown value
R9 =0x000000000000001a is an unknown value
R10=0x000000002ba775fa is an unknown value
R11=0x000000076fe971f4 is an unknown value
R12=0x0000000000000000 is an unknown value
R13={method} {0x000000000161a7a8} 'initializeSystem' '(Ljava/lang/String;Ljava/lang/String;Ljava/lang/String;Ljava/lang/String;ILjava/lang/String;Ljava/lang/String;ILjava/lang/String;I)I' in 'io/core/InterfaceJNI'
R14=0x0000000026a4cfa0 is pointing into the stack for thread: 0x0000000023fe9000
R15=0x0000000023fe9000 is a thread


Stack: [0x0000000026950000,0x0000000026a50000],  sp=0x0000000026a4cae0,  free space=1010k
Native frames: (J=compiled Java code, j=interpreted, Vv=VM code, C=native code)

Java frames: (J=compiled Java code, j=interpreted, Vv=VM code)
j  io.core.InterfaceJNI.initializeSystem(Ljava/lang/String;Ljava/lang/String;Ljava/lang/String;Ljava/lang/String;ILjava/lang/String;Ljava/lang/String;ILjava/lang/String;I)I+0
j  io.core.MainSystem.initializesystem(Ljava/lang/Integer;Ljava/lang/String;Ljava/lang/String;Ljava/lang/String;Ljava/lang/String;Ljava/lang/Integer;Ljava/lang/String;Ljava/lang/String;Ljava/lang/Integer;Ljava/lang/String;Ljava/lang/Integer;)Lio/core/MainSystem$ReturnRoomMessage;+107
j  io.swagger.api.impl.RoomApiServiceImpl.initializesystem(Ljava/lang/Integer;Ljava/lang/String;Ljava/lang/String;Ljava/lang/String;Ljava/lang/String;Ljava/lang/Integer;Ljava/lang/String;Ljava/lang/String;Ljava/lang/Integer;Ljava/lang/String;Ljava/lang/Integer;Ljavax/ws/rs/core/SecurityContext;)Ljavax/ws/rs/core/Response;+19
j  io.swagger.api.RoomApi.initializesystem(Ljava/lang/Integer;Ljava/lang/String;Ljava/lang/String;Ljava/lang/String;Ljava/lang/String;Ljava/lang/Integer;Ljava/lang/String;Ljava/lang/String;Ljava/lang/Integer;Ljava/lang/String;Ljava/lang/Integer;Ljavax/ws/rs/core/SecurityContext;)Ljavax/ws/rs/core/Response;+25
v  ~StubRoutines::call_stub
J 2302  sun.reflect.NativeMethodAccessorImpl.invoke0(Ljava/lang/reflect/Method;Ljava/lang/Object;[Ljava/lang/Object;)Ljava/lang/Object; (0 bytes) @ 0x0000000003a9237f [0x0000000003a92300+0x7f]
J 2301 C1 sun.reflect.NativeMethodAccessorImpl.invoke(Ljava/lang/Object;[Ljava/lang/Object;)Ljava/lang/Object; (104 bytes) @ 0x0000000003a93e3c [0x0000000003a92c40+0x11fc]
J 1968 C1 sun.reflect.DelegatingMethodAccessorImpl.invoke(Ljava/lang/Object;[Ljava/lang/Object;)Ljava/lang/Object; (10 bytes) @ 0x00000000039b9ccc [0x00000000039b9bc0+0x10c]
J 1991 C1 java.lang.reflect.Method.invoke(Ljava/lang/Object;[Ljava/lang/Object;)Ljava/lang/Object; (62 bytes) @ 0x00000000039bd7f4 [0x00000000039bd400+0x3f4]
j  org.glassfish.jersey.server.model.internal.ResourceMethodInvocationHandlerFactory.lambda$static$0(Ljava/lang/Object;Ljava/lang/reflect/Method;[Ljava/lang/Object;)Ljava/lang/Object;+3
j  org.glassfish.jersey.server.model.internal.ResourceMethodInvocationHandlerFactory$$Lambda$122.invoke(Ljava/lang/Object;Ljava/lang/reflect/Method;[Ljava/lang/Object;)Ljava/lang/Object;+3
j  org.glassfish.jersey.server.model.internal.AbstractJavaResourceMethodDispatcher$1.run()Ljava/lang/Object;+38
j  org.glassfish.jersey.server.model.internal.AbstractJavaResourceMethodDispatcher.invoke(Lorg/glassfish/jersey/server/ContainerRequest;Ljava/lang/Object;[Ljava/lang/Object;)Ljava/lang/Object;+66
j  org.glassfish.jersey.server.model.internal.JavaResourceMethodDispatcherProvider$ResponseOutInvoker.doDispatch(Ljava/lang/Object;Lorg/glassfish/jersey/server/ContainerRequest;)Ljavax/ws/rs/core/Response;+10
j  org.glassfish.jersey.server.model.internal.AbstractJavaResourceMethodDispatcher.dispatch(Ljava/lang/Object;Lorg/glassfish/jersey/server/ContainerRequest;)Ljavax/ws/rs/core/Response;+5
j  org.glassfish.jersey.server.model.ResourceMethodInvoker.invoke(Lorg/glassfish/jersey/server/internal/process/RequestProcessingContext;Ljava/lang/Object;)Ljavax/ws/rs/core/Response;+26
j  org.glassfish.jersey.server.model.ResourceMethodInvoker.apply(Lorg/glassfish/jersey/server/internal/process/RequestProcessingContext;)Lorg/glassfish/jersey/server/ContainerResponse;+100
j  org.glassfish.jersey.server.model.ResourceMethodInvoker.apply(Ljava/lang/Object;)Ljava/lang/Object;+5
j  org.glassfish.jersey.server.ServerRuntime$1.run()V+89
j  org.glassfish.jersey.internal.Errors$1.call()Ljava/lang/Void;+4
j  org.glassfish.jersey.internal.Errors$1.call()Ljava/lang/Object;+1
j  org.glassfish.jersey.internal.Errors.process(Ljava/util/concurrent/Callable;Z)Ljava/lang/Object;+36
j  org.glassfish.jersey.internal.Errors.process(Lorg/glassfish/jersey/internal/util/Producer;Z)Ljava/lang/Object;+2
j  org.glassfish.jersey.internal.Errors.process(Ljava/lang/Runnable;)V+9
j  org.glassfish.jersey.process.internal.RequestScope.runInScope(Lorg/glassfish/jersey/process/internal/RequestContext;Ljava/lang/Runnable;)V+17
j  org.glassfish.jersey.server.ServerRuntime.process(Lorg/glassfish/jersey/server/ContainerRequest;)V+181
j  org.glassfish.jersey.server.ApplicationHandler.handle(Lorg/glassfish/jersey/server/ContainerRequest;)V+13
j  org.glassfish.jersey.servlet.WebComponent.serviceImpl(Ljava/net/URI;Ljava/net/URI;Ljavax/servlet/http/HttpServletRequest;Ljavax/servlet/http/HttpServletResponse;)Lorg/glassfish/jersey/servlet/internal/ResponseWriter;+81
j  org.glassfish.jersey.servlet.WebComponent.service(Ljava/net/URI;Ljava/net/URI;Ljavax/servlet/http/HttpServletRequest;Ljavax/servlet/http/HttpServletResponse;)Lorg/glassfish/jersey/internal/util/collection/Value;+6
j  org.glassfish.jersey.servlet.ServletContainer.service(Ljava/net/URI;Ljava/net/URI;Ljavax/servlet/http/HttpServletRequest;Ljavax/servlet/http/HttpServletResponse;)Lorg/glassfish/jersey/internal/util/collection/Value;+9
j  org.glassfish.jersey.servlet.ServletContainer.service(Ljavax/servlet/http/HttpServletRequest;Ljavax/servlet/http/HttpServletResponse;)V+183
j  org.glassfish.jersey.servlet.ServletContainer.service(Ljavax/servlet/ServletRequest;Ljavax/servlet/ServletResponse;)V+39
j  org.eclipse.jetty.servlet.ServletHolder.handle(Lorg/eclipse/jetty/server/Request;Ljavax/servlet/ServletRequest;Ljavax/servlet/ServletResponse;)V+89
j  org.eclipse.jetty.servlet.ServletHandler$CachedChain.doFilter(Ljavax/servlet/ServletRequest;Ljavax/servlet/ServletResponse;)V+211
j  io.swagger.api.ApiOriginFilter.doFilter(Ljavax/servlet/ServletRequest;Ljavax/servlet/ServletResponse;Ljavax/servlet/FilterChain;)V+42
j  org.eclipse.jetty.servlet.ServletHandler$CachedChain.doFilter(Ljavax/servlet/ServletRequest;Ljavax/servlet/ServletResponse;)V+103
j  org.eclipse.jetty.servlet.ServletHandler.doHandle(Ljava/lang/String;Lorg/eclipse/jetty/server/Request;Ljavax/servlet/http/HttpServletRequest;Ljavax/servlet/http/HttpServletResponse;)V+203
j  org.eclipse.jetty.server.handler.ScopedHandler.handle(Ljava/lang/String;Lorg/eclipse/jetty/server/Request;Ljavax/servlet/http/HttpServletRequest;Ljavax/servlet/http/HttpServletResponse;)V+32
j  org.eclipse.jetty.security.SecurityHandler.handle(Ljava/lang/String;Lorg/eclipse/jetty/server/Request;Ljavax/servlet/http/HttpServletRequest;Ljavax/servlet/http/HttpServletResponse;)V+553
j  org.eclipse.jetty.server.session.SessionHandler.doHandle(Ljava/lang/String;Lorg/eclipse/jetty/server/Request;Ljavax/servlet/http/HttpServletRequest;Ljavax/servlet/http/HttpServletResponse;)V+68
j  org.eclipse.jetty.server.handler.ContextHandler.doHandle(Ljava/lang/String;Lorg/eclipse/jetty/server/Request;Ljavax/servlet/http/HttpServletRequest;Ljavax/servlet/http/HttpServletResponse;)V+349
j  org.eclipse.jetty.servlet.ServletHandler.doScope(Ljava/lang/String;Lorg/eclipse/jetty/server/Request;Ljavax/servlet/http/HttpServletRequest;Ljavax/servlet/http/HttpServletResponse;)V+274
j  org.eclipse.jetty.server.session.SessionHandler.doScope(Ljava/lang/String;Lorg/eclipse/jetty/server/Request;Ljavax/servlet/http/HttpServletRequest;Ljavax/servlet/http/HttpServletResponse;)V+233
j  org.eclipse.jetty.server.handler.ContextHandler.doScope(Ljava/lang/String;Lorg/eclipse/jetty/server/Request;Ljavax/servlet/http/HttpServletRequest;Ljavax/servlet/http/HttpServletResponse;)V+437
j  org.eclipse.jetty.server.handler.ScopedHandler.handle(Ljava/lang/String;Lorg/eclipse/jetty/server/Request;Ljavax/servlet/http/HttpServletRequest;Ljavax/servlet/http/HttpServletResponse;)V+20
j  org.eclipse.jetty.server.handler.ContextHandlerCollection.handle(Ljava/lang/String;Lorg/eclipse/jetty/server/Request;Ljavax/servlet/http/HttpServletRequest;Ljavax/servlet/http/HttpServletResponse;)V+224
j  org.eclipse.jetty.server.handler.HandlerCollection.handle(Ljava/lang/String;Lorg/eclipse/jetty/server/Request;Ljavax/servlet/http/HttpServletRequest;Ljavax/servlet/http/HttpServletResponse;)V+42
j  org.eclipse.jetty.server.handler.HandlerWrapper.handle(Ljava/lang/String;Lorg/eclipse/jetty/server/Request;Ljavax/servlet/http/HttpServletRequest;Ljavax/servlet/http/HttpServletResponse;)V+23
j  org.eclipse.jetty.server.Server.handle(Lorg/eclipse/jetty/server/HttpChannel;)V+130
j  org.eclipse.jetty.server.HttpChannel.handle()Z+301
j  org.eclipse.jetty.server.HttpConnection.onFillable()V+189
j  org.eclipse.jetty.io.AbstractConnection$2.run()V+4
j  org.eclipse.jetty.util.thread.QueuedThreadPool.runJob(Ljava/lang/Runnable;)V+1
j  org.eclipse.jetty.util.thread.QueuedThreadPool$3.run()V+75
j  java.lang.Thread.run()V+11
v  ~StubRoutines::call_stub

---------------  P R O C E S S  ---------------

Java Threads: ( => current thread )
  0x00000000206e5000 JavaThread "Scheduler-2062061041" [_thread_blocked, id=10824, stack(0x0000000032200000,0x0000000032300000)]
  0x00000000206e3800 JavaThread "org.eclipse.jetty.server.session.HashSessionManager@4dfbe8c2Timer" daemon [_thread_blocked, id=1224, stack(0x000000002f500000,0x000000002f600000)]
  0x00000000206e0800 JavaThread "qtp188529678-22-selector-ServerConnectorManager@260a2b16/3" [_thread_in_native, id=19064, stack(0x0000000027150000,0x0000000027250000)]
  0x00000000227ad800 JavaThread "qtp188529678-21" [_thread_blocked, id=1128, stack(0x0000000027050000,0x0000000027150000)]
  0x0000000020042800 JavaThread "qtp188529678-20-selector-ServerConnectorManager@260a2b16/1" [_thread_in_native, id=14616, stack(0x0000000026e50000,0x0000000026f50000)]
  0x00000000211cd800 JavaThread "qtp188529678-19-selector-ServerConnectorManager@260a2b16/2" [_thread_in_native, id=25508, stack(0x0000000026d50000,0x0000000026e50000)]
  0x00000000205e9800 JavaThread "qtp188529678-18-selector-ServerConnectorManager@260a2b16/0" [_thread_in_native, id=23028, stack(0x0000000026c50000,0x0000000026d50000)]
  0x00000000218d6000 JavaThread "qtp188529678-17" [_thread_blocked, id=26868, stack(0x0000000026b50000,0x0000000026c50000)]
  0x000000001faf6800 JavaThread "qtp188529678-16-acceptor-0@54ec6cb4-ServerConnector@4ee8ea84{HTTP/1.1}{0.0.0.0:8080}" [_thread_in_native, id=2528, stack(0x0000000026a50000,0x0000000026b50000)]
=>0x0000000023fe9000 JavaThread "qtp188529678-15" [_thread_in_vm, id=24308, stack(0x0000000026950000,0x0000000026a50000)]
  0x00000000209c0000 JavaThread "ShutdownMonitor" daemon [_thread_in_native, id=21068, stack(0x0000000024be0000,0x0000000024ce0000)]
  0x000000001ecd1800 JavaThread "Service Thread" daemon [_thread_blocked, id=5796, stack(0x000000001f820000,0x000000001f920000)]
  0x000000001ec53800 JavaThread "C1 CompilerThread3" daemon [_thread_blocked, id=21688, stack(0x000000001f720000,0x000000001f820000)]
  0x000000001ec43800 JavaThread "C2 CompilerThread2" daemon [_thread_blocked, id=15700, stack(0x000000001f620000,0x000000001f720000)]
  0x000000001ec3e800 JavaThread "C2 CompilerThread1" daemon [_thread_blocked, id=20424, stack(0x000000001f520000,0x000000001f620000)]
  0x000000001ec3d000 JavaThread "C2 CompilerThread0" daemon [_thread_blocked, id=23648, stack(0x000000001f420000,0x000000001f520000)]
  0x000000001ec3a000 JavaThread "Attach Listener" daemon [_thread_blocked, id=23688, stack(0x000000001f320000,0x000000001f420000)]
  0x000000001ec39000 JavaThread "Signal Dispatcher" daemon [_thread_blocked, id=10796, stack(0x000000001f220000,0x000000001f320000)]
  0x000000001ec30800 JavaThread "Finalizer" daemon [_thread_blocked, id=6800, stack(0x000000001f010000,0x000000001f110000)]
  0x000000001cd2d800 JavaThread "Reference Handler" daemon [_thread_blocked, id=19996, stack(0x000000001eb10000,0x000000001ec10000)]
  0x0000000003212800 JavaThread "main" [_thread_blocked, id=1240, stack(0x0000000003090000,0x0000000003190000)]

Other Threads:
  0x000000001cd29000 VMThread [stack: 0x000000001ea10000,0x000000001eb10000] [id=26716]
  0x000000001ecfc800 WatcherThread [stack: 0x000000001f920000,0x000000001fa20000] [id=10216]

VM state:not at safepoint (normal execution)

VM Mutex/Monitor currently owned by a thread: None

Heap:
 PSYoungGen      total 209920K, used 77397K [0x000000076b400000, 0x000000077ac00000, 0x00000007c0000000)
  eden space 167936K, 46% used [0x000000076b400000,0x000000076ff95678,0x0000000775800000)
  from space 41984K, 0% used [0x0000000778100000,0x0000000778100000,0x000000077aa00000)
  to   space 41984K, 0% used [0x0000000775800000,0x0000000775800000,0x0000000778100000)
 ParOldGen       total 175616K, used 29132K [0x00000006c1c00000, 0x00000006cc780000, 0x000000076b400000)
  object space 175616K, 16% used [0x00000006c1c00000,0x00000006c38732f0,0x00000006cc780000)
 Metaspace       used 43365K, capacity 44926K, committed 45312K, reserved 1089536K
  class space    used 5158K, capacity 5525K, committed 5632K, reserved 1048576K

Card table byte_map: [0x00000000126d0000,0x0000000012ed0000] byte_map_base: 0x000000000f0c2000

Marking Bits: (ParMarkBitMap*) 0x000000005f4f2d00
 Begin Bits: [0x0000000013c20000, 0x0000000017bb0000)
 End Bits:   [0x0000000017bb0000, 0x000000001bb40000)

Polling page: 0x00000000018c0000

CodeCache: size=245760Kb used=23015Kb max_used=23166Kb free=222744Kb
 bounds [0x0000000003310000, 0x00000000049d0000, 0x0000000012310000]
 total_blobs=6865 nmethods=6371 adapters=406
 compilation: enabled

Compilation events (10 events):
Event: 372.308 Thread 0x000000001ec53800 7541       3       org.glassfish.jersey.uri.PatternWithGroups::match (81 bytes)
Event: 372.308 Thread 0x000000001ec3e800 nmethod 7539 0x00000000034e7c50 code [0x00000000034e7d80, 0x00000000034e7e58]
Event: 372.308 Thread 0x000000001ec53800 nmethod 7541 0x000000000341fad0 code [0x000000000341fca0, 0x0000000003420488]
Event: 372.309 Thread 0x000000001ec43800 nmethod 7537 0x0000000003423d90 code [0x0000000003423ee0, 0x0000000003423fe8]
Event: 372.309 Thread 0x000000001ec53800 7542       3       org.glassfish.jersey.internal.util.collection.KeyComparatorHashMap::isNull (13 bytes)
Event: 372.309 Thread 0x000000001ec53800 nmethod 7542 0x00000000034394d0 code [0x0000000003439620, 0x00000000034397b0]
Event: 372.309 Thread 0x000000001ec53800 7543   !   3       org.jvnet.hk2.internal.ServiceHandleImpl::getLastInjectee (39 bytes)
Event: 372.309 Thread 0x000000001ec53800 nmethod 7543 0x0000000003488f50 code [0x0000000003489100, 0x0000000003489828]
Event: 372.309 Thread 0x000000001ec53800 7544       3       org.jvnet.hk2.internal.SystemInjecteeImpl::hashCode (21 bytes)
Event: 372.309 Thread 0x000000001ec53800 nmethod 7544 0x0000000003482a10 code [0x0000000003482b80, 0x0000000003482e78]

GC Heap History (10 events):
Event: 9.108 GC heap before
{Heap before GC invocations=8 (full 1):
 PSYoungGen      total 102912K, used 102776K [0x000000076b400000, 0x0000000772a00000, 0x00000007c0000000)
  eden space 88576K, 100% used [0x000000076b400000,0x0000000770a80000,0x0000000770a80000)
  from space 14336K, 99% used [0x0000000771980000,0x000000077275e348,0x0000000772780000)
  to   space 15360K, 0% used [0x0000000770a80000,0x0000000770a80000,0x0000000771980000)
 ParOldGen       total 120320K, used 14996K [0x00000006c1c00000, 0x00000006c9180000, 0x000000076b400000)
  object space 120320K, 12% used [0x00000006c1c00000,0x00000006c2aa5018,0x00000006c9180000)
 Metaspace       used 28561K, capacity 29328K, committed 29696K, reserved 1075200K
  class space    used 3260K, capacity 3461K, committed 3584K, reserved 1048576K
Event: 9.142 GC heap after
Heap after GC invocations=8 (full 1):
 PSYoungGen      total 103936K, used 15357K [0x000000076b400000, 0x0000000775b00000, 0x00000007c0000000)
  eden space 88576K, 0% used [0x000000076b400000,0x000000076b400000,0x0000000770a80000)
  from space 15360K, 99% used [0x0000000770a80000,0x000000077197f568,0x0000000771980000)
  to   space 21504K, 0% used [0x0000000774600000,0x0000000774600000,0x0000000775b00000)
 ParOldGen       total 120320K, used 24131K [0x00000006c1c00000, 0x00000006c9180000, 0x000000076b400000)
  object space 120320K, 20% used [0x00000006c1c00000,0x00000006c3390c08,0x00000006c9180000)
 Metaspace       used 28561K, capacity 29328K, committed 29696K, reserved 1075200K
  class space    used 3260K, capacity 3461K, committed 3584K, reserved 1048576K
}
Event: 9.589 GC heap before
{Heap before GC invocations=9 (full 1):
 PSYoungGen      total 103936K, used 103933K [0x000000076b400000, 0x0000000775b00000, 0x00000007c0000000)
  eden space 88576K, 100% used [0x000000076b400000,0x0000000770a80000,0x0000000770a80000)
  from space 15360K, 99% used [0x0000000770a80000,0x000000077197f568,0x0000000771980000)
  to   space 21504K, 0% used [0x0000000774600000,0x0000000774600000,0x0000000775b00000)
 ParOldGen       total 120320K, used 24147K [0x00000006c1c00000, 0x00000006c9180000, 0x000000076b400000)
  object space 120320K, 20% used [0x00000006c1c00000,0x00000006c3394c28,0x00000006c9180000)
 Metaspace       used 28577K, capacity 29328K, committed 29696K, reserved 1075200K
  class space    used 3260K, capacity 3461K, committed 3584K, reserved 1048576K
Event: 9.648 GC heap after
Heap after GC invocations=9 (full 1):
 PSYoungGen      total 138752K, used 21486K [0x000000076b400000, 0x0000000778780000, 0x00000007c0000000)
  eden space 117248K, 0% used [0x000000076b400000,0x000000076b400000,0x0000000772680000)
  from space 21504K, 99% used [0x0000000774600000,0x0000000775afbb28,0x0000000775b00000)
  to   space 32256K, 0% used [0x0000000772680000,0x0000000772680000,0x0000000774600000)
 ParOldGen       total 120320K, used 43024K [0x00000006c1c00000, 0x00000006c9180000, 0x000000076b400000)
  object space 120320K, 35% used [0x00000006c1c00000,0x00000006c4604140,0x00000006c9180000)
 Metaspace       used 28577K, capacity 29328K, committed 29696K, reserved 1075200K
  class space    used 3260K, capacity 3461K, committed 3584K, reserved 1048576K
}
Event: 10.909 GC heap before
{Heap before GC invocations=10 (full 1):
 PSYoungGen      total 138752K, used 138734K [0x000000076b400000, 0x0000000778780000, 0x00000007c0000000)
  eden space 117248K, 100% used [0x000000076b400000,0x0000000772680000,0x0000000772680000)
  from space 21504K, 99% used [0x0000000774600000,0x0000000775afbb28,0x0000000775b00000)
  to   space 32256K, 0% used [0x0000000772680000,0x0000000772680000,0x0000000774600000)
 ParOldGen       total 120320K, used 43032K [0x00000006c1c00000, 0x00000006c9180000, 0x000000076b400000)
  object space 120320K, 35% used [0x00000006c1c00000,0x00000006c4606158,0x00000006c9180000)
 Metaspace       used 32286K, capacity 33164K, committed 33536K, reserved 1079296K
  class space    used 3738K, capacity 4007K, committed 4096K, reserved 1048576K
Event: 10.962 GC heap after
Heap after GC invocations=10 (full 1):
 PSYoungGen      total 149504K, used 32242K [0x000000076b400000, 0x000000077aa00000, 0x00000007c0000000)
  eden space 117248K, 0% used [0x000000076b400000,0x000000076b400000,0x0000000772680000)
  from space 32256K, 99% used [0x0000000772680000,0x00000007745fc890,0x0000000774600000)
  to   space 41984K, 0% used [0x0000000778100000,0x0000000778100000,0x000000077aa00000)
 ParOldGen       total 120320K, used 55713K [0x00000006c1c00000, 0x00000006c9180000, 0x000000076b400000)
  object space 120320K, 46% used [0x00000006c1c00000,0x00000006c5268730,0x00000006c9180000)
 Metaspace       used 32286K, capacity 33164K, committed 33536K, reserved 1079296K
  class space    used 3738K, capacity 4007K, committed 4096K, reserved 1048576K
}
Event: 11.273 GC heap before
{Heap before GC invocations=11 (full 1):
 PSYoungGen      total 149504K, used 49536K [0x000000076b400000, 0x000000077aa00000, 0x00000007c0000000)
  eden space 117248K, 14% used [0x000000076b400000,0x000000076c4e38a0,0x0000000772680000)
  from space 32256K, 99% used [0x0000000772680000,0x00000007745fc890,0x0000000774600000)
  to   space 41984K, 0% used [0x0000000778100000,0x0000000778100000,0x000000077aa00000)
 ParOldGen       total 120320K, used 55713K [0x00000006c1c00000, 0x00000006c9180000, 0x000000076b400000)
  object space 120320K, 46% used [0x00000006c1c00000,0x00000006c5268730,0x00000006c9180000)
 Metaspace       used 34160K, capacity 35288K, committed 35456K, reserved 1081344K
  class space    used 4040K, capacity 4357K, committed 4480K, reserved 1048576K
Event: 11.293 GC heap after
Heap after GC invocations=11 (full 1):
 PSYoungGen      total 209920K, used 7430K [0x000000076b400000, 0x000000077ac00000, 0x00000007c0000000)
  eden space 167936K, 0% used [0x000000076b400000,0x000000076b400000,0x0000000775800000)
  from space 41984K, 17% used [0x0000000778100000,0x0000000778841880,0x000000077aa00000)
  to   space 41984K, 0% used [0x0000000775800000,0x0000000775800000,0x0000000778100000)
 ParOldGen       total 120320K, used 68323K [0x00000006c1c00000, 0x00000006c9180000, 0x000000076b400000)
  object space 120320K, 56% used [0x00000006c1c00000,0x00000006c5eb8fe0,0x00000006c9180000)
 Metaspace       used 34160K, capacity 35288K, committed 35456K, reserved 1081344K
  class space    used 4040K, capacity 4357K, committed 4480K, reserved 1048576K
}
Event: 11.293 GC heap before
{Heap before GC invocations=12 (full 2):
 PSYoungGen      total 209920K, used 7430K [0x000000076b400000, 0x000000077ac00000, 0x00000007c0000000)
  eden space 167936K, 0% used [0x000000076b400000,0x000000076b400000,0x0000000775800000)
  from space 41984K, 17% used [0x0000000778100000,0x0000000778841880,0x000000077aa00000)
  to   space 41984K, 0% used [0x0000000775800000,0x0000000775800000,0x0000000778100000)
 ParOldGen       total 120320K, used 68323K [0x00000006c1c00000, 0x00000006c9180000, 0x000000076b400000)
  object space 120320K, 56% used [0x00000006c1c00000,0x00000006c5eb8fe0,0x00000006c9180000)
 Metaspace       used 34160K, capacity 35288K, committed 35456K, reserved 1081344K
  class space    used 4040K, capacity 4357K, committed 4480K, reserved 1048576K
Event: 11.364 GC heap after
Heap after GC invocations=12 (full 2):
 PSYoungGen      total 209920K, used 0K [0x000000076b400000, 0x000000077ac00000, 0x00000007c0000000)
  eden space 167936K, 0% used [0x000000076b400000,0x000000076b400000,0x0000000775800000)
  from space 41984K, 0% used [0x0000000778100000,0x0000000778100000,0x000000077aa00000)
  to   space 41984K, 0% used [0x0000000775800000,0x0000000775800000,0x0000000778100000)
 ParOldGen       total 175616K, used 29132K [0x00000006c1c00000, 0x00000006cc780000, 0x000000076b400000)
  object space 175616K, 16% used [0x00000006c1c00000,0x00000006c38732f0,0x00000006cc780000)
 Metaspace       used 34160K, capacity 35288K, committed 35456K, reserved 1081344K
  class space    used 4040K, capacity 4357K, committed 4480K, reserved 1048576K
}

Deoptimization events (10 events):
Event: 340.607 Thread 0x0000000023fe9000 Uncommon trap: reason=class_check action=maybe_recompile pc=0x0000000003ba8448 method=java.util.Collections$UnmodifiableMap$UnmodifiableEntrySet$UnmodifiableEntry.getValue()Ljava/lang/Object; @ 4
Event: 340.608 Thread 0x0000000023fe9000 Uncommon trap: reason=unstable_if action=reinterpret pc=0x000000000396b9c0 method=java.lang.StringCoding.decode(Ljava/lang/String;[BII)[C @ 51
Event: 340.608 Thread 0x0000000023fe9000 Uncommon trap: reason=class_check action=maybe_recompile pc=0x0000000003ffb3b4 method=java.lang.StringCoding$StringDecoder.decode([BII)[C @ 30
Event: 340.608 Thread 0x0000000023fe9000 Uncommon trap: reason=class_check action=maybe_recompile pc=0x0000000003ffb3b4 method=java.lang.StringCoding$StringDecoder.decode([BII)[C @ 30
Event: 349.448 Thread 0x00000000218d6000 Uncommon trap: reason=class_check action=maybe_recompile pc=0x0000000003a574b4 method=java.util.Collections$UnmodifiableMap$UnmodifiableEntrySet$1.next()Ljava/util/Map$Entry; @ 8
Event: 349.448 Thread 0x00000000218d6000 Uncommon trap: reason=class_check action=maybe_recompile pc=0x0000000003ba86c8 method=java.util.Collections$UnmodifiableMap$UnmodifiableEntrySet$UnmodifiableEntry.getKey()Ljava/lang/Object; @ 4
Event: 349.448 Thread 0x00000000218d6000 Uncommon trap: reason=class_check action=maybe_recompile pc=0x0000000003ba8448 method=java.util.Collections$UnmodifiableMap$UnmodifiableEntrySet$UnmodifiableEntry.getValue()Ljava/lang/Object; @ 4
Event: 357.310 Thread 0x00000000227ad800 Uncommon trap: reason=class_check action=maybe_recompile pc=0x0000000003a574b4 method=java.util.Collections$UnmodifiableMap$UnmodifiableEntrySet$1.next()Ljava/util/Map$Entry; @ 8
Event: 357.310 Thread 0x00000000227ad800 Uncommon trap: reason=class_check action=maybe_recompile pc=0x0000000003ba86c8 method=java.util.Collections$UnmodifiableMap$UnmodifiableEntrySet$UnmodifiableEntry.getKey()Ljava/lang/Object; @ 4
Event: 357.310 Thread 0x00000000227ad800 Uncommon trap: reason=class_check action=maybe_recompile pc=0x0000000003ba8448 method=java.util.Collections$UnmodifiableMap$UnmodifiableEntrySet$UnmodifiableEntry.getValue()Ljava/lang/Object; @ 4

Classes redefined (0 events):
No events

Internal exceptions (10 events):
Event: 8.842 Thread 0x0000000003212800 Exception <a 'java/lang/ClassNotFoundException': sun/net/www/protocol/c/Handler> (0x000000076f108110) thrown at [C:\re\workspace\8-2-build-windows-amd64-cygwin\jdk8u181\11358\hotspot\src\share\vm\classfile\systemDictionary.cpp, line 210]
Event: 8.933 Thread 0x000000001faf6800 Implicit null exception at 0x0000000003fcc159 to 0x0000000003fcc93d
Event: 8.933 Thread 0x0000000020042800 Implicit null exception at 0x0000000003fcc159 to 0x0000000003fcc93d
Event: 8.933 Thread 0x0000000023fe9000 Implicit null exception at 0x0000000003ff774c to 0x0000000003ff7e49
Event: 8.933 Thread 0x00000000218d6000 Implicit null exception at 0x0000000003ff774c to 0x0000000003ff7e49
Event: 10.708 Thread 0x0000000003212800 Exception <a 'java/lang/NoSuchFieldError': method resolution failed> (0x0000000771ab7d98) thrown at [C:\re\workspace\8-2-build-windows-amd64-cygwin\jdk8u181\11358\hotspot\src\share\vm\prims\methodHandles.cpp, line 1167]
Event: 10.711 Thread 0x0000000003212800 Exception <a 'java/lang/NoSuchFieldError': method resolution failed> (0x0000000771ac5828) thrown at [C:\re\workspace\8-2-build-windows-amd64-cygwin\jdk8u181\11358\hotspot\src\share\vm\prims\methodHandles.cpp, line 1167]
Event: 11.519 Thread 0x0000000003212800 Exception <a 'java/lang/NoSuchMethodError': java.lang.Object.lambda$and$0(Ljava/util/function/Predicate;Ljava/lang/Object;)Z> (0x000000076c0828c8) thrown at [C:\re\workspace\8-2-build-windows-amd64-cygwin\jdk8u181\11358\hotspot\src\share\vm\interpreter\li
Event: 11.585 Thread 0x0000000003212800 Exception <a 'java/lang/NoSuchMethodError': java.lang.Object.lambda$comparingInt$7b0bb60$1(Ljava/util/function/ToIntFunction;Ljava/lang/Object;Ljava/lang/Object;)I> (0x000000076c400450) thrown at [C:\re\workspace\8-2-build-windows-amd64-cygwin\jdk8u181\11
Event: 84.734 Thread 0x00000000218d6000 Implicit null exception at 0x0000000003e5ed79 to 0x0000000003e5f0e9

Events (10 events):
Event: 372.310 Thread 0x000000001ec53800 flushing nmethod 0x0000000003570cd0
Event: 372.310 Thread 0x000000001ec53800 flushing nmethod 0x0000000003572410
Event: 372.310 Thread 0x000000001ec53800 flushing nmethod 0x00000000035742d0
Event: 372.310 Thread 0x000000001ec53800 flushing nmethod 0x000000000358c190
Event: 372.310 Thread 0x000000001ec53800 flushing nmethod 0x000000000358d450
Event: 372.310 Thread 0x000000001ec53800 flushing nmethod 0x00000000035d3b90
Event: 372.310 Thread 0x000000001ec53800 flushing nmethod 0x00000000035d4f90
Event: 372.310 Thread 0x000000001ec53800 flushing nmethod 0x00000000035ee210
Event: 372.310 Thread 0x000000001ec53800 flushing nmethod 0x0000000003600d50
Event: 372.310 Thread 0x000000001ec53800 flushing nmethod 0x000000000360a4d0


Dynamic libraries:
0x00007ff72d090000 - 0x00007ff72d0c7000 	C:\Program Files\Java\jdk1.8.0_181\bin\java.exe
0x00007ff9f2870000 - 0x00007ff9f2a51000 	C:\WINDOWS\SYSTEM32\ntdll.dll
0x00007ff9f03f0000 - 0x00007ff9f04a2000 	C:\WINDOWS\System32\KERNEL32.DLL
0x00007ff9ef840000 - 0x00007ff9efab3000 	C:\WINDOWS\System32\KERNELBASE.dll
0x00007ff9f0be0000 - 0x00007ff9f0c81000 	C:\WINDOWS\System32\ADVAPI32.dll
0x00007ff9f2180000 - 0x00007ff9f221e000 	C:\WINDOWS\System32\msvcrt.dll
0x00007ff9f0640000 - 0x00007ff9f069b000 	C:\WINDOWS\System32\sechost.dll
0x00007ff9f0ab0000 - 0x00007ff9f0bd4000 	C:\WINDOWS\System32\RPCRT4.dll
0x00007ff9f2220000 - 0x00007ff9f23b0000 	C:\WINDOWS\System32\USER32.dll
0x00007ff9efce0000 - 0x00007ff9efd00000 	C:\WINDOWS\System32\win32u.dll
0x00007ff9efff0000 - 0x00007ff9f0018000 	C:\WINDOWS\System32\GDI32.dll
0x00007ff9ef590000 - 0x00007ff9ef722000 	C:\WINDOWS\System32\gdi32full.dll
0x00007ff9efac0000 - 0x00007ff9efb5f000 	C:\WINDOWS\System32\msvcp_win.dll
0x00007ff9efbe0000 - 0x00007ff9efcda000 	C:\WINDOWS\System32\ucrtbase.dll
0x00007ff9e4590000 - 0x00007ff9e47f9000 	C:\WINDOWS\WinSxS\amd64_microsoft.windows.common-controls_6595b64144ccf1df_6.0.17134.407_none_fb449d63306391e9\COMCTL32.dll
0x00007ff9f0020000 - 0x00007ff9f0342000 	C:\WINDOWS\System32\combase.dll
0x00007ff9efb60000 - 0x00007ff9efbda000 	C:\WINDOWS\System32\bcryptPrimitives.dll
0x00007ff9f23c0000 - 0x00007ff9f23ed000 	C:\WINDOWS\System32\IMM32.DLL
0x000000005ebf0000 - 0x000000005ecc2000 	C:\Program Files\Java\jdk1.8.0_181\jre\bin\msvcr100.dll
0x000000005ecd0000 - 0x000000005f572000 	C:\Program Files\Java\jdk1.8.0_181\jre\bin\server\jvm.dll
0x00007ff9f0800000 - 0x00007ff9f0808000 	C:\WINDOWS\System32\PSAPI.DLL
0x00007ff9eb930000 - 0x00007ff9eb939000 	C:\WINDOWS\SYSTEM32\WSOCK32.dll
0x00007ff9eba20000 - 0x00007ff9eba43000 	C:\WINDOWS\SYSTEM32\WINMM.dll
0x00007ff9eac50000 - 0x00007ff9eac5a000 	C:\WINDOWS\SYSTEM32\VERSION.dll
0x00007ff9eff80000 - 0x00007ff9effec000 	C:\WINDOWS\System32\WS2_32.dll
0x00007ff9eb9f0000 - 0x00007ff9eba1a000 	C:\WINDOWS\SYSTEM32\WINMMBASE.dll
0x00007ff9ef540000 - 0x00007ff9ef589000 	C:\WINDOWS\System32\cfgmgr32.dll
0x000000005fb50000 - 0x000000005fb5f000 	C:\Program Files\Java\jdk1.8.0_181\jre\bin\verify.dll
0x000000005faf0000 - 0x000000005fb19000 	C:\Program Files\Java\jdk1.8.0_181\jre\bin\java.dll
0x000000005eb90000 - 0x000000005eba6000 	C:\Program Files\Java\jdk1.8.0_181\jre\bin\zip.dll
0x00007ff9f0d40000 - 0x00007ff9f217f000 	C:\WINDOWS\System32\SHELL32.dll
0x00007ff9f0c90000 - 0x00007ff9f0d39000 	C:\WINDOWS\System32\shcore.dll
0x00007ff9eee30000 - 0x00007ff9ef53d000 	C:\WINDOWS\System32\windows.storage.dll
0x00007ff9efd00000 - 0x00007ff9efd51000 	C:\WINDOWS\System32\shlwapi.dll
0x00007ff9eebf0000 - 0x00007ff9eec01000 	C:\WINDOWS\System32\kernel.appcore.dll
0x00007ff9eeb80000 - 0x00007ff9eeb9f000 	C:\WINDOWS\System32\profapi.dll
0x00007ff9eeba0000 - 0x00007ff9eebec000 	C:\WINDOWS\System32\powrprof.dll
0x00007ff9eec10000 - 0x00007ff9eec1a000 	C:\WINDOWS\System32\FLTLIB.DLL
0x00007ff9e1860000 - 0x00007ff9e186a000 	D:\Programmi\apache-maven-3.6.0-bin\apache-maven-3.6.0\lib\jansi-native\windows64\jansi.dll
0x000000005eb70000 - 0x000000005eb8a000 	C:\Program Files\Java\jdk1.8.0_181\jre\bin\net.dll
0x00007ff9ee400000 - 0x00007ff9ee466000 	C:\WINDOWS\system32\mswsock.dll
0x000000005eb50000 - 0x000000005eb61000 	C:\Program Files\Java\jdk1.8.0_181\jre\bin\nio.dll
0x000000005fb40000 - 0x000000005fb4d000 	C:\Program Files\Java\jdk1.8.0_181\jre\bin\management.dll
0x00007ff9ee5b0000 - 0x00007ff9ee5c7000 	C:\WINDOWS\SYSTEM32\CRYPTSP.dll
0x00007ff9edf80000 - 0x00007ff9edfb3000 	C:\WINDOWS\system32\rsaenh.dll
0x00007ff9ee6e0000 - 0x00007ff9ee705000 	C:\WINDOWS\SYSTEM32\bcrypt.dll
0x00007ff9eeab0000 - 0x00007ff9eead8000 	C:\WINDOWS\SYSTEM32\USERENV.dll
0x00007ff9ee5d0000 - 0x00007ff9ee5db000 	C:\WINDOWS\SYSTEM32\CRYPTBASE.dll
0x00007ff9ee180000 - 0x00007ff9ee1b8000 	C:\WINDOWS\SYSTEM32\IPHLPAPI.DLL
0x00007ff9f23b0000 - 0x00007ff9f23b8000 	C:\WINDOWS\System32\NSI.dll
0x00007ff9e7440000 - 0x00007ff9e7456000 	C:\WINDOWS\SYSTEM32\dhcpcsvc6.DLL
0x00007ff9e5be0000 - 0x00007ff9e5bfa000 	C:\WINDOWS\SYSTEM32\dhcpcsvc.DLL
0x00007ff9d03a0000 - 0x00007ff9d03d7000 	D:\github\plathea\jaxrs-jersey-server-generated\src\main\java\io\core\InterfaceJNI_DLL.dll
0x00007ff9bbad0000 - 0x00007ff9bbbc4000 	C:\WINDOWS\SYSTEM32\MSVCP140D.dll
0x00007ff9c3300000 - 0x00007ff9c3321000 	C:\WINDOWS\SYSTEM32\VCRUNTIME140D.dll
0x00007ff995f70000 - 0x00007ff99612d000 	C:\WINDOWS\SYSTEM32\ucrtbased.dll
0x00007ff995970000 - 0x00007ff995d51000 	D:\github\plathea\jaxrs-jersey-server-generated\PlatheaDLL.dll
0x00007ff9f0890000 - 0x00007ff9f097d000 	C:\WINDOWS\System32\COMDLG32.dll
0x00007ff9f06a0000 - 0x00007ff9f07f1000 	C:\WINDOWS\System32\ole32.dll
0x00007ff9957c0000 - 0x00007ff99596c000 	D:\github\plathea\jaxrs-jersey-server-generated\opencv_ml310d.dll
0x00007ff994820000 - 0x00007ff9957be000 	D:\github\plathea\jaxrs-jersey-server-generated\opencv_core310d.dll
0x00007ff9c0f50000 - 0x00007ff9c0fb6000 	D:\github\plathea\jaxrs-jersey-server-generated\opencv_highgui310d.dll
0x00007ff994710000 - 0x00007ff994818000 	D:\github\plathea\jaxrs-jersey-server-generated\opencv_video310d.dll
0x00007ff9921b0000 - 0x00007ff992584000 	D:\github\plathea\jaxrs-jersey-server-generated\opencv_calib3d310d.dll
0x00007ff994570000 - 0x00007ff994704000 	D:\github\plathea\jaxrs-jersey-server-generated\opencv_objdetect310d.dll
0x00007ff9c03d0000 - 0x00007ff9c0486000 	C:\WINDOWS\SYSTEM32\CONCRT140D.dll
0x00007ff974710000 - 0x00007ff9768db000 	D:\github\plathea\jaxrs-jersey-server-generated\opencv_imgproc310d.dll
0x00007ff9b8ac0000 - 0x00007ff9b8b72000 	D:\github\plathea\jaxrs-jersey-server-generated\opencv_videoio310d.dll
0x00007ff9f0980000 - 0x00007ff9f0a42000 	C:\WINDOWS\System32\OLEAUT32.dll
0x00007ff9900a0000 - 0x00007ff9905fe000 	D:\github\plathea\jaxrs-jersey-server-generated\opencv_imgcodecs310d.dll
0x00007ff9c2cc0000 - 0x00007ff9c2ce9000 	C:\WINDOWS\SYSTEM32\MSVFW32.dll
0x00007ff9de460000 - 0x00007ff9de47f000 	C:\WINDOWS\SYSTEM32\AVIFIL32.dll
0x00007ff9d1cf0000 - 0x00007ff9d1d08000 	C:\WINDOWS\SYSTEM32\AVICAP32.dll
0x00007ff9d37d0000 - 0x00007ff9d37ec000 	C:\WINDOWS\SYSTEM32\MSACM32.dll
0x00007ff991f80000 - 0x00007ff9921a5000 	D:\github\plathea\jaxrs-jersey-server-generated\opencv_features2d310d.dll
0x00007ff98ff20000 - 0x00007ff99009d000 	D:\github\plathea\jaxrs-jersey-server-generated\opencv_flann310d.dll
0x00007ff9a8000000 - 0x00007ff9a8085000 	C:\WINDOWS\SYSTEM32\OpenCL.dll
0x00007ff981920000 - 0x00007ff982f4d000 	C:\WINDOWS\System32\nvopencl.dll
0x00007ff9f23f0000 - 0x00007ff9f283b000 	C:\WINDOWS\System32\SETUPAPI.dll
0x00007ff98fe00000 - 0x00007ff98ff1f000 	C:\WINDOWS\SYSTEM32\nvfatbinaryLoader.dll
0x00007ff9ed080000 - 0x00007ff9ed118000 	C:\WINDOWS\system32\uxtheme.dll
0x00007ff9ee990000 - 0x00007ff9ee9b7000 	C:\WINDOWS\SYSTEM32\DEVOBJ.dll
0x00007ff9ef7e0000 - 0x00007ff9ef837000 	C:\WINDOWS\System32\WINTRUST.dll
0x00007ff9eec20000 - 0x00007ff9eec32000 	C:\WINDOWS\System32\MSASN1.dll
0x00007ff9eec40000 - 0x00007ff9eee22000 	C:\WINDOWS\System32\CRYPT32.dll
0x00007ff9e5520000 - 0x00007ff9e59a0000 	C:\WINDOWS\system32\nvapi64.dll
0x00007ff9ed940000 - 0x00007ff9ed9fb000 	C:\WINDOWS\SYSTEM32\dxgi.dll
0x00007ff9a7a40000 - 0x00007ff9a7aa2000 	C:\WINDOWS\SYSTEM32\IntelOpenCL64.dll
0x00007ff994190000 - 0x00007ff99428d000 	C:\Program Files (x86)\Common Files\Intel\OpenCL\bin\x64\intelocl64.dll
0x00007ff9c2f90000 - 0x00007ff9c30b0000 	C:\WINDOWS\SYSTEM32\OPENGL32.dll
0x00007ff9a2f70000 - 0x00007ff9a2fe6000 	C:\Program Files (x86)\Common Files\Intel\OpenCL\bin\x64\task_executor64.dll
0x00007ff9c2f20000 - 0x00007ff9c2f4c000 	C:\WINDOWS\SYSTEM32\GLU32.dll
0x00007ff9edc70000 - 0x00007ff9edca1000 	C:\WINDOWS\SYSTEM32\ntmarta.dll
0x00007ff9a0ff0000 - 0x00007ff9a1085000 	C:\Program Files (x86)\Common Files\Intel\OpenCL\bin\x64\cpu_device64.dll
0x00007ff9a04e0000 - 0x00007ff9a0549000 	C:\Program Files (x86)\Common Files\Intel\OpenCL\bin\x64\tbb\tbb.dll
0x00007ff98fa10000 - 0x00007ff98fc04000 	C:\WINDOWS\SYSTEM32\igdrcl64.dll
0x00007ff97fed0000 - 0x00007ff9814b2000 	C:\WINDOWS\SYSTEM32\igdfcl64.dll
0x00007ff9dd1c0000 - 0x00007ff9dd389000 	C:\WINDOWS\SYSTEM32\dbghelp.dll
0x00007ff9c0ef0000 - 0x00007ff9c0f4f000 	C:\WINDOWS\SYSTEM32\igdbcl64.dll
0x00007ff9e7c70000 - 0x00007ff9e80d4000 	C:\WINDOWS\SYSTEM32\igdusc64.dll

VM Arguments:
jvm_args: -Dclassworlds.conf=D:\Programmi\apache-maven-3.6.0-bin\apache-maven-3.6.0\bin\..\bin\m2.conf -Dmaven.home=D:\Programmi\apache-maven-3.6.0-bin\apache-maven-3.6.0\bin\.. -Dlibrary.jansi.path=D:\Programmi\apache-maven-3.6.0-bin\apache-maven-3.6.0\bin\..\lib\jansi-native -Dmaven.multiModuleProjectDirectory=D:\github\plathea\jaxrs-jersey-server-generated 
java_command: org.codehaus.plexus.classworlds.launcher.Launcher clean package jetty:run
java_class_path (initial): D:\Programmi\apache-maven-3.6.0-bin\apache-maven-3.6.0\bin\..\boot\plexus-classworlds-2.5.2.jar
Launcher Type: SUN_STANDARD

Environment Variables:
JAVA_HOME=C:\Program Files\Java\jdk1.8.0_181
PATH=C:\Program Files (x86)\Common Files\Oracle\Java\javapath;C:\Users\jack1\Desktop\plathea-code-22-trunk\plathea-code-22-trunk\opencv-master\build\install_release\x64\vc12\bin;C:\WINDOWS\system32;C:\WINDOWS;C:\WINDOWS\System32\Wbem;C:\WINDOWS\System32\WindowsPowerShell\v1.0\;C:\Program Files\Git\cmd;C:\Program Files\nodejs\;C:\Program Files\PuTTY\;C:\Users\jack1\AppData\Local\Microsoft\WindowsApps;C:\Users\jack1\AppData\Roaming\npm;C:\Users\jack1\AppData\Local\atom\bin;C:\adb;C:\WINDOWS\system32;C:\WINDOWS;C:\WINDOWS\System32\Wbem;C:\WINDOWS\System32\WindowsPowerShell\v1.0\;C:\WINDOWS\System32\OpenSSH\;C:\Users\jack1\Desktop\plathea-code-22-trunk\plathea-code-22-trunk\opencv-master\build\install_debug\x64\vc12\bin;C:\Users\jack1\AppData\Local\Microsoft\WindowsApps;C:\Users\jack1\AppData\Roaming\npm;C:\Users\jack1\AppData\Local\atom\bin;C:\Users\jack1\AppData\Local\Microsoft\WindowsApps;C:\Program Files\LLVM\bin;C:\ProgramData\jack1\atom\bin;C:\Program Files\Java\jdk1.8.0_181\bin;C:\Program Files\mingw-w64\x86_64-8.1.0-win32-seh-rt_v6-rev0\mingw64\bin;D:\Programmi\apache-maven-3.6.0-bin\apache-maven-3.6.0\bin;D:\github\plathea\LeoStormLibrary\LeoStormWindowsLib;D:\github\plathea\jaxrs-jersey-server-generated;
USERNAME=jack1
OS=Windows_NT
PROCESSOR_IDENTIFIER=Intel64 Family 6 Model 58 Stepping 9, GenuineIntel



---------------  S Y S T E M  ---------------

OS: Windows 10.0 , 64 bit Build 17134 (10.0.17134.1)

CPU:total 8 (initial active 8) (4 cores per cpu, 2 threads per core) family 6 model 58 stepping 9, cmov, cx8, fxsr, mmx, sse, sse2, sse3, ssse3, sse4.1, sse4.2, popcnt, avx, aes, clmul, erms, ht, tsc, tscinvbit, tscinv

Memory: 4k page, physical 16659944k(6363532k free), swap 19322328k(5599784k free)

vm_info: Java HotSpot(TM) 64-Bit Server VM (25.181-b13) for windows-amd64 JRE (1.8.0_181-b13), built on Jul  7 2018 04:01:33 by "java_re" with MS VC++ 10.0 (VS2010)

time: Mon Dec 10 11:56:33 2018
elapsed time: 372 seconds (0d 0h 6m 12s)

