#
# A fatal error has been detected by the Java Runtime Environment:
#
#  EXCEPTION_ACCESS_VIOLATION (0xc0000005) at pc=0x0000000052a44917, pid=24012, tid=0x00000000000061d8
#
# JRE version: Java(TM) SE Runtime Environment (8.0_181-b13) (build 1.8.0_181-b13)
# Java VM: Java HotSpot(TM) 64-Bit Server VM (25.181-b13 mixed mode windows-amd64 compressed oops)
# Problematic frame:
# V  [jvm.dll+0x214917]
#
# Failed to write core dump. Minidumps are not enabled by default on client versions of Windows
#
# If you would like to submit a bug report, please visit:
#   http://bugreport.java.com/bugreport/crash.jsp
#

---------------  T H R E A D  ---------------

Current thread (0x0000000024225800):  JavaThread "qtp2033788292-21" [_thread_in_Java, id=25048, stack(0x00000000267d0000,0x00000000268d0000)]

siginfo: ExceptionCode=0xc0000005, reading address 0x00000000ffffffff

Registers:
RAX=0x00000000ffffffff, RBX=0x00000000320900d0, RCX=0x00000000268cca70, RDX=0x0000000000000001
RSP=0x00000000268cc7a8, RBP=0x00000000268cc8b0, RSI=0x0000000024225800, RDI=0x00000000ffffffff
R8 =0x0000000000000001, R9 =0x00000000268cca78, R10=0x0000000002e50827, R11=0x0000000000000006
R12=0x00000000243507f0, R13=0x0000000024225800, R14=0x00000000268cc848, R15=0x00000000320900d0
RIP=0x0000000052a44917, EFLAGS=0x0000000000010206

Top of Stack: (sp=0x00000000268cc7a8)
0x00000000268cc7a8:   0000000052a45805 00000000320900d0
0x00000000268cc7b8:   00000000268cc8b0 0000000023a67ae8
0x00000000268cc7c8:   0000000024225800 0000000024225800
0x00000000268cc7d8:   0000000052a678fd 00000000268cc950
0x00000000268cc7e8:   000000003208ffa8 00000000320900d0
0x00000000268cc7f8:   0000000024225800 0000000002e63be0
0x00000000268cc808:   0000000052a671b6 00000000268cc910
0x00000000268cc818:   000000001e80fec0 00008f3b7664679e
0x00000000268cc828:   0000000023a67b18 0000000000000000
0x00000000268cc838:   00000000320900d0 0000000024225800
0x00000000268cc848:   0000000023a67ae8 00000000320900d0
0x00000000268cc858:   0000000024225800 00000000268ccb88
0x00000000268cc868:   cccccccccccccccc 0000000024225800
0x00000000268cc878:   00000000217c2700 00000000320900d0
0x00000000268cc888:   000000076fb32568 00000000268cd230
0x00000000268cc898:   0000000002e68c3b 00000000268cd2a0 

Instructions: (pc=0x0000000052a44917)
0x0000000052a448f7:   68 7e 30 66 0f 1f 44 00 00 48 8b 41 60 80 3c 02
0x0000000052a44907:   00 74 14 4c 8b 49 58 49 8b 04 d1 48 85 c0 74 03
0x0000000052a44917:   48 8b 00 49 89 04 d1 41 ff c0 48 ff c2 44 3b 41
0x0000000052a44927:   68 7c d6 48 8b 41 58 c3 cc 40 53 48 83 ec 20 80 


Register to memory mapping:

RAX=0x00000000ffffffff is an unknown value
RBX={method} {0x00000000320900d8} '<init>' '(Lio/core/InterfaceJNI;IIII)V' in 'io/core/InterfaceJNI$TrackedPerson'
RCX=0x00000000268cca70 is pointing into the stack for thread: 0x0000000024225800
RDX=0x0000000000000001 is an unknown value
RSP=0x00000000268cc7a8 is pointing into the stack for thread: 0x0000000024225800
RBP=0x00000000268cc8b0 is pointing into the stack for thread: 0x0000000024225800
RSI=0x0000000024225800 is a thread
RDI=0x00000000ffffffff is an unknown value
R8 =0x0000000000000001 is an unknown value
R9 =0x00000000268cca78 is pointing into the stack for thread: 0x0000000024225800
R10=0x0000000002e50827 is at begin+0 in a stub
StubRoutines::call_stub [0x0000000002e50827, 0x0000000002e5098b[ (356 bytes)
R11=0x0000000000000006 is an unknown value
R12=0x00000000243507f0 is an unknown value
R13=0x0000000024225800 is a thread
R14=0x00000000268cc848 is pointing into the stack for thread: 0x0000000024225800
R15={method} {0x00000000320900d8} '<init>' '(Lio/core/InterfaceJNI;IIII)V' in 'io/core/InterfaceJNI$TrackedPerson'


Stack: [0x00000000267d0000,0x00000000268d0000],  sp=0x00000000268cc7a8,  free space=1009k
Native frames: (J=compiled Java code, j=interpreted, Vv=VM code, C=native code)
V  [jvm.dll+0x214917]


---------------  P R O C E S S  ---------------

Java Threads: ( => current thread )
  0x000000002971a800 JavaThread "Scheduler-2049795950" [_thread_blocked, id=16804, stack(0x0000000031d60000,0x0000000031e60000)]
  0x000000002971a000 JavaThread "org.eclipse.jetty.server.session.HashSessionManager@3509f32dTimer" daemon [_thread_blocked, id=22640, stack(0x0000000030f20000,0x0000000031020000)]
  0x000000002971c000 JavaThread "qtp2033788292-26" [_thread_blocked, id=19680, stack(0x0000000029f70000,0x000000002a070000)]
  0x000000001fecd000 JavaThread "qtp2033788292-25-acceptor-0@26584a18-ServerConnector@1703e50d{HTTP/1.1}{0.0.0.0:8080}" [_thread_in_native, id=23148, stack(0x0000000029e70000,0x0000000029f70000)]
  0x0000000023888800 JavaThread "qtp2033788292-24" [_thread_blocked, id=20708, stack(0x0000000026e00000,0x0000000026f00000)]
  0x000000001eaa6000 JavaThread "qtp2033788292-22-selector-ServerConnectorManager@35005c8a/1" [_thread_in_native, id=14808, stack(0x00000000268d0000,0x00000000269d0000)]
=>0x0000000024225800 JavaThread "qtp2033788292-21" [_thread_in_Java, id=25048, stack(0x00000000267d0000,0x00000000268d0000)]
  0x0000000021c53800 JavaThread "qtp2033788292-20" [_thread_blocked, id=20672, stack(0x00000000265d0000,0x00000000266d0000)]
  0x000000002297c000 JavaThread "qtp2033788292-19" [_thread_blocked, id=20744, stack(0x00000000264d0000,0x00000000265d0000)]
  0x00000000205ed800 JavaThread "qtp2033788292-18" [_thread_blocked, id=16876, stack(0x00000000263d0000,0x00000000264d0000)]
  0x0000000022d31000 JavaThread "qtp2033788292-17-selector-ServerConnectorManager@35005c8a/3" [_thread_in_native, id=18308, stack(0x00000000262d0000,0x00000000263d0000)]
  0x000000001f656000 JavaThread "qtp2033788292-16-selector-ServerConnectorManager@35005c8a/0" [_thread_in_native, id=9656, stack(0x00000000261d0000,0x00000000262d0000)]
  0x000000001ea17800 JavaThread "qtp2033788292-15-selector-ServerConnectorManager@35005c8a/2" [_thread_in_native, id=2312, stack(0x00000000260d0000,0x00000000261d0000)]
  0x0000000020536800 JavaThread "ShutdownMonitor" daemon [_thread_in_native, id=8, stack(0x0000000023690000,0x0000000023790000)]
  0x000000001e7ec000 JavaThread "Service Thread" daemon [_thread_blocked, id=6348, stack(0x000000001f340000,0x000000001f440000)]
  0x000000001e76d800 JavaThread "C1 CompilerThread3" daemon [_thread_blocked, id=22076, stack(0x000000001f240000,0x000000001f340000)]
  0x000000001e766800 JavaThread "C2 CompilerThread2" daemon [_thread_blocked, id=19324, stack(0x000000001f140000,0x000000001f240000)]
  0x000000001e762800 JavaThread "C2 CompilerThread1" daemon [_thread_blocked, id=3952, stack(0x000000001f040000,0x000000001f140000)]
  0x000000001e760800 JavaThread "C2 CompilerThread0" daemon [_thread_blocked, id=17160, stack(0x000000001ef40000,0x000000001f040000)]
  0x000000001e75a000 JavaThread "Attach Listener" daemon [_thread_blocked, id=21960, stack(0x000000001ee40000,0x000000001ef40000)]
  0x000000001e759000 JavaThread "Signal Dispatcher" daemon [_thread_blocked, id=2040, stack(0x000000001ed40000,0x000000001ee40000)]
  0x000000001e750800 JavaThread "Finalizer" daemon [_thread_blocked, id=12660, stack(0x000000001eb30000,0x000000001ec30000)]
  0x0000000002e49000 JavaThread "Reference Handler" daemon [_thread_blocked, id=13556, stack(0x000000001e630000,0x000000001e730000)]
  0x0000000002d52800 JavaThread "main" [_thread_blocked, id=2884, stack(0x0000000002c50000,0x0000000002d50000)]

Other Threads:
  0x000000001c86a000 VMThread [stack: 0x000000001e530000,0x000000001e630000] [id=6480]
  0x000000001e81e800 WatcherThread [stack: 0x000000001f440000,0x000000001f540000] [id=17984]

VM state:not at safepoint (normal execution)

VM Mutex/Monitor currently owned by a thread: None

Heap:
 PSYoungGen      total 199168K, used 74087K [0x000000076b400000, 0x0000000779f80000, 0x00000007c0000000)
  eden space 157696K, 46% used [0x000000076b400000,0x000000076fc59d70,0x0000000774e00000)
  from space 41472K, 0% used [0x0000000777680000,0x0000000777680000,0x0000000779f00000)
  to   space 41472K, 0% used [0x0000000774e00000,0x0000000774e00000,0x0000000777680000)
 ParOldGen       total 182784K, used 30141K [0x00000006c1c00000, 0x00000006cce80000, 0x000000076b400000)
  object space 182784K, 16% used [0x00000006c1c00000,0x00000006c396f740,0x00000006cce80000)
 Metaspace       used 43124K, capacity 44616K, committed 44672K, reserved 1089536K
  class space    used 5130K, capacity 5492K, committed 5504K, reserved 1048576K

Card table byte_map: [0x0000000012210000,0x0000000012a10000] byte_map_base: 0x000000000ec02000

Marking Bits: (ParMarkBitMap*) 0x0000000053052d00
 Begin Bits: [0x0000000013760000, 0x00000000176f0000)
 End Bits:   [0x00000000176f0000, 0x000000001b680000)

Polling page: 0x0000000000ed0000

CodeCache: size=245760Kb used=23101Kb max_used=23101Kb free=222658Kb
 bounds [0x0000000002e50000, 0x0000000004510000, 0x0000000011e50000]
 total_blobs=6786 nmethods=6293 adapters=405
 compilation: enabled

Compilation events (10 events):
Event: 57.487 Thread 0x000000001e76d800 nmethod 7501 0x0000000004179e90 code [0x0000000004179fe0, 0x000000000417a0f0]
Event: 57.487 Thread 0x000000001e76d800 7502       1       java.util.Collections::emptyIterator (4 bytes)
Event: 57.487 Thread 0x000000001e76d800 nmethod 7502 0x0000000004179c10 code [0x0000000004179d60, 0x0000000004179e50]
Event: 57.487 Thread 0x000000001e76d800 7503       3       org.glassfish.jersey.message.internal.TracingLogger$1::log (1 bytes)
Event: 57.487 Thread 0x000000001e76d800 nmethod 7503 0x00000000041798d0 code [0x0000000004179a20, 0x0000000004179b70]
Event: 57.487 Thread 0x000000001e76d800 7504   !   3       org.jvnet.hk2.internal.SystemDescriptor::create (200 bytes)
Event: 57.488 Thread 0x000000001e760800 nmethod 7500 0x00000000041767d0 code [0x0000000004176920, 0x0000000004176a38]
Event: 57.489 Thread 0x000000001e76d800 nmethod 7504 0x0000000004176e10 code [0x0000000004177160, 0x0000000004178a98]
Event: 57.489 Thread 0x000000001e76d800 7505       1       org.jvnet.hk2.internal.ServiceLocatorImpl::getNeutralContextClassLoader (5 bytes)
Event: 57.489 Thread 0x000000001e76d800 nmethod 7505 0x0000000004176510 code [0x0000000004176660, 0x0000000004176770]

GC Heap History (10 events):
Event: 10.769 GC heap before
{Heap before GC invocations=8 (full 1):
 PSYoungGen      total 99840K, used 99593K [0x000000076b400000, 0x0000000772900000, 0x00000007c0000000)
  eden space 85504K, 100% used [0x000000076b400000,0x0000000770780000,0x0000000770780000)
  from space 14336K, 98% used [0x0000000771680000,0x00000007724426d8,0x0000000772480000)
  to   space 15360K, 0% used [0x0000000770780000,0x0000000770780000,0x0000000771680000)
 ParOldGen       total 123392K, used 14910K [0x00000006c1c00000, 0x00000006c9480000, 0x000000076b400000)
  object space 123392K, 12% used [0x00000006c1c00000,0x00000006c2a8f800,0x00000006c9480000)
 Metaspace       used 28579K, capacity 29392K, committed 29696K, reserved 1075200K
  class space    used 3256K, capacity 3461K, committed 3584K, reserved 1048576K
Event: 10.806 GC heap after
Heap after GC invocations=8 (full 1):
 PSYoungGen      total 100864K, used 15335K [0x000000076b400000, 0x0000000775480000, 0x00000007c0000000)
  eden space 85504K, 0% used [0x000000076b400000,0x000000076b400000,0x0000000770780000)
  from space 15360K, 99% used [0x0000000770780000,0x0000000771679dd8,0x0000000771680000)
  to   space 21504K, 0% used [0x0000000773f80000,0x0000000773f80000,0x0000000775480000)
 ParOldGen       total 123392K, used 24007K [0x00000006c1c00000, 0x00000006c9480000, 0x000000076b400000)
  object space 123392K, 19% used [0x00000006c1c00000,0x00000006c3371ee8,0x00000006c9480000)
 Metaspace       used 28579K, capacity 29392K, committed 29696K, reserved 1075200K
  class space    used 3256K, capacity 3461K, committed 3584K, reserved 1048576K
}
Event: 11.306 GC heap before
{Heap before GC invocations=9 (full 1):
 PSYoungGen      total 100864K, used 100839K [0x000000076b400000, 0x0000000775480000, 0x00000007c0000000)
  eden space 85504K, 100% used [0x000000076b400000,0x0000000770780000,0x0000000770780000)
  from space 15360K, 99% used [0x0000000770780000,0x0000000771679dd8,0x0000000771680000)
  to   space 21504K, 0% used [0x0000000773f80000,0x0000000773f80000,0x0000000775480000)
 ParOldGen       total 123392K, used 24011K [0x00000006c1c00000, 0x00000006c9480000, 0x000000076b400000)
  object space 123392K, 19% used [0x00000006c1c00000,0x00000006c3372ff8,0x00000006c9480000)
 Metaspace       used 28603K, capacity 29392K, committed 29696K, reserved 1075200K
  class space    used 3256K, capacity 3461K, committed 3584K, reserved 1048576K
Event: 11.373 GC heap after
Heap after GC invocations=9 (full 1):
 PSYoungGen      total 132608K, used 21495K [0x000000076b400000, 0x0000000777f00000, 0x00000007c0000000)
  eden space 111104K, 0% used [0x000000076b400000,0x000000076b400000,0x0000000772080000)
  from space 21504K, 99% used [0x0000000773f80000,0x000000077547dd70,0x0000000775480000)
  to   space 31744K, 0% used [0x0000000772080000,0x0000000772080000,0x0000000773f80000)
 ParOldGen       total 123392K, used 41867K [0x00000006c1c00000, 0x00000006c9480000, 0x000000076b400000)
  object space 123392K, 33% used [0x00000006c1c00000,0x00000006c44e2f18,0x00000006c9480000)
 Metaspace       used 28603K, capacity 29392K, committed 29696K, reserved 1075200K
  class space    used 3256K, capacity 3461K, committed 3584K, reserved 1048576K
}
Event: 12.751 GC heap before
{Heap before GC invocations=10 (full 1):
 PSYoungGen      total 132608K, used 132599K [0x000000076b400000, 0x0000000777f00000, 0x00000007c0000000)
  eden space 111104K, 100% used [0x000000076b400000,0x0000000772080000,0x0000000772080000)
  from space 21504K, 99% used [0x0000000773f80000,0x000000077547dd70,0x0000000775480000)
  to   space 31744K, 0% used [0x0000000772080000,0x0000000772080000,0x0000000773f80000)
 ParOldGen       total 123392K, used 41872K [0x00000006c1c00000, 0x00000006c9480000, 0x000000076b400000)
  object space 123392K, 33% used [0x00000006c1c00000,0x00000006c44e4390,0x00000006c9480000)
 Metaspace       used 30900K, capacity 31830K, committed 32000K, reserved 1077248K
  class space    used 3529K, capacity 3800K, committed 3840K, reserved 1048576K
Event: 12.814 GC heap after
Heap after GC invocations=10 (full 1):
 PSYoungGen      total 142848K, used 31713K [0x000000076b400000, 0x0000000779f00000, 0x00000007c0000000)
  eden space 111104K, 0% used [0x000000076b400000,0x000000076b400000,0x0000000772080000)
  from space 31744K, 99% used [0x0000000772080000,0x0000000773f78610,0x0000000773f80000)
  to   space 41472K, 0% used [0x0000000777680000,0x0000000777680000,0x0000000779f00000)
 ParOldGen       total 123392K, used 55149K [0x00000006c1c00000, 0x00000006c9480000, 0x000000076b400000)
  object space 123392K, 44% used [0x00000006c1c00000,0x00000006c51db488,0x00000006c9480000)
 Metaspace       used 30900K, capacity 31830K, committed 32000K, reserved 1077248K
  class space    used 3529K, capacity 3800K, committed 3840K, reserved 1048576K
}
Event: 13.369 GC heap before
{Heap before GC invocations=11 (full 1):
 PSYoungGen      total 142848K, used 58468K [0x000000076b400000, 0x0000000779f00000, 0x00000007c0000000)
  eden space 111104K, 24% used [0x000000076b400000,0x000000076ce20b08,0x0000000772080000)
  from space 31744K, 99% used [0x0000000772080000,0x0000000773f78610,0x0000000773f80000)
  to   space 41472K, 0% used [0x0000000777680000,0x0000000777680000,0x0000000779f00000)
 ParOldGen       total 123392K, used 55149K [0x00000006c1c00000, 0x00000006c9480000, 0x000000076b400000)
  object space 123392K, 44% used [0x00000006c1c00000,0x00000006c51db488,0x00000006c9480000)
 Metaspace       used 34136K, capacity 35320K, committed 35496K, reserved 1081344K
  class space    used 4025K, capacity 4325K, committed 4352K, reserved 1048576K
Event: 13.394 GC heap after
Heap after GC invocations=11 (full 1):
 PSYoungGen      total 199168K, used 8541K [0x000000076b400000, 0x0000000779f80000, 0x00000007c0000000)
  eden space 157696K, 0% used [0x000000076b400000,0x000000076b400000,0x0000000774e00000)
  from space 41472K, 20% used [0x0000000777680000,0x0000000777ed74b0,0x0000000779f00000)
  to   space 41472K, 0% used [0x0000000774e00000,0x0000000774e00000,0x0000000777680000)
 ParOldGen       total 123392K, used 67851K [0x00000006c1c00000, 0x00000006c9480000, 0x000000076b400000)
  object space 123392K, 54% used [0x00000006c1c00000,0x00000006c5e42d10,0x00000006c9480000)
 Metaspace       used 34136K, capacity 35320K, committed 35496K, reserved 1081344K
  class space    used 4025K, capacity 4325K, committed 4352K, reserved 1048576K
}
Event: 13.394 GC heap before
{Heap before GC invocations=12 (full 2):
 PSYoungGen      total 199168K, used 8541K [0x000000076b400000, 0x0000000779f80000, 0x00000007c0000000)
  eden space 157696K, 0% used [0x000000076b400000,0x000000076b400000,0x0000000774e00000)
  from space 41472K, 20% used [0x0000000777680000,0x0000000777ed74b0,0x0000000779f00000)
  to   space 41472K, 0% used [0x0000000774e00000,0x0000000774e00000,0x0000000777680000)
 ParOldGen       total 123392K, used 67851K [0x00000006c1c00000, 0x00000006c9480000, 0x000000076b400000)
  object space 123392K, 54% used [0x00000006c1c00000,0x00000006c5e42d10,0x00000006c9480000)
 Metaspace       used 34136K, capacity 35320K, committed 35496K, reserved 1081344K
  class space    used 4025K, capacity 4325K, committed 4352K, reserved 1048576K
Event: 13.470 GC heap after
Heap after GC invocations=12 (full 2):
 PSYoungGen      total 199168K, used 0K [0x000000076b400000, 0x0000000779f80000, 0x00000007c0000000)
  eden space 157696K, 0% used [0x000000076b400000,0x000000076b400000,0x0000000774e00000)
  from space 41472K, 0% used [0x0000000777680000,0x0000000777680000,0x0000000779f00000)
  to   space 41472K, 0% used [0x0000000774e00000,0x0000000774e00000,0x0000000777680000)
 ParOldGen       total 182784K, used 30141K [0x00000006c1c00000, 0x00000006cce80000, 0x000000076b400000)
  object space 182784K, 16% used [0x00000006c1c00000,0x00000006c396f740,0x00000006cce80000)
 Metaspace       used 34136K, capacity 35320K, committed 35496K, reserved 1081344K
  class space    used 4025K, capacity 4325K, committed 4352K, reserved 1048576K
}

Deoptimization events (10 events):
Event: 28.545 Thread 0x00000000205ed800 Uncommon trap: reason=unstable_if action=reinterpret pc=0x00000000036b52e0 method=java.util.ArrayList.remove(Ljava/lang/Object;)Z @ 59
Event: 28.801 Thread 0x000000002971c000 Uncommon trap: reason=speculate_class_check action=maybe_recompile pc=0x0000000004408c84 method=java.util.AbstractList.listIterator()Ljava/util/ListIterator; @ 2
Event: 31.127 Thread 0x0000000024225800 Uncommon trap: reason=class_check action=maybe_recompile pc=0x0000000003a98014 method=java.util.Collections$UnmodifiableMap.entrySet()Ljava/util/Set; @ 16
Event: 31.127 Thread 0x0000000024225800 Uncommon trap: reason=class_check action=maybe_recompile pc=0x00000000035729f4 method=java.util.Collections$UnmodifiableMap$UnmodifiableEntrySet$1.next()Ljava/util/Map$Entry; @ 8
Event: 31.127 Thread 0x0000000024225800 Uncommon trap: reason=class_check action=maybe_recompile pc=0x0000000003541a08 method=java.util.Collections$UnmodifiableMap$UnmodifiableEntrySet$UnmodifiableEntry.getKey()Ljava/lang/Object; @ 4
Event: 31.127 Thread 0x0000000024225800 Uncommon trap: reason=class_check action=maybe_recompile pc=0x0000000003575148 method=java.util.Collections$UnmodifiableMap$UnmodifiableEntrySet$UnmodifiableEntry.getValue()Ljava/lang/Object; @ 4
Event: 31.143 Thread 0x0000000024225800 Uncommon trap: reason=speculate_class_check action=maybe_recompile pc=0x0000000004408c84 method=java.util.AbstractList.listIterator()Ljava/util/ListIterator; @ 2
Event: 33.456 Thread 0x0000000021c53800 Uncommon trap: reason=class_check action=maybe_recompile pc=0x00000000035729f4 method=java.util.Collections$UnmodifiableMap$UnmodifiableEntrySet$1.next()Ljava/util/Map$Entry; @ 8
Event: 33.456 Thread 0x0000000021c53800 Uncommon trap: reason=class_check action=maybe_recompile pc=0x0000000003541a08 method=java.util.Collections$UnmodifiableMap$UnmodifiableEntrySet$UnmodifiableEntry.getKey()Ljava/lang/Object; @ 4
Event: 33.456 Thread 0x0000000021c53800 Uncommon trap: reason=class_check action=maybe_recompile pc=0x0000000003575148 method=java.util.Collections$UnmodifiableMap$UnmodifiableEntrySet$UnmodifiableEntry.getValue()Ljava/lang/Object; @ 4

Classes redefined (0 events):
No events

Internal exceptions (10 events):
Event: 10.446 Thread 0x0000000002d52800 Exception <a 'java/lang/ClassNotFoundException': sun/net/www/protocol/c/Handler> (0x000000076ef51a48) thrown at [C:\re\workspace\8-2-build-windows-amd64-cygwin\jdk8u181\11358\hotspot\src\share\vm\classfile\systemDictionary.cpp, line 210]
Event: 10.446 Thread 0x0000000002d52800 Exception <a 'java/lang/ClassNotFoundException': sun/net/www/protocol/c/Handler> (0x000000076ef53fb8) thrown at [C:\re\workspace\8-2-build-windows-amd64-cygwin\jdk8u181\11358\hotspot\src\share\vm\classfile\systemDictionary.cpp, line 210]
Event: 10.447 Thread 0x0000000002d52800 Exception <a 'java/lang/ClassNotFoundException': sun/net/www/protocol/c/Handler> (0x000000076ef564f0) thrown at [C:\re\workspace\8-2-build-windows-amd64-cygwin\jdk8u181\11358\hotspot\src\share\vm\classfile\systemDictionary.cpp, line 210]
Event: 10.543 Thread 0x000000001f656000 Implicit null exception at 0x0000000003b8c899 to 0x0000000003b8d07d
Event: 10.543 Thread 0x0000000021c53800 Implicit null exception at 0x0000000003b8c899 to 0x0000000003b8d07d
Event: 10.543 Thread 0x0000000022d31000 Implicit null exception at 0x0000000003b8c899 to 0x0000000003b8d07d
Event: 12.681 Thread 0x0000000002d52800 Exception <a 'java/lang/NoSuchFieldError': method resolution failed> (0x0000000771e15f60) thrown at [C:\re\workspace\8-2-build-windows-amd64-cygwin\jdk8u181\11358\hotspot\src\share\vm\prims\methodHandles.cpp, line 1167]
Event: 12.684 Thread 0x0000000002d52800 Exception <a 'java/lang/NoSuchFieldError': method resolution failed> (0x0000000771e239f0) thrown at [C:\re\workspace\8-2-build-windows-amd64-cygwin\jdk8u181\11358\hotspot\src\share\vm\prims\methodHandles.cpp, line 1167]
Event: 13.669 Thread 0x0000000002d52800 Exception <a 'java/lang/NoSuchMethodError': java.lang.Object.lambda$and$0(Ljava/util/function/Predicate;Ljava/lang/Object;)Z> (0x000000076c0fc378) thrown at [C:\re\workspace\8-2-build-windows-amd64-cygwin\jdk8u181\11358\hotspot\src\share\vm\interpreter\li
Event: 13.746 Thread 0x0000000002d52800 Exception <a 'java/lang/NoSuchMethodError': java.lang.Object.lambda$comparingInt$7b0bb60$1(Ljava/util/function/ToIntFunction;Ljava/lang/Object;Ljava/lang/Object;)I> (0x000000076c479eb0) thrown at [C:\re\workspace\8-2-build-windows-amd64-cygwin\jdk8u181\11

Events (10 events):
Event: 31.143 Thread 0x0000000024225800 DEOPT UNPACKING pc=0x0000000002e9583b sp=0x00000000268cdb78 mode 2
Event: 33.456 Thread 0x0000000021c53800 Uncommon trap: trap_request=0xffffffde fr.pc=0x00000000035729f4
Event: 33.456 Thread 0x0000000021c53800 DEOPT PACKING pc=0x00000000035729f4 sp=0x00000000266cd1f0
Event: 33.456 Thread 0x0000000021c53800 DEOPT UNPACKING pc=0x0000000002e9583b sp=0x00000000266cd138 mode 2
Event: 33.456 Thread 0x0000000021c53800 Uncommon trap: trap_request=0xffffffde fr.pc=0x0000000003541a08
Event: 33.456 Thread 0x0000000021c53800 DEOPT PACKING pc=0x0000000003541a08 sp=0x00000000266cd210
Event: 33.456 Thread 0x0000000021c53800 DEOPT UNPACKING pc=0x0000000002e9583b sp=0x00000000266cd1a0 mode 2
Event: 33.456 Thread 0x0000000021c53800 Uncommon trap: trap_request=0xffffffde fr.pc=0x0000000003575148
Event: 33.456 Thread 0x0000000021c53800 DEOPT PACKING pc=0x0000000003575148 sp=0x00000000266cd210
Event: 33.456 Thread 0x0000000021c53800 DEOPT UNPACKING pc=0x0000000002e9583b sp=0x00000000266cd1a0 mode 2


Dynamic libraries:
0x00007ff77a250000 - 0x00007ff77a287000 	C:\Program Files\Java\jdk1.8.0_181\bin\java.exe
0x00007ff8234d0000 - 0x00007ff8236b1000 	C:\WINDOWS\SYSTEM32\ntdll.dll
0x00007ff823160000 - 0x00007ff823212000 	C:\WINDOWS\System32\KERNEL32.DLL
0x00007ff81faa0000 - 0x00007ff81fd13000 	C:\WINDOWS\System32\KERNELBASE.dll
0x00007ff8227b0000 - 0x00007ff822851000 	C:\WINDOWS\System32\ADVAPI32.dll
0x00007ff822710000 - 0x00007ff8227ae000 	C:\WINDOWS\System32\msvcrt.dll
0x00007ff822580000 - 0x00007ff8225db000 	C:\WINDOWS\System32\sechost.dll
0x00007ff8225e0000 - 0x00007ff822704000 	C:\WINDOWS\System32\RPCRT4.dll
0x00007ff823220000 - 0x00007ff8233b0000 	C:\WINDOWS\System32\USER32.dll
0x00007ff81fd70000 - 0x00007ff81fd90000 	C:\WINDOWS\System32\win32u.dll
0x00007ff822550000 - 0x00007ff822578000 	C:\WINDOWS\System32\GDI32.dll
0x00007ff820690000 - 0x00007ff820822000 	C:\WINDOWS\System32\gdi32full.dll
0x00007ff81f900000 - 0x00007ff81f99f000 	C:\WINDOWS\System32\msvcp_win.dll
0x00007ff81f9a0000 - 0x00007ff81fa9a000 	C:\WINDOWS\System32\ucrtbase.dll
0x00007ff8168f0000 - 0x00007ff816b59000 	C:\WINDOWS\WinSxS\amd64_microsoft.windows.common-controls_6595b64144ccf1df_6.0.17134.407_none_fb449d63306391e9\COMCTL32.dll
0x00007ff822020000 - 0x00007ff822342000 	C:\WINDOWS\System32\combase.dll
0x00007ff820830000 - 0x00007ff8208aa000 	C:\WINDOWS\System32\bcryptPrimitives.dll
0x00007ff822f00000 - 0x00007ff822f2d000 	C:\WINDOWS\System32\IMM32.DLL
0x0000000052370000 - 0x0000000052442000 	C:\Program Files\Java\jdk1.8.0_181\jre\bin\msvcr100.dll
0x0000000052830000 - 0x00000000530d2000 	C:\Program Files\Java\jdk1.8.0_181\jre\bin\server\jvm.dll
0x00007ff822860000 - 0x00007ff822868000 	C:\WINDOWS\System32\PSAPI.DLL
0x00007ff81c680000 - 0x00007ff81c6a3000 	C:\WINDOWS\SYSTEM32\WINMM.dll
0x00007ff81bb00000 - 0x00007ff81bb0a000 	C:\WINDOWS\SYSTEM32\VERSION.dll
0x00007ff816720000 - 0x00007ff816729000 	C:\WINDOWS\SYSTEM32\WSOCK32.dll
0x00007ff823430000 - 0x00007ff82349c000 	C:\WINDOWS\System32\WS2_32.dll
0x00007ff81c650000 - 0x00007ff81c67a000 	C:\WINDOWS\SYSTEM32\winmmbase.dll
0x00007ff81fd20000 - 0x00007ff81fd69000 	C:\WINDOWS\System32\cfgmgr32.dll
0x0000000053ec0000 - 0x0000000053ecf000 	C:\Program Files\Java\jdk1.8.0_181\jre\bin\verify.dll
0x0000000053e90000 - 0x0000000053eb9000 	C:\Program Files\Java\jdk1.8.0_181\jre\bin\java.dll
0x0000000053e70000 - 0x0000000053e86000 	C:\Program Files\Java\jdk1.8.0_181\jre\bin\zip.dll
0x00007ff820960000 - 0x00007ff821d9f000 	C:\WINDOWS\System32\SHELL32.dll
0x00007ff822870000 - 0x00007ff822919000 	C:\WINDOWS\System32\shcore.dll
0x00007ff81fd90000 - 0x00007ff82049d000 	C:\WINDOWS\System32\windows.storage.dll
0x00007ff821fb0000 - 0x00007ff822001000 	C:\WINDOWS\System32\shlwapi.dll
0x00007ff81f820000 - 0x00007ff81f831000 	C:\WINDOWS\System32\kernel.appcore.dll
0x00007ff81f800000 - 0x00007ff81f81f000 	C:\WINDOWS\System32\profapi.dll
0x00007ff81f850000 - 0x00007ff81f89c000 	C:\WINDOWS\System32\powrprof.dll
0x00007ff81f840000 - 0x00007ff81f84a000 	C:\WINDOWS\System32\FLTLIB.DLL
0x00007ff8168a0000 - 0x00007ff8168aa000 	D:\Programmi\apache-maven-3.6.0-bin\apache-maven-3.6.0\lib\jansi-native\windows64\jansi.dll
0x00000000533d0000 - 0x00000000533ea000 	C:\Program Files\Java\jdk1.8.0_181\jre\bin\net.dll
0x00007ff81f050000 - 0x00007ff81f0b6000 	C:\WINDOWS\system32\mswsock.dll
0x0000000052810000 - 0x0000000052821000 	C:\Program Files\Java\jdk1.8.0_181\jre\bin\nio.dll
0x0000000052760000 - 0x000000005276d000 	C:\Program Files\Java\jdk1.8.0_181\jre\bin\management.dll
0x00007ff81f220000 - 0x00007ff81f237000 	C:\WINDOWS\SYSTEM32\CRYPTSP.dll
0x00007ff81ec40000 - 0x00007ff81ec73000 	C:\WINDOWS\system32\rsaenh.dll
0x00007ff81f340000 - 0x00007ff81f365000 	C:\WINDOWS\SYSTEM32\bcrypt.dll
0x00007ff81f710000 - 0x00007ff81f738000 	C:\WINDOWS\SYSTEM32\USERENV.dll
0x00007ff81f210000 - 0x00007ff81f21b000 	C:\WINDOWS\SYSTEM32\CRYPTBASE.dll
0x00007ff81ede0000 - 0x00007ff81ee18000 	C:\WINDOWS\SYSTEM32\IPHLPAPI.DLL
0x00007ff822010000 - 0x00007ff822018000 	C:\WINDOWS\System32\NSI.dll
0x00007ff818110000 - 0x00007ff818126000 	C:\WINDOWS\SYSTEM32\dhcpcsvc6.DLL
0x00007ff8172d0000 - 0x00007ff8172ea000 	C:\WINDOWS\SYSTEM32\dhcpcsvc.DLL
0x00007ff816770000 - 0x00007ff8167a7000 	D:\github\plathea\jaxrs-jersey-server-generated\src\main\java\io\core\InterfaceJNI_DLL.dll
0x00007ffff9650000 - 0x00007ffff9671000 	C:\WINDOWS\SYSTEM32\VCRUNTIME140D.dll
0x00007fffd4140000 - 0x00007fffd42fd000 	C:\WINDOWS\SYSTEM32\ucrtbased.dll
0x00007fffe7a50000 - 0x00007fffe7b44000 	C:\WINDOWS\SYSTEM32\MSVCP140D.dll
0x00007fffafcf0000 - 0x00007fffb00ca000 	D:\github\plathea\jaxrs-jersey-server-generated\PlatheaDLL.dll
0x00007ff822d70000 - 0x00007ff822e5d000 	C:\WINDOWS\System32\COMDLG32.dll
0x00007ff823000000 - 0x00007ff823151000 	C:\WINDOWS\System32\ole32.dll
0x00007fffe4460000 - 0x00007fffe4568000 	D:\github\plathea\jaxrs-jersey-server-generated\opencv_video310d.dll
0x00007fffb9370000 - 0x00007fffb951c000 	D:\github\plathea\jaxrs-jersey-server-generated\opencv_ml310d.dll
0x00007fffae620000 - 0x00007fffaf5be000 	D:\github\plathea\jaxrs-jersey-server-generated\opencv_core310d.dll
0x00007fffefef0000 - 0x00007fffeff56000 	D:\github\plathea\jaxrs-jersey-server-generated\opencv_highgui310d.dll
0x00007fffae240000 - 0x00007fffae614000 	D:\github\plathea\jaxrs-jersey-server-generated\opencv_calib3d310d.dll
0x00007fffa97c0000 - 0x00007fffab98b000 	D:\github\plathea\jaxrs-jersey-server-generated\opencv_imgproc310d.dll
0x00007fffb8f90000 - 0x00007fffb9124000 	D:\github\plathea\jaxrs-jersey-server-generated\opencv_objdetect310d.dll
0x00007fffdede0000 - 0x00007fffdee96000 	C:\WINDOWS\SYSTEM32\CONCRT140D.dll
0x00007fffd3fe0000 - 0x00007fffd4092000 	D:\github\plathea\jaxrs-jersey-server-generated\opencv_videoio310d.dll
0x00007ff822f30000 - 0x00007ff822ff2000 	C:\WINDOWS\System32\OLEAUT32.dll
0x00007fffad270000 - 0x00007fffad7ce000 	D:\github\plathea\jaxrs-jersey-server-generated\opencv_imgcodecs310d.dll
0x00007fffb08b0000 - 0x00007fffb0ad5000 	D:\github\plathea\jaxrs-jersey-server-generated\opencv_features2d310d.dll
0x00007ffff2430000 - 0x00007ffff2459000 	C:\WINDOWS\SYSTEM32\MSVFW32.dll
0x00007ff8077b0000 - 0x00007ff8077cf000 	C:\WINDOWS\SYSTEM32\AVIFIL32.dll
0x00007ffff0f20000 - 0x00007ffff0f38000 	C:\WINDOWS\SYSTEM32\AVICAP32.dll
0x00007ffff9090000 - 0x00007ffff90ac000 	C:\WINDOWS\SYSTEM32\MSACM32.dll
0x00007fffb7440000 - 0x00007fffb75bd000 	D:\github\plathea\jaxrs-jersey-server-generated\opencv_flann310d.dll
0x00007fffd3a20000 - 0x00007fffd3aa5000 	C:\WINDOWS\SYSTEM32\OpenCL.dll
0x00007fffa31e0000 - 0x00007fffa480d000 	C:\WINDOWS\System32\nvopencl.dll
0x00007ff822920000 - 0x00007ff822d6b000 	C:\WINDOWS\System32\SETUPAPI.dll
0x00007fffba480000 - 0x00007fffba59f000 	C:\WINDOWS\SYSTEM32\nvfatbinaryLoader.dll
0x00007ff81dce0000 - 0x00007ff81dd78000 	C:\WINDOWS\system32\uxtheme.dll
0x00007ff81f5f0000 - 0x00007ff81f617000 	C:\WINDOWS\SYSTEM32\DEVOBJ.dll
0x00007ff81f8a0000 - 0x00007ff81f8f7000 	C:\WINDOWS\System32\WINTRUST.dll
0x00007ff81f7e0000 - 0x00007ff81f7f2000 	C:\WINDOWS\System32\MSASN1.dll
0x00007ff8204a0000 - 0x00007ff820682000 	C:\WINDOWS\System32\CRYPT32.dll
0x00007ff816de0000 - 0x00007ff817260000 	C:\WINDOWS\system32\nvapi64.dll
0x00007ff81e5a0000 - 0x00007ff81e65b000 	C:\WINDOWS\SYSTEM32\dxgi.dll
0x00007fffec070000 - 0x00007fffec0d2000 	C:\WINDOWS\SYSTEM32\IntelOpenCL64.dll
0x00007fffb8e90000 - 0x00007fffb8f8d000 	C:\Program Files (x86)\Common Files\Intel\OpenCL\bin\x64\intelocl64.dll
0x00007ffffc6e0000 - 0x00007ffffc800000 	C:\WINDOWS\SYSTEM32\OPENGL32.dll
0x00007fffdd060000 - 0x00007fffdd0d6000 	C:\Program Files (x86)\Common Files\Intel\OpenCL\bin\x64\task_executor64.dll
0x00007ffffc650000 - 0x00007ffffc67c000 	C:\WINDOWS\SYSTEM32\GLU32.dll
0x00007ff81e8d0000 - 0x00007ff81e901000 	C:\WINDOWS\SYSTEM32\ntmarta.dll
0x00007fffd3980000 - 0x00007fffd3a15000 	C:\Program Files (x86)\Common Files\Intel\OpenCL\bin\x64\cpu_device64.dll
0x00007fffe79e0000 - 0x00007fffe7a49000 	C:\Program Files (x86)\Common Files\Intel\OpenCL\bin\x64\tbb\tbb.dll
0x00007fffae040000 - 0x00007fffae234000 	C:\WINDOWS\SYSTEM32\igdrcl64.dll
0x00007fffa1bf0000 - 0x00007fffa31d2000 	C:\WINDOWS\SYSTEM32\igdfcl64.dll
0x00007ff811490000 - 0x00007ff811659000 	C:\WINDOWS\SYSTEM32\dbghelp.dll
0x00007fffecd60000 - 0x00007fffecdbf000 	C:\WINDOWS\SYSTEM32\igdbcl64.dll
0x00007ff818e00000 - 0x00007ff819264000 	C:\WINDOWS\SYSTEM32\igdusc64.dll
0x0000000066840000 - 0x0000000067b0b000 	D:\github\plathea\jaxrs-jersey-server-generated\opencv_ffmpeg310_64.dll

VM Arguments:
jvm_args: -Dclassworlds.conf=D:\Programmi\apache-maven-3.6.0-bin\apache-maven-3.6.0\bin\..\bin\m2.conf -Dmaven.home=D:\Programmi\apache-maven-3.6.0-bin\apache-maven-3.6.0\bin\.. -Dlibrary.jansi.path=D:\Programmi\apache-maven-3.6.0-bin\apache-maven-3.6.0\bin\..\lib\jansi-native -Dmaven.multiModuleProjectDirectory=D:\github\plathea\jaxrs-jersey-server-generated 
java_command: org.codehaus.plexus.classworlds.launcher.Launcher clean package jetty:run
java_class_path (initial): D:\Programmi\apache-maven-3.6.0-bin\apache-maven-3.6.0\bin\..\boot\plexus-classworlds-2.5.2.jar
Launcher Type: SUN_STANDARD

Environment Variables:
JAVA_HOME=C:\Program Files\Java\jdk1.8.0_181
PATH=C:\Program Files (x86)\Common Files\Oracle\Java\javapath;C:\Users\jack1\Desktop\plathea-code-22-trunk\plathea-code-22-trunk\opencv-master\build\install_release\x64\vc12\bin;C:\WINDOWS\system32;C:\WINDOWS;C:\WINDOWS\System32\Wbem;C:\WINDOWS\System32\WindowsPowerShell\v1.0\;C:\Program Files\Git\cmd;C:\Program Files\nodejs\;C:\Program Files\PuTTY\;C:\Users\jack1\AppData\Local\Microsoft\WindowsApps;C:\Users\jack1\AppData\Roaming\npm;C:\Users\jack1\AppData\Local\atom\bin;C:\adb;C:\WINDOWS\system32;C:\WINDOWS;C:\WINDOWS\System32\Wbem;C:\WINDOWS\System32\WindowsPowerShell\v1.0\;C:\WINDOWS\System32\OpenSSH\;C:\Users\jack1\Desktop\plathea-code-22-trunk\plathea-code-22-trunk\opencv-master\build\install_debug\x64\vc12\bin;C:\Users\jack1\AppData\Local\Microsoft\WindowsApps;C:\Users\jack1\AppData\Roaming\npm;C:\Users\jack1\AppData\Local\atom\bin;C:\Users\jack1\AppData\Local\Microsoft\WindowsApps;C:\Program Files\LLVM\bin;C:\ProgramData\jack1\atom\bin;C:\Program Files\Java\jdk1.8.0_181\bin;C:\Program Files\mingw-w64\x86_64-8.1.0-win32-seh-rt_v6-rev0\mingw64\bin;D:\Programmi\apache-maven-3.6.0-bin\apache-maven-3.6.0\bin;D:\github\plathea\LeoStormLibrary\LeoStormWindowsLib;D:\github\plathea\jaxrs-jersey-server-generated;
USERNAME=jack1
OS=Windows_NT
PROCESSOR_IDENTIFIER=Intel64 Family 6 Model 58 Stepping 9, GenuineIntel



---------------  S Y S T E M  ---------------

OS: Windows 10.0 , 64 bit Build 17134 (10.0.17134.1)

CPU:total 8 (initial active 8) (4 cores per cpu, 2 threads per core) family 6 model 58 stepping 9, cmov, cx8, fxsr, mmx, sse, sse2, sse3, ssse3, sse4.1, sse4.2, popcnt, avx, aes, clmul, erms, ht, tsc, tscinvbit, tscinv

Memory: 4k page, physical 16659944k(6746288k free), swap 19150312k(4979116k free)

vm_info: Java HotSpot(TM) 64-Bit Server VM (25.181-b13) for windows-amd64 JRE (1.8.0_181-b13), built on Jul  7 2018 04:01:33 by "java_re" with MS VC++ 10.0 (VS2010)

time: Sat Dec 08 20:05:42 2018
elapsed time: 57 seconds (0d 0h 0m 57s)

