#
# A fatal error has been detected by the Java Runtime Environment:
#
#  EXCEPTION_ACCESS_VIOLATION (0xc0000005) at pc=0x0000000052a44917, pid=19128, tid=0x00000000000040c8
#
# JRE version: Java(TM) SE Runtime Environment (8.0_181-b13) (build 1.8.0_181-b13)
# Java VM: Java HotSpot(TM) 64-Bit Server VM (25.181-b13 mixed mode windows-amd64 compressed oops)
# Problematic frame:
# V  [jvm.dll+0x214917]
#
# Failed to write core dump. Minidumps are not enabled by default on client versions of Windows
#
# If you would like to submit a bug report, please visit:
#   http://bugreport.java.com/bugreport/crash.jsp
#

---------------  T H R E A D  ---------------

Current thread (0x00000000209d1000):  JavaThread "qtp217590872-22" [_thread_in_Java, id=16584, stack(0x0000000026ec0000,0x0000000026fc0000)]

siginfo: ExceptionCode=0xc0000005, reading address 0x00000000ffffffff

Registers:
RAX=0x00000000ffffffff, RBX=0x00000000314b1ac0, RCX=0x0000000026fbca40, RDX=0x0000000000000001
RSP=0x0000000026fbc778, RBP=0x0000000026fbc880, RSI=0x00000000209d1000, RDI=0x00000000ffffffff
R8 =0x0000000000000001, R9 =0x0000000026fbca48, R10=0x0000000003200827, R11=0x0000000000000006
R12=0x00000000241feb40, R13=0x00000000209d1000, R14=0x0000000026fbc818, R15=0x00000000314b1ac0
RIP=0x0000000052a44917, EFLAGS=0x0000000000010206

Top of Stack: (sp=0x0000000026fbc778)
0x0000000026fbc778:   0000000052a45805 00000000314b1ac0
0x0000000026fbc788:   0000000026fbc880 0000000022fac2d8
0x0000000026fbc798:   00000000209d1000 00000000209d1000
0x0000000026fbc7a8:   0000000052a678fd 0000000026fbc920
0x0000000026fbc7b8:   00000000314b19c0 00000000314b1ac0
0x0000000026fbc7c8:   00000000209d1000 0000000003213be0
0x0000000026fbc7d8:   0000000052a671b6 0000000026fbc8e0
0x0000000026fbc7e8:   0000000021bcd880 00008f064e64ab5b
0x0000000026fbc7f8:   0000000022fac308 0000000000000000
0x0000000026fbc808:   00000000314b1ac0 00000000209d1000
0x0000000026fbc818:   0000000022fac2d8 00000000314b1ac0
0x0000000026fbc828:   00000000209d1000 0000000026fbcb58
0x0000000026fbc838:   cccccccccccccccc 00000000209d1000
0x0000000026fbc848:   000000002354aa70 00000000314b1ac0
0x0000000026fbc858:   000000076e4cd280 0000000026fbd150
0x0000000026fbc868:   0000000003218c3b 0000000026fbd1c0 

Instructions: (pc=0x0000000052a44917)
0x0000000052a448f7:   68 7e 30 66 0f 1f 44 00 00 48 8b 41 60 80 3c 02
0x0000000052a44907:   00 74 14 4c 8b 49 58 49 8b 04 d1 48 85 c0 74 03
0x0000000052a44917:   48 8b 00 49 89 04 d1 41 ff c0 48 ff c2 44 3b 41
0x0000000052a44927:   68 7c d6 48 8b 41 58 c3 cc 40 53 48 83 ec 20 80 


Register to memory mapping:

RAX=0x00000000ffffffff is an unknown value
RBX={method} {0x00000000314b1ac8} '<init>' '(Lio/core/InterfaceJNI;IIII)V' in 'io/core/InterfaceJNI$TrackedPerson'
RCX=0x0000000026fbca40 is pointing into the stack for thread: 0x00000000209d1000
RDX=0x0000000000000001 is an unknown value
RSP=0x0000000026fbc778 is pointing into the stack for thread: 0x00000000209d1000
RBP=0x0000000026fbc880 is pointing into the stack for thread: 0x00000000209d1000
RSI=0x00000000209d1000 is a thread
RDI=0x00000000ffffffff is an unknown value
R8 =0x0000000000000001 is an unknown value
R9 =0x0000000026fbca48 is pointing into the stack for thread: 0x00000000209d1000
R10=0x0000000003200827 is at begin+0 in a stub
StubRoutines::call_stub [0x0000000003200827, 0x000000000320098b[ (356 bytes)
R11=0x0000000000000006 is an unknown value
R12=0x00000000241feb40 is an unknown value
R13=0x00000000209d1000 is a thread
R14=0x0000000026fbc818 is pointing into the stack for thread: 0x00000000209d1000
R15={method} {0x00000000314b1ac8} '<init>' '(Lio/core/InterfaceJNI;IIII)V' in 'io/core/InterfaceJNI$TrackedPerson'


Stack: [0x0000000026ec0000,0x0000000026fc0000],  sp=0x0000000026fbc778,  free space=1009k
Native frames: (J=compiled Java code, j=interpreted, Vv=VM code, C=native code)
V  [jvm.dll+0x214917]


---------------  P R O C E S S  ---------------

Java Threads: ( => current thread )
  0x0000000022cad000 JavaThread "Scheduler-2119860224" [_thread_blocked, id=17816, stack(0x0000000031080000,0x0000000031180000)]
  0x000000002e29e800 JavaThread "org.eclipse.jetty.server.session.HashSessionManager@1f9a5d3bTimer" daemon [_thread_blocked, id=24112, stack(0x0000000030240000,0x0000000030340000)]
  0x000000002807d800 JavaThread "qtp217590872-25-acceptor-0@46013b38-ServerConnector@4f1150f5{HTTP/1.1}{0.0.0.0:8080}" [_thread_in_native, id=24432, stack(0x000000002a260000,0x000000002a360000)]
  0x00000000231f1000 JavaThread "qtp217590872-24" [_thread_blocked, id=20396, stack(0x00000000271f0000,0x00000000272f0000)]
=>0x00000000209d1000 JavaThread "qtp217590872-22" [_thread_in_Java, id=16584, stack(0x0000000026ec0000,0x0000000026fc0000)]
  0x000000001fa02000 JavaThread "qtp217590872-21" [_thread_blocked, id=2888, stack(0x0000000026dc0000,0x0000000026ec0000)]
  0x0000000023027800 JavaThread "qtp217590872-20-selector-ServerConnectorManager@124d6799/3" [_thread_in_native, id=18244, stack(0x0000000026cc0000,0x0000000026dc0000)]
  0x0000000021d1e000 JavaThread "qtp217590872-19-selector-ServerConnectorManager@124d6799/2" [_thread_in_native, id=16968, stack(0x0000000026bc0000,0x0000000026cc0000)]
  0x0000000023264800 JavaThread "qtp217590872-18" [_thread_blocked, id=9624, stack(0x0000000026ac0000,0x0000000026bc0000)]
  0x0000000023649800 JavaThread "qtp217590872-17" [_thread_blocked, id=18936, stack(0x00000000269c0000,0x0000000026ac0000)]
  0x00000000229ce000 JavaThread "qtp217590872-16-selector-ServerConnectorManager@124d6799/1" [_thread_in_native, id=11164, stack(0x00000000268c0000,0x00000000269c0000)]
  0x0000000020ffe000 JavaThread "qtp217590872-15-selector-ServerConnectorManager@124d6799/0" [_thread_in_native, id=3012, stack(0x00000000267c0000,0x00000000268c0000)]
  0x00000000201a6800 JavaThread "ShutdownMonitor" daemon [_thread_in_native, id=23396, stack(0x00000000266c0000,0x00000000267c0000)]
  0x000000001ebcb800 JavaThread "Service Thread" daemon [_thread_blocked, id=23664, stack(0x000000001f720000,0x000000001f820000)]
  0x000000001eb47000 JavaThread "C1 CompilerThread3" daemon [_thread_blocked, id=16888, stack(0x000000001f620000,0x000000001f720000)]
  0x000000001eb3c000 JavaThread "C2 CompilerThread2" daemon [_thread_blocked, id=21916, stack(0x000000001f520000,0x000000001f620000)]
  0x000000001eb3b000 JavaThread "C2 CompilerThread1" daemon [_thread_blocked, id=6664, stack(0x000000001f420000,0x000000001f520000)]
  0x000000001eb39000 JavaThread "C2 CompilerThread0" daemon [_thread_blocked, id=23404, stack(0x000000001f320000,0x000000001f420000)]
  0x000000001eb45800 JavaThread "Attach Listener" daemon [_thread_blocked, id=21012, stack(0x000000001f220000,0x000000001f320000)]
  0x000000001eb44000 JavaThread "Signal Dispatcher" daemon [_thread_blocked, id=19000, stack(0x000000001f120000,0x000000001f220000)]
  0x000000001eb30800 JavaThread "Finalizer" daemon [_thread_blocked, id=13460, stack(0x000000001ef10000,0x000000001f010000)]
  0x00000000030f9000 JavaThread "Reference Handler" daemon [_thread_blocked, id=18040, stack(0x000000001ea10000,0x000000001eb10000)]
  0x0000000003002800 JavaThread "main" [_thread_blocked, id=16152, stack(0x0000000002e00000,0x0000000002f00000)]

Other Threads:
  0x000000001cc19800 VMThread [stack: 0x000000001e910000,0x000000001ea10000] [id=21296]
  0x000000001ebf6000 WatcherThread [stack: 0x000000001f820000,0x000000001f920000] [id=21276]

VM state:not at safepoint (normal execution)

VM Mutex/Monitor currently owned by a thread: None

Heap:
 PSYoungGen      total 209920K, used 74120K [0x000000076b400000, 0x000000077aa00000, 0x00000007c0000000)
  eden space 167936K, 44% used [0x000000076b400000,0x000000076fc62308,0x0000000775800000)
  from space 41984K, 0% used [0x0000000778100000,0x0000000778100000,0x000000077aa00000)
  to   space 41984K, 0% used [0x0000000775800000,0x0000000775800000,0x0000000778100000)
 ParOldGen       total 178176K, used 29084K [0x00000006c1c00000, 0x00000006cca00000, 0x000000076b400000)
  object space 178176K, 16% used [0x00000006c1c00000,0x00000006c3867270,0x00000006cca00000)
 Metaspace       used 43134K, capacity 44616K, committed 44672K, reserved 1089536K
  class space    used 5132K, capacity 5492K, committed 5504K, reserved 1048576K

Card table byte_map: [0x00000000125c0000,0x0000000012dc0000] byte_map_base: 0x000000000efb2000

Marking Bits: (ParMarkBitMap*) 0x0000000053052d00
 Begin Bits: [0x0000000013b10000, 0x0000000017aa0000)
 End Bits:   [0x0000000017aa0000, 0x000000001ba30000)

Polling page: 0x0000000001010000

CodeCache: size=245760Kb used=23257Kb max_used=23257Kb free=222502Kb
 bounds [0x0000000003200000, 0x00000000048d0000, 0x0000000012200000]
 total_blobs=6823 nmethods=6330 adapters=405
 compilation: enabled

Compilation events (10 events):
Event: 71.305 Thread 0x000000001eb47000 nmethod 7410 0x00000000033e6e10 code [0x00000000033e6f60, 0x00000000033e7070]
Event: 71.305 Thread 0x000000001eb47000 7411       1       java.util.Collections::emptyIterator (4 bytes)
Event: 71.305 Thread 0x000000001eb47000 nmethod 7411 0x0000000003d61d50 code [0x0000000003d61ea0, 0x0000000003d61f90]
Event: 71.306 Thread 0x000000001eb47000 7412       3       org.glassfish.jersey.message.internal.TracingLogger$1::log (1 bytes)
Event: 71.306 Thread 0x000000001eb47000 nmethod 7412 0x00000000033e6ad0 code [0x00000000033e6c20, 0x00000000033e6d70]
Event: 71.306 Thread 0x000000001eb47000 7413   !   3       org.jvnet.hk2.internal.SystemDescriptor::create (200 bytes)
Event: 71.306 Thread 0x000000001eb3c000 nmethod 7409 0x00000000033e39d0 code [0x00000000033e3b20, 0x00000000033e3c38]
Event: 71.308 Thread 0x000000001eb47000 nmethod 7413 0x00000000033e4010 code [0x00000000033e4360, 0x00000000033e5c98]
Event: 71.308 Thread 0x000000001eb47000 7414       1       org.jvnet.hk2.internal.ServiceLocatorImpl::getNeutralContextClassLoader (5 bytes)
Event: 71.308 Thread 0x000000001eb47000 nmethod 7414 0x00000000033e3710 code [0x00000000033e3860, 0x00000000033e3970]

GC Heap History (10 events):
Event: 8.683 GC heap before
{Heap before GC invocations=8 (full 1):
 PSYoungGen      total 103424K, used 103029K [0x000000076b400000, 0x0000000772a00000, 0x00000007c0000000)
  eden space 89088K, 100% used [0x000000076b400000,0x0000000770b00000,0x0000000770b00000)
  from space 14336K, 97% used [0x0000000771a00000,0x000000077279d530,0x0000000772800000)
  to   space 15360K, 0% used [0x0000000770b00000,0x0000000770b00000,0x0000000771a00000)
 ParOldGen       total 120320K, used 15143K [0x00000006c1c00000, 0x00000006c9180000, 0x000000076b400000)
  object space 120320K, 12% used [0x00000006c1c00000,0x00000006c2ac9e40,0x00000006c9180000)
 Metaspace       used 28564K, capacity 29328K, committed 29696K, reserved 1075200K
  class space    used 3255K, capacity 3461K, committed 3584K, reserved 1048576K
Event: 8.715 GC heap after
Heap after GC invocations=8 (full 1):
 PSYoungGen      total 104448K, used 15353K [0x000000076b400000, 0x0000000775a80000, 0x00000007c0000000)
  eden space 89088K, 0% used [0x000000076b400000,0x000000076b400000,0x0000000770b00000)
  from space 15360K, 99% used [0x0000000770b00000,0x00000007719fe6c8,0x0000000771a00000)
  to   space 20992K, 0% used [0x0000000774600000,0x0000000774600000,0x0000000775a80000)
 ParOldGen       total 120320K, used 24089K [0x00000006c1c00000, 0x00000006c9180000, 0x000000076b400000)
  object space 120320K, 20% used [0x00000006c1c00000,0x00000006c3386440,0x00000006c9180000)
 Metaspace       used 28564K, capacity 29328K, committed 29696K, reserved 1075200K
  class space    used 3255K, capacity 3461K, committed 3584K, reserved 1048576K
}
Event: 9.270 GC heap before
{Heap before GC invocations=9 (full 1):
 PSYoungGen      total 104448K, used 104441K [0x000000076b400000, 0x0000000775a80000, 0x00000007c0000000)
  eden space 89088K, 100% used [0x000000076b400000,0x0000000770b00000,0x0000000770b00000)
  from space 15360K, 99% used [0x0000000770b00000,0x00000007719fe6c8,0x0000000771a00000)
  to   space 20992K, 0% used [0x0000000774600000,0x0000000774600000,0x0000000775a80000)
 ParOldGen       total 120320K, used 24098K [0x00000006c1c00000, 0x00000006c9180000, 0x000000076b400000)
  object space 120320K, 20% used [0x00000006c1c00000,0x00000006c3388be8,0x00000006c9180000)
 Metaspace       used 28583K, capacity 29328K, committed 29696K, reserved 1075200K
  class space    used 3255K, capacity 3461K, committed 3584K, reserved 1048576K
Event: 9.346 GC heap after
Heap after GC invocations=9 (full 1):
 PSYoungGen      total 138240K, used 20991K [0x000000076b400000, 0x0000000778800000, 0x00000007c0000000)
  eden space 117248K, 0% used [0x000000076b400000,0x000000076b400000,0x0000000772680000)
  from space 20992K, 99% used [0x0000000774600000,0x0000000775a7fe08,0x0000000775a80000)
  to   space 32256K, 0% used [0x0000000772680000,0x0000000772680000,0x0000000774600000)
 ParOldGen       total 120320K, used 43385K [0x00000006c1c00000, 0x00000006c9180000, 0x000000076b400000)
  object space 120320K, 36% used [0x00000006c1c00000,0x00000006c465e5f8,0x00000006c9180000)
 Metaspace       used 28583K, capacity 29328K, committed 29696K, reserved 1075200K
  class space    used 3255K, capacity 3461K, committed 3584K, reserved 1048576K
}
Event: 10.577 GC heap before
{Heap before GC invocations=10 (full 1):
 PSYoungGen      total 138240K, used 138239K [0x000000076b400000, 0x0000000778800000, 0x00000007c0000000)
  eden space 117248K, 100% used [0x000000076b400000,0x0000000772680000,0x0000000772680000)
  from space 20992K, 99% used [0x0000000774600000,0x0000000775a7fe08,0x0000000775a80000)
  to   space 32256K, 0% used [0x0000000772680000,0x0000000772680000,0x0000000774600000)
 ParOldGen       total 120320K, used 43392K [0x00000006c1c00000, 0x00000006c9180000, 0x000000076b400000)
  object space 120320K, 36% used [0x00000006c1c00000,0x00000006c46600b8,0x00000006c9180000)
 Metaspace       used 32387K, capacity 33308K, committed 33536K, reserved 1079296K
  class space    used 3749K, capacity 4011K, committed 4096K, reserved 1048576K
Event: 10.630 GC heap after
Heap after GC invocations=10 (full 1):
 PSYoungGen      total 149504K, used 32237K [0x000000076b400000, 0x000000077aa00000, 0x00000007c0000000)
  eden space 117248K, 0% used [0x000000076b400000,0x000000076b400000,0x0000000772680000)
  from space 32256K, 99% used [0x0000000772680000,0x00000007745fb4a0,0x0000000774600000)
  to   space 41984K, 0% used [0x0000000778100000,0x0000000778100000,0x000000077aa00000)
 ParOldGen       total 120320K, used 56773K [0x00000006c1c00000, 0x00000006c9180000, 0x000000076b400000)
  object space 120320K, 47% used [0x00000006c1c00000,0x00000006c5371538,0x00000006c9180000)
 Metaspace       used 32387K, capacity 33308K, committed 33536K, reserved 1079296K
  class space    used 3749K, capacity 4011K, committed 4096K, reserved 1048576K
}
Event: 10.955 GC heap before
{Heap before GC invocations=11 (full 1):
 PSYoungGen      total 149504K, used 49518K [0x000000076b400000, 0x000000077aa00000, 0x00000007c0000000)
  eden space 117248K, 14% used [0x000000076b400000,0x000000076c4e0470,0x0000000772680000)
  from space 32256K, 99% used [0x0000000772680000,0x00000007745fb4a0,0x0000000774600000)
  to   space 41984K, 0% used [0x0000000778100000,0x0000000778100000,0x000000077aa00000)
 ParOldGen       total 120320K, used 56773K [0x00000006c1c00000, 0x00000006c9180000, 0x000000076b400000)
  object space 120320K, 47% used [0x00000006c1c00000,0x00000006c5371538,0x00000006c9180000)
 Metaspace       used 34168K, capacity 35288K, committed 35456K, reserved 1081344K
  class space    used 4037K, capacity 4357K, committed 4480K, reserved 1048576K
Event: 10.970 GC heap after
Heap after GC invocations=11 (full 1):
 PSYoungGen      total 209920K, used 7389K [0x000000076b400000, 0x000000077aa00000, 0x00000007c0000000)
  eden space 167936K, 0% used [0x000000076b400000,0x000000076b400000,0x0000000775800000)
  from space 41984K, 17% used [0x0000000778100000,0x00000007788376e8,0x000000077aa00000)
  to   space 41984K, 0% used [0x0000000775800000,0x0000000775800000,0x0000000778100000)
 ParOldGen       total 120320K, used 69335K [0x00000006c1c00000, 0x00000006c9180000, 0x000000076b400000)
  object space 120320K, 57% used [0x00000006c1c00000,0x00000006c5fb5eb0,0x00000006c9180000)
 Metaspace       used 34168K, capacity 35288K, committed 35456K, reserved 1081344K
  class space    used 4037K, capacity 4357K, committed 4480K, reserved 1048576K
}
Event: 10.970 GC heap before
{Heap before GC invocations=12 (full 2):
 PSYoungGen      total 209920K, used 7389K [0x000000076b400000, 0x000000077aa00000, 0x00000007c0000000)
  eden space 167936K, 0% used [0x000000076b400000,0x000000076b400000,0x0000000775800000)
  from space 41984K, 17% used [0x0000000778100000,0x00000007788376e8,0x000000077aa00000)
  to   space 41984K, 0% used [0x0000000775800000,0x0000000775800000,0x0000000778100000)
 ParOldGen       total 120320K, used 69335K [0x00000006c1c00000, 0x00000006c9180000, 0x000000076b400000)
  object space 120320K, 57% used [0x00000006c1c00000,0x00000006c5fb5eb0,0x00000006c9180000)
 Metaspace       used 34168K, capacity 35288K, committed 35456K, reserved 1081344K
  class space    used 4037K, capacity 4357K, committed 4480K, reserved 1048576K
Event: 11.041 GC heap after
Heap after GC invocations=12 (full 2):
 PSYoungGen      total 209920K, used 0K [0x000000076b400000, 0x000000077aa00000, 0x00000007c0000000)
  eden space 167936K, 0% used [0x000000076b400000,0x000000076b400000,0x0000000775800000)
  from space 41984K, 0% used [0x0000000778100000,0x0000000778100000,0x000000077aa00000)
  to   space 41984K, 0% used [0x0000000775800000,0x0000000775800000,0x0000000778100000)
 ParOldGen       total 178176K, used 29084K [0x00000006c1c00000, 0x00000006cca00000, 0x000000076b400000)
  object space 178176K, 16% used [0x00000006c1c00000,0x00000006c3867270,0x00000006cca00000)
 Metaspace       used 34168K, capacity 35288K, committed 35456K, reserved 1081344K
  class space    used 4037K, capacity 4357K, committed 4480K, reserved 1048576K
}

Deoptimization events (10 events):
Event: 49.161 Thread 0x0000000023649800 Uncommon trap: reason=class_check action=maybe_recompile pc=0x0000000003ea99b4 method=java.lang.StringCoding$StringDecoder.decode([BII)[C @ 30
Event: 49.847 Thread 0x0000000023649800 Uncommon trap: reason=speculate_class_check action=maybe_recompile pc=0x00000000047a8b04 method=java.util.AbstractList.listIterator()Ljava/util/ListIterator; @ 2
Event: 52.018 Thread 0x000000001fa02000 Uncommon trap: reason=class_check action=maybe_recompile pc=0x000000000379d514 method=java.util.Collections$UnmodifiableMap.entrySet()Ljava/util/Set; @ 16
Event: 52.018 Thread 0x000000001fa02000 Uncommon trap: reason=class_check action=maybe_recompile pc=0x0000000003913b00 method=java.util.Collections$UnmodifiableMap$UnmodifiableEntrySet$1.next()Ljava/util/Map$Entry; @ 8
Event: 52.018 Thread 0x000000001fa02000 Uncommon trap: reason=class_check action=maybe_recompile pc=0x0000000003a38b88 method=java.util.Collections$UnmodifiableMap$UnmodifiableEntrySet$UnmodifiableEntry.getKey()Ljava/lang/Object; @ 4
Event: 52.018 Thread 0x000000001fa02000 Uncommon trap: reason=class_check action=maybe_recompile pc=0x0000000003a33c88 method=java.util.Collections$UnmodifiableMap$UnmodifiableEntrySet$UnmodifiableEntry.getValue()Ljava/lang/Object; @ 4
Event: 52.025 Thread 0x000000001fa02000 Uncommon trap: reason=speculate_class_check action=maybe_recompile pc=0x00000000047a8b04 method=java.util.AbstractList.listIterator()Ljava/util/ListIterator; @ 2
Event: 54.054 Thread 0x00000000209d1000 Uncommon trap: reason=class_check action=maybe_recompile pc=0x0000000003913b00 method=java.util.Collections$UnmodifiableMap$UnmodifiableEntrySet$1.next()Ljava/util/Map$Entry; @ 8
Event: 54.054 Thread 0x00000000209d1000 Uncommon trap: reason=class_check action=maybe_recompile pc=0x0000000003a38b88 method=java.util.Collections$UnmodifiableMap$UnmodifiableEntrySet$UnmodifiableEntry.getKey()Ljava/lang/Object; @ 4
Event: 54.054 Thread 0x00000000209d1000 Uncommon trap: reason=class_check action=maybe_recompile pc=0x0000000003a33c88 method=java.util.Collections$UnmodifiableMap$UnmodifiableEntrySet$UnmodifiableEntry.getValue()Ljava/lang/Object; @ 4

Classes redefined (0 events):
No events

Internal exceptions (10 events):
Event: 8.412 Thread 0x0000000003002800 Exception <a 'java/lang/ClassNotFoundException': sun/net/www/protocol/c/Handler> (0x000000076f086440) thrown at [C:\re\workspace\8-2-build-windows-amd64-cygwin\jdk8u181\11358\hotspot\src\share\vm\classfile\systemDictionary.cpp, line 210]
Event: 8.413 Thread 0x0000000003002800 Exception <a 'java/lang/ClassNotFoundException': sun/net/www/protocol/c/Handler> (0x000000076f0889b0) thrown at [C:\re\workspace\8-2-build-windows-amd64-cygwin\jdk8u181\11358\hotspot\src\share\vm\classfile\systemDictionary.cpp, line 210]
Event: 8.414 Thread 0x0000000003002800 Exception <a 'java/lang/ClassNotFoundException': sun/net/www/protocol/c/Handler> (0x000000076f08aee8) thrown at [C:\re\workspace\8-2-build-windows-amd64-cygwin\jdk8u181\11358\hotspot\src\share\vm\classfile\systemDictionary.cpp, line 210]
Event: 8.498 Thread 0x0000000023264800 Implicit null exception at 0x0000000003e79d59 to 0x0000000003e7a53d
Event: 8.499 Thread 0x000000001fa02000 Implicit null exception at 0x0000000003ea53cc to 0x0000000003ea5ac9
Event: 8.499 Thread 0x0000000023027800 Implicit null exception at 0x0000000003ea53cc to 0x0000000003ea5ac9
Event: 10.391 Thread 0x0000000003002800 Exception <a 'java/lang/NoSuchFieldError': method resolution failed> (0x0000000771a131d0) thrown at [C:\re\workspace\8-2-build-windows-amd64-cygwin\jdk8u181\11358\hotspot\src\share\vm\prims\methodHandles.cpp, line 1167]
Event: 10.392 Thread 0x0000000003002800 Exception <a 'java/lang/NoSuchFieldError': method resolution failed> (0x0000000771a20c60) thrown at [C:\re\workspace\8-2-build-windows-amd64-cygwin\jdk8u181\11358\hotspot\src\share\vm\prims\methodHandles.cpp, line 1167]
Event: 11.192 Thread 0x0000000003002800 Exception <a 'java/lang/NoSuchMethodError': java.lang.Object.lambda$and$0(Ljava/util/function/Predicate;Ljava/lang/Object;)Z> (0x000000076c081c88) thrown at [C:\re\workspace\8-2-build-windows-amd64-cygwin\jdk8u181\11358\hotspot\src\share\vm\interpreter\li
Event: 11.258 Thread 0x0000000003002800 Exception <a 'java/lang/NoSuchMethodError': java.lang.Object.lambda$comparingInt$7b0bb60$1(Ljava/util/function/ToIntFunction;Ljava/lang/Object;Ljava/lang/Object;)I> (0x000000076c3ff6e0) thrown at [C:\re\workspace\8-2-build-windows-amd64-cygwin\jdk8u181\11

Events (10 events):
Event: 52.025 Thread 0x000000001fa02000 DEOPT UNPACKING pc=0x000000000324583b sp=0x0000000026ebdbe8 mode 2
Event: 54.054 Thread 0x00000000209d1000 Uncommon trap: trap_request=0xffffffde fr.pc=0x0000000003913b00
Event: 54.054 Thread 0x00000000209d1000 DEOPT PACKING pc=0x0000000003913b00 sp=0x0000000026fbd1e0
Event: 54.054 Thread 0x00000000209d1000 DEOPT UNPACKING pc=0x000000000324583b sp=0x0000000026fbd128 mode 2
Event: 54.054 Thread 0x00000000209d1000 Uncommon trap: trap_request=0xffffffde fr.pc=0x0000000003a38b88
Event: 54.054 Thread 0x00000000209d1000 DEOPT PACKING pc=0x0000000003a38b88 sp=0x0000000026fbd200
Event: 54.054 Thread 0x00000000209d1000 DEOPT UNPACKING pc=0x000000000324583b sp=0x0000000026fbd190 mode 2
Event: 54.054 Thread 0x00000000209d1000 Uncommon trap: trap_request=0xffffffde fr.pc=0x0000000003a33c88
Event: 54.054 Thread 0x00000000209d1000 DEOPT PACKING pc=0x0000000003a33c88 sp=0x0000000026fbd200
Event: 54.054 Thread 0x00000000209d1000 DEOPT UNPACKING pc=0x000000000324583b sp=0x0000000026fbd190 mode 2


Dynamic libraries:
0x00007ff77a250000 - 0x00007ff77a287000 	C:\Program Files\Java\jdk1.8.0_181\bin\java.exe
0x00007ff8234d0000 - 0x00007ff8236b1000 	C:\WINDOWS\SYSTEM32\ntdll.dll
0x00007ff823160000 - 0x00007ff823212000 	C:\WINDOWS\System32\KERNEL32.DLL
0x00007ff81faa0000 - 0x00007ff81fd13000 	C:\WINDOWS\System32\KERNELBASE.dll
0x00007ff8227b0000 - 0x00007ff822851000 	C:\WINDOWS\System32\ADVAPI32.dll
0x00007ff822710000 - 0x00007ff8227ae000 	C:\WINDOWS\System32\msvcrt.dll
0x00007ff822580000 - 0x00007ff8225db000 	C:\WINDOWS\System32\sechost.dll
0x00007ff8225e0000 - 0x00007ff822704000 	C:\WINDOWS\System32\RPCRT4.dll
0x00007ff823220000 - 0x00007ff8233b0000 	C:\WINDOWS\System32\USER32.dll
0x00007ff81fd70000 - 0x00007ff81fd90000 	C:\WINDOWS\System32\win32u.dll
0x00007ff822550000 - 0x00007ff822578000 	C:\WINDOWS\System32\GDI32.dll
0x00007ff820690000 - 0x00007ff820822000 	C:\WINDOWS\System32\gdi32full.dll
0x00007ff81f900000 - 0x00007ff81f99f000 	C:\WINDOWS\System32\msvcp_win.dll
0x00007ff81f9a0000 - 0x00007ff81fa9a000 	C:\WINDOWS\System32\ucrtbase.dll
0x00007ff8168f0000 - 0x00007ff816b59000 	C:\WINDOWS\WinSxS\amd64_microsoft.windows.common-controls_6595b64144ccf1df_6.0.17134.407_none_fb449d63306391e9\COMCTL32.dll
0x00007ff822020000 - 0x00007ff822342000 	C:\WINDOWS\System32\combase.dll
0x00007ff820830000 - 0x00007ff8208aa000 	C:\WINDOWS\System32\bcryptPrimitives.dll
0x00007ff822f00000 - 0x00007ff822f2d000 	C:\WINDOWS\System32\IMM32.DLL
0x0000000052370000 - 0x0000000052442000 	C:\Program Files\Java\jdk1.8.0_181\jre\bin\msvcr100.dll
0x0000000052830000 - 0x00000000530d2000 	C:\Program Files\Java\jdk1.8.0_181\jre\bin\server\jvm.dll
0x00007ff822860000 - 0x00007ff822868000 	C:\WINDOWS\System32\PSAPI.DLL
0x00007ff81c680000 - 0x00007ff81c6a3000 	C:\WINDOWS\SYSTEM32\WINMM.dll
0x00007ff81bb00000 - 0x00007ff81bb0a000 	C:\WINDOWS\SYSTEM32\VERSION.dll
0x00007ff816720000 - 0x00007ff816729000 	C:\WINDOWS\SYSTEM32\WSOCK32.dll
0x00007ff823430000 - 0x00007ff82349c000 	C:\WINDOWS\System32\WS2_32.dll
0x00007ff81c650000 - 0x00007ff81c67a000 	C:\WINDOWS\SYSTEM32\WINMMBASE.dll
0x00007ff81fd20000 - 0x00007ff81fd69000 	C:\WINDOWS\System32\cfgmgr32.dll
0x0000000053ec0000 - 0x0000000053ecf000 	C:\Program Files\Java\jdk1.8.0_181\jre\bin\verify.dll
0x0000000053e90000 - 0x0000000053eb9000 	C:\Program Files\Java\jdk1.8.0_181\jre\bin\java.dll
0x0000000053e70000 - 0x0000000053e86000 	C:\Program Files\Java\jdk1.8.0_181\jre\bin\zip.dll
0x00007ff820960000 - 0x00007ff821d9f000 	C:\WINDOWS\System32\SHELL32.dll
0x00007ff822870000 - 0x00007ff822919000 	C:\WINDOWS\System32\shcore.dll
0x00007ff81fd90000 - 0x00007ff82049d000 	C:\WINDOWS\System32\windows.storage.dll
0x00007ff821fb0000 - 0x00007ff822001000 	C:\WINDOWS\System32\shlwapi.dll
0x00007ff81f820000 - 0x00007ff81f831000 	C:\WINDOWS\System32\kernel.appcore.dll
0x00007ff81f800000 - 0x00007ff81f81f000 	C:\WINDOWS\System32\profapi.dll
0x00007ff81f850000 - 0x00007ff81f89c000 	C:\WINDOWS\System32\powrprof.dll
0x00007ff81f840000 - 0x00007ff81f84a000 	C:\WINDOWS\System32\FLTLIB.DLL
0x00007ff81ba40000 - 0x00007ff81ba4a000 	D:\Programmi\apache-maven-3.6.0-bin\apache-maven-3.6.0\lib\jansi-native\windows64\jansi.dll
0x00000000533d0000 - 0x00000000533ea000 	C:\Program Files\Java\jdk1.8.0_181\jre\bin\net.dll
0x00007ff81f050000 - 0x00007ff81f0b6000 	C:\WINDOWS\system32\mswsock.dll
0x0000000052810000 - 0x0000000052821000 	C:\Program Files\Java\jdk1.8.0_181\jre\bin\nio.dll
0x0000000052760000 - 0x000000005276d000 	C:\Program Files\Java\jdk1.8.0_181\jre\bin\management.dll
0x00007ff81f220000 - 0x00007ff81f237000 	C:\WINDOWS\SYSTEM32\CRYPTSP.dll
0x00007ff81ec40000 - 0x00007ff81ec73000 	C:\WINDOWS\system32\rsaenh.dll
0x00007ff81f340000 - 0x00007ff81f365000 	C:\WINDOWS\SYSTEM32\bcrypt.dll
0x00007ff81f710000 - 0x00007ff81f738000 	C:\WINDOWS\SYSTEM32\USERENV.dll
0x00007ff81f210000 - 0x00007ff81f21b000 	C:\WINDOWS\SYSTEM32\CRYPTBASE.dll
0x00007ff81ede0000 - 0x00007ff81ee18000 	C:\WINDOWS\SYSTEM32\IPHLPAPI.DLL
0x00007ff822010000 - 0x00007ff822018000 	C:\WINDOWS\System32\NSI.dll
0x00007ff818110000 - 0x00007ff818126000 	C:\WINDOWS\SYSTEM32\dhcpcsvc6.DLL
0x00007ff8172d0000 - 0x00007ff8172ea000 	C:\WINDOWS\SYSTEM32\dhcpcsvc.DLL
0x00007fffefdc0000 - 0x00007fffefdf7000 	D:\github\plathea\jaxrs-jersey-server-generated\src\main\java\io\core\InterfaceJNI_DLL.dll
0x00007ffffdd60000 - 0x00007ffffdd81000 	C:\WINDOWS\SYSTEM32\VCRUNTIME140D.dll
0x00007fffb8b70000 - 0x00007fffb8d2d000 	C:\WINDOWS\SYSTEM32\ucrtbased.dll
0x00007fffba560000 - 0x00007fffba654000 	C:\WINDOWS\SYSTEM32\MSVCP140D.dll
0x00007fffb12a0000 - 0x00007fffb167a000 	D:\github\plathea\jaxrs-jersey-server-generated\PlatheaDLL.dll
0x00007ff822d70000 - 0x00007ff822e5d000 	C:\WINDOWS\System32\COMDLG32.dll
0x00007ff823000000 - 0x00007ff823151000 	C:\WINDOWS\System32\ole32.dll
0x00007fffb7410000 - 0x00007fffb75bc000 	D:\github\plathea\jaxrs-jersey-server-generated\opencv_ml310d.dll
0x00007fffb9260000 - 0x00007fffb9368000 	D:\github\plathea\jaxrs-jersey-server-generated\opencv_video310d.dll
0x00007fffafb40000 - 0x00007fffb0ade000 	D:\github\plathea\jaxrs-jersey-server-generated\opencv_core310d.dll
0x00007fffe5f40000 - 0x00007fffe5fa6000 	D:\github\plathea\jaxrs-jersey-server-generated\opencv_highgui310d.dll
0x00007fffaf760000 - 0x00007fffafb34000 	D:\github\plathea\jaxrs-jersey-server-generated\opencv_calib3d310d.dll
0x00007fffad590000 - 0x00007fffaf75b000 	D:\github\plathea\jaxrs-jersey-server-generated\opencv_imgproc310d.dll
0x00007fffbcca0000 - 0x00007fffbcd52000 	D:\github\plathea\jaxrs-jersey-server-generated\opencv_videoio310d.dll
0x00007ff822f30000 - 0x00007ff822ff2000 	C:\WINDOWS\System32\OLEAUT32.dll
0x00007fffad3f0000 - 0x00007fffad584000 	D:\github\plathea\jaxrs-jersey-server-generated\opencv_objdetect310d.dll
0x00007fffb8040000 - 0x00007fffb80f6000 	C:\WINDOWS\SYSTEM32\CONCRT140D.dll
0x00007fffad1c0000 - 0x00007fffad3e5000 	D:\github\plathea\jaxrs-jersey-server-generated\opencv_features2d310d.dll
0x00007fffac950000 - 0x00007fffaceae000 	D:\github\plathea\jaxrs-jersey-server-generated\opencv_imgcodecs310d.dll
0x00007ffff0f80000 - 0x00007ffff0fa9000 	C:\WINDOWS\SYSTEM32\MSVFW32.dll
0x00007ff80cc70000 - 0x00007ff80cc8f000 	C:\WINDOWS\SYSTEM32\AVIFIL32.dll
0x00007ffff0f20000 - 0x00007ffff0f38000 	C:\WINDOWS\SYSTEM32\AVICAP32.dll
0x00007ffff9090000 - 0x00007ffff90ac000 	C:\WINDOWS\SYSTEM32\MSACM32.dll
0x00007fffb6be0000 - 0x00007fffb6d5d000 	D:\github\plathea\jaxrs-jersey-server-generated\opencv_flann310d.dll
0x00007fffbc830000 - 0x00007fffbc8b5000 	C:\WINDOWS\SYSTEM32\OpenCL.dll
0x00007fffaa360000 - 0x00007fffab98d000 	C:\WINDOWS\System32\nvopencl.dll
0x00007ff822920000 - 0x00007ff822d6b000 	C:\WINDOWS\System32\SETUPAPI.dll
0x00007fffb50e0000 - 0x00007fffb51ff000 	C:\WINDOWS\SYSTEM32\nvfatbinaryLoader.dll
0x00007ff81dce0000 - 0x00007ff81dd78000 	C:\WINDOWS\system32\uxtheme.dll
0x00007ff81f5f0000 - 0x00007ff81f617000 	C:\WINDOWS\SYSTEM32\DEVOBJ.dll
0x00007ff81f8a0000 - 0x00007ff81f8f7000 	C:\WINDOWS\System32\WINTRUST.dll
0x00007ff81f7e0000 - 0x00007ff81f7f2000 	C:\WINDOWS\System32\MSASN1.dll
0x00007ff8204a0000 - 0x00007ff820682000 	C:\WINDOWS\System32\CRYPT32.dll
0x00007ff816de0000 - 0x00007ff817260000 	C:\WINDOWS\system32\nvapi64.dll
0x00007ff81e5a0000 - 0x00007ff81e65b000 	C:\WINDOWS\SYSTEM32\dxgi.dll
0x00007fffded90000 - 0x00007fffdedf2000 	C:\WINDOWS\SYSTEM32\IntelOpenCL64.dll
0x00007fffb11a0000 - 0x00007fffb129d000 	C:\Program Files (x86)\Common Files\Intel\OpenCL\bin\x64\intelocl64.dll
0x00007ffffc6e0000 - 0x00007ffffc800000 	C:\WINDOWS\SYSTEM32\OPENGL32.dll
0x00007fffdd060000 - 0x00007fffdd0d6000 	C:\Program Files (x86)\Common Files\Intel\OpenCL\bin\x64\task_executor64.dll
0x00007ffffc650000 - 0x00007ffffc67c000 	C:\WINDOWS\SYSTEM32\GLU32.dll
0x00007ff81e8d0000 - 0x00007ff81e901000 	C:\WINDOWS\SYSTEM32\ntmarta.dll
0x00007fffba2c0000 - 0x00007fffba355000 	C:\Program Files (x86)\Common Files\Intel\OpenCL\bin\x64\cpu_device64.dll
0x00007fffbcb80000 - 0x00007fffbcbe9000 	C:\Program Files (x86)\Common Files\Intel\OpenCL\bin\x64\tbb\tbb.dll
0x00007fffac750000 - 0x00007fffac944000 	C:\WINDOWS\SYSTEM32\igdrcl64.dll
0x00007fffa8d70000 - 0x00007fffaa352000 	C:\WINDOWS\SYSTEM32\igdfcl64.dll
0x00007ff811490000 - 0x00007ff811659000 	C:\WINDOWS\SYSTEM32\dbghelp.dll
0x00007fffd3870000 - 0x00007fffd38cf000 	C:\WINDOWS\SYSTEM32\igdbcl64.dll
0x00007ff818e00000 - 0x00007ff819264000 	C:\WINDOWS\SYSTEM32\igdusc64.dll
0x0000000066840000 - 0x0000000067b0b000 	D:\github\plathea\jaxrs-jersey-server-generated\opencv_ffmpeg310_64.dll

VM Arguments:
jvm_args: -Dclassworlds.conf=D:\Programmi\apache-maven-3.6.0-bin\apache-maven-3.6.0\bin\..\bin\m2.conf -Dmaven.home=D:\Programmi\apache-maven-3.6.0-bin\apache-maven-3.6.0\bin\.. -Dlibrary.jansi.path=D:\Programmi\apache-maven-3.6.0-bin\apache-maven-3.6.0\bin\..\lib\jansi-native -Dmaven.multiModuleProjectDirectory=D:\github\plathea\jaxrs-jersey-server-generated 
java_command: org.codehaus.plexus.classworlds.launcher.Launcher clean package jetty:run
java_class_path (initial): D:\Programmi\apache-maven-3.6.0-bin\apache-maven-3.6.0\bin\..\boot\plexus-classworlds-2.5.2.jar
Launcher Type: SUN_STANDARD

Environment Variables:
JAVA_HOME=C:\Program Files\Java\jdk1.8.0_181
PATH=C:\Program Files (x86)\Common Files\Oracle\Java\javapath;C:\Users\jack1\Desktop\plathea-code-22-trunk\plathea-code-22-trunk\opencv-master\build\install_release\x64\vc12\bin;C:\WINDOWS\system32;C:\WINDOWS;C:\WINDOWS\System32\Wbem;C:\WINDOWS\System32\WindowsPowerShell\v1.0\;C:\Program Files\Git\cmd;C:\Program Files\nodejs\;C:\Program Files\PuTTY\;C:\Users\jack1\AppData\Local\Microsoft\WindowsApps;C:\Users\jack1\AppData\Roaming\npm;C:\Users\jack1\AppData\Local\atom\bin;C:\adb;C:\WINDOWS\system32;C:\WINDOWS;C:\WINDOWS\System32\Wbem;C:\WINDOWS\System32\WindowsPowerShell\v1.0\;C:\WINDOWS\System32\OpenSSH\;C:\Users\jack1\Desktop\plathea-code-22-trunk\plathea-code-22-trunk\opencv-master\build\install_debug\x64\vc12\bin;C:\Users\jack1\AppData\Local\Microsoft\WindowsApps;C:\Users\jack1\AppData\Roaming\npm;C:\Users\jack1\AppData\Local\atom\bin;C:\Users\jack1\AppData\Local\Microsoft\WindowsApps;C:\Program Files\LLVM\bin;C:\ProgramData\jack1\atom\bin;C:\Program Files\Java\jdk1.8.0_181\bin;C:\Program Files\mingw-w64\x86_64-8.1.0-win32-seh-rt_v6-rev0\mingw64\bin;D:\Programmi\apache-maven-3.6.0-bin\apache-maven-3.6.0\bin;D:\github\plathea\LeoStormLibrary\LeoStormWindowsLib;D:\github\plathea\jaxrs-jersey-server-generated;
USERNAME=jack1
OS=Windows_NT
PROCESSOR_IDENTIFIER=Intel64 Family 6 Model 58 Stepping 9, GenuineIntel



---------------  S Y S T E M  ---------------

OS: Windows 10.0 , 64 bit Build 17134 (10.0.17134.1)

CPU:total 8 (initial active 8) (4 cores per cpu, 2 threads per core) family 6 model 58 stepping 9, cmov, cx8, fxsr, mmx, sse, sse2, sse3, ssse3, sse4.1, sse4.2, popcnt, avx, aes, clmul, erms, ht, tsc, tscinvbit, tscinv

Memory: 4k page, physical 16659944k(7063676k free), swap 19150312k(5910100k free)

vm_info: Java HotSpot(TM) 64-Bit Server VM (25.181-b13) for windows-amd64 JRE (1.8.0_181-b13), built on Jul  7 2018 04:01:33 by "java_re" with MS VC++ 10.0 (VS2010)

time: Sat Dec 08 16:25:30 2018
elapsed time: 71 seconds (0d 0h 1m 11s)

