#
# A fatal error has been detected by the Java Runtime Environment:
#
#  EXCEPTION_ACCESS_VIOLATION (0xc0000005) at pc=0x0000000059064917, pid=19532, tid=0x0000000000005a94
#
# JRE version: Java(TM) SE Runtime Environment (8.0_181-b13) (build 1.8.0_181-b13)
# Java VM: Java HotSpot(TM) 64-Bit Server VM (25.181-b13 mixed mode windows-amd64 compressed oops)
# Problematic frame:
# V  [jvm.dll+0x214917]
#
# Failed to write core dump. Minidumps are not enabled by default on client versions of Windows
#
# If you would like to submit a bug report, please visit:
#   http://bugreport.java.com/bugreport/crash.jsp
#

---------------  T H R E A D  ---------------

Current thread (0x000000001fd9b800):  JavaThread "qtp1814723699-22" [_thread_in_Java, id=23188, stack(0x0000000026b00000,0x0000000026c00000)]

siginfo: ExceptionCode=0xc0000005, reading address 0x00000000ffffffff

Registers:
RAX=0x00000000ffffffff, RBX=0x0000000030313760, RCX=0x0000000026bfc380, RDX=0x0000000000000001
RSP=0x0000000026bfc0b8, RBP=0x0000000026bfc1c0, RSI=0x000000001fd9b800, RDI=0x00000000ffffffff
R8 =0x0000000000000001, R9 =0x0000000026bfc388, R10=0x00000000031d0827, R11=0x0000000000000006
R12=0x0000000021e64b40, R13=0x000000001fd9b800, R14=0x0000000026bfc158, R15=0x0000000030313760
RIP=0x0000000059064917, EFLAGS=0x0000000000010206

Top of Stack: (sp=0x0000000026bfc0b8)
0x0000000026bfc0b8:   0000000059065805 0000000030313760
0x0000000026bfc0c8:   0000000026bfc1c0 0000000020ee7ff8
0x0000000026bfc0d8:   000000001fd9b800 000000001fd9b800
0x0000000026bfc0e8:   00000000590878fd 0000000026bfc260
0x0000000026bfc0f8:   cccccccccccccccc 0000000030313760
0x0000000026bfc108:   000000001fd9b800 00000000031e3be0
0x0000000026bfc118:   00000000590871b6 cccccccccccccccc
0x0000000026bfc128:   cccccccccccccccc 000096e97d5af45e
0x0000000026bfc138:   cccccccccccccccc 0000000000000000
0x0000000026bfc148:   0000000030313760 000000001fd9b800
0x0000000026bfc158:   0000000020ee7ff8 0000000030313760
0x0000000026bfc168:   000000001fd9b800 0000000026bfc498
0x0000000026bfc178:   cccccccccccccccc 000000001fd9b800
0x0000000026bfc188:   000000002475e8d0 0000000030313760
0x0000000026bfc198:   000000076ef21e80 0000000026bfcb40
0x0000000026bfc1a8:   00000000031e8c3b 0000000026bfcba8 

Instructions: (pc=0x0000000059064917)
0x00000000590648f7:   68 7e 30 66 0f 1f 44 00 00 48 8b 41 60 80 3c 02
0x0000000059064907:   00 74 14 4c 8b 49 58 49 8b 04 d1 48 85 c0 74 03
0x0000000059064917:   48 8b 00 49 89 04 d1 41 ff c0 48 ff c2 44 3b 41
0x0000000059064927:   68 7c d6 48 8b 41 58 c3 cc 40 53 48 83 ec 20 80 


Register to memory mapping:

RAX=0x00000000ffffffff is an unknown value
RBX={method} {0x0000000030313768} '<init>' '(Lio/core/InterfaceJNI;IIII)V' in 'io/core/InterfaceJNI$TrackedPerson'
RCX=0x0000000026bfc380 is pointing into the stack for thread: 0x000000001fd9b800
RDX=0x0000000000000001 is an unknown value
RSP=0x0000000026bfc0b8 is pointing into the stack for thread: 0x000000001fd9b800
RBP=0x0000000026bfc1c0 is pointing into the stack for thread: 0x000000001fd9b800
RSI=0x000000001fd9b800 is a thread
RDI=0x00000000ffffffff is an unknown value
R8 =0x0000000000000001 is an unknown value
R9 =0x0000000026bfc388 is pointing into the stack for thread: 0x000000001fd9b800
R10=0x00000000031d0827 is at begin+0 in a stub
StubRoutines::call_stub [0x00000000031d0827, 0x00000000031d098b[ (356 bytes)
R11=0x0000000000000006 is an unknown value
R12=0x0000000021e64b40 is an unknown value
R13=0x000000001fd9b800 is a thread
R14=0x0000000026bfc158 is pointing into the stack for thread: 0x000000001fd9b800
R15={method} {0x0000000030313768} '<init>' '(Lio/core/InterfaceJNI;IIII)V' in 'io/core/InterfaceJNI$TrackedPerson'


Stack: [0x0000000026b00000,0x0000000026c00000],  sp=0x0000000026bfc0b8,  free space=1008k
Native frames: (J=compiled Java code, j=interpreted, Vv=VM code, C=native code)
V  [jvm.dll+0x214917]


---------------  P R O C E S S  ---------------

Java Threads: ( => current thread )
  0x000000002054c800 JavaThread "Scheduler-1348373832" [_thread_blocked, id=23084, stack(0x000000002f7f0000,0x000000002f8f0000)]
  0x000000002054c000 JavaThread "org.eclipse.jetty.server.session.HashSessionManager@7a6078dTimer" daemon [_thread_blocked, id=18976, stack(0x000000002f4f0000,0x000000002f5f0000)]
  0x000000002054f800 JavaThread "qtp1814723699-25-acceptor-0@3476a089-ServerConnector@1bef1304{HTTP/1.1}{0.0.0.0:8080}" [_thread_in_native, id=10764, stack(0x000000002d010000,0x000000002d110000)]
  0x0000000020549800 JavaThread "qtp1814723699-24-selector-ServerConnectorManager@17d75c1b/1" [_thread_in_native, id=3552, stack(0x0000000027030000,0x0000000027130000)]
=>0x000000001fd9b800 JavaThread "qtp1814723699-22" [_thread_in_Java, id=23188, stack(0x0000000026b00000,0x0000000026c00000)]
  0x0000000021e7c000 JavaThread "qtp1814723699-21" [_thread_blocked, id=23376, stack(0x0000000026a00000,0x0000000026b00000)]
  0x0000000021d73000 JavaThread "qtp1814723699-20" [_thread_blocked, id=18792, stack(0x0000000026800000,0x0000000026900000)]
  0x0000000021e73800 JavaThread "qtp1814723699-19-selector-ServerConnectorManager@17d75c1b/3" [_thread_in_native, id=18424, stack(0x0000000026700000,0x0000000026800000)]
  0x000000001fca8800 JavaThread "qtp1814723699-18-selector-ServerConnectorManager@17d75c1b/2" [_thread_in_native, id=21968, stack(0x0000000026600000,0x0000000026700000)]
  0x000000001ee11800 JavaThread "qtp1814723699-17" [_thread_blocked, id=23028, stack(0x0000000026500000,0x0000000026600000)]
  0x00000000248fb800 JavaThread "qtp1814723699-16" [_thread_blocked, id=23524, stack(0x0000000026400000,0x0000000026500000)]
  0x0000000020157800 JavaThread "qtp1814723699-15-selector-ServerConnectorManager@17d75c1b/0" [_thread_in_native, id=23384, stack(0x0000000026300000,0x0000000026400000)]
  0x0000000022206800 JavaThread "ShutdownMonitor" daemon [_thread_in_native, id=22652, stack(0x0000000023840000,0x0000000023940000)]
  0x000000001eb88800 JavaThread "Service Thread" daemon [_thread_blocked, id=23024, stack(0x000000001f6d0000,0x000000001f7d0000)]
  0x000000001eb01800 JavaThread "C1 CompilerThread3" daemon [_thread_blocked, id=23472, stack(0x000000001f5d0000,0x000000001f6d0000)]
  0x000000001eaf3800 JavaThread "C2 CompilerThread2" daemon [_thread_blocked, id=23160, stack(0x000000001f4d0000,0x000000001f5d0000)]
  0x000000001eaef000 JavaThread "C2 CompilerThread1" daemon [_thread_blocked, id=23448, stack(0x000000001f3d0000,0x000000001f4d0000)]
  0x000000001eaed000 JavaThread "C2 CompilerThread0" daemon [_thread_blocked, id=22764, stack(0x000000001f2d0000,0x000000001f3d0000)]
  0x000000001eaea000 JavaThread "Attach Listener" daemon [_thread_blocked, id=23408, stack(0x000000001f1d0000,0x000000001f2d0000)]
  0x000000001eae9000 JavaThread "Signal Dispatcher" daemon [_thread_blocked, id=23392, stack(0x000000001f0d0000,0x000000001f1d0000)]
  0x000000001eae0800 JavaThread "Finalizer" daemon [_thread_blocked, id=23404, stack(0x000000001eec0000,0x000000001efc0000)]
  0x000000001cbed800 JavaThread "Reference Handler" daemon [_thread_blocked, id=23400, stack(0x000000001e9c0000,0x000000001eac0000)]
  0x00000000030d2800 JavaThread "main" [_thread_blocked, id=23292, stack(0x0000000002fd0000,0x00000000030d0000)]

Other Threads:
  0x000000001cbe9000 VMThread [stack: 0x000000001e8c0000,0x000000001e9c0000] [id=23136]
  0x000000001eb8c800 WatcherThread [stack: 0x000000001f7d0000,0x000000001f8d0000] [id=8152]

VM state:not at safepoint (normal execution)

VM Mutex/Monitor currently owned by a thread: None

Heap:
 PSYoungGen      total 213504K, used 76740K [0x000000076b400000, 0x000000077af00000, 0x00000007c0000000)
  eden space 171520K, 44% used [0x000000076b400000,0x000000076fef10a0,0x0000000775b80000)
  from space 41984K, 0% used [0x0000000778480000,0x0000000778480000,0x000000077ad80000)
  to   space 41984K, 0% used [0x0000000775b80000,0x0000000775b80000,0x0000000778480000)
 ParOldGen       total 172544K, used 28999K [0x00000006c1c00000, 0x00000006cc480000, 0x000000076b400000)
  object space 172544K, 16% used [0x00000006c1c00000,0x00000006c3851c00,0x00000006cc480000)
 Metaspace       used 43220K, capacity 44682K, committed 44928K, reserved 1089536K
  class space    used 5141K, capacity 5493K, committed 5504K, reserved 1048576K

Card table byte_map: [0x0000000012590000,0x0000000012d90000] byte_map_base: 0x000000000ef82000

Marking Bits: (ParMarkBitMap*) 0x0000000059672d00
 Begin Bits: [0x0000000013ae0000, 0x0000000017a70000)
 End Bits:   [0x0000000017a70000, 0x000000001ba00000)

Polling page: 0x0000000002ea0000

CodeCache: size=245760Kb used=23452Kb max_used=23616Kb free=222307Kb
 bounds [0x00000000031d0000, 0x0000000004900000, 0x00000000121d0000]
 total_blobs=6867 nmethods=6374 adapters=405
 compilation: enabled

Compilation events (10 events):
Event: 55.595 Thread 0x000000001eb01800 7557       1       org.glassfish.jersey.server.internal.process.RequestProcessingContext::routingContext (5 bytes)
Event: 55.595 Thread 0x000000001eb01800 nmethod 7557 0x000000000332d8d0 code [0x000000000332da20, 0x000000000332db30]
Event: 55.596 Thread 0x000000001eb01800 7558       1       org.glassfish.jersey.server.internal.routing.RoutingStage$RoutingResult::access$000 (5 bytes)
Event: 55.596 Thread 0x000000001eb01800 nmethod 7558 0x0000000003310490 code [0x00000000033105e0, 0x00000000033106d0]
Event: 55.596 Thread 0x000000001eb01800 7556       3       javax.ws.rs.core.MultivaluedHashMap::<init> (12 bytes)
Event: 55.596 Thread 0x000000001eb01800 nmethod 7556 0x000000000340ab10 code [0x000000000340aca0, 0x000000000340b050]
Event: 55.597 Thread 0x000000001eb01800 7554       3       org.eclipse.jetty.util.AbstractTrie::get (11 bytes)
Event: 55.597 Thread 0x000000001eb01800 nmethod 7554 0x000000000337e1d0 code [0x000000000337e340, 0x000000000337e648]
Event: 55.598 Thread 0x000000001eb01800 7559       1       org.glassfish.jersey.server.internal.routing.Router$Continuation::next (5 bytes)
Event: 55.598 Thread 0x000000001eb01800 nmethod 7559 0x0000000003874c10 code [0x0000000003874d60, 0x0000000003874e70]

GC Heap History (10 events):
Event: 9.214 GC heap before
{Heap before GC invocations=8 (full 1):
 PSYoungGen      total 102912K, used 102786K [0x000000076b400000, 0x0000000772b00000, 0x00000007c0000000)
  eden space 88576K, 100% used [0x000000076b400000,0x0000000770a80000,0x0000000770a80000)
  from space 14336K, 99% used [0x0000000771980000,0x00000007727608c8,0x0000000772780000)
  to   space 15360K, 0% used [0x0000000770a80000,0x0000000770a80000,0x0000000771980000)
 ParOldGen       total 120320K, used 14888K [0x00000006c1c00000, 0x00000006c9180000, 0x000000076b400000)
  object space 120320K, 12% used [0x00000006c1c00000,0x00000006c2a8a1c0,0x00000006c9180000)
 Metaspace       used 28556K, capacity 29392K, committed 29696K, reserved 1075200K
  class space    used 3256K, capacity 3461K, committed 3584K, reserved 1048576K
Event: 9.239 GC heap after
Heap after GC invocations=8 (full 1):
 PSYoungGen      total 103936K, used 15343K [0x000000076b400000, 0x0000000775b00000, 0x00000007c0000000)
  eden space 88576K, 0% used [0x000000076b400000,0x000000076b400000,0x0000000770a80000)
  from space 15360K, 99% used [0x0000000770a80000,0x000000077197bfe8,0x0000000771980000)
  to   space 20992K, 0% used [0x0000000774680000,0x0000000774680000,0x0000000775b00000)
 ParOldGen       total 120320K, used 23525K [0x00000006c1c00000, 0x00000006c9180000, 0x000000076b400000)
  object space 120320K, 19% used [0x00000006c1c00000,0x00000006c32f9600,0x00000006c9180000)
 Metaspace       used 28556K, capacity 29392K, committed 29696K, reserved 1075200K
  class space    used 3256K, capacity 3461K, committed 3584K, reserved 1048576K
}
Event: 9.604 GC heap before
{Heap before GC invocations=9 (full 1):
 PSYoungGen      total 103936K, used 103919K [0x000000076b400000, 0x0000000775b00000, 0x00000007c0000000)
  eden space 88576K, 100% used [0x000000076b400000,0x0000000770a80000,0x0000000770a80000)
  from space 15360K, 99% used [0x0000000770a80000,0x000000077197bfe8,0x0000000771980000)
  to   space 20992K, 0% used [0x0000000774680000,0x0000000774680000,0x0000000775b00000)
 ParOldGen       total 120320K, used 23529K [0x00000006c1c00000, 0x00000006c9180000, 0x000000076b400000)
  object space 120320K, 19% used [0x00000006c1c00000,0x00000006c32fa6f0,0x00000006c9180000)
 Metaspace       used 28583K, capacity 29392K, committed 29696K, reserved 1075200K
  class space    used 3256K, capacity 3461K, committed 3584K, reserved 1048576K
Event: 9.657 GC heap after
Heap after GC invocations=9 (full 1):
 PSYoungGen      total 139264K, used 20981K [0x000000076b400000, 0x0000000778a00000, 0x00000007c0000000)
  eden space 118272K, 0% used [0x000000076b400000,0x000000076b400000,0x0000000772780000)
  from space 20992K, 99% used [0x0000000774680000,0x0000000775afd5a8,0x0000000775b00000)
  to   space 31744K, 0% used [0x0000000772780000,0x0000000772780000,0x0000000774680000)
 ParOldGen       total 120320K, used 42766K [0x00000006c1c00000, 0x00000006c9180000, 0x000000076b400000)
  object space 120320K, 35% used [0x00000006c1c00000,0x00000006c45c3ba8,0x00000006c9180000)
 Metaspace       used 28583K, capacity 29392K, committed 29696K, reserved 1075200K
  class space    used 3256K, capacity 3461K, committed 3584K, reserved 1048576K
}
Event: 10.871 GC heap before
{Heap before GC invocations=10 (full 1):
 PSYoungGen      total 139264K, used 139253K [0x000000076b400000, 0x0000000778a00000, 0x00000007c0000000)
  eden space 118272K, 100% used [0x000000076b400000,0x0000000772780000,0x0000000772780000)
  from space 20992K, 99% used [0x0000000774680000,0x0000000775afd5a8,0x0000000775b00000)
  to   space 31744K, 0% used [0x0000000772780000,0x0000000772780000,0x0000000774680000)
 ParOldGen       total 120320K, used 42766K [0x00000006c1c00000, 0x00000006c9180000, 0x000000076b400000)
  object space 120320K, 35% used [0x00000006c1c00000,0x00000006c45c3ba8,0x00000006c9180000)
 Metaspace       used 32287K, capacity 33228K, committed 33536K, reserved 1079296K
  class space    used 3732K, capacity 4007K, committed 4096K, reserved 1048576K
Event: 10.917 GC heap after
Heap after GC invocations=10 (full 1):
 PSYoungGen      total 150016K, used 31725K [0x000000076b400000, 0x000000077ad80000, 0x00000007c0000000)
  eden space 118272K, 0% used [0x000000076b400000,0x000000076b400000,0x0000000772780000)
  from space 31744K, 99% used [0x0000000772780000,0x000000077467b4f0,0x0000000774680000)
  to   space 41984K, 0% used [0x0000000778480000,0x0000000778480000,0x000000077ad80000)
 ParOldGen       total 120320K, used 56830K [0x00000006c1c00000, 0x00000006c9180000, 0x000000076b400000)
  object space 120320K, 47% used [0x00000006c1c00000,0x00000006c537fbf0,0x00000006c9180000)
 Metaspace       used 32287K, capacity 33228K, committed 33536K, reserved 1079296K
  class space    used 3732K, capacity 4007K, committed 4096K, reserved 1048576K
}
Event: 11.176 GC heap before
{Heap before GC invocations=11 (full 1):
 PSYoungGen      total 150016K, used 49495K [0x000000076b400000, 0x000000077ad80000, 0x00000007c0000000)
  eden space 118272K, 15% used [0x000000076b400000,0x000000076c55a940,0x0000000772780000)
  from space 31744K, 99% used [0x0000000772780000,0x000000077467b4f0,0x0000000774680000)
  to   space 41984K, 0% used [0x0000000778480000,0x0000000778480000,0x000000077ad80000)
 ParOldGen       total 120320K, used 56830K [0x00000006c1c00000, 0x00000006c9180000, 0x000000076b400000)
  object space 120320K, 47% used [0x00000006c1c00000,0x00000006c537fbf0,0x00000006c9180000)
 Metaspace       used 34107K, capacity 35314K, committed 35496K, reserved 1081344K
  class space    used 4025K, capacity 4324K, committed 4352K, reserved 1048576K
Event: 11.191 GC heap after
Heap after GC invocations=11 (full 1):
 PSYoungGen      total 213504K, used 7382K [0x000000076b400000, 0x000000077af00000, 0x00000007c0000000)
  eden space 171520K, 0% used [0x000000076b400000,0x000000076b400000,0x0000000775b80000)
  from space 41984K, 17% used [0x0000000778480000,0x0000000778bb59c0,0x000000077ad80000)
  to   space 41984K, 0% used [0x0000000775b80000,0x0000000775b80000,0x0000000778480000)
 ParOldGen       total 120320K, used 69490K [0x00000006c1c00000, 0x00000006c9180000, 0x000000076b400000)
  object space 120320K, 57% used [0x00000006c1c00000,0x00000006c5fdc8c8,0x00000006c9180000)
 Metaspace       used 34107K, capacity 35314K, committed 35496K, reserved 1081344K
  class space    used 4025K, capacity 4324K, committed 4352K, reserved 1048576K
}
Event: 11.191 GC heap before
{Heap before GC invocations=12 (full 2):
 PSYoungGen      total 213504K, used 7382K [0x000000076b400000, 0x000000077af00000, 0x00000007c0000000)
  eden space 171520K, 0% used [0x000000076b400000,0x000000076b400000,0x0000000775b80000)
  from space 41984K, 17% used [0x0000000778480000,0x0000000778bb59c0,0x000000077ad80000)
  to   space 41984K, 0% used [0x0000000775b80000,0x0000000775b80000,0x0000000778480000)
 ParOldGen       total 120320K, used 69490K [0x00000006c1c00000, 0x00000006c9180000, 0x000000076b400000)
  object space 120320K, 57% used [0x00000006c1c00000,0x00000006c5fdc8c8,0x00000006c9180000)
 Metaspace       used 34107K, capacity 35314K, committed 35496K, reserved 1081344K
  class space    used 4025K, capacity 4324K, committed 4352K, reserved 1048576K
Event: 11.245 GC heap after
Heap after GC invocations=12 (full 2):
 PSYoungGen      total 213504K, used 0K [0x000000076b400000, 0x000000077af00000, 0x00000007c0000000)
  eden space 171520K, 0% used [0x000000076b400000,0x000000076b400000,0x0000000775b80000)
  from space 41984K, 0% used [0x0000000778480000,0x0000000778480000,0x000000077ad80000)
  to   space 41984K, 0% used [0x0000000775b80000,0x0000000775b80000,0x0000000778480000)
 ParOldGen       total 172544K, used 28999K [0x00000006c1c00000, 0x00000006cc480000, 0x000000076b400000)
  object space 172544K, 16% used [0x00000006c1c00000,0x00000006c3851c00,0x00000006cc480000)
 Metaspace       used 34107K, capacity 35314K, committed 35496K, reserved 1081344K
  class space    used 4025K, capacity 4324K, committed 4352K, reserved 1048576K
}

Deoptimization events (10 events):
Event: 29.636 Thread 0x0000000021e7c000 Uncommon trap: reason=class_check action=maybe_recompile pc=0x00000000039f2c74 method=java.util.Collections$UnmodifiableMap$UnmodifiableEntrySet$1.next()Ljava/util/Map$Entry; @ 8
Event: 29.636 Thread 0x0000000021e7c000 Uncommon trap: reason=class_check action=maybe_recompile pc=0x00000000039f2088 method=java.util.Collections$UnmodifiableMap$UnmodifiableEntrySet$UnmodifiableEntry.getKey()Ljava/lang/Object; @ 4
Event: 29.636 Thread 0x0000000021e7c000 Uncommon trap: reason=class_check action=maybe_recompile pc=0x00000000039ee7c8 method=java.util.Collections$UnmodifiableMap$UnmodifiableEntrySet$UnmodifiableEntry.getValue()Ljava/lang/Object; @ 4
Event: 29.647 Thread 0x0000000021e7c000 Uncommon trap: reason=class_check action=maybe_recompile pc=0x00000000038b2cb4 method=sun.nio.cs.UTF_8.updatePositions(Ljava/nio/Buffer;ILjava/nio/Buffer;I)V @ 3
Event: 29.647 Thread 0x0000000021e7c000 Uncommon trap: reason=speculate_class_check action=maybe_recompile pc=0x0000000004748d44 method=java.util.AbstractList.listIterator()Ljava/util/ListIterator; @ 2
Event: 31.631 Thread 0x0000000021d73000 Uncommon trap: reason=class_check action=maybe_recompile pc=0x00000000039f2c74 method=java.util.Collections$UnmodifiableMap$UnmodifiableEntrySet$1.next()Ljava/util/Map$Entry; @ 8
Event: 31.631 Thread 0x0000000021d73000 Uncommon trap: reason=class_check action=maybe_recompile pc=0x00000000039f2088 method=java.util.Collections$UnmodifiableMap$UnmodifiableEntrySet$UnmodifiableEntry.getKey()Ljava/lang/Object; @ 4
Event: 31.631 Thread 0x0000000021d73000 Uncommon trap: reason=class_check action=maybe_recompile pc=0x00000000039ee7c8 method=java.util.Collections$UnmodifiableMap$UnmodifiableEntrySet$UnmodifiableEntry.getValue()Ljava/lang/Object; @ 4
Event: 45.897 Thread 0x0000000021d73000 Uncommon trap: reason=bimorphic action=maybe_recompile pc=0x000000000436cf24 method=java.util.LinkedHashMap.afterNodeInsertion(Z)V @ 15
Event: 45.904 Thread 0x0000000021d73000 Uncommon trap: reason=unstable_if action=reinterpret pc=0x0000000003d525b8 method=java.util.IdentityHashMap.maskNull(Ljava/lang/Object;)Ljava/lang/Object; @ 1

Classes redefined (0 events):
No events

Internal exceptions (10 events):
Event: 9.087 Thread 0x0000000021e73800 Implicit null exception at 0x00000000043546d9 to 0x0000000004354ebd
Event: 9.087 Thread 0x0000000021d73000 Implicit null exception at 0x00000000043546d9 to 0x0000000004354ebd
Event: 9.087 Thread 0x000000001fca8800 Implicit null exception at 0x0000000004355d8c to 0x0000000004356489
Event: 9.087 Thread 0x0000000020157800 Implicit null exception at 0x00000000043546d9 to 0x0000000004354ebd
Event: 9.087 Thread 0x000000001ee11800 Implicit null exception at 0x0000000004355d8c to 0x0000000004356489
Event: 10.678 Thread 0x00000000030d2800 Exception <a 'java/lang/NoSuchFieldError': method resolution failed> (0x0000000771bd7fa8) thrown at [C:\re\workspace\8-2-build-windows-amd64-cygwin\jdk8u181\11358\hotspot\src\share\vm\prims\methodHandles.cpp, line 1167]
Event: 10.681 Thread 0x00000000030d2800 Exception <a 'java/lang/NoSuchFieldError': method resolution failed> (0x0000000771be5a38) thrown at [C:\re\workspace\8-2-build-windows-amd64-cygwin\jdk8u181\11358\hotspot\src\share\vm\prims\methodHandles.cpp, line 1167]
Event: 11.405 Thread 0x00000000030d2800 Exception <a 'java/lang/NoSuchMethodError': java.lang.Object.lambda$and$0(Ljava/util/function/Predicate;Ljava/lang/Object;)Z> (0x000000076c14d360) thrown at [C:\re\workspace\8-2-build-windows-amd64-cygwin\jdk8u181\11358\hotspot\src\share\vm\interpreter\li
Event: 11.463 Thread 0x00000000030d2800 Exception <a 'java/lang/NoSuchMethodError': java.lang.Object.lambda$comparingInt$7b0bb60$1(Ljava/util/function/ToIntFunction;Ljava/lang/Object;Ljava/lang/Object;)I> (0x000000076c4ecf18) thrown at [C:\re\workspace\8-2-build-windows-amd64-cygwin\jdk8u181\11
Event: 45.904 Thread 0x0000000021d73000 Implicit null exception at 0x0000000003d52239 to 0x0000000003d525a9

Events (10 events):
Event: 55.595 Thread 0x000000001eb01800 flushing nmethod 0x000000000354a3d0
Event: 55.597 Thread 0x000000001eb01800 flushing nmethod 0x000000000376c850
Event: 55.597 Thread 0x000000001eb01800 flushing nmethod 0x00000000037c6690
Event: 55.597 Thread 0x000000001eb01800 flushing nmethod 0x000000000385e8d0
Event: 55.597 Thread 0x000000001eb01800 flushing nmethod 0x0000000003874b10
Event: 55.597 Thread 0x000000001eb01800 flushing nmethod 0x00000000038b3410
Event: 55.597 Thread 0x000000001eb01800 flushing nmethod 0x00000000038f6310
Event: 55.597 Thread 0x000000001eb01800 flushing nmethod 0x0000000003908950
Event: 55.598 Thread 0x000000001eb01800 flushing nmethod 0x000000000392bc10
Event: 55.598 Thread 0x000000001eb01800 flushing nmethod 0x000000000396a990


Dynamic libraries:
0x00007ff69c610000 - 0x00007ff69c647000 	C:\Program Files\Java\jdk1.8.0_181\bin\java.exe
0x00007ffad4830000 - 0x00007ffad4a11000 	C:\WINDOWS\SYSTEM32\ntdll.dll
0x00007ffad2120000 - 0x00007ffad21d2000 	C:\WINDOWS\System32\KERNEL32.DLL
0x00007ffad15b0000 - 0x00007ffad1823000 	C:\WINDOWS\System32\KERNELBASE.dll
0x00007ffad2940000 - 0x00007ffad29e1000 	C:\WINDOWS\System32\ADVAPI32.dll
0x00007ffad2890000 - 0x00007ffad292e000 	C:\WINDOWS\System32\msvcrt.dll
0x00007ffad1e70000 - 0x00007ffad1ecb000 	C:\WINDOWS\System32\sechost.dll
0x00007ffad1ff0000 - 0x00007ffad2114000 	C:\WINDOWS\System32\RPCRT4.dll
0x00007ffad45c0000 - 0x00007ffad4750000 	C:\WINDOWS\System32\USER32.dll
0x00007ffad1590000 - 0x00007ffad15b0000 	C:\WINDOWS\System32\win32u.dll
0x00007ffad1cc0000 - 0x00007ffad1ce8000 	C:\WINDOWS\System32\GDI32.dll
0x00007ffad1b20000 - 0x00007ffad1cb2000 	C:\WINDOWS\System32\gdi32full.dll
0x00007ffad1a20000 - 0x00007ffad1abf000 	C:\WINDOWS\System32\msvcp_win.dll
0x00007ffad13e0000 - 0x00007ffad14da000 	C:\WINDOWS\System32\ucrtbase.dll
0x00007ffac5710000 - 0x00007ffac5979000 	C:\WINDOWS\WinSxS\amd64_microsoft.windows.common-controls_6595b64144ccf1df_6.0.17134.471_none_fb3e9aab3068fc16\COMCTL32.dll
0x00007ffad2560000 - 0x00007ffad2882000 	C:\WINDOWS\System32\combase.dll
0x00007ffad1310000 - 0x00007ffad138a000 	C:\WINDOWS\System32\bcryptPrimitives.dll
0x00007ffad4280000 - 0x00007ffad42ad000 	C:\WINDOWS\System32\IMM32.DLL
0x0000000058bd0000 - 0x0000000058ca2000 	C:\Program Files\Java\jdk1.8.0_181\jre\bin\msvcr100.dll
0x0000000058e50000 - 0x00000000596f2000 	C:\Program Files\Java\jdk1.8.0_181\jre\bin\server\jvm.dll
0x00007ffad1fe0000 - 0x00007ffad1fe8000 	C:\WINDOWS\System32\PSAPI.DLL
0x00007ffacd4a0000 - 0x00007ffacd4a9000 	C:\WINDOWS\SYSTEM32\WSOCK32.dll
0x00007ffac9470000 - 0x00007ffac947a000 	C:\WINDOWS\SYSTEM32\VERSION.dll
0x00007fface7f0000 - 0x00007fface813000 	C:\WINDOWS\SYSTEM32\WINMM.dll
0x00007ffad4330000 - 0x00007ffad439c000 	C:\WINDOWS\System32\WS2_32.dll
0x00007ffacda70000 - 0x00007ffacda9a000 	C:\WINDOWS\SYSTEM32\winmmbase.dll
0x00007ffad1390000 - 0x00007ffad13d9000 	C:\WINDOWS\System32\cfgmgr32.dll
0x000000005aae0000 - 0x000000005aaef000 	C:\Program Files\Java\jdk1.8.0_181\jre\bin\verify.dll
0x000000005aab0000 - 0x000000005aad9000 	C:\Program Files\Java\jdk1.8.0_181\jre\bin\java.dll
0x000000005aa90000 - 0x000000005aaa6000 	C:\Program Files\Java\jdk1.8.0_181\jre\bin\zip.dll
0x00007ffad29f0000 - 0x00007ffad3e30000 	C:\WINDOWS\System32\SHELL32.dll
0x00007ffad4750000 - 0x00007ffad47f9000 	C:\WINDOWS\System32\shcore.dll
0x00007ffad0c00000 - 0x00007ffad130d000 	C:\WINDOWS\System32\windows.storage.dll
0x00007ffad42d0000 - 0x00007ffad4321000 	C:\WINDOWS\System32\shlwapi.dll
0x00007ffad0be0000 - 0x00007ffad0bf1000 	C:\WINDOWS\System32\kernel.appcore.dll
0x00007ffad0ba0000 - 0x00007ffad0bbf000 	C:\WINDOWS\System32\profapi.dll
0x00007ffad0b50000 - 0x00007ffad0b9c000 	C:\WINDOWS\System32\powrprof.dll
0x00007ffad0b40000 - 0x00007ffad0b4a000 	C:\WINDOWS\System32\FLTLIB.DLL
0x00007ffacd490000 - 0x00007ffacd49a000 	D:\Programmi\apache-maven-3.6.0-bin\apache-maven-3.6.0\lib\jansi-native\windows64\jansi.dll
0x0000000059ce0000 - 0x0000000059cfa000 	C:\Program Files\Java\jdk1.8.0_181\jre\bin\net.dll
0x00007ffad03c0000 - 0x00007ffad0426000 	C:\WINDOWS\system32\mswsock.dll
0x0000000058e30000 - 0x0000000058e41000 	C:\Program Files\Java\jdk1.8.0_181\jre\bin\nio.dll
0x000000005aa80000 - 0x000000005aa8d000 	C:\Program Files\Java\jdk1.8.0_181\jre\bin\management.dll
0x00007ffad0570000 - 0x00007ffad0587000 	C:\WINDOWS\SYSTEM32\CRYPTSP.dll
0x00007ffacffa0000 - 0x00007ffacffd3000 	C:\WINDOWS\system32\rsaenh.dll
0x00007ffad06a0000 - 0x00007ffad06c5000 	C:\WINDOWS\SYSTEM32\bcrypt.dll
0x00007ffad0a70000 - 0x00007ffad0a98000 	C:\WINDOWS\SYSTEM32\USERENV.dll
0x00007ffad0590000 - 0x00007ffad059b000 	C:\WINDOWS\SYSTEM32\CRYPTBASE.dll
0x00007ffad0140000 - 0x00007ffad0178000 	C:\WINDOWS\SYSTEM32\IPHLPAPI.DLL
0x00007ffad1f70000 - 0x00007ffad1f78000 	C:\WINDOWS\System32\NSI.dll
0x00007ffac8ab0000 - 0x00007ffac8ac6000 	C:\WINDOWS\SYSTEM32\dhcpcsvc6.DLL
0x00007ffac8cc0000 - 0x00007ffac8cda000 	C:\WINDOWS\SYSTEM32\dhcpcsvc.DLL
0x00007ffac5e50000 - 0x00007ffac5e80000 	D:\github\plathea\jaxrs-jersey-server-generated\src\main\java\io\core\InterfaceJNI_DLL.dll
0x00007ffab5090000 - 0x00007ffab50b1000 	C:\WINDOWS\SYSTEM32\VCRUNTIME140D.dll
0x00007ffab22b0000 - 0x00007ffab23a4000 	C:\WINDOWS\SYSTEM32\MSVCP140D.dll
0x00007ffa9e900000 - 0x00007ffa9eabd000 	C:\WINDOWS\SYSTEM32\ucrtbased.dll
0x00007ffa836d0000 - 0x00007ffa83ab5000 	D:\github\plathea\jaxrs-jersey-server-generated\PlatheaDLL.dll
0x00007ffad2310000 - 0x00007ffad23fd000 	C:\WINDOWS\System32\COMDLG32.dll
0x00007ffad2400000 - 0x00007ffad2551000 	C:\WINDOWS\System32\ole32.dll
0x00007ffaa5c00000 - 0x00007ffaa5d08000 	D:\github\plathea\jaxrs-jersey-server-generated\opencv_video310d.dll
0x00007ffa78a40000 - 0x00007ffa799de000 	D:\github\plathea\jaxrs-jersey-server-generated\opencv_core310d.dll
0x00007ffa98140000 - 0x00007ffa982ec000 	D:\github\plathea\jaxrs-jersey-server-generated\opencv_ml310d.dll
0x00007ffab4370000 - 0x00007ffab43d6000 	D:\github\plathea\jaxrs-jersey-server-generated\opencv_highgui310d.dll
0x00007ffa98e60000 - 0x00007ffa98ff4000 	D:\github\plathea\jaxrs-jersey-server-generated\opencv_objdetect310d.dll
0x00007ffa76870000 - 0x00007ffa78a3b000 	D:\github\plathea\jaxrs-jersey-server-generated\opencv_imgproc310d.dll
0x00007ffa76490000 - 0x00007ffa76864000 	D:\github\plathea\jaxrs-jersey-server-generated\opencv_calib3d310d.dll
0x00007ffaa2fe0000 - 0x00007ffaa3096000 	C:\WINDOWS\SYSTEM32\CONCRT140D.dll
0x00007ffa9f870000 - 0x00007ffa9f922000 	D:\github\plathea\jaxrs-jersey-server-generated\opencv_videoio310d.dll
0x00007ffad2240000 - 0x00007ffad2302000 	C:\WINDOWS\System32\OLEAUT32.dll
0x00007ffa73b10000 - 0x00007ffa7406e000 	D:\github\plathea\jaxrs-jersey-server-generated\opencv_imgcodecs310d.dll
0x00007ffab4290000 - 0x00007ffab42b9000 	C:\WINDOWS\SYSTEM32\MSVFW32.dll
0x00007ffab6a40000 - 0x00007ffab6a5f000 	C:\WINDOWS\SYSTEM32\AVIFIL32.dll
0x00007ffab5210000 - 0x00007ffab5228000 	C:\WINDOWS\SYSTEM32\AVICAP32.dll
0x00007ffacc070000 - 0x00007ffacc08c000 	C:\WINDOWS\SYSTEM32\MSACM32.dll
0x00007ffa76260000 - 0x00007ffa76485000 	D:\github\plathea\jaxrs-jersey-server-generated\opencv_features2d310d.dll
0x00007ffa9ae20000 - 0x00007ffa9af9d000 	D:\github\plathea\jaxrs-jersey-server-generated\opencv_flann310d.dll
0x00007ffa9f7e0000 - 0x00007ffa9f865000 	C:\WINDOWS\SYSTEM32\OpenCL.dll
0x00007ffa724e0000 - 0x00007ffa73b0d000 	C:\WINDOWS\System32\nvopencl.dll
0x00007ffad3e30000 - 0x00007ffad427b000 	C:\WINDOWS\System32\SETUPAPI.dll
0x00007ffa9a6f0000 - 0x00007ffa9a80f000 	C:\WINDOWS\SYSTEM32\nvfatbinaryLoader.dll
0x00007ffacf230000 - 0x00007ffacf2c8000 	C:\WINDOWS\system32\uxtheme.dll
0x00007ffad0950000 - 0x00007ffad0977000 	C:\WINDOWS\SYSTEM32\DEVOBJ.dll
0x00007ffad1ac0000 - 0x00007ffad1b17000 	C:\WINDOWS\System32\WINTRUST.dll
0x00007ffad0bc0000 - 0x00007ffad0bd2000 	C:\WINDOWS\System32\MSASN1.dll
0x00007ffad1830000 - 0x00007ffad1a12000 	C:\WINDOWS\System32\CRYPT32.dll
0x00007ffab8f00000 - 0x00007ffab9380000 	C:\WINDOWS\system32\nvapi64.dll
0x00007ffacf900000 - 0x00007ffacf9bb000 	C:\WINDOWS\SYSTEM32\dxgi.dll
0x00007ffab4220000 - 0x00007ffab4282000 	C:\WINDOWS\SYSTEM32\IntelOpenCL64.dll
0x00007ffa9efa0000 - 0x00007ffa9f09d000 	C:\Program Files (x86)\Common Files\Intel\OpenCL\bin\x64\intelocl64.dll
0x00007ffa9f1d0000 - 0x00007ffa9f246000 	C:\Program Files (x86)\Common Files\Intel\OpenCL\bin\x64\task_executor64.dll
0x00007ffab6cc0000 - 0x00007ffab6de0000 	C:\WINDOWS\SYSTEM32\OPENGL32.dll
0x00007ffabfb50000 - 0x00007ffabfb7c000 	C:\WINDOWS\SYSTEM32\GLU32.dll
0x00007ffacfc30000 - 0x00007ffacfc61000 	C:\WINDOWS\SYSTEM32\ntmarta.dll
0x00007ffa9e5e0000 - 0x00007ffa9e675000 	C:\Program Files (x86)\Common Files\Intel\OpenCL\bin\x64\cpu_device64.dll
0x00007ffaa65a0000 - 0x00007ffaa6609000 	C:\Program Files (x86)\Common Files\Intel\OpenCL\bin\x64\tbb\tbb.dll
0x00007ffa96b00000 - 0x00007ffa96cf4000 	C:\WINDOWS\SYSTEM32\igdrcl64.dll
0x00007ffa6ad40000 - 0x00007ffa6c322000 	C:\WINDOWS\SYSTEM32\igdfcl64.dll
0x00007ffabd280000 - 0x00007ffabd449000 	C:\WINDOWS\SYSTEM32\dbghelp.dll
0x00007ffa9fbc0000 - 0x00007ffa9fc1f000 	C:\WINDOWS\SYSTEM32\igdbcl64.dll
0x00007ffaca5d0000 - 0x00007ffacaa34000 	C:\WINDOWS\SYSTEM32\igdusc64.dll
0x0000000066840000 - 0x0000000067b0b000 	D:\github\plathea\jaxrs-jersey-server-generated\opencv_ffmpeg310_64.dll

VM Arguments:
jvm_args: -Dclassworlds.conf=D:\Programmi\apache-maven-3.6.0-bin\apache-maven-3.6.0\bin\..\bin\m2.conf -Dmaven.home=D:\Programmi\apache-maven-3.6.0-bin\apache-maven-3.6.0\bin\.. -Dlibrary.jansi.path=D:\Programmi\apache-maven-3.6.0-bin\apache-maven-3.6.0\bin\..\lib\jansi-native -Dmaven.multiModuleProjectDirectory=D:\github\plathea\jaxrs-jersey-server-generated 
java_command: org.codehaus.plexus.classworlds.launcher.Launcher clean package jetty:run
java_class_path (initial): D:\Programmi\apache-maven-3.6.0-bin\apache-maven-3.6.0\bin\..\boot\plexus-classworlds-2.5.2.jar
Launcher Type: SUN_STANDARD

Environment Variables:
JAVA_HOME=C:\Program Files\Java\jdk1.8.0_181
PATH=C:\Program Files (x86)\Common Files\Oracle\Java\javapath;C:\Users\jack1\Desktop\plathea-code-22-trunk\plathea-code-22-trunk\opencv-master\build\install_release\x64\vc12\bin;C:\WINDOWS\system32;C:\WINDOWS;C:\WINDOWS\System32\Wbem;C:\WINDOWS\System32\WindowsPowerShell\v1.0\;C:\Program Files\Git\cmd;C:\Program Files\nodejs\;C:\Program Files\PuTTY\;C:\Users\jack1\AppData\Local\Microsoft\WindowsApps;C:\Users\jack1\AppData\Roaming\npm;C:\Users\jack1\AppData\Local\atom\bin;C:\adb;C:\WINDOWS\system32;C:\WINDOWS;C:\WINDOWS\System32\Wbem;C:\WINDOWS\System32\WindowsPowerShell\v1.0\;C:\WINDOWS\System32\OpenSSH\;C:\Users\jack1\Desktop\plathea-code-22-trunk\plathea-code-22-trunk\opencv-master\build\install_debug\x64\vc12\bin;C:\Users\jack1\AppData\Local\Microsoft\WindowsApps;C:\Users\jack1\AppData\Roaming\npm;C:\Users\jack1\AppData\Local\atom\bin;C:\Users\jack1\AppData\Local\Microsoft\WindowsApps;C:\Program Files\LLVM\bin;C:\ProgramData\jack1\atom\bin;C:\Program Files\Java\jdk1.8.0_181\bin;C:\Program Files\mingw-w64\x86_64-8.1.0-win32-seh-rt_v6-rev0\mingw64\bin;D:\Programmi\apache-maven-3.6.0-bin\apache-maven-3.6.0\bin;D:\github\plathea\LeoStormLibrary\LeoStormWindowsLib;D:\github\plathea\jaxrs-jersey-server-generated;
USERNAME=jack1
OS=Windows_NT
PROCESSOR_IDENTIFIER=Intel64 Family 6 Model 58 Stepping 9, GenuineIntel



---------------  S Y S T E M  ---------------

OS: Windows 10.0 , 64 bit Build 17134 (10.0.17134.1)

CPU:total 8 (initial active 8) (4 cores per cpu, 2 threads per core) family 6 model 58 stepping 9, cmov, cx8, fxsr, mmx, sse, sse2, sse3, ssse3, sse4.1, sse4.2, popcnt, avx, aes, clmul, erms, ht, tsc, tscinvbit, tscinv

Memory: 4k page, physical 16659944k(8310424k free), swap 19150312k(7881360k free)

vm_info: Java HotSpot(TM) 64-Bit Server VM (25.181-b13) for windows-amd64 JRE (1.8.0_181-b13), built on Jul  7 2018 04:01:33 by "java_re" with MS VC++ 10.0 (VS2010)

time: Tue Dec 18 16:22:52 2018
elapsed time: 55 seconds (0d 0h 0m 55s)

