#
# A fatal error has been detected by the Java Runtime Environment:
#
#  EXCEPTION_ACCESS_VIOLATION (0xc0000005) at pc=0x0000000052a44917, pid=20952, tid=0x0000000000005e2c
#
# JRE version: Java(TM) SE Runtime Environment (8.0_181-b13) (build 1.8.0_181-b13)
# Java VM: Java HotSpot(TM) 64-Bit Server VM (25.181-b13 mixed mode windows-amd64 compressed oops)
# Problematic frame:
# V  [jvm.dll+0x214917]
#
# Failed to write core dump. Minidumps are not enabled by default on client versions of Windows
#
# If you would like to submit a bug report, please visit:
#   http://bugreport.java.com/bugreport/crash.jsp
#

---------------  T H R E A D  ---------------

Current thread (0x00000000202ad800):  JavaThread "qtp2033788292-21" [_thread_in_Java, id=24108, stack(0x0000000026830000,0x0000000026930000)]

siginfo: ExceptionCode=0xc0000005, reading address 0x00000000ffffffff

Registers:
RAX=0x00000000ffffffff, RBX=0x00000000321f31e8, RCX=0x000000002692c650, RDX=0x0000000000000001
RSP=0x000000002692c388, RBP=0x000000002692c490, RSI=0x00000000202ad800, RDI=0x00000000ffffffff
R8 =0x0000000000000001, R9 =0x000000002692c658, R10=0x0000000003000827, R11=0x0000000000000006
R12=0x000000002088f140, R13=0x00000000202ad800, R14=0x000000002692c428, R15=0x00000000321f31e8
RIP=0x0000000052a44917, EFLAGS=0x0000000000010206

Top of Stack: (sp=0x000000002692c388)
0x000000002692c388:   0000000052a45805 00000000321f31e8
0x000000002692c398:   000000002692c490 0000000020188918
0x000000002692c3a8:   00000000202ad800 00000000202ad800
0x000000002692c3b8:   0000000052a678fd 000000002692c530
0x000000002692c3c8:   00000000321f30e8 00000000321f31e8
0x000000002692c3d8:   00000000202ad800 0000000003013be0
0x000000002692c3e8:   0000000052a671b6 000000002692c4f0
0x000000002692c3f8:   0000000021dbe660 00008f3bb505b2f2
0x000000002692c408:   0000000020188948 0000000000000000
0x000000002692c418:   00000000321f31e8 00000000202ad800
0x000000002692c428:   0000000020188918 00000000321f31e8
0x000000002692c438:   00000000202ad800 000000002692c768
0x000000002692c448:   cccccccccccccccc 00000000202ad800
0x000000002692c458:   000000002316e5c0 00000000321f31e8
0x000000002692c468:   000000076fc60910 000000002692ce10
0x000000002692c478:   0000000003018c3b 000000002692ce80 

Instructions: (pc=0x0000000052a44917)
0x0000000052a448f7:   68 7e 30 66 0f 1f 44 00 00 48 8b 41 60 80 3c 02
0x0000000052a44907:   00 74 14 4c 8b 49 58 49 8b 04 d1 48 85 c0 74 03
0x0000000052a44917:   48 8b 00 49 89 04 d1 41 ff c0 48 ff c2 44 3b 41
0x0000000052a44927:   68 7c d6 48 8b 41 58 c3 cc 40 53 48 83 ec 20 80 


Register to memory mapping:

RAX=0x00000000ffffffff is an unknown value
RBX={method} {0x00000000321f31f0} '<init>' '(Lio/core/InterfaceJNI;IIII)V' in 'io/core/InterfaceJNI$TrackedPerson'
RCX=0x000000002692c650 is pointing into the stack for thread: 0x00000000202ad800
RDX=0x0000000000000001 is an unknown value
RSP=0x000000002692c388 is pointing into the stack for thread: 0x00000000202ad800
RBP=0x000000002692c490 is pointing into the stack for thread: 0x00000000202ad800
RSI=0x00000000202ad800 is a thread
RDI=0x00000000ffffffff is an unknown value
R8 =0x0000000000000001 is an unknown value
R9 =0x000000002692c658 is pointing into the stack for thread: 0x00000000202ad800
R10=0x0000000003000827 is at begin+0 in a stub
StubRoutines::call_stub [0x0000000003000827, 0x000000000300098b[ (356 bytes)
R11=0x0000000000000006 is an unknown value
R12=0x000000002088f140 is an unknown value
R13=0x00000000202ad800 is a thread
R14=0x000000002692c428 is pointing into the stack for thread: 0x00000000202ad800
R15={method} {0x00000000321f31f0} '<init>' '(Lio/core/InterfaceJNI;IIII)V' in 'io/core/InterfaceJNI$TrackedPerson'


Stack: [0x0000000026830000,0x0000000026930000],  sp=0x000000002692c388,  free space=1008k
Native frames: (J=compiled Java code, j=interpreted, Vv=VM code, C=native code)
V  [jvm.dll+0x214917]


---------------  P R O C E S S  ---------------

Java Threads: ( => current thread )
  0x0000000020247800 JavaThread "Scheduler-2049795950" [_thread_blocked, id=16516, stack(0x0000000031cc0000,0x0000000031dc0000)]
  0x000000002024b800 JavaThread "org.eclipse.jetty.server.session.HashSessionManager@3509f32dTimer" daemon [_thread_blocked, id=776, stack(0x0000000030d80000,0x0000000030e80000)]
  0x0000000021c25000 JavaThread "qtp2033788292-24-acceptor-0@3aa5586b-ServerConnector@1703e50d{HTTP/1.1}{0.0.0.0:8080}" [_thread_in_native, id=17184, stack(0x0000000026e60000,0x0000000026f60000)]
  0x00000000202ae000 JavaThread "qtp2033788292-22-selector-ServerConnectorManager@6488371a/1" [_thread_in_native, id=20768, stack(0x0000000026930000,0x0000000026a30000)]
=>0x00000000202ad800 JavaThread "qtp2033788292-21" [_thread_in_Java, id=24108, stack(0x0000000026830000,0x0000000026930000)]
  0x000000002316f800 JavaThread "qtp2033788292-20" [_thread_blocked, id=8488, stack(0x0000000026630000,0x0000000026730000)]
  0x000000001ecb1800 JavaThread "qtp2033788292-19-selector-ServerConnectorManager@6488371a/3" [_thread_in_native, id=6644, stack(0x0000000025330000,0x0000000025430000)]
  0x000000001ecb0800 JavaThread "qtp2033788292-18-selector-ServerConnectorManager@6488371a/2" [_thread_in_native, id=5888, stack(0x0000000025230000,0x0000000025330000)]
  0x000000002087a000 JavaThread "qtp2033788292-17" [_thread_blocked, id=5184, stack(0x0000000025130000,0x0000000025230000)]
  0x0000000023387000 JavaThread "qtp2033788292-15-selector-ServerConnectorManager@6488371a/0" [_thread_in_native, id=17240, stack(0x0000000024f30000,0x0000000025030000)]
  0x00000000218c2800 JavaThread "ShutdownMonitor" daemon [_thread_in_native, id=17952, stack(0x0000000024e30000,0x0000000024f30000)]
  0x000000001e9ce000 JavaThread "Service Thread" daemon [_thread_blocked, id=18724, stack(0x000000001f520000,0x000000001f620000)]
  0x000000001e947800 JavaThread "C1 CompilerThread3" daemon [_thread_blocked, id=2444, stack(0x000000001f420000,0x000000001f520000)]
  0x000000001e940800 JavaThread "C2 CompilerThread2" daemon [_thread_blocked, id=15912, stack(0x000000001f320000,0x000000001f420000)]
  0x000000001e940000 JavaThread "C2 CompilerThread1" daemon [_thread_blocked, id=24312, stack(0x000000001f220000,0x000000001f320000)]
  0x000000001e93e000 JavaThread "C2 CompilerThread0" daemon [_thread_blocked, id=18128, stack(0x000000001f120000,0x000000001f220000)]
  0x000000001e93b000 JavaThread "Attach Listener" daemon [_thread_blocked, id=19144, stack(0x000000001f020000,0x000000001f120000)]
  0x000000001e93a800 JavaThread "Signal Dispatcher" daemon [_thread_blocked, id=23192, stack(0x000000001ef20000,0x000000001f020000)]
  0x000000001e930800 JavaThread "Finalizer" daemon [_thread_blocked, id=16320, stack(0x000000001ed10000,0x000000001ee10000)]
  0x0000000002ff8800 JavaThread "Reference Handler" daemon [_thread_blocked, id=17312, stack(0x000000001e810000,0x000000001e910000)]
  0x0000000002f02800 JavaThread "main" [_thread_blocked, id=7356, stack(0x0000000002d40000,0x0000000002e40000)]

Other Threads:
  0x000000001ca1a000 VMThread [stack: 0x000000001e710000,0x000000001e810000] [id=17520]
  0x000000001e9f8800 WatcherThread [stack: 0x000000001f620000,0x000000001f720000] [id=19284]

VM state:not at safepoint (normal execution)

VM Mutex/Monitor currently owned by a thread: None

Heap:
 PSYoungGen      total 203264K, used 74884K [0x000000076b400000, 0x000000077a400000, 0x00000007c0000000)
  eden space 161792K, 46% used [0x000000076b400000,0x000000076fd21258,0x0000000775200000)
  from space 41472K, 0% used [0x0000000777b80000,0x0000000777b80000,0x000000077a400000)
  to   space 41984K, 0% used [0x0000000775200000,0x0000000775200000,0x0000000777b00000)
 ParOldGen       total 178176K, used 29284K [0x00000006c1c00000, 0x00000006cca00000, 0x000000076b400000)
  object space 178176K, 16% used [0x00000006c1c00000,0x00000006c38993a8,0x00000006cca00000)
 Metaspace       used 43153K, capacity 44612K, committed 44672K, reserved 1089536K
  class space    used 5135K, capacity 5492K, committed 5504K, reserved 1048576K

Card table byte_map: [0x00000000123c0000,0x0000000012bc0000] byte_map_base: 0x000000000edb2000

Marking Bits: (ParMarkBitMap*) 0x0000000053052d00
 Begin Bits: [0x0000000013910000, 0x00000000178a0000)
 End Bits:   [0x00000000178a0000, 0x000000001b830000)

Polling page: 0x0000000001020000

CodeCache: size=245760Kb used=23360Kb max_used=23475Kb free=222399Kb
 bounds [0x0000000003000000, 0x0000000004720000, 0x0000000012000000]
 total_blobs=6838 nmethods=6345 adapters=405
 compilation: enabled

Compilation events (10 events):
Event: 167.644 Thread 0x000000001e947800 nmethod 7506 0x0000000004316150 code [0x00000000043162a0, 0x00000000043163b0]
Event: 167.644 Thread 0x000000001e947800 7507       1       java.util.Collections::emptyIterator (4 bytes)
Event: 167.644 Thread 0x000000001e947800 nmethod 7507 0x00000000033dba90 code [0x00000000033dbbe0, 0x00000000033dbcd0]
Event: 167.644 Thread 0x000000001e947800 7508       3       org.glassfish.jersey.message.internal.TracingLogger$1::log (1 bytes)
Event: 167.644 Thread 0x000000001e947800 nmethod 7508 0x0000000003951250 code [0x00000000039513a0, 0x00000000039514f0]
Event: 167.644 Thread 0x000000001e947800 7509   !   3       org.jvnet.hk2.internal.SystemDescriptor::create (200 bytes)
Event: 167.644 Thread 0x000000001e940000 nmethod 7505 0x0000000003d01810 code [0x0000000003d01960, 0x0000000003d01a78]
Event: 167.645 Thread 0x000000001e947800 nmethod 7509 0x00000000042db150 code [0x00000000042db4a0, 0x00000000042dcdd8]
Event: 167.646 Thread 0x000000001e947800 7510       1       org.jvnet.hk2.internal.ServiceLocatorImpl::getNeutralContextClassLoader (5 bytes)
Event: 167.646 Thread 0x000000001e947800 nmethod 7510 0x0000000003d01550 code [0x0000000003d016a0, 0x0000000003d017b0]

GC Heap History (10 events):
Event: 9.479 GC heap before
{Heap before GC invocations=8 (full 1):
 PSYoungGen      total 103424K, used 103120K [0x000000076b400000, 0x0000000772980000, 0x00000007c0000000)
  eden space 89088K, 99% used [0x000000076b400000,0x0000000770aff8e8,0x0000000770b00000)
  from space 14336K, 97% used [0x0000000771a00000,0x00000007727b4ae8,0x0000000772800000)
  to   space 15360K, 0% used [0x0000000770b00000,0x0000000770b00000,0x0000000771a00000)
 ParOldGen       total 118784K, used 14802K [0x00000006c1c00000, 0x00000006c9000000, 0x000000076b400000)
  object space 118784K, 12% used [0x00000006c1c00000,0x00000006c2a74910,0x00000006c9000000)
 Metaspace       used 28586K, capacity 29392K, committed 29696K, reserved 1075200K
  class space    used 3260K, capacity 3461K, committed 3584K, reserved 1048576K
Event: 9.515 GC heap after
Heap after GC invocations=8 (full 1):
 PSYoungGen      total 104448K, used 15328K [0x000000076b400000, 0x0000000775900000, 0x00000007c0000000)
  eden space 89088K, 0% used [0x000000076b400000,0x000000076b400000,0x0000000770b00000)
  from space 15360K, 99% used [0x0000000770b00000,0x00000007719f8260,0x0000000771a00000)
  to   space 21504K, 0% used [0x0000000774400000,0x0000000774400000,0x0000000775900000)
 ParOldGen       total 118784K, used 23995K [0x00000006c1c00000, 0x00000006c9000000, 0x000000076b400000)
  object space 118784K, 20% used [0x00000006c1c00000,0x00000006c336ed80,0x00000006c9000000)
 Metaspace       used 28586K, capacity 29392K, committed 29696K, reserved 1075200K
  class space    used 3260K, capacity 3461K, committed 3584K, reserved 1048576K
}
Event: 9.975 GC heap before
{Heap before GC invocations=9 (full 1):
 PSYoungGen      total 104448K, used 104416K [0x000000076b400000, 0x0000000775900000, 0x00000007c0000000)
  eden space 89088K, 100% used [0x000000076b400000,0x0000000770b00000,0x0000000770b00000)
  from space 15360K, 99% used [0x0000000770b00000,0x00000007719f8260,0x0000000771a00000)
  to   space 21504K, 0% used [0x0000000774400000,0x0000000774400000,0x0000000775900000)
 ParOldGen       total 118784K, used 23999K [0x00000006c1c00000, 0x00000006c9000000, 0x000000076b400000)
  object space 118784K, 20% used [0x00000006c1c00000,0x00000006c336fda0,0x00000006c9000000)
 Metaspace       used 28601K, capacity 29392K, committed 29696K, reserved 1075200K
  class space    used 3260K, capacity 3461K, committed 3584K, reserved 1048576K
Event: 10.043 GC heap after
Heap after GC invocations=9 (full 1):
 PSYoungGen      total 136704K, used 21500K [0x000000076b400000, 0x0000000778400000, 0x00000007c0000000)
  eden space 115200K, 0% used [0x000000076b400000,0x000000076b400000,0x0000000772480000)
  from space 21504K, 99% used [0x0000000774400000,0x00000007758ff3c8,0x0000000775900000)
  to   space 32256K, 0% used [0x0000000772480000,0x0000000772480000,0x0000000774400000)
 ParOldGen       total 118784K, used 43047K [0x00000006c1c00000, 0x00000006c9000000, 0x000000076b400000)
  object space 118784K, 36% used [0x00000006c1c00000,0x00000006c4609f18,0x00000006c9000000)
 Metaspace       used 28601K, capacity 29392K, committed 29696K, reserved 1075200K
  class space    used 3260K, capacity 3461K, committed 3584K, reserved 1048576K
}
Event: 11.271 GC heap before
{Heap before GC invocations=10 (full 1):
 PSYoungGen      total 136704K, used 136700K [0x000000076b400000, 0x0000000778400000, 0x00000007c0000000)
  eden space 115200K, 100% used [0x000000076b400000,0x0000000772480000,0x0000000772480000)
  from space 21504K, 99% used [0x0000000774400000,0x00000007758ff3c8,0x0000000775900000)
  to   space 32256K, 0% used [0x0000000772480000,0x0000000772480000,0x0000000774400000)
 ParOldGen       total 118784K, used 43047K [0x00000006c1c00000, 0x00000006c9000000, 0x000000076b400000)
  object space 118784K, 36% used [0x00000006c1c00000,0x00000006c4609f18,0x00000006c9000000)
 Metaspace       used 32333K, capacity 33292K, committed 33536K, reserved 1079296K
  class space    used 3740K, capacity 4007K, committed 4096K, reserved 1048576K
Event: 11.341 GC heap after
Heap after GC invocations=10 (full 1):
 PSYoungGen      total 147456K, used 32234K [0x000000076b400000, 0x000000077a480000, 0x00000007c0000000)
  eden space 115200K, 0% used [0x000000076b400000,0x000000076b400000,0x0000000772480000)
  from space 32256K, 99% used [0x0000000772480000,0x00000007743fab78,0x0000000774400000)
  to   space 41984K, 0% used [0x0000000777b80000,0x0000000777b80000,0x000000077a480000)
 ParOldGen       total 118784K, used 55898K [0x00000006c1c00000, 0x00000006c9000000, 0x000000076b400000)
  object space 118784K, 47% used [0x00000006c1c00000,0x00000006c52969f0,0x00000006c9000000)
 Metaspace       used 32333K, capacity 33292K, committed 33536K, reserved 1079296K
  class space    used 3740K, capacity 4007K, committed 4096K, reserved 1048576K
}
Event: 11.646 GC heap before
{Heap before GC invocations=11 (full 1):
 PSYoungGen      total 147456K, used 49211K [0x000000076b400000, 0x000000077a480000, 0x00000007c0000000)
  eden space 115200K, 14% used [0x000000076b400000,0x000000076c494418,0x0000000772480000)
  from space 32256K, 99% used [0x0000000772480000,0x00000007743fab78,0x0000000774400000)
  to   space 41984K, 0% used [0x0000000777b80000,0x0000000777b80000,0x000000077a480000)
 ParOldGen       total 118784K, used 55898K [0x00000006c1c00000, 0x00000006c9000000, 0x000000076b400000)
  object space 118784K, 47% used [0x00000006c1c00000,0x00000006c52969f0,0x00000006c9000000)
 Metaspace       used 34151K, capacity 35320K, committed 35496K, reserved 1081344K
  class space    used 4031K, capacity 4325K, committed 4352K, reserved 1048576K
Event: 11.659 GC heap after
Heap after GC invocations=11 (full 1):
 PSYoungGen      total 203264K, used 7521K [0x000000076b400000, 0x000000077a400000, 0x00000007c0000000)
  eden space 161792K, 0% used [0x000000076b400000,0x000000076b400000,0x0000000775200000)
  from space 41472K, 18% used [0x0000000777b80000,0x00000007782d87b0,0x000000077a400000)
  to   space 41984K, 0% used [0x0000000775200000,0x0000000775200000,0x0000000777b00000)
 ParOldGen       total 118784K, used 68442K [0x00000006c1c00000, 0x00000006c9000000, 0x000000076b400000)
  object space 118784K, 57% used [0x00000006c1c00000,0x00000006c5ed6b48,0x00000006c9000000)
 Metaspace       used 34151K, capacity 35320K, committed 35496K, reserved 1081344K
  class space    used 4031K, capacity 4325K, committed 4352K, reserved 1048576K
}
Event: 11.659 GC heap before
{Heap before GC invocations=12 (full 2):
 PSYoungGen      total 203264K, used 7521K [0x000000076b400000, 0x000000077a400000, 0x00000007c0000000)
  eden space 161792K, 0% used [0x000000076b400000,0x000000076b400000,0x0000000775200000)
  from space 41472K, 18% used [0x0000000777b80000,0x00000007782d87b0,0x000000077a400000)
  to   space 41984K, 0% used [0x0000000775200000,0x0000000775200000,0x0000000777b00000)
 ParOldGen       total 118784K, used 68442K [0x00000006c1c00000, 0x00000006c9000000, 0x000000076b400000)
  object space 118784K, 57% used [0x00000006c1c00000,0x00000006c5ed6b48,0x00000006c9000000)
 Metaspace       used 34151K, capacity 35320K, committed 35496K, reserved 1081344K
  class space    used 4031K, capacity 4325K, committed 4352K, reserved 1048576K
Event: 11.724 GC heap after
Heap after GC invocations=12 (full 2):
 PSYoungGen      total 203264K, used 0K [0x000000076b400000, 0x000000077a400000, 0x00000007c0000000)
  eden space 161792K, 0% used [0x000000076b400000,0x000000076b400000,0x0000000775200000)
  from space 41472K, 0% used [0x0000000777b80000,0x0000000777b80000,0x000000077a400000)
  to   space 41984K, 0% used [0x0000000775200000,0x0000000775200000,0x0000000777b00000)
 ParOldGen       total 178176K, used 29284K [0x00000006c1c00000, 0x00000006cca00000, 0x000000076b400000)
  object space 178176K, 16% used [0x00000006c1c00000,0x00000006c38993a8,0x00000006cca00000)
 Metaspace       used 34151K, capacity 35320K, committed 35496K, reserved 1081344K
  class space    used 4031K, capacity 4325K, committed 4352K, reserved 1048576K
}

Deoptimization events (10 events):
Event: 91.321 Thread 0x000000002087a000 Uncommon trap: reason=class_check action=maybe_recompile pc=0x000000000382b5c8 method=java.util.Collections$UnmodifiableMap$UnmodifiableEntrySet$UnmodifiableEntry.getValue()Ljava/lang/Object; @ 4
Event: 92.095 Thread 0x000000002087a000 Uncommon trap: reason=speculate_class_check action=maybe_recompile pc=0x000000000461bb84 method=java.util.AbstractList.listIterator()Ljava/util/ListIterator; @ 2
Event: 100.508 Thread 0x00000000202ad800 Uncommon trap: reason=class_check action=maybe_recompile pc=0x000000000321ae94 method=java.util.Collections$UnmodifiableMap.entrySet()Ljava/util/Set; @ 16
Event: 100.508 Thread 0x00000000202ad800 Uncommon trap: reason=class_check action=maybe_recompile pc=0x0000000003819700 method=java.util.Collections$UnmodifiableMap$UnmodifiableEntrySet$1.next()Ljava/util/Map$Entry; @ 8
Event: 100.508 Thread 0x00000000202ad800 Uncommon trap: reason=class_check action=maybe_recompile pc=0x000000000382e688 method=java.util.Collections$UnmodifiableMap$UnmodifiableEntrySet$UnmodifiableEntry.getKey()Ljava/lang/Object; @ 4
Event: 100.508 Thread 0x00000000202ad800 Uncommon trap: reason=class_check action=maybe_recompile pc=0x000000000382b5c8 method=java.util.Collections$UnmodifiableMap$UnmodifiableEntrySet$UnmodifiableEntry.getValue()Ljava/lang/Object; @ 4
Event: 100.522 Thread 0x00000000202ad800 Uncommon trap: reason=speculate_class_check action=maybe_recompile pc=0x000000000461bb84 method=java.util.AbstractList.listIterator()Ljava/util/ListIterator; @ 2
Event: 105.715 Thread 0x000000002316f800 Uncommon trap: reason=class_check action=maybe_recompile pc=0x0000000003819700 method=java.util.Collections$UnmodifiableMap$UnmodifiableEntrySet$1.next()Ljava/util/Map$Entry; @ 8
Event: 105.715 Thread 0x000000002316f800 Uncommon trap: reason=class_check action=maybe_recompile pc=0x000000000382e688 method=java.util.Collections$UnmodifiableMap$UnmodifiableEntrySet$UnmodifiableEntry.getKey()Ljava/lang/Object; @ 4
Event: 105.715 Thread 0x000000002316f800 Uncommon trap: reason=class_check action=maybe_recompile pc=0x000000000382b5c8 method=java.util.Collections$UnmodifiableMap$UnmodifiableEntrySet$UnmodifiableEntry.getValue()Ljava/lang/Object; @ 4

Classes redefined (0 events):
No events

Internal exceptions (10 events):
Event: 9.205 Thread 0x0000000002f02800 Exception <a 'java/lang/ClassNotFoundException': sun/net/www/protocol/c/Handler> (0x000000076f13afe8) thrown at [C:\re\workspace\8-2-build-windows-amd64-cygwin\jdk8u181\11358\hotspot\src\share\vm\classfile\systemDictionary.cpp, line 210]
Event: 9.206 Thread 0x0000000002f02800 Exception <a 'java/lang/ClassNotFoundException': sun/net/www/protocol/c/Handler> (0x000000076f13d520) thrown at [C:\re\workspace\8-2-build-windows-amd64-cygwin\jdk8u181\11358\hotspot\src\share\vm\classfile\systemDictionary.cpp, line 210]
Event: 9.296 Thread 0x00000000202ae000 Implicit null exception at 0x0000000003d2e299 to 0x0000000003d2ea7d
Event: 9.296 Thread 0x00000000202ad800 Implicit null exception at 0x0000000003d2e299 to 0x0000000003d2ea7d
Event: 9.296 Thread 0x00000000225e8800 Implicit null exception at 0x0000000003d2e299 to 0x0000000003d2ea7d
Event: 9.296 Thread 0x000000001ecb0800 Implicit null exception at 0x0000000003d2e299 to 0x0000000003d2ea7d
Event: 11.067 Thread 0x0000000002f02800 Exception <a 'java/lang/NoSuchFieldError': method resolution failed> (0x00000007718aebb0) thrown at [C:\re\workspace\8-2-build-windows-amd64-cygwin\jdk8u181\11358\hotspot\src\share\vm\prims\methodHandles.cpp, line 1167]
Event: 11.069 Thread 0x0000000002f02800 Exception <a 'java/lang/NoSuchFieldError': method resolution failed> (0x00000007718bc640) thrown at [C:\re\workspace\8-2-build-windows-amd64-cygwin\jdk8u181\11358\hotspot\src\share\vm\prims\methodHandles.cpp, line 1167]
Event: 11.907 Thread 0x0000000002f02800 Exception <a 'java/lang/NoSuchMethodError': java.lang.Object.lambda$and$0(Ljava/util/function/Predicate;Ljava/lang/Object;)Z> (0x000000076c104640) thrown at [C:\re\workspace\8-2-build-windows-amd64-cygwin\jdk8u181\11358\hotspot\src\share\vm\interpreter\li
Event: 11.968 Thread 0x0000000002f02800 Exception <a 'java/lang/NoSuchMethodError': java.lang.Object.lambda$comparingInt$7b0bb60$1(Ljava/util/function/ToIntFunction;Ljava/lang/Object;Ljava/lang/Object;)I> (0x000000076c482220) thrown at [C:\re\workspace\8-2-build-windows-amd64-cygwin\jdk8u181\11

Events (10 events):
Event: 146.588 Thread 0x000000001e947800 flushing nmethod 0x0000000003d01550
Event: 146.589 Thread 0x000000001e947800 flushing nmethod 0x0000000003d7d990
Event: 146.589 Thread 0x000000001e947800 flushing nmethod 0x0000000003e58150
Event: 146.590 Thread 0x000000001e947800 flushing nmethod 0x0000000003ef5ed0
Event: 146.590 Thread 0x000000001e947800 flushing nmethod 0x0000000003f32590
Event: 146.590 Thread 0x000000001e947800 flushing nmethod 0x0000000003f60d10
Event: 146.590 Thread 0x000000001e947800 flushing nmethod 0x0000000003f9c290
Event: 146.591 Thread 0x000000001e947800 flushing nmethod 0x000000000402e5d0
Event: 146.595 Thread 0x000000001e947800 flushing nmethod 0x00000000042d95d0
Event: 146.595 Thread 0x000000001e947800 flushing nmethod 0x0000000004315f50


Dynamic libraries:
0x00007ff77a250000 - 0x00007ff77a287000 	C:\Program Files\Java\jdk1.8.0_181\bin\java.exe
0x00007ff8234d0000 - 0x00007ff8236b1000 	C:\WINDOWS\SYSTEM32\ntdll.dll
0x00007ff823160000 - 0x00007ff823212000 	C:\WINDOWS\System32\KERNEL32.DLL
0x00007ff81faa0000 - 0x00007ff81fd13000 	C:\WINDOWS\System32\KERNELBASE.dll
0x00007ff8227b0000 - 0x00007ff822851000 	C:\WINDOWS\System32\ADVAPI32.dll
0x00007ff822710000 - 0x00007ff8227ae000 	C:\WINDOWS\System32\msvcrt.dll
0x00007ff822580000 - 0x00007ff8225db000 	C:\WINDOWS\System32\sechost.dll
0x00007ff8225e0000 - 0x00007ff822704000 	C:\WINDOWS\System32\RPCRT4.dll
0x00007ff823220000 - 0x00007ff8233b0000 	C:\WINDOWS\System32\USER32.dll
0x00007ff81fd70000 - 0x00007ff81fd90000 	C:\WINDOWS\System32\win32u.dll
0x00007ff822550000 - 0x00007ff822578000 	C:\WINDOWS\System32\GDI32.dll
0x00007ff820690000 - 0x00007ff820822000 	C:\WINDOWS\System32\gdi32full.dll
0x00007ff81f900000 - 0x00007ff81f99f000 	C:\WINDOWS\System32\msvcp_win.dll
0x00007ff81f9a0000 - 0x00007ff81fa9a000 	C:\WINDOWS\System32\ucrtbase.dll
0x00007ff8168f0000 - 0x00007ff816b59000 	C:\WINDOWS\WinSxS\amd64_microsoft.windows.common-controls_6595b64144ccf1df_6.0.17134.407_none_fb449d63306391e9\COMCTL32.dll
0x00007ff822020000 - 0x00007ff822342000 	C:\WINDOWS\System32\combase.dll
0x00007ff820830000 - 0x00007ff8208aa000 	C:\WINDOWS\System32\bcryptPrimitives.dll
0x00007ff822f00000 - 0x00007ff822f2d000 	C:\WINDOWS\System32\IMM32.DLL
0x0000000052370000 - 0x0000000052442000 	C:\Program Files\Java\jdk1.8.0_181\jre\bin\msvcr100.dll
0x0000000052830000 - 0x00000000530d2000 	C:\Program Files\Java\jdk1.8.0_181\jre\bin\server\jvm.dll
0x00007ff822860000 - 0x00007ff822868000 	C:\WINDOWS\System32\PSAPI.DLL
0x00007ff81c680000 - 0x00007ff81c6a3000 	C:\WINDOWS\SYSTEM32\WINMM.dll
0x00007ff816720000 - 0x00007ff816729000 	C:\WINDOWS\SYSTEM32\WSOCK32.dll
0x00007ff81bb00000 - 0x00007ff81bb0a000 	C:\WINDOWS\SYSTEM32\VERSION.dll
0x00007ff823430000 - 0x00007ff82349c000 	C:\WINDOWS\System32\WS2_32.dll
0x00007ff81c650000 - 0x00007ff81c67a000 	C:\WINDOWS\SYSTEM32\WINMMBASE.dll
0x00007ff81fd20000 - 0x00007ff81fd69000 	C:\WINDOWS\System32\cfgmgr32.dll
0x0000000053ec0000 - 0x0000000053ecf000 	C:\Program Files\Java\jdk1.8.0_181\jre\bin\verify.dll
0x0000000053e90000 - 0x0000000053eb9000 	C:\Program Files\Java\jdk1.8.0_181\jre\bin\java.dll
0x0000000053e70000 - 0x0000000053e86000 	C:\Program Files\Java\jdk1.8.0_181\jre\bin\zip.dll
0x00007ff820960000 - 0x00007ff821d9f000 	C:\WINDOWS\System32\SHELL32.dll
0x00007ff822870000 - 0x00007ff822919000 	C:\WINDOWS\System32\shcore.dll
0x00007ff81fd90000 - 0x00007ff82049d000 	C:\WINDOWS\System32\windows.storage.dll
0x00007ff821fb0000 - 0x00007ff822001000 	C:\WINDOWS\System32\shlwapi.dll
0x00007ff81f820000 - 0x00007ff81f831000 	C:\WINDOWS\System32\kernel.appcore.dll
0x00007ff81f800000 - 0x00007ff81f81f000 	C:\WINDOWS\System32\profapi.dll
0x00007ff81f850000 - 0x00007ff81f89c000 	C:\WINDOWS\System32\powrprof.dll
0x00007ff81f840000 - 0x00007ff81f84a000 	C:\WINDOWS\System32\FLTLIB.DLL
0x00007ff8168c0000 - 0x00007ff8168ca000 	D:\Programmi\apache-maven-3.6.0-bin\apache-maven-3.6.0\lib\jansi-native\windows64\jansi.dll
0x00000000533d0000 - 0x00000000533ea000 	C:\Program Files\Java\jdk1.8.0_181\jre\bin\net.dll
0x00007ff81f050000 - 0x00007ff81f0b6000 	C:\WINDOWS\system32\mswsock.dll
0x0000000052810000 - 0x0000000052821000 	C:\Program Files\Java\jdk1.8.0_181\jre\bin\nio.dll
0x0000000052760000 - 0x000000005276d000 	C:\Program Files\Java\jdk1.8.0_181\jre\bin\management.dll
0x00007ff81f220000 - 0x00007ff81f237000 	C:\WINDOWS\SYSTEM32\CRYPTSP.dll
0x00007ff81ec40000 - 0x00007ff81ec73000 	C:\WINDOWS\system32\rsaenh.dll
0x00007ff81f340000 - 0x00007ff81f365000 	C:\WINDOWS\SYSTEM32\bcrypt.dll
0x00007ff81f710000 - 0x00007ff81f738000 	C:\WINDOWS\SYSTEM32\USERENV.dll
0x00007ff81f210000 - 0x00007ff81f21b000 	C:\WINDOWS\SYSTEM32\CRYPTBASE.dll
0x00007ff81ede0000 - 0x00007ff81ee18000 	C:\WINDOWS\SYSTEM32\IPHLPAPI.DLL
0x00007ff822010000 - 0x00007ff822018000 	C:\WINDOWS\System32\NSI.dll
0x00007ff818110000 - 0x00007ff818126000 	C:\WINDOWS\SYSTEM32\dhcpcsvc6.DLL
0x00007ff8172d0000 - 0x00007ff8172ea000 	C:\WINDOWS\SYSTEM32\dhcpcsvc.DLL
0x00007ff81c590000 - 0x00007ff81c5c7000 	D:\github\plathea\jaxrs-jersey-server-generated\src\main\java\io\core\InterfaceJNI_DLL.dll
0x00007ff816860000 - 0x00007ff816881000 	C:\WINDOWS\SYSTEM32\VCRUNTIME140D.dll
0x00007fffe9560000 - 0x00007fffe9654000 	C:\WINDOWS\SYSTEM32\MSVCP140D.dll
0x00007fffd4140000 - 0x00007fffd42fd000 	C:\WINDOWS\SYSTEM32\ucrtbased.dll
0x00007fffafcf0000 - 0x00007fffb00ca000 	D:\github\plathea\jaxrs-jersey-server-generated\PlatheaDLL.dll
0x00007ff822d70000 - 0x00007ff822e5d000 	C:\WINDOWS\System32\COMDLG32.dll
0x00007ff823000000 - 0x00007ff823151000 	C:\WINDOWS\System32\ole32.dll
0x00007fffe7a40000 - 0x00007fffe7b48000 	D:\github\plathea\jaxrs-jersey-server-generated\opencv_video310d.dll
0x00007fffaeab0000 - 0x00007fffafa4e000 	D:\github\plathea\jaxrs-jersey-server-generated\opencv_core310d.dll
0x00007fffb9370000 - 0x00007fffb951c000 	D:\github\plathea\jaxrs-jersey-server-generated\opencv_ml310d.dll
0x00007fffe94f0000 - 0x00007fffe9556000 	D:\github\plathea\jaxrs-jersey-server-generated\opencv_highgui310d.dll
0x00007fffb8f90000 - 0x00007fffb9124000 	D:\github\plathea\jaxrs-jersey-server-generated\opencv_objdetect310d.dll
0x00007fffa97c0000 - 0x00007fffab98b000 	D:\github\plathea\jaxrs-jersey-server-generated\opencv_imgproc310d.dll
0x00007fffae6d0000 - 0x00007fffaeaa4000 	D:\github\plathea\jaxrs-jersey-server-generated\opencv_calib3d310d.dll
0x00007fffbd6d0000 - 0x00007fffbd786000 	C:\WINDOWS\SYSTEM32\CONCRT140D.dll
0x00007fffbcca0000 - 0x00007fffbcd52000 	D:\github\plathea\jaxrs-jersey-server-generated\opencv_videoio310d.dll
0x00007ff822f30000 - 0x00007ff822ff2000 	C:\WINDOWS\System32\OLEAUT32.dll
0x00007fffae170000 - 0x00007fffae6ce000 	D:\github\plathea\jaxrs-jersey-server-generated\opencv_imgcodecs310d.dll
0x00007fffb08b0000 - 0x00007fffb0ad5000 	D:\github\plathea\jaxrs-jersey-server-generated\opencv_features2d310d.dll
0x00007ff816780000 - 0x00007ff8167a9000 	C:\WINDOWS\SYSTEM32\MSVFW32.dll
0x00007ff8168a0000 - 0x00007ff8168bf000 	C:\WINDOWS\SYSTEM32\AVIFIL32.dll
0x00007ff816760000 - 0x00007ff816778000 	C:\WINDOWS\SYSTEM32\AVICAP32.dll
0x00007ffff9090000 - 0x00007ffff90ac000 	C:\WINDOWS\SYSTEM32\MSACM32.dll
0x00007fffe81f0000 - 0x00007fffe836d000 	D:\github\plathea\jaxrs-jersey-server-generated\opencv_flann310d.dll
0x00007fffba2d0000 - 0x00007fffba355000 	C:\WINDOWS\SYSTEM32\OpenCL.dll
0x00007fffa31e0000 - 0x00007fffa480d000 	C:\WINDOWS\System32\nvopencl.dll
0x00007ff822920000 - 0x00007ff822d6b000 	C:\WINDOWS\System32\SETUPAPI.dll
0x00007fffb8e70000 - 0x00007fffb8f8f000 	C:\WINDOWS\SYSTEM32\nvfatbinaryLoader.dll
0x00007ff81dce0000 - 0x00007ff81dd78000 	C:\WINDOWS\system32\uxtheme.dll
0x00007ff81f5f0000 - 0x00007ff81f617000 	C:\WINDOWS\SYSTEM32\DEVOBJ.dll
0x00007ff81f8a0000 - 0x00007ff81f8f7000 	C:\WINDOWS\System32\WINTRUST.dll
0x00007ff81f7e0000 - 0x00007ff81f7f2000 	C:\WINDOWS\System32\MSASN1.dll
0x00007ff8204a0000 - 0x00007ff820682000 	C:\WINDOWS\System32\CRYPT32.dll
0x00007ff816de0000 - 0x00007ff817260000 	C:\WINDOWS\system32\nvapi64.dll
0x00007ff81e5a0000 - 0x00007ff81e65b000 	C:\WINDOWS\SYSTEM32\dxgi.dll
0x00007fffefef0000 - 0x00007fffeff52000 	C:\WINDOWS\SYSTEM32\IntelOpenCL64.dll
0x00007fffb8c30000 - 0x00007fffb8d2d000 	C:\Program Files (x86)\Common Files\Intel\OpenCL\bin\x64\intelocl64.dll
0x00007fffded90000 - 0x00007fffdee06000 	C:\Program Files (x86)\Common Files\Intel\OpenCL\bin\x64\task_executor64.dll
0x00007ffffc6e0000 - 0x00007ffffc800000 	C:\WINDOWS\SYSTEM32\OPENGL32.dll
0x00007ffffc650000 - 0x00007ffffc67c000 	C:\WINDOWS\SYSTEM32\GLU32.dll
0x00007ff81e8d0000 - 0x00007ff81e901000 	C:\WINDOWS\SYSTEM32\ntmarta.dll
0x00007fffb9210000 - 0x00007fffb92a5000 	C:\Program Files (x86)\Common Files\Intel\OpenCL\bin\x64\cpu_device64.dll
0x00007fffe4b70000 - 0x00007fffe4bd9000 	C:\Program Files (x86)\Common Files\Intel\OpenCL\bin\x64\tbb\tbb.dll
0x00007fffb73c0000 - 0x00007fffb75b4000 	C:\WINDOWS\SYSTEM32\igdrcl64.dll
0x00007fffa1bf0000 - 0x00007fffa31d2000 	C:\WINDOWS\SYSTEM32\igdfcl64.dll
0x00007ff811490000 - 0x00007ff811659000 	C:\WINDOWS\SYSTEM32\dbghelp.dll
0x00007fffecd60000 - 0x00007fffecdbf000 	C:\WINDOWS\SYSTEM32\igdbcl64.dll
0x00007ff818e00000 - 0x00007ff819264000 	C:\WINDOWS\SYSTEM32\igdusc64.dll
0x0000000066840000 - 0x0000000067b0b000 	D:\github\plathea\jaxrs-jersey-server-generated\opencv_ffmpeg310_64.dll

VM Arguments:
jvm_args: -Dclassworlds.conf=D:\Programmi\apache-maven-3.6.0-bin\apache-maven-3.6.0\bin\..\bin\m2.conf -Dmaven.home=D:\Programmi\apache-maven-3.6.0-bin\apache-maven-3.6.0\bin\.. -Dlibrary.jansi.path=D:\Programmi\apache-maven-3.6.0-bin\apache-maven-3.6.0\bin\..\lib\jansi-native -Dmaven.multiModuleProjectDirectory=D:\github\plathea\jaxrs-jersey-server-generated 
java_command: org.codehaus.plexus.classworlds.launcher.Launcher clean package jetty:run
java_class_path (initial): D:\Programmi\apache-maven-3.6.0-bin\apache-maven-3.6.0\bin\..\boot\plexus-classworlds-2.5.2.jar
Launcher Type: SUN_STANDARD

Environment Variables:
JAVA_HOME=C:\Program Files\Java\jdk1.8.0_181
PATH=C:\Program Files (x86)\Common Files\Oracle\Java\javapath;C:\Users\jack1\Desktop\plathea-code-22-trunk\plathea-code-22-trunk\opencv-master\build\install_release\x64\vc12\bin;C:\WINDOWS\system32;C:\WINDOWS;C:\WINDOWS\System32\Wbem;C:\WINDOWS\System32\WindowsPowerShell\v1.0\;C:\Program Files\Git\cmd;C:\Program Files\nodejs\;C:\Program Files\PuTTY\;C:\Users\jack1\AppData\Local\Microsoft\WindowsApps;C:\Users\jack1\AppData\Roaming\npm;C:\Users\jack1\AppData\Local\atom\bin;C:\adb;C:\WINDOWS\system32;C:\WINDOWS;C:\WINDOWS\System32\Wbem;C:\WINDOWS\System32\WindowsPowerShell\v1.0\;C:\WINDOWS\System32\OpenSSH\;C:\Users\jack1\Desktop\plathea-code-22-trunk\plathea-code-22-trunk\opencv-master\build\install_debug\x64\vc12\bin;C:\Users\jack1\AppData\Local\Microsoft\WindowsApps;C:\Users\jack1\AppData\Roaming\npm;C:\Users\jack1\AppData\Local\atom\bin;C:\Users\jack1\AppData\Local\Microsoft\WindowsApps;C:\Program Files\LLVM\bin;C:\ProgramData\jack1\atom\bin;C:\Program Files\Java\jdk1.8.0_181\bin;C:\Program Files\mingw-w64\x86_64-8.1.0-win32-seh-rt_v6-rev0\mingw64\bin;D:\Programmi\apache-maven-3.6.0-bin\apache-maven-3.6.0\bin;D:\github\plathea\LeoStormLibrary\LeoStormWindowsLib;D:\github\plathea\jaxrs-jersey-server-generated;
USERNAME=jack1
OS=Windows_NT
PROCESSOR_IDENTIFIER=Intel64 Family 6 Model 58 Stepping 9, GenuineIntel



---------------  S Y S T E M  ---------------

OS: Windows 10.0 , 64 bit Build 17134 (10.0.17134.1)

CPU:total 8 (initial active 8) (4 cores per cpu, 2 threads per core) family 6 model 58 stepping 9, cmov, cx8, fxsr, mmx, sse, sse2, sse3, ssse3, sse4.1, sse4.2, popcnt, avx, aes, clmul, erms, ht, tsc, tscinvbit, tscinv

Memory: 4k page, physical 16659944k(6774452k free), swap 19150312k(4959612k free)

vm_info: Java HotSpot(TM) 64-Bit Server VM (25.181-b13) for windows-amd64 JRE (1.8.0_181-b13), built on Jul  7 2018 04:01:33 by "java_re" with MS VC++ 10.0 (VS2010)

time: Sat Dec 08 20:01:45 2018
elapsed time: 167 seconds (0d 0h 2m 47s)

