#
# A fatal error has been detected by the Java Runtime Environment:
#
#  EXCEPTION_ACCESS_VIOLATION (0xc0000005) at pc=0x0000000052a44917, pid=14432, tid=0x00000000000012ec
#
# JRE version: Java(TM) SE Runtime Environment (8.0_181-b13) (build 1.8.0_181-b13)
# Java VM: Java HotSpot(TM) 64-Bit Server VM (25.181-b13 mixed mode windows-amd64 compressed oops)
# Problematic frame:
# V  [jvm.dll+0x214917]
#
# Failed to write core dump. Minidumps are not enabled by default on client versions of Windows
#
# If you would like to submit a bug report, please visit:
#   http://bugreport.java.com/bugreport/crash.jsp
#

---------------  T H R E A D  ---------------

Current thread (0x000000002002d000):  JavaThread "qtp776058458-16" [_thread_in_Java, id=4844, stack(0x0000000024ce0000,0x0000000024de0000)]

siginfo: ExceptionCode=0xc0000005, reading address 0xffffffffffffffff

Registers:
RAX=0xccccccccffffffff, RBX=0x0000000031df2a68, RCX=0x0000000024ddc6a0, RDX=0x0000000000000002
RSP=0x0000000024ddc3d8, RBP=0x0000000024ddc4e0, RSI=0x000000002002d000, RDI=0x00000000ffffffff
R8 =0x0000000000000002, R9 =0x0000000024ddc6a8, R10=0x0000000002c20827, R11=0x0000000000000008
R12=0x000000001f7a52e0, R13=0x000000002002d000, R14=0x0000000024ddc478, R15=0x0000000031df2a68
RIP=0x0000000052a44917, EFLAGS=0x0000000000010286

Top of Stack: (sp=0x0000000024ddc3d8)
0x0000000024ddc3d8:   0000000052a45805 0000000031df2a68
0x0000000024ddc3e8:   0000000024ddc4e0 00000000226c5638
0x0000000024ddc3f8:   000000002002d000 000000002002d000
0x0000000024ddc408:   0000000052a678fd 0000000024ddc580
0x0000000024ddc418:   0000000031df2a68 0000000031df2a68
0x0000000024ddc428:   000000002002d000 0000000002c33be0
0x0000000024ddc438:   0000000052a672ab 0000000024ddc540
0x0000000024ddc448:   0000000021ba2b30 00008eee1ef4b889
0x0000000024ddc458:   00000000226c5668 0000000000000000
0x0000000024ddc468:   0000000031df2a68 000000002002d000
0x0000000024ddc478:   00000000226c5638 0000000031df2a68
0x0000000024ddc488:   000000002002d000 0000000024ddc7b8
0x0000000024ddc498:   cccccccccccccccc 000000002002d000
0x0000000024ddc4a8:   000000001f8a05d0 0000000031df2a68
0x0000000024ddc4b8:   000000076f9ffcb0 0000000024ddcc50
0x0000000024ddc4c8:   0000000002c38c3b 0000000024ddccc0 

Instructions: (pc=0x0000000052a44917)
0x0000000052a448f7:   68 7e 30 66 0f 1f 44 00 00 48 8b 41 60 80 3c 02
0x0000000052a44907:   00 74 14 4c 8b 49 58 49 8b 04 d1 48 85 c0 74 03
0x0000000052a44917:   48 8b 00 49 89 04 d1 41 ff c0 48 ff c2 44 3b 41
0x0000000052a44927:   68 7c d6 48 8b 41 58 c3 cc 40 53 48 83 ec 20 80 


Register to memory mapping:

RAX=0xccccccccffffffff is an unknown value
RBX={method} {0x0000000031df2a70} '<init>' '(Lio/core/InterfaceJNI;Ljava/lang/String;IIIILjava/lang/String;)V' in 'io/core/InterfaceJNI$TrackedPerson'
RCX=0x0000000024ddc6a0 is pointing into the stack for thread: 0x000000002002d000
RDX=0x0000000000000002 is an unknown value
RSP=0x0000000024ddc3d8 is pointing into the stack for thread: 0x000000002002d000
RBP=0x0000000024ddc4e0 is pointing into the stack for thread: 0x000000002002d000
RSI=0x000000002002d000 is a thread
RDI=0x00000000ffffffff is an unknown value
R8 =0x0000000000000002 is an unknown value
R9 =0x0000000024ddc6a8 is pointing into the stack for thread: 0x000000002002d000
R10=0x0000000002c20827 is at begin+0 in a stub
StubRoutines::call_stub [0x0000000002c20827, 0x0000000002c2098b[ (356 bytes)
R11=0x0000000000000008 is an unknown value
R12=0x000000001f7a52e0 is an unknown value
R13=0x000000002002d000 is a thread
R14=0x0000000024ddc478 is pointing into the stack for thread: 0x000000002002d000
R15={method} {0x0000000031df2a70} '<init>' '(Lio/core/InterfaceJNI;Ljava/lang/String;IIIILjava/lang/String;)V' in 'io/core/InterfaceJNI$TrackedPerson'


Stack: [0x0000000024ce0000,0x0000000024de0000],  sp=0x0000000024ddc3d8,  free space=1008k
Native frames: (J=compiled Java code, j=interpreted, Vv=VM code, C=native code)
V  [jvm.dll+0x214917]


---------------  P R O C E S S  ---------------

Java Threads: ( => current thread )
  0x0000000020a9a800 JavaThread "Scheduler-582030011" [_thread_blocked, id=1372, stack(0x0000000031bc0000,0x0000000031cc0000)]
  0x0000000020a97800 JavaThread "org.eclipse.jetty.server.session.HashSessionManager@6f254d79Timer" daemon [_thread_blocked, id=19756, stack(0x0000000030d80000,0x0000000030e80000)]
  0x0000000020a9d000 JavaThread "qtp776058458-26-selector-ServerConnectorManager@306326f7/3" [_thread_in_native, id=20844, stack(0x000000002cbc0000,0x000000002ccc0000)]
  0x0000000020a9c000 JavaThread "qtp776058458-25" [_thread_blocked, id=15220, stack(0x0000000027bb0000,0x0000000027cb0000)]
  0x0000000020a99000 JavaThread "qtp776058458-24-acceptor-0@4bc1830a-ServerConnector@18247d9b{HTTP/1.1}{0.0.0.0:8080}" [_thread_in_native, id=18148, stack(0x0000000026ae0000,0x0000000026be0000)]
  0x00000000211d4000 JavaThread "qtp776058458-22-selector-ServerConnectorManager@306326f7/2" [_thread_in_native, id=21848, stack(0x00000000265c0000,0x00000000266c0000)]
  0x000000001f335800 JavaThread "qtp776058458-21" [_thread_blocked, id=17128, stack(0x00000000264c0000,0x00000000265c0000)]
  0x0000000023660000 JavaThread "qtp776058458-20" [_thread_blocked, id=3616, stack(0x00000000262c0000,0x00000000263c0000)]
  0x0000000021f20000 JavaThread "qtp776058458-19-selector-ServerConnectorManager@306326f7/0" [_thread_in_native, id=17272, stack(0x00000000261c0000,0x00000000262c0000)]
  0x0000000022c13000 JavaThread "qtp776058458-18-selector-ServerConnectorManager@306326f7/1" [_thread_in_native, id=9480, stack(0x00000000260c0000,0x00000000261c0000)]
  0x0000000020050000 JavaThread "qtp776058458-17" [_thread_blocked, id=19708, stack(0x0000000024de0000,0x0000000024ee0000)]
=>0x000000002002d000 JavaThread "qtp776058458-16" [_thread_in_Java, id=4844, stack(0x0000000024ce0000,0x0000000024de0000)]
  0x000000001fdb4800 JavaThread "qtp776058458-15" [_thread_blocked, id=15420, stack(0x0000000024be0000,0x0000000024ce0000)]
  0x000000001fe12000 JavaThread "ShutdownMonitor" daemon [_thread_in_native, id=10636, stack(0x0000000024ae0000,0x0000000024be0000)]
  0x000000001e5c9800 JavaThread "Service Thread" daemon [_thread_blocked, id=22216, stack(0x000000001f120000,0x000000001f220000)]
  0x000000001e545800 JavaThread "C1 CompilerThread3" daemon [_thread_blocked, id=20128, stack(0x000000001f020000,0x000000001f120000)]
  0x000000001e541800 JavaThread "C2 CompilerThread2" daemon [_thread_blocked, id=5572, stack(0x000000001ef20000,0x000000001f020000)]
  0x000000001e540800 JavaThread "C2 CompilerThread1" daemon [_thread_blocked, id=12700, stack(0x000000001ee20000,0x000000001ef20000)]
  0x000000001e53c000 JavaThread "C2 CompilerThread0" daemon [_thread_blocked, id=21076, stack(0x000000001ed20000,0x000000001ee20000)]
  0x000000001e539800 JavaThread "Attach Listener" daemon [_thread_blocked, id=22376, stack(0x000000001ec20000,0x000000001ed20000)]
  0x000000001e538000 JavaThread "Signal Dispatcher" daemon [_thread_blocked, id=12120, stack(0x000000001eb20000,0x000000001ec20000)]
  0x000000001e530800 JavaThread "Finalizer" daemon [_thread_blocked, id=7056, stack(0x000000001e910000,0x000000001ea10000)]
  0x0000000002c18000 JavaThread "Reference Handler" daemon [_thread_blocked, id=9196, stack(0x000000001e410000,0x000000001e510000)]
  0x0000000002b22800 JavaThread "main" [_thread_blocked, id=20920, stack(0x00000000029a0000,0x0000000002aa0000)]

Other Threads:
  0x000000001c63a000 VMThread [stack: 0x000000001e310000,0x000000001e410000] [id=20956]
  0x000000001e5f4800 WatcherThread [stack: 0x000000001f220000,0x000000001f320000] [id=7140]

VM state:not at safepoint (normal execution)

VM Mutex/Monitor currently owned by a thread: None

Heap:
 PSYoungGen      total 219136K, used 73492K [0x000000076b400000, 0x000000077b600000, 0x00000007c0000000)
  eden space 176640K, 41% used [0x000000076b400000,0x000000076fbc5240,0x0000000776080000)
  from space 42496K, 0% used [0x0000000778a80000,0x0000000778a80000,0x000000077b400000)
  to   space 43008K, 0% used [0x0000000776080000,0x0000000776080000,0x0000000778a80000)
 ParOldGen       total 174080K, used 28166K [0x00000006c1c00000, 0x00000006cc600000, 0x000000076b400000)
  object space 174080K, 16% used [0x00000006c1c00000,0x00000006c3781af8,0x00000006cc600000)
 Metaspace       used 43122K, capacity 44612K, committed 44672K, reserved 1089536K
  class space    used 5128K, capacity 5492K, committed 5504K, reserved 1048576K

Card table byte_map: [0x0000000011fe0000,0x00000000127e0000] byte_map_base: 0x000000000e9d2000

Marking Bits: (ParMarkBitMap*) 0x0000000053052d00
 Begin Bits: [0x0000000013530000, 0x00000000174c0000)
 End Bits:   [0x00000000174c0000, 0x000000001b450000)

Polling page: 0x0000000002900000

CodeCache: size=245760Kb used=23541Kb max_used=23541Kb free=222218Kb
 bounds [0x0000000002c20000, 0x0000000004340000, 0x0000000011c20000]
 total_blobs=6844 nmethods=6351 adapters=405
 compilation: enabled

Compilation events (10 events):
Event: 69.236 Thread 0x000000001e545800 nmethod 7437 0x000000000388c8d0 code [0x000000000388ca20, 0x000000000388cb30]
Event: 69.236 Thread 0x000000001e545800 7438       1       java.util.Collections::emptyIterator (4 bytes)
Event: 69.236 Thread 0x000000001e545800 nmethod 7438 0x000000000388c650 code [0x000000000388c7a0, 0x000000000388c890]
Event: 69.236 Thread 0x000000001e545800 7439       3       org.glassfish.jersey.message.internal.TracingLogger$1::log (1 bytes)
Event: 69.236 Thread 0x000000001e545800 nmethod 7439 0x000000000388c310 code [0x000000000388c460, 0x000000000388c5b0]
Event: 69.236 Thread 0x000000001e545800 7440   !   3       org.jvnet.hk2.internal.SystemDescriptor::create (200 bytes)
Event: 69.237 Thread 0x000000001e53c000 nmethod 7436 0x0000000003c94c10 code [0x0000000003c94d60, 0x0000000003c94e78]
Event: 69.238 Thread 0x000000001e545800 nmethod 7440 0x0000000003c95250 code [0x0000000003c955a0, 0x0000000003c96ed8]
Event: 69.238 Thread 0x000000001e545800 7441       1       org.jvnet.hk2.internal.ServiceLocatorImpl::getNeutralContextClassLoader (5 bytes)
Event: 69.239 Thread 0x000000001e545800 nmethod 7441 0x0000000003c94950 code [0x0000000003c94aa0, 0x0000000003c94bb0]

GC Heap History (10 events):
Event: 8.435 GC heap before
{Heap before GC invocations=8 (full 1):
 PSYoungGen      total 104448K, used 104429K [0x000000076b400000, 0x0000000772d80000, 0x00000007c0000000)
  eden space 90624K, 100% used [0x000000076b400000,0x0000000770c80000,0x0000000770c80000)
  from space 13824K, 99% used [0x0000000771b80000,0x00000007728fb748,0x0000000772900000)
  to   space 15360K, 0% used [0x0000000770c80000,0x0000000770c80000,0x0000000771b80000)
 ParOldGen       total 117760K, used 15198K [0x00000006c1c00000, 0x00000006c8f00000, 0x000000076b400000)
  object space 117760K, 12% used [0x00000006c1c00000,0x00000006c2ad78b8,0x00000006c8f00000)
 Metaspace       used 28549K, capacity 29328K, committed 29696K, reserved 1075200K
  class space    used 3256K, capacity 3461K, committed 3584K, reserved 1048576K
Event: 8.467 GC heap after
Heap after GC invocations=8 (full 1):
 PSYoungGen      total 105984K, used 15347K [0x000000076b400000, 0x0000000776180000, 0x00000007c0000000)
  eden space 90624K, 0% used [0x000000076b400000,0x000000076b400000,0x0000000770c80000)
  from space 15360K, 99% used [0x0000000770c80000,0x0000000771b7cde0,0x0000000771b80000)
  to   space 21504K, 0% used [0x0000000774c80000,0x0000000774c80000,0x0000000776180000)
 ParOldGen       total 117760K, used 24913K [0x00000006c1c00000, 0x00000006c8f00000, 0x000000076b400000)
  object space 117760K, 21% used [0x00000006c1c00000,0x00000006c34544d0,0x00000006c8f00000)
 Metaspace       used 28549K, capacity 29328K, committed 29696K, reserved 1075200K
  class space    used 3256K, capacity 3461K, committed 3584K, reserved 1048576K
}
Event: 8.960 GC heap before
{Heap before GC invocations=9 (full 1):
 PSYoungGen      total 105984K, used 105971K [0x000000076b400000, 0x0000000776180000, 0x00000007c0000000)
  eden space 90624K, 100% used [0x000000076b400000,0x0000000770c80000,0x0000000770c80000)
  from space 15360K, 99% used [0x0000000770c80000,0x0000000771b7cde0,0x0000000771b80000)
  to   space 21504K, 0% used [0x0000000774c80000,0x0000000774c80000,0x0000000776180000)
 ParOldGen       total 117760K, used 24917K [0x00000006c1c00000, 0x00000006c8f00000, 0x000000076b400000)
  object space 117760K, 21% used [0x00000006c1c00000,0x00000006c3455480,0x00000006c8f00000)
 Metaspace       used 28568K, capacity 29328K, committed 29696K, reserved 1075200K
  class space    used 3256K, capacity 3461K, committed 3584K, reserved 1048576K
Event: 9.032 GC heap after
Heap after GC invocations=9 (full 1):
 PSYoungGen      total 144896K, used 21483K [0x000000076b400000, 0x0000000778d80000, 0x00000007c0000000)
  eden space 123392K, 0% used [0x000000076b400000,0x000000076b400000,0x0000000772c80000)
  from space 21504K, 99% used [0x0000000774c80000,0x000000077617ac30,0x0000000776180000)
  to   space 32768K, 0% used [0x0000000772c80000,0x0000000772c80000,0x0000000774c80000)
 ParOldGen       total 117760K, used 44446K [0x00000006c1c00000, 0x00000006c8f00000, 0x000000076b400000)
  object space 117760K, 37% used [0x00000006c1c00000,0x00000006c4767898,0x00000006c8f00000)
 Metaspace       used 28568K, capacity 29328K, committed 29696K, reserved 1075200K
  class space    used 3256K, capacity 3461K, committed 3584K, reserved 1048576K
}
Event: 10.345 GC heap before
{Heap before GC invocations=10 (full 1):
 PSYoungGen      total 144896K, used 144875K [0x000000076b400000, 0x0000000778d80000, 0x00000007c0000000)
  eden space 123392K, 100% used [0x000000076b400000,0x0000000772c80000,0x0000000772c80000)
  from space 21504K, 99% used [0x0000000774c80000,0x000000077617ac30,0x0000000776180000)
  to   space 32768K, 0% used [0x0000000772c80000,0x0000000772c80000,0x0000000774c80000)
 ParOldGen       total 117760K, used 44455K [0x00000006c1c00000, 0x00000006c8f00000, 0x000000076b400000)
  object space 117760K, 37% used [0x00000006c1c00000,0x00000006c4769c10,0x00000006c8f00000)
 Metaspace       used 33356K, capacity 34522K, committed 34688K, reserved 1079296K
  class space    used 3903K, capacity 4220K, committed 4224K, reserved 1048576K
Event: 10.394 GC heap after
Heap after GC invocations=10 (full 1):
 PSYoungGen      total 156160K, used 32759K [0x000000076b400000, 0x000000077b400000, 0x00000007c0000000)
  eden space 123392K, 0% used [0x000000076b400000,0x000000076b400000,0x0000000772c80000)
  from space 32768K, 99% used [0x0000000772c80000,0x0000000774c7df40,0x0000000774c80000)
  to   space 42496K, 0% used [0x0000000778a80000,0x0000000778a80000,0x000000077b400000)
 ParOldGen       total 117760K, used 57541K [0x00000006c1c00000, 0x00000006c8f00000, 0x000000076b400000)
  object space 117760K, 48% used [0x00000006c1c00000,0x00000006c54314e0,0x00000006c8f00000)
 Metaspace       used 33356K, capacity 34522K, committed 34688K, reserved 1079296K
  class space    used 3903K, capacity 4220K, committed 4224K, reserved 1048576K
}
Event: 10.592 GC heap before
{Heap before GC invocations=11 (full 1):
 PSYoungGen      total 156160K, used 39901K [0x000000076b400000, 0x000000077b400000, 0x00000007c0000000)
  eden space 123392K, 5% used [0x000000076b400000,0x000000076baf95f0,0x0000000772c80000)
  from space 32768K, 99% used [0x0000000772c80000,0x0000000774c7df40,0x0000000774c80000)
  to   space 42496K, 0% used [0x0000000778a80000,0x0000000778a80000,0x000000077b400000)
 ParOldGen       total 117760K, used 57541K [0x00000006c1c00000, 0x00000006c8f00000, 0x000000076b400000)
  object space 117760K, 48% used [0x00000006c1c00000,0x00000006c54314e0,0x00000006c8f00000)
 Metaspace       used 34116K, capacity 35320K, committed 35496K, reserved 1081344K
  class space    used 4027K, capacity 4325K, committed 4352K, reserved 1048576K
Event: 10.603 GC heap after
Heap after GC invocations=11 (full 1):
 PSYoungGen      total 219136K, used 3605K [0x000000076b400000, 0x000000077b600000, 0x00000007c0000000)
  eden space 176640K, 0% used [0x000000076b400000,0x000000076b400000,0x0000000776080000)
  from space 42496K, 8% used [0x0000000778a80000,0x0000000778e055d0,0x000000077b400000)
  to   space 43008K, 0% used [0x0000000776080000,0x0000000776080000,0x0000000778a80000)
 ParOldGen       total 117760K, used 60355K [0x00000006c1c00000, 0x00000006c8f00000, 0x000000076b400000)
  object space 117760K, 51% used [0x00000006c1c00000,0x00000006c56f0dd0,0x00000006c8f00000)
 Metaspace       used 34116K, capacity 35320K, committed 35496K, reserved 1081344K
  class space    used 4027K, capacity 4325K, committed 4352K, reserved 1048576K
}
Event: 10.603 GC heap before
{Heap before GC invocations=12 (full 2):
 PSYoungGen      total 219136K, used 3605K [0x000000076b400000, 0x000000077b600000, 0x00000007c0000000)
  eden space 176640K, 0% used [0x000000076b400000,0x000000076b400000,0x0000000776080000)
  from space 42496K, 8% used [0x0000000778a80000,0x0000000778e055d0,0x000000077b400000)
  to   space 43008K, 0% used [0x0000000776080000,0x0000000776080000,0x0000000778a80000)
 ParOldGen       total 117760K, used 60355K [0x00000006c1c00000, 0x00000006c8f00000, 0x000000076b400000)
  object space 117760K, 51% used [0x00000006c1c00000,0x00000006c56f0dd0,0x00000006c8f00000)
 Metaspace       used 34116K, capacity 35320K, committed 35496K, reserved 1081344K
  class space    used 4027K, capacity 4325K, committed 4352K, reserved 1048576K
Event: 10.711 GC heap after
Heap after GC invocations=12 (full 2):
 PSYoungGen      total 219136K, used 0K [0x000000076b400000, 0x000000077b600000, 0x00000007c0000000)
  eden space 176640K, 0% used [0x000000076b400000,0x000000076b400000,0x0000000776080000)
  from space 42496K, 0% used [0x0000000778a80000,0x0000000778a80000,0x000000077b400000)
  to   space 43008K, 0% used [0x0000000776080000,0x0000000776080000,0x0000000778a80000)
 ParOldGen       total 174080K, used 28166K [0x00000006c1c00000, 0x00000006cc600000, 0x000000076b400000)
  object space 174080K, 16% used [0x00000006c1c00000,0x00000006c3781af8,0x00000006cc600000)
 Metaspace       used 34116K, capacity 35320K, committed 35496K, reserved 1081344K
  class space    used 4027K, capacity 4325K, committed 4352K, reserved 1048576K
}

Deoptimization events (10 events):
Event: 26.795 Thread 0x0000000023660000 Uncommon trap: reason=class_check action=maybe_recompile pc=0x00000000038e31f4 method=java.lang.StringCoding$StringDecoder.decode([BII)[C @ 30
Event: 27.443 Thread 0x0000000023660000 Uncommon trap: reason=speculate_class_check action=maybe_recompile pc=0x0000000004203a04 method=java.util.AbstractList.listIterator()Ljava/util/ListIterator; @ 2
Event: 29.987 Thread 0x000000002002d000 Uncommon trap: reason=class_check action=maybe_recompile pc=0x0000000002dddb54 method=java.util.Collections$UnmodifiableMap.entrySet()Ljava/util/Set; @ 16
Event: 29.987 Thread 0x000000002002d000 Uncommon trap: reason=class_check action=maybe_recompile pc=0x000000000334c734 method=java.util.Collections$UnmodifiableMap$UnmodifiableEntrySet$1.next()Ljava/util/Map$Entry; @ 8
Event: 29.987 Thread 0x000000002002d000 Uncommon trap: reason=class_check action=maybe_recompile pc=0x0000000003463208 method=java.util.Collections$UnmodifiableMap$UnmodifiableEntrySet$UnmodifiableEntry.getKey()Ljava/lang/Object; @ 4
Event: 29.987 Thread 0x000000002002d000 Uncommon trap: reason=class_check action=maybe_recompile pc=0x0000000003462f88 method=java.util.Collections$UnmodifiableMap$UnmodifiableEntrySet$UnmodifiableEntry.getValue()Ljava/lang/Object; @ 4
Event: 29.997 Thread 0x000000002002d000 Uncommon trap: reason=speculate_class_check action=maybe_recompile pc=0x0000000004203a04 method=java.util.AbstractList.listIterator()Ljava/util/ListIterator; @ 2
Event: 43.676 Thread 0x000000001f335800 Uncommon trap: reason=class_check action=maybe_recompile pc=0x000000000334c734 method=java.util.Collections$UnmodifiableMap$UnmodifiableEntrySet$1.next()Ljava/util/Map$Entry; @ 8
Event: 43.676 Thread 0x000000001f335800 Uncommon trap: reason=class_check action=maybe_recompile pc=0x0000000003463208 method=java.util.Collections$UnmodifiableMap$UnmodifiableEntrySet$UnmodifiableEntry.getKey()Ljava/lang/Object; @ 4
Event: 43.676 Thread 0x000000001f335800 Uncommon trap: reason=class_check action=maybe_recompile pc=0x0000000003462f88 method=java.util.Collections$UnmodifiableMap$UnmodifiableEntrySet$UnmodifiableEntry.getValue()Ljava/lang/Object; @ 4

Classes redefined (0 events):
No events

Internal exceptions (10 events):
Event: 8.182 Thread 0x0000000002b22800 Exception <a 'java/lang/ClassNotFoundException': sun/net/www/protocol/c/Handler> (0x000000076ef96ea0) thrown at [C:\re\workspace\8-2-build-windows-amd64-cygwin\jdk8u181\11358\hotspot\src\share\vm\classfile\systemDictionary.cpp, line 210]
Event: 8.257 Thread 0x0000000021f20000 Implicit null exception at 0x00000000038de7d9 to 0x00000000038defbd
Event: 8.257 Thread 0x0000000022c13000 Implicit null exception at 0x00000000038de7d9 to 0x00000000038defbd
Event: 8.257 Thread 0x000000001f335800 Implicit null exception at 0x00000000038de7d9 to 0x00000000038defbd
Event: 8.257 Thread 0x00000000211d4000 Implicit null exception at 0x00000000038de7d9 to 0x00000000038defbd
Event: 8.257 Thread 0x000000001fdb4800 Implicit null exception at 0x00000000038ef98c to 0x00000000038f0089
Event: 10.023 Thread 0x0000000002b22800 Exception <a 'java/lang/NoSuchFieldError': method resolution failed> (0x0000000771723568) thrown at [C:\re\workspace\8-2-build-windows-amd64-cygwin\jdk8u181\11358\hotspot\src\share\vm\prims\methodHandles.cpp, line 1167]
Event: 10.024 Thread 0x0000000002b22800 Exception <a 'java/lang/NoSuchFieldError': method resolution failed> (0x0000000771730ff8) thrown at [C:\re\workspace\8-2-build-windows-amd64-cygwin\jdk8u181\11358\hotspot\src\share\vm\prims\methodHandles.cpp, line 1167]
Event: 10.947 Thread 0x0000000002b22800 Exception <a 'java/lang/NoSuchMethodError': java.lang.Object.lambda$and$0(Ljava/util/function/Predicate;Ljava/lang/Object;)Z> (0x000000076c11c230) thrown at [C:\re\workspace\8-2-build-windows-amd64-cygwin\jdk8u181\11358\hotspot\src\share\vm\interpreter\li
Event: 11.023 Thread 0x0000000002b22800 Exception <a 'java/lang/NoSuchMethodError': java.lang.Object.lambda$comparingInt$7b0bb60$1(Ljava/util/function/ToIntFunction;Ljava/lang/Object;Ljava/lang/Object;)I> (0x000000076c49ae20) thrown at [C:\re\workspace\8-2-build-windows-amd64-cygwin\jdk8u181\11

Events (10 events):
Event: 29.997 Thread 0x000000002002d000 DEOPT UNPACKING pc=0x0000000002c6583b sp=0x0000000024ddd598 mode 2
Event: 43.676 Thread 0x000000001f335800 Uncommon trap: trap_request=0xffffffde fr.pc=0x000000000334c734
Event: 43.676 Thread 0x000000001f335800 DEOPT PACKING pc=0x000000000334c734 sp=0x00000000265bd470
Event: 43.676 Thread 0x000000001f335800 DEOPT UNPACKING pc=0x0000000002c6583b sp=0x00000000265bd3b8 mode 2
Event: 43.676 Thread 0x000000001f335800 Uncommon trap: trap_request=0xffffffde fr.pc=0x0000000003463208
Event: 43.676 Thread 0x000000001f335800 DEOPT PACKING pc=0x0000000003463208 sp=0x00000000265bd490
Event: 43.676 Thread 0x000000001f335800 DEOPT UNPACKING pc=0x0000000002c6583b sp=0x00000000265bd420 mode 2
Event: 43.676 Thread 0x000000001f335800 Uncommon trap: trap_request=0xffffffde fr.pc=0x0000000003462f88
Event: 43.676 Thread 0x000000001f335800 DEOPT PACKING pc=0x0000000003462f88 sp=0x00000000265bd490
Event: 43.676 Thread 0x000000001f335800 DEOPT UNPACKING pc=0x0000000002c6583b sp=0x00000000265bd420 mode 2


Dynamic libraries:
0x00007ff77a250000 - 0x00007ff77a287000 	C:\Program Files\Java\jdk1.8.0_181\bin\java.exe
0x00007ff8234d0000 - 0x00007ff8236b1000 	C:\WINDOWS\SYSTEM32\ntdll.dll
0x00007ff823160000 - 0x00007ff823212000 	C:\WINDOWS\System32\KERNEL32.DLL
0x00007ff81faa0000 - 0x00007ff81fd13000 	C:\WINDOWS\System32\KERNELBASE.dll
0x00007ff8227b0000 - 0x00007ff822851000 	C:\WINDOWS\System32\ADVAPI32.dll
0x00007ff822710000 - 0x00007ff8227ae000 	C:\WINDOWS\System32\msvcrt.dll
0x00007ff822580000 - 0x00007ff8225db000 	C:\WINDOWS\System32\sechost.dll
0x00007ff8225e0000 - 0x00007ff822704000 	C:\WINDOWS\System32\RPCRT4.dll
0x00007ff823220000 - 0x00007ff8233b0000 	C:\WINDOWS\System32\USER32.dll
0x00007ff81fd70000 - 0x00007ff81fd90000 	C:\WINDOWS\System32\win32u.dll
0x00007ff822550000 - 0x00007ff822578000 	C:\WINDOWS\System32\GDI32.dll
0x00007ff820690000 - 0x00007ff820822000 	C:\WINDOWS\System32\gdi32full.dll
0x00007ff81f900000 - 0x00007ff81f99f000 	C:\WINDOWS\System32\msvcp_win.dll
0x00007ff81f9a0000 - 0x00007ff81fa9a000 	C:\WINDOWS\System32\ucrtbase.dll
0x00007ff8168f0000 - 0x00007ff816b59000 	C:\WINDOWS\WinSxS\amd64_microsoft.windows.common-controls_6595b64144ccf1df_6.0.17134.407_none_fb449d63306391e9\COMCTL32.dll
0x00007ff822020000 - 0x00007ff822342000 	C:\WINDOWS\System32\combase.dll
0x00007ff820830000 - 0x00007ff8208aa000 	C:\WINDOWS\System32\bcryptPrimitives.dll
0x00007ff822f00000 - 0x00007ff822f2d000 	C:\WINDOWS\System32\IMM32.DLL
0x0000000052370000 - 0x0000000052442000 	C:\Program Files\Java\jdk1.8.0_181\jre\bin\msvcr100.dll
0x0000000052830000 - 0x00000000530d2000 	C:\Program Files\Java\jdk1.8.0_181\jre\bin\server\jvm.dll
0x00007ff822860000 - 0x00007ff822868000 	C:\WINDOWS\System32\PSAPI.DLL
0x00007ff816720000 - 0x00007ff816729000 	C:\WINDOWS\SYSTEM32\WSOCK32.dll
0x00007ff81c680000 - 0x00007ff81c6a3000 	C:\WINDOWS\SYSTEM32\WINMM.dll
0x00007ff81bb00000 - 0x00007ff81bb0a000 	C:\WINDOWS\SYSTEM32\VERSION.dll
0x00007ff823430000 - 0x00007ff82349c000 	C:\WINDOWS\System32\WS2_32.dll
0x00007ff81c650000 - 0x00007ff81c67a000 	C:\WINDOWS\SYSTEM32\winmmbase.dll
0x00007ff81fd20000 - 0x00007ff81fd69000 	C:\WINDOWS\System32\cfgmgr32.dll
0x0000000053ec0000 - 0x0000000053ecf000 	C:\Program Files\Java\jdk1.8.0_181\jre\bin\verify.dll
0x0000000053e90000 - 0x0000000053eb9000 	C:\Program Files\Java\jdk1.8.0_181\jre\bin\java.dll
0x0000000053e70000 - 0x0000000053e86000 	C:\Program Files\Java\jdk1.8.0_181\jre\bin\zip.dll
0x00007ff820960000 - 0x00007ff821d9f000 	C:\WINDOWS\System32\SHELL32.dll
0x00007ff822870000 - 0x00007ff822919000 	C:\WINDOWS\System32\shcore.dll
0x00007ff81fd90000 - 0x00007ff82049d000 	C:\WINDOWS\System32\windows.storage.dll
0x00007ff821fb0000 - 0x00007ff822001000 	C:\WINDOWS\System32\shlwapi.dll
0x00007ff81f820000 - 0x00007ff81f831000 	C:\WINDOWS\System32\kernel.appcore.dll
0x00007ff81f800000 - 0x00007ff81f81f000 	C:\WINDOWS\System32\profapi.dll
0x00007ff81f850000 - 0x00007ff81f89c000 	C:\WINDOWS\System32\powrprof.dll
0x00007ff81f840000 - 0x00007ff81f84a000 	C:\WINDOWS\System32\FLTLIB.DLL
0x00007ff81ba40000 - 0x00007ff81ba4a000 	D:\Programmi\apache-maven-3.6.0-bin\apache-maven-3.6.0\lib\jansi-native\windows64\jansi.dll
0x00000000533d0000 - 0x00000000533ea000 	C:\Program Files\Java\jdk1.8.0_181\jre\bin\net.dll
0x00007ff81f050000 - 0x00007ff81f0b6000 	C:\WINDOWS\system32\mswsock.dll
0x0000000052810000 - 0x0000000052821000 	C:\Program Files\Java\jdk1.8.0_181\jre\bin\nio.dll
0x0000000052760000 - 0x000000005276d000 	C:\Program Files\Java\jdk1.8.0_181\jre\bin\management.dll
0x00007ff81f220000 - 0x00007ff81f237000 	C:\WINDOWS\SYSTEM32\CRYPTSP.dll
0x00007ff81ec40000 - 0x00007ff81ec73000 	C:\WINDOWS\system32\rsaenh.dll
0x00007ff81f340000 - 0x00007ff81f365000 	C:\WINDOWS\SYSTEM32\bcrypt.dll
0x00007ff81f710000 - 0x00007ff81f738000 	C:\WINDOWS\SYSTEM32\USERENV.dll
0x00007ff81f210000 - 0x00007ff81f21b000 	C:\WINDOWS\SYSTEM32\CRYPTBASE.dll
0x00007ff81ede0000 - 0x00007ff81ee18000 	C:\WINDOWS\SYSTEM32\IPHLPAPI.DLL
0x00007ff822010000 - 0x00007ff822018000 	C:\WINDOWS\System32\NSI.dll
0x00007ff818110000 - 0x00007ff818126000 	C:\WINDOWS\SYSTEM32\dhcpcsvc6.DLL
0x00007ff8172d0000 - 0x00007ff8172ea000 	C:\WINDOWS\SYSTEM32\dhcpcsvc.DLL
0x00007fffecb30000 - 0x00007fffecb66000 	D:\github\plathea\jaxrs-jersey-server-generated\src\main\java\io\core\InterfaceJNI_DLL.dll
0x00007fffe97a0000 - 0x00007fffe97c1000 	C:\WINDOWS\SYSTEM32\VCRUNTIME140D.dll
0x00007fffb9420000 - 0x00007fffb9514000 	C:\WINDOWS\SYSTEM32\MSVCP140D.dll
0x00007fffba680000 - 0x00007fffba83d000 	C:\WINDOWS\SYSTEM32\ucrtbased.dll
0x00007fffb7ed0000 - 0x00007fffb82aa000 	D:\github\plathea\jaxrs-jersey-server-generated\PlatheaDLL.dll
0x00007ff822d70000 - 0x00007ff822e5d000 	C:\WINDOWS\System32\COMDLG32.dll
0x00007ff823000000 - 0x00007ff823151000 	C:\WINDOWS\System32\ole32.dll
0x00007fffb9270000 - 0x00007fffb941c000 	D:\github\plathea\jaxrs-jersey-server-generated\opencv_ml310d.dll
0x00007fffafb40000 - 0x00007fffb0ade000 	D:\github\plathea\jaxrs-jersey-server-generated\opencv_core310d.dll
0x00007fffb74b0000 - 0x00007fffb75b8000 	D:\github\plathea\jaxrs-jersey-server-generated\opencv_video310d.dll
0x00007fffe4460000 - 0x00007fffe44c6000 	D:\github\plathea\jaxrs-jersey-server-generated\opencv_highgui310d.dll
0x00007fffad970000 - 0x00007fffafb3b000 	D:\github\plathea\jaxrs-jersey-server-generated\opencv_imgproc310d.dll
0x00007fffb15f0000 - 0x00007fffb19c4000 	D:\github\plathea\jaxrs-jersey-server-generated\opencv_calib3d310d.dll
0x00007fffb1450000 - 0x00007fffb15e4000 	D:\github\plathea\jaxrs-jersey-server-generated\opencv_objdetect310d.dll
0x00007fffbc100000 - 0x00007fffbc1b6000 	C:\WINDOWS\SYSTEM32\CONCRT140D.dll
0x00007fffb73f0000 - 0x00007fffb74a2000 	D:\github\plathea\jaxrs-jersey-server-generated\opencv_videoio310d.dll
0x00007ff822f30000 - 0x00007ff822ff2000 	C:\WINDOWS\System32\OLEAUT32.dll
0x00007fffad410000 - 0x00007fffad96e000 	D:\github\plathea\jaxrs-jersey-server-generated\opencv_imgcodecs310d.dll
0x00007fffe4bb0000 - 0x00007fffe4bd9000 	C:\WINDOWS\SYSTEM32\MSVFW32.dll
0x00007ff80aa50000 - 0x00007ff80aa6f000 	C:\WINDOWS\SYSTEM32\AVIFIL32.dll
0x00007ffff0f20000 - 0x00007ffff0f38000 	C:\WINDOWS\SYSTEM32\AVICAP32.dll
0x00007ffff9090000 - 0x00007ffff90ac000 	C:\WINDOWS\SYSTEM32\MSACM32.dll
0x00007fffb1220000 - 0x00007fffb1445000 	D:\github\plathea\jaxrs-jersey-server-generated\opencv_features2d310d.dll
0x00007fffb6be0000 - 0x00007fffb6d5d000 	D:\github\plathea\jaxrs-jersey-server-generated\opencv_flann310d.dll
0x00007fffba2d0000 - 0x00007fffba355000 	C:\WINDOWS\SYSTEM32\OpenCL.dll
0x00007fffabde0000 - 0x00007fffad40d000 	C:\WINDOWS\System32\nvopencl.dll
0x00007ff822920000 - 0x00007ff822d6b000 	C:\WINDOWS\System32\SETUPAPI.dll
0x00007fffb1100000 - 0x00007fffb121f000 	C:\WINDOWS\SYSTEM32\nvfatbinaryLoader.dll
0x00007ff81dce0000 - 0x00007ff81dd78000 	C:\WINDOWS\system32\uxtheme.dll
0x00007ff81f5f0000 - 0x00007ff81f617000 	C:\WINDOWS\SYSTEM32\DEVOBJ.dll
0x00007ff81f8a0000 - 0x00007ff81f8f7000 	C:\WINDOWS\System32\WINTRUST.dll
0x00007ff81f7e0000 - 0x00007ff81f7f2000 	C:\WINDOWS\System32\MSASN1.dll
0x00007ff8204a0000 - 0x00007ff820682000 	C:\WINDOWS\System32\CRYPT32.dll
0x00007ff816de0000 - 0x00007ff817260000 	C:\WINDOWS\system32\nvapi64.dll
0x00007ff81e5a0000 - 0x00007ff81e65b000 	C:\WINDOWS\SYSTEM32\dxgi.dll
0x00007fffde520000 - 0x00007fffde582000 	C:\WINDOWS\SYSTEM32\IntelOpenCL64.dll
0x00007fffab890000 - 0x00007fffab98d000 	C:\Program Files (x86)\Common Files\Intel\OpenCL\bin\x64\intelocl64.dll
0x00007fffb90b0000 - 0x00007fffb9126000 	C:\Program Files (x86)\Common Files\Intel\OpenCL\bin\x64\task_executor64.dll
0x00007ffffc6e0000 - 0x00007ffffc800000 	C:\WINDOWS\SYSTEM32\OPENGL32.dll
0x00007ffffc650000 - 0x00007ffffc67c000 	C:\WINDOWS\SYSTEM32\GLU32.dll
0x00007ff81e8d0000 - 0x00007ff81e901000 	C:\WINDOWS\SYSTEM32\ntmarta.dll
0x00007fffabd40000 - 0x00007fffabdd5000 	C:\Program Files (x86)\Common Files\Intel\OpenCL\bin\x64\cpu_device64.dll
0x00007fffbcb80000 - 0x00007fffbcbe9000 	C:\Program Files (x86)\Common Files\Intel\OpenCL\bin\x64\tbb\tbb.dll
0x00007fffab690000 - 0x00007fffab884000 	C:\WINDOWS\SYSTEM32\igdrcl64.dll
0x00007fffaa0a0000 - 0x00007fffab682000 	C:\WINDOWS\SYSTEM32\igdfcl64.dll
0x00007ff811490000 - 0x00007ff811659000 	C:\WINDOWS\SYSTEM32\dbghelp.dll
0x00007fffd3870000 - 0x00007fffd38cf000 	C:\WINDOWS\SYSTEM32\igdbcl64.dll
0x00007ff818e00000 - 0x00007ff819264000 	C:\WINDOWS\SYSTEM32\igdusc64.dll
0x0000000066840000 - 0x0000000067b0b000 	D:\github\plathea\jaxrs-jersey-server-generated\opencv_ffmpeg310_64.dll

VM Arguments:
jvm_args: -Dclassworlds.conf=D:\Programmi\apache-maven-3.6.0-bin\apache-maven-3.6.0\bin\..\bin\m2.conf -Dmaven.home=D:\Programmi\apache-maven-3.6.0-bin\apache-maven-3.6.0\bin\.. -Dlibrary.jansi.path=D:\Programmi\apache-maven-3.6.0-bin\apache-maven-3.6.0\bin\..\lib\jansi-native -Dmaven.multiModuleProjectDirectory=D:\github\plathea\jaxrs-jersey-server-generated 
java_command: org.codehaus.plexus.classworlds.launcher.Launcher clean package jetty:run
java_class_path (initial): D:\Programmi\apache-maven-3.6.0-bin\apache-maven-3.6.0\bin\..\boot\plexus-classworlds-2.5.2.jar
Launcher Type: SUN_STANDARD

Environment Variables:
JAVA_HOME=C:\Program Files\Java\jdk1.8.0_181
PATH=C:\Program Files (x86)\Common Files\Oracle\Java\javapath;C:\Users\jack1\Desktop\plathea-code-22-trunk\plathea-code-22-trunk\opencv-master\build\install_release\x64\vc12\bin;C:\WINDOWS\system32;C:\WINDOWS;C:\WINDOWS\System32\Wbem;C:\WINDOWS\System32\WindowsPowerShell\v1.0\;C:\Program Files\Git\cmd;C:\Program Files\nodejs\;C:\Program Files\PuTTY\;C:\Users\jack1\AppData\Local\Microsoft\WindowsApps;C:\Users\jack1\AppData\Roaming\npm;C:\Users\jack1\AppData\Local\atom\bin;C:\adb;C:\WINDOWS\system32;C:\WINDOWS;C:\WINDOWS\System32\Wbem;C:\WINDOWS\System32\WindowsPowerShell\v1.0\;C:\WINDOWS\System32\OpenSSH\;C:\Users\jack1\Desktop\plathea-code-22-trunk\plathea-code-22-trunk\opencv-master\build\install_debug\x64\vc12\bin;C:\Users\jack1\AppData\Local\Microsoft\WindowsApps;C:\Users\jack1\AppData\Roaming\npm;C:\Users\jack1\AppData\Local\atom\bin;C:\Users\jack1\AppData\Local\Microsoft\WindowsApps;C:\Program Files\LLVM\bin;C:\ProgramData\jack1\atom\bin;C:\Program Files\Java\jdk1.8.0_181\bin;C:\Program Files\mingw-w64\x86_64-8.1.0-win32-seh-rt_v6-rev0\mingw64\bin;D:\Programmi\apache-maven-3.6.0-bin\apache-maven-3.6.0\bin;D:\github\plathea\LeoStormLibrary\LeoStormWindowsLib;D:\github\plathea\jaxrs-jersey-server-generated;
USERNAME=jack1
OS=Windows_NT
PROCESSOR_IDENTIFIER=Intel64 Family 6 Model 58 Stepping 9, GenuineIntel



---------------  S Y S T E M  ---------------

OS: Windows 10.0 , 64 bit Build 17134 (10.0.17134.1)

CPU:total 8 (initial active 8) (4 cores per cpu, 2 threads per core) family 6 model 58 stepping 9, cmov, cx8, fxsr, mmx, sse, sse2, sse3, ssse3, sse4.1, sse4.2, popcnt, avx, aes, clmul, erms, ht, tsc, tscinvbit, tscinv

Memory: 4k page, physical 16659944k(8123276k free), swap 19150312k(7632404k free)

vm_info: Java HotSpot(TM) 64-Bit Server VM (25.181-b13) for windows-amd64 JRE (1.8.0_181-b13), built on Jul  7 2018 04:01:33 by "java_re" with MS VC++ 10.0 (VS2010)

time: Sat Dec 08 12:45:51 2018
elapsed time: 69 seconds (0d 0h 1m 9s)

