#
# A fatal error has been detected by the Java Runtime Environment:
#
#  EXCEPTION_ACCESS_VIOLATION (0xc0000005) at pc=0x0000000052a44917, pid=16840, tid=0x0000000000004bd8
#
# JRE version: Java(TM) SE Runtime Environment (8.0_181-b13) (build 1.8.0_181-b13)
# Java VM: Java HotSpot(TM) 64-Bit Server VM (25.181-b13 mixed mode windows-amd64 compressed oops)
# Problematic frame:
# V  [jvm.dll+0x214917]
#
# Failed to write core dump. Minidumps are not enabled by default on client versions of Windows
#
# If you would like to submit a bug report, please visit:
#   http://bugreport.java.com/bugreport/crash.jsp
#

---------------  T H R E A D  ---------------

Current thread (0x000000001fbdb800):  JavaThread "qtp776058458-19" [_thread_in_Java, id=19416, stack(0x0000000025f00000,0x0000000026000000)]

siginfo: ExceptionCode=0xc0000005, reading address 0xffffffffffffffff

Registers:
RAX=0xccccccccffffffff, RBX=0x0000000030dc2198, RCX=0x0000000025ffcdd0, RDX=0x0000000000000002
RSP=0x0000000025ffcb08, RBP=0x0000000025ffcc10, RSI=0x000000001fbdb800, RDI=0x00000000ffffffff
R8 =0x0000000000000002, R9 =0x0000000025ffcdd8, R10=0x0000000002870827, R11=0x0000000000000008
R12=0x0000000021c41350, R13=0x000000001fbdb800, R14=0x0000000025ffcba8, R15=0x0000000030dc2198
RIP=0x0000000052a44917, EFLAGS=0x0000000000010286

Top of Stack: (sp=0x0000000025ffcb08)
0x0000000025ffcb08:   0000000052a45805 0000000030dc2198
0x0000000025ffcb18:   0000000025ffcc10 000000002412b6b8
0x0000000025ffcb28:   000000001fbdb800 000000001fbdb800
0x0000000025ffcb38:   0000000052a678fd 0000000025ffccb0
0x0000000025ffcb48:   0000000030dc2198 0000000030dc2198
0x0000000025ffcb58:   000000001fbdb800 0000000002883be0
0x0000000025ffcb68:   0000000052a672ab 0000000025ffcc70
0x0000000025ffcb78:   0000000022ad66c0 00008eec59692cf1
0x0000000025ffcb88:   000000002412b6e8 0000000000000000
0x0000000025ffcb98:   0000000030dc2198 000000001fbdb800
0x0000000025ffcba8:   000000002412b6b8 0000000030dc2198
0x0000000025ffcbb8:   000000001fbdb800 0000000025ffcee8
0x0000000025ffcbc8:   cccccccccccccccc 000000001fbdb800
0x0000000025ffcbd8:   0000000023745250 0000000030dc2198
0x0000000025ffcbe8:   000000076fb76230 0000000025ffd380
0x0000000025ffcbf8:   0000000002888c3b 0000000025ffd3f0 

Instructions: (pc=0x0000000052a44917)
0x0000000052a448f7:   68 7e 30 66 0f 1f 44 00 00 48 8b 41 60 80 3c 02
0x0000000052a44907:   00 74 14 4c 8b 49 58 49 8b 04 d1 48 85 c0 74 03
0x0000000052a44917:   48 8b 00 49 89 04 d1 41 ff c0 48 ff c2 44 3b 41
0x0000000052a44927:   68 7c d6 48 8b 41 58 c3 cc 40 53 48 83 ec 20 80 


Register to memory mapping:

RAX=0xccccccccffffffff is an unknown value
RBX={method} {0x0000000030dc21a0} '<init>' '(Lio/core/InterfaceJNI;Ljava/lang/String;IIIILjava/lang/String;)V' in 'io/core/InterfaceJNI$TrackedPerson'
RCX=0x0000000025ffcdd0 is pointing into the stack for thread: 0x000000001fbdb800
RDX=0x0000000000000002 is an unknown value
RSP=0x0000000025ffcb08 is pointing into the stack for thread: 0x000000001fbdb800
RBP=0x0000000025ffcc10 is pointing into the stack for thread: 0x000000001fbdb800
RSI=0x000000001fbdb800 is a thread
RDI=0x00000000ffffffff is an unknown value
R8 =0x0000000000000002 is an unknown value
R9 =0x0000000025ffcdd8 is pointing into the stack for thread: 0x000000001fbdb800
R10=0x0000000002870827 is at begin+0 in a stub
StubRoutines::call_stub [0x0000000002870827, 0x000000000287098b[ (356 bytes)
R11=0x0000000000000008 is an unknown value
R12=0x0000000021c41350 is an unknown value
R13=0x000000001fbdb800 is a thread
R14=0x0000000025ffcba8 is pointing into the stack for thread: 0x000000001fbdb800
R15={method} {0x0000000030dc21a0} '<init>' '(Lio/core/InterfaceJNI;Ljava/lang/String;IIIILjava/lang/String;)V' in 'io/core/InterfaceJNI$TrackedPerson'


Stack: [0x0000000025f00000,0x0000000026000000],  sp=0x0000000025ffcb08,  free space=1010k
Native frames: (J=compiled Java code, j=interpreted, Vv=VM code, C=native code)
V  [jvm.dll+0x214917]


---------------  P R O C E S S  ---------------

Java Threads: ( => current thread )
  0x0000000023ce9800 JavaThread "Scheduler-582030011" [_thread_blocked, id=1960, stack(0x0000000030890000,0x0000000030990000)]
  0x0000000023ce7000 JavaThread "org.eclipse.jetty.server.session.HashSessionManager@6f254d79Timer" daemon [_thread_blocked, id=22336, stack(0x000000002fb50000,0x000000002fc50000)]
  0x000000001fbda800 JavaThread "qtp776058458-24-selector-ServerConnectorManager@3e450622/1" [_thread_in_native, id=19504, stack(0x0000000026700000,0x0000000026800000)]
  0x000000001fbd7800 JavaThread "qtp776058458-22-selector-ServerConnectorManager@3e450622/2" [_thread_in_native, id=22172, stack(0x0000000026200000,0x0000000026300000)]
  0x000000001fbd5800 JavaThread "qtp776058458-21" [_thread_blocked, id=6892, stack(0x0000000026100000,0x0000000026200000)]
  0x000000001fbda000 JavaThread "qtp776058458-20-selector-ServerConnectorManager@3e450622/3" [_thread_in_native, id=16048, stack(0x0000000026000000,0x0000000026100000)]
=>0x000000001fbdb800 JavaThread "qtp776058458-19" [_thread_in_Java, id=19416, stack(0x0000000025f00000,0x0000000026000000)]
  0x000000001fbdc000 JavaThread "qtp776058458-18-acceptor-0@705a3983-ServerConnector@18247d9b{HTTP/1.1}{0.0.0.0:8080}" [_thread_in_native, id=21428, stack(0x0000000025e00000,0x0000000025f00000)]
  0x000000001fbd7000 JavaThread "qtp776058458-17" [_thread_blocked, id=7784, stack(0x0000000025d00000,0x0000000025e00000)]
  0x000000001fbd9000 JavaThread "qtp776058458-16-selector-ServerConnectorManager@3e450622/0" [_thread_in_native, id=20464, stack(0x0000000024b80000,0x0000000024c80000)]
  0x00000000235af800 JavaThread "ShutdownMonitor" daemon [_thread_in_native, id=22108, stack(0x00000000230e0000,0x00000000231e0000)]
  0x000000001e231800 JavaThread "Service Thread" daemon [_thread_blocked, id=18460, stack(0x000000001ed80000,0x000000001ee80000)]
  0x000000001e1a7800 JavaThread "C1 CompilerThread3" daemon [_thread_blocked, id=3656, stack(0x000000001ec80000,0x000000001ed80000)]
  0x000000001e1a3800 JavaThread "C2 CompilerThread2" daemon [_thread_blocked, id=9736, stack(0x000000001eb80000,0x000000001ec80000)]
  0x000000001e1a2800 JavaThread "C2 CompilerThread1" daemon [_thread_blocked, id=22488, stack(0x000000001ea80000,0x000000001eb80000)]
  0x000000001e19c800 JavaThread "C2 CompilerThread0" daemon [_thread_blocked, id=20452, stack(0x000000001e980000,0x000000001ea80000)]
  0x000000001e19a000 JavaThread "Attach Listener" daemon [_thread_blocked, id=21752, stack(0x000000001e880000,0x000000001e980000)]
  0x000000001e199000 JavaThread "Signal Dispatcher" daemon [_thread_blocked, id=21532, stack(0x000000001e780000,0x000000001e880000)]
  0x000000001e190800 JavaThread "Finalizer" daemon [_thread_blocked, id=16144, stack(0x000000001e570000,0x000000001e670000)]
  0x0000000002869000 JavaThread "Reference Handler" daemon [_thread_blocked, id=9656, stack(0x000000001e070000,0x000000001e170000)]
  0x0000000002772800 JavaThread "main" [_thread_blocked, id=18664, stack(0x0000000002670000,0x0000000002770000)]

Other Threads:
  0x000000001c28a000 VMThread [stack: 0x000000001df70000,0x000000001e070000] [id=20192]
  0x000000001e25d000 WatcherThread [stack: 0x000000001ee80000,0x000000001ef80000] [id=19032]

VM state:not at safepoint (normal execution)

VM Mutex/Monitor currently owned by a thread: None

Heap:
 PSYoungGen      total 198144K, used 73954K [0x000000076b400000, 0x0000000779f00000, 0x00000007c0000000)
  eden space 157696K, 46% used [0x000000076b400000,0x000000076fc38b50,0x0000000774e00000)
  from space 40448K, 0% used [0x0000000777780000,0x0000000777780000,0x0000000779f00000)
  to   space 41472K, 0% used [0x0000000774e00000,0x0000000774e00000,0x0000000777680000)
 ParOldGen       total 180224K, used 30195K [0x00000006c1c00000, 0x00000006ccc00000, 0x000000076b400000)
  object space 180224K, 16% used [0x00000006c1c00000,0x00000006c397cf10,0x00000006ccc00000)
 Metaspace       used 43146K, capacity 44680K, committed 44928K, reserved 1089536K
  class space    used 5132K, capacity 5492K, committed 5504K, reserved 1048576K

Card table byte_map: [0x0000000011c30000,0x0000000012430000] byte_map_base: 0x000000000e622000

Marking Bits: (ParMarkBitMap*) 0x0000000053052d00
 Begin Bits: [0x0000000013180000, 0x0000000017110000)
 End Bits:   [0x0000000017110000, 0x000000001b0a0000)

Polling page: 0x00000000003f0000

CodeCache: size=245760Kb used=23039Kb max_used=23039Kb free=222720Kb
 bounds [0x0000000002870000, 0x0000000003f10000, 0x0000000011870000]
 total_blobs=6759 nmethods=6266 adapters=405
 compilation: enabled

Compilation events (10 events):
Event: 355.166 Thread 0x000000001e19c800 nmethod 7474 0x0000000003b20150 code [0x0000000003b202a0, 0x0000000003b203b8]
Event: 355.166 Thread 0x000000001e1a7800 nmethod 7470 0x0000000003b223d0 code [0x0000000003b225a0, 0x0000000003b22df8]
Event: 355.166 Thread 0x000000001e1a7800 7471   !   3       sun.nio.ch.IOUtil::read (93 bytes)
Event: 355.166 Thread 0x000000001e1a7800 nmethod 7471 0x0000000003b21610 code [0x0000000003b21800, 0x0000000003b22078]
Event: 355.166 Thread 0x000000001e1a7800 7472       3       sun.nio.ch.IOUtil::readIntoNativeBuffer (137 bytes)
Event: 355.167 Thread 0x000000001e1a7800 nmethod 7472 0x0000000003b20790 code [0x0000000003b20960, 0x0000000003b21348]
Event: 355.167 Thread 0x000000001e1a7800 7473       3       sun.nio.ch.SocketDispatcher::read (8 bytes)
Event: 355.167 Thread 0x000000001e1a7800 nmethod 7473 0x0000000003b1fdd0 code [0x0000000003b1ff40, 0x0000000003b200c8]
Event: 355.167 Thread 0x000000001e1a7800 7477       1       org.jvnet.hk2.internal.ServiceLocatorImpl::getNeutralContextClassLoader (5 bytes)
Event: 355.167 Thread 0x000000001e1a7800 nmethod 7477 0x0000000003b1fb10 code [0x0000000003b1fc60, 0x0000000003b1fd70]

GC Heap History (10 events):
Event: 11.221 GC heap before
{Heap before GC invocations=8 (full 1):
 PSYoungGen      total 100864K, used 100746K [0x000000076b400000, 0x0000000772680000, 0x00000007c0000000)
  eden space 86528K, 100% used [0x000000076b400000,0x0000000770880000,0x0000000770880000)
  from space 14336K, 99% used [0x0000000771780000,0x0000000772562b30,0x0000000772580000)
  to   space 15360K, 0% used [0x0000000770880000,0x0000000770880000,0x0000000771780000)
 ParOldGen       total 122368K, used 14835K [0x00000006c1c00000, 0x00000006c9380000, 0x000000076b400000)
  object space 122368K, 12% used [0x00000006c1c00000,0x00000006c2a7cd00,0x00000006c9380000)
 Metaspace       used 28567K, capacity 29328K, committed 29696K, reserved 1075200K
  class space    used 3259K, capacity 3461K, committed 3584K, reserved 1048576K
Event: 11.262 GC heap after
Heap after GC invocations=8 (full 1):
 PSYoungGen      total 101888K, used 15339K [0x000000076b400000, 0x0000000775400000, 0x00000007c0000000)
  eden space 86528K, 0% used [0x000000076b400000,0x000000076b400000,0x0000000770880000)
  from space 15360K, 99% used [0x0000000770880000,0x000000077177adf8,0x0000000771780000)
  to   space 21504K, 0% used [0x0000000773f00000,0x0000000773f00000,0x0000000775400000)
 ParOldGen       total 122368K, used 23706K [0x00000006c1c00000, 0x00000006c9380000, 0x000000076b400000)
  object space 122368K, 19% used [0x00000006c1c00000,0x00000006c3326938,0x00000006c9380000)
 Metaspace       used 28567K, capacity 29328K, committed 29696K, reserved 1075200K
  class space    used 3259K, capacity 3461K, committed 3584K, reserved 1048576K
}
Event: 11.794 GC heap before
{Heap before GC invocations=9 (full 1):
 PSYoungGen      total 101888K, used 101867K [0x000000076b400000, 0x0000000775400000, 0x00000007c0000000)
  eden space 86528K, 100% used [0x000000076b400000,0x0000000770880000,0x0000000770880000)
  from space 15360K, 99% used [0x0000000770880000,0x000000077177adf8,0x0000000771780000)
  to   space 21504K, 0% used [0x0000000773f00000,0x0000000773f00000,0x0000000775400000)
 ParOldGen       total 122368K, used 23711K [0x00000006c1c00000, 0x00000006c9380000, 0x000000076b400000)
  object space 122368K, 19% used [0x00000006c1c00000,0x00000006c3327fa8,0x00000006c9380000)
 Metaspace       used 28594K, capacity 29328K, committed 29696K, reserved 1075200K
  class space    used 3259K, capacity 3461K, committed 3584K, reserved 1048576K
Event: 11.904 GC heap after
Heap after GC invocations=9 (full 1):
 PSYoungGen      total 132096K, used 21491K [0x000000076b400000, 0x0000000778480000, 0x00000007c0000000)
  eden space 110592K, 0% used [0x000000076b400000,0x000000076b400000,0x0000000772000000)
  from space 21504K, 99% used [0x0000000773f00000,0x00000007753fcc50,0x0000000775400000)
  to   space 31744K, 0% used [0x0000000772000000,0x0000000772000000,0x0000000773f00000)
 ParOldGen       total 122368K, used 41858K [0x00000006c1c00000, 0x00000006c9380000, 0x000000076b400000)
  object space 122368K, 34% used [0x00000006c1c00000,0x00000006c44e0b50,0x00000006c9380000)
 Metaspace       used 28594K, capacity 29328K, committed 29696K, reserved 1075200K
  class space    used 3259K, capacity 3461K, committed 3584K, reserved 1048576K
}
Event: 13.367 GC heap before
{Heap before GC invocations=10 (full 1):
 PSYoungGen      total 132096K, used 132083K [0x000000076b400000, 0x0000000778480000, 0x00000007c0000000)
  eden space 110592K, 100% used [0x000000076b400000,0x0000000772000000,0x0000000772000000)
  from space 21504K, 99% used [0x0000000773f00000,0x00000007753fcc50,0x0000000775400000)
  to   space 31744K, 0% used [0x0000000772000000,0x0000000772000000,0x0000000773f00000)
 ParOldGen       total 122368K, used 41865K [0x00000006c1c00000, 0x00000006c9380000, 0x000000076b400000)
  object space 122368K, 34% used [0x00000006c1c00000,0x00000006c44e2638,0x00000006c9380000)
 Metaspace       used 30905K, capacity 31766K, committed 32000K, reserved 1077248K
  class space    used 3538K, capacity 3800K, committed 3840K, reserved 1048576K
Event: 13.432 GC heap after
Heap after GC invocations=10 (full 1):
 PSYoungGen      total 142336K, used 31729K [0x000000076b400000, 0x000000077a000000, 0x00000007c0000000)
  eden space 110592K, 0% used [0x000000076b400000,0x000000076b400000,0x0000000772000000)
  from space 31744K, 99% used [0x0000000772000000,0x0000000773efc598,0x0000000773f00000)
  to   space 41472K, 0% used [0x0000000777780000,0x0000000777780000,0x000000077a000000)
 ParOldGen       total 122368K, used 55267K [0x00000006c1c00000, 0x00000006c9380000, 0x000000076b400000)
  object space 122368K, 45% used [0x00000006c1c00000,0x00000006c51f8e88,0x00000006c9380000)
 Metaspace       used 30905K, capacity 31766K, committed 32000K, reserved 1077248K
  class space    used 3538K, capacity 3800K, committed 3840K, reserved 1048576K
}
Event: 14.085 GC heap before
{Heap before GC invocations=11 (full 1):
 PSYoungGen      total 142336K, used 58614K [0x000000076b400000, 0x000000077a000000, 0x00000007c0000000)
  eden space 110592K, 24% used [0x000000076b400000,0x000000076ce41500,0x0000000772000000)
  from space 31744K, 99% used [0x0000000772000000,0x0000000773efc598,0x0000000773f00000)
  to   space 41472K, 0% used [0x0000000777780000,0x0000000777780000,0x000000077a000000)
 ParOldGen       total 122368K, used 55267K [0x00000006c1c00000, 0x00000006c9380000, 0x000000076b400000)
  object space 122368K, 45% used [0x00000006c1c00000,0x00000006c51f8e88,0x00000006c9380000)
 Metaspace       used 34183K, capacity 35288K, committed 35456K, reserved 1081344K
  class space    used 4039K, capacity 4357K, committed 4480K, reserved 1048576K
Event: 14.107 GC heap after
Heap after GC invocations=11 (full 1):
 PSYoungGen      total 198144K, used 8577K [0x000000076b400000, 0x0000000779f00000, 0x00000007c0000000)
  eden space 157696K, 0% used [0x000000076b400000,0x000000076b400000,0x0000000774e00000)
  from space 40448K, 21% used [0x0000000777780000,0x0000000777fe0670,0x0000000779f00000)
  to   space 41472K, 0% used [0x0000000774e00000,0x0000000774e00000,0x0000000777680000)
 ParOldGen       total 122368K, used 68082K [0x00000006c1c00000, 0x00000006c9380000, 0x000000076b400000)
  object space 122368K, 55% used [0x00000006c1c00000,0x00000006c5e7c8d0,0x00000006c9380000)
 Metaspace       used 34183K, capacity 35288K, committed 35456K, reserved 1081344K
  class space    used 4039K, capacity 4357K, committed 4480K, reserved 1048576K
}
Event: 14.107 GC heap before
{Heap before GC invocations=12 (full 2):
 PSYoungGen      total 198144K, used 8577K [0x000000076b400000, 0x0000000779f00000, 0x00000007c0000000)
  eden space 157696K, 0% used [0x000000076b400000,0x000000076b400000,0x0000000774e00000)
  from space 40448K, 21% used [0x0000000777780000,0x0000000777fe0670,0x0000000779f00000)
  to   space 41472K, 0% used [0x0000000774e00000,0x0000000774e00000,0x0000000777680000)
 ParOldGen       total 122368K, used 68082K [0x00000006c1c00000, 0x00000006c9380000, 0x000000076b400000)
  object space 122368K, 55% used [0x00000006c1c00000,0x00000006c5e7c8d0,0x00000006c9380000)
 Metaspace       used 34183K, capacity 35288K, committed 35456K, reserved 1081344K
  class space    used 4039K, capacity 4357K, committed 4480K, reserved 1048576K
Event: 14.184 GC heap after
Heap after GC invocations=12 (full 2):
 PSYoungGen      total 198144K, used 0K [0x000000076b400000, 0x0000000779f00000, 0x00000007c0000000)
  eden space 157696K, 0% used [0x000000076b400000,0x000000076b400000,0x0000000774e00000)
  from space 40448K, 0% used [0x0000000777780000,0x0000000777780000,0x0000000779f00000)
  to   space 41472K, 0% used [0x0000000774e00000,0x0000000774e00000,0x0000000777680000)
 ParOldGen       total 180224K, used 30195K [0x00000006c1c00000, 0x00000006ccc00000, 0x000000076b400000)
  object space 180224K, 16% used [0x00000006c1c00000,0x00000006c397cf10,0x00000006ccc00000)
 Metaspace       used 34183K, capacity 35288K, committed 35456K, reserved 1081344K
  class space    used 4039K, capacity 4357K, committed 4480K, reserved 1048576K
}

Deoptimization events (10 events):
Event: 328.280 Thread 0x000000001fbd7000 Uncommon trap: reason=class_check action=maybe_recompile pc=0x0000000003574eb4 method=java.lang.StringCoding$StringDecoder.decode([BII)[C @ 30
Event: 328.280 Thread 0x000000001fbd7000 Uncommon trap: reason=class_check action=maybe_recompile pc=0x0000000003574eb4 method=java.lang.StringCoding$StringDecoder.decode([BII)[C @ 30
Event: 328.984 Thread 0x000000001fbd7000 Uncommon trap: reason=speculate_class_check action=maybe_recompile pc=0x0000000003e01144 method=java.util.AbstractList.listIterator()Ljava/util/ListIterator; @ 2
Event: 331.911 Thread 0x000000001fbdb800 Uncommon trap: reason=class_check action=maybe_recompile pc=0x0000000003020ef4 method=java.util.Collections$UnmodifiableMap$UnmodifiableEntrySet$1.next()Ljava/util/Map$Entry; @ 8
Event: 331.911 Thread 0x000000001fbdb800 Uncommon trap: reason=class_check action=maybe_recompile pc=0x00000000030289c8 method=java.util.Collections$UnmodifiableMap$UnmodifiableEntrySet$UnmodifiableEntry.getKey()Ljava/lang/Object; @ 4
Event: 331.911 Thread 0x000000001fbdb800 Uncommon trap: reason=class_check action=maybe_recompile pc=0x00000000030297c8 method=java.util.Collections$UnmodifiableMap$UnmodifiableEntrySet$UnmodifiableEntry.getValue()Ljava/lang/Object; @ 4
Event: 331.918 Thread 0x000000001fbdb800 Uncommon trap: reason=speculate_class_check action=maybe_recompile pc=0x0000000003e01144 method=java.util.AbstractList.listIterator()Ljava/util/ListIterator; @ 2
Event: 334.811 Thread 0x000000001fbd5800 Uncommon trap: reason=class_check action=maybe_recompile pc=0x0000000003020ef4 method=java.util.Collections$UnmodifiableMap$UnmodifiableEntrySet$1.next()Ljava/util/Map$Entry; @ 8
Event: 334.811 Thread 0x000000001fbd5800 Uncommon trap: reason=class_check action=maybe_recompile pc=0x00000000030289c8 method=java.util.Collections$UnmodifiableMap$UnmodifiableEntrySet$UnmodifiableEntry.getKey()Ljava/lang/Object; @ 4
Event: 334.812 Thread 0x000000001fbd5800 Uncommon trap: reason=class_check action=maybe_recompile pc=0x00000000030297c8 method=java.util.Collections$UnmodifiableMap$UnmodifiableEntrySet$UnmodifiableEntry.getValue()Ljava/lang/Object; @ 4

Classes redefined (0 events):
No events

Internal exceptions (10 events):
Event: 10.943 Thread 0x0000000002772800 Exception <a 'java/lang/ClassNotFoundException': sun/net/www/protocol/c/Handler> (0x000000076efcd6a0) thrown at [C:\re\workspace\8-2-build-windows-amd64-cygwin\jdk8u181\11358\hotspot\src\share\vm\classfile\systemDictionary.cpp, line 210]
Event: 11.062 Thread 0x000000001fbda000 Implicit null exception at 0x0000000003560459 to 0x0000000003560c3d
Event: 11.062 Thread 0x000000001fbd9000 Implicit null exception at 0x0000000003560459 to 0x0000000003560c3d
Event: 11.062 Thread 0x000000001fbdb800 Implicit null exception at 0x0000000003560459 to 0x0000000003560c3d
Event: 11.062 Thread 0x0000000022d82800 Implicit null exception at 0x000000000357390c to 0x0000000003574009
Event: 11.062 Thread 0x000000001fbd7800 Implicit null exception at 0x0000000003560459 to 0x0000000003560c3d
Event: 13.287 Thread 0x0000000002772800 Exception <a 'java/lang/NoSuchFieldError': method resolution failed> (0x0000000771d46690) thrown at [C:\re\workspace\8-2-build-windows-amd64-cygwin\jdk8u181\11358\hotspot\src\share\vm\prims\methodHandles.cpp, line 1167]
Event: 13.290 Thread 0x0000000002772800 Exception <a 'java/lang/NoSuchFieldError': method resolution failed> (0x0000000771d54120) thrown at [C:\re\workspace\8-2-build-windows-amd64-cygwin\jdk8u181\11358\hotspot\src\share\vm\prims\methodHandles.cpp, line 1167]
Event: 14.449 Thread 0x0000000002772800 Exception <a 'java/lang/NoSuchMethodError': java.lang.Object.lambda$and$0(Ljava/util/function/Predicate;Ljava/lang/Object;)Z> (0x000000076c077fc0) thrown at [C:\re\workspace\8-2-build-windows-amd64-cygwin\jdk8u181\11358\hotspot\src\share\vm\interpreter\li
Event: 14.522 Thread 0x0000000002772800 Exception <a 'java/lang/NoSuchMethodError': java.lang.Object.lambda$comparingInt$7b0bb60$1(Ljava/util/function/ToIntFunction;Ljava/lang/Object;Ljava/lang/Object;)I> (0x000000076c3f5cf0) thrown at [C:\re\workspace\8-2-build-windows-amd64-cygwin\jdk8u181\11

Events (10 events):
Event: 331.918 Thread 0x000000001fbdb800 DEOPT UNPACKING pc=0x00000000028b583b sp=0x0000000025ffdcc8 mode 2
Event: 334.811 Thread 0x000000001fbd5800 Uncommon trap: trap_request=0xffffffde fr.pc=0x0000000003020ef4
Event: 334.811 Thread 0x000000001fbd5800 DEOPT PACKING pc=0x0000000003020ef4 sp=0x00000000261fd140
Event: 334.811 Thread 0x000000001fbd5800 DEOPT UNPACKING pc=0x00000000028b583b sp=0x00000000261fd088 mode 2
Event: 334.811 Thread 0x000000001fbd5800 Uncommon trap: trap_request=0xffffffde fr.pc=0x00000000030289c8
Event: 334.811 Thread 0x000000001fbd5800 DEOPT PACKING pc=0x00000000030289c8 sp=0x00000000261fd160
Event: 334.812 Thread 0x000000001fbd5800 DEOPT UNPACKING pc=0x00000000028b583b sp=0x00000000261fd0f0 mode 2
Event: 334.812 Thread 0x000000001fbd5800 Uncommon trap: trap_request=0xffffffde fr.pc=0x00000000030297c8
Event: 334.812 Thread 0x000000001fbd5800 DEOPT PACKING pc=0x00000000030297c8 sp=0x00000000261fd160
Event: 334.812 Thread 0x000000001fbd5800 DEOPT UNPACKING pc=0x00000000028b583b sp=0x00000000261fd0f0 mode 2


Dynamic libraries:
0x00007ff77a250000 - 0x00007ff77a287000 	C:\Program Files\Java\jdk1.8.0_181\bin\java.exe
0x00007ff8234d0000 - 0x00007ff8236b1000 	C:\WINDOWS\SYSTEM32\ntdll.dll
0x00007ff823160000 - 0x00007ff823212000 	C:\WINDOWS\System32\KERNEL32.DLL
0x00007ff81faa0000 - 0x00007ff81fd13000 	C:\WINDOWS\System32\KERNELBASE.dll
0x00007ff8227b0000 - 0x00007ff822851000 	C:\WINDOWS\System32\ADVAPI32.dll
0x00007ff822710000 - 0x00007ff8227ae000 	C:\WINDOWS\System32\msvcrt.dll
0x00007ff822580000 - 0x00007ff8225db000 	C:\WINDOWS\System32\sechost.dll
0x00007ff8225e0000 - 0x00007ff822704000 	C:\WINDOWS\System32\RPCRT4.dll
0x00007ff823220000 - 0x00007ff8233b0000 	C:\WINDOWS\System32\USER32.dll
0x00007ff81fd70000 - 0x00007ff81fd90000 	C:\WINDOWS\System32\win32u.dll
0x00007ff822550000 - 0x00007ff822578000 	C:\WINDOWS\System32\GDI32.dll
0x00007ff820690000 - 0x00007ff820822000 	C:\WINDOWS\System32\gdi32full.dll
0x00007ff81f900000 - 0x00007ff81f99f000 	C:\WINDOWS\System32\msvcp_win.dll
0x00007ff81f9a0000 - 0x00007ff81fa9a000 	C:\WINDOWS\System32\ucrtbase.dll
0x00007ff8168f0000 - 0x00007ff816b59000 	C:\WINDOWS\WinSxS\amd64_microsoft.windows.common-controls_6595b64144ccf1df_6.0.17134.407_none_fb449d63306391e9\COMCTL32.dll
0x00007ff822020000 - 0x00007ff822342000 	C:\WINDOWS\System32\combase.dll
0x00007ff820830000 - 0x00007ff8208aa000 	C:\WINDOWS\System32\bcryptPrimitives.dll
0x00007ff822f00000 - 0x00007ff822f2d000 	C:\WINDOWS\System32\IMM32.DLL
0x0000000052370000 - 0x0000000052442000 	C:\Program Files\Java\jdk1.8.0_181\jre\bin\msvcr100.dll
0x0000000052830000 - 0x00000000530d2000 	C:\Program Files\Java\jdk1.8.0_181\jre\bin\server\jvm.dll
0x00007ff822860000 - 0x00007ff822868000 	C:\WINDOWS\System32\PSAPI.DLL
0x00007ff816720000 - 0x00007ff816729000 	C:\WINDOWS\SYSTEM32\WSOCK32.dll
0x00007ff81bb00000 - 0x00007ff81bb0a000 	C:\WINDOWS\SYSTEM32\VERSION.dll
0x00007ff81c680000 - 0x00007ff81c6a3000 	C:\WINDOWS\SYSTEM32\WINMM.dll
0x00007ff823430000 - 0x00007ff82349c000 	C:\WINDOWS\System32\WS2_32.dll
0x00007ff81c650000 - 0x00007ff81c67a000 	C:\WINDOWS\SYSTEM32\winmmbase.dll
0x00007ff81fd20000 - 0x00007ff81fd69000 	C:\WINDOWS\System32\cfgmgr32.dll
0x0000000053ec0000 - 0x0000000053ecf000 	C:\Program Files\Java\jdk1.8.0_181\jre\bin\verify.dll
0x0000000053e90000 - 0x0000000053eb9000 	C:\Program Files\Java\jdk1.8.0_181\jre\bin\java.dll
0x0000000053e70000 - 0x0000000053e86000 	C:\Program Files\Java\jdk1.8.0_181\jre\bin\zip.dll
0x00007ff820960000 - 0x00007ff821d9f000 	C:\WINDOWS\System32\SHELL32.dll
0x00007ff822870000 - 0x00007ff822919000 	C:\WINDOWS\System32\shcore.dll
0x00007ff81fd90000 - 0x00007ff82049d000 	C:\WINDOWS\System32\windows.storage.dll
0x00007ff821fb0000 - 0x00007ff822001000 	C:\WINDOWS\System32\shlwapi.dll
0x00007ff81f820000 - 0x00007ff81f831000 	C:\WINDOWS\System32\kernel.appcore.dll
0x00007ff81f800000 - 0x00007ff81f81f000 	C:\WINDOWS\System32\profapi.dll
0x00007ff81f850000 - 0x00007ff81f89c000 	C:\WINDOWS\System32\powrprof.dll
0x00007ff81f840000 - 0x00007ff81f84a000 	C:\WINDOWS\System32\FLTLIB.DLL
0x00007ff81ba40000 - 0x00007ff81ba4a000 	D:\Programmi\apache-maven-3.6.0-bin\apache-maven-3.6.0\lib\jansi-native\windows64\jansi.dll
0x00000000533d0000 - 0x00000000533ea000 	C:\Program Files\Java\jdk1.8.0_181\jre\bin\net.dll
0x00007ff81f050000 - 0x00007ff81f0b6000 	C:\WINDOWS\system32\mswsock.dll
0x0000000052810000 - 0x0000000052821000 	C:\Program Files\Java\jdk1.8.0_181\jre\bin\nio.dll
0x0000000052760000 - 0x000000005276d000 	C:\Program Files\Java\jdk1.8.0_181\jre\bin\management.dll
0x00007ff81f220000 - 0x00007ff81f237000 	C:\WINDOWS\SYSTEM32\CRYPTSP.dll
0x00007ff81ec40000 - 0x00007ff81ec73000 	C:\WINDOWS\system32\rsaenh.dll
0x00007ff81f340000 - 0x00007ff81f365000 	C:\WINDOWS\SYSTEM32\bcrypt.dll
0x00007ff81f710000 - 0x00007ff81f738000 	C:\WINDOWS\SYSTEM32\USERENV.dll
0x00007ff81f210000 - 0x00007ff81f21b000 	C:\WINDOWS\SYSTEM32\CRYPTBASE.dll
0x00007ff81ede0000 - 0x00007ff81ee18000 	C:\WINDOWS\SYSTEM32\IPHLPAPI.DLL
0x00007ff822010000 - 0x00007ff822018000 	C:\WINDOWS\System32\NSI.dll
0x00007ff818110000 - 0x00007ff818126000 	C:\WINDOWS\SYSTEM32\dhcpcsvc6.DLL
0x00007ff8172d0000 - 0x00007ff8172ea000 	C:\WINDOWS\SYSTEM32\dhcpcsvc.DLL
0x00007ffff0f70000 - 0x00007ffff0fa6000 	D:\github\plathea\jaxrs-jersey-server-generated\src\main\java\io\core\InterfaceJNI_DLL.dll
0x00007fffba740000 - 0x00007fffba834000 	C:\WINDOWS\SYSTEM32\MSVCP140D.dll
0x00007fffecb40000 - 0x00007fffecb61000 	C:\WINDOWS\SYSTEM32\VCRUNTIME140D.dll
0x00007fffb9360000 - 0x00007fffb951d000 	C:\WINDOWS\SYSTEM32\ucrtbased.dll
0x00007fffb7ed0000 - 0x00007fffb82aa000 	D:\github\plathea\jaxrs-jersey-server-generated\PlatheaDLL.dll
0x00007ff822d70000 - 0x00007ff822e5d000 	C:\WINDOWS\System32\COMDLG32.dll
0x00007ff823000000 - 0x00007ff823151000 	C:\WINDOWS\System32\ole32.dll
0x00007fffb9250000 - 0x00007fffb9358000 	D:\github\plathea\jaxrs-jersey-server-generated\opencv_video310d.dll
0x00007fffe44e0000 - 0x00007fffe4546000 	D:\github\plathea\jaxrs-jersey-server-generated\opencv_highgui310d.dll
0x00007fffb7410000 - 0x00007fffb75bc000 	D:\github\plathea\jaxrs-jersey-server-generated\opencv_ml310d.dll
0x00007fffafb40000 - 0x00007fffb0ade000 	D:\github\plathea\jaxrs-jersey-server-generated\opencv_core310d.dll
0x00007fffbc100000 - 0x00007fffbc1b2000 	D:\github\plathea\jaxrs-jersey-server-generated\opencv_videoio310d.dll
0x00007ff822f30000 - 0x00007ff822ff2000 	C:\WINDOWS\System32\OLEAUT32.dll
0x00007fffb15f0000 - 0x00007fffb19c4000 	D:\github\plathea\jaxrs-jersey-server-generated\opencv_calib3d310d.dll
0x00007fffb1450000 - 0x00007fffb15e4000 	D:\github\plathea\jaxrs-jersey-server-generated\opencv_objdetect310d.dll
0x00007fffad970000 - 0x00007fffafb3b000 	D:\github\plathea\jaxrs-jersey-server-generated\opencv_imgproc310d.dll
0x00007fffba680000 - 0x00007fffba736000 	C:\WINDOWS\SYSTEM32\CONCRT140D.dll
0x00007fffad410000 - 0x00007fffad96e000 	D:\github\plathea\jaxrs-jersey-server-generated\opencv_imgcodecs310d.dll
0x00007fffe97a0000 - 0x00007fffe97c9000 	C:\WINDOWS\SYSTEM32\MSVFW32.dll
0x00007ff80aa50000 - 0x00007ff80aa6f000 	C:\WINDOWS\SYSTEM32\AVIFIL32.dll
0x00007ffff0f20000 - 0x00007ffff0f38000 	C:\WINDOWS\SYSTEM32\AVICAP32.dll
0x00007ffff9090000 - 0x00007ffff90ac000 	C:\WINDOWS\SYSTEM32\MSACM32.dll
0x00007fffb1220000 - 0x00007fffb1445000 	D:\github\plathea\jaxrs-jersey-server-generated\opencv_features2d310d.dll
0x00007fffb6be0000 - 0x00007fffb6d5d000 	D:\github\plathea\jaxrs-jersey-server-generated\opencv_flann310d.dll
0x00007fffba2d0000 - 0x00007fffba355000 	C:\WINDOWS\SYSTEM32\OpenCL.dll
0x00007fffabde0000 - 0x00007fffad40d000 	C:\WINDOWS\System32\nvopencl.dll
0x00007ff822920000 - 0x00007ff822d6b000 	C:\WINDOWS\System32\SETUPAPI.dll
0x00007fffb1100000 - 0x00007fffb121f000 	C:\WINDOWS\SYSTEM32\nvfatbinaryLoader.dll
0x00007ff81dce0000 - 0x00007ff81dd78000 	C:\WINDOWS\system32\uxtheme.dll
0x00007ff81f5f0000 - 0x00007ff81f617000 	C:\WINDOWS\SYSTEM32\DEVOBJ.dll
0x00007ff81f8a0000 - 0x00007ff81f8f7000 	C:\WINDOWS\System32\WINTRUST.dll
0x00007ff81f7e0000 - 0x00007ff81f7f2000 	C:\WINDOWS\System32\MSASN1.dll
0x00007ff8204a0000 - 0x00007ff820682000 	C:\WINDOWS\System32\CRYPT32.dll
0x00007ff816de0000 - 0x00007ff817260000 	C:\WINDOWS\system32\nvapi64.dll
0x00007ff81e5a0000 - 0x00007ff81e65b000 	C:\WINDOWS\SYSTEM32\dxgi.dll
0x00007fffde520000 - 0x00007fffde582000 	C:\WINDOWS\SYSTEM32\IntelOpenCL64.dll
0x00007fffab890000 - 0x00007fffab98d000 	C:\Program Files (x86)\Common Files\Intel\OpenCL\bin\x64\intelocl64.dll
0x00007ffffc6e0000 - 0x00007ffffc800000 	C:\WINDOWS\SYSTEM32\OPENGL32.dll
0x00007fffb90b0000 - 0x00007fffb9126000 	C:\Program Files (x86)\Common Files\Intel\OpenCL\bin\x64\task_executor64.dll
0x00007ffffc650000 - 0x00007ffffc67c000 	C:\WINDOWS\SYSTEM32\GLU32.dll
0x00007ff81e8d0000 - 0x00007ff81e901000 	C:\WINDOWS\SYSTEM32\ntmarta.dll
0x00007fffabd40000 - 0x00007fffabdd5000 	C:\Program Files (x86)\Common Files\Intel\OpenCL\bin\x64\cpu_device64.dll
0x00007fffbcb80000 - 0x00007fffbcbe9000 	C:\Program Files (x86)\Common Files\Intel\OpenCL\bin\x64\tbb\tbb.dll
0x00007fffab690000 - 0x00007fffab884000 	C:\WINDOWS\SYSTEM32\igdrcl64.dll
0x00007fffaa0a0000 - 0x00007fffab682000 	C:\WINDOWS\SYSTEM32\igdfcl64.dll
0x00007ff811490000 - 0x00007ff811659000 	C:\WINDOWS\SYSTEM32\dbghelp.dll
0x00007fffd3870000 - 0x00007fffd38cf000 	C:\WINDOWS\SYSTEM32\igdbcl64.dll
0x00007ff818e00000 - 0x00007ff819264000 	C:\WINDOWS\SYSTEM32\igdusc64.dll
0x0000000066840000 - 0x0000000067b0b000 	D:\github\plathea\jaxrs-jersey-server-generated\opencv_ffmpeg310_64.dll

VM Arguments:
jvm_args: -Dclassworlds.conf=D:\Programmi\apache-maven-3.6.0-bin\apache-maven-3.6.0\bin\..\bin\m2.conf -Dmaven.home=D:\Programmi\apache-maven-3.6.0-bin\apache-maven-3.6.0\bin\.. -Dlibrary.jansi.path=D:\Programmi\apache-maven-3.6.0-bin\apache-maven-3.6.0\bin\..\lib\jansi-native -Dmaven.multiModuleProjectDirectory=D:\github\plathea\jaxrs-jersey-server-generated 
java_command: org.codehaus.plexus.classworlds.launcher.Launcher clean package jetty:run
java_class_path (initial): D:\Programmi\apache-maven-3.6.0-bin\apache-maven-3.6.0\bin\..\boot\plexus-classworlds-2.5.2.jar
Launcher Type: SUN_STANDARD

Environment Variables:
JAVA_HOME=C:\Program Files\Java\jdk1.8.0_181
PATH=C:\Program Files (x86)\Common Files\Oracle\Java\javapath;C:\Users\jack1\Desktop\plathea-code-22-trunk\plathea-code-22-trunk\opencv-master\build\install_release\x64\vc12\bin;C:\WINDOWS\system32;C:\WINDOWS;C:\WINDOWS\System32\Wbem;C:\WINDOWS\System32\WindowsPowerShell\v1.0\;C:\Program Files\Git\cmd;C:\Program Files\nodejs\;C:\Program Files\PuTTY\;C:\Users\jack1\AppData\Local\Microsoft\WindowsApps;C:\Users\jack1\AppData\Roaming\npm;C:\Users\jack1\AppData\Local\atom\bin;C:\adb;C:\WINDOWS\system32;C:\WINDOWS;C:\WINDOWS\System32\Wbem;C:\WINDOWS\System32\WindowsPowerShell\v1.0\;C:\WINDOWS\System32\OpenSSH\;C:\Users\jack1\Desktop\plathea-code-22-trunk\plathea-code-22-trunk\opencv-master\build\install_debug\x64\vc12\bin;C:\Users\jack1\AppData\Local\Microsoft\WindowsApps;C:\Users\jack1\AppData\Roaming\npm;C:\Users\jack1\AppData\Local\atom\bin;C:\Users\jack1\AppData\Local\Microsoft\WindowsApps;C:\Program Files\LLVM\bin;C:\ProgramData\jack1\atom\bin;C:\Program Files\Java\jdk1.8.0_181\bin;C:\Program Files\mingw-w64\x86_64-8.1.0-win32-seh-rt_v6-rev0\mingw64\bin;D:\Programmi\apache-maven-3.6.0-bin\apache-maven-3.6.0\bin;D:\github\plathea\LeoStormLibrary\LeoStormWindowsLib;D:\github\plathea\jaxrs-jersey-server-generated;
USERNAME=jack1
OS=Windows_NT
PROCESSOR_IDENTIFIER=Intel64 Family 6 Model 58 Stepping 9, GenuineIntel



---------------  S Y S T E M  ---------------

OS: Windows 10.0 , 64 bit Build 17134 (10.0.17134.1)

CPU:total 8 (initial active 8) (4 cores per cpu, 2 threads per core) family 6 model 58 stepping 9, cmov, cx8, fxsr, mmx, sse, sse2, sse3, ssse3, sse4.1, sse4.2, popcnt, avx, aes, clmul, erms, ht, tsc, tscinvbit, tscinv

Memory: 4k page, physical 16659944k(7755244k free), swap 19150312k(7270560k free)

vm_info: Java HotSpot(TM) 64-Bit Server VM (25.181-b13) for windows-amd64 JRE (1.8.0_181-b13), built on Jul  7 2018 04:01:33 by "java_re" with MS VC++ 10.0 (VS2010)

time: Sat Dec 08 12:31:53 2018
elapsed time: 355 seconds (0d 0h 5m 55s)

